<t:test-suite xmlns:t='http://xproc.org/ns/testsuite'>
<t:title>All tests</t:title>
<!--<t:test href='required/delete-001.xml'/>
<t:test href='required/add-attribute-001.xml'/>
<t:test href='required/declare-step-011.xml'/>
<t:test href='required/add-attribute-002.xml'/>
<t:test href='required/delete-002.xml'/>
<t:test href='required/add-attribute-003.xml'/>
<t:test href='required/err-c0002-001.xml'/>
<t:test href='required/add-attribute-004.xml'/>
<t:test href='required/err-c0003-001.xml'/>
<t:test href='required/add-attribute-005.xml'/>
<t:test href='required/err-c0003-002.xml'/>
<t:test href='required/add-attribute-006.xml'/>
<t:test href='required/err-c0004-001.xml'/>
<t:test href='required/add-attribute-007.xml'/>
<t:test href='required/err-c0005-001.xml'/>
<t:test href='required/add-xml-base-001.xml'/>
<t:test href='required/err-c0005-002.xml'/>
<t:test href='required/add-xml-base-002.xml'/>
<t:test href='required/err-c0006-001.xml'/>
<t:test href='required/add-xml-base-003.xml'/>
<t:test href='required/err-c0010-001.xml'/>
<t:test href='required/add-xml-base-004.xml'/>
<t:test href='required/err-c0010-002.xml'/>
<t:test href='required/add-xml-base-005.xml'/>
<t:test href='required/err-c0012-001.xml'/>
<t:test href='required/add-xml-base-006.xml'/>
<t:test href='required/err-c0013-001.xml'/>
<t:test href='required/err-c0014-001.xml'/>
<t:test href='required/base-uri-001.xml'/>
<t:test href='required/err-c0014-002.xml'/>
<t:test href='required/base-uri-002.xml'/>
<t:test href='required/err-c0017-001.xml'/>
<t:test href='required/base-uri-003.xml'/>
<t:test href='required/err-c0019-001.xml'/>
<t:test href='required/choose-001.xml'/>
<t:test href='required/err-c0020-001.xml'/>
<t:test href='required/choose-002.xml'/>
<t:test href='required/err-c0020-003.xml'/>
<t:test href='required/choose-003.xml'/>
<t:test href='required/err-c0020-004.xml'/>
<t:test href='required/choose-004.xml'/>
<t:test href='required/err-c0020-005.xml'/>
<t:test href='required/choose-005.xml'/>
<t:test href='required/err-c0020-006.xml'/>
<t:test href='required/choose-006.xml'/>
<t:test href='required/err-c0020-007.xml'/>
<t:test href='required/choose-007.xml'/>
<t:test href='required/err-c0022-001.xml'/>
<t:test href='required/choose-008.xml'/>
<t:test href='required/err-c0023-001.xml'/>
<t:test href='required/compare-001.xml'/>
<t:test href='required/err-c0023-002.xml'/>
<t:test href='required/compare-002.xml'/>
<t:test href='required/err-c0023-003.xml'/>
<t:test href='required/compare-003.xml'/>
<t:test href='required/err-c0023-004.xml'/>
<t:test href='required/compare-004.xml'/>
<t:test href='required/err-c0023-005.xml'/>
<t:test href='required/compare-005.xml'/>
<t:test href='required/err-c0039-001.xml'/>
<t:test href='required/count-001.xml'/>
<t:test href='required/err-c0040-001.xml'/>
<t:test href='required/count-002.xml'/>
<t:test href='required/err-c0050-001.xml'/>
<t:test href='required/count-003.xml'/>
<t:test href='required/err-c0051-001.xml'/>
<t:test href='required/count-004.xml'/>
<t:test href='required/err-c0052-001.xml'/>
<t:test href='required/data-001.xml'/>
<t:test href='required/err-c0052-002.xml'/>
<t:test href='required/data-002.xml'/>
<t:test href='required/err-c0056-001.xml'/>
<t:test href='required/data-003.xml'/>
<t:test href='required/err-c0056-002.xml'/>
<t:test href='required/data-004.xml'/>
<t:test href='required/err-c0058-001.xml'/>
<t:test href='required/data-005.xml'/>
<t:test href='required/err-c0059-001.xml'/>
<t:test href='required/data-006.xml'/>
<t:test href='required/err-c0059-002.xml'/>
<t:test href='required/data-007.xml'/>
<t:test href='required/err-c0062-001.xml'/>
<t:test href='required/data-008.xml'/>
<t:test href='required/err-c0023-006.xml'/>
<t:test href='required/declare-step-001.xml'/>
<t:test href='required/err-c0023-007.xml'/>
<t:test href='required/declare-step-002.xml'/>
<t:test href='required/err-c0023-008.xml'/>
<t:test href='required/declare-step-003.xml'/>
<t:test href='required/err-c0023-009.xml'/>
<t:test href='required/declare-step-004.xml'/>
<t:test href='required/err-c0025-001.xml'/>
<t:test href='required/declare-step-005.xml'/>
<t:test href='required/err-c0025-002.xml'/>
<t:test href='required/declare-step-006.xml'/>
<t:test href='required/err-c0027-001.xml'/>
<t:test href='required/declare-step-007.xml'/>
<t:test href='required/err-c0027-002.xml'/>

<t:test href='required/declare-step-008.xml'/>
<t:test href='required/err-c0027-003.xml'/>
<t:test href='required/declare-step-009.xml'/>
<t:test href='required/err-c0028-001.xml'/>
<t:test href='required/declare-step-010.xml'/>
<t:test href='required/delete-003.xml'/>
<t:test href='required/err-c0029-001.xml'/>
<t:test href='required/delete-004.xml'/>
<t:test href='required/err-c0029-002.xml'/>
<t:test href='required/delete-005.xml'/>
<t:test href='required/ebv-001.xml'/>
<t:test href='required/error-001.xml'/>
<t:test href='required/directory-list-001.xml'/>
<t:test href='required/ebv-002.xml'/>
<t:test href='required/error-002.xml'/>
<t:test href='required/directory-list-002.xml'/>
<t:test href='required/err-c0030-001.xml'/>
<t:test href='required/document-001.xml'/>
<t:test href='required/escape-markup-001.xml'/>
<t:test href='required/error-003.xml'/>
<t:test href='required/err-d0001-001.xml'/>
<t:test href='required/err-d0001-002.xml'/>
<t:test href='required/err-d0003-001.xml'/>
<t:test href='required/err-d0004-001.xml'/>
<t:test href='required/err-d0005-001.xml'/>
<t:test href='required/err-d0006-001.xml'/>
<t:test href='required/err-d0007-001.xml'/>
<t:test href='required/err-d0007-002.xml'/>
<t:test href='required/err-d0007-003.xml'/>
<t:test href='required/err-d0007-004.xml'/>
<t:test href='required/err-d0008-001.xml'/>
<t:test href='required/err-d0009-001.xml'/>
<t:test href='required/err-d0009-002.xml'/>
<t:test href='required/err-d0010-001.xml'/>
<t:test href='required/err-d0011-001.xml'/>
<t:test href='required/err-d0011-002.xml'/>
<t:test href='required/err-d0011-003.xml'/>
<t:test href='required/err-d0012-001.xml'/>
<t:test href='required/err-d0012-002.xml'/>
<t:test href='required/err-d0012-003.xml'/>
<t:test href='required/err-d0013-001.xml'/>
<t:test href='required/err-d0013-002.xml'/>
<t:test href='required/err-d0014-001.xml'/>
<t:test href='required/err-d0014-002.xml'/>
<t:test href='required/err-d0015-001.xml'/>
<t:test href='required/err-d0016-001.xml'/>
<t:test href='required/err-d0016-002.xml'/>
<t:test href='required/err-d0018-001.xml'/>
<t:test href='required/err-d0019-001.xml'/>
<t:test href='required/err-d0019-002.xml'/>
<t:test href='required/err-d0020-001.xml'/>
<t:test href='required/err-d0020-002.xml'/>
<t:test href='required/err-d0021-001.xml'/>
<t:test href='required/err-d0021-002.xml'/>
<t:test href='required/err-d0022-001.xml'/>
<t:test href='required/err-d0023-001.xml'/>
<t:test href='required/err-d0023-002.xml'/>
<t:test href='required/err-d0023-003.xml'/>
<t:test href='required/err-d0023-004.xml'/>
<t:test href='required/err-d0023-005.xml'/>
<t:test href='required/err-d0023-006.xml'/>
<t:test href='required/err-d0023-007.xml'/>
<t:test href='required/err-d0023-008.xml'/>
<t:test href='required/err-d0023-009.xml'/>
<t:test href='required/err-d0025-001.xml'/>
<t:test href='required/err-d0026-001.xml'/>
<t:test href='required/err-d0026-002.xml'/>
<t:test href='required/err-d0026-003.xml'/>
<t:test href='required/err-d0026-004.xml'/>
<t:test href='required/err-d0026-005.xml'/>
<t:test href='required/err-d0027-001.xml'/>
<t:test href='required/err-d0028-001.xml'/>
<t:test href='required/err-d0028-002.xml'/>
<t:test href='required/err-d0028-003.xml'/>
<t:test href='required/err-d0028-004.xml'/>
<t:test href='required/err-d0029-001.xml'/>
<t:test href='required/err-d0029-002.xml'/>
<t:test href='required/err-d0030-001.xml'/>
<t:test href='required/err-d0030-002.xml'/>
<t:test href='required/err-d0031-001.xml'/>
<t:test href='required/err-d0031-002.xml'/>
<t:test href='required/err-d0033-001.xml'/>
<t:test href='required/err-d0033-002.xml'/>
<t:test href='required/err-d0034-001.xml'/>
<t:test href='required/err-d0034-002.xml'/>
<t:test href='required/err-d0034-003.xml'/>
<t:test href='required/err-d0034-004.xml'/>
<t:test href='required/err-d0034-005.xml'/>
<t:test href='required/err-d0034-006.xml'/>
<t:test href='required/err-d0034-007.xml'/>
<t:test href='required/err-d0034-008.xml'/>
<t:test href='required/err-d0034-009.xml'/>
<t:test href='required/err-d0034-010.xml'/>
<t:test href='required/err-d0034-011.xml'/>
<t:test href='required/err-d0034-012.xml'/>
<t:test href='required/err-d0034-013.xml'/>
<t:test href='required/err-d0034-014.xml'/>
<t:test href='required/err-d0034-015.xml'/>
<t:test href='required/err-d0034-016.xml'/>

<t:test href='required/err-d0034-017.xml'/>
<t:test href='required/err-d0034-018.xml'/>
<t:test href='required/err-primary-001.xml'/>
<t:test href='required/err-s0001-001.xml'/>
<t:test href='required/err-s0001-002.xml'/>
<t:test href='required/err-s0001-003.xml'/>
<t:test href='required/err-s0001-004.xml'/>
<t:test href='required/err-s0001-005.xml'/>
<t:test href='required/err-s0001-006.xml'/>
<t:test href='required/err-s0001-007.xml'/>
<t:test href='required/err-s0001-008.xml'/>
<t:test href='required/err-s0001-010.xml'/>
<t:test href='required/err-s0001-011.xml'/>
<t:test href='required/err-s0002-001.xml'/>
<t:test href='required/err-s0002-002.xml'/>
<t:test href='required/err-s0003-001.xml'/>
<t:test href='required/err-s0003-002.xml'/>
<t:test href='required/err-s0003-004.xml'/>
<t:test href='required/err-s0004-001.xml'/>
<t:test href='required/err-s0004-002.xml'/>
<t:test href='required/err-s0004-003.xml'/>
<t:test href='required/err-s0004-004.xml'/>
<t:test href='required/err-s0005-001.xml'/>
<t:test href='required/err-s0005-002.xml'/>
<t:test href='required/err-s0005-003.xml'/>
<t:test href='required/err-s0005-004.xml'/>
<t:test href='required/err-s0005-005.xml'/>
<t:test href='required/err-s0005-006.xml'/>
<t:test href='required/err-s0005-007.xml'/>
<t:test href='required/err-s0005-008.xml'/>
<t:test href='required/err-s0005-009.xml'/>
<t:test href='required/err-s0005-010.xml'/>
<t:test href='required/err-s0005-011.xml'/>
<t:test href='required/err-s0005-012.xml'/>
<t:test href='required/err-s0005-013.xml'/>
<t:test href='required/err-s0006-001.xml'/>
<t:test href='required/err-s0007-001.xml'/>
<t:test href='required/err-s0007-002.xml'/>
<t:test href='required/err-s0007-003.xml'/>
<t:test href='required/err-s0008-001.xml'/>
<t:test href='required/err-s0009-001.xml'/>
<t:test href='required/err-s0009-002.xml'/>
<t:test href='required/err-s0009-004.xml'/>
<t:test href='required/err-s0009-005.xml'/>
<t:test href='required/err-s0010-001.xml'/>
<t:test href='required/err-s0010-002.xml'/>
<t:test href='required/err-s0010-003.xml'/>
<t:test href='required/err-s0011-001.xml'/>
<t:test href='required/err-s0011-002.xml'/>
<t:test href='required/err-s0011-003.xml'/>
<t:test href='required/err-s0011-004.xml'/>
<t:test href='required/err-s0014-001.xml'/>
<t:test href='required/err-s0015-001.xml'/>
<t:test href='required/err-s0017-001.xml'/>
<t:test href='required/err-s0018-001.xml'/>
<t:test href='required/err-s0018-002.xml'/>
<t:test href='required/err-s0018-003.xml'/>
<t:test href='required/err-s0019-001.xml'/>
<t:test href='required/err-s0020-001.xml'/>
<t:test href='required/err-s0020-002.xml'/>
<t:test href='required/err-s0020-003.xml'/>
<t:test href='required/err-s0022-001.xml'/>
<t:test href='required/err-s0022-002.xml'/>
<t:test href='required/err-s0022-003.xml'/>
<t:test href='required/err-s0022-004.xml'/>
<t:test href='required/err-s0022-005.xml'/>
<t:test href='required/err-s0022-006.xml'/>
<t:test href='required/err-s0024-001.xml'/>
<t:test href='required/err-s0024-002.xml'/>
<t:test href='required/err-s0025-001.xml'/>
<t:test href='required/err-s0025-002.xml'/>
<t:test href='required/err-s0025-003.xml'/>
<t:test href='required/err-s0025-004.xml'/>
<t:test href='required/err-s0026-001.xml'/>
<t:test href='required/err-s0026-002.xml'/>
<t:test href='required/err-s0027-001.xml'/>
<t:test href='required/err-s0028-001.xml'/>
<t:test href='required/err-s0028-002.xml'/>
<t:test href='required/err-s0029-001.xml'/>
<t:test href='required/err-s0030-001.xml'/>
<t:test href='required/err-s0031-001.xml'/>
<t:test href='required/err-s0031-002.xml'/>
<t:test href='required/err-s0032-001.xml'/>
<t:test href='required/err-s0033-001.xml'/>
<t:test href='required/err-s0034-001.xml'/>
<t:test href='required/err-s0034-002.xml'/>
<t:test href='required/err-s0035-001.xml'/>
<t:test href='required/err-s0035-002.xml'/>
<t:test href='required/err-s0036-001.xml'/>
<t:test href='required/err-s0036-002.xml'/>
<t:test href='required/err-s0036-003.xml'/>
<t:test href='required/err-s0036-004.xml'/>
<t:test href='required/err-s0036-005.xml'/>
<t:test href='required/err-s0037-001.xml'/>
<t:test href='required/err-s0037-002.xml'/>
<t:test href='required/err-s0037-003.xml'/>
<t:test href='required/err-s0038-001.xml'/>
<t:test href='required/err-s0038-002.xml'/>
<t:test href='required/err-s0039-001.xml'/>
<t:test href='required/err-s0039-002.xml'/>
<t:test href='required/err-s0040-001.xml'/>
<t:test href='required/err-s0041-001.xml'/>
<t:test href='required/err-s0042-001.xml'/>
<t:test href='required/err-s0044-001.xml'/>
<t:test href='required/err-s0044-002.xml'/>
<t:test href='required/err-s0044-003.xml'/>
<t:test href='required/err-s0048-001.xml'/>
<t:test href='required/err-s0051-001.xml'/>
<t:test href='required/err-s0051-002.xml'/>
<t:test href='required/err-s0052-001.xml'/>
<t:test href='required/err-s0052-002.xml'/>
<t:test href='required/err-s0053-001.xml'/>
<t:test href='required/err-s0055-001.xml'/>
<t:test href='required/err-s0055-002.xml'/>
<t:test href='required/err-s0057-001.xml'/>
<t:test href='required/err-s0057-002.xml'/>
<t:test href='required/err-s0058-001.xml'/>
<t:test href='required/err-s0059-001.xml'/>
<t:test href='required/err-s0061-001.xml'/>
<t:test href='required/err-s0062-001.xml'/>
<t:test href='required/err-s0062-002.xml'/>
<t:test href='required/err-s0063-001.xml'/>

<t:test href='required/group-001.xml'/>
<t:test href='required/for-each-010.xml'/>
<t:test href='required/evaluation-order-001.xml'/>
<t:test href='required/for-each-011.xml'/>
<t:test href='required/evaluation-order-002.xml'/>
<t:test href='required/for-each-012.xml'/>
<t:test href='required/evaluation-order-003.xml'/>
<t:test href='required/for-each-002.xml'/>
<t:test href='required/input-001.xml'/>
<t:test href='required/exclude-inline-prefixes-001.xml'/>
<t:test href='required/for-each-001.xml'/>
<t:test href='required/input-002.xml'/>
<t:test href='required/exclude-inline-prefixes-002.xml'/>
<t:test href='required/for-each-003.xml'/>
<t:test href='required/input-003.xml'/>
<t:test href='required/exclude-inline-prefixes-003.xml'/>
<t:test href='required/for-each-004.xml'/>
<t:test href='required/input-004.xml'/>
<t:test href='required/exclude-inline-prefixes-004.xml'/>
<t:test href='required/for-each-005.xml'/>
<t:test href='required/input-005.xml'/>
<t:test href='required/exclude-inline-prefixes-005.xml'/>
<t:test href='required/for-each-006.xml'/>
<t:test href='required/input-006.xml'/>
<t:test href='required/exclude-inline-prefixes-006.xml'/>
<t:test href='required/for-each-007.xml'/>
<t:test href='required/input-007.xml'/>
<t:test href='required/exclude-inline-prefixes-007.xml'/>
<t:test href='required/insert-001.xml'/>
<t:test href='required/input-008.xml'/>
<t:test href='required/exclude-inline-prefixes-008.xml'/>
<t:test href='required/for-each-008.xml'/>
<t:test href='required/input-009.xml'/>
<t:test href='required/exclude-inline-prefixes-009.xml'/>
<t:test href='required/for-each-009.xml'/>
<t:test href='required/input-010.xml'/>
<t:test href='required/exclude-inline-prefixes-010.xml'/>
<t:test href='required/http-request-002.xml'/>
<t:test href='required/fibonacci.xml'/>
<t:test href='required/group-002.xml'/>
<t:test href='required/filter-001.xml'/>
<t:test href='required/group-003.xml'/>
<t:test href='required/filter-002.xml'/>
<t:test href='required/http-request-001.xml'/>
<t:test href='required/filter-003.xml'/>
<t:test href='required/http-request-003.xml'/>
<t:test href='required/http-request-004.xml'/>
<t:test href='required/http-request-005.xml'/>
<t:test href='required/http-request-006.xml'/>
<t:test href='required/http-request-007.xml'/>
<t:test href='required/http-request-008.xml'/>
<t:test href='required/http-request-009.xml'/>
<t:test href='required/http-request-010.xml'/>
<t:test href='required/http-request-011.xml'/>
<t:test href='required/http-request-012.xml'/>
<t:test href='required/http-request-013.xml'/>
<t:test href='required/http-request-014.xml'/>
<t:test href='required/identity-001.xml'/>
<t:test href='required/identity-002.xml'/>
<t:test href='required/identity-003.xml'/>
<t:test href='required/identity-004.xml'/>
<t:test href='required/identity-005.xml'/>
<t:test href='required/import-001.xml'/>
<t:test href='required/import-002.xml'/>
<t:test href='required/import-003.xml'/>
<t:test href='required/import-004.xml'/>
<t:test href='required/import-005.xml'/>
<t:test href='required/import-006.xml'/>
<t:test href='required/import-007.xml'/>
<t:test href='required/import-008.xml'/>
<t:test href='required/import-009.xml'/>
<t:test href='required/import-010.xml'/>
<t:test href='required/import-011.xml'/>
<t:test href='required/input-011.xml'/>
<t:test href='required/input-012.xml'/>

<t:test href='required/namespace-rename-004.xml'/>
<t:test href='required/namespace-rename-005.xml'/>
<t:test href='required/insert-002.xml'/>
<t:test href='required/namespace-rename-006.xml'/>
<t:test href='required/namespace-rename-007.xml'/>
<t:test href='required/insert-003.xml'/>
<t:test href='required/namespace-rename-008.xml'/>
<t:test href='required/namespace-rename-009.xml'/>
<t:test href='required/insert-004.xml'/>
<t:test href='required/namespace-rename-010.xml'/>
<t:test href='required/namespace-rename-011.xml'/>
<t:test href='required/insert-005.xml'/>
<t:test href='required/namespace-rename-012.xml'/>
<t:test href='required/insert-006.xml'/>
<t:test href='required/namespace-rename-013.xml'/>
<t:test href='required/insert-007.xml'/>
<t:test href='required/namespace-rename-014.xml'/>
<t:test href='required/insert-008.xml'/>
<t:test href='required/namespace-rename-015.xml'/>
<t:test href='required/insert-009.xml'/>
<t:test href='required/namespace-rename-016.xml'/>
<t:test href='required/insert-010.xml'/>
<t:test href='required/namespace-rename-017.xml'/>
<t:test href='required/iteration-001.xml'/>
<t:test href='required/namespaces-001.xml'/>
<t:test href='required/iteration-002.xml'/>
<t:test href='required/namespaces-002.xml'/>
<t:test href='required/labelelements-001.xml'/>
<t:test href='required/namespaces-003.xml'/>
<t:test href='required/labelelements-002.xml'/>
<t:test href='required/namespaces-004.xml'/>
<t:test href='required/labelelements-003.xml'/>
<t:test href='required/namespaces-005.xml'/>
<t:test href='required/labelelements-004.xml'/>
<t:test href='required/namespaces-006.xml'/>
<t:test href='required/labelelements-005.xml'/>
<t:test href='required/namespaces-007.xml'/>
<t:test href='required/labelelements-006.xml'/>
<t:test href='required/namespaces-008.xml'/>
<t:test href='required/labelelements-007.xml'/>
<t:test href='required/namespaces-009.xml'/>
<t:test href='required/labelelements-008.xml'/>
<t:test href='required/namespaces-010.xml'/>
<t:test href='required/labelelements-009.xml'/>
<t:test href='required/nested-pipeline-001.xml'/>
<t:test href='required/labelelements-010.xml'/>
<t:test href='required/option-001.xml'/>
<t:test href='required/labelelements-011.xml'/>
<t:test href='required/option-002.xml'/>
<t:test href='required/namespace-rename-001.xml'/>
<t:test href='required/option-004.xml'/>
<t:test href='required/pack-004.xml'/>
<t:test href='required/pack-005.xml'/>
<t:test href='required/load-001.xml'/>
<t:test href='required/pack-006.xml'/>
<t:test href='required/load-002.xml'/>
<t:test href='required/param-001.xml'/>
<t:test href='required/load-003.xml'/>
<t:test href='required/param-002.xml'/>
<t:test href='required/load-004.xml'/>
<t:test href='required/param-003.xml'/>
<t:test href='required/log-001.xml'/>
<t:test href='required/param-004.xml'/>
<t:test href='required/log-002.xml'/>
<t:test href='required/multipart-005.xml'/>
<t:test href='required/make-absolute-uris-001.xml'/>
<t:test href='required/namespace-rename-002.xml'/>
<t:test href='required/make-absolute-uris-002.xml'/>
<t:test href='required/namespace-rename-003.xml'/>
<t:test href='required/make-absolute-uris-003.xml'/>
<t:test href='required/output-001.xml'/>
<t:test href='required/make-sequence.xml'/>
<t:test href='required/output-002.xml'/>
<t:test href='required/multipart-001.xml'/>
<t:test href='required/pack-001.xml'/>
<t:test href='required/multipart-002.xml'/>
<t:test href='required/pack-002.xml'/>
<t:test href='required/multipart-003.xml'/>
<t:test href='required/pack-003.xml'/>
<t:test href='required/multipart-004.xml'/>
<t:test href='required/xpath-version-available-001.xml'/>
<t:test href='required/param-005.xml'/>
<t:test href='required/parameters-001.xml'/>
<t:test href='required/parameters-002.xml'/>
<t:test href='required/pipe-001.xml'/>
<t:test href='required/pipeinfo-001.xml'/>
<t:test href='required/preserve-base-uri-001.xml'/>
<t:test href='required/preserve-base-uri-002.xml'/>
<t:test href='required/rename-001.xml'/>
<t:test href='required/rename-002.xml'/>
<t:test href='required/rename-003.xml'/>
<t:test href='required/rename-004.xml'/>
<t:test href='required/rename-005.xml'/>
<t:test href='required/rename-006.xml'/>
<t:test href='required/rename-007.xml'/>
<t:test href='required/replace-001.xml'/>
<t:test href='required/resolve-uri-001.xml'/>
<t:test href='required/resolve-uri-002.xml'/>
<t:test href='required/set-attributes-001.xml'/>

<t:test href='required/set-attributes-002.xml'/>
<t:test href='required/sink-001.xml'/>
<t:test href='required/sink-002.xml'/>
<t:test href='required/sink-003.xml'/>
<t:test href='required/split-sequence-001.xml'/>
<t:test href='required/split-sequence-002.xml'/>
<t:test href='required/split-sequence-003.xml'/>
<t:test href='required/split-sequence-004.xml'/>
<t:test href='required/split-sequence-005.xml'/>
<t:test href='required/split-sequence-006.xml'/>
<t:test href='required/split-sequence-007.xml'/>
<t:test href='required/step-available-001.xml'/>
<t:test href='required/step-available-002.xml'/>
<t:test href='required/step-available-003.xml'/>
<t:test href='required/step-available-004.xml'/>
<t:test href='required/step-available-005.xml'/>
<t:test href='required/step-available-006.xml'/>
<t:test href='required/store-001.xml'/>
<t:test href='required/string-replace-001.xml'/>
<t:test href='required/string-replace-002.xml'/>
<t:test href='required/string-replace-003.xml'/>
<t:test href='required/string-replace-004.xml'/>
<t:test href='required/string-replace-005.xml'/>
<t:test href='required/system-property-001.xml'/>
<t:test href='required/system-property-002.xml'/>
<t:test href='required/try-001.xml'/>
<t:test href='required/try-002.xml'/>
<t:test href='required/try-003.xml'/>
<t:test href='required/try-004.xml'/>
<t:test href='required/try-005.xml'/>
<t:test href='required/try-006.xml'/>
<t:test href='required/unescapemarkup-001.xml'/>
<t:test href='required/unescapemarkup-002.xml'/>
<t:test href='required/unescapemarkup-003.xml'/>
<t:test href='required/unescapemarkup-004.xml'/>
<t:test href='required/unescapemarkup-005.xml'/>
<t:test href='required/unescapemarkup-006.xml'/>
<t:test href='required/unescapemarkup-007.xml'/>
<t:test href='required/unwrap-001.xml'/>
<t:test href='required/unwrap-002.xml'/>
<t:test href='required/use-when-001.xml'/>
<t:test href='required/use-when-002.xml'/>
<t:test href='required/use-when-003.xml'/>
<t:test href='required/use-when-004.xml'/>
<t:test href='required/value-available-001.xml'/>
<t:test href='required/value-available-002.xml'/>
<t:test href='required/value-available-003.xml'/>
<t:test href='required/value-available-004.xml'/>
<t:test href='required/value-available-005.xml'/>
<t:test href='required/value-available-006.xml'/>
<t:test href='required/variable-001.xml'/>
<t:test href='required/variable-002.xml'/>
<t:test href='required/variable-003.xml'/>
<t:test href='required/variable-004.xml'/>
<t:test href='required/variable-005.xml'/>
<t:test href='required/variable-006.xml'/>
<t:test href='required/variable-007.xml'/>
<t:test href='required/version-available-001.xml'/>
<t:test href='required/version-available-002.xml'/>
<t:test href='required/versioning-001.xml'/>
<t:test href='required/versioning-002.xml'/>
<t:test href='required/versioning-003.xml'/>
<t:test href='required/versioning-004.xml'/>
<t:test href='required/versioning-005.xml'/>
<t:test href='required/versioning-006.xml'/>
<t:test href='required/versioning-007.xml'/>
<t:test href='required/viewport-001.xml'/>
<t:test href='required/viewport-002.xml'/>
<t:test href='required/viewport-003.xml'/>
<t:test href='required/viewport-004.xml'/>
<t:test href='required/viewport-005.xml'/>
<t:test href='required/viewport-006.xml'/>
<t:test href='required/viewport-007.xml'/>
<t:test href='required/viewport-008.xml'/>
<t:test href='required/viewport-009.xml'/>
<t:test href='required/viewport-010.xml'/>
<t:test href='required/viewport-011.xml'/>
<t:test href='required/wrap-001.xml'/>
<t:test href='required/wrap-002.xml'/>
<t:test href='required/wrap-003.xml'/>
<t:test href='required/wrap-004.xml'/>
<t:test href='required/wrap-005.xml'/>
<t:test href='required/wrap-006.xml'/>
<t:test href='required/wrap-007.xml'/>
<t:test href='required/wrap-008.xml'/>
<t:test href='required/wrap-009.xml'/>
<t:test href='required/wrap-010.xml'/>
<t:test href='required/wrap-011.xml'/>
<t:test href='required/wrap-sequence-001.xml'/>
<t:test href='required/wrap-sequence-002.xml'/>
<t:test href='required/wrap-sequence-003.xml'/>
<t:test href='required/wrap-sequence-004.xml'/>
<t:test href='required/wrap-sequence-005.xml'/>
<t:test href='required/xinclude-001.xml'/>
<t:test href='required/xinclude-002.xml'/>
<t:test href='required/xinclude-003.xml'/>
<t:test href='required/xinclude-004.xml'/>
<t:test href='required/xinclude-005.xml'/>
<t:test href='required/xml-id-001.xml'/>
<t:test href='required/xml-id-002.xml'/>

<t:test href='required/xslt-001.xml'/>
<t:test href='required/xpath-version-available-002.xml'/>
<t:test href='required/xslt-002.xml'/>
<t:test href='required/xslt-003.xml'/>
<t:test href='required/xslt-004.xml'/>
<t:test href='required/xslt-005.xml'/>
<t:test href='required/xslt-006.xml'/>
<t:test href='required/variable-008.xml'/>
<t:test href='optional/template-005.xml'/>
<t:test href='optional/err-c0033-001.xml'/>
<t:test href='optional/template-006.xml'/>
<t:test href='optional/err-c0034-001.xml'/>
<t:test href='optional/template-007.xml'/>
<t:test href='optional/err-c0035-001.xml'/>
<t:test href='optional/template-008.xml'/>
<t:test href='optional/err-c0035-002.xml'/>
<t:test href='optional/template-010.xml'/>
<t:test href='optional/err-c0036-001.xml'/>
<t:test href='optional/template-009.xml'/>
<t:test href='optional/err-c0036-002.xml'/>
<t:test href='optional/template-011.xml'/>
<t:test href='optional/err-c0036-003.xml'/>
<t:test href='optional/template-012.xml'/>
<t:test href='optional/err-c0036-004.xml'/>
<t:test href='optional/template-013.xml'/>
<t:test href='optional/err-c0036-005.xml'/>

<t:test href='optional/validrng-003.xml'/>
<t:test href='optional/err-c0037-001.xml'/>
<t:test href='optional/validrng-002.xml'/>
<t:test href='optional/err-c0037-002.xml'/>
<t:test href='optional/validrng-004.xml'/>
<t:test href='optional/err-c0037-003.xml'/>
<t:test href='optional/validrng-005.xml'/>
<t:test href='optional/err-c0053-001.xml'/>
<t:test href='optional/validrng-006.xml'/>
<t:test href='optional/err-c0053-002.xml'/>
<t:test href='optional/validrng-008.xml'/>
<t:test href='optional/err-c0053-003.xml'/>
<t:test href='optional/validrng-009.xml'/>
<t:test href='optional/err-c0053-004.xml'/>
<t:test href='optional/validsch-001.xml'/>
<t:test href='optional/err-c0054-001.xml'/>
<t:test href='optional/validsch-002.xml'/>
<t:test href='optional/err-c0057-001.xml'/>
<t:test href='optional/validsch-003.xml'/>
<t:test href='optional/err-c0060-001.xml'/>
<t:test href='optional/validsch-004.xml'/>
<t:test href='optional/err-c0061-001.xml'/>
<t:test href='optional/validsch-005.xml'/>
<t:test href='optional/err-c0063-001.xml'/>
<t:test href='optional/validxsd-001.xml'/>
<t:test href='optional/err-c0063-002.xml'/>
<t:test href='optional/validxsd-002.xml'/>
<t:test href='optional/err-c0064-001.xml'/>
<t:test href='optional/validxsd-003.xml'/>
<t:test href='optional/err-c0066-001.xml'/>
<t:test href='optional/validxsd-004.xml'/>
<t:test href='optional/err-c0066-002.xml'/>
<t:test href='optional/validxsd-013.xml'/>

<t:test href='optional/exec-001.xml'/>
<t:test href='optional/xinclude-001.xml'/>
<t:test href='optional/exec-002.xml'/>
<t:test href='optional/xinclude-002.xml'/>
<t:test href='optional/exec-003.xml'/>
<t:test href='optional/xinclude-003.xml'/>
<t:test href='optional/exec-004.xml'/>
<t:test href='optional/xinclude-004.xml'/>
<t:test href='optional/exec-005.xml'/>
<t:test href='optional/xinclude-005.xml'/>
<t:test href='optional/exec-006.xml'/>
<t:test href='optional/xinclude-006.xml'/>
<t:test href='optional/exec-007.xml'/>
<t:test href='optional/xquery-001.xml'/>
<t:test href='optional/exec-008.xml'/>
<t:test href='optional/xquery-002.xml'/>
<t:test href='optional/exec-009.xml'/>
<t:test href='optional/xquery-003.xml'/>
<t:test href='optional/exec-010.xml'/>
<t:test href='optional/xquery-004.xml'/>
<t:test href='optional/exec-011.xml'/>
<t:test href='optional/xquery-005.xml'/>
<t:test href='optional/exec-012.xml'/>
<t:test href='optional/xquery-006.xml'/>
<t:test href='optional/exec-013.xml'/>
<t:test href='optional/xslt2-002.xml'/>
<t:test href='optional/exec-014.xml'/>
<t:test href='optional/exec-015.xml'/>
<t:test href='optional/xsl-formatter-001.xml'/>
<t:test href='optional/exec-016.xml'/>
<t:test href='optional/xslt2-001.xml'/>
<t:test href='optional/exec-017.xml'/>
<t:test href='optional/hash-001.xml'/>
<t:test href='optional/xslt2-003.xml'/>
<t:test href='optional/hash-002.xml'/>
<t:test href='optional/hash-003.xml'/>
<t:test href='optional/hash-004.xml'/>
<t:test href='optional/hash-005.xml'/>
<t:test href='optional/hash-006.xml'/>-->

<t:test href='optional/template-003.xml'/>
<t:test href='optional/in-scope-names-001.xml'/>
<t:test href='optional/template-004.xml'/>
<t:test href='optional/in-scope-names-002.xml'/>
<!--<t:test href='optional/validxsd-005.xml'/>-->
<t:test href='optional/psvi-required-001.xml'/>
<t:test href='optional/validxsd-006.xml'/>
<t:test href='optional/template-001.xml'/>
<!--<t:test href='optional/validxsd-007.xml'/>-->
<t:test href='optional/template-002.xml'/>
<t:test href='optional/template-014.xml'/>
<!--<t:test href='optional/validxsd-008.xml'/>-->
<t:test href='optional/template-015.xml'/>
<!--<t:test href='optional/validxsd-009.xml'/>-->
<t:test href='optional/template-016.xml'/>
<!--<t:test href='optional/validxsd-010.xml'/>-->
<t:test href='optional/template-017.xml'/>
<!--<t:test href='optional/validxsd-011.xml'/>-->
<t:test href='optional/template-018.xml'/>
<!--<t:test href='optional/validxsd-012.xml'/>-->
<t:test href='optional/uuid-001.xml'/>
<t:test href='optional/www-form-urldecode-001.xml'/>
<t:test href='optional/validrng-001.xml'/>
<t:test href='optional/www-form-urlencode-001.xml'/>
<t:test href='extension/unimpl-001.xml'/>
<!--<t:test href='serialization/byte-order-mark-001.xml'/>
<t:test href='serialization/byte-order-mark-002.xml'/>
<t:test href='serialization/cdata-section-elements-001.xml'/>
<t:test href='serialization/cdata-section-elements-002.xml'/>
<t:test href='serialization/doctype-public-001.xml'/>
<t:test href='serialization/doctype-system-001.xml'/>
<t:test href='serialization/encoding-001.xml'/>
<t:test href='serialization/err-d0020-001.xml'/>
<t:test href='serialization/escape-uri-001.xml'/>
<t:test href='serialization/escape-uri-002.xml'/>
<t:test href='serialization/include-content-type-001.xml'/>
<t:test href='serialization/include-content-type-002.xml'/>
<t:test href='serialization/indent-001.xml'/>
<t:test href='serialization/indent-002.xml'/>
<t:test href='serialization/media-type-001.xml'/>
<t:test href='serialization/normalization-form-001.xml'/>
<t:test href='serialization/normalization-form-002.xml'/>
<t:test href='serialization/normalization-form-003.xml'/>
<t:test href='serialization/omit-xml-declaration-001.xml'/>
<t:test href='serialization/omit-xml-declaration-002.xml'/>
<t:test href='serialization/standalone-001.xml'/>
<t:test href='serialization/standalone-002.xml'/>
<t:test href='serialization/standalone-003.xml'/>
<t:test href='serialization/undeclare-prefixes-001.xml'/>
<t:test href='serialization/version-001.xml'/>-->
</t:test-suite>
