<t:test-suite xmlns:t='http://xproc.org/ns/testsuite'>
<t:title>Serialization tests (Revision 627)</t:title>
<t:test href='byte-order-mark-001.xml'/>
<t:test href='byte-order-mark-002.xml'/>
<t:test href='cdata-section-elements-001.xml'/>
<t:test href='cdata-section-elements-002.xml'/>
<t:test href='doctype-public-001.xml'/>
<t:test href='doctype-system-001.xml'/>
<t:test href='encoding-001.xml'/>
<t:test href='err-d0020-001.xml'/>
<t:test href='escape-uri-001.xml'/>
<t:test href='escape-uri-002.xml'/>
<t:test href='include-content-type-001.xml'/>
<t:test href='include-content-type-002.xml'/>
<t:test href='indent-001.xml'/>
<t:test href='indent-002.xml'/>
<t:test href='media-type-001.xml'/>
<t:test href='normalization-form-001.xml'/>
<t:test href='normalization-form-002.xml'/>
<t:test href='normalization-form-003.xml'/>
<t:test href='omit-xml-declaration-001.xml'/>
<t:test href='omit-xml-declaration-002.xml'/>
<t:test href='standalone-001.xml'/>
<t:test href='standalone-002.xml'/>
<t:test href='standalone-003.xml'/>
<t:test href='undeclare-prefixes-001.xml'/>
<t:test href='version-001.xml'/>
</t:test-suite>
