<x:test-report xmlns:x="http://www.daisy.org/ns/xprocspec"><x:description xmlns:cx="http://xmlcalabash.com/ns/extensions" xmlns:c="http://www.w3.org/ns/xproc-step" xml:base="file:/home/jostein/xprocspec/xprocspec/src/test/xprocspec/test.xprocspec" test-base-uri="file:/home/jostein/xprocspec/xprocspec/src/test/xprocspec/test.xprocspec" script="file:/home/jostein/xprocspec/xprocspec/src/main/resources/content/xml/xproc/xprocspec.xpl" test-grammar="xprocspec" temp-dir="file:/tmp/xprocspec-20131202143557583/"><x:step-declaration><p:declare-step xmlns:p="http://www.w3.org/ns/xproc" xmlns:px="http://www.daisy.org/ns/xprocspec" xmlns:pxi="http://www.daisy.org/ns/xprocspec/xproc-internal/" xmlns:pkg="http://expath.org/ns/pkg" type="px:xprocspec" name="main" version="1.0" xpath-version="2.0" pkg:import-uri="http://www.daisy.org/ns/xprocspec/xprocspec.xpl" x:type="{http://www.daisy.org/ns/xprocspec}xprocspec"><p:input port="source" kind="document" sequence="false" primary="true"/><p:output port="result" kind="document" sequence="false" primary="false"><p:pipe port="result" step="report"/></p:output><p:output port="html" kind="document" sequence="false" primary="false"><p:pipe port="html" step="report"/></p:output><p:output port="junit" kind="document" sequence="false" primary="false"><p:pipe port="junit" step="report"/></p:output><p:option name="temp-dir" select="'file:/tmp/'"/><p:option name="step-available-rng" select="'false'"/></p:declare-step></x:step-declaration><x:scenario end-time="2013-12-02T13:35:59.612Z" label="the description element" start-time="2013-12-02T13:35:58.992Z"><x:call x:type="{http://www.daisy.org/ns/xprocspec}xprocspec" step="x:xprocspec"><x:option select="$temp-dir" name="temp-dir" value="file:/tmp/xprocspec-20131202143557583/"/><x:input port="source">
                <x:document xml:base="file:/home/jostein/xprocspec/xprocspec/src/test/xprocspec/test.xprocspec" xml:space="preserve" type="inline"><?xml-model href="http://www.daisy.org/ns/xprocspec/xprocspec.rng" type="application/xml" schematypens="http://relaxng.org/ns/structure/1.0"?><x:description xmlns:e="http://example.net/ns" script="../steps/identity.xpl">

    <x:scenario label="identity">
        <x:call step="e:identity">
            <x:option name="option" select="'option-value'"/>
            <x:option name="option.required" select="'option.required-value'"/>
        </x:call>
        <x:context label="the results">
            <x:document type="port" port="options"/>
        </x:context>
        <x:expect type="xpath" label="the option 'option' should have the value 'option-value'" test="/*/*[@name='option']/@value='option-value'"/>
        <x:expect type="xpath" label="the option 'option.required' should have the value 'option-value'" test="/*/*[@name='option.required']/@value='option.required-value'"/>
    </x:scenario>

    <x:scenario label="pending scenario" pending=""/>

</x:description></x:document>
            </x:input></x:call>
                                                <x:context label="errors" id="errors">
                                                    
                                                </x:context>
                                            
                                                <x:expect type="count" label="the step should execute successfully without throwing any errors" max="0" contextref="errors"/>
                                            <x:context label="the junit output port" id="context0">
            <x:document xml:base="file:/home/jostein/xprocspec/xprocspec/src/main/resources/content/xml/xproc/report/report.xpl" xml:space="preserve" type="inline"><testsuites tests="4" failures="0" time="0.51" errors="0" name="description1"><testsuite timestamp="2013-12-02T13:35:59.517Z" hostname="localhost" tests="3" errors="0" failures="0" skipped="0" id="d4499e1" name="identity" package="http://example.net/ns" time="0.008">
<properties>

<property name="option: option" value="option-value"/>
<property name="option: option.required" value="option.required-value"/>

</properties>
<testcase name="theStepShouldExecuteSuccessfullyWithoutThrowingAnyErrors" classname="identity" assertions="1" time="0" status="SUCCESS"><system-out>the step should execute successfully without throwing any errors: SUCCESS</system-out>
<system-err/></testcase><testcase name="theOptionOptionShouldHaveTheValueOptionvalue" classname="identity" assertions="1" time="0" status="SUCCESS"><system-out>the option 'option' should have the value 'option-value': SUCCESS</system-out>
<system-err/></testcase><testcase name="theOptionOptionRequiredShouldHaveTheValueOptionvalue" classname="identity" assertions="1" time="0" status="SUCCESS"><system-out>the option 'option.required' should have the value 'option-value': SUCCESS</system-out>
<system-err/></testcase></testsuite><testsuite timestamp="2013-12-02T13:35:59.526Z" hostname="localhost" tests="1" errors="0" failures="0" skipped="1" id="d4509e1" name="pendingScenario" time="0">
<properties>


</properties>
<testcase name="pendingScenario-pendingScenario" classname="pendingScenario" assertions="1" time="0"><skipped type="xprocspec.skip" message="Not implemented">Not implemented</skipped><system-out>pending scenario: SKIPPED</system-out></testcase></testsuite></testsuites></x:document>
        </x:context><x:expect label="there should be at least one test, and none of the tests should fail" type="xpath" test="not(/*/@tests='0') and /*/@failures='0' and /*/@errors='0'" contextref="context0"/><x:expect label="one of the tests should be pending" type="xpath" test="sum(/*/testsuite/number(@skipped))=1" contextref="context0"/></x:scenario><x:output port="result"><x:document xml:base="file:/home/jostein/xprocspec/xprocspec/src/main/resources/content/xml/xproc/report/report.xpl" xml:space="preserve" type="inline"><x:test-report><x:description xml:base="file:/home/jostein/xprocspec/xprocspec/src/test/xprocspec/tests/description-1.xprocspec" test-base-uri="file:/home/jostein/xprocspec/xprocspec/src/test/xprocspec/tests/description-1.xprocspec" script="file:/home/jostein/xprocspec/xprocspec/src/test/xprocspec/steps/identity.xpl" test-grammar="xprocspec" temp-dir="file:/tmp/xprocspec-20131202143557583/xprocspec-20131202143559115/"><x:step-declaration><p:declare-step xmlns:p="http://www.w3.org/ns/xproc" xmlns:ex="http://example.net/ns" name="main" type="ex:identity" version="1.0" x:type="{http://example.net/ns}identity"><p:input port="source.document.primary" kind="document" primary="true" sequence="false"><p:inline>
            <source.document.primary.default/>
        </p:inline></p:input><p:input port="source.document.secondary.sequence" kind="document" sequence="true" primary="false"><p:inline>
            <source.document.secondary.sequence/>
        </p:inline></p:input><p:input select="/*/*" port="source.document.secondary.select-children" kind="document" sequence="true" primary="false"><p:inline>
            <default>
                <default/>
                <default/>
            </default>
        </p:inline></p:input><p:input port="source.parameter.primary.sequence" primary="true" kind="parameter" sequence="true"/><p:output port="result.document.primary" kind="document" primary="true" sequence="false"><p:pipe port="source.document.primary" step="main"/></p:output><p:output port="result.document.secondary.sequence" kind="document" sequence="true" primary="false"><p:pipe port="source.document.secondary.sequence" step="main"/></p:output><p:output port="result.document.secondary.select-children" kind="document" sequence="true" primary="false"><p:pipe port="source.document.secondary.select-children" step="main"/></p:output><p:output port="result.parameter.primary" kind="document" sequence="false" primary="false"><p:pipe port="result" step="parameters"/></p:output><p:output port="options" kind="document" sequence="false" primary="false"><p:pipe port="result" step="options"/></p:output><p:option name="option"/><p:option name="option.required" required="true"/><p:option name="option.default" select="'default'"/></p:declare-step></x:step-declaration><x:scenario xmlns:e="http://example.net/ns" end-time="2013-12-02T13:35:59.251Z" label="identity" start-time="2013-12-02T13:35:59.243Z"><x:call x:type="{http://example.net/ns}identity" step="e:identity"><x:option select="'option-value'" name="option" value=""/><x:option select="'option.required-value'" name="option.required" value=""/></x:call>
                                                <x:context label="errors" id="errors">
                                                    
                                                </x:context>
                                            
                                                <x:expect type="count" label="the step should execute successfully without throwing any errors" max="0" contextref="errors"/>
                                            <x:context label="the results" id="context0">
            <x:document xml:base="file:/home/jostein/xprocspec/xprocspec/src/test/xprocspec/steps/identity.xpl" xml:space="preserve" type="inline">
                <c:options xmlns:ex="http://example.net/ns">
                    <c:option name="option" value="option-value"/>
                    <c:option name="option.required" value="option.required-value"/>
                    <c:option name="option.default" value="default"/>
                </c:options>
            </x:document>
        </x:context><x:expect type="xpath" label="the option 'option' should have the value 'option-value'" test="/*/*[@name='option']/@value='option-value'" contextref="context0"/><x:expect type="xpath" label="the option 'option.required' should have the value 'option-value'" test="/*/*[@name='option.required']/@value='option.required-value'" contextref="context0"/></x:scenario><x:output port="result.document.primary"><x:document xml:base="file:/home/jostein/xprocspec/xprocspec/src/test/xprocspec/tests/description-1.xprocspec" xml:space="preserve" type="inline">
            <source.document.primary.default xmlns:ex="http://example.net/ns"/>
        </x:document></x:output><x:output port="result.document.secondary.sequence"><x:document xml:base="file:/home/jostein/xprocspec/xprocspec/src/test/xprocspec/steps/identity.xpl" xml:space="preserve" type="inline">
            <source.document.secondary.sequence xmlns:ex="http://example.net/ns"/>
        </x:document></x:output><x:output port="result.document.secondary.select-children"><x:document xml:base="file:/home/jostein/xprocspec/xprocspec/src/test/xprocspec/steps/identity.xpl" xml:space="preserve" type="inline"><default xmlns:ex="http://example.net/ns"/></x:document><x:document xml:base="file:/home/jostein/xprocspec/xprocspec/src/test/xprocspec/steps/identity.xpl" xml:space="preserve" type="inline"><default xmlns:ex="http://example.net/ns"/></x:document></x:output><x:output port="result.parameter.primary"><x:document xml:base="file:/home/jostein/xprocspec/xprocspec/src/test/xprocspec/steps/identity.xpl" xml:space="preserve" type="inline"><c:param-set/></x:document></x:output><x:output port="options"><x:document xml:base="file:/home/jostein/xprocspec/xprocspec/src/test/xprocspec/steps/identity.xpl" xml:space="preserve" type="inline">
                <c:options xmlns:ex="http://example.net/ns">
                    <c:option name="option" value="option-value"/>
                    <c:option name="option.required" value="option.required-value"/>
                    <c:option name="option.default" value="default"/>
                </c:options>
            </x:document></x:output><x:test-result xmlns:e="http://example.net/ns" type="count" label="the step should execute successfully without throwing any errors" max="0" contextref="errors" result="passed">
                                                        <x:expected>At most 0 documents.</x:expected>
                                                    <x:was>0</x:was></x:test-result><x:test-result xmlns:e="http://example.net/ns" type="xpath" label="the option 'option' should have the value 'option-value'" test="/*/*[@name='option']/@value='option-value'" contextref="context0" result="passed"><x:expected xml:space="preserve">XPath: true()
Value: true</x:expected><x:was xml:space="preserve">XPath: /*/*[@name='option']/@value='option-value'
Value: true</x:was></x:test-result><x:test-result xmlns:e="http://example.net/ns" type="xpath" label="the option 'option.required' should have the value 'option-value'" test="/*/*[@name='option.required']/@value='option.required-value'" contextref="context0" result="passed"><x:expected xml:space="preserve">XPath: true()
Value: true</x:expected><x:was xml:space="preserve">XPath: /*/*[@name='option.required']/@value='option.required-value'
Value: true</x:was></x:test-result></x:description><x:description xml:base="file:/home/jostein/xprocspec/xprocspec/src/test/xprocspec/tests/description-1.xprocspec" test-base-uri="file:/home/jostein/xprocspec/xprocspec/src/test/xprocspec/tests/description-1.xprocspec" script="file:/home/jostein/xprocspec/xprocspec/src/test/xprocspec/steps/identity.xpl" test-grammar="xprocspec" temp-dir="file:/tmp/xprocspec-20131202143557583/xprocspec-20131202143559115/"><x:scenario xmlns:e="http://example.net/ns" end-time="2013-12-02T13:35:59.298Z" pending="Not implemented" label="pending scenario" start-time="2013-12-02T13:35:59.298Z"/></x:description></x:test-report></x:document></x:output><x:output port="html"><x:document xml:base="file:/home/jostein/xprocspec/xprocspec/src/main/resources/content/xml/xproc/report/report-template.xhtml" xml:space="preserve" type="inline"><html xmlns="http://www.w3.org/1999/xhtml"><head><title>Test Report for file:/home/jostein/xprocspec/xprocspec/src/test/xprocspec/tests/description-1.xprocspec (passed:3 / pending:1 / failed:0 / errors:0 / total:4)</title>
        <meta charset="utf-8"/>
        <style type="text/css" xml:space="preserve">/**/
/****************************************************************************/
/*  File:       test-report.css                                             */
/*  Author:     Jeni Tennsion                                               */
/*  URI:        http://xspec.googlecode.com/                                */
/*  Tags:                                                                   */
/*    Copyright (c) 2008, 2010 Jeni Tennsion (see end of file.)             */
/* ------------------------------------------------------------------------ */


/* test */

/* box model */

body {
	margin-right: 1em;
	/*margin-left: 10%;*/
	}

h1 {
	padding: 0.3em 0.5em 0.3em 0.5em;
	position: relative;
	}

h2 {
	padding: 0.1em 0.5em 0.2em 0.5em;
	}

h3 {
	padding-left: 0.6em;
	}

h4 {
	padding-left: 0.8em;
	}

p, table {
	/*margin-left: 5%;*/
	}

dd ul, dd ol {
	margin-left: 0%;
	}

li ul, li ol {
	/*margin-left: 5%;*/
	}

dl, ul, ol, blockquote {
	/*margin-left: 10%;*/
	}

dt {
  padding-top: 3px;
  padding-bottom: 3px;
	clear: both;
	}

dd p {
	/*margin-left: -5px;*/
	margin-top: 5px;
	clear: both;
	}

p.link {
	margin-top: 4px;
	margin-bottom: 0px;
	clear: both;
	}

tr td, td p, li, li p {
	margin-left: 0%;
	}

td:nth-child(2) {
	padding-left: 5%;
	}

.link img, dt img {
	vertical-align: middle;
	position: relative;
	top: -5px;
	}

img {
	position: relative;
	}

#xml-link {
	position: absolute;
	left: 5px;
	top: 5px;
	width: 10%;
	margin-left: 0%;
	}

#link-up {
	position: absolute;
	left: 93%;
	right: 2em;
	top: 0.3em;
	}

#link-top {
	position: absolute;
	left: 89%;
	right: 4em;
	top: 0.3em;
	}
	
.popup {
	display: block;
	visibility: hidden;
	float: right;
	position: absolute;
	top: 5px;
	left: -200px;
	z-index: 1;
	padding: 0.3em;
	width: 220px;
	}

.note {
	position: relative;
	}

.post {
	/*margin-left: 5%;*/
	padding-top: 1em;
	}
	
.example, .sidebar {
  /*margin-left: 5%;*/
  margin-top: 1em;
  margin-bottom: 1em;
  }

/*pre {
	padding-left: 5%;
	margin-left: 5%;
	}*/

/*dd pre, li pre {
	padding-left: 5%;
	}*/

/* fonts */
/* Oxygen  */
body, table {
    font-family:arial, helvetica, sans-serif;
    font-size:12px;
}
/* Oxygen  */

/*body {
	font-family: Verdana, arial, sans-serif;
	font-size: small;
	}*/	

/*h1, h2, h3, h4, h5, h6 {
	font-family: 'trebuchet MS', arial, sans-serif;
	}*/

h1 {
	font-size: 173%;
	font-weight: bold;
	}

h2 {
	font-size: 144%;
	font-weight: normal;
	}

h3 {
	font-size: 120%;
	font-weight: normal;
	}

h4 {
  font-size: 100%;
  font-weight: bold;
}

dt {
	font-weight: bold;
	}

a:link, a:visited, a:active, a:hover {
	font-weight: bold;
	}

a.offsite:link, a.offsite:visited, a.offsite:active, a.offsite:hover {
	font-weight: normal;
	}

/* suppress the normal italics */
address {
	font-style: normal;
	}

div.example, .sidebar {
  font-family: Verdana, arial, sans-serif;
  font-size: 100%;
  }


.note, .link {
	font-family: Verdana, arial, sans-serif;
	/*font-size: 83%;*/
	}

/*.example, .string, .rtf, .code, pre, code {
	font-family: "Lucida Console", "Courier New", monospace;*/
  /*font-size: 83%;*/
/*	}*/

.boolean {
	font-style: italic;
	}

#colophon, #xml-link {
	font-size: 69%;
	}

.question, .title {
	font-weight: bold;
	}

/* colours */
body {
	background-color: white;
	color: black;
	border: 0px none black;
	}

/* this is to make Navigator fill the entire line */
h1, h2 {
	border: 1px solid white;
	width: auto;
	}

h1 {
	/*background: #606;*/
	/*color: #6F6;*/
	}

h2 {
	color: #606;
	/*background: #CFC;*/
	}

hr {
	color: #606;
	background: white;
	}

img, a:link img, a:visited img, a:hover img, a:active img, #link-up img, #link-top img {
	border: 0px none white;
	background: transparent;
	}

/* OXYGEN */
a, a:visited {
    color:rgb(0, 0, 150);
    background-color:inherit;
    font-weight: bold;
}
a:link, a:visited {
    text-decoration:none; 
}
a:hover {
    text-decoration:underline;
}

/* OXYGEN */

a.img:hover, a.img:active {
	background: transparent;
	}

#colophon, #xml-link, .note {
	color: #666;
	}

#colophon a:link, #colophon a:visited, #colophon a:hover,
#xml-link a:link, #xml-link a:visited, #xml-link a:hover,
.note a:link, .note a:visited, .note a:hover {
	color: #969;
	background: transparent;
	}

#colophon a:hover, #xml-link a:hover, .note a:hover {
	background: #CFC;
	color: #969;
	}

.popup {
	background: white;
	border: 1px solid #606;
	}

.post {
	border-top: 2px solid #606;
	}
	
.example {
  border-top: 2px solid #606;
  border-bottom: 2px solid #606;
  }
  
.sidebar {
  border-top: 2px solid #090;
  border-bottom: 2px solid #090;
  }
  
.rng {
  border-left: 2px solid #666;
  }

.same {
  background-color: rgb(206, 239, 174);
}

.diff {
  background-color: #FCC;
}

.whitespace {
	font-style: italic;
	color: #999;
	background: white;
}

.ignored {
  font-style: italic;
  color: #999;
  background: white;
}

.hit {
}

.missed {
  background-color: #A33;
  color: white;
}

/* text */
ol ol li {
	list-style: lower-alpha;
	}

th {
	text-align: left;
	}

td {
	vertical-align: top;
	}

h1 {
	text-transform: uppercase;
	}

h2, h3 {
	/*text-transform: capitalize;*/
	}

.question {
	text-indent: -33px;
	}

.byline {
	text-align: right;
	}

#link-top, #link-up {
	text-align: right;
	}

a {
	text-decoration: none;
	}

table { width: 85%;
        /* border: collapse; */ }

th { text-align: left; }

.xspec tbody th { font-weight: normal; /*font-size: 0.8em;*/ border-top: 1px #666 solid; }
.xspec tbody td { /*font-size: 0.8em;*/ color: #666; }

.successful.label th, .successful.label td { background-color: #CFC; }
.pending.label th, .pending.label td { background-color: #DDD; color: #666; }
.failed.label th, .failed.label td { background-color: #FCC; }
.error.label th, .error.label td { background-color: #FAA; }
/*body &gt; table tbody .failed.label th:first-child:before {content:url(data:image/png;base64,iVBORw0KGgoAAAANSUhEUgAAAAwAAAAMCAYAAABWdVznAAAAGXRFWHRTb2Z0d2FyZQBBZG9iZSBJbWFnZVJlYWR5ccllPAAAA2ZpVFh0WE1MOmNvbS5hZG9iZS54bXAAAAAAADw/eHBhY2tldCBiZWdpbj0i77u/IiBpZD0iVzVNME1wQ2VoaUh6cmVTek5UY3prYzlkIj8+IDx4OnhtcG1ldGEgeG1sbnM6eD0iYWRvYmU6bnM6bWV0YS8iIHg6eG1wdGs9IkFkb2JlIFhNUCBDb3JlIDUuMy1jMDExIDY2LjE0NTY2MSwgMjAxMi8wMi8wNi0xNDo1NjoyNyAgICAgICAgIj4gPHJkZjpSREYgeG1sbnM6cmRmPSJodHRwOi8vd3d3LnczLm9yZy8xOTk5LzAyLzIyLXJkZi1zeW50YXgtbnMjIj4gPHJkZjpEZXNjcmlwdGlvbiByZGY6YWJvdXQ9IiIgeG1sbnM6eG1wTU09Imh0dHA6Ly9ucy5hZG9iZS5jb20veGFwLzEuMC9tbS8iIHhtbG5zOnN0UmVmPSJodHRwOi8vbnMuYWRvYmUuY29tL3hhcC8xLjAvc1R5cGUvUmVzb3VyY2VSZWYjIiB4bWxuczp4bXA9Imh0dHA6Ly9ucy5hZG9iZS5jb20veGFwLzEuMC8iIHhtcE1NOk9yaWdpbmFsRG9jdW1lbnRJRD0ieG1wLmRpZDpCQjU0NjU4QjIyQTNFMTExQkI5Rjk5QkQ4RkQ5RUJFQiIgeG1wTU06RG9jdW1lbnRJRD0ieG1wLmRpZDpEQTUyOTdBQUEzRDUxMUUxQTQwN0YzMUI0Nzg3NDU1RSIgeG1wTU06SW5zdGFuY2VJRD0ieG1wLmlpZDpEQTUyOTdBOUEzRDUxMUUxQTQwN0YzMUI0Nzg3NDU1RSIgeG1wOkNyZWF0b3JUb29sPSJBZG9iZSBQaG90b3Nob3AgQ1M2IChXaW5kb3dzKSI+IDx4bXBNTTpEZXJpdmVkRnJvbSBzdFJlZjppbnN0YW5jZUlEPSJ4bXAuaWlkOjQ4MTZDRTNCRDVBM0UxMTFBQTI2QTBCMjZENzg1Qzg5IiBzdFJlZjpkb2N1bWVudElEPSJ4bXAuZGlkOkJCNTQ2NThCMjJBM0UxMTFCQjlGOTlCRDhGRDlFQkVCIi8+IDwvcmRmOkRlc2NyaXB0aW9uPiA8L3JkZjpSREY+IDwveDp4bXBtZXRhPiA8P3hwYWNrZXQgZW5kPSJyIj8+aHNJrgAAAZ1JREFUeNpsUssrRGEU/907985YMDPNYlh4hbKZPMdgR3aysrGSSFIeKyUKpewoRTYkmcgCf4MsMI2FPDYGKeUZSoru4/uc82VC+W7fOeee+zvn/M45V1uuyCmVwDogq0hDklD6jy1dspNkdxokVrIzPFUh0/MD5OdXoJDwPFtu3d2ns6TTp9oggTlFZlmN0o4AHMmXfJGo0lmGzoE1OgmNHf5YA8rmN5HfM6wADmUuHphA9cIW/JX1yiek9DIlyijxkNjBzXYche19gNcHzfShoLUdVxtLuD/cYzCoMAzCwqYrhMDx9Chs20JRWzf4nMcXcDI3pYAqQHIAtWUJbpKursMMhpA+RiAEGzpc4X5XkDB4GjaHmiZik/PIa2rBEWVlSuW9Q+T3YndskBi46QpQFcLltchtbEZyZhxna4uKhmV9Ito/gtPNOG4P99WItdlIWARNXWOAv6AEr9cplel7/ggUleDlMqUSvNnCobHKxDsNnqs8XaWUZopp/XhxTkOR+HDVOveYUge9rNLyY9SU9v+vwXuUB2R0fQkwABfn/VKSjTLBAAAAAElFTkSuQmCC) " "}*/
/*body &gt; table tbody .error.label th:first-child:before {content:url(data:image/png;base64,iVBORw0KGgoAAAANSUhEUgAAAAwAAAAMCAYAAABWdVznAAAABmJLR0QAAAAAAAD5Q7t/AAAACXBIWXMAAAsTAAALEwEAmpwYAAAAB3RJTUUH3QcKER4AdkxvvQAAAdVJREFUKM89kM9KG0EAh7/JTHazZInEQwJ68KIWLx6Etj6EjxAobYSsD+BjCJ682EOp0FMueYmS0FMICF4i6tFNzJ/dyRh2Znoo6Xf+Pn7wEzc3Nx/W6/UvY8xJnudkWYa1Fu893nviOCaKIhuG4R/v/Ve1Xq9/bG1tnezs7JDnOVpr3t/fcc4hpaRSqVCpVORqtTp9e3v7rrTWn5vNJpPJhHK5zHg8JssyvPeEYcjR0RFpmlKr1ZjP5x9Li8VCbOR2u83BwQEvLy88PT1xfHzMxcUFQgjSNCXLskDlec5sNuPx8REpJZ1Oh+fnZ4QQnJ+fc319Tb/fZ29vD601SmvNdDplsVhwe3vLaDTi6uoKgCRJGAwGNBoNXl9fMcZQcs5hjGG1WpHnObVajQ3VahWtNcYYjDE451Cb+7z3JElCkiScnZ0hpaTX67G7u0u328V7/y+oVqsIITg8PKTT6dBqtRgOhzjnaLVa3N3dcX9/z3K5JI5jxOXlpSuKQqRpirWWh4eH//Plcpn9/X2cc2xvb1MqlQqllBpYa0/jOGYymdBsNsmyDOccURRRFAX1eh2lFGEY/lZBEHyx1v703n8KgkBEUYSUEu/9RkIIUQRB0A/D8NtflUT+nn4OS+0AAAAASUVORK5CYII=) " "}*/
.failed.label th:first-child:before, .failed.label td:first-child:before {content:url(data:image/png;base64,iVBORw0KGgoAAAANSUhEUgAAAAwAAAAMCAYAAABWdVznAAAAGXRFWHRTb2Z0d2FyZQBBZG9iZSBJbWFnZVJlYWR5ccllPAAAA2ZpVFh0WE1MOmNvbS5hZG9iZS54bXAAAAAAADw/eHBhY2tldCBiZWdpbj0i77u/IiBpZD0iVzVNME1wQ2VoaUh6cmVTek5UY3prYzlkIj8+IDx4OnhtcG1ldGEgeG1sbnM6eD0iYWRvYmU6bnM6bWV0YS8iIHg6eG1wdGs9IkFkb2JlIFhNUCBDb3JlIDUuMy1jMDExIDY2LjE0NTY2MSwgMjAxMi8wMi8wNi0xNDo1NjoyNyAgICAgICAgIj4gPHJkZjpSREYgeG1sbnM6cmRmPSJodHRwOi8vd3d3LnczLm9yZy8xOTk5LzAyLzIyLXJkZi1zeW50YXgtbnMjIj4gPHJkZjpEZXNjcmlwdGlvbiByZGY6YWJvdXQ9IiIgeG1sbnM6eG1wTU09Imh0dHA6Ly9ucy5hZG9iZS5jb20veGFwLzEuMC9tbS8iIHhtbG5zOnN0UmVmPSJodHRwOi8vbnMuYWRvYmUuY29tL3hhcC8xLjAvc1R5cGUvUmVzb3VyY2VSZWYjIiB4bWxuczp4bXA9Imh0dHA6Ly9ucy5hZG9iZS5jb20veGFwLzEuMC8iIHhtcE1NOk9yaWdpbmFsRG9jdW1lbnRJRD0ieG1wLmRpZDpCQjU0NjU4QjIyQTNFMTExQkI5Rjk5QkQ4RkQ5RUJFQiIgeG1wTU06RG9jdW1lbnRJRD0ieG1wLmRpZDpEQTUyOTdBQUEzRDUxMUUxQTQwN0YzMUI0Nzg3NDU1RSIgeG1wTU06SW5zdGFuY2VJRD0ieG1wLmlpZDpEQTUyOTdBOUEzRDUxMUUxQTQwN0YzMUI0Nzg3NDU1RSIgeG1wOkNyZWF0b3JUb29sPSJBZG9iZSBQaG90b3Nob3AgQ1M2IChXaW5kb3dzKSI+IDx4bXBNTTpEZXJpdmVkRnJvbSBzdFJlZjppbnN0YW5jZUlEPSJ4bXAuaWlkOjQ4MTZDRTNCRDVBM0UxMTFBQTI2QTBCMjZENzg1Qzg5IiBzdFJlZjpkb2N1bWVudElEPSJ4bXAuZGlkOkJCNTQ2NThCMjJBM0UxMTFCQjlGOTlCRDhGRDlFQkVCIi8+IDwvcmRmOkRlc2NyaXB0aW9uPiA8L3JkZjpSREY+IDwveDp4bXBtZXRhPiA8P3hwYWNrZXQgZW5kPSJyIj8+aHNJrgAAAZ1JREFUeNpsUssrRGEU/907985YMDPNYlh4hbKZPMdgR3aysrGSSFIeKyUKpewoRTYkmcgCf4MsMI2FPDYGKeUZSoru4/uc82VC+W7fOeee+zvn/M45V1uuyCmVwDogq0hDklD6jy1dspNkdxokVrIzPFUh0/MD5OdXoJDwPFtu3d2ns6TTp9oggTlFZlmN0o4AHMmXfJGo0lmGzoE1OgmNHf5YA8rmN5HfM6wADmUuHphA9cIW/JX1yiek9DIlyijxkNjBzXYche19gNcHzfShoLUdVxtLuD/cYzCoMAzCwqYrhMDx9Chs20JRWzf4nMcXcDI3pYAqQHIAtWUJbpKursMMhpA+RiAEGzpc4X5XkDB4GjaHmiZik/PIa2rBEWVlSuW9Q+T3YndskBi46QpQFcLltchtbEZyZhxna4uKhmV9Ito/gtPNOG4P99WItdlIWARNXWOAv6AEr9cplel7/ggUleDlMqUSvNnCobHKxDsNnqs8XaWUZopp/XhxTkOR+HDVOveYUge9rNLyY9SU9v+vwXuUB2R0fQkwABfn/VKSjTLBAAAAAElFTkSuQmCC) " "}
.error.label th:first-child:before, .error.label td:first-child:before {content:url(data:image/png;base64,iVBORw0KGgoAAAANSUhEUgAAAAwAAAAMCAYAAABWdVznAAAABmJLR0QAAAAAAAD5Q7t/AAAACXBIWXMAAAsTAAALEwEAmpwYAAAAB3RJTUUH3QcKER4AdkxvvQAAAdVJREFUKM89kM9KG0EAh7/JTHazZInEQwJ68KIWLx6Etj6EjxAobYSsD+BjCJ682EOp0FMueYmS0FMICF4i6tFNzJ/dyRh2Znoo6Xf+Pn7wEzc3Nx/W6/UvY8xJnudkWYa1Fu893nviOCaKIhuG4R/v/Ve1Xq9/bG1tnezs7JDnOVpr3t/fcc4hpaRSqVCpVORqtTp9e3v7rrTWn5vNJpPJhHK5zHg8JssyvPeEYcjR0RFpmlKr1ZjP5x9Li8VCbOR2u83BwQEvLy88PT1xfHzMxcUFQgjSNCXLskDlec5sNuPx8REpJZ1Oh+fnZ4QQnJ+fc319Tb/fZ29vD601SmvNdDplsVhwe3vLaDTi6uoKgCRJGAwGNBoNXl9fMcZQcs5hjGG1WpHnObVajQ3VahWtNcYYjDE451Cb+7z3JElCkiScnZ0hpaTX67G7u0u328V7/y+oVqsIITg8PKTT6dBqtRgOhzjnaLVa3N3dcX9/z3K5JI5jxOXlpSuKQqRpirWWh4eH//Plcpn9/X2cc2xvb1MqlQqllBpYa0/jOGYymdBsNsmyDOccURRRFAX1eh2lFGEY/lZBEHyx1v703n8KgkBEUYSUEu/9RkIIUQRB0A/D8NtflUT+nn4OS+0AAAAASUVORK5CYII=) " "}
.pending.label th:first-child:before, .pending.label td:first-child:before {content:url(data:image/png;base64,iVBORw0KGgoAAAANSUhEUgAAAAwAAAAMCAYAAABWdVznAAAAGXRFWHRTb2Z0d2FyZQBBZG9iZSBJbWFnZVJlYWR5ccllPAAAA2ZpVFh0WE1MOmNvbS5hZG9iZS54bXAAAAAAADw/eHBhY2tldCBiZWdpbj0i77u/IiBpZD0iVzVNME1wQ2VoaUh6cmVTek5UY3prYzlkIj8+IDx4OnhtcG1ldGEgeG1sbnM6eD0iYWRvYmU6bnM6bWV0YS8iIHg6eG1wdGs9IkFkb2JlIFhNUCBDb3JlIDUuMy1jMDExIDY2LjE0NTY2MSwgMjAxMi8wMi8wNi0xNDo1NjoyNyAgICAgICAgIj4gPHJkZjpSREYgeG1sbnM6cmRmPSJodHRwOi8vd3d3LnczLm9yZy8xOTk5LzAyLzIyLXJkZi1zeW50YXgtbnMjIj4gPHJkZjpEZXNjcmlwdGlvbiByZGY6YWJvdXQ9IiIgeG1sbnM6eG1wTU09Imh0dHA6Ly9ucy5hZG9iZS5jb20veGFwLzEuMC9tbS8iIHhtbG5zOnN0UmVmPSJodHRwOi8vbnMuYWRvYmUuY29tL3hhcC8xLjAvc1R5cGUvUmVzb3VyY2VSZWYjIiB4bWxuczp4bXA9Imh0dHA6Ly9ucy5hZG9iZS5jb20veGFwLzEuMC8iIHhtcE1NOk9yaWdpbmFsRG9jdW1lbnRJRD0ieG1wLmRpZDpCQjU0NjU4QjIyQTNFMTExQkI5Rjk5QkQ4RkQ5RUJFQiIgeG1wTU06RG9jdW1lbnRJRD0ieG1wLmRpZDpDODdDM0Y0QUEzRDUxMUUxQjk5N0MzQjVFRDMyQUE1MiIgeG1wTU06SW5zdGFuY2VJRD0ieG1wLmlpZDpDODdDM0Y0OUEzRDUxMUUxQjk5N0MzQjVFRDMyQUE1MiIgeG1wOkNyZWF0b3JUb29sPSJBZG9iZSBQaG90b3Nob3AgQ1M2IChXaW5kb3dzKSI+IDx4bXBNTTpEZXJpdmVkRnJvbSBzdFJlZjppbnN0YW5jZUlEPSJ4bXAuaWlkOjQ4MTZDRTNCRDVBM0UxMTFBQTI2QTBCMjZENzg1Qzg5IiBzdFJlZjpkb2N1bWVudElEPSJ4bXAuZGlkOkJCNTQ2NThCMjJBM0UxMTFCQjlGOTlCRDhGRDlFQkVCIi8+IDwvcmRmOkRlc2NyaXB0aW9uPiA8L3JkZjpSREY+IDwveDp4bXBtZXRhPiA8P3hwYWNrZXQgZW5kPSJyIj8+yj6RYgAAAPZJREFUeNp0kM8KgkAQxmc1E0Wfo3vQn5eRSDx4EUHwbTpEhx4lil7DiydBQUFXp5nAMNsGhpnd/X77za4Iw3CFiFcAWFMFDkXtKZ/UHhfUnB3HWdu2/REpAL2u631ZlicGdpZlwTAMSmBM0zS5bhgQLB5FU3AOUS4XvNn3vVKgAACCIMA0TbFpGsyyDJMkefdFUWAcx1hVFeZ5jlEUoed5qPEI7KDrOhiG8e6llNC27Zcz77FW+L6Pruv+WKtGIzfgR39umv/UHOJgAMlO/BPOXCQDD5p3r2ma8lvHNU9BcWPg0HXdhRZbOhRT8aSXVO9U/ZcAAwAsmjsSQcM0lwAAAABJRU5ErkJggg==) " ";}
.successful.label th:first-child:before, .successful.label td:first-child:before {content:url(data:image/png;base64,iVBORw0KGgoAAAANSUhEUgAAAAwAAAAMCAYAAABWdVznAAAAGXRFWHRTb2Z0d2FyZQBBZG9iZSBJbWFnZVJlYWR5ccllPAAAA2ZpVFh0WE1MOmNvbS5hZG9iZS54bXAAAAAAADw/eHBhY2tldCBiZWdpbj0i77u/IiBpZD0iVzVNME1wQ2VoaUh6cmVTek5UY3prYzlkIj8+IDx4OnhtcG1ldGEgeG1sbnM6eD0iYWRvYmU6bnM6bWV0YS8iIHg6eG1wdGs9IkFkb2JlIFhNUCBDb3JlIDUuMy1jMDExIDY2LjE0NTY2MSwgMjAxMi8wMi8wNi0xNDo1NjoyNyAgICAgICAgIj4gPHJkZjpSREYgeG1sbnM6cmRmPSJodHRwOi8vd3d3LnczLm9yZy8xOTk5LzAyLzIyLXJkZi1zeW50YXgtbnMjIj4gPHJkZjpEZXNjcmlwdGlvbiByZGY6YWJvdXQ9IiIgeG1sbnM6eG1wTU09Imh0dHA6Ly9ucy5hZG9iZS5jb20veGFwLzEuMC9tbS8iIHhtbG5zOnN0UmVmPSJodHRwOi8vbnMuYWRvYmUuY29tL3hhcC8xLjAvc1R5cGUvUmVzb3VyY2VSZWYjIiB4bWxuczp4bXA9Imh0dHA6Ly9ucy5hZG9iZS5jb20veGFwLzEuMC8iIHhtcE1NOk9yaWdpbmFsRG9jdW1lbnRJRD0ieG1wLmRpZDpCQjU0NjU4QjIyQTNFMTExQkI5Rjk5QkQ4RkQ5RUJFQiIgeG1wTU06RG9jdW1lbnRJRD0ieG1wLmRpZDpEMDVBNThBQUEzRDUxMUUxQjdCQkM2QUNBMTNBMDExNiIgeG1wTU06SW5zdGFuY2VJRD0ieG1wLmlpZDpEMDVBNThBOUEzRDUxMUUxQjdCQkM2QUNBMTNBMDExNiIgeG1wOkNyZWF0b3JUb29sPSJBZG9iZSBQaG90b3Nob3AgQ1M2IChXaW5kb3dzKSI+IDx4bXBNTTpEZXJpdmVkRnJvbSBzdFJlZjppbnN0YW5jZUlEPSJ4bXAuaWlkOjQ4MTZDRTNCRDVBM0UxMTFBQTI2QTBCMjZENzg1Qzg5IiBzdFJlZjpkb2N1bWVudElEPSJ4bXAuZGlkOkJCNTQ2NThCMjJBM0UxMTFCQjlGOTlCRDhGRDlFQkVCIi8+IDwvcmRmOkRlc2NyaXB0aW9uPiA8L3JkZjpSREY+IDwveDp4bXBtZXRhPiA8P3hwYWNrZXQgZW5kPSJyIj8+xJ3YrgAAAYBJREFUeNpsUrtKA1EQPZtdY4gEQiD4QCsLEVGX4CP4AykEq1hYiGghCDZ+gBZWVtrZ+EAjaGOhfoAkNiaKhYWICilMEQNqoYjZ5O4d5+6ucQuLM3funDNzD7OrLe229YBwSKAEnyAP/pyIbL5fcz5rcNiLtuqJSEz3ickn5ruE/vFmJ9/LYjvAldGWqA7bJkgPtoAHQrS5G6NdiwhFWCoxHOCgKUL+iurkCBVawyamE8d4qmSZ51clBZUlh+RG14JzEsJNcaTNLVwWd1B6vXXqkmGoYNeVUPnW3JNr4+YarPoncvebEAKNekAlokaY6N/A1NA+SBgY6Eijtz2Fs5sVWNWawysorWNJsO+q9QWzaxLTYwfojA3isZzDfSnrWvTsNiyp7pOrZURC7ejrTDEpcVpY9ab+NSioLZEiapZA5nwBxZcC8g9HeK7ccYM7TDnwmoU2vx6/NIJaUjc0b0u8YvJNle5HdJvlhbI0Y31ThqsjTGr0/+8hOOQ5nfsRYACtHiy+FDd82wAAAABJRU5ErkJggg==) " "}
/*.successful.label a:before {content:url(data:image/png;base64,iVBORw0KGgoAAAANSUhEUgAAAAwAAAAMCAYAAABWdVznAAAAGXRFWHRTb2Z0d2FyZQBBZG9iZSBJbWFnZVJlYWR5ccllPAAAA2ZpVFh0WE1MOmNvbS5hZG9iZS54bXAAAAAAADw/eHBhY2tldCBiZWdpbj0i77u/IiBpZD0iVzVNME1wQ2VoaUh6cmVTek5UY3prYzlkIj8+IDx4OnhtcG1ldGEgeG1sbnM6eD0iYWRvYmU6bnM6bWV0YS8iIHg6eG1wdGs9IkFkb2JlIFhNUCBDb3JlIDUuMy1jMDExIDY2LjE0NTY2MSwgMjAxMi8wMi8wNi0xNDo1NjoyNyAgICAgICAgIj4gPHJkZjpSREYgeG1sbnM6cmRmPSJodHRwOi8vd3d3LnczLm9yZy8xOTk5LzAyLzIyLXJkZi1zeW50YXgtbnMjIj4gPHJkZjpEZXNjcmlwdGlvbiByZGY6YWJvdXQ9IiIgeG1sbnM6eG1wTU09Imh0dHA6Ly9ucy5hZG9iZS5jb20veGFwLzEuMC9tbS8iIHhtbG5zOnN0UmVmPSJodHRwOi8vbnMuYWRvYmUuY29tL3hhcC8xLjAvc1R5cGUvUmVzb3VyY2VSZWYjIiB4bWxuczp4bXA9Imh0dHA6Ly9ucy5hZG9iZS5jb20veGFwLzEuMC8iIHhtcE1NOk9yaWdpbmFsRG9jdW1lbnRJRD0ieG1wLmRpZDpCQjU0NjU4QjIyQTNFMTExQkI5Rjk5QkQ4RkQ5RUJFQiIgeG1wTU06RG9jdW1lbnRJRD0ieG1wLmRpZDpEMDVBNThBQUEzRDUxMUUxQjdCQkM2QUNBMTNBMDExNiIgeG1wTU06SW5zdGFuY2VJRD0ieG1wLmlpZDpEMDVBNThBOUEzRDUxMUUxQjdCQkM2QUNBMTNBMDExNiIgeG1wOkNyZWF0b3JUb29sPSJBZG9iZSBQaG90b3Nob3AgQ1M2IChXaW5kb3dzKSI+IDx4bXBNTTpEZXJpdmVkRnJvbSBzdFJlZjppbnN0YW5jZUlEPSJ4bXAuaWlkOjQ4MTZDRTNCRDVBM0UxMTFBQTI2QTBCMjZENzg1Qzg5IiBzdFJlZjpkb2N1bWVudElEPSJ4bXAuZGlkOkJCNTQ2NThCMjJBM0UxMTFCQjlGOTlCRDhGRDlFQkVCIi8+IDwvcmRmOkRlc2NyaXB0aW9uPiA8L3JkZjpSREY+IDwveDp4bXBtZXRhPiA8P3hwYWNrZXQgZW5kPSJyIj8+xJ3YrgAAAYBJREFUeNpsUrtKA1EQPZtdY4gEQiD4QCsLEVGX4CP4AykEq1hYiGghCDZ+gBZWVtrZ+EAjaGOhfoAkNiaKhYWICilMEQNqoYjZ5O4d5+6ucQuLM3funDNzD7OrLe229YBwSKAEnyAP/pyIbL5fcz5rcNiLtuqJSEz3ickn5ruE/vFmJ9/LYjvAldGWqA7bJkgPtoAHQrS5G6NdiwhFWCoxHOCgKUL+iurkCBVawyamE8d4qmSZ51clBZUlh+RG14JzEsJNcaTNLVwWd1B6vXXqkmGoYNeVUPnW3JNr4+YarPoncvebEAKNekAlokaY6N/A1NA+SBgY6Eijtz2Fs5sVWNWawysorWNJsO+q9QWzaxLTYwfojA3isZzDfSnrWvTsNiyp7pOrZURC7ejrTDEpcVpY9ab+NSioLZEiapZA5nwBxZcC8g9HeK7ccYM7TDnwmoU2vx6/NIJaUjc0b0u8YvJNle5HdJvlhbI0Y31ThqsjTGr0/+8hOOQ5nfsRYACtHiy+FDd82wAAAABJRU5ErkJggg==) " "}*/

.xspecResult { width: 90%; table-layout: fixed; }

.xspecResult td,
.xspecResult th { width: 50%; }

/*.xspecResult pre { 
  margin-left: 0; 
  padding: 0.5em; 
  overflow: auto; 
  border: 1px #999 dotted;
}*/

span.scenario-totals {float: right; width: 14.5%; text-align: left}

/* OXYGEN */
span.scenario-totals {float: right; width: 34.5%; text-align: right}

h2.failed {
    background-color: #FCC;
}

h1, h2 {
    width: 86%;
    /*margin-left: 3%;*/
    
    font-size:1.4em;
    font-weight:bold;
    text-align:left;
    margin-top:1.4em;
    margin-bottom:0.7em;
    color:#333333;
    background-color:inherit;
}

h1 {
    font-size:1.7em;
}

body &gt; h1:first-child:before {
    content:"XSLT UNIT ";
}

body &gt; h2:first-of-type {
    font-size:1.7em;
}

div &gt; table &gt; tbody &gt; tr &gt; th:first-child {
    font-weight:bold;
}

div &gt; h3 {
    font-weight:bold;
    /*margin-left: 3%;*/
}

div &gt; h4 {
    font-weight:normal;
    /*margin-left: 4%;*/
}

th.result { text-align: center; }
/* OXYGEN */


/* ------------------------------------------------------------------------ */
/*  DO NOT ALTER OR REMOVE COPYRIGHT NOTICES OR THIS COMMENT.               */
/*                                                                          */
/*  Copyright (c) 2008, 2010 Jeni Tennsion                                  */
/*                                                                          */
/*  The contents of this file are subject to the MIT License (see the URI   */
/*  http://www.opensource.org/licenses/mit-license.php for details).        */
/*                                                                          */
/*  Permission is hereby granted, free of charge, to any person obtaining   */
/*  a copy of this software and associated documentation files (the         */
/*  "Software"), to deal in the Software without restriction, including     */
/*  without limitation the rights to use, copy, modify, merge, publish,     */
/*  distribute, sublicense, and/or sell copies of the Software, and to      */
/*  permit persons to whom the Software is furnished to do so, subject to   */
/*  the following conditions:                                               */
/*                                                                          */
/*  The above copyright notice and this permission notice shall be          */
/*  included in all copies or substantial portions of the Software.         */
/*                                                                          */
/*  THE SOFTWARE IS PROVIDED "AS IS", WITHOUT WARRANTY OF ANY KIND,         */
/*  EXPRESS OR IMPLIED, INCLUDING BUT NOT LIMITED TO THE WARRANTIES OF      */
/*  MERCHANTABILITY, FITNESS FOR A PARTICULAR PURPOSE AND NONINFRINGEMENT.  */
/*  IN NO EVENT SHALL THE AUTHORS OR COPYRIGHT HOLDERS BE LIABLE FOR ANY    */
/*  CLAIM, DAMAGES OR OTHER LIABILITY, WHETHER IN AN ACTION OF CONTRACT,    */
/*  TORT OR OTHERWISE, ARISING FROM, OUT OF OR IN CONNECTION WITH THE       */
/*  SOFTWARE OR THE USE OR OTHER DEALINGS IN THE SOFTWARE.                  */
/* ------------------------------------------------------------------------ */

.nobr { white-space: nowrap; }
.scenario-label { text-indent: 0px; }
.context-label { text-indent: 10px; }
.test-label { text-indent: 20px; }
.pending-label { text-indent: 30px; }


        /**/</style>
    </head><body><h1>Test Report</h1><p>Script: <a href="file:/home/jostein/xprocspec/xprocspec/src/test/xprocspec/tests/description-1.xprocspec">file:/home/jostein/xprocspec/xprocspec/src/test/xprocspec/tests/description-1.xprocspec</a></p><p>Tested: 2013-12-02T14:35:59.573+01:00</p><h2>Contents</h2><table class="xspec"><col width="75%"/><col width="5%"/><col width="5%"/><col width="5%"/><col width="5%"/><col width="5%"/><thead><tr><th/><th class="result">passed:3</th><th class="result">pending:1</th><th class="result">failed:0</th><th class="result">errors:0</th><th class="result">total:4</th></tr></thead><tbody><tr class="successful label"><th><a href="#step1">ex:identity</a></th><th class="result">3</th><th class="result">0</th><th class="result">0</th><th class="result">0</th><th class="result">3</th></tr><tr class="pending label"><th><a href="#pending-1">Not calling: file:/home/jostein/xprocspec/xprocspec/src/test/xprocspec/steps/identity.xpl</a></th><th class="result">0</th><th class="result">1</th><th class="result">0</th><th class="result">0</th><th class="result">1</th></tr></tbody></table><div id="step1"><h2 class="successful">Calling: <a href="file:/home/jostein/xprocspec/xprocspec/src/test/xprocspec/steps/identity.xpl">ex:identity</a><span class="scenario-totals">passed:3 / pending:0 /
                                        failed:0 / errors:0 / total:3</span></h2><table class="xspec"><col width="80%"/><col width="20%"/><tbody><tr class="successful label"><th class="scenario-label">identity</th><th class="nobr">passed:3 / pending:0 / failed:0 / errors:0 / total:3</th></tr><tr class="successful label"><th class="context-label">errors</th><th class="nobr">passed:1 / pending:0 / failed:0 / errors:0 / total:1</th></tr><tr class="successful label"><td class="test-label">the step should execute successfully without throwing any errors</td><td>Success</td></tr><tr class="successful label"><th class="context-label">the results</th><th class="nobr">passed:2 / pending:0 / failed:0 / errors:0 / total:2</th></tr><tr class="successful label"><td class="test-label">the option 'option' should have the value 'option-value'</td><td>Success</td></tr><tr class="successful label"><td class="test-label">the option 'option.required' should have the value 'option-value'</td><td>Success</td></tr></tbody></table></div><div id="pending-1"><h2 class="pending">Not calling: <a href="file:/home/jostein/xprocspec/xprocspec/src/test/xprocspec/steps/identity.xpl">file:/home/jostein/xprocspec/xprocspec/src/test/xprocspec/steps/identity.xpl</a><span class="scenario-totals">passed:0 / pending:1 / failed:0 /
                                    errors:0 / total:1</span></h2><table class="xspec"><col width="80%"/><col width="20%"/><tbody><tr class="pending label"><th class="scenario-label">pending scenario</th><th class="nobr">passed:0 / pending:1 / failed:0 / errors:0 / total:1</th></tr><tr class="pending"><td>Not implemented</td><td>Pending</td></tr></tbody></table></div><h2>Execution log</h2><table><thead><tr><th>Time</th><th>Severity</th><th>Message</th></tr></thead><tbody><tr style=""><td>0.000</td><td style="padding-left:0%;">INFO</td><td><code><pre>#### file:/home/jostein/xprocspec/xprocspec/src/test/xprocspec/tests/description-1.xprocspec ####</pre></code></td></tr><tr style=""><td>0.005</td><td style="padding-left:0%;">INFO</td><td><code><pre> * temporary directory: file:/tmp/xprocspec-20131202143557583/</pre></code></td></tr><tr style=""><td>0.010</td><td style="padding-left:0%;">INFO</td><td><code><pre>preprocessing...</pre></code></td></tr><tr style=""><td>0.025</td><td style="padding-left:0%;">INFO</td><td><code><pre> * checking for imports</pre></code></td></tr><tr style=""><td>0.031</td><td style="padding-left:0%;">INFO</td><td><code><pre> * checking file:/home/jostein/xprocspec/xprocspec/src/test/xprocspec/tests/description-1.xprocspec for imports</pre></code></td></tr><tr style=""><td>0.037</td><td style="padding-left:0%;">INFO</td><td><code><pre> * extracting step declarations from file:/home/jostein/xprocspec/xprocspec/src/test/xprocspec/steps/identity.xpl</pre></code></td></tr><tr style=""><td>0.043</td><td style="padding-left:0%;">INFO</td><td><code><pre> * tests reference 1 step</pre></code></td></tr><tr style=""><td>0.049</td><td style="padding-left:0%;">INFO</td><td><code><pre>   * step: e:identity</pre></code></td></tr><tr style=""><td>0.054</td><td style="padding-left:0%;">INFO</td><td><code><pre> * trying to load: file:/home/jostein/xprocspec/xprocspec/src/test/xprocspec/steps/identity.xpl</pre></code></td></tr><tr style=""><td>0.061</td><td style="padding-left:0%;">INFO</td><td><code><pre>   * success!</pre></code></td></tr><tr style=""><td>0.069</td><td style="padding-left:0%;">INFO</td><td><code><pre> * trying to extract the step declaration for {http://example.net/ns}identity from file:/home/jostein/xprocspec/xprocspec/src/test/xprocspec/steps/identity.xpl</pre></code></td></tr><tr style=""><td>0.082</td><td style="padding-left:0%;">INFO</td><td><code><pre> * creating a new x:description document for each x:scenario element with inferred inputs, options and parameters</pre></code></td></tr><tr style=""><td>0.098</td><td style="padding-left:0%;">INFO</td><td><code><pre> * validating output grammar</pre></code></td></tr><tr style=""><td>0.106</td><td style="padding-left:0%;">INFO</td><td><code><pre> * validating output grammar</pre></code></td></tr><tr style=""><td>0.113</td><td style="padding-left:0%;">INFO</td><td><code><pre>compiling...</pre></code></td></tr><tr style=""><td>0.121</td><td style="padding-left:0%;">INFO</td><td><code><pre> * created directory using Calabash's cxf:mkdir</pre></code></td></tr><tr style=""><td>0.127</td><td style="padding-left:0%;">INFO</td><td><code><pre> * converting test 'test1' to XProc</pre></code></td></tr><tr style=""><td>0.142</td><td style="padding-left:0%;">INFO</td><td><code><pre>   * done</pre></code></td></tr><tr style=""><td>0.149</td><td style="padding-left:0%;">INFO</td><td><code><pre> * validating output grammar for file:/home/jostein/xprocspec/xprocspec/src/test/xprocspec/tests/description-1.xprocspec</pre></code></td></tr><tr style=""><td>0.156</td><td style="padding-left:0%;">INFO</td><td><code><pre>   * done!</pre></code></td></tr><tr style=""><td>0.164</td><td style="padding-left:0%;">INFO</td><td><code><pre> * converting test 'test2' to XProc</pre></code></td></tr><tr style=""><td>0.176</td><td style="padding-left:0%;">INFO</td><td><code><pre>   * done</pre></code></td></tr><tr style=""><td>0.182</td><td style="padding-left:0%;">INFO</td><td><code><pre> * validating output grammar for file:/home/jostein/xprocspec/xprocspec/src/test/xprocspec/tests/description-1.xprocspec</pre></code></td></tr><tr style=""><td>0.189</td><td style="padding-left:0%;">INFO</td><td><code><pre>   * done!</pre></code></td></tr><tr style=""><td>0.196</td><td style="padding-left:0%;">INFO</td><td><code><pre> * using as temporary directory: file:/tmp/xprocspec-20131202143557583/xprocspec-20131202143559115/</pre></code></td></tr><tr style=""><td>0.202</td><td style="padding-left:0%;">INFO</td><td><code><pre>storing...</pre></code></td></tr><tr style=""><td>0.213</td><td style="padding-left:0%;">INFO</td><td><code><pre>running...</pre></code></td></tr><tr style=""><td>0.221</td><td style="padding-left:0%;">INFO</td><td><code><pre>   * loading 'file:/tmp/xprocspec-20131202143557583/test1.xpl'</pre></code></td></tr><tr style=""><td>0.279</td><td style="padding-left:0%;">INFO</td><td><code><pre>   * loading 'file:/tmp/xprocspec-20131202143557583/test2.xpl'</pre></code></td></tr><tr style=""><td>0.320</td><td style="padding-left:0%;">INFO</td><td><code><pre>evaluating...</pre></code></td></tr><tr style=""><td>0.332</td><td style="padding-left:0%;">INFO</td><td><code><pre> * evaluating scenario 'identity' (file:/home/jostein/xprocspec/xprocspec/src/test/xprocspec/tests/description-1.xprocspec)</pre></code></td></tr><tr style=""><td>0.339</td><td style="padding-left:0%;">INFO</td><td><code><pre>   * resolving x:document elements...</pre></code></td></tr><tr style=""><td>0.350</td><td style="padding-left:0%;">INFO</td><td><code><pre>    * no errors occured</pre></code></td></tr><tr style=""><td>0.383</td><td style="padding-left:0%;">INFO</td><td><code><pre>   * grouping x:expect elements with their x:context...</pre></code></td></tr><tr style=""><td>0.393</td><td style="padding-left:0%;">INFO</td><td><code><pre>   * evaluating each context/expect group...</pre></code></td></tr><tr style=""><td>0.402</td><td style="padding-left:0%;">INFO</td><td><code><pre>     * setting context to 'errors'</pre></code></td></tr><tr style=""><td>0.409</td><td style="padding-left:0%;">INFO</td><td><code><pre>       * testing assertion 'the step should execute successfully without throwing any errors'</pre></code></td></tr><tr style=""><td>0.417</td><td style="padding-left:0%;">INFO</td><td><code><pre>         * is document count assertion</pre></code></td></tr><tr style=""><td>0.425</td><td style="padding-left:0%;">INFO</td><td><code><pre>         * assertion passed</pre></code></td></tr><tr style=""><td>0.435</td><td style="padding-left:0%;">INFO</td><td><code><pre>     * setting context to 'the results'</pre></code></td></tr><tr style=""><td>0.442</td><td style="padding-left:0%;">INFO</td><td><code><pre>       * testing assertion 'the option 'option' should have the value 'option-value''</pre></code></td></tr><tr style=""><td>0.452</td><td style="padding-left:0%;">INFO</td><td><code><pre>         * is xpath assertion</pre></code></td></tr><tr style=""><td>0.465</td><td style="padding-left:0%;">INFO</td><td><code><pre>       * testing assertion 'the option 'option.required' should have the value 'option-value''</pre></code></td></tr><tr style=""><td>0.473</td><td style="padding-left:0%;">INFO</td><td><code><pre>         * is xpath assertion</pre></code></td></tr><tr style=""><td>0.491</td><td style="padding-left:0%;">INFO</td><td><code><pre> * skipping scenario 'pending scenario' (file:/home/jostein/xprocspec/xprocspec/src/test/xprocspec/tests/description-1.xprocspec)</pre></code></td></tr><tr style=""><td>0.501</td><td style="padding-left:0%;">INFO</td><td><code><pre>reporting...</pre></code></td></tr></tbody></table><link rel="stylesheet" href="http://yandex.st/highlightjs/7.3/styles/default.min.css"/><script type="text/javascript" src="http://yandex.st/highlightjs/7.3/highlight.min.js" xml:space="preserve"> </script><script type="text/javascript">hljs.initHighlightingOnLoad();</script></body></html></x:document></x:output><x:output port="junit"><x:document xml:base="file:/home/jostein/xprocspec/xprocspec/src/main/resources/content/xml/xproc/report/report.xpl" xml:space="preserve" type="inline"><testsuites tests="4" failures="0" time="0.51" errors="0" name="description1"><testsuite timestamp="2013-12-02T13:35:59.517Z" hostname="localhost" tests="3" errors="0" failures="0" skipped="0" id="d4499e1" name="identity" package="http://example.net/ns" time="0.008">
<properties>

<property name="option: option" value="option-value"/>
<property name="option: option.required" value="option.required-value"/>

</properties>
<testcase name="theStepShouldExecuteSuccessfullyWithoutThrowingAnyErrors" classname="identity" assertions="1" time="0" status="SUCCESS"><system-out>the step should execute successfully without throwing any errors: SUCCESS</system-out>
<system-err/></testcase><testcase name="theOptionOptionShouldHaveTheValueOptionvalue" classname="identity" assertions="1" time="0" status="SUCCESS"><system-out>the option 'option' should have the value 'option-value': SUCCESS</system-out>
<system-err/></testcase><testcase name="theOptionOptionRequiredShouldHaveTheValueOptionvalue" classname="identity" assertions="1" time="0" status="SUCCESS"><system-out>the option 'option.required' should have the value 'option-value': SUCCESS</system-out>
<system-err/></testcase></testsuite><testsuite timestamp="2013-12-02T13:35:59.526Z" hostname="localhost" tests="1" errors="0" failures="0" skipped="1" id="d4509e1" name="pendingScenario" time="0">
<properties>


</properties>
<testcase name="pendingScenario-pendingScenario" classname="pendingScenario" assertions="1" time="0"><skipped type="xprocspec.skip" message="Not implemented">Not implemented</skipped><system-out>pending scenario: SKIPPED</system-out></testcase></testsuite></testsuites></x:document></x:output><x:test-result type="count" label="the step should execute successfully without throwing any errors" max="0" contextref="errors" result="passed">
                                                        <x:expected>At most 0 documents.</x:expected>
                                                    <x:was>0</x:was></x:test-result><x:test-result label="there should be at least one test, and none of the tests should fail" type="xpath" test="not(/*/@tests='0') and /*/@failures='0' and /*/@errors='0'" contextref="context0" result="passed"><x:expected xml:space="preserve">XPath: true()
Value: true</x:expected><x:was xml:space="preserve">XPath: not(/*/@tests='0') and /*/@failures='0' and /*/@errors='0'
Value: true</x:was></x:test-result><x:test-result label="one of the tests should be pending" type="xpath" test="sum(/*/testsuite/number(@skipped))=1" contextref="context0" result="passed"><x:expected xml:space="preserve">XPath: true()
Value: true</x:expected><x:was xml:space="preserve">XPath: sum(/*/testsuite/number(@skipped))=1
Value: true</x:was></x:test-result></x:description><x:description xmlns:cx="http://xmlcalabash.com/ns/extensions" xmlns:c="http://www.w3.org/ns/xproc-step" xml:base="file:/home/jostein/xprocspec/xprocspec/src/test/xprocspec/test.xprocspec" test-base-uri="file:/home/jostein/xprocspec/xprocspec/src/test/xprocspec/test.xprocspec" script="file:/home/jostein/xprocspec/xprocspec/src/main/resources/content/xml/xproc/xprocspec.xpl" test-grammar="xprocspec" temp-dir="file:/tmp/xprocspec-20131202143557583/"><x:step-declaration><p:declare-step xmlns:p="http://www.w3.org/ns/xproc" xmlns:px="http://www.daisy.org/ns/xprocspec" xmlns:pxi="http://www.daisy.org/ns/xprocspec/xproc-internal/" xmlns:pkg="http://expath.org/ns/pkg" type="px:xprocspec" name="main" version="1.0" xpath-version="2.0" pkg:import-uri="http://www.daisy.org/ns/xprocspec/xprocspec.xpl" x:type="{http://www.daisy.org/ns/xprocspec}xprocspec"><p:input port="source" kind="document" sequence="false" primary="true"/><p:output port="result" kind="document" sequence="false" primary="false"><p:pipe port="result" step="report"/></p:output><p:output port="html" kind="document" sequence="false" primary="false"><p:pipe port="html" step="report"/></p:output><p:output port="junit" kind="document" sequence="false" primary="false"><p:pipe port="junit" step="report"/></p:output><p:option name="temp-dir" select="'file:/tmp/'"/><p:option name="step-available-rng" select="'false'"/></p:declare-step></x:step-declaration><x:scenario end-time="2013-12-02T13:36:01.094Z" label="the import element - two imports" start-time="2013-12-02T13:35:59.911Z"><x:call x:type="{http://www.daisy.org/ns/xprocspec}xprocspec" step="x:xprocspec"><x:option select="$temp-dir" name="temp-dir" value="file:/tmp/xprocspec-20131202143557583/"/><x:input port="source">
                    <x:document xml:base="file:/home/jostein/xprocspec/xprocspec/src/test/xprocspec/test.xprocspec" xml:space="preserve" type="inline"><?xml-model href="http://www.daisy.org/ns/xprocspec/xprocspec.rng" type="application/xml" schematypens="http://relaxng.org/ns/structure/1.0"?><x:description xmlns:e="http://example.net/ns" script="../steps/identity.xpl">
    
    <x:import href="import-1a.xprocspec"/>
    <x:import href="import-1b.xprocspec"/>
    
    <x:scenario label="identity">
        <x:call step="e:identity">
            <x:option name="option.required" select="'import 1'"/>
        </x:call>
        <x:context label="the results">
            <x:document type="port" port="options"/>
        </x:context>
        <x:expect type="xpath" label="the option 'option.required' should have the value 'import 1'" test="/*/*[@name='option.required']/@value='import 1'"/>
    </x:scenario>
    
</x:description></x:document>
                </x:input></x:call>
                                                <x:context label="errors" id="errors">
                                                    
                                                </x:context>
                                            
                                                <x:expect type="count" label="the step should execute successfully without throwing any errors" max="0" contextref="errors"/>
                                            <x:context label="the junit output port" id="context1">
                <x:document xml:base="file:/home/jostein/xprocspec/xprocspec/src/main/resources/content/xml/xproc/report/report.xpl" xml:space="preserve" type="inline"><testsuites tests="6" failures="0" time="1.007" errors="0" name="import1"><testsuite timestamp="2013-12-02T13:36:00.935Z" hostname="localhost" tests="2" errors="0" failures="0" skipped="0" id="d7196e1" name="identity" package="http://example.net/ns" time="0.007">
<properties>

<property name="option: option.required" value="import 1a"/>

</properties>
<testcase name="theStepShouldExecuteSuccessfullyWithoutThrowingAnyErrors" classname="identity" assertions="1" time="0" status="SUCCESS"><system-out>the step should execute successfully without throwing any errors: SUCCESS</system-out>
<system-err/></testcase><testcase name="theOptionOptionRequiredShouldHaveTheValueImport1a" classname="identity" assertions="1" time="0" status="SUCCESS"><system-out>the option 'option.required' should have the value 'import 1a': SUCCESS</system-out>
<system-err/></testcase></testsuite><testsuite timestamp="2013-12-02T13:36:00.945Z" hostname="localhost" tests="2" errors="0" failures="0" skipped="0" id="d7204e1" name="identity" package="http://example.net/ns" time="0.008">
<properties>

<property name="option: option.required" value="import 1b"/>

</properties>
<testcase name="theStepShouldExecuteSuccessfullyWithoutThrowingAnyErrors" classname="identity" assertions="1" time="0" status="SUCCESS"><system-out>the step should execute successfully without throwing any errors: SUCCESS</system-out>
<system-err/></testcase><testcase name="theOptionOptionRequiredShouldHaveTheValueImport1b" classname="identity" assertions="1" time="0" status="SUCCESS"><system-out>the option 'option.required' should have the value 'import 1b': SUCCESS</system-out>
<system-err/></testcase></testsuite><testsuite timestamp="2013-12-02T13:36:00.956Z" hostname="localhost" tests="2" errors="0" failures="0" skipped="0" id="d7211e1" name="identity" package="http://example.net/ns" time="0.007">
<properties>

<property name="option: option.required" value="import 1"/>

</properties>
<testcase name="theStepShouldExecuteSuccessfullyWithoutThrowingAnyErrors" classname="identity" assertions="1" time="0" status="SUCCESS"><system-out>the step should execute successfully without throwing any errors: SUCCESS</system-out>
<system-err/></testcase><testcase name="theOptionOptionRequiredShouldHaveTheValueImport1" classname="identity" assertions="1" time="0" status="SUCCESS"><system-out>the option 'option.required' should have the value 'import 1': SUCCESS</system-out>
<system-err/></testcase></testsuite></testsuites></x:document>
            </x:context><x:expect label="there should be at least one test, and none of the tests should fail" type="xpath" test="not(/*/@tests='0') and /*/@failures='0' and /*/@errors='0'" contextref="context1"/></x:scenario><x:output port="result"><x:document xml:base="file:/home/jostein/xprocspec/xprocspec/src/main/resources/content/xml/xproc/report/report.xpl" xml:space="preserve" type="inline"><x:test-report><x:description xml:base="file:/home/jostein/xprocspec/xprocspec/src/test/xprocspec/tests/import-1.xprocspec" test-base-uri="file:/home/jostein/xprocspec/xprocspec/src/test/xprocspec/tests/import-1.xprocspec" script="file:/home/jostein/xprocspec/xprocspec/src/test/xprocspec/steps/identity.xpl" test-grammar="xprocspec" temp-dir="file:/tmp/xprocspec-20131202143557583/xprocspec-20131202143600093/"><x:step-declaration><p:declare-step xmlns:p="http://www.w3.org/ns/xproc" xmlns:ex="http://example.net/ns" name="main" type="ex:identity" version="1.0" x:type="{http://example.net/ns}identity"><p:input port="source.document.primary" kind="document" primary="true" sequence="false"><p:inline>
            <source.document.primary.default/>
        </p:inline></p:input><p:input port="source.document.secondary.sequence" kind="document" sequence="true" primary="false"><p:inline>
            <source.document.secondary.sequence/>
        </p:inline></p:input><p:input select="/*/*" port="source.document.secondary.select-children" kind="document" sequence="true" primary="false"><p:inline>
            <default>
                <default/>
                <default/>
            </default>
        </p:inline></p:input><p:input port="source.parameter.primary.sequence" primary="true" kind="parameter" sequence="true"/><p:output port="result.document.primary" kind="document" primary="true" sequence="false"><p:pipe port="source.document.primary" step="main"/></p:output><p:output port="result.document.secondary.sequence" kind="document" sequence="true" primary="false"><p:pipe port="source.document.secondary.sequence" step="main"/></p:output><p:output port="result.document.secondary.select-children" kind="document" sequence="true" primary="false"><p:pipe port="source.document.secondary.select-children" step="main"/></p:output><p:output port="result.parameter.primary" kind="document" sequence="false" primary="false"><p:pipe port="result" step="parameters"/></p:output><p:output port="options" kind="document" sequence="false" primary="false"><p:pipe port="result" step="options"/></p:output><p:option name="option"/><p:option name="option.required" required="true"/><p:option name="option.default" select="'default'"/></p:declare-step></x:step-declaration><x:scenario xmlns:e="http://example.net/ns" end-time="2013-12-02T13:36:00.281Z" label="identity" start-time="2013-12-02T13:36:00.274Z"><x:call x:type="{http://example.net/ns}identity" step="e:identity"><x:option select="'import 1a'" name="option.required" value=""/></x:call>
                                                <x:context label="errors" id="errors">
                                                    
                                                </x:context>
                                            
                                                <x:expect type="count" label="the step should execute successfully without throwing any errors" max="0" contextref="errors"/>
                                            <x:context label="the results" id="context0">
            <x:document xml:base="file:/home/jostein/xprocspec/xprocspec/src/test/xprocspec/steps/identity.xpl" xml:space="preserve" type="inline">
                <c:options xmlns:ex="http://example.net/ns">
                    
                    <c:option name="option.required" value="import 1a"/>
                    <c:option name="option.default" value="default"/>
                </c:options>
            </x:document>
        </x:context><x:expect type="xpath" label="the option 'option.required' should have the value 'import 1a'" test="/*/*[@name='option.required']/@value='import 1a'" contextref="context0"/></x:scenario><x:output port="result.document.primary"><x:document xml:base="file:/home/jostein/xprocspec/xprocspec/src/test/xprocspec/tests/import-1.xprocspec" xml:space="preserve" type="inline">
            <source.document.primary.default xmlns:ex="http://example.net/ns"/>
        </x:document></x:output><x:output port="result.document.secondary.sequence"><x:document xml:base="file:/home/jostein/xprocspec/xprocspec/src/test/xprocspec/steps/identity.xpl" xml:space="preserve" type="inline">
            <source.document.secondary.sequence xmlns:ex="http://example.net/ns"/>
        </x:document></x:output><x:output port="result.document.secondary.select-children"><x:document xml:base="file:/home/jostein/xprocspec/xprocspec/src/test/xprocspec/steps/identity.xpl" xml:space="preserve" type="inline"><default xmlns:ex="http://example.net/ns"/></x:document><x:document xml:base="file:/home/jostein/xprocspec/xprocspec/src/test/xprocspec/steps/identity.xpl" xml:space="preserve" type="inline"><default xmlns:ex="http://example.net/ns"/></x:document></x:output><x:output port="result.parameter.primary"><x:document xml:base="file:/home/jostein/xprocspec/xprocspec/src/test/xprocspec/steps/identity.xpl" xml:space="preserve" type="inline"><c:param-set/></x:document></x:output><x:output port="options"><x:document xml:base="file:/home/jostein/xprocspec/xprocspec/src/test/xprocspec/steps/identity.xpl" xml:space="preserve" type="inline">
                <c:options xmlns:ex="http://example.net/ns">
                    
                    <c:option name="option.required" value="import 1a"/>
                    <c:option name="option.default" value="default"/>
                </c:options>
            </x:document></x:output><x:test-result xmlns:e="http://example.net/ns" type="count" label="the step should execute successfully without throwing any errors" max="0" contextref="errors" result="passed">
                                                        <x:expected>At most 0 documents.</x:expected>
                                                    <x:was>0</x:was></x:test-result><x:test-result xmlns:e="http://example.net/ns" type="xpath" label="the option 'option.required' should have the value 'import 1a'" test="/*/*[@name='option.required']/@value='import 1a'" contextref="context0" result="passed"><x:expected xml:space="preserve">XPath: true()
Value: true</x:expected><x:was xml:space="preserve">XPath: /*/*[@name='option.required']/@value='import 1a'
Value: true</x:was></x:test-result></x:description><x:description xml:base="file:/home/jostein/xprocspec/xprocspec/src/test/xprocspec/tests/import-1.xprocspec" test-base-uri="file:/home/jostein/xprocspec/xprocspec/src/test/xprocspec/tests/import-1.xprocspec" script="file:/home/jostein/xprocspec/xprocspec/src/test/xprocspec/steps/identity.xpl" test-grammar="xprocspec" temp-dir="file:/tmp/xprocspec-20131202143557583/xprocspec-20131202143600093/"><x:step-declaration><p:declare-step xmlns:p="http://www.w3.org/ns/xproc" xmlns:ex="http://example.net/ns" name="main" type="ex:identity" version="1.0" x:type="{http://example.net/ns}identity"><p:input port="source.document.primary" kind="document" primary="true" sequence="false"><p:inline>
            <source.document.primary.default/>
        </p:inline></p:input><p:input port="source.document.secondary.sequence" kind="document" sequence="true" primary="false"><p:inline>
            <source.document.secondary.sequence/>
        </p:inline></p:input><p:input select="/*/*" port="source.document.secondary.select-children" kind="document" sequence="true" primary="false"><p:inline>
            <default>
                <default/>
                <default/>
            </default>
        </p:inline></p:input><p:input port="source.parameter.primary.sequence" primary="true" kind="parameter" sequence="true"/><p:output port="result.document.primary" kind="document" primary="true" sequence="false"><p:pipe port="source.document.primary" step="main"/></p:output><p:output port="result.document.secondary.sequence" kind="document" sequence="true" primary="false"><p:pipe port="source.document.secondary.sequence" step="main"/></p:output><p:output port="result.document.secondary.select-children" kind="document" sequence="true" primary="false"><p:pipe port="source.document.secondary.select-children" step="main"/></p:output><p:output port="result.parameter.primary" kind="document" sequence="false" primary="false"><p:pipe port="result" step="parameters"/></p:output><p:output port="options" kind="document" sequence="false" primary="false"><p:pipe port="result" step="options"/></p:output><p:option name="option"/><p:option name="option.required" required="true"/><p:option name="option.default" select="'default'"/></p:declare-step></x:step-declaration><x:scenario xmlns:e="http://example.net/ns" end-time="2013-12-02T13:36:00.369Z" label="identity" start-time="2013-12-02T13:36:00.361Z"><x:call x:type="{http://example.net/ns}identity" step="e:identity"><x:option select="'import 1b'" name="option.required" value=""/></x:call>
                                                <x:context label="errors" id="errors">
                                                    
                                                </x:context>
                                            
                                                <x:expect type="count" label="the step should execute successfully without throwing any errors" max="0" contextref="errors"/>
                                            <x:context label="the results" id="context1">
            <x:document xml:base="file:/home/jostein/xprocspec/xprocspec/src/test/xprocspec/steps/identity.xpl" xml:space="preserve" type="inline">
                <c:options xmlns:ex="http://example.net/ns">
                    
                    <c:option name="option.required" value="import 1b"/>
                    <c:option name="option.default" value="default"/>
                </c:options>
            </x:document>
        </x:context><x:expect type="xpath" label="the option 'option.required' should have the value 'import 1b'" test="/*/*[@name='option.required']/@value='import 1b'" contextref="context1"/></x:scenario><x:output port="result.document.primary"><x:document xml:base="file:/home/jostein/xprocspec/xprocspec/src/test/xprocspec/tests/import-1.xprocspec" xml:space="preserve" type="inline">
            <source.document.primary.default xmlns:ex="http://example.net/ns"/>
        </x:document></x:output><x:output port="result.document.secondary.sequence"><x:document xml:base="file:/home/jostein/xprocspec/xprocspec/src/test/xprocspec/steps/identity.xpl" xml:space="preserve" type="inline">
            <source.document.secondary.sequence xmlns:ex="http://example.net/ns"/>
        </x:document></x:output><x:output port="result.document.secondary.select-children"><x:document xml:base="file:/home/jostein/xprocspec/xprocspec/src/test/xprocspec/steps/identity.xpl" xml:space="preserve" type="inline"><default xmlns:ex="http://example.net/ns"/></x:document><x:document xml:base="file:/home/jostein/xprocspec/xprocspec/src/test/xprocspec/steps/identity.xpl" xml:space="preserve" type="inline"><default xmlns:ex="http://example.net/ns"/></x:document></x:output><x:output port="result.parameter.primary"><x:document xml:base="file:/home/jostein/xprocspec/xprocspec/src/test/xprocspec/steps/identity.xpl" xml:space="preserve" type="inline"><c:param-set/></x:document></x:output><x:output port="options"><x:document xml:base="file:/home/jostein/xprocspec/xprocspec/src/test/xprocspec/steps/identity.xpl" xml:space="preserve" type="inline">
                <c:options xmlns:ex="http://example.net/ns">
                    
                    <c:option name="option.required" value="import 1b"/>
                    <c:option name="option.default" value="default"/>
                </c:options>
            </x:document></x:output><x:test-result xmlns:e="http://example.net/ns" type="count" label="the step should execute successfully without throwing any errors" max="0" contextref="errors" result="passed">
                                                        <x:expected>At most 0 documents.</x:expected>
                                                    <x:was>0</x:was></x:test-result><x:test-result xmlns:e="http://example.net/ns" type="xpath" label="the option 'option.required' should have the value 'import 1b'" test="/*/*[@name='option.required']/@value='import 1b'" contextref="context1" result="passed"><x:expected xml:space="preserve">XPath: true()
Value: true</x:expected><x:was xml:space="preserve">XPath: /*/*[@name='option.required']/@value='import 1b'
Value: true</x:was></x:test-result></x:description><x:description xml:base="file:/home/jostein/xprocspec/xprocspec/src/test/xprocspec/tests/import-1.xprocspec" test-base-uri="file:/home/jostein/xprocspec/xprocspec/src/test/xprocspec/tests/import-1.xprocspec" script="file:/home/jostein/xprocspec/xprocspec/src/test/xprocspec/steps/identity.xpl" test-grammar="xprocspec" temp-dir="file:/tmp/xprocspec-20131202143557583/xprocspec-20131202143600093/"><x:step-declaration><p:declare-step xmlns:p="http://www.w3.org/ns/xproc" xmlns:ex="http://example.net/ns" name="main" type="ex:identity" version="1.0" x:type="{http://example.net/ns}identity"><p:input port="source.document.primary" kind="document" primary="true" sequence="false"><p:inline>
            <source.document.primary.default/>
        </p:inline></p:input><p:input port="source.document.secondary.sequence" kind="document" sequence="true" primary="false"><p:inline>
            <source.document.secondary.sequence/>
        </p:inline></p:input><p:input select="/*/*" port="source.document.secondary.select-children" kind="document" sequence="true" primary="false"><p:inline>
            <default>
                <default/>
                <default/>
            </default>
        </p:inline></p:input><p:input port="source.parameter.primary.sequence" primary="true" kind="parameter" sequence="true"/><p:output port="result.document.primary" kind="document" primary="true" sequence="false"><p:pipe port="source.document.primary" step="main"/></p:output><p:output port="result.document.secondary.sequence" kind="document" sequence="true" primary="false"><p:pipe port="source.document.secondary.sequence" step="main"/></p:output><p:output port="result.document.secondary.select-children" kind="document" sequence="true" primary="false"><p:pipe port="source.document.secondary.select-children" step="main"/></p:output><p:output port="result.parameter.primary" kind="document" sequence="false" primary="false"><p:pipe port="result" step="parameters"/></p:output><p:output port="options" kind="document" sequence="false" primary="false"><p:pipe port="result" step="options"/></p:output><p:option name="option"/><p:option name="option.required" required="true"/><p:option name="option.default" select="'default'"/></p:declare-step></x:step-declaration><x:scenario xmlns:e="http://example.net/ns" end-time="2013-12-02T13:36:00.424Z" label="identity" start-time="2013-12-02T13:36:00.417Z"><x:call x:type="{http://example.net/ns}identity" step="e:identity"><x:option select="'import 1'" name="option.required" value=""/></x:call>
                                                <x:context label="errors" id="errors">
                                                    
                                                </x:context>
                                            
                                                <x:expect type="count" label="the step should execute successfully without throwing any errors" max="0" contextref="errors"/>
                                            <x:context label="the results" id="context2">
            <x:document xml:base="file:/home/jostein/xprocspec/xprocspec/src/test/xprocspec/steps/identity.xpl" xml:space="preserve" type="inline">
                <c:options xmlns:ex="http://example.net/ns">
                    
                    <c:option name="option.required" value="import 1"/>
                    <c:option name="option.default" value="default"/>
                </c:options>
            </x:document>
        </x:context><x:expect type="xpath" label="the option 'option.required' should have the value 'import 1'" test="/*/*[@name='option.required']/@value='import 1'" contextref="context2"/></x:scenario><x:output port="result.document.primary"><x:document xml:base="file:/home/jostein/xprocspec/xprocspec/src/test/xprocspec/tests/import-1.xprocspec" xml:space="preserve" type="inline">
            <source.document.primary.default xmlns:ex="http://example.net/ns"/>
        </x:document></x:output><x:output port="result.document.secondary.sequence"><x:document xml:base="file:/home/jostein/xprocspec/xprocspec/src/test/xprocspec/steps/identity.xpl" xml:space="preserve" type="inline">
            <source.document.secondary.sequence xmlns:ex="http://example.net/ns"/>
        </x:document></x:output><x:output port="result.document.secondary.select-children"><x:document xml:base="file:/home/jostein/xprocspec/xprocspec/src/test/xprocspec/steps/identity.xpl" xml:space="preserve" type="inline"><default xmlns:ex="http://example.net/ns"/></x:document><x:document xml:base="file:/home/jostein/xprocspec/xprocspec/src/test/xprocspec/steps/identity.xpl" xml:space="preserve" type="inline"><default xmlns:ex="http://example.net/ns"/></x:document></x:output><x:output port="result.parameter.primary"><x:document xml:base="file:/home/jostein/xprocspec/xprocspec/src/test/xprocspec/steps/identity.xpl" xml:space="preserve" type="inline"><c:param-set/></x:document></x:output><x:output port="options"><x:document xml:base="file:/home/jostein/xprocspec/xprocspec/src/test/xprocspec/steps/identity.xpl" xml:space="preserve" type="inline">
                <c:options xmlns:ex="http://example.net/ns">
                    
                    <c:option name="option.required" value="import 1"/>
                    <c:option name="option.default" value="default"/>
                </c:options>
            </x:document></x:output><x:test-result xmlns:e="http://example.net/ns" type="count" label="the step should execute successfully without throwing any errors" max="0" contextref="errors" result="passed">
                                                        <x:expected>At most 0 documents.</x:expected>
                                                    <x:was>0</x:was></x:test-result><x:test-result xmlns:e="http://example.net/ns" type="xpath" label="the option 'option.required' should have the value 'import 1'" test="/*/*[@name='option.required']/@value='import 1'" contextref="context2" result="passed"><x:expected xml:space="preserve">XPath: true()
Value: true</x:expected><x:was xml:space="preserve">XPath: /*/*[@name='option.required']/@value='import 1'
Value: true</x:was></x:test-result></x:description></x:test-report></x:document></x:output><x:output port="html"><x:document xml:base="file:/home/jostein/xprocspec/xprocspec/src/main/resources/content/xml/xproc/report/report-template.xhtml" xml:space="preserve" type="inline"><html xmlns="http://www.w3.org/1999/xhtml"><head><title>Test Report for file:/home/jostein/xprocspec/xprocspec/src/test/xprocspec/tests/import-1.xprocspec (passed:6 / pending:0 / failed:0 / errors:0 / total:6)</title>
        <meta charset="utf-8"/>
        <style type="text/css" xml:space="preserve">/**/
/****************************************************************************/
/*  File:       test-report.css                                             */
/*  Author:     Jeni Tennsion                                               */
/*  URI:        http://xspec.googlecode.com/                                */
/*  Tags:                                                                   */
/*    Copyright (c) 2008, 2010 Jeni Tennsion (see end of file.)             */
/* ------------------------------------------------------------------------ */


/* test */

/* box model */

body {
	margin-right: 1em;
	/*margin-left: 10%;*/
	}

h1 {
	padding: 0.3em 0.5em 0.3em 0.5em;
	position: relative;
	}

h2 {
	padding: 0.1em 0.5em 0.2em 0.5em;
	}

h3 {
	padding-left: 0.6em;
	}

h4 {
	padding-left: 0.8em;
	}

p, table {
	/*margin-left: 5%;*/
	}

dd ul, dd ol {
	margin-left: 0%;
	}

li ul, li ol {
	/*margin-left: 5%;*/
	}

dl, ul, ol, blockquote {
	/*margin-left: 10%;*/
	}

dt {
  padding-top: 3px;
  padding-bottom: 3px;
	clear: both;
	}

dd p {
	/*margin-left: -5px;*/
	margin-top: 5px;
	clear: both;
	}

p.link {
	margin-top: 4px;
	margin-bottom: 0px;
	clear: both;
	}

tr td, td p, li, li p {
	margin-left: 0%;
	}

td:nth-child(2) {
	padding-left: 5%;
	}

.link img, dt img {
	vertical-align: middle;
	position: relative;
	top: -5px;
	}

img {
	position: relative;
	}

#xml-link {
	position: absolute;
	left: 5px;
	top: 5px;
	width: 10%;
	margin-left: 0%;
	}

#link-up {
	position: absolute;
	left: 93%;
	right: 2em;
	top: 0.3em;
	}

#link-top {
	position: absolute;
	left: 89%;
	right: 4em;
	top: 0.3em;
	}
	
.popup {
	display: block;
	visibility: hidden;
	float: right;
	position: absolute;
	top: 5px;
	left: -200px;
	z-index: 1;
	padding: 0.3em;
	width: 220px;
	}

.note {
	position: relative;
	}

.post {
	/*margin-left: 5%;*/
	padding-top: 1em;
	}
	
.example, .sidebar {
  /*margin-left: 5%;*/
  margin-top: 1em;
  margin-bottom: 1em;
  }

/*pre {
	padding-left: 5%;
	margin-left: 5%;
	}*/

/*dd pre, li pre {
	padding-left: 5%;
	}*/

/* fonts */
/* Oxygen  */
body, table {
    font-family:arial, helvetica, sans-serif;
    font-size:12px;
}
/* Oxygen  */

/*body {
	font-family: Verdana, arial, sans-serif;
	font-size: small;
	}*/	

/*h1, h2, h3, h4, h5, h6 {
	font-family: 'trebuchet MS', arial, sans-serif;
	}*/

h1 {
	font-size: 173%;
	font-weight: bold;
	}

h2 {
	font-size: 144%;
	font-weight: normal;
	}

h3 {
	font-size: 120%;
	font-weight: normal;
	}

h4 {
  font-size: 100%;
  font-weight: bold;
}

dt {
	font-weight: bold;
	}

a:link, a:visited, a:active, a:hover {
	font-weight: bold;
	}

a.offsite:link, a.offsite:visited, a.offsite:active, a.offsite:hover {
	font-weight: normal;
	}

/* suppress the normal italics */
address {
	font-style: normal;
	}

div.example, .sidebar {
  font-family: Verdana, arial, sans-serif;
  font-size: 100%;
  }


.note, .link {
	font-family: Verdana, arial, sans-serif;
	/*font-size: 83%;*/
	}

/*.example, .string, .rtf, .code, pre, code {
	font-family: "Lucida Console", "Courier New", monospace;*/
  /*font-size: 83%;*/
/*	}*/

.boolean {
	font-style: italic;
	}

#colophon, #xml-link {
	font-size: 69%;
	}

.question, .title {
	font-weight: bold;
	}

/* colours */
body {
	background-color: white;
	color: black;
	border: 0px none black;
	}

/* this is to make Navigator fill the entire line */
h1, h2 {
	border: 1px solid white;
	width: auto;
	}

h1 {
	/*background: #606;*/
	/*color: #6F6;*/
	}

h2 {
	color: #606;
	/*background: #CFC;*/
	}

hr {
	color: #606;
	background: white;
	}

img, a:link img, a:visited img, a:hover img, a:active img, #link-up img, #link-top img {
	border: 0px none white;
	background: transparent;
	}

/* OXYGEN */
a, a:visited {
    color:rgb(0, 0, 150);
    background-color:inherit;
    font-weight: bold;
}
a:link, a:visited {
    text-decoration:none; 
}
a:hover {
    text-decoration:underline;
}

/* OXYGEN */

a.img:hover, a.img:active {
	background: transparent;
	}

#colophon, #xml-link, .note {
	color: #666;
	}

#colophon a:link, #colophon a:visited, #colophon a:hover,
#xml-link a:link, #xml-link a:visited, #xml-link a:hover,
.note a:link, .note a:visited, .note a:hover {
	color: #969;
	background: transparent;
	}

#colophon a:hover, #xml-link a:hover, .note a:hover {
	background: #CFC;
	color: #969;
	}

.popup {
	background: white;
	border: 1px solid #606;
	}

.post {
	border-top: 2px solid #606;
	}
	
.example {
  border-top: 2px solid #606;
  border-bottom: 2px solid #606;
  }
  
.sidebar {
  border-top: 2px solid #090;
  border-bottom: 2px solid #090;
  }
  
.rng {
  border-left: 2px solid #666;
  }

.same {
  background-color: rgb(206, 239, 174);
}

.diff {
  background-color: #FCC;
}

.whitespace {
	font-style: italic;
	color: #999;
	background: white;
}

.ignored {
  font-style: italic;
  color: #999;
  background: white;
}

.hit {
}

.missed {
  background-color: #A33;
  color: white;
}

/* text */
ol ol li {
	list-style: lower-alpha;
	}

th {
	text-align: left;
	}

td {
	vertical-align: top;
	}

h1 {
	text-transform: uppercase;
	}

h2, h3 {
	/*text-transform: capitalize;*/
	}

.question {
	text-indent: -33px;
	}

.byline {
	text-align: right;
	}

#link-top, #link-up {
	text-align: right;
	}

a {
	text-decoration: none;
	}

table { width: 85%;
        /* border: collapse; */ }

th { text-align: left; }

.xspec tbody th { font-weight: normal; /*font-size: 0.8em;*/ border-top: 1px #666 solid; }
.xspec tbody td { /*font-size: 0.8em;*/ color: #666; }

.successful.label th, .successful.label td { background-color: #CFC; }
.pending.label th, .pending.label td { background-color: #DDD; color: #666; }
.failed.label th, .failed.label td { background-color: #FCC; }
.error.label th, .error.label td { background-color: #FAA; }
/*body &gt; table tbody .failed.label th:first-child:before {content:url(data:image/png;base64,iVBORw0KGgoAAAANSUhEUgAAAAwAAAAMCAYAAABWdVznAAAAGXRFWHRTb2Z0d2FyZQBBZG9iZSBJbWFnZVJlYWR5ccllPAAAA2ZpVFh0WE1MOmNvbS5hZG9iZS54bXAAAAAAADw/eHBhY2tldCBiZWdpbj0i77u/IiBpZD0iVzVNME1wQ2VoaUh6cmVTek5UY3prYzlkIj8+IDx4OnhtcG1ldGEgeG1sbnM6eD0iYWRvYmU6bnM6bWV0YS8iIHg6eG1wdGs9IkFkb2JlIFhNUCBDb3JlIDUuMy1jMDExIDY2LjE0NTY2MSwgMjAxMi8wMi8wNi0xNDo1NjoyNyAgICAgICAgIj4gPHJkZjpSREYgeG1sbnM6cmRmPSJodHRwOi8vd3d3LnczLm9yZy8xOTk5LzAyLzIyLXJkZi1zeW50YXgtbnMjIj4gPHJkZjpEZXNjcmlwdGlvbiByZGY6YWJvdXQ9IiIgeG1sbnM6eG1wTU09Imh0dHA6Ly9ucy5hZG9iZS5jb20veGFwLzEuMC9tbS8iIHhtbG5zOnN0UmVmPSJodHRwOi8vbnMuYWRvYmUuY29tL3hhcC8xLjAvc1R5cGUvUmVzb3VyY2VSZWYjIiB4bWxuczp4bXA9Imh0dHA6Ly9ucy5hZG9iZS5jb20veGFwLzEuMC8iIHhtcE1NOk9yaWdpbmFsRG9jdW1lbnRJRD0ieG1wLmRpZDpCQjU0NjU4QjIyQTNFMTExQkI5Rjk5QkQ4RkQ5RUJFQiIgeG1wTU06RG9jdW1lbnRJRD0ieG1wLmRpZDpEQTUyOTdBQUEzRDUxMUUxQTQwN0YzMUI0Nzg3NDU1RSIgeG1wTU06SW5zdGFuY2VJRD0ieG1wLmlpZDpEQTUyOTdBOUEzRDUxMUUxQTQwN0YzMUI0Nzg3NDU1RSIgeG1wOkNyZWF0b3JUb29sPSJBZG9iZSBQaG90b3Nob3AgQ1M2IChXaW5kb3dzKSI+IDx4bXBNTTpEZXJpdmVkRnJvbSBzdFJlZjppbnN0YW5jZUlEPSJ4bXAuaWlkOjQ4MTZDRTNCRDVBM0UxMTFBQTI2QTBCMjZENzg1Qzg5IiBzdFJlZjpkb2N1bWVudElEPSJ4bXAuZGlkOkJCNTQ2NThCMjJBM0UxMTFCQjlGOTlCRDhGRDlFQkVCIi8+IDwvcmRmOkRlc2NyaXB0aW9uPiA8L3JkZjpSREY+IDwveDp4bXBtZXRhPiA8P3hwYWNrZXQgZW5kPSJyIj8+aHNJrgAAAZ1JREFUeNpsUssrRGEU/907985YMDPNYlh4hbKZPMdgR3aysrGSSFIeKyUKpewoRTYkmcgCf4MsMI2FPDYGKeUZSoru4/uc82VC+W7fOeee+zvn/M45V1uuyCmVwDogq0hDklD6jy1dspNkdxokVrIzPFUh0/MD5OdXoJDwPFtu3d2ns6TTp9oggTlFZlmN0o4AHMmXfJGo0lmGzoE1OgmNHf5YA8rmN5HfM6wADmUuHphA9cIW/JX1yiek9DIlyijxkNjBzXYche19gNcHzfShoLUdVxtLuD/cYzCoMAzCwqYrhMDx9Chs20JRWzf4nMcXcDI3pYAqQHIAtWUJbpKursMMhpA+RiAEGzpc4X5XkDB4GjaHmiZik/PIa2rBEWVlSuW9Q+T3YndskBi46QpQFcLltchtbEZyZhxna4uKhmV9Ito/gtPNOG4P99WItdlIWARNXWOAv6AEr9cplel7/ggUleDlMqUSvNnCobHKxDsNnqs8XaWUZopp/XhxTkOR+HDVOveYUge9rNLyY9SU9v+vwXuUB2R0fQkwABfn/VKSjTLBAAAAAElFTkSuQmCC) " "}*/
/*body &gt; table tbody .error.label th:first-child:before {content:url(data:image/png;base64,iVBORw0KGgoAAAANSUhEUgAAAAwAAAAMCAYAAABWdVznAAAABmJLR0QAAAAAAAD5Q7t/AAAACXBIWXMAAAsTAAALEwEAmpwYAAAAB3RJTUUH3QcKER4AdkxvvQAAAdVJREFUKM89kM9KG0EAh7/JTHazZInEQwJ68KIWLx6Etj6EjxAobYSsD+BjCJ682EOp0FMueYmS0FMICF4i6tFNzJ/dyRh2Znoo6Xf+Pn7wEzc3Nx/W6/UvY8xJnudkWYa1Fu893nviOCaKIhuG4R/v/Ve1Xq9/bG1tnezs7JDnOVpr3t/fcc4hpaRSqVCpVORqtTp9e3v7rrTWn5vNJpPJhHK5zHg8JssyvPeEYcjR0RFpmlKr1ZjP5x9Li8VCbOR2u83BwQEvLy88PT1xfHzMxcUFQgjSNCXLskDlec5sNuPx8REpJZ1Oh+fnZ4QQnJ+fc319Tb/fZ29vD601SmvNdDplsVhwe3vLaDTi6uoKgCRJGAwGNBoNXl9fMcZQcs5hjGG1WpHnObVajQ3VahWtNcYYjDE451Cb+7z3JElCkiScnZ0hpaTX67G7u0u328V7/y+oVqsIITg8PKTT6dBqtRgOhzjnaLVa3N3dcX9/z3K5JI5jxOXlpSuKQqRpirWWh4eH//Plcpn9/X2cc2xvb1MqlQqllBpYa0/jOGYymdBsNsmyDOccURRRFAX1eh2lFGEY/lZBEHyx1v703n8KgkBEUYSUEu/9RkIIUQRB0A/D8NtflUT+nn4OS+0AAAAASUVORK5CYII=) " "}*/
.failed.label th:first-child:before, .failed.label td:first-child:before {content:url(data:image/png;base64,iVBORw0KGgoAAAANSUhEUgAAAAwAAAAMCAYAAABWdVznAAAAGXRFWHRTb2Z0d2FyZQBBZG9iZSBJbWFnZVJlYWR5ccllPAAAA2ZpVFh0WE1MOmNvbS5hZG9iZS54bXAAAAAAADw/eHBhY2tldCBiZWdpbj0i77u/IiBpZD0iVzVNME1wQ2VoaUh6cmVTek5UY3prYzlkIj8+IDx4OnhtcG1ldGEgeG1sbnM6eD0iYWRvYmU6bnM6bWV0YS8iIHg6eG1wdGs9IkFkb2JlIFhNUCBDb3JlIDUuMy1jMDExIDY2LjE0NTY2MSwgMjAxMi8wMi8wNi0xNDo1NjoyNyAgICAgICAgIj4gPHJkZjpSREYgeG1sbnM6cmRmPSJodHRwOi8vd3d3LnczLm9yZy8xOTk5LzAyLzIyLXJkZi1zeW50YXgtbnMjIj4gPHJkZjpEZXNjcmlwdGlvbiByZGY6YWJvdXQ9IiIgeG1sbnM6eG1wTU09Imh0dHA6Ly9ucy5hZG9iZS5jb20veGFwLzEuMC9tbS8iIHhtbG5zOnN0UmVmPSJodHRwOi8vbnMuYWRvYmUuY29tL3hhcC8xLjAvc1R5cGUvUmVzb3VyY2VSZWYjIiB4bWxuczp4bXA9Imh0dHA6Ly9ucy5hZG9iZS5jb20veGFwLzEuMC8iIHhtcE1NOk9yaWdpbmFsRG9jdW1lbnRJRD0ieG1wLmRpZDpCQjU0NjU4QjIyQTNFMTExQkI5Rjk5QkQ4RkQ5RUJFQiIgeG1wTU06RG9jdW1lbnRJRD0ieG1wLmRpZDpEQTUyOTdBQUEzRDUxMUUxQTQwN0YzMUI0Nzg3NDU1RSIgeG1wTU06SW5zdGFuY2VJRD0ieG1wLmlpZDpEQTUyOTdBOUEzRDUxMUUxQTQwN0YzMUI0Nzg3NDU1RSIgeG1wOkNyZWF0b3JUb29sPSJBZG9iZSBQaG90b3Nob3AgQ1M2IChXaW5kb3dzKSI+IDx4bXBNTTpEZXJpdmVkRnJvbSBzdFJlZjppbnN0YW5jZUlEPSJ4bXAuaWlkOjQ4MTZDRTNCRDVBM0UxMTFBQTI2QTBCMjZENzg1Qzg5IiBzdFJlZjpkb2N1bWVudElEPSJ4bXAuZGlkOkJCNTQ2NThCMjJBM0UxMTFCQjlGOTlCRDhGRDlFQkVCIi8+IDwvcmRmOkRlc2NyaXB0aW9uPiA8L3JkZjpSREY+IDwveDp4bXBtZXRhPiA8P3hwYWNrZXQgZW5kPSJyIj8+aHNJrgAAAZ1JREFUeNpsUssrRGEU/907985YMDPNYlh4hbKZPMdgR3aysrGSSFIeKyUKpewoRTYkmcgCf4MsMI2FPDYGKeUZSoru4/uc82VC+W7fOeee+zvn/M45V1uuyCmVwDogq0hDklD6jy1dspNkdxokVrIzPFUh0/MD5OdXoJDwPFtu3d2ns6TTp9oggTlFZlmN0o4AHMmXfJGo0lmGzoE1OgmNHf5YA8rmN5HfM6wADmUuHphA9cIW/JX1yiek9DIlyijxkNjBzXYche19gNcHzfShoLUdVxtLuD/cYzCoMAzCwqYrhMDx9Chs20JRWzf4nMcXcDI3pYAqQHIAtWUJbpKursMMhpA+RiAEGzpc4X5XkDB4GjaHmiZik/PIa2rBEWVlSuW9Q+T3YndskBi46QpQFcLltchtbEZyZhxna4uKhmV9Ito/gtPNOG4P99WItdlIWARNXWOAv6AEr9cplel7/ggUleDlMqUSvNnCobHKxDsNnqs8XaWUZopp/XhxTkOR+HDVOveYUge9rNLyY9SU9v+vwXuUB2R0fQkwABfn/VKSjTLBAAAAAElFTkSuQmCC) " "}
.error.label th:first-child:before, .error.label td:first-child:before {content:url(data:image/png;base64,iVBORw0KGgoAAAANSUhEUgAAAAwAAAAMCAYAAABWdVznAAAABmJLR0QAAAAAAAD5Q7t/AAAACXBIWXMAAAsTAAALEwEAmpwYAAAAB3RJTUUH3QcKER4AdkxvvQAAAdVJREFUKM89kM9KG0EAh7/JTHazZInEQwJ68KIWLx6Etj6EjxAobYSsD+BjCJ682EOp0FMueYmS0FMICF4i6tFNzJ/dyRh2Znoo6Xf+Pn7wEzc3Nx/W6/UvY8xJnudkWYa1Fu893nviOCaKIhuG4R/v/Ve1Xq9/bG1tnezs7JDnOVpr3t/fcc4hpaRSqVCpVORqtTp9e3v7rrTWn5vNJpPJhHK5zHg8JssyvPeEYcjR0RFpmlKr1ZjP5x9Li8VCbOR2u83BwQEvLy88PT1xfHzMxcUFQgjSNCXLskDlec5sNuPx8REpJZ1Oh+fnZ4QQnJ+fc319Tb/fZ29vD601SmvNdDplsVhwe3vLaDTi6uoKgCRJGAwGNBoNXl9fMcZQcs5hjGG1WpHnObVajQ3VahWtNcYYjDE451Cb+7z3JElCkiScnZ0hpaTX67G7u0u328V7/y+oVqsIITg8PKTT6dBqtRgOhzjnaLVa3N3dcX9/z3K5JI5jxOXlpSuKQqRpirWWh4eH//Plcpn9/X2cc2xvb1MqlQqllBpYa0/jOGYymdBsNsmyDOccURRRFAX1eh2lFGEY/lZBEHyx1v703n8KgkBEUYSUEu/9RkIIUQRB0A/D8NtflUT+nn4OS+0AAAAASUVORK5CYII=) " "}
.pending.label th:first-child:before, .pending.label td:first-child:before {content:url(data:image/png;base64,iVBORw0KGgoAAAANSUhEUgAAAAwAAAAMCAYAAABWdVznAAAAGXRFWHRTb2Z0d2FyZQBBZG9iZSBJbWFnZVJlYWR5ccllPAAAA2ZpVFh0WE1MOmNvbS5hZG9iZS54bXAAAAAAADw/eHBhY2tldCBiZWdpbj0i77u/IiBpZD0iVzVNME1wQ2VoaUh6cmVTek5UY3prYzlkIj8+IDx4OnhtcG1ldGEgeG1sbnM6eD0iYWRvYmU6bnM6bWV0YS8iIHg6eG1wdGs9IkFkb2JlIFhNUCBDb3JlIDUuMy1jMDExIDY2LjE0NTY2MSwgMjAxMi8wMi8wNi0xNDo1NjoyNyAgICAgICAgIj4gPHJkZjpSREYgeG1sbnM6cmRmPSJodHRwOi8vd3d3LnczLm9yZy8xOTk5LzAyLzIyLXJkZi1zeW50YXgtbnMjIj4gPHJkZjpEZXNjcmlwdGlvbiByZGY6YWJvdXQ9IiIgeG1sbnM6eG1wTU09Imh0dHA6Ly9ucy5hZG9iZS5jb20veGFwLzEuMC9tbS8iIHhtbG5zOnN0UmVmPSJodHRwOi8vbnMuYWRvYmUuY29tL3hhcC8xLjAvc1R5cGUvUmVzb3VyY2VSZWYjIiB4bWxuczp4bXA9Imh0dHA6Ly9ucy5hZG9iZS5jb20veGFwLzEuMC8iIHhtcE1NOk9yaWdpbmFsRG9jdW1lbnRJRD0ieG1wLmRpZDpCQjU0NjU4QjIyQTNFMTExQkI5Rjk5QkQ4RkQ5RUJFQiIgeG1wTU06RG9jdW1lbnRJRD0ieG1wLmRpZDpDODdDM0Y0QUEzRDUxMUUxQjk5N0MzQjVFRDMyQUE1MiIgeG1wTU06SW5zdGFuY2VJRD0ieG1wLmlpZDpDODdDM0Y0OUEzRDUxMUUxQjk5N0MzQjVFRDMyQUE1MiIgeG1wOkNyZWF0b3JUb29sPSJBZG9iZSBQaG90b3Nob3AgQ1M2IChXaW5kb3dzKSI+IDx4bXBNTTpEZXJpdmVkRnJvbSBzdFJlZjppbnN0YW5jZUlEPSJ4bXAuaWlkOjQ4MTZDRTNCRDVBM0UxMTFBQTI2QTBCMjZENzg1Qzg5IiBzdFJlZjpkb2N1bWVudElEPSJ4bXAuZGlkOkJCNTQ2NThCMjJBM0UxMTFCQjlGOTlCRDhGRDlFQkVCIi8+IDwvcmRmOkRlc2NyaXB0aW9uPiA8L3JkZjpSREY+IDwveDp4bXBtZXRhPiA8P3hwYWNrZXQgZW5kPSJyIj8+yj6RYgAAAPZJREFUeNp0kM8KgkAQxmc1E0Wfo3vQn5eRSDx4EUHwbTpEhx4lil7DiydBQUFXp5nAMNsGhpnd/X77za4Iw3CFiFcAWFMFDkXtKZ/UHhfUnB3HWdu2/REpAL2u631ZlicGdpZlwTAMSmBM0zS5bhgQLB5FU3AOUS4XvNn3vVKgAACCIMA0TbFpGsyyDJMkefdFUWAcx1hVFeZ5jlEUoed5qPEI7KDrOhiG8e6llNC27Zcz77FW+L6Pruv+WKtGIzfgR39umv/UHOJgAMlO/BPOXCQDD5p3r2ma8lvHNU9BcWPg0HXdhRZbOhRT8aSXVO9U/ZcAAwAsmjsSQcM0lwAAAABJRU5ErkJggg==) " ";}
.successful.label th:first-child:before, .successful.label td:first-child:before {content:url(data:image/png;base64,iVBORw0KGgoAAAANSUhEUgAAAAwAAAAMCAYAAABWdVznAAAAGXRFWHRTb2Z0d2FyZQBBZG9iZSBJbWFnZVJlYWR5ccllPAAAA2ZpVFh0WE1MOmNvbS5hZG9iZS54bXAAAAAAADw/eHBhY2tldCBiZWdpbj0i77u/IiBpZD0iVzVNME1wQ2VoaUh6cmVTek5UY3prYzlkIj8+IDx4OnhtcG1ldGEgeG1sbnM6eD0iYWRvYmU6bnM6bWV0YS8iIHg6eG1wdGs9IkFkb2JlIFhNUCBDb3JlIDUuMy1jMDExIDY2LjE0NTY2MSwgMjAxMi8wMi8wNi0xNDo1NjoyNyAgICAgICAgIj4gPHJkZjpSREYgeG1sbnM6cmRmPSJodHRwOi8vd3d3LnczLm9yZy8xOTk5LzAyLzIyLXJkZi1zeW50YXgtbnMjIj4gPHJkZjpEZXNjcmlwdGlvbiByZGY6YWJvdXQ9IiIgeG1sbnM6eG1wTU09Imh0dHA6Ly9ucy5hZG9iZS5jb20veGFwLzEuMC9tbS8iIHhtbG5zOnN0UmVmPSJodHRwOi8vbnMuYWRvYmUuY29tL3hhcC8xLjAvc1R5cGUvUmVzb3VyY2VSZWYjIiB4bWxuczp4bXA9Imh0dHA6Ly9ucy5hZG9iZS5jb20veGFwLzEuMC8iIHhtcE1NOk9yaWdpbmFsRG9jdW1lbnRJRD0ieG1wLmRpZDpCQjU0NjU4QjIyQTNFMTExQkI5Rjk5QkQ4RkQ5RUJFQiIgeG1wTU06RG9jdW1lbnRJRD0ieG1wLmRpZDpEMDVBNThBQUEzRDUxMUUxQjdCQkM2QUNBMTNBMDExNiIgeG1wTU06SW5zdGFuY2VJRD0ieG1wLmlpZDpEMDVBNThBOUEzRDUxMUUxQjdCQkM2QUNBMTNBMDExNiIgeG1wOkNyZWF0b3JUb29sPSJBZG9iZSBQaG90b3Nob3AgQ1M2IChXaW5kb3dzKSI+IDx4bXBNTTpEZXJpdmVkRnJvbSBzdFJlZjppbnN0YW5jZUlEPSJ4bXAuaWlkOjQ4MTZDRTNCRDVBM0UxMTFBQTI2QTBCMjZENzg1Qzg5IiBzdFJlZjpkb2N1bWVudElEPSJ4bXAuZGlkOkJCNTQ2NThCMjJBM0UxMTFCQjlGOTlCRDhGRDlFQkVCIi8+IDwvcmRmOkRlc2NyaXB0aW9uPiA8L3JkZjpSREY+IDwveDp4bXBtZXRhPiA8P3hwYWNrZXQgZW5kPSJyIj8+xJ3YrgAAAYBJREFUeNpsUrtKA1EQPZtdY4gEQiD4QCsLEVGX4CP4AykEq1hYiGghCDZ+gBZWVtrZ+EAjaGOhfoAkNiaKhYWICilMEQNqoYjZ5O4d5+6ucQuLM3funDNzD7OrLe229YBwSKAEnyAP/pyIbL5fcz5rcNiLtuqJSEz3ickn5ruE/vFmJ9/LYjvAldGWqA7bJkgPtoAHQrS5G6NdiwhFWCoxHOCgKUL+iurkCBVawyamE8d4qmSZ51clBZUlh+RG14JzEsJNcaTNLVwWd1B6vXXqkmGoYNeVUPnW3JNr4+YarPoncvebEAKNekAlokaY6N/A1NA+SBgY6Eijtz2Fs5sVWNWawysorWNJsO+q9QWzaxLTYwfojA3isZzDfSnrWvTsNiyp7pOrZURC7ejrTDEpcVpY9ab+NSioLZEiapZA5nwBxZcC8g9HeK7ccYM7TDnwmoU2vx6/NIJaUjc0b0u8YvJNle5HdJvlhbI0Y31ThqsjTGr0/+8hOOQ5nfsRYACtHiy+FDd82wAAAABJRU5ErkJggg==) " "}
/*.successful.label a:before {content:url(data:image/png;base64,iVBORw0KGgoAAAANSUhEUgAAAAwAAAAMCAYAAABWdVznAAAAGXRFWHRTb2Z0d2FyZQBBZG9iZSBJbWFnZVJlYWR5ccllPAAAA2ZpVFh0WE1MOmNvbS5hZG9iZS54bXAAAAAAADw/eHBhY2tldCBiZWdpbj0i77u/IiBpZD0iVzVNME1wQ2VoaUh6cmVTek5UY3prYzlkIj8+IDx4OnhtcG1ldGEgeG1sbnM6eD0iYWRvYmU6bnM6bWV0YS8iIHg6eG1wdGs9IkFkb2JlIFhNUCBDb3JlIDUuMy1jMDExIDY2LjE0NTY2MSwgMjAxMi8wMi8wNi0xNDo1NjoyNyAgICAgICAgIj4gPHJkZjpSREYgeG1sbnM6cmRmPSJodHRwOi8vd3d3LnczLm9yZy8xOTk5LzAyLzIyLXJkZi1zeW50YXgtbnMjIj4gPHJkZjpEZXNjcmlwdGlvbiByZGY6YWJvdXQ9IiIgeG1sbnM6eG1wTU09Imh0dHA6Ly9ucy5hZG9iZS5jb20veGFwLzEuMC9tbS8iIHhtbG5zOnN0UmVmPSJodHRwOi8vbnMuYWRvYmUuY29tL3hhcC8xLjAvc1R5cGUvUmVzb3VyY2VSZWYjIiB4bWxuczp4bXA9Imh0dHA6Ly9ucy5hZG9iZS5jb20veGFwLzEuMC8iIHhtcE1NOk9yaWdpbmFsRG9jdW1lbnRJRD0ieG1wLmRpZDpCQjU0NjU4QjIyQTNFMTExQkI5Rjk5QkQ4RkQ5RUJFQiIgeG1wTU06RG9jdW1lbnRJRD0ieG1wLmRpZDpEMDVBNThBQUEzRDUxMUUxQjdCQkM2QUNBMTNBMDExNiIgeG1wTU06SW5zdGFuY2VJRD0ieG1wLmlpZDpEMDVBNThBOUEzRDUxMUUxQjdCQkM2QUNBMTNBMDExNiIgeG1wOkNyZWF0b3JUb29sPSJBZG9iZSBQaG90b3Nob3AgQ1M2IChXaW5kb3dzKSI+IDx4bXBNTTpEZXJpdmVkRnJvbSBzdFJlZjppbnN0YW5jZUlEPSJ4bXAuaWlkOjQ4MTZDRTNCRDVBM0UxMTFBQTI2QTBCMjZENzg1Qzg5IiBzdFJlZjpkb2N1bWVudElEPSJ4bXAuZGlkOkJCNTQ2NThCMjJBM0UxMTFCQjlGOTlCRDhGRDlFQkVCIi8+IDwvcmRmOkRlc2NyaXB0aW9uPiA8L3JkZjpSREY+IDwveDp4bXBtZXRhPiA8P3hwYWNrZXQgZW5kPSJyIj8+xJ3YrgAAAYBJREFUeNpsUrtKA1EQPZtdY4gEQiD4QCsLEVGX4CP4AykEq1hYiGghCDZ+gBZWVtrZ+EAjaGOhfoAkNiaKhYWICilMEQNqoYjZ5O4d5+6ucQuLM3funDNzD7OrLe229YBwSKAEnyAP/pyIbL5fcz5rcNiLtuqJSEz3ickn5ruE/vFmJ9/LYjvAldGWqA7bJkgPtoAHQrS5G6NdiwhFWCoxHOCgKUL+iurkCBVawyamE8d4qmSZ51clBZUlh+RG14JzEsJNcaTNLVwWd1B6vXXqkmGoYNeVUPnW3JNr4+YarPoncvebEAKNekAlokaY6N/A1NA+SBgY6Eijtz2Fs5sVWNWawysorWNJsO+q9QWzaxLTYwfojA3isZzDfSnrWvTsNiyp7pOrZURC7ejrTDEpcVpY9ab+NSioLZEiapZA5nwBxZcC8g9HeK7ccYM7TDnwmoU2vx6/NIJaUjc0b0u8YvJNle5HdJvlhbI0Y31ThqsjTGr0/+8hOOQ5nfsRYACtHiy+FDd82wAAAABJRU5ErkJggg==) " "}*/

.xspecResult { width: 90%; table-layout: fixed; }

.xspecResult td,
.xspecResult th { width: 50%; }

/*.xspecResult pre { 
  margin-left: 0; 
  padding: 0.5em; 
  overflow: auto; 
  border: 1px #999 dotted;
}*/

span.scenario-totals {float: right; width: 14.5%; text-align: left}

/* OXYGEN */
span.scenario-totals {float: right; width: 34.5%; text-align: right}

h2.failed {
    background-color: #FCC;
}

h1, h2 {
    width: 86%;
    /*margin-left: 3%;*/
    
    font-size:1.4em;
    font-weight:bold;
    text-align:left;
    margin-top:1.4em;
    margin-bottom:0.7em;
    color:#333333;
    background-color:inherit;
}

h1 {
    font-size:1.7em;
}

body &gt; h1:first-child:before {
    content:"XSLT UNIT ";
}

body &gt; h2:first-of-type {
    font-size:1.7em;
}

div &gt; table &gt; tbody &gt; tr &gt; th:first-child {
    font-weight:bold;
}

div &gt; h3 {
    font-weight:bold;
    /*margin-left: 3%;*/
}

div &gt; h4 {
    font-weight:normal;
    /*margin-left: 4%;*/
}

th.result { text-align: center; }
/* OXYGEN */


/* ------------------------------------------------------------------------ */
/*  DO NOT ALTER OR REMOVE COPYRIGHT NOTICES OR THIS COMMENT.               */
/*                                                                          */
/*  Copyright (c) 2008, 2010 Jeni Tennsion                                  */
/*                                                                          */
/*  The contents of this file are subject to the MIT License (see the URI   */
/*  http://www.opensource.org/licenses/mit-license.php for details).        */
/*                                                                          */
/*  Permission is hereby granted, free of charge, to any person obtaining   */
/*  a copy of this software and associated documentation files (the         */
/*  "Software"), to deal in the Software without restriction, including     */
/*  without limitation the rights to use, copy, modify, merge, publish,     */
/*  distribute, sublicense, and/or sell copies of the Software, and to      */
/*  permit persons to whom the Software is furnished to do so, subject to   */
/*  the following conditions:                                               */
/*                                                                          */
/*  The above copyright notice and this permission notice shall be          */
/*  included in all copies or substantial portions of the Software.         */
/*                                                                          */
/*  THE SOFTWARE IS PROVIDED "AS IS", WITHOUT WARRANTY OF ANY KIND,         */
/*  EXPRESS OR IMPLIED, INCLUDING BUT NOT LIMITED TO THE WARRANTIES OF      */
/*  MERCHANTABILITY, FITNESS FOR A PARTICULAR PURPOSE AND NONINFRINGEMENT.  */
/*  IN NO EVENT SHALL THE AUTHORS OR COPYRIGHT HOLDERS BE LIABLE FOR ANY    */
/*  CLAIM, DAMAGES OR OTHER LIABILITY, WHETHER IN AN ACTION OF CONTRACT,    */
/*  TORT OR OTHERWISE, ARISING FROM, OUT OF OR IN CONNECTION WITH THE       */
/*  SOFTWARE OR THE USE OR OTHER DEALINGS IN THE SOFTWARE.                  */
/* ------------------------------------------------------------------------ */

.nobr { white-space: nowrap; }
.scenario-label { text-indent: 0px; }
.context-label { text-indent: 10px; }
.test-label { text-indent: 20px; }
.pending-label { text-indent: 30px; }


        /**/</style>
    </head><body><h1>Test Report</h1><p>Script: <a href="file:/home/jostein/xprocspec/xprocspec/src/test/xprocspec/tests/import-1.xprocspec">file:/home/jostein/xprocspec/xprocspec/src/test/xprocspec/tests/import-1.xprocspec</a></p><p>Tested: 2013-12-02T14:36:01.035+01:00</p><h2>Contents</h2><table class="xspec"><col width="75%"/><col width="5%"/><col width="5%"/><col width="5%"/><col width="5%"/><col width="5%"/><thead><tr><th/><th class="result">passed:6</th><th class="result">pending:0</th><th class="result">failed:0</th><th class="result">errors:0</th><th class="result">total:6</th></tr></thead><tbody><tr class="successful label"><th><a href="#step1">ex:identity</a></th><th class="result">6</th><th class="result">0</th><th class="result">0</th><th class="result">0</th><th class="result">6</th></tr></tbody></table><div id="step1"><h2 class="successful">Calling: <a href="file:/home/jostein/xprocspec/xprocspec/src/test/xprocspec/steps/identity.xpl">ex:identity</a><span class="scenario-totals">passed:6 / pending:0 /
                                        failed:0 / errors:0 / total:6</span></h2><table class="xspec"><col width="80%"/><col width="20%"/><tbody><tr class="successful label"><th class="scenario-label">identity</th><th class="nobr">passed:2 / pending:0 / failed:0 / errors:0 / total:2</th></tr><tr class="successful label"><th class="context-label">errors</th><th class="nobr">passed:1 / pending:0 / failed:0 / errors:0 / total:1</th></tr><tr class="successful label"><td class="test-label">the step should execute successfully without throwing any errors</td><td>Success</td></tr><tr class="successful label"><th class="context-label">the results</th><th class="nobr">passed:1 / pending:0 / failed:0 / errors:0 / total:1</th></tr><tr class="successful label"><td class="test-label">the option 'option.required' should have the value 'import 1a'</td><td>Success</td></tr><tr class="successful label"><th class="scenario-label">identity</th><th class="nobr">passed:2 / pending:0 / failed:0 / errors:0 / total:2</th></tr><tr class="successful label"><th class="context-label">errors</th><th class="nobr">passed:1 / pending:0 / failed:0 / errors:0 / total:1</th></tr><tr class="successful label"><td class="test-label">the step should execute successfully without throwing any errors</td><td>Success</td></tr><tr class="successful label"><th class="context-label">the results</th><th class="nobr">passed:1 / pending:0 / failed:0 / errors:0 / total:1</th></tr><tr class="successful label"><td class="test-label">the option 'option.required' should have the value 'import 1b'</td><td>Success</td></tr><tr class="successful label"><th class="scenario-label">identity</th><th class="nobr">passed:2 / pending:0 / failed:0 / errors:0 / total:2</th></tr><tr class="successful label"><th class="context-label">errors</th><th class="nobr">passed:1 / pending:0 / failed:0 / errors:0 / total:1</th></tr><tr class="successful label"><td class="test-label">the step should execute successfully without throwing any errors</td><td>Success</td></tr><tr class="successful label"><th class="context-label">the results</th><th class="nobr">passed:1 / pending:0 / failed:0 / errors:0 / total:1</th></tr><tr class="successful label"><td class="test-label">the option 'option.required' should have the value 'import 1'</td><td>Success</td></tr></tbody></table></div><h2>Execution log</h2><table><thead><tr><th>Time</th><th>Severity</th><th>Message</th></tr></thead><tbody><tr style=""><td>0.000</td><td style="padding-left:0%;">INFO</td><td><code><pre>#### file:/home/jostein/xprocspec/xprocspec/src/test/xprocspec/tests/import-1.xprocspec ####</pre></code></td></tr><tr style=""><td>0.010</td><td style="padding-left:0%;">INFO</td><td><code><pre> * temporary directory: file:/tmp/xprocspec-20131202143557583/</pre></code></td></tr><tr style=""><td>0.015</td><td style="padding-left:0%;">INFO</td><td><code><pre>preprocessing...</pre></code></td></tr><tr style=""><td>0.032</td><td style="padding-left:0%;">INFO</td><td><code><pre> * checking for imports</pre></code></td></tr><tr style=""><td>0.038</td><td style="padding-left:0%;">INFO</td><td><code><pre> * checking file:/home/jostein/xprocspec/xprocspec/src/test/xprocspec/tests/import-1.xprocspec for imports</pre></code></td></tr><tr style=""><td>0.044</td><td style="padding-left:0%;">INFO</td><td><code><pre> * importing: file:/home/jostein/xprocspec/xprocspec/src/test/xprocspec/tests/import-1a.xprocspec</pre></code></td></tr><tr style=""><td>0.054</td><td style="padding-left:0%;">INFO</td><td><code><pre> * checking file:/home/jostein/xprocspec/xprocspec/src/test/xprocspec/tests/import-1a.xprocspec for imports</pre></code></td></tr><tr style=""><td>0.060</td><td style="padding-left:0%;">INFO</td><td><code><pre> * importing: file:/home/jostein/xprocspec/xprocspec/src/test/xprocspec/tests/import-1b.xprocspec</pre></code></td></tr><tr style=""><td>0.071</td><td style="padding-left:0%;">INFO</td><td><code><pre> * checking file:/home/jostein/xprocspec/xprocspec/src/test/xprocspec/tests/import-1b.xprocspec for imports</pre></code></td></tr><tr style=""><td>0.077</td><td style="padding-left:0%;">INFO</td><td><code><pre> * extracting step declarations from file:/home/jostein/xprocspec/xprocspec/src/test/xprocspec/steps/identity.xpl</pre></code></td></tr><tr style=""><td>0.085</td><td style="padding-left:0%;">INFO</td><td><code><pre> * tests reference 1 step</pre></code></td></tr><tr style=""><td>0.091</td><td style="padding-left:0%;">INFO</td><td><code><pre>   * step: e:identity</pre></code></td></tr><tr style=""><td>0.096</td><td style="padding-left:0%;">INFO</td><td><code><pre> * trying to load: file:/home/jostein/xprocspec/xprocspec/src/test/xprocspec/steps/identity.xpl</pre></code></td></tr><tr style=""><td>0.103</td><td style="padding-left:0%;">INFO</td><td><code><pre>   * success!</pre></code></td></tr><tr style=""><td>0.112</td><td style="padding-left:0%;">INFO</td><td><code><pre> * trying to extract the step declaration for {http://example.net/ns}identity from file:/home/jostein/xprocspec/xprocspec/src/test/xprocspec/steps/identity.xpl</pre></code></td></tr><tr style=""><td>0.126</td><td style="padding-left:0%;">INFO</td><td><code><pre> * creating a new x:description document for each x:scenario element with inferred inputs, options and parameters</pre></code></td></tr><tr style=""><td>0.147</td><td style="padding-left:0%;">INFO</td><td><code><pre> * validating output grammar</pre></code></td></tr><tr style=""><td>0.156</td><td style="padding-left:0%;">INFO</td><td><code><pre> * validating output grammar</pre></code></td></tr><tr style=""><td>0.163</td><td style="padding-left:0%;">INFO</td><td><code><pre> * validating output grammar</pre></code></td></tr><tr style=""><td>0.170</td><td style="padding-left:0%;">INFO</td><td><code><pre>compiling...</pre></code></td></tr><tr style=""><td>0.179</td><td style="padding-left:0%;">INFO</td><td><code><pre> * created directory using Calabash's cxf:mkdir</pre></code></td></tr><tr style=""><td>0.186</td><td style="padding-left:0%;">INFO</td><td><code><pre> * converting test 'test1' to XProc</pre></code></td></tr><tr style=""><td>0.201</td><td style="padding-left:0%;">INFO</td><td><code><pre>   * done</pre></code></td></tr><tr style=""><td>0.208</td><td style="padding-left:0%;">INFO</td><td><code><pre> * validating output grammar for file:/home/jostein/xprocspec/xprocspec/src/test/xprocspec/tests/import-1.xprocspec</pre></code></td></tr><tr style=""><td>0.216</td><td style="padding-left:0%;">INFO</td><td><code><pre>   * done!</pre></code></td></tr><tr style=""><td>0.224</td><td style="padding-left:0%;">INFO</td><td><code><pre> * converting test 'test2' to XProc</pre></code></td></tr><tr style=""><td>0.238</td><td style="padding-left:0%;">INFO</td><td><code><pre>   * done</pre></code></td></tr><tr style=""><td>0.246</td><td style="padding-left:0%;">INFO</td><td><code><pre> * validating output grammar for file:/home/jostein/xprocspec/xprocspec/src/test/xprocspec/tests/import-1.xprocspec</pre></code></td></tr><tr style=""><td>0.253</td><td style="padding-left:0%;">INFO</td><td><code><pre>   * done!</pre></code></td></tr><tr style=""><td>0.261</td><td style="padding-left:0%;">INFO</td><td><code><pre> * converting test 'test3' to XProc</pre></code></td></tr><tr style=""><td>0.275</td><td style="padding-left:0%;">INFO</td><td><code><pre>   * done</pre></code></td></tr><tr style=""><td>0.283</td><td style="padding-left:0%;">INFO</td><td><code><pre> * validating output grammar for file:/home/jostein/xprocspec/xprocspec/src/test/xprocspec/tests/import-1.xprocspec</pre></code></td></tr><tr style=""><td>0.290</td><td style="padding-left:0%;">INFO</td><td><code><pre>   * done!</pre></code></td></tr><tr style=""><td>0.298</td><td style="padding-left:0%;">INFO</td><td><code><pre> * using as temporary directory: file:/tmp/xprocspec-20131202143557583/xprocspec-20131202143600093/</pre></code></td></tr><tr style=""><td>0.306</td><td style="padding-left:0%;">INFO</td><td><code><pre>storing...</pre></code></td></tr><tr style=""><td>0.320</td><td style="padding-left:0%;">INFO</td><td><code><pre>running...</pre></code></td></tr><tr style=""><td>0.331</td><td style="padding-left:0%;">INFO</td><td><code><pre>   * loading 'file:/tmp/xprocspec-20131202143557583/test1.xpl'</pre></code></td></tr><tr style=""><td>0.389</td><td style="padding-left:0%;">INFO</td><td><code><pre>   * loading 'file:/tmp/xprocspec-20131202143557583/test2.xpl'</pre></code></td></tr><tr style=""><td>0.475</td><td style="padding-left:0%;">INFO</td><td><code><pre>   * loading 'file:/tmp/xprocspec-20131202143557583/test3.xpl'</pre></code></td></tr><tr style=""><td>0.529</td><td style="padding-left:0%;">INFO</td><td><code><pre>evaluating...</pre></code></td></tr><tr style=""><td>0.541</td><td style="padding-left:0%;">INFO</td><td><code><pre> * evaluating scenario 'identity' (file:/home/jostein/xprocspec/xprocspec/src/test/xprocspec/tests/import-1.xprocspec)</pre></code></td></tr><tr style=""><td>0.549</td><td style="padding-left:0%;">INFO</td><td><code><pre>   * resolving x:document elements...</pre></code></td></tr><tr style=""><td>0.560</td><td style="padding-left:0%;">INFO</td><td><code><pre>    * no errors occured</pre></code></td></tr><tr style=""><td>0.593</td><td style="padding-left:0%;">INFO</td><td><code><pre>   * grouping x:expect elements with their x:context...</pre></code></td></tr><tr style=""><td>0.603</td><td style="padding-left:0%;">INFO</td><td><code><pre>   * evaluating each context/expect group...</pre></code></td></tr><tr style=""><td>0.611</td><td style="padding-left:0%;">INFO</td><td><code><pre>     * setting context to 'errors'</pre></code></td></tr><tr style=""><td>0.619</td><td style="padding-left:0%;">INFO</td><td><code><pre>       * testing assertion 'the step should execute successfully without throwing any errors'</pre></code></td></tr><tr style=""><td>0.627</td><td style="padding-left:0%;">INFO</td><td><code><pre>         * is document count assertion</pre></code></td></tr><tr style=""><td>0.635</td><td style="padding-left:0%;">INFO</td><td><code><pre>         * assertion passed</pre></code></td></tr><tr style=""><td>0.645</td><td style="padding-left:0%;">INFO</td><td><code><pre>     * setting context to 'the results'</pre></code></td></tr><tr style=""><td>0.654</td><td style="padding-left:0%;">INFO</td><td><code><pre>       * testing assertion 'the option 'option.required' should have the value 'import 1a''</pre></code></td></tr><tr style=""><td>0.664</td><td style="padding-left:0%;">INFO</td><td><code><pre>         * is xpath assertion</pre></code></td></tr><tr style=""><td>0.688</td><td style="padding-left:0%;">INFO</td><td><code><pre> * evaluating scenario 'identity' (file:/home/jostein/xprocspec/xprocspec/src/test/xprocspec/tests/import-1.xprocspec)</pre></code></td></tr><tr style=""><td>0.697</td><td style="padding-left:0%;">INFO</td><td><code><pre>   * resolving x:document elements...</pre></code></td></tr><tr style=""><td>0.708</td><td style="padding-left:0%;">INFO</td><td><code><pre>    * no errors occured</pre></code></td></tr><tr style=""><td>0.749</td><td style="padding-left:0%;">INFO</td><td><code><pre>   * grouping x:expect elements with their x:context...</pre></code></td></tr><tr style=""><td>0.759</td><td style="padding-left:0%;">INFO</td><td><code><pre>   * evaluating each context/expect group...</pre></code></td></tr><tr style=""><td>0.767</td><td style="padding-left:0%;">INFO</td><td><code><pre>     * setting context to 'errors'</pre></code></td></tr><tr style=""><td>0.776</td><td style="padding-left:0%;">INFO</td><td><code><pre>       * testing assertion 'the step should execute successfully without throwing any errors'</pre></code></td></tr><tr style=""><td>0.785</td><td style="padding-left:0%;">INFO</td><td><code><pre>         * is document count assertion</pre></code></td></tr><tr style=""><td>0.794</td><td style="padding-left:0%;">INFO</td><td><code><pre>         * assertion passed</pre></code></td></tr><tr style=""><td>0.804</td><td style="padding-left:0%;">INFO</td><td><code><pre>     * setting context to 'the results'</pre></code></td></tr><tr style=""><td>0.813</td><td style="padding-left:0%;">INFO</td><td><code><pre>       * testing assertion 'the option 'option.required' should have the value 'import 1b''</pre></code></td></tr><tr style=""><td>0.823</td><td style="padding-left:0%;">INFO</td><td><code><pre>         * is xpath assertion</pre></code></td></tr><tr style=""><td>0.842</td><td style="padding-left:0%;">INFO</td><td><code><pre> * evaluating scenario 'identity' (file:/home/jostein/xprocspec/xprocspec/src/test/xprocspec/tests/import-1.xprocspec)</pre></code></td></tr><tr style=""><td>0.853</td><td style="padding-left:0%;">INFO</td><td><code><pre>   * resolving x:document elements...</pre></code></td></tr><tr style=""><td>0.864</td><td style="padding-left:0%;">INFO</td><td><code><pre>    * no errors occured</pre></code></td></tr><tr style=""><td>0.899</td><td style="padding-left:0%;">INFO</td><td><code><pre>   * grouping x:expect elements with their x:context...</pre></code></td></tr><tr style=""><td>0.909</td><td style="padding-left:0%;">INFO</td><td><code><pre>   * evaluating each context/expect group...</pre></code></td></tr><tr style=""><td>0.918</td><td style="padding-left:0%;">INFO</td><td><code><pre>     * setting context to 'errors'</pre></code></td></tr><tr style=""><td>0.928</td><td style="padding-left:0%;">INFO</td><td><code><pre>       * testing assertion 'the step should execute successfully without throwing any errors'</pre></code></td></tr><tr style=""><td>0.937</td><td style="padding-left:0%;">INFO</td><td><code><pre>         * is document count assertion</pre></code></td></tr><tr style=""><td>0.947</td><td style="padding-left:0%;">INFO</td><td><code><pre>         * assertion passed</pre></code></td></tr><tr style=""><td>0.958</td><td style="padding-left:0%;">INFO</td><td><code><pre>     * setting context to 'the results'</pre></code></td></tr><tr style=""><td>0.968</td><td style="padding-left:0%;">INFO</td><td><code><pre>       * testing assertion 'the option 'option.required' should have the value 'import 1''</pre></code></td></tr><tr style=""><td>0.980</td><td style="padding-left:0%;">INFO</td><td><code><pre>         * is xpath assertion</pre></code></td></tr><tr style=""><td>0.996</td><td style="padding-left:0%;">INFO</td><td><code><pre>reporting...</pre></code></td></tr></tbody></table><link rel="stylesheet" href="http://yandex.st/highlightjs/7.3/styles/default.min.css"/><script type="text/javascript" src="http://yandex.st/highlightjs/7.3/highlight.min.js" xml:space="preserve"> </script><script type="text/javascript">hljs.initHighlightingOnLoad();</script></body></html></x:document></x:output><x:output port="junit"><x:document xml:base="file:/home/jostein/xprocspec/xprocspec/src/main/resources/content/xml/xproc/report/report.xpl" xml:space="preserve" type="inline"><testsuites tests="6" failures="0" time="1.007" errors="0" name="import1"><testsuite timestamp="2013-12-02T13:36:00.935Z" hostname="localhost" tests="2" errors="0" failures="0" skipped="0" id="d7196e1" name="identity" package="http://example.net/ns" time="0.007">
<properties>

<property name="option: option.required" value="import 1a"/>

</properties>
<testcase name="theStepShouldExecuteSuccessfullyWithoutThrowingAnyErrors" classname="identity" assertions="1" time="0" status="SUCCESS"><system-out>the step should execute successfully without throwing any errors: SUCCESS</system-out>
<system-err/></testcase><testcase name="theOptionOptionRequiredShouldHaveTheValueImport1a" classname="identity" assertions="1" time="0" status="SUCCESS"><system-out>the option 'option.required' should have the value 'import 1a': SUCCESS</system-out>
<system-err/></testcase></testsuite><testsuite timestamp="2013-12-02T13:36:00.945Z" hostname="localhost" tests="2" errors="0" failures="0" skipped="0" id="d7204e1" name="identity" package="http://example.net/ns" time="0.008">
<properties>

<property name="option: option.required" value="import 1b"/>

</properties>
<testcase name="theStepShouldExecuteSuccessfullyWithoutThrowingAnyErrors" classname="identity" assertions="1" time="0" status="SUCCESS"><system-out>the step should execute successfully without throwing any errors: SUCCESS</system-out>
<system-err/></testcase><testcase name="theOptionOptionRequiredShouldHaveTheValueImport1b" classname="identity" assertions="1" time="0" status="SUCCESS"><system-out>the option 'option.required' should have the value 'import 1b': SUCCESS</system-out>
<system-err/></testcase></testsuite><testsuite timestamp="2013-12-02T13:36:00.956Z" hostname="localhost" tests="2" errors="0" failures="0" skipped="0" id="d7211e1" name="identity" package="http://example.net/ns" time="0.007">
<properties>

<property name="option: option.required" value="import 1"/>

</properties>
<testcase name="theStepShouldExecuteSuccessfullyWithoutThrowingAnyErrors" classname="identity" assertions="1" time="0" status="SUCCESS"><system-out>the step should execute successfully without throwing any errors: SUCCESS</system-out>
<system-err/></testcase><testcase name="theOptionOptionRequiredShouldHaveTheValueImport1" classname="identity" assertions="1" time="0" status="SUCCESS"><system-out>the option 'option.required' should have the value 'import 1': SUCCESS</system-out>
<system-err/></testcase></testsuite></testsuites></x:document></x:output><x:test-result type="count" label="the step should execute successfully without throwing any errors" max="0" contextref="errors" result="passed">
                                                        <x:expected>At most 0 documents.</x:expected>
                                                    <x:was>0</x:was></x:test-result><x:test-result label="there should be at least one test, and none of the tests should fail" type="xpath" test="not(/*/@tests='0') and /*/@failures='0' and /*/@errors='0'" contextref="context1" result="passed"><x:expected xml:space="preserve">XPath: true()
Value: true</x:expected><x:was xml:space="preserve">XPath: not(/*/@tests='0') and /*/@failures='0' and /*/@errors='0'
Value: true</x:was></x:test-result></x:description><x:description xmlns:cx="http://xmlcalabash.com/ns/extensions" xmlns:c="http://www.w3.org/ns/xproc-step" xml:base="file:/home/jostein/xprocspec/xprocspec/src/test/xprocspec/test.xprocspec" test-base-uri="file:/home/jostein/xprocspec/xprocspec/src/test/xprocspec/test.xprocspec" script="file:/home/jostein/xprocspec/xprocspec/src/main/resources/content/xml/xproc/xprocspec.xpl" test-grammar="xprocspec" temp-dir="file:/tmp/xprocspec-20131202143557583/"><x:step-declaration><p:declare-step xmlns:p="http://www.w3.org/ns/xproc" xmlns:px="http://www.daisy.org/ns/xprocspec" xmlns:pxi="http://www.daisy.org/ns/xprocspec/xproc-internal/" xmlns:pkg="http://expath.org/ns/pkg" type="px:xprocspec" name="main" version="1.0" xpath-version="2.0" pkg:import-uri="http://www.daisy.org/ns/xprocspec/xprocspec.xpl" x:type="{http://www.daisy.org/ns/xprocspec}xprocspec"><p:input port="source" kind="document" sequence="false" primary="true"/><p:output port="result" kind="document" sequence="false" primary="false"><p:pipe port="result" step="report"/></p:output><p:output port="html" kind="document" sequence="false" primary="false"><p:pipe port="html" step="report"/></p:output><p:output port="junit" kind="document" sequence="false" primary="false"><p:pipe port="junit" step="report"/></p:output><p:option name="temp-dir" select="'file:/tmp/'"/><p:option name="step-available-rng" select="'false'"/></p:declare-step></x:step-declaration><x:scenario end-time="2013-12-02T13:36:02.562Z" label="the import element - one import with one import" start-time="2013-12-02T13:36:01.405Z"><x:call x:type="{http://www.daisy.org/ns/xprocspec}xprocspec" step="x:xprocspec"><x:option select="$temp-dir" name="temp-dir" value="file:/tmp/xprocspec-20131202143557583/"/><x:input port="source">
                    <x:document xml:base="file:/home/jostein/xprocspec/xprocspec/src/test/xprocspec/test.xprocspec" xml:space="preserve" type="inline"><?xml-model href="http://www.daisy.org/ns/xprocspec/xprocspec.rng" type="application/xml" schematypens="http://relaxng.org/ns/structure/1.0"?><x:description xmlns:e="http://example.net/ns" script="../steps/identity.xpl">
    
    <x:import href="import-2a.xprocspec"/>
    
    <x:scenario label="identity">
        <x:call step="e:identity">
            <x:option name="option.required" select="'import 2'"/>
        </x:call>
        <x:context label="the results">
            <x:document type="port" port="options"/>
        </x:context>
        <x:expect type="xpath" label="the option 'option.required' should have the value 'import 2'" test="/*/*[@name='option.required']/@value='import 2'"/>
    </x:scenario>
    
</x:description></x:document>
                </x:input></x:call>
                                                <x:context label="errors" id="errors">
                                                    
                                                </x:context>
                                            
                                                <x:expect type="count" label="the step should execute successfully without throwing any errors" max="0" contextref="errors"/>
                                            <x:context label="the junit output port" id="context2">
                <x:document xml:base="file:/home/jostein/xprocspec/xprocspec/src/main/resources/content/xml/xproc/report/report.xpl" xml:space="preserve" type="inline"><testsuites tests="6" failures="0" time="0.985" errors="0" name="import2"><testsuite timestamp="2013-12-02T13:36:02.405Z" hostname="localhost" tests="2" errors="0" failures="0" skipped="0" id="d10003e1" name="identity" package="http://example.net/ns" time="0.008">
<properties>

<property name="option: option.required" value="import 2b"/>

</properties>
<testcase name="theStepShouldExecuteSuccessfullyWithoutThrowingAnyErrors" classname="identity" assertions="1" time="0" status="SUCCESS"><system-out>the step should execute successfully without throwing any errors: SUCCESS</system-out>
<system-err/></testcase><testcase name="theOptionOptionRequiredShouldHaveTheValueImport2b" classname="identity" assertions="1" time="0" status="SUCCESS"><system-out>the option 'option.required' should have the value 'import 2b': SUCCESS</system-out>
<system-err/></testcase></testsuite><testsuite timestamp="2013-12-02T13:36:02.416Z" hostname="localhost" tests="2" errors="0" failures="0" skipped="0" id="d10011e1" name="identity" package="http://example.net/ns" time="0.007">
<properties>

<property name="option: option.required" value="import 2a"/>

</properties>
<testcase name="theStepShouldExecuteSuccessfullyWithoutThrowingAnyErrors" classname="identity" assertions="1" time="0" status="SUCCESS"><system-out>the step should execute successfully without throwing any errors: SUCCESS</system-out>
<system-err/></testcase><testcase name="theOptionOptionRequiredShouldHaveTheValueImport2a" classname="identity" assertions="1" time="0" status="SUCCESS"><system-out>the option 'option.required' should have the value 'import 2a': SUCCESS</system-out>
<system-err/></testcase></testsuite><testsuite timestamp="2013-12-02T13:36:02.426Z" hostname="localhost" tests="2" errors="0" failures="0" skipped="0" id="d10018e1" name="identity" package="http://example.net/ns" time="0.008">
<properties>

<property name="option: option.required" value="import 2"/>

</properties>
<testcase name="theStepShouldExecuteSuccessfullyWithoutThrowingAnyErrors" classname="identity" assertions="1" time="0" status="SUCCESS"><system-out>the step should execute successfully without throwing any errors: SUCCESS</system-out>
<system-err/></testcase><testcase name="theOptionOptionRequiredShouldHaveTheValueImport2" classname="identity" assertions="1" time="0" status="SUCCESS"><system-out>the option 'option.required' should have the value 'import 2': SUCCESS</system-out>
<system-err/></testcase></testsuite></testsuites></x:document>
            </x:context><x:expect label="there should be at least one test, and none of the tests should fail" type="xpath" test="not(/*/@tests='0') and /*/@failures='0' and /*/@errors='0'" contextref="context2"/></x:scenario><x:output port="result"><x:document xml:base="file:/home/jostein/xprocspec/xprocspec/src/main/resources/content/xml/xproc/report/report.xpl" xml:space="preserve" type="inline"><x:test-report><x:description xml:base="file:/home/jostein/xprocspec/xprocspec/src/test/xprocspec/tests/import-2.xprocspec" test-base-uri="file:/home/jostein/xprocspec/xprocspec/src/test/xprocspec/tests/import-2.xprocspec" script="file:/home/jostein/xprocspec/xprocspec/src/test/xprocspec/steps/identity.xpl" test-grammar="xprocspec" temp-dir="file:/tmp/xprocspec-20131202143557583/xprocspec-20131202143601576/"><x:step-declaration><p:declare-step xmlns:p="http://www.w3.org/ns/xproc" xmlns:ex="http://example.net/ns" name="main" type="ex:identity" version="1.0" x:type="{http://example.net/ns}identity"><p:input port="source.document.primary" kind="document" primary="true" sequence="false"><p:inline>
            <source.document.primary.default/>
        </p:inline></p:input><p:input port="source.document.secondary.sequence" kind="document" sequence="true" primary="false"><p:inline>
            <source.document.secondary.sequence/>
        </p:inline></p:input><p:input select="/*/*" port="source.document.secondary.select-children" kind="document" sequence="true" primary="false"><p:inline>
            <default>
                <default/>
                <default/>
            </default>
        </p:inline></p:input><p:input port="source.parameter.primary.sequence" primary="true" kind="parameter" sequence="true"/><p:output port="result.document.primary" kind="document" primary="true" sequence="false"><p:pipe port="source.document.primary" step="main"/></p:output><p:output port="result.document.secondary.sequence" kind="document" sequence="true" primary="false"><p:pipe port="source.document.secondary.sequence" step="main"/></p:output><p:output port="result.document.secondary.select-children" kind="document" sequence="true" primary="false"><p:pipe port="source.document.secondary.select-children" step="main"/></p:output><p:output port="result.parameter.primary" kind="document" sequence="false" primary="false"><p:pipe port="result" step="parameters"/></p:output><p:output port="options" kind="document" sequence="false" primary="false"><p:pipe port="result" step="options"/></p:output><p:option name="option"/><p:option name="option.required" required="true"/><p:option name="option.default" select="'default'"/></p:declare-step></x:step-declaration><x:scenario xmlns:e="http://example.net/ns" end-time="2013-12-02T13:36:01.759Z" label="identity" start-time="2013-12-02T13:36:01.751Z"><x:call x:type="{http://example.net/ns}identity" step="e:identity"><x:option select="'import 2b'" name="option.required" value=""/></x:call>
                                                <x:context label="errors" id="errors">
                                                    
                                                </x:context>
                                            
                                                <x:expect type="count" label="the step should execute successfully without throwing any errors" max="0" contextref="errors"/>
                                            <x:context label="the results" id="context0">
            <x:document xml:base="file:/home/jostein/xprocspec/xprocspec/src/test/xprocspec/steps/identity.xpl" xml:space="preserve" type="inline">
                <c:options xmlns:ex="http://example.net/ns">
                    
                    <c:option name="option.required" value="import 2b"/>
                    <c:option name="option.default" value="default"/>
                </c:options>
            </x:document>
        </x:context><x:expect type="xpath" label="the option 'option.required' should have the value 'import 2b'" test="/*/*[@name='option.required']/@value='import 2b'" contextref="context0"/></x:scenario><x:output port="result.document.primary"><x:document xml:base="file:/home/jostein/xprocspec/xprocspec/src/test/xprocspec/tests/import-2.xprocspec" xml:space="preserve" type="inline">
            <source.document.primary.default xmlns:ex="http://example.net/ns"/>
        </x:document></x:output><x:output port="result.document.secondary.sequence"><x:document xml:base="file:/home/jostein/xprocspec/xprocspec/src/test/xprocspec/steps/identity.xpl" xml:space="preserve" type="inline">
            <source.document.secondary.sequence xmlns:ex="http://example.net/ns"/>
        </x:document></x:output><x:output port="result.document.secondary.select-children"><x:document xml:base="file:/home/jostein/xprocspec/xprocspec/src/test/xprocspec/steps/identity.xpl" xml:space="preserve" type="inline"><default xmlns:ex="http://example.net/ns"/></x:document><x:document xml:base="file:/home/jostein/xprocspec/xprocspec/src/test/xprocspec/steps/identity.xpl" xml:space="preserve" type="inline"><default xmlns:ex="http://example.net/ns"/></x:document></x:output><x:output port="result.parameter.primary"><x:document xml:base="file:/home/jostein/xprocspec/xprocspec/src/test/xprocspec/steps/identity.xpl" xml:space="preserve" type="inline"><c:param-set/></x:document></x:output><x:output port="options"><x:document xml:base="file:/home/jostein/xprocspec/xprocspec/src/test/xprocspec/steps/identity.xpl" xml:space="preserve" type="inline">
                <c:options xmlns:ex="http://example.net/ns">
                    
                    <c:option name="option.required" value="import 2b"/>
                    <c:option name="option.default" value="default"/>
                </c:options>
            </x:document></x:output><x:test-result xmlns:e="http://example.net/ns" type="count" label="the step should execute successfully without throwing any errors" max="0" contextref="errors" result="passed">
                                                        <x:expected>At most 0 documents.</x:expected>
                                                    <x:was>0</x:was></x:test-result><x:test-result xmlns:e="http://example.net/ns" type="xpath" label="the option 'option.required' should have the value 'import 2b'" test="/*/*[@name='option.required']/@value='import 2b'" contextref="context0" result="passed"><x:expected xml:space="preserve">XPath: true()
Value: true</x:expected><x:was xml:space="preserve">XPath: /*/*[@name='option.required']/@value='import 2b'
Value: true</x:was></x:test-result></x:description><x:description xml:base="file:/home/jostein/xprocspec/xprocspec/src/test/xprocspec/tests/import-2.xprocspec" test-base-uri="file:/home/jostein/xprocspec/xprocspec/src/test/xprocspec/tests/import-2.xprocspec" script="file:/home/jostein/xprocspec/xprocspec/src/test/xprocspec/steps/identity.xpl" test-grammar="xprocspec" temp-dir="file:/tmp/xprocspec-20131202143557583/xprocspec-20131202143601576/"><x:step-declaration><p:declare-step xmlns:p="http://www.w3.org/ns/xproc" xmlns:ex="http://example.net/ns" name="main" type="ex:identity" version="1.0" x:type="{http://example.net/ns}identity"><p:input port="source.document.primary" kind="document" primary="true" sequence="false"><p:inline>
            <source.document.primary.default/>
        </p:inline></p:input><p:input port="source.document.secondary.sequence" kind="document" sequence="true" primary="false"><p:inline>
            <source.document.secondary.sequence/>
        </p:inline></p:input><p:input select="/*/*" port="source.document.secondary.select-children" kind="document" sequence="true" primary="false"><p:inline>
            <default>
                <default/>
                <default/>
            </default>
        </p:inline></p:input><p:input port="source.parameter.primary.sequence" primary="true" kind="parameter" sequence="true"/><p:output port="result.document.primary" kind="document" primary="true" sequence="false"><p:pipe port="source.document.primary" step="main"/></p:output><p:output port="result.document.secondary.sequence" kind="document" sequence="true" primary="false"><p:pipe port="source.document.secondary.sequence" step="main"/></p:output><p:output port="result.document.secondary.select-children" kind="document" sequence="true" primary="false"><p:pipe port="source.document.secondary.select-children" step="main"/></p:output><p:output port="result.parameter.primary" kind="document" sequence="false" primary="false"><p:pipe port="result" step="parameters"/></p:output><p:output port="options" kind="document" sequence="false" primary="false"><p:pipe port="result" step="options"/></p:output><p:option name="option"/><p:option name="option.required" required="true"/><p:option name="option.default" select="'default'"/></p:declare-step></x:step-declaration><x:scenario xmlns:e="http://example.net/ns" end-time="2013-12-02T13:36:01.816Z" label="identity" start-time="2013-12-02T13:36:01.809Z"><x:call x:type="{http://example.net/ns}identity" step="e:identity"><x:option select="'import 2a'" name="option.required" value=""/></x:call>
                                                <x:context label="errors" id="errors">
                                                    
                                                </x:context>
                                            
                                                <x:expect type="count" label="the step should execute successfully without throwing any errors" max="0" contextref="errors"/>
                                            <x:context label="the results" id="context1">
            <x:document xml:base="file:/home/jostein/xprocspec/xprocspec/src/test/xprocspec/steps/identity.xpl" xml:space="preserve" type="inline">
                <c:options xmlns:ex="http://example.net/ns">
                    
                    <c:option name="option.required" value="import 2a"/>
                    <c:option name="option.default" value="default"/>
                </c:options>
            </x:document>
        </x:context><x:expect type="xpath" label="the option 'option.required' should have the value 'import 2a'" test="/*/*[@name='option.required']/@value='import 2a'" contextref="context1"/></x:scenario><x:output port="result.document.primary"><x:document xml:base="file:/home/jostein/xprocspec/xprocspec/src/test/xprocspec/tests/import-2.xprocspec" xml:space="preserve" type="inline">
            <source.document.primary.default xmlns:ex="http://example.net/ns"/>
        </x:document></x:output><x:output port="result.document.secondary.sequence"><x:document xml:base="file:/home/jostein/xprocspec/xprocspec/src/test/xprocspec/steps/identity.xpl" xml:space="preserve" type="inline">
            <source.document.secondary.sequence xmlns:ex="http://example.net/ns"/>
        </x:document></x:output><x:output port="result.document.secondary.select-children"><x:document xml:base="file:/home/jostein/xprocspec/xprocspec/src/test/xprocspec/steps/identity.xpl" xml:space="preserve" type="inline"><default xmlns:ex="http://example.net/ns"/></x:document><x:document xml:base="file:/home/jostein/xprocspec/xprocspec/src/test/xprocspec/steps/identity.xpl" xml:space="preserve" type="inline"><default xmlns:ex="http://example.net/ns"/></x:document></x:output><x:output port="result.parameter.primary"><x:document xml:base="file:/home/jostein/xprocspec/xprocspec/src/test/xprocspec/steps/identity.xpl" xml:space="preserve" type="inline"><c:param-set/></x:document></x:output><x:output port="options"><x:document xml:base="file:/home/jostein/xprocspec/xprocspec/src/test/xprocspec/steps/identity.xpl" xml:space="preserve" type="inline">
                <c:options xmlns:ex="http://example.net/ns">
                    
                    <c:option name="option.required" value="import 2a"/>
                    <c:option name="option.default" value="default"/>
                </c:options>
            </x:document></x:output><x:test-result xmlns:e="http://example.net/ns" type="count" label="the step should execute successfully without throwing any errors" max="0" contextref="errors" result="passed">
                                                        <x:expected>At most 0 documents.</x:expected>
                                                    <x:was>0</x:was></x:test-result><x:test-result xmlns:e="http://example.net/ns" type="xpath" label="the option 'option.required' should have the value 'import 2a'" test="/*/*[@name='option.required']/@value='import 2a'" contextref="context1" result="passed"><x:expected xml:space="preserve">XPath: true()
Value: true</x:expected><x:was xml:space="preserve">XPath: /*/*[@name='option.required']/@value='import 2a'
Value: true</x:was></x:test-result></x:description><x:description xml:base="file:/home/jostein/xprocspec/xprocspec/src/test/xprocspec/tests/import-2.xprocspec" test-base-uri="file:/home/jostein/xprocspec/xprocspec/src/test/xprocspec/tests/import-2.xprocspec" script="file:/home/jostein/xprocspec/xprocspec/src/test/xprocspec/steps/identity.xpl" test-grammar="xprocspec" temp-dir="file:/tmp/xprocspec-20131202143557583/xprocspec-20131202143601576/"><x:step-declaration><p:declare-step xmlns:p="http://www.w3.org/ns/xproc" xmlns:ex="http://example.net/ns" name="main" type="ex:identity" version="1.0" x:type="{http://example.net/ns}identity"><p:input port="source.document.primary" kind="document" primary="true" sequence="false"><p:inline>
            <source.document.primary.default/>
        </p:inline></p:input><p:input port="source.document.secondary.sequence" kind="document" sequence="true" primary="false"><p:inline>
            <source.document.secondary.sequence/>
        </p:inline></p:input><p:input select="/*/*" port="source.document.secondary.select-children" kind="document" sequence="true" primary="false"><p:inline>
            <default>
                <default/>
                <default/>
            </default>
        </p:inline></p:input><p:input port="source.parameter.primary.sequence" primary="true" kind="parameter" sequence="true"/><p:output port="result.document.primary" kind="document" primary="true" sequence="false"><p:pipe port="source.document.primary" step="main"/></p:output><p:output port="result.document.secondary.sequence" kind="document" sequence="true" primary="false"><p:pipe port="source.document.secondary.sequence" step="main"/></p:output><p:output port="result.document.secondary.select-children" kind="document" sequence="true" primary="false"><p:pipe port="source.document.secondary.select-children" step="main"/></p:output><p:output port="result.parameter.primary" kind="document" sequence="false" primary="false"><p:pipe port="result" step="parameters"/></p:output><p:output port="options" kind="document" sequence="false" primary="false"><p:pipe port="result" step="options"/></p:output><p:option name="option"/><p:option name="option.required" required="true"/><p:option name="option.default" select="'default'"/></p:declare-step></x:step-declaration><x:scenario xmlns:e="http://example.net/ns" end-time="2013-12-02T13:36:01.87Z" label="identity" start-time="2013-12-02T13:36:01.862Z"><x:call x:type="{http://example.net/ns}identity" step="e:identity"><x:option select="'import 2'" name="option.required" value=""/></x:call>
                                                <x:context label="errors" id="errors">
                                                    
                                                </x:context>
                                            
                                                <x:expect type="count" label="the step should execute successfully without throwing any errors" max="0" contextref="errors"/>
                                            <x:context label="the results" id="context2">
            <x:document xml:base="file:/home/jostein/xprocspec/xprocspec/src/test/xprocspec/steps/identity.xpl" xml:space="preserve" type="inline">
                <c:options xmlns:ex="http://example.net/ns">
                    
                    <c:option name="option.required" value="import 2"/>
                    <c:option name="option.default" value="default"/>
                </c:options>
            </x:document>
        </x:context><x:expect type="xpath" label="the option 'option.required' should have the value 'import 2'" test="/*/*[@name='option.required']/@value='import 2'" contextref="context2"/></x:scenario><x:output port="result.document.primary"><x:document xml:base="file:/home/jostein/xprocspec/xprocspec/src/test/xprocspec/tests/import-2.xprocspec" xml:space="preserve" type="inline">
            <source.document.primary.default xmlns:ex="http://example.net/ns"/>
        </x:document></x:output><x:output port="result.document.secondary.sequence"><x:document xml:base="file:/home/jostein/xprocspec/xprocspec/src/test/xprocspec/steps/identity.xpl" xml:space="preserve" type="inline">
            <source.document.secondary.sequence xmlns:ex="http://example.net/ns"/>
        </x:document></x:output><x:output port="result.document.secondary.select-children"><x:document xml:base="file:/home/jostein/xprocspec/xprocspec/src/test/xprocspec/steps/identity.xpl" xml:space="preserve" type="inline"><default xmlns:ex="http://example.net/ns"/></x:document><x:document xml:base="file:/home/jostein/xprocspec/xprocspec/src/test/xprocspec/steps/identity.xpl" xml:space="preserve" type="inline"><default xmlns:ex="http://example.net/ns"/></x:document></x:output><x:output port="result.parameter.primary"><x:document xml:base="file:/home/jostein/xprocspec/xprocspec/src/test/xprocspec/steps/identity.xpl" xml:space="preserve" type="inline"><c:param-set/></x:document></x:output><x:output port="options"><x:document xml:base="file:/home/jostein/xprocspec/xprocspec/src/test/xprocspec/steps/identity.xpl" xml:space="preserve" type="inline">
                <c:options xmlns:ex="http://example.net/ns">
                    
                    <c:option name="option.required" value="import 2"/>
                    <c:option name="option.default" value="default"/>
                </c:options>
            </x:document></x:output><x:test-result xmlns:e="http://example.net/ns" type="count" label="the step should execute successfully without throwing any errors" max="0" contextref="errors" result="passed">
                                                        <x:expected>At most 0 documents.</x:expected>
                                                    <x:was>0</x:was></x:test-result><x:test-result xmlns:e="http://example.net/ns" type="xpath" label="the option 'option.required' should have the value 'import 2'" test="/*/*[@name='option.required']/@value='import 2'" contextref="context2" result="passed"><x:expected xml:space="preserve">XPath: true()
Value: true</x:expected><x:was xml:space="preserve">XPath: /*/*[@name='option.required']/@value='import 2'
Value: true</x:was></x:test-result></x:description></x:test-report></x:document></x:output><x:output port="html"><x:document xml:base="file:/home/jostein/xprocspec/xprocspec/src/main/resources/content/xml/xproc/report/report-template.xhtml" xml:space="preserve" type="inline"><html xmlns="http://www.w3.org/1999/xhtml"><head><title>Test Report for file:/home/jostein/xprocspec/xprocspec/src/test/xprocspec/tests/import-2.xprocspec (passed:6 / pending:0 / failed:0 / errors:0 / total:6)</title>
        <meta charset="utf-8"/>
        <style type="text/css" xml:space="preserve">/**/
/****************************************************************************/
/*  File:       test-report.css                                             */
/*  Author:     Jeni Tennsion                                               */
/*  URI:        http://xspec.googlecode.com/                                */
/*  Tags:                                                                   */
/*    Copyright (c) 2008, 2010 Jeni Tennsion (see end of file.)             */
/* ------------------------------------------------------------------------ */


/* test */

/* box model */

body {
	margin-right: 1em;
	/*margin-left: 10%;*/
	}

h1 {
	padding: 0.3em 0.5em 0.3em 0.5em;
	position: relative;
	}

h2 {
	padding: 0.1em 0.5em 0.2em 0.5em;
	}

h3 {
	padding-left: 0.6em;
	}

h4 {
	padding-left: 0.8em;
	}

p, table {
	/*margin-left: 5%;*/
	}

dd ul, dd ol {
	margin-left: 0%;
	}

li ul, li ol {
	/*margin-left: 5%;*/
	}

dl, ul, ol, blockquote {
	/*margin-left: 10%;*/
	}

dt {
  padding-top: 3px;
  padding-bottom: 3px;
	clear: both;
	}

dd p {
	/*margin-left: -5px;*/
	margin-top: 5px;
	clear: both;
	}

p.link {
	margin-top: 4px;
	margin-bottom: 0px;
	clear: both;
	}

tr td, td p, li, li p {
	margin-left: 0%;
	}

td:nth-child(2) {
	padding-left: 5%;
	}

.link img, dt img {
	vertical-align: middle;
	position: relative;
	top: -5px;
	}

img {
	position: relative;
	}

#xml-link {
	position: absolute;
	left: 5px;
	top: 5px;
	width: 10%;
	margin-left: 0%;
	}

#link-up {
	position: absolute;
	left: 93%;
	right: 2em;
	top: 0.3em;
	}

#link-top {
	position: absolute;
	left: 89%;
	right: 4em;
	top: 0.3em;
	}
	
.popup {
	display: block;
	visibility: hidden;
	float: right;
	position: absolute;
	top: 5px;
	left: -200px;
	z-index: 1;
	padding: 0.3em;
	width: 220px;
	}

.note {
	position: relative;
	}

.post {
	/*margin-left: 5%;*/
	padding-top: 1em;
	}
	
.example, .sidebar {
  /*margin-left: 5%;*/
  margin-top: 1em;
  margin-bottom: 1em;
  }

/*pre {
	padding-left: 5%;
	margin-left: 5%;
	}*/

/*dd pre, li pre {
	padding-left: 5%;
	}*/

/* fonts */
/* Oxygen  */
body, table {
    font-family:arial, helvetica, sans-serif;
    font-size:12px;
}
/* Oxygen  */

/*body {
	font-family: Verdana, arial, sans-serif;
	font-size: small;
	}*/	

/*h1, h2, h3, h4, h5, h6 {
	font-family: 'trebuchet MS', arial, sans-serif;
	}*/

h1 {
	font-size: 173%;
	font-weight: bold;
	}

h2 {
	font-size: 144%;
	font-weight: normal;
	}

h3 {
	font-size: 120%;
	font-weight: normal;
	}

h4 {
  font-size: 100%;
  font-weight: bold;
}

dt {
	font-weight: bold;
	}

a:link, a:visited, a:active, a:hover {
	font-weight: bold;
	}

a.offsite:link, a.offsite:visited, a.offsite:active, a.offsite:hover {
	font-weight: normal;
	}

/* suppress the normal italics */
address {
	font-style: normal;
	}

div.example, .sidebar {
  font-family: Verdana, arial, sans-serif;
  font-size: 100%;
  }


.note, .link {
	font-family: Verdana, arial, sans-serif;
	/*font-size: 83%;*/
	}

/*.example, .string, .rtf, .code, pre, code {
	font-family: "Lucida Console", "Courier New", monospace;*/
  /*font-size: 83%;*/
/*	}*/

.boolean {
	font-style: italic;
	}

#colophon, #xml-link {
	font-size: 69%;
	}

.question, .title {
	font-weight: bold;
	}

/* colours */
body {
	background-color: white;
	color: black;
	border: 0px none black;
	}

/* this is to make Navigator fill the entire line */
h1, h2 {
	border: 1px solid white;
	width: auto;
	}

h1 {
	/*background: #606;*/
	/*color: #6F6;*/
	}

h2 {
	color: #606;
	/*background: #CFC;*/
	}

hr {
	color: #606;
	background: white;
	}

img, a:link img, a:visited img, a:hover img, a:active img, #link-up img, #link-top img {
	border: 0px none white;
	background: transparent;
	}

/* OXYGEN */
a, a:visited {
    color:rgb(0, 0, 150);
    background-color:inherit;
    font-weight: bold;
}
a:link, a:visited {
    text-decoration:none; 
}
a:hover {
    text-decoration:underline;
}

/* OXYGEN */

a.img:hover, a.img:active {
	background: transparent;
	}

#colophon, #xml-link, .note {
	color: #666;
	}

#colophon a:link, #colophon a:visited, #colophon a:hover,
#xml-link a:link, #xml-link a:visited, #xml-link a:hover,
.note a:link, .note a:visited, .note a:hover {
	color: #969;
	background: transparent;
	}

#colophon a:hover, #xml-link a:hover, .note a:hover {
	background: #CFC;
	color: #969;
	}

.popup {
	background: white;
	border: 1px solid #606;
	}

.post {
	border-top: 2px solid #606;
	}
	
.example {
  border-top: 2px solid #606;
  border-bottom: 2px solid #606;
  }
  
.sidebar {
  border-top: 2px solid #090;
  border-bottom: 2px solid #090;
  }
  
.rng {
  border-left: 2px solid #666;
  }

.same {
  background-color: rgb(206, 239, 174);
}

.diff {
  background-color: #FCC;
}

.whitespace {
	font-style: italic;
	color: #999;
	background: white;
}

.ignored {
  font-style: italic;
  color: #999;
  background: white;
}

.hit {
}

.missed {
  background-color: #A33;
  color: white;
}

/* text */
ol ol li {
	list-style: lower-alpha;
	}

th {
	text-align: left;
	}

td {
	vertical-align: top;
	}

h1 {
	text-transform: uppercase;
	}

h2, h3 {
	/*text-transform: capitalize;*/
	}

.question {
	text-indent: -33px;
	}

.byline {
	text-align: right;
	}

#link-top, #link-up {
	text-align: right;
	}

a {
	text-decoration: none;
	}

table { width: 85%;
        /* border: collapse; */ }

th { text-align: left; }

.xspec tbody th { font-weight: normal; /*font-size: 0.8em;*/ border-top: 1px #666 solid; }
.xspec tbody td { /*font-size: 0.8em;*/ color: #666; }

.successful.label th, .successful.label td { background-color: #CFC; }
.pending.label th, .pending.label td { background-color: #DDD; color: #666; }
.failed.label th, .failed.label td { background-color: #FCC; }
.error.label th, .error.label td { background-color: #FAA; }
/*body &gt; table tbody .failed.label th:first-child:before {content:url(data:image/png;base64,iVBORw0KGgoAAAANSUhEUgAAAAwAAAAMCAYAAABWdVznAAAAGXRFWHRTb2Z0d2FyZQBBZG9iZSBJbWFnZVJlYWR5ccllPAAAA2ZpVFh0WE1MOmNvbS5hZG9iZS54bXAAAAAAADw/eHBhY2tldCBiZWdpbj0i77u/IiBpZD0iVzVNME1wQ2VoaUh6cmVTek5UY3prYzlkIj8+IDx4OnhtcG1ldGEgeG1sbnM6eD0iYWRvYmU6bnM6bWV0YS8iIHg6eG1wdGs9IkFkb2JlIFhNUCBDb3JlIDUuMy1jMDExIDY2LjE0NTY2MSwgMjAxMi8wMi8wNi0xNDo1NjoyNyAgICAgICAgIj4gPHJkZjpSREYgeG1sbnM6cmRmPSJodHRwOi8vd3d3LnczLm9yZy8xOTk5LzAyLzIyLXJkZi1zeW50YXgtbnMjIj4gPHJkZjpEZXNjcmlwdGlvbiByZGY6YWJvdXQ9IiIgeG1sbnM6eG1wTU09Imh0dHA6Ly9ucy5hZG9iZS5jb20veGFwLzEuMC9tbS8iIHhtbG5zOnN0UmVmPSJodHRwOi8vbnMuYWRvYmUuY29tL3hhcC8xLjAvc1R5cGUvUmVzb3VyY2VSZWYjIiB4bWxuczp4bXA9Imh0dHA6Ly9ucy5hZG9iZS5jb20veGFwLzEuMC8iIHhtcE1NOk9yaWdpbmFsRG9jdW1lbnRJRD0ieG1wLmRpZDpCQjU0NjU4QjIyQTNFMTExQkI5Rjk5QkQ4RkQ5RUJFQiIgeG1wTU06RG9jdW1lbnRJRD0ieG1wLmRpZDpEQTUyOTdBQUEzRDUxMUUxQTQwN0YzMUI0Nzg3NDU1RSIgeG1wTU06SW5zdGFuY2VJRD0ieG1wLmlpZDpEQTUyOTdBOUEzRDUxMUUxQTQwN0YzMUI0Nzg3NDU1RSIgeG1wOkNyZWF0b3JUb29sPSJBZG9iZSBQaG90b3Nob3AgQ1M2IChXaW5kb3dzKSI+IDx4bXBNTTpEZXJpdmVkRnJvbSBzdFJlZjppbnN0YW5jZUlEPSJ4bXAuaWlkOjQ4MTZDRTNCRDVBM0UxMTFBQTI2QTBCMjZENzg1Qzg5IiBzdFJlZjpkb2N1bWVudElEPSJ4bXAuZGlkOkJCNTQ2NThCMjJBM0UxMTFCQjlGOTlCRDhGRDlFQkVCIi8+IDwvcmRmOkRlc2NyaXB0aW9uPiA8L3JkZjpSREY+IDwveDp4bXBtZXRhPiA8P3hwYWNrZXQgZW5kPSJyIj8+aHNJrgAAAZ1JREFUeNpsUssrRGEU/907985YMDPNYlh4hbKZPMdgR3aysrGSSFIeKyUKpewoRTYkmcgCf4MsMI2FPDYGKeUZSoru4/uc82VC+W7fOeee+zvn/M45V1uuyCmVwDogq0hDklD6jy1dspNkdxokVrIzPFUh0/MD5OdXoJDwPFtu3d2ns6TTp9oggTlFZlmN0o4AHMmXfJGo0lmGzoE1OgmNHf5YA8rmN5HfM6wADmUuHphA9cIW/JX1yiek9DIlyijxkNjBzXYche19gNcHzfShoLUdVxtLuD/cYzCoMAzCwqYrhMDx9Chs20JRWzf4nMcXcDI3pYAqQHIAtWUJbpKursMMhpA+RiAEGzpc4X5XkDB4GjaHmiZik/PIa2rBEWVlSuW9Q+T3YndskBi46QpQFcLltchtbEZyZhxna4uKhmV9Ito/gtPNOG4P99WItdlIWARNXWOAv6AEr9cplel7/ggUleDlMqUSvNnCobHKxDsNnqs8XaWUZopp/XhxTkOR+HDVOveYUge9rNLyY9SU9v+vwXuUB2R0fQkwABfn/VKSjTLBAAAAAElFTkSuQmCC) " "}*/
/*body &gt; table tbody .error.label th:first-child:before {content:url(data:image/png;base64,iVBORw0KGgoAAAANSUhEUgAAAAwAAAAMCAYAAABWdVznAAAABmJLR0QAAAAAAAD5Q7t/AAAACXBIWXMAAAsTAAALEwEAmpwYAAAAB3RJTUUH3QcKER4AdkxvvQAAAdVJREFUKM89kM9KG0EAh7/JTHazZInEQwJ68KIWLx6Etj6EjxAobYSsD+BjCJ682EOp0FMueYmS0FMICF4i6tFNzJ/dyRh2Znoo6Xf+Pn7wEzc3Nx/W6/UvY8xJnudkWYa1Fu893nviOCaKIhuG4R/v/Ve1Xq9/bG1tnezs7JDnOVpr3t/fcc4hpaRSqVCpVORqtTp9e3v7rrTWn5vNJpPJhHK5zHg8JssyvPeEYcjR0RFpmlKr1ZjP5x9Li8VCbOR2u83BwQEvLy88PT1xfHzMxcUFQgjSNCXLskDlec5sNuPx8REpJZ1Oh+fnZ4QQnJ+fc319Tb/fZ29vD601SmvNdDplsVhwe3vLaDTi6uoKgCRJGAwGNBoNXl9fMcZQcs5hjGG1WpHnObVajQ3VahWtNcYYjDE451Cb+7z3JElCkiScnZ0hpaTX67G7u0u328V7/y+oVqsIITg8PKTT6dBqtRgOhzjnaLVa3N3dcX9/z3K5JI5jxOXlpSuKQqRpirWWh4eH//Plcpn9/X2cc2xvb1MqlQqllBpYa0/jOGYymdBsNsmyDOccURRRFAX1eh2lFGEY/lZBEHyx1v703n8KgkBEUYSUEu/9RkIIUQRB0A/D8NtflUT+nn4OS+0AAAAASUVORK5CYII=) " "}*/
.failed.label th:first-child:before, .failed.label td:first-child:before {content:url(data:image/png;base64,iVBORw0KGgoAAAANSUhEUgAAAAwAAAAMCAYAAABWdVznAAAAGXRFWHRTb2Z0d2FyZQBBZG9iZSBJbWFnZVJlYWR5ccllPAAAA2ZpVFh0WE1MOmNvbS5hZG9iZS54bXAAAAAAADw/eHBhY2tldCBiZWdpbj0i77u/IiBpZD0iVzVNME1wQ2VoaUh6cmVTek5UY3prYzlkIj8+IDx4OnhtcG1ldGEgeG1sbnM6eD0iYWRvYmU6bnM6bWV0YS8iIHg6eG1wdGs9IkFkb2JlIFhNUCBDb3JlIDUuMy1jMDExIDY2LjE0NTY2MSwgMjAxMi8wMi8wNi0xNDo1NjoyNyAgICAgICAgIj4gPHJkZjpSREYgeG1sbnM6cmRmPSJodHRwOi8vd3d3LnczLm9yZy8xOTk5LzAyLzIyLXJkZi1zeW50YXgtbnMjIj4gPHJkZjpEZXNjcmlwdGlvbiByZGY6YWJvdXQ9IiIgeG1sbnM6eG1wTU09Imh0dHA6Ly9ucy5hZG9iZS5jb20veGFwLzEuMC9tbS8iIHhtbG5zOnN0UmVmPSJodHRwOi8vbnMuYWRvYmUuY29tL3hhcC8xLjAvc1R5cGUvUmVzb3VyY2VSZWYjIiB4bWxuczp4bXA9Imh0dHA6Ly9ucy5hZG9iZS5jb20veGFwLzEuMC8iIHhtcE1NOk9yaWdpbmFsRG9jdW1lbnRJRD0ieG1wLmRpZDpCQjU0NjU4QjIyQTNFMTExQkI5Rjk5QkQ4RkQ5RUJFQiIgeG1wTU06RG9jdW1lbnRJRD0ieG1wLmRpZDpEQTUyOTdBQUEzRDUxMUUxQTQwN0YzMUI0Nzg3NDU1RSIgeG1wTU06SW5zdGFuY2VJRD0ieG1wLmlpZDpEQTUyOTdBOUEzRDUxMUUxQTQwN0YzMUI0Nzg3NDU1RSIgeG1wOkNyZWF0b3JUb29sPSJBZG9iZSBQaG90b3Nob3AgQ1M2IChXaW5kb3dzKSI+IDx4bXBNTTpEZXJpdmVkRnJvbSBzdFJlZjppbnN0YW5jZUlEPSJ4bXAuaWlkOjQ4MTZDRTNCRDVBM0UxMTFBQTI2QTBCMjZENzg1Qzg5IiBzdFJlZjpkb2N1bWVudElEPSJ4bXAuZGlkOkJCNTQ2NThCMjJBM0UxMTFCQjlGOTlCRDhGRDlFQkVCIi8+IDwvcmRmOkRlc2NyaXB0aW9uPiA8L3JkZjpSREY+IDwveDp4bXBtZXRhPiA8P3hwYWNrZXQgZW5kPSJyIj8+aHNJrgAAAZ1JREFUeNpsUssrRGEU/907985YMDPNYlh4hbKZPMdgR3aysrGSSFIeKyUKpewoRTYkmcgCf4MsMI2FPDYGKeUZSoru4/uc82VC+W7fOeee+zvn/M45V1uuyCmVwDogq0hDklD6jy1dspNkdxokVrIzPFUh0/MD5OdXoJDwPFtu3d2ns6TTp9oggTlFZlmN0o4AHMmXfJGo0lmGzoE1OgmNHf5YA8rmN5HfM6wADmUuHphA9cIW/JX1yiek9DIlyijxkNjBzXYche19gNcHzfShoLUdVxtLuD/cYzCoMAzCwqYrhMDx9Chs20JRWzf4nMcXcDI3pYAqQHIAtWUJbpKursMMhpA+RiAEGzpc4X5XkDB4GjaHmiZik/PIa2rBEWVlSuW9Q+T3YndskBi46QpQFcLltchtbEZyZhxna4uKhmV9Ito/gtPNOG4P99WItdlIWARNXWOAv6AEr9cplel7/ggUleDlMqUSvNnCobHKxDsNnqs8XaWUZopp/XhxTkOR+HDVOveYUge9rNLyY9SU9v+vwXuUB2R0fQkwABfn/VKSjTLBAAAAAElFTkSuQmCC) " "}
.error.label th:first-child:before, .error.label td:first-child:before {content:url(data:image/png;base64,iVBORw0KGgoAAAANSUhEUgAAAAwAAAAMCAYAAABWdVznAAAABmJLR0QAAAAAAAD5Q7t/AAAACXBIWXMAAAsTAAALEwEAmpwYAAAAB3RJTUUH3QcKER4AdkxvvQAAAdVJREFUKM89kM9KG0EAh7/JTHazZInEQwJ68KIWLx6Etj6EjxAobYSsD+BjCJ682EOp0FMueYmS0FMICF4i6tFNzJ/dyRh2Znoo6Xf+Pn7wEzc3Nx/W6/UvY8xJnudkWYa1Fu893nviOCaKIhuG4R/v/Ve1Xq9/bG1tnezs7JDnOVpr3t/fcc4hpaRSqVCpVORqtTp9e3v7rrTWn5vNJpPJhHK5zHg8JssyvPeEYcjR0RFpmlKr1ZjP5x9Li8VCbOR2u83BwQEvLy88PT1xfHzMxcUFQgjSNCXLskDlec5sNuPx8REpJZ1Oh+fnZ4QQnJ+fc319Tb/fZ29vD601SmvNdDplsVhwe3vLaDTi6uoKgCRJGAwGNBoNXl9fMcZQcs5hjGG1WpHnObVajQ3VahWtNcYYjDE451Cb+7z3JElCkiScnZ0hpaTX67G7u0u328V7/y+oVqsIITg8PKTT6dBqtRgOhzjnaLVa3N3dcX9/z3K5JI5jxOXlpSuKQqRpirWWh4eH//Plcpn9/X2cc2xvb1MqlQqllBpYa0/jOGYymdBsNsmyDOccURRRFAX1eh2lFGEY/lZBEHyx1v703n8KgkBEUYSUEu/9RkIIUQRB0A/D8NtflUT+nn4OS+0AAAAASUVORK5CYII=) " "}
.pending.label th:first-child:before, .pending.label td:first-child:before {content:url(data:image/png;base64,iVBORw0KGgoAAAANSUhEUgAAAAwAAAAMCAYAAABWdVznAAAAGXRFWHRTb2Z0d2FyZQBBZG9iZSBJbWFnZVJlYWR5ccllPAAAA2ZpVFh0WE1MOmNvbS5hZG9iZS54bXAAAAAAADw/eHBhY2tldCBiZWdpbj0i77u/IiBpZD0iVzVNME1wQ2VoaUh6cmVTek5UY3prYzlkIj8+IDx4OnhtcG1ldGEgeG1sbnM6eD0iYWRvYmU6bnM6bWV0YS8iIHg6eG1wdGs9IkFkb2JlIFhNUCBDb3JlIDUuMy1jMDExIDY2LjE0NTY2MSwgMjAxMi8wMi8wNi0xNDo1NjoyNyAgICAgICAgIj4gPHJkZjpSREYgeG1sbnM6cmRmPSJodHRwOi8vd3d3LnczLm9yZy8xOTk5LzAyLzIyLXJkZi1zeW50YXgtbnMjIj4gPHJkZjpEZXNjcmlwdGlvbiByZGY6YWJvdXQ9IiIgeG1sbnM6eG1wTU09Imh0dHA6Ly9ucy5hZG9iZS5jb20veGFwLzEuMC9tbS8iIHhtbG5zOnN0UmVmPSJodHRwOi8vbnMuYWRvYmUuY29tL3hhcC8xLjAvc1R5cGUvUmVzb3VyY2VSZWYjIiB4bWxuczp4bXA9Imh0dHA6Ly9ucy5hZG9iZS5jb20veGFwLzEuMC8iIHhtcE1NOk9yaWdpbmFsRG9jdW1lbnRJRD0ieG1wLmRpZDpCQjU0NjU4QjIyQTNFMTExQkI5Rjk5QkQ4RkQ5RUJFQiIgeG1wTU06RG9jdW1lbnRJRD0ieG1wLmRpZDpDODdDM0Y0QUEzRDUxMUUxQjk5N0MzQjVFRDMyQUE1MiIgeG1wTU06SW5zdGFuY2VJRD0ieG1wLmlpZDpDODdDM0Y0OUEzRDUxMUUxQjk5N0MzQjVFRDMyQUE1MiIgeG1wOkNyZWF0b3JUb29sPSJBZG9iZSBQaG90b3Nob3AgQ1M2IChXaW5kb3dzKSI+IDx4bXBNTTpEZXJpdmVkRnJvbSBzdFJlZjppbnN0YW5jZUlEPSJ4bXAuaWlkOjQ4MTZDRTNCRDVBM0UxMTFBQTI2QTBCMjZENzg1Qzg5IiBzdFJlZjpkb2N1bWVudElEPSJ4bXAuZGlkOkJCNTQ2NThCMjJBM0UxMTFCQjlGOTlCRDhGRDlFQkVCIi8+IDwvcmRmOkRlc2NyaXB0aW9uPiA8L3JkZjpSREY+IDwveDp4bXBtZXRhPiA8P3hwYWNrZXQgZW5kPSJyIj8+yj6RYgAAAPZJREFUeNp0kM8KgkAQxmc1E0Wfo3vQn5eRSDx4EUHwbTpEhx4lil7DiydBQUFXp5nAMNsGhpnd/X77za4Iw3CFiFcAWFMFDkXtKZ/UHhfUnB3HWdu2/REpAL2u631ZlicGdpZlwTAMSmBM0zS5bhgQLB5FU3AOUS4XvNn3vVKgAACCIMA0TbFpGsyyDJMkefdFUWAcx1hVFeZ5jlEUoed5qPEI7KDrOhiG8e6llNC27Zcz77FW+L6Pruv+WKtGIzfgR39umv/UHOJgAMlO/BPOXCQDD5p3r2ma8lvHNU9BcWPg0HXdhRZbOhRT8aSXVO9U/ZcAAwAsmjsSQcM0lwAAAABJRU5ErkJggg==) " ";}
.successful.label th:first-child:before, .successful.label td:first-child:before {content:url(data:image/png;base64,iVBORw0KGgoAAAANSUhEUgAAAAwAAAAMCAYAAABWdVznAAAAGXRFWHRTb2Z0d2FyZQBBZG9iZSBJbWFnZVJlYWR5ccllPAAAA2ZpVFh0WE1MOmNvbS5hZG9iZS54bXAAAAAAADw/eHBhY2tldCBiZWdpbj0i77u/IiBpZD0iVzVNME1wQ2VoaUh6cmVTek5UY3prYzlkIj8+IDx4OnhtcG1ldGEgeG1sbnM6eD0iYWRvYmU6bnM6bWV0YS8iIHg6eG1wdGs9IkFkb2JlIFhNUCBDb3JlIDUuMy1jMDExIDY2LjE0NTY2MSwgMjAxMi8wMi8wNi0xNDo1NjoyNyAgICAgICAgIj4gPHJkZjpSREYgeG1sbnM6cmRmPSJodHRwOi8vd3d3LnczLm9yZy8xOTk5LzAyLzIyLXJkZi1zeW50YXgtbnMjIj4gPHJkZjpEZXNjcmlwdGlvbiByZGY6YWJvdXQ9IiIgeG1sbnM6eG1wTU09Imh0dHA6Ly9ucy5hZG9iZS5jb20veGFwLzEuMC9tbS8iIHhtbG5zOnN0UmVmPSJodHRwOi8vbnMuYWRvYmUuY29tL3hhcC8xLjAvc1R5cGUvUmVzb3VyY2VSZWYjIiB4bWxuczp4bXA9Imh0dHA6Ly9ucy5hZG9iZS5jb20veGFwLzEuMC8iIHhtcE1NOk9yaWdpbmFsRG9jdW1lbnRJRD0ieG1wLmRpZDpCQjU0NjU4QjIyQTNFMTExQkI5Rjk5QkQ4RkQ5RUJFQiIgeG1wTU06RG9jdW1lbnRJRD0ieG1wLmRpZDpEMDVBNThBQUEzRDUxMUUxQjdCQkM2QUNBMTNBMDExNiIgeG1wTU06SW5zdGFuY2VJRD0ieG1wLmlpZDpEMDVBNThBOUEzRDUxMUUxQjdCQkM2QUNBMTNBMDExNiIgeG1wOkNyZWF0b3JUb29sPSJBZG9iZSBQaG90b3Nob3AgQ1M2IChXaW5kb3dzKSI+IDx4bXBNTTpEZXJpdmVkRnJvbSBzdFJlZjppbnN0YW5jZUlEPSJ4bXAuaWlkOjQ4MTZDRTNCRDVBM0UxMTFBQTI2QTBCMjZENzg1Qzg5IiBzdFJlZjpkb2N1bWVudElEPSJ4bXAuZGlkOkJCNTQ2NThCMjJBM0UxMTFCQjlGOTlCRDhGRDlFQkVCIi8+IDwvcmRmOkRlc2NyaXB0aW9uPiA8L3JkZjpSREY+IDwveDp4bXBtZXRhPiA8P3hwYWNrZXQgZW5kPSJyIj8+xJ3YrgAAAYBJREFUeNpsUrtKA1EQPZtdY4gEQiD4QCsLEVGX4CP4AykEq1hYiGghCDZ+gBZWVtrZ+EAjaGOhfoAkNiaKhYWICilMEQNqoYjZ5O4d5+6ucQuLM3funDNzD7OrLe229YBwSKAEnyAP/pyIbL5fcz5rcNiLtuqJSEz3ickn5ruE/vFmJ9/LYjvAldGWqA7bJkgPtoAHQrS5G6NdiwhFWCoxHOCgKUL+iurkCBVawyamE8d4qmSZ51clBZUlh+RG14JzEsJNcaTNLVwWd1B6vXXqkmGoYNeVUPnW3JNr4+YarPoncvebEAKNekAlokaY6N/A1NA+SBgY6Eijtz2Fs5sVWNWawysorWNJsO+q9QWzaxLTYwfojA3isZzDfSnrWvTsNiyp7pOrZURC7ejrTDEpcVpY9ab+NSioLZEiapZA5nwBxZcC8g9HeK7ccYM7TDnwmoU2vx6/NIJaUjc0b0u8YvJNle5HdJvlhbI0Y31ThqsjTGr0/+8hOOQ5nfsRYACtHiy+FDd82wAAAABJRU5ErkJggg==) " "}
/*.successful.label a:before {content:url(data:image/png;base64,iVBORw0KGgoAAAANSUhEUgAAAAwAAAAMCAYAAABWdVznAAAAGXRFWHRTb2Z0d2FyZQBBZG9iZSBJbWFnZVJlYWR5ccllPAAAA2ZpVFh0WE1MOmNvbS5hZG9iZS54bXAAAAAAADw/eHBhY2tldCBiZWdpbj0i77u/IiBpZD0iVzVNME1wQ2VoaUh6cmVTek5UY3prYzlkIj8+IDx4OnhtcG1ldGEgeG1sbnM6eD0iYWRvYmU6bnM6bWV0YS8iIHg6eG1wdGs9IkFkb2JlIFhNUCBDb3JlIDUuMy1jMDExIDY2LjE0NTY2MSwgMjAxMi8wMi8wNi0xNDo1NjoyNyAgICAgICAgIj4gPHJkZjpSREYgeG1sbnM6cmRmPSJodHRwOi8vd3d3LnczLm9yZy8xOTk5LzAyLzIyLXJkZi1zeW50YXgtbnMjIj4gPHJkZjpEZXNjcmlwdGlvbiByZGY6YWJvdXQ9IiIgeG1sbnM6eG1wTU09Imh0dHA6Ly9ucy5hZG9iZS5jb20veGFwLzEuMC9tbS8iIHhtbG5zOnN0UmVmPSJodHRwOi8vbnMuYWRvYmUuY29tL3hhcC8xLjAvc1R5cGUvUmVzb3VyY2VSZWYjIiB4bWxuczp4bXA9Imh0dHA6Ly9ucy5hZG9iZS5jb20veGFwLzEuMC8iIHhtcE1NOk9yaWdpbmFsRG9jdW1lbnRJRD0ieG1wLmRpZDpCQjU0NjU4QjIyQTNFMTExQkI5Rjk5QkQ4RkQ5RUJFQiIgeG1wTU06RG9jdW1lbnRJRD0ieG1wLmRpZDpEMDVBNThBQUEzRDUxMUUxQjdCQkM2QUNBMTNBMDExNiIgeG1wTU06SW5zdGFuY2VJRD0ieG1wLmlpZDpEMDVBNThBOUEzRDUxMUUxQjdCQkM2QUNBMTNBMDExNiIgeG1wOkNyZWF0b3JUb29sPSJBZG9iZSBQaG90b3Nob3AgQ1M2IChXaW5kb3dzKSI+IDx4bXBNTTpEZXJpdmVkRnJvbSBzdFJlZjppbnN0YW5jZUlEPSJ4bXAuaWlkOjQ4MTZDRTNCRDVBM0UxMTFBQTI2QTBCMjZENzg1Qzg5IiBzdFJlZjpkb2N1bWVudElEPSJ4bXAuZGlkOkJCNTQ2NThCMjJBM0UxMTFCQjlGOTlCRDhGRDlFQkVCIi8+IDwvcmRmOkRlc2NyaXB0aW9uPiA8L3JkZjpSREY+IDwveDp4bXBtZXRhPiA8P3hwYWNrZXQgZW5kPSJyIj8+xJ3YrgAAAYBJREFUeNpsUrtKA1EQPZtdY4gEQiD4QCsLEVGX4CP4AykEq1hYiGghCDZ+gBZWVtrZ+EAjaGOhfoAkNiaKhYWICilMEQNqoYjZ5O4d5+6ucQuLM3funDNzD7OrLe229YBwSKAEnyAP/pyIbL5fcz5rcNiLtuqJSEz3ickn5ruE/vFmJ9/LYjvAldGWqA7bJkgPtoAHQrS5G6NdiwhFWCoxHOCgKUL+iurkCBVawyamE8d4qmSZ51clBZUlh+RG14JzEsJNcaTNLVwWd1B6vXXqkmGoYNeVUPnW3JNr4+YarPoncvebEAKNekAlokaY6N/A1NA+SBgY6Eijtz2Fs5sVWNWawysorWNJsO+q9QWzaxLTYwfojA3isZzDfSnrWvTsNiyp7pOrZURC7ejrTDEpcVpY9ab+NSioLZEiapZA5nwBxZcC8g9HeK7ccYM7TDnwmoU2vx6/NIJaUjc0b0u8YvJNle5HdJvlhbI0Y31ThqsjTGr0/+8hOOQ5nfsRYACtHiy+FDd82wAAAABJRU5ErkJggg==) " "}*/

.xspecResult { width: 90%; table-layout: fixed; }

.xspecResult td,
.xspecResult th { width: 50%; }

/*.xspecResult pre { 
  margin-left: 0; 
  padding: 0.5em; 
  overflow: auto; 
  border: 1px #999 dotted;
}*/

span.scenario-totals {float: right; width: 14.5%; text-align: left}

/* OXYGEN */
span.scenario-totals {float: right; width: 34.5%; text-align: right}

h2.failed {
    background-color: #FCC;
}

h1, h2 {
    width: 86%;
    /*margin-left: 3%;*/
    
    font-size:1.4em;
    font-weight:bold;
    text-align:left;
    margin-top:1.4em;
    margin-bottom:0.7em;
    color:#333333;
    background-color:inherit;
}

h1 {
    font-size:1.7em;
}

body &gt; h1:first-child:before {
    content:"XSLT UNIT ";
}

body &gt; h2:first-of-type {
    font-size:1.7em;
}

div &gt; table &gt; tbody &gt; tr &gt; th:first-child {
    font-weight:bold;
}

div &gt; h3 {
    font-weight:bold;
    /*margin-left: 3%;*/
}

div &gt; h4 {
    font-weight:normal;
    /*margin-left: 4%;*/
}

th.result { text-align: center; }
/* OXYGEN */


/* ------------------------------------------------------------------------ */
/*  DO NOT ALTER OR REMOVE COPYRIGHT NOTICES OR THIS COMMENT.               */
/*                                                                          */
/*  Copyright (c) 2008, 2010 Jeni Tennsion                                  */
/*                                                                          */
/*  The contents of this file are subject to the MIT License (see the URI   */
/*  http://www.opensource.org/licenses/mit-license.php for details).        */
/*                                                                          */
/*  Permission is hereby granted, free of charge, to any person obtaining   */
/*  a copy of this software and associated documentation files (the         */
/*  "Software"), to deal in the Software without restriction, including     */
/*  without limitation the rights to use, copy, modify, merge, publish,     */
/*  distribute, sublicense, and/or sell copies of the Software, and to      */
/*  permit persons to whom the Software is furnished to do so, subject to   */
/*  the following conditions:                                               */
/*                                                                          */
/*  The above copyright notice and this permission notice shall be          */
/*  included in all copies or substantial portions of the Software.         */
/*                                                                          */
/*  THE SOFTWARE IS PROVIDED "AS IS", WITHOUT WARRANTY OF ANY KIND,         */
/*  EXPRESS OR IMPLIED, INCLUDING BUT NOT LIMITED TO THE WARRANTIES OF      */
/*  MERCHANTABILITY, FITNESS FOR A PARTICULAR PURPOSE AND NONINFRINGEMENT.  */
/*  IN NO EVENT SHALL THE AUTHORS OR COPYRIGHT HOLDERS BE LIABLE FOR ANY    */
/*  CLAIM, DAMAGES OR OTHER LIABILITY, WHETHER IN AN ACTION OF CONTRACT,    */
/*  TORT OR OTHERWISE, ARISING FROM, OUT OF OR IN CONNECTION WITH THE       */
/*  SOFTWARE OR THE USE OR OTHER DEALINGS IN THE SOFTWARE.                  */
/* ------------------------------------------------------------------------ */

.nobr { white-space: nowrap; }
.scenario-label { text-indent: 0px; }
.context-label { text-indent: 10px; }
.test-label { text-indent: 20px; }
.pending-label { text-indent: 30px; }


        /**/</style>
    </head><body><h1>Test Report</h1><p>Script: <a href="file:/home/jostein/xprocspec/xprocspec/src/test/xprocspec/tests/import-2.xprocspec">file:/home/jostein/xprocspec/xprocspec/src/test/xprocspec/tests/import-2.xprocspec</a></p><p>Tested: 2013-12-02T14:36:02.503+01:00</p><h2>Contents</h2><table class="xspec"><col width="75%"/><col width="5%"/><col width="5%"/><col width="5%"/><col width="5%"/><col width="5%"/><thead><tr><th/><th class="result">passed:6</th><th class="result">pending:0</th><th class="result">failed:0</th><th class="result">errors:0</th><th class="result">total:6</th></tr></thead><tbody><tr class="successful label"><th><a href="#step1">ex:identity</a></th><th class="result">6</th><th class="result">0</th><th class="result">0</th><th class="result">0</th><th class="result">6</th></tr></tbody></table><div id="step1"><h2 class="successful">Calling: <a href="file:/home/jostein/xprocspec/xprocspec/src/test/xprocspec/steps/identity.xpl">ex:identity</a><span class="scenario-totals">passed:6 / pending:0 /
                                        failed:0 / errors:0 / total:6</span></h2><table class="xspec"><col width="80%"/><col width="20%"/><tbody><tr class="successful label"><th class="scenario-label">identity</th><th class="nobr">passed:2 / pending:0 / failed:0 / errors:0 / total:2</th></tr><tr class="successful label"><th class="context-label">errors</th><th class="nobr">passed:1 / pending:0 / failed:0 / errors:0 / total:1</th></tr><tr class="successful label"><td class="test-label">the step should execute successfully without throwing any errors</td><td>Success</td></tr><tr class="successful label"><th class="context-label">the results</th><th class="nobr">passed:1 / pending:0 / failed:0 / errors:0 / total:1</th></tr><tr class="successful label"><td class="test-label">the option 'option.required' should have the value 'import 2b'</td><td>Success</td></tr><tr class="successful label"><th class="scenario-label">identity</th><th class="nobr">passed:2 / pending:0 / failed:0 / errors:0 / total:2</th></tr><tr class="successful label"><th class="context-label">errors</th><th class="nobr">passed:1 / pending:0 / failed:0 / errors:0 / total:1</th></tr><tr class="successful label"><td class="test-label">the step should execute successfully without throwing any errors</td><td>Success</td></tr><tr class="successful label"><th class="context-label">the results</th><th class="nobr">passed:1 / pending:0 / failed:0 / errors:0 / total:1</th></tr><tr class="successful label"><td class="test-label">the option 'option.required' should have the value 'import 2a'</td><td>Success</td></tr><tr class="successful label"><th class="scenario-label">identity</th><th class="nobr">passed:2 / pending:0 / failed:0 / errors:0 / total:2</th></tr><tr class="successful label"><th class="context-label">errors</th><th class="nobr">passed:1 / pending:0 / failed:0 / errors:0 / total:1</th></tr><tr class="successful label"><td class="test-label">the step should execute successfully without throwing any errors</td><td>Success</td></tr><tr class="successful label"><th class="context-label">the results</th><th class="nobr">passed:1 / pending:0 / failed:0 / errors:0 / total:1</th></tr><tr class="successful label"><td class="test-label">the option 'option.required' should have the value 'import 2'</td><td>Success</td></tr></tbody></table></div><h2>Execution log</h2><table><thead><tr><th>Time</th><th>Severity</th><th>Message</th></tr></thead><tbody><tr style=""><td>0.000</td><td style="padding-left:0%;">INFO</td><td><code><pre>#### file:/home/jostein/xprocspec/xprocspec/src/test/xprocspec/tests/import-2.xprocspec ####</pre></code></td></tr><tr style=""><td>0.005</td><td style="padding-left:0%;">INFO</td><td><code><pre> * temporary directory: file:/tmp/xprocspec-20131202143557583/</pre></code></td></tr><tr style=""><td>0.010</td><td style="padding-left:0%;">INFO</td><td><code><pre>preprocessing...</pre></code></td></tr><tr style=""><td>0.025</td><td style="padding-left:0%;">INFO</td><td><code><pre> * checking for imports</pre></code></td></tr><tr style=""><td>0.032</td><td style="padding-left:0%;">INFO</td><td><code><pre> * checking file:/home/jostein/xprocspec/xprocspec/src/test/xprocspec/tests/import-2.xprocspec for imports</pre></code></td></tr><tr style=""><td>0.037</td><td style="padding-left:0%;">INFO</td><td><code><pre> * importing: file:/home/jostein/xprocspec/xprocspec/src/test/xprocspec/tests/import-2a.xprocspec</pre></code></td></tr><tr style=""><td>0.048</td><td style="padding-left:0%;">INFO</td><td><code><pre> * checking file:/home/jostein/xprocspec/xprocspec/src/test/xprocspec/tests/import-2a.xprocspec for imports</pre></code></td></tr><tr style=""><td>0.053</td><td style="padding-left:0%;">INFO</td><td><code><pre> * importing: file:/home/jostein/xprocspec/xprocspec/src/test/xprocspec/tests/import-2b.xprocspec</pre></code></td></tr><tr style=""><td>0.064</td><td style="padding-left:0%;">INFO</td><td><code><pre> * checking file:/home/jostein/xprocspec/xprocspec/src/test/xprocspec/tests/import-2b.xprocspec for imports</pre></code></td></tr><tr style=""><td>0.070</td><td style="padding-left:0%;">INFO</td><td><code><pre> * extracting step declarations from file:/home/jostein/xprocspec/xprocspec/src/test/xprocspec/steps/identity.xpl</pre></code></td></tr><tr style=""><td>0.077</td><td style="padding-left:0%;">INFO</td><td><code><pre> * tests reference 1 step</pre></code></td></tr><tr style=""><td>0.083</td><td style="padding-left:0%;">INFO</td><td><code><pre>   * step: e:identity</pre></code></td></tr><tr style=""><td>0.089</td><td style="padding-left:0%;">INFO</td><td><code><pre> * trying to load: file:/home/jostein/xprocspec/xprocspec/src/test/xprocspec/steps/identity.xpl</pre></code></td></tr><tr style=""><td>0.096</td><td style="padding-left:0%;">INFO</td><td><code><pre>   * success!</pre></code></td></tr><tr style=""><td>0.104</td><td style="padding-left:0%;">INFO</td><td><code><pre> * trying to extract the step declaration for {http://example.net/ns}identity from file:/home/jostein/xprocspec/xprocspec/src/test/xprocspec/steps/identity.xpl</pre></code></td></tr><tr style=""><td>0.118</td><td style="padding-left:0%;">INFO</td><td><code><pre> * creating a new x:description document for each x:scenario element with inferred inputs, options and parameters</pre></code></td></tr><tr style=""><td>0.138</td><td style="padding-left:0%;">INFO</td><td><code><pre> * validating output grammar</pre></code></td></tr><tr style=""><td>0.147</td><td style="padding-left:0%;">INFO</td><td><code><pre> * validating output grammar</pre></code></td></tr><tr style=""><td>0.154</td><td style="padding-left:0%;">INFO</td><td><code><pre> * validating output grammar</pre></code></td></tr><tr style=""><td>0.160</td><td style="padding-left:0%;">INFO</td><td><code><pre>compiling...</pre></code></td></tr><tr style=""><td>0.169</td><td style="padding-left:0%;">INFO</td><td><code><pre> * created directory using Calabash's cxf:mkdir</pre></code></td></tr><tr style=""><td>0.176</td><td style="padding-left:0%;">INFO</td><td><code><pre> * converting test 'test1' to XProc</pre></code></td></tr><tr style=""><td>0.191</td><td style="padding-left:0%;">INFO</td><td><code><pre>   * done</pre></code></td></tr><tr style=""><td>0.198</td><td style="padding-left:0%;">INFO</td><td><code><pre> * validating output grammar for file:/home/jostein/xprocspec/xprocspec/src/test/xprocspec/tests/import-2.xprocspec</pre></code></td></tr><tr style=""><td>0.206</td><td style="padding-left:0%;">INFO</td><td><code><pre>   * done!</pre></code></td></tr><tr style=""><td>0.213</td><td style="padding-left:0%;">INFO</td><td><code><pre> * converting test 'test2' to XProc</pre></code></td></tr><tr style=""><td>0.226</td><td style="padding-left:0%;">INFO</td><td><code><pre>   * done</pre></code></td></tr><tr style=""><td>0.234</td><td style="padding-left:0%;">INFO</td><td><code><pre> * validating output grammar for file:/home/jostein/xprocspec/xprocspec/src/test/xprocspec/tests/import-2.xprocspec</pre></code></td></tr><tr style=""><td>0.241</td><td style="padding-left:0%;">INFO</td><td><code><pre>   * done!</pre></code></td></tr><tr style=""><td>0.249</td><td style="padding-left:0%;">INFO</td><td><code><pre> * converting test 'test3' to XProc</pre></code></td></tr><tr style=""><td>0.262</td><td style="padding-left:0%;">INFO</td><td><code><pre>   * done</pre></code></td></tr><tr style=""><td>0.270</td><td style="padding-left:0%;">INFO</td><td><code><pre> * validating output grammar for file:/home/jostein/xprocspec/xprocspec/src/test/xprocspec/tests/import-2.xprocspec</pre></code></td></tr><tr style=""><td>0.277</td><td style="padding-left:0%;">INFO</td><td><code><pre>   * done!</pre></code></td></tr><tr style=""><td>0.285</td><td style="padding-left:0%;">INFO</td><td><code><pre> * using as temporary directory: file:/tmp/xprocspec-20131202143557583/xprocspec-20131202143601576/</pre></code></td></tr><tr style=""><td>0.292</td><td style="padding-left:0%;">INFO</td><td><code><pre>storing...</pre></code></td></tr><tr style=""><td>0.306</td><td style="padding-left:0%;">INFO</td><td><code><pre>running...</pre></code></td></tr><tr style=""><td>0.316</td><td style="padding-left:0%;">INFO</td><td><code><pre>   * loading 'file:/tmp/xprocspec-20131202143557583/test1.xpl'</pre></code></td></tr><tr style=""><td>0.374</td><td style="padding-left:0%;">INFO</td><td><code><pre>   * loading 'file:/tmp/xprocspec-20131202143557583/test2.xpl'</pre></code></td></tr><tr style=""><td>0.428</td><td style="padding-left:0%;">INFO</td><td><code><pre>   * loading 'file:/tmp/xprocspec-20131202143557583/test3.xpl'</pre></code></td></tr><tr style=""><td>0.481</td><td style="padding-left:0%;">INFO</td><td><code><pre>evaluating...</pre></code></td></tr><tr style=""><td>0.494</td><td style="padding-left:0%;">INFO</td><td><code><pre> * evaluating scenario 'identity' (file:/home/jostein/xprocspec/xprocspec/src/test/xprocspec/tests/import-2.xprocspec)</pre></code></td></tr><tr style=""><td>0.502</td><td style="padding-left:0%;">INFO</td><td><code><pre>   * resolving x:document elements...</pre></code></td></tr><tr style=""><td>0.513</td><td style="padding-left:0%;">INFO</td><td><code><pre>    * no errors occured</pre></code></td></tr><tr style=""><td>0.547</td><td style="padding-left:0%;">INFO</td><td><code><pre>   * grouping x:expect elements with their x:context...</pre></code></td></tr><tr style=""><td>0.557</td><td style="padding-left:0%;">INFO</td><td><code><pre>   * evaluating each context/expect group...</pre></code></td></tr><tr style=""><td>0.565</td><td style="padding-left:0%;">INFO</td><td><code><pre>     * setting context to 'errors'</pre></code></td></tr><tr style=""><td>0.574</td><td style="padding-left:0%;">INFO</td><td><code><pre>       * testing assertion 'the step should execute successfully without throwing any errors'</pre></code></td></tr><tr style=""><td>0.583</td><td style="padding-left:0%;">INFO</td><td><code><pre>         * is document count assertion</pre></code></td></tr><tr style=""><td>0.591</td><td style="padding-left:0%;">INFO</td><td><code><pre>         * assertion passed</pre></code></td></tr><tr style=""><td>0.602</td><td style="padding-left:0%;">INFO</td><td><code><pre>     * setting context to 'the results'</pre></code></td></tr><tr style=""><td>0.610</td><td style="padding-left:0%;">INFO</td><td><code><pre>       * testing assertion 'the option 'option.required' should have the value 'import 2b''</pre></code></td></tr><tr style=""><td>0.660</td><td style="padding-left:0%;">INFO</td><td><code><pre>         * is xpath assertion</pre></code></td></tr><tr style=""><td>0.680</td><td style="padding-left:0%;">INFO</td><td><code><pre> * evaluating scenario 'identity' (file:/home/jostein/xprocspec/xprocspec/src/test/xprocspec/tests/import-2.xprocspec)</pre></code></td></tr><tr style=""><td>0.689</td><td style="padding-left:0%;">INFO</td><td><code><pre>   * resolving x:document elements...</pre></code></td></tr><tr style=""><td>0.702</td><td style="padding-left:0%;">INFO</td><td><code><pre>    * no errors occured</pre></code></td></tr><tr style=""><td>0.736</td><td style="padding-left:0%;">INFO</td><td><code><pre>   * grouping x:expect elements with their x:context...</pre></code></td></tr><tr style=""><td>0.745</td><td style="padding-left:0%;">INFO</td><td><code><pre>   * evaluating each context/expect group...</pre></code></td></tr><tr style=""><td>0.754</td><td style="padding-left:0%;">INFO</td><td><code><pre>     * setting context to 'errors'</pre></code></td></tr><tr style=""><td>0.763</td><td style="padding-left:0%;">INFO</td><td><code><pre>       * testing assertion 'the step should execute successfully without throwing any errors'</pre></code></td></tr><tr style=""><td>0.772</td><td style="padding-left:0%;">INFO</td><td><code><pre>         * is document count assertion</pre></code></td></tr><tr style=""><td>0.781</td><td style="padding-left:0%;">INFO</td><td><code><pre>         * assertion passed</pre></code></td></tr><tr style=""><td>0.791</td><td style="padding-left:0%;">INFO</td><td><code><pre>     * setting context to 'the results'</pre></code></td></tr><tr style=""><td>0.800</td><td style="padding-left:0%;">INFO</td><td><code><pre>       * testing assertion 'the option 'option.required' should have the value 'import 2a''</pre></code></td></tr><tr style=""><td>0.810</td><td style="padding-left:0%;">INFO</td><td><code><pre>         * is xpath assertion</pre></code></td></tr><tr style=""><td>0.826</td><td style="padding-left:0%;">INFO</td><td><code><pre> * evaluating scenario 'identity' (file:/home/jostein/xprocspec/xprocspec/src/test/xprocspec/tests/import-2.xprocspec)</pre></code></td></tr><tr style=""><td>0.835</td><td style="padding-left:0%;">INFO</td><td><code><pre>   * resolving x:document elements...</pre></code></td></tr><tr style=""><td>0.846</td><td style="padding-left:0%;">INFO</td><td><code><pre>    * no errors occured</pre></code></td></tr><tr style=""><td>0.881</td><td style="padding-left:0%;">INFO</td><td><code><pre>   * grouping x:expect elements with their x:context...</pre></code></td></tr><tr style=""><td>0.891</td><td style="padding-left:0%;">INFO</td><td><code><pre>   * evaluating each context/expect group...</pre></code></td></tr><tr style=""><td>0.900</td><td style="padding-left:0%;">INFO</td><td><code><pre>     * setting context to 'errors'</pre></code></td></tr><tr style=""><td>0.909</td><td style="padding-left:0%;">INFO</td><td><code><pre>       * testing assertion 'the step should execute successfully without throwing any errors'</pre></code></td></tr><tr style=""><td>0.919</td><td style="padding-left:0%;">INFO</td><td><code><pre>         * is document count assertion</pre></code></td></tr><tr style=""><td>0.928</td><td style="padding-left:0%;">INFO</td><td><code><pre>         * assertion passed</pre></code></td></tr><tr style=""><td>0.938</td><td style="padding-left:0%;">INFO</td><td><code><pre>     * setting context to 'the results'</pre></code></td></tr><tr style=""><td>0.948</td><td style="padding-left:0%;">INFO</td><td><code><pre>       * testing assertion 'the option 'option.required' should have the value 'import 2''</pre></code></td></tr><tr style=""><td>0.958</td><td style="padding-left:0%;">INFO</td><td><code><pre>         * is xpath assertion</pre></code></td></tr><tr style=""><td>0.974</td><td style="padding-left:0%;">INFO</td><td><code><pre>reporting...</pre></code></td></tr></tbody></table><link rel="stylesheet" href="http://yandex.st/highlightjs/7.3/styles/default.min.css"/><script type="text/javascript" src="http://yandex.st/highlightjs/7.3/highlight.min.js" xml:space="preserve"> </script><script type="text/javascript">hljs.initHighlightingOnLoad();</script></body></html></x:document></x:output><x:output port="junit"><x:document xml:base="file:/home/jostein/xprocspec/xprocspec/src/main/resources/content/xml/xproc/report/report.xpl" xml:space="preserve" type="inline"><testsuites tests="6" failures="0" time="0.985" errors="0" name="import2"><testsuite timestamp="2013-12-02T13:36:02.405Z" hostname="localhost" tests="2" errors="0" failures="0" skipped="0" id="d10003e1" name="identity" package="http://example.net/ns" time="0.008">
<properties>

<property name="option: option.required" value="import 2b"/>

</properties>
<testcase name="theStepShouldExecuteSuccessfullyWithoutThrowingAnyErrors" classname="identity" assertions="1" time="0" status="SUCCESS"><system-out>the step should execute successfully without throwing any errors: SUCCESS</system-out>
<system-err/></testcase><testcase name="theOptionOptionRequiredShouldHaveTheValueImport2b" classname="identity" assertions="1" time="0" status="SUCCESS"><system-out>the option 'option.required' should have the value 'import 2b': SUCCESS</system-out>
<system-err/></testcase></testsuite><testsuite timestamp="2013-12-02T13:36:02.416Z" hostname="localhost" tests="2" errors="0" failures="0" skipped="0" id="d10011e1" name="identity" package="http://example.net/ns" time="0.007">
<properties>

<property name="option: option.required" value="import 2a"/>

</properties>
<testcase name="theStepShouldExecuteSuccessfullyWithoutThrowingAnyErrors" classname="identity" assertions="1" time="0" status="SUCCESS"><system-out>the step should execute successfully without throwing any errors: SUCCESS</system-out>
<system-err/></testcase><testcase name="theOptionOptionRequiredShouldHaveTheValueImport2a" classname="identity" assertions="1" time="0" status="SUCCESS"><system-out>the option 'option.required' should have the value 'import 2a': SUCCESS</system-out>
<system-err/></testcase></testsuite><testsuite timestamp="2013-12-02T13:36:02.426Z" hostname="localhost" tests="2" errors="0" failures="0" skipped="0" id="d10018e1" name="identity" package="http://example.net/ns" time="0.008">
<properties>

<property name="option: option.required" value="import 2"/>

</properties>
<testcase name="theStepShouldExecuteSuccessfullyWithoutThrowingAnyErrors" classname="identity" assertions="1" time="0" status="SUCCESS"><system-out>the step should execute successfully without throwing any errors: SUCCESS</system-out>
<system-err/></testcase><testcase name="theOptionOptionRequiredShouldHaveTheValueImport2" classname="identity" assertions="1" time="0" status="SUCCESS"><system-out>the option 'option.required' should have the value 'import 2': SUCCESS</system-out>
<system-err/></testcase></testsuite></testsuites></x:document></x:output><x:test-result type="count" label="the step should execute successfully without throwing any errors" max="0" contextref="errors" result="passed">
                                                        <x:expected>At most 0 documents.</x:expected>
                                                    <x:was>0</x:was></x:test-result><x:test-result label="there should be at least one test, and none of the tests should fail" type="xpath" test="not(/*/@tests='0') and /*/@failures='0' and /*/@errors='0'" contextref="context2" result="passed"><x:expected xml:space="preserve">XPath: true()
Value: true</x:expected><x:was xml:space="preserve">XPath: not(/*/@tests='0') and /*/@failures='0' and /*/@errors='0'
Value: true</x:was></x:test-result></x:description><x:description xmlns:cx="http://xmlcalabash.com/ns/extensions" xmlns:c="http://www.w3.org/ns/xproc-step" xml:base="file:/home/jostein/xprocspec/xprocspec/src/test/xprocspec/test.xprocspec" test-base-uri="file:/home/jostein/xprocspec/xprocspec/src/test/xprocspec/test.xprocspec" script="file:/home/jostein/xprocspec/xprocspec/src/main/resources/content/xml/xproc/xprocspec.xpl" test-grammar="xprocspec" temp-dir="file:/tmp/xprocspec-20131202143557583/"><x:step-declaration><p:declare-step xmlns:p="http://www.w3.org/ns/xproc" xmlns:px="http://www.daisy.org/ns/xprocspec" xmlns:pxi="http://www.daisy.org/ns/xprocspec/xproc-internal/" xmlns:pkg="http://expath.org/ns/pkg" type="px:xprocspec" name="main" version="1.0" xpath-version="2.0" pkg:import-uri="http://www.daisy.org/ns/xprocspec/xprocspec.xpl" x:type="{http://www.daisy.org/ns/xprocspec}xprocspec"><p:input port="source" kind="document" sequence="false" primary="true"/><p:output port="result" kind="document" sequence="false" primary="false"><p:pipe port="result" step="report"/></p:output><p:output port="html" kind="document" sequence="false" primary="false"><p:pipe port="html" step="report"/></p:output><p:output port="junit" kind="document" sequence="false" primary="false"><p:pipe port="junit" step="report"/></p:output><p:option name="temp-dir" select="'file:/tmp/'"/><p:option name="step-available-rng" select="'false'"/></p:declare-step></x:step-declaration><x:scenario end-time="2013-12-02T13:36:03.672Z" label="the import element - circular imports" start-time="2013-12-02T13:36:02.872Z"><x:call x:type="{http://www.daisy.org/ns/xprocspec}xprocspec" step="x:xprocspec"><x:option select="$temp-dir" name="temp-dir" value="file:/tmp/xprocspec-20131202143557583/"/><x:input port="source">
                    <x:document xml:base="file:/home/jostein/xprocspec/xprocspec/src/test/xprocspec/test.xprocspec" xml:space="preserve" type="inline"><?xml-model href="http://www.daisy.org/ns/xprocspec/xprocspec.rng" type="application/xml" schematypens="http://relaxng.org/ns/structure/1.0"?><x:description xmlns:e="http://example.net/ns" script="../steps/identity.xpl">

    <x:import href="import-3a.xprocspec"/>
    
    <x:scenario label="identity">
        <x:call step="e:identity">
            <x:option name="option.required" select="'import 3'"/>
        </x:call>
        <x:context label="the results">
            <x:document type="port" port="options"/>
        </x:context>
        <x:expect type="xpath" label="the option 'option.required' should have the value 'import 3'" test="/*/*[@name='option.required']/@value='import 3'"/>
    </x:scenario>

</x:description></x:document>
                </x:input></x:call>
                                                <x:context label="errors" id="errors">
                                                    
                                                </x:context>
                                            
                                                <x:expect type="count" label="the step should execute successfully without throwing any errors" max="0" contextref="errors"/>
                                            <x:context label="the junit output port" id="context3">
                <x:document xml:base="file:/home/jostein/xprocspec/xprocspec/src/main/resources/content/xml/xproc/report/report.xpl" xml:space="preserve" type="inline"><testsuites tests="4" failures="0" time="0.669" errors="0" name="import3"><testsuite timestamp="2013-12-02T13:36:03.556Z" hostname="localhost" tests="2" errors="0" failures="0" skipped="0" id="d12170e1" name="identity" package="http://example.net/ns" time="0.007">
<properties>

<property name="option: option.required" value="import 3a"/>

</properties>
<testcase name="theStepShouldExecuteSuccessfullyWithoutThrowingAnyErrors" classname="identity" assertions="1" time="0" status="SUCCESS"><system-out>the step should execute successfully without throwing any errors: SUCCESS</system-out>
<system-err/></testcase><testcase name="theOptionOptionRequiredShouldHaveTheValueImport3a" classname="identity" assertions="1" time="0" status="SUCCESS"><system-out>the option 'option.required' should have the value 'import 3a': SUCCESS</system-out>
<system-err/></testcase></testsuite><testsuite timestamp="2013-12-02T13:36:03.566Z" hostname="localhost" tests="2" errors="0" failures="0" skipped="0" id="d12178e1" name="identity" package="http://example.net/ns" time="0.007">
<properties>

<property name="option: option.required" value="import 3"/>

</properties>
<testcase name="theStepShouldExecuteSuccessfullyWithoutThrowingAnyErrors" classname="identity" assertions="1" time="0" status="SUCCESS"><system-out>the step should execute successfully without throwing any errors: SUCCESS</system-out>
<system-err/></testcase><testcase name="theOptionOptionRequiredShouldHaveTheValueImport3" classname="identity" assertions="1" time="0" status="SUCCESS"><system-out>the option 'option.required' should have the value 'import 3': SUCCESS</system-out>
<system-err/></testcase></testsuite></testsuites></x:document>
            </x:context><x:expect label="there should be at least one test, and none of the tests should fail" type="xpath" test="not(/*/@tests='0') and /*/@failures='0' and /*/@errors='0'" contextref="context3"/></x:scenario><x:output port="result"><x:document xml:base="file:/home/jostein/xprocspec/xprocspec/src/main/resources/content/xml/xproc/report/report.xpl" xml:space="preserve" type="inline"><x:test-report><x:description xml:base="file:/home/jostein/xprocspec/xprocspec/src/test/xprocspec/tests/import-3.xprocspec" test-base-uri="file:/home/jostein/xprocspec/xprocspec/src/test/xprocspec/tests/import-3.xprocspec" script="file:/home/jostein/xprocspec/xprocspec/src/test/xprocspec/steps/identity.xpl" test-grammar="xprocspec" temp-dir="file:/tmp/xprocspec-20131202143557583/xprocspec-20131202143603022/"><x:step-declaration><p:declare-step xmlns:p="http://www.w3.org/ns/xproc" xmlns:ex="http://example.net/ns" name="main" type="ex:identity" version="1.0" x:type="{http://example.net/ns}identity"><p:input port="source.document.primary" kind="document" primary="true" sequence="false"><p:inline>
            <source.document.primary.default/>
        </p:inline></p:input><p:input port="source.document.secondary.sequence" kind="document" sequence="true" primary="false"><p:inline>
            <source.document.secondary.sequence/>
        </p:inline></p:input><p:input select="/*/*" port="source.document.secondary.select-children" kind="document" sequence="true" primary="false"><p:inline>
            <default>
                <default/>
                <default/>
            </default>
        </p:inline></p:input><p:input port="source.parameter.primary.sequence" primary="true" kind="parameter" sequence="true"/><p:output port="result.document.primary" kind="document" primary="true" sequence="false"><p:pipe port="source.document.primary" step="main"/></p:output><p:output port="result.document.secondary.sequence" kind="document" sequence="true" primary="false"><p:pipe port="source.document.secondary.sequence" step="main"/></p:output><p:output port="result.document.secondary.select-children" kind="document" sequence="true" primary="false"><p:pipe port="source.document.secondary.select-children" step="main"/></p:output><p:output port="result.parameter.primary" kind="document" sequence="false" primary="false"><p:pipe port="result" step="parameters"/></p:output><p:output port="options" kind="document" sequence="false" primary="false"><p:pipe port="result" step="options"/></p:output><p:option name="option"/><p:option name="option.required" required="true"/><p:option name="option.default" select="'default'"/></p:declare-step></x:step-declaration><x:scenario xmlns:e="http://example.net/ns" end-time="2013-12-02T13:36:03.164Z" label="identity" start-time="2013-12-02T13:36:03.157Z"><x:call x:type="{http://example.net/ns}identity" step="e:identity"><x:option select="'import 3a'" name="option.required" value=""/></x:call>
                                                <x:context label="errors" id="errors">
                                                    
                                                </x:context>
                                            
                                                <x:expect type="count" label="the step should execute successfully without throwing any errors" max="0" contextref="errors"/>
                                            <x:context label="the results" id="context0">
            <x:document xml:base="file:/home/jostein/xprocspec/xprocspec/src/test/xprocspec/steps/identity.xpl" xml:space="preserve" type="inline">
                <c:options xmlns:ex="http://example.net/ns">
                    
                    <c:option name="option.required" value="import 3a"/>
                    <c:option name="option.default" value="default"/>
                </c:options>
            </x:document>
        </x:context><x:expect type="xpath" label="the option 'option.required' should have the value 'import 3a'" test="/*/*[@name='option.required']/@value='import 3a'" contextref="context0"/></x:scenario><x:output port="result.document.primary"><x:document xml:base="file:/home/jostein/xprocspec/xprocspec/src/test/xprocspec/tests/import-3.xprocspec" xml:space="preserve" type="inline">
            <source.document.primary.default xmlns:ex="http://example.net/ns"/>
        </x:document></x:output><x:output port="result.document.secondary.sequence"><x:document xml:base="file:/home/jostein/xprocspec/xprocspec/src/test/xprocspec/steps/identity.xpl" xml:space="preserve" type="inline">
            <source.document.secondary.sequence xmlns:ex="http://example.net/ns"/>
        </x:document></x:output><x:output port="result.document.secondary.select-children"><x:document xml:base="file:/home/jostein/xprocspec/xprocspec/src/test/xprocspec/steps/identity.xpl" xml:space="preserve" type="inline"><default xmlns:ex="http://example.net/ns"/></x:document><x:document xml:base="file:/home/jostein/xprocspec/xprocspec/src/test/xprocspec/steps/identity.xpl" xml:space="preserve" type="inline"><default xmlns:ex="http://example.net/ns"/></x:document></x:output><x:output port="result.parameter.primary"><x:document xml:base="file:/home/jostein/xprocspec/xprocspec/src/test/xprocspec/steps/identity.xpl" xml:space="preserve" type="inline"><c:param-set/></x:document></x:output><x:output port="options"><x:document xml:base="file:/home/jostein/xprocspec/xprocspec/src/test/xprocspec/steps/identity.xpl" xml:space="preserve" type="inline">
                <c:options xmlns:ex="http://example.net/ns">
                    
                    <c:option name="option.required" value="import 3a"/>
                    <c:option name="option.default" value="default"/>
                </c:options>
            </x:document></x:output><x:test-result xmlns:e="http://example.net/ns" type="count" label="the step should execute successfully without throwing any errors" max="0" contextref="errors" result="passed">
                                                        <x:expected>At most 0 documents.</x:expected>
                                                    <x:was>0</x:was></x:test-result><x:test-result xmlns:e="http://example.net/ns" type="xpath" label="the option 'option.required' should have the value 'import 3a'" test="/*/*[@name='option.required']/@value='import 3a'" contextref="context0" result="passed"><x:expected xml:space="preserve">XPath: true()
Value: true</x:expected><x:was xml:space="preserve">XPath: /*/*[@name='option.required']/@value='import 3a'
Value: true</x:was></x:test-result></x:description><x:description xml:base="file:/home/jostein/xprocspec/xprocspec/src/test/xprocspec/tests/import-3.xprocspec" test-base-uri="file:/home/jostein/xprocspec/xprocspec/src/test/xprocspec/tests/import-3.xprocspec" script="file:/home/jostein/xprocspec/xprocspec/src/test/xprocspec/steps/identity.xpl" test-grammar="xprocspec" temp-dir="file:/tmp/xprocspec-20131202143557583/xprocspec-20131202143603022/"><x:step-declaration><p:declare-step xmlns:p="http://www.w3.org/ns/xproc" xmlns:ex="http://example.net/ns" name="main" type="ex:identity" version="1.0" x:type="{http://example.net/ns}identity"><p:input port="source.document.primary" kind="document" primary="true" sequence="false"><p:inline>
            <source.document.primary.default/>
        </p:inline></p:input><p:input port="source.document.secondary.sequence" kind="document" sequence="true" primary="false"><p:inline>
            <source.document.secondary.sequence/>
        </p:inline></p:input><p:input select="/*/*" port="source.document.secondary.select-children" kind="document" sequence="true" primary="false"><p:inline>
            <default>
                <default/>
                <default/>
            </default>
        </p:inline></p:input><p:input port="source.parameter.primary.sequence" primary="true" kind="parameter" sequence="true"/><p:output port="result.document.primary" kind="document" primary="true" sequence="false"><p:pipe port="source.document.primary" step="main"/></p:output><p:output port="result.document.secondary.sequence" kind="document" sequence="true" primary="false"><p:pipe port="source.document.secondary.sequence" step="main"/></p:output><p:output port="result.document.secondary.select-children" kind="document" sequence="true" primary="false"><p:pipe port="source.document.secondary.select-children" step="main"/></p:output><p:output port="result.parameter.primary" kind="document" sequence="false" primary="false"><p:pipe port="result" step="parameters"/></p:output><p:output port="options" kind="document" sequence="false" primary="false"><p:pipe port="result" step="options"/></p:output><p:option name="option"/><p:option name="option.required" required="true"/><p:option name="option.default" select="'default'"/></p:declare-step></x:step-declaration><x:scenario xmlns:e="http://example.net/ns" end-time="2013-12-02T13:36:03.221Z" label="identity" start-time="2013-12-02T13:36:03.214Z"><x:call x:type="{http://example.net/ns}identity" step="e:identity"><x:option select="'import 3'" name="option.required" value=""/></x:call>
                                                <x:context label="errors" id="errors">
                                                    
                                                </x:context>
                                            
                                                <x:expect type="count" label="the step should execute successfully without throwing any errors" max="0" contextref="errors"/>
                                            <x:context label="the results" id="context1">
            <x:document xml:base="file:/home/jostein/xprocspec/xprocspec/src/test/xprocspec/steps/identity.xpl" xml:space="preserve" type="inline">
                <c:options xmlns:ex="http://example.net/ns">
                    
                    <c:option name="option.required" value="import 3"/>
                    <c:option name="option.default" value="default"/>
                </c:options>
            </x:document>
        </x:context><x:expect type="xpath" label="the option 'option.required' should have the value 'import 3'" test="/*/*[@name='option.required']/@value='import 3'" contextref="context1"/></x:scenario><x:output port="result.document.primary"><x:document xml:base="file:/home/jostein/xprocspec/xprocspec/src/test/xprocspec/tests/import-3.xprocspec" xml:space="preserve" type="inline">
            <source.document.primary.default xmlns:ex="http://example.net/ns"/>
        </x:document></x:output><x:output port="result.document.secondary.sequence"><x:document xml:base="file:/home/jostein/xprocspec/xprocspec/src/test/xprocspec/steps/identity.xpl" xml:space="preserve" type="inline">
            <source.document.secondary.sequence xmlns:ex="http://example.net/ns"/>
        </x:document></x:output><x:output port="result.document.secondary.select-children"><x:document xml:base="file:/home/jostein/xprocspec/xprocspec/src/test/xprocspec/steps/identity.xpl" xml:space="preserve" type="inline"><default xmlns:ex="http://example.net/ns"/></x:document><x:document xml:base="file:/home/jostein/xprocspec/xprocspec/src/test/xprocspec/steps/identity.xpl" xml:space="preserve" type="inline"><default xmlns:ex="http://example.net/ns"/></x:document></x:output><x:output port="result.parameter.primary"><x:document xml:base="file:/home/jostein/xprocspec/xprocspec/src/test/xprocspec/steps/identity.xpl" xml:space="preserve" type="inline"><c:param-set/></x:document></x:output><x:output port="options"><x:document xml:base="file:/home/jostein/xprocspec/xprocspec/src/test/xprocspec/steps/identity.xpl" xml:space="preserve" type="inline">
                <c:options xmlns:ex="http://example.net/ns">
                    
                    <c:option name="option.required" value="import 3"/>
                    <c:option name="option.default" value="default"/>
                </c:options>
            </x:document></x:output><x:test-result xmlns:e="http://example.net/ns" type="count" label="the step should execute successfully without throwing any errors" max="0" contextref="errors" result="passed">
                                                        <x:expected>At most 0 documents.</x:expected>
                                                    <x:was>0</x:was></x:test-result><x:test-result xmlns:e="http://example.net/ns" type="xpath" label="the option 'option.required' should have the value 'import 3'" test="/*/*[@name='option.required']/@value='import 3'" contextref="context1" result="passed"><x:expected xml:space="preserve">XPath: true()
Value: true</x:expected><x:was xml:space="preserve">XPath: /*/*[@name='option.required']/@value='import 3'
Value: true</x:was></x:test-result></x:description></x:test-report></x:document></x:output><x:output port="html"><x:document xml:base="file:/home/jostein/xprocspec/xprocspec/src/main/resources/content/xml/xproc/report/report-template.xhtml" xml:space="preserve" type="inline"><html xmlns="http://www.w3.org/1999/xhtml"><head><title>Test Report for file:/home/jostein/xprocspec/xprocspec/src/test/xprocspec/tests/import-3.xprocspec (passed:4 / pending:0 / failed:0 / errors:0 / total:4)</title>
        <meta charset="utf-8"/>
        <style type="text/css" xml:space="preserve">/**/
/****************************************************************************/
/*  File:       test-report.css                                             */
/*  Author:     Jeni Tennsion                                               */
/*  URI:        http://xspec.googlecode.com/                                */
/*  Tags:                                                                   */
/*    Copyright (c) 2008, 2010 Jeni Tennsion (see end of file.)             */
/* ------------------------------------------------------------------------ */


/* test */

/* box model */

body {
	margin-right: 1em;
	/*margin-left: 10%;*/
	}

h1 {
	padding: 0.3em 0.5em 0.3em 0.5em;
	position: relative;
	}

h2 {
	padding: 0.1em 0.5em 0.2em 0.5em;
	}

h3 {
	padding-left: 0.6em;
	}

h4 {
	padding-left: 0.8em;
	}

p, table {
	/*margin-left: 5%;*/
	}

dd ul, dd ol {
	margin-left: 0%;
	}

li ul, li ol {
	/*margin-left: 5%;*/
	}

dl, ul, ol, blockquote {
	/*margin-left: 10%;*/
	}

dt {
  padding-top: 3px;
  padding-bottom: 3px;
	clear: both;
	}

dd p {
	/*margin-left: -5px;*/
	margin-top: 5px;
	clear: both;
	}

p.link {
	margin-top: 4px;
	margin-bottom: 0px;
	clear: both;
	}

tr td, td p, li, li p {
	margin-left: 0%;
	}

td:nth-child(2) {
	padding-left: 5%;
	}

.link img, dt img {
	vertical-align: middle;
	position: relative;
	top: -5px;
	}

img {
	position: relative;
	}

#xml-link {
	position: absolute;
	left: 5px;
	top: 5px;
	width: 10%;
	margin-left: 0%;
	}

#link-up {
	position: absolute;
	left: 93%;
	right: 2em;
	top: 0.3em;
	}

#link-top {
	position: absolute;
	left: 89%;
	right: 4em;
	top: 0.3em;
	}
	
.popup {
	display: block;
	visibility: hidden;
	float: right;
	position: absolute;
	top: 5px;
	left: -200px;
	z-index: 1;
	padding: 0.3em;
	width: 220px;
	}

.note {
	position: relative;
	}

.post {
	/*margin-left: 5%;*/
	padding-top: 1em;
	}
	
.example, .sidebar {
  /*margin-left: 5%;*/
  margin-top: 1em;
  margin-bottom: 1em;
  }

/*pre {
	padding-left: 5%;
	margin-left: 5%;
	}*/

/*dd pre, li pre {
	padding-left: 5%;
	}*/

/* fonts */
/* Oxygen  */
body, table {
    font-family:arial, helvetica, sans-serif;
    font-size:12px;
}
/* Oxygen  */

/*body {
	font-family: Verdana, arial, sans-serif;
	font-size: small;
	}*/	

/*h1, h2, h3, h4, h5, h6 {
	font-family: 'trebuchet MS', arial, sans-serif;
	}*/

h1 {
	font-size: 173%;
	font-weight: bold;
	}

h2 {
	font-size: 144%;
	font-weight: normal;
	}

h3 {
	font-size: 120%;
	font-weight: normal;
	}

h4 {
  font-size: 100%;
  font-weight: bold;
}

dt {
	font-weight: bold;
	}

a:link, a:visited, a:active, a:hover {
	font-weight: bold;
	}

a.offsite:link, a.offsite:visited, a.offsite:active, a.offsite:hover {
	font-weight: normal;
	}

/* suppress the normal italics */
address {
	font-style: normal;
	}

div.example, .sidebar {
  font-family: Verdana, arial, sans-serif;
  font-size: 100%;
  }


.note, .link {
	font-family: Verdana, arial, sans-serif;
	/*font-size: 83%;*/
	}

/*.example, .string, .rtf, .code, pre, code {
	font-family: "Lucida Console", "Courier New", monospace;*/
  /*font-size: 83%;*/
/*	}*/

.boolean {
	font-style: italic;
	}

#colophon, #xml-link {
	font-size: 69%;
	}

.question, .title {
	font-weight: bold;
	}

/* colours */
body {
	background-color: white;
	color: black;
	border: 0px none black;
	}

/* this is to make Navigator fill the entire line */
h1, h2 {
	border: 1px solid white;
	width: auto;
	}

h1 {
	/*background: #606;*/
	/*color: #6F6;*/
	}

h2 {
	color: #606;
	/*background: #CFC;*/
	}

hr {
	color: #606;
	background: white;
	}

img, a:link img, a:visited img, a:hover img, a:active img, #link-up img, #link-top img {
	border: 0px none white;
	background: transparent;
	}

/* OXYGEN */
a, a:visited {
    color:rgb(0, 0, 150);
    background-color:inherit;
    font-weight: bold;
}
a:link, a:visited {
    text-decoration:none; 
}
a:hover {
    text-decoration:underline;
}

/* OXYGEN */

a.img:hover, a.img:active {
	background: transparent;
	}

#colophon, #xml-link, .note {
	color: #666;
	}

#colophon a:link, #colophon a:visited, #colophon a:hover,
#xml-link a:link, #xml-link a:visited, #xml-link a:hover,
.note a:link, .note a:visited, .note a:hover {
	color: #969;
	background: transparent;
	}

#colophon a:hover, #xml-link a:hover, .note a:hover {
	background: #CFC;
	color: #969;
	}

.popup {
	background: white;
	border: 1px solid #606;
	}

.post {
	border-top: 2px solid #606;
	}
	
.example {
  border-top: 2px solid #606;
  border-bottom: 2px solid #606;
  }
  
.sidebar {
  border-top: 2px solid #090;
  border-bottom: 2px solid #090;
  }
  
.rng {
  border-left: 2px solid #666;
  }

.same {
  background-color: rgb(206, 239, 174);
}

.diff {
  background-color: #FCC;
}

.whitespace {
	font-style: italic;
	color: #999;
	background: white;
}

.ignored {
  font-style: italic;
  color: #999;
  background: white;
}

.hit {
}

.missed {
  background-color: #A33;
  color: white;
}

/* text */
ol ol li {
	list-style: lower-alpha;
	}

th {
	text-align: left;
	}

td {
	vertical-align: top;
	}

h1 {
	text-transform: uppercase;
	}

h2, h3 {
	/*text-transform: capitalize;*/
	}

.question {
	text-indent: -33px;
	}

.byline {
	text-align: right;
	}

#link-top, #link-up {
	text-align: right;
	}

a {
	text-decoration: none;
	}

table { width: 85%;
        /* border: collapse; */ }

th { text-align: left; }

.xspec tbody th { font-weight: normal; /*font-size: 0.8em;*/ border-top: 1px #666 solid; }
.xspec tbody td { /*font-size: 0.8em;*/ color: #666; }

.successful.label th, .successful.label td { background-color: #CFC; }
.pending.label th, .pending.label td { background-color: #DDD; color: #666; }
.failed.label th, .failed.label td { background-color: #FCC; }
.error.label th, .error.label td { background-color: #FAA; }
/*body &gt; table tbody .failed.label th:first-child:before {content:url(data:image/png;base64,iVBORw0KGgoAAAANSUhEUgAAAAwAAAAMCAYAAABWdVznAAAAGXRFWHRTb2Z0d2FyZQBBZG9iZSBJbWFnZVJlYWR5ccllPAAAA2ZpVFh0WE1MOmNvbS5hZG9iZS54bXAAAAAAADw/eHBhY2tldCBiZWdpbj0i77u/IiBpZD0iVzVNME1wQ2VoaUh6cmVTek5UY3prYzlkIj8+IDx4OnhtcG1ldGEgeG1sbnM6eD0iYWRvYmU6bnM6bWV0YS8iIHg6eG1wdGs9IkFkb2JlIFhNUCBDb3JlIDUuMy1jMDExIDY2LjE0NTY2MSwgMjAxMi8wMi8wNi0xNDo1NjoyNyAgICAgICAgIj4gPHJkZjpSREYgeG1sbnM6cmRmPSJodHRwOi8vd3d3LnczLm9yZy8xOTk5LzAyLzIyLXJkZi1zeW50YXgtbnMjIj4gPHJkZjpEZXNjcmlwdGlvbiByZGY6YWJvdXQ9IiIgeG1sbnM6eG1wTU09Imh0dHA6Ly9ucy5hZG9iZS5jb20veGFwLzEuMC9tbS8iIHhtbG5zOnN0UmVmPSJodHRwOi8vbnMuYWRvYmUuY29tL3hhcC8xLjAvc1R5cGUvUmVzb3VyY2VSZWYjIiB4bWxuczp4bXA9Imh0dHA6Ly9ucy5hZG9iZS5jb20veGFwLzEuMC8iIHhtcE1NOk9yaWdpbmFsRG9jdW1lbnRJRD0ieG1wLmRpZDpCQjU0NjU4QjIyQTNFMTExQkI5Rjk5QkQ4RkQ5RUJFQiIgeG1wTU06RG9jdW1lbnRJRD0ieG1wLmRpZDpEQTUyOTdBQUEzRDUxMUUxQTQwN0YzMUI0Nzg3NDU1RSIgeG1wTU06SW5zdGFuY2VJRD0ieG1wLmlpZDpEQTUyOTdBOUEzRDUxMUUxQTQwN0YzMUI0Nzg3NDU1RSIgeG1wOkNyZWF0b3JUb29sPSJBZG9iZSBQaG90b3Nob3AgQ1M2IChXaW5kb3dzKSI+IDx4bXBNTTpEZXJpdmVkRnJvbSBzdFJlZjppbnN0YW5jZUlEPSJ4bXAuaWlkOjQ4MTZDRTNCRDVBM0UxMTFBQTI2QTBCMjZENzg1Qzg5IiBzdFJlZjpkb2N1bWVudElEPSJ4bXAuZGlkOkJCNTQ2NThCMjJBM0UxMTFCQjlGOTlCRDhGRDlFQkVCIi8+IDwvcmRmOkRlc2NyaXB0aW9uPiA8L3JkZjpSREY+IDwveDp4bXBtZXRhPiA8P3hwYWNrZXQgZW5kPSJyIj8+aHNJrgAAAZ1JREFUeNpsUssrRGEU/907985YMDPNYlh4hbKZPMdgR3aysrGSSFIeKyUKpewoRTYkmcgCf4MsMI2FPDYGKeUZSoru4/uc82VC+W7fOeee+zvn/M45V1uuyCmVwDogq0hDklD6jy1dspNkdxokVrIzPFUh0/MD5OdXoJDwPFtu3d2ns6TTp9oggTlFZlmN0o4AHMmXfJGo0lmGzoE1OgmNHf5YA8rmN5HfM6wADmUuHphA9cIW/JX1yiek9DIlyijxkNjBzXYche19gNcHzfShoLUdVxtLuD/cYzCoMAzCwqYrhMDx9Chs20JRWzf4nMcXcDI3pYAqQHIAtWUJbpKursMMhpA+RiAEGzpc4X5XkDB4GjaHmiZik/PIa2rBEWVlSuW9Q+T3YndskBi46QpQFcLltchtbEZyZhxna4uKhmV9Ito/gtPNOG4P99WItdlIWARNXWOAv6AEr9cplel7/ggUleDlMqUSvNnCobHKxDsNnqs8XaWUZopp/XhxTkOR+HDVOveYUge9rNLyY9SU9v+vwXuUB2R0fQkwABfn/VKSjTLBAAAAAElFTkSuQmCC) " "}*/
/*body &gt; table tbody .error.label th:first-child:before {content:url(data:image/png;base64,iVBORw0KGgoAAAANSUhEUgAAAAwAAAAMCAYAAABWdVznAAAABmJLR0QAAAAAAAD5Q7t/AAAACXBIWXMAAAsTAAALEwEAmpwYAAAAB3RJTUUH3QcKER4AdkxvvQAAAdVJREFUKM89kM9KG0EAh7/JTHazZInEQwJ68KIWLx6Etj6EjxAobYSsD+BjCJ682EOp0FMueYmS0FMICF4i6tFNzJ/dyRh2Znoo6Xf+Pn7wEzc3Nx/W6/UvY8xJnudkWYa1Fu893nviOCaKIhuG4R/v/Ve1Xq9/bG1tnezs7JDnOVpr3t/fcc4hpaRSqVCpVORqtTp9e3v7rrTWn5vNJpPJhHK5zHg8JssyvPeEYcjR0RFpmlKr1ZjP5x9Li8VCbOR2u83BwQEvLy88PT1xfHzMxcUFQgjSNCXLskDlec5sNuPx8REpJZ1Oh+fnZ4QQnJ+fc319Tb/fZ29vD601SmvNdDplsVhwe3vLaDTi6uoKgCRJGAwGNBoNXl9fMcZQcs5hjGG1WpHnObVajQ3VahWtNcYYjDE451Cb+7z3JElCkiScnZ0hpaTX67G7u0u328V7/y+oVqsIITg8PKTT6dBqtRgOhzjnaLVa3N3dcX9/z3K5JI5jxOXlpSuKQqRpirWWh4eH//Plcpn9/X2cc2xvb1MqlQqllBpYa0/jOGYymdBsNsmyDOccURRRFAX1eh2lFGEY/lZBEHyx1v703n8KgkBEUYSUEu/9RkIIUQRB0A/D8NtflUT+nn4OS+0AAAAASUVORK5CYII=) " "}*/
.failed.label th:first-child:before, .failed.label td:first-child:before {content:url(data:image/png;base64,iVBORw0KGgoAAAANSUhEUgAAAAwAAAAMCAYAAABWdVznAAAAGXRFWHRTb2Z0d2FyZQBBZG9iZSBJbWFnZVJlYWR5ccllPAAAA2ZpVFh0WE1MOmNvbS5hZG9iZS54bXAAAAAAADw/eHBhY2tldCBiZWdpbj0i77u/IiBpZD0iVzVNME1wQ2VoaUh6cmVTek5UY3prYzlkIj8+IDx4OnhtcG1ldGEgeG1sbnM6eD0iYWRvYmU6bnM6bWV0YS8iIHg6eG1wdGs9IkFkb2JlIFhNUCBDb3JlIDUuMy1jMDExIDY2LjE0NTY2MSwgMjAxMi8wMi8wNi0xNDo1NjoyNyAgICAgICAgIj4gPHJkZjpSREYgeG1sbnM6cmRmPSJodHRwOi8vd3d3LnczLm9yZy8xOTk5LzAyLzIyLXJkZi1zeW50YXgtbnMjIj4gPHJkZjpEZXNjcmlwdGlvbiByZGY6YWJvdXQ9IiIgeG1sbnM6eG1wTU09Imh0dHA6Ly9ucy5hZG9iZS5jb20veGFwLzEuMC9tbS8iIHhtbG5zOnN0UmVmPSJodHRwOi8vbnMuYWRvYmUuY29tL3hhcC8xLjAvc1R5cGUvUmVzb3VyY2VSZWYjIiB4bWxuczp4bXA9Imh0dHA6Ly9ucy5hZG9iZS5jb20veGFwLzEuMC8iIHhtcE1NOk9yaWdpbmFsRG9jdW1lbnRJRD0ieG1wLmRpZDpCQjU0NjU4QjIyQTNFMTExQkI5Rjk5QkQ4RkQ5RUJFQiIgeG1wTU06RG9jdW1lbnRJRD0ieG1wLmRpZDpEQTUyOTdBQUEzRDUxMUUxQTQwN0YzMUI0Nzg3NDU1RSIgeG1wTU06SW5zdGFuY2VJRD0ieG1wLmlpZDpEQTUyOTdBOUEzRDUxMUUxQTQwN0YzMUI0Nzg3NDU1RSIgeG1wOkNyZWF0b3JUb29sPSJBZG9iZSBQaG90b3Nob3AgQ1M2IChXaW5kb3dzKSI+IDx4bXBNTTpEZXJpdmVkRnJvbSBzdFJlZjppbnN0YW5jZUlEPSJ4bXAuaWlkOjQ4MTZDRTNCRDVBM0UxMTFBQTI2QTBCMjZENzg1Qzg5IiBzdFJlZjpkb2N1bWVudElEPSJ4bXAuZGlkOkJCNTQ2NThCMjJBM0UxMTFCQjlGOTlCRDhGRDlFQkVCIi8+IDwvcmRmOkRlc2NyaXB0aW9uPiA8L3JkZjpSREY+IDwveDp4bXBtZXRhPiA8P3hwYWNrZXQgZW5kPSJyIj8+aHNJrgAAAZ1JREFUeNpsUssrRGEU/907985YMDPNYlh4hbKZPMdgR3aysrGSSFIeKyUKpewoRTYkmcgCf4MsMI2FPDYGKeUZSoru4/uc82VC+W7fOeee+zvn/M45V1uuyCmVwDogq0hDklD6jy1dspNkdxokVrIzPFUh0/MD5OdXoJDwPFtu3d2ns6TTp9oggTlFZlmN0o4AHMmXfJGo0lmGzoE1OgmNHf5YA8rmN5HfM6wADmUuHphA9cIW/JX1yiek9DIlyijxkNjBzXYche19gNcHzfShoLUdVxtLuD/cYzCoMAzCwqYrhMDx9Chs20JRWzf4nMcXcDI3pYAqQHIAtWUJbpKursMMhpA+RiAEGzpc4X5XkDB4GjaHmiZik/PIa2rBEWVlSuW9Q+T3YndskBi46QpQFcLltchtbEZyZhxna4uKhmV9Ito/gtPNOG4P99WItdlIWARNXWOAv6AEr9cplel7/ggUleDlMqUSvNnCobHKxDsNnqs8XaWUZopp/XhxTkOR+HDVOveYUge9rNLyY9SU9v+vwXuUB2R0fQkwABfn/VKSjTLBAAAAAElFTkSuQmCC) " "}
.error.label th:first-child:before, .error.label td:first-child:before {content:url(data:image/png;base64,iVBORw0KGgoAAAANSUhEUgAAAAwAAAAMCAYAAABWdVznAAAABmJLR0QAAAAAAAD5Q7t/AAAACXBIWXMAAAsTAAALEwEAmpwYAAAAB3RJTUUH3QcKER4AdkxvvQAAAdVJREFUKM89kM9KG0EAh7/JTHazZInEQwJ68KIWLx6Etj6EjxAobYSsD+BjCJ682EOp0FMueYmS0FMICF4i6tFNzJ/dyRh2Znoo6Xf+Pn7wEzc3Nx/W6/UvY8xJnudkWYa1Fu893nviOCaKIhuG4R/v/Ve1Xq9/bG1tnezs7JDnOVpr3t/fcc4hpaRSqVCpVORqtTp9e3v7rrTWn5vNJpPJhHK5zHg8JssyvPeEYcjR0RFpmlKr1ZjP5x9Li8VCbOR2u83BwQEvLy88PT1xfHzMxcUFQgjSNCXLskDlec5sNuPx8REpJZ1Oh+fnZ4QQnJ+fc319Tb/fZ29vD601SmvNdDplsVhwe3vLaDTi6uoKgCRJGAwGNBoNXl9fMcZQcs5hjGG1WpHnObVajQ3VahWtNcYYjDE451Cb+7z3JElCkiScnZ0hpaTX67G7u0u328V7/y+oVqsIITg8PKTT6dBqtRgOhzjnaLVa3N3dcX9/z3K5JI5jxOXlpSuKQqRpirWWh4eH//Plcpn9/X2cc2xvb1MqlQqllBpYa0/jOGYymdBsNsmyDOccURRRFAX1eh2lFGEY/lZBEHyx1v703n8KgkBEUYSUEu/9RkIIUQRB0A/D8NtflUT+nn4OS+0AAAAASUVORK5CYII=) " "}
.pending.label th:first-child:before, .pending.label td:first-child:before {content:url(data:image/png;base64,iVBORw0KGgoAAAANSUhEUgAAAAwAAAAMCAYAAABWdVznAAAAGXRFWHRTb2Z0d2FyZQBBZG9iZSBJbWFnZVJlYWR5ccllPAAAA2ZpVFh0WE1MOmNvbS5hZG9iZS54bXAAAAAAADw/eHBhY2tldCBiZWdpbj0i77u/IiBpZD0iVzVNME1wQ2VoaUh6cmVTek5UY3prYzlkIj8+IDx4OnhtcG1ldGEgeG1sbnM6eD0iYWRvYmU6bnM6bWV0YS8iIHg6eG1wdGs9IkFkb2JlIFhNUCBDb3JlIDUuMy1jMDExIDY2LjE0NTY2MSwgMjAxMi8wMi8wNi0xNDo1NjoyNyAgICAgICAgIj4gPHJkZjpSREYgeG1sbnM6cmRmPSJodHRwOi8vd3d3LnczLm9yZy8xOTk5LzAyLzIyLXJkZi1zeW50YXgtbnMjIj4gPHJkZjpEZXNjcmlwdGlvbiByZGY6YWJvdXQ9IiIgeG1sbnM6eG1wTU09Imh0dHA6Ly9ucy5hZG9iZS5jb20veGFwLzEuMC9tbS8iIHhtbG5zOnN0UmVmPSJodHRwOi8vbnMuYWRvYmUuY29tL3hhcC8xLjAvc1R5cGUvUmVzb3VyY2VSZWYjIiB4bWxuczp4bXA9Imh0dHA6Ly9ucy5hZG9iZS5jb20veGFwLzEuMC8iIHhtcE1NOk9yaWdpbmFsRG9jdW1lbnRJRD0ieG1wLmRpZDpCQjU0NjU4QjIyQTNFMTExQkI5Rjk5QkQ4RkQ5RUJFQiIgeG1wTU06RG9jdW1lbnRJRD0ieG1wLmRpZDpDODdDM0Y0QUEzRDUxMUUxQjk5N0MzQjVFRDMyQUE1MiIgeG1wTU06SW5zdGFuY2VJRD0ieG1wLmlpZDpDODdDM0Y0OUEzRDUxMUUxQjk5N0MzQjVFRDMyQUE1MiIgeG1wOkNyZWF0b3JUb29sPSJBZG9iZSBQaG90b3Nob3AgQ1M2IChXaW5kb3dzKSI+IDx4bXBNTTpEZXJpdmVkRnJvbSBzdFJlZjppbnN0YW5jZUlEPSJ4bXAuaWlkOjQ4MTZDRTNCRDVBM0UxMTFBQTI2QTBCMjZENzg1Qzg5IiBzdFJlZjpkb2N1bWVudElEPSJ4bXAuZGlkOkJCNTQ2NThCMjJBM0UxMTFCQjlGOTlCRDhGRDlFQkVCIi8+IDwvcmRmOkRlc2NyaXB0aW9uPiA8L3JkZjpSREY+IDwveDp4bXBtZXRhPiA8P3hwYWNrZXQgZW5kPSJyIj8+yj6RYgAAAPZJREFUeNp0kM8KgkAQxmc1E0Wfo3vQn5eRSDx4EUHwbTpEhx4lil7DiydBQUFXp5nAMNsGhpnd/X77za4Iw3CFiFcAWFMFDkXtKZ/UHhfUnB3HWdu2/REpAL2u631ZlicGdpZlwTAMSmBM0zS5bhgQLB5FU3AOUS4XvNn3vVKgAACCIMA0TbFpGsyyDJMkefdFUWAcx1hVFeZ5jlEUoed5qPEI7KDrOhiG8e6llNC27Zcz77FW+L6Pruv+WKtGIzfgR39umv/UHOJgAMlO/BPOXCQDD5p3r2ma8lvHNU9BcWPg0HXdhRZbOhRT8aSXVO9U/ZcAAwAsmjsSQcM0lwAAAABJRU5ErkJggg==) " ";}
.successful.label th:first-child:before, .successful.label td:first-child:before {content:url(data:image/png;base64,iVBORw0KGgoAAAANSUhEUgAAAAwAAAAMCAYAAABWdVznAAAAGXRFWHRTb2Z0d2FyZQBBZG9iZSBJbWFnZVJlYWR5ccllPAAAA2ZpVFh0WE1MOmNvbS5hZG9iZS54bXAAAAAAADw/eHBhY2tldCBiZWdpbj0i77u/IiBpZD0iVzVNME1wQ2VoaUh6cmVTek5UY3prYzlkIj8+IDx4OnhtcG1ldGEgeG1sbnM6eD0iYWRvYmU6bnM6bWV0YS8iIHg6eG1wdGs9IkFkb2JlIFhNUCBDb3JlIDUuMy1jMDExIDY2LjE0NTY2MSwgMjAxMi8wMi8wNi0xNDo1NjoyNyAgICAgICAgIj4gPHJkZjpSREYgeG1sbnM6cmRmPSJodHRwOi8vd3d3LnczLm9yZy8xOTk5LzAyLzIyLXJkZi1zeW50YXgtbnMjIj4gPHJkZjpEZXNjcmlwdGlvbiByZGY6YWJvdXQ9IiIgeG1sbnM6eG1wTU09Imh0dHA6Ly9ucy5hZG9iZS5jb20veGFwLzEuMC9tbS8iIHhtbG5zOnN0UmVmPSJodHRwOi8vbnMuYWRvYmUuY29tL3hhcC8xLjAvc1R5cGUvUmVzb3VyY2VSZWYjIiB4bWxuczp4bXA9Imh0dHA6Ly9ucy5hZG9iZS5jb20veGFwLzEuMC8iIHhtcE1NOk9yaWdpbmFsRG9jdW1lbnRJRD0ieG1wLmRpZDpCQjU0NjU4QjIyQTNFMTExQkI5Rjk5QkQ4RkQ5RUJFQiIgeG1wTU06RG9jdW1lbnRJRD0ieG1wLmRpZDpEMDVBNThBQUEzRDUxMUUxQjdCQkM2QUNBMTNBMDExNiIgeG1wTU06SW5zdGFuY2VJRD0ieG1wLmlpZDpEMDVBNThBOUEzRDUxMUUxQjdCQkM2QUNBMTNBMDExNiIgeG1wOkNyZWF0b3JUb29sPSJBZG9iZSBQaG90b3Nob3AgQ1M2IChXaW5kb3dzKSI+IDx4bXBNTTpEZXJpdmVkRnJvbSBzdFJlZjppbnN0YW5jZUlEPSJ4bXAuaWlkOjQ4MTZDRTNCRDVBM0UxMTFBQTI2QTBCMjZENzg1Qzg5IiBzdFJlZjpkb2N1bWVudElEPSJ4bXAuZGlkOkJCNTQ2NThCMjJBM0UxMTFCQjlGOTlCRDhGRDlFQkVCIi8+IDwvcmRmOkRlc2NyaXB0aW9uPiA8L3JkZjpSREY+IDwveDp4bXBtZXRhPiA8P3hwYWNrZXQgZW5kPSJyIj8+xJ3YrgAAAYBJREFUeNpsUrtKA1EQPZtdY4gEQiD4QCsLEVGX4CP4AykEq1hYiGghCDZ+gBZWVtrZ+EAjaGOhfoAkNiaKhYWICilMEQNqoYjZ5O4d5+6ucQuLM3funDNzD7OrLe229YBwSKAEnyAP/pyIbL5fcz5rcNiLtuqJSEz3ickn5ruE/vFmJ9/LYjvAldGWqA7bJkgPtoAHQrS5G6NdiwhFWCoxHOCgKUL+iurkCBVawyamE8d4qmSZ51clBZUlh+RG14JzEsJNcaTNLVwWd1B6vXXqkmGoYNeVUPnW3JNr4+YarPoncvebEAKNekAlokaY6N/A1NA+SBgY6Eijtz2Fs5sVWNWawysorWNJsO+q9QWzaxLTYwfojA3isZzDfSnrWvTsNiyp7pOrZURC7ejrTDEpcVpY9ab+NSioLZEiapZA5nwBxZcC8g9HeK7ccYM7TDnwmoU2vx6/NIJaUjc0b0u8YvJNle5HdJvlhbI0Y31ThqsjTGr0/+8hOOQ5nfsRYACtHiy+FDd82wAAAABJRU5ErkJggg==) " "}
/*.successful.label a:before {content:url(data:image/png;base64,iVBORw0KGgoAAAANSUhEUgAAAAwAAAAMCAYAAABWdVznAAAAGXRFWHRTb2Z0d2FyZQBBZG9iZSBJbWFnZVJlYWR5ccllPAAAA2ZpVFh0WE1MOmNvbS5hZG9iZS54bXAAAAAAADw/eHBhY2tldCBiZWdpbj0i77u/IiBpZD0iVzVNME1wQ2VoaUh6cmVTek5UY3prYzlkIj8+IDx4OnhtcG1ldGEgeG1sbnM6eD0iYWRvYmU6bnM6bWV0YS8iIHg6eG1wdGs9IkFkb2JlIFhNUCBDb3JlIDUuMy1jMDExIDY2LjE0NTY2MSwgMjAxMi8wMi8wNi0xNDo1NjoyNyAgICAgICAgIj4gPHJkZjpSREYgeG1sbnM6cmRmPSJodHRwOi8vd3d3LnczLm9yZy8xOTk5LzAyLzIyLXJkZi1zeW50YXgtbnMjIj4gPHJkZjpEZXNjcmlwdGlvbiByZGY6YWJvdXQ9IiIgeG1sbnM6eG1wTU09Imh0dHA6Ly9ucy5hZG9iZS5jb20veGFwLzEuMC9tbS8iIHhtbG5zOnN0UmVmPSJodHRwOi8vbnMuYWRvYmUuY29tL3hhcC8xLjAvc1R5cGUvUmVzb3VyY2VSZWYjIiB4bWxuczp4bXA9Imh0dHA6Ly9ucy5hZG9iZS5jb20veGFwLzEuMC8iIHhtcE1NOk9yaWdpbmFsRG9jdW1lbnRJRD0ieG1wLmRpZDpCQjU0NjU4QjIyQTNFMTExQkI5Rjk5QkQ4RkQ5RUJFQiIgeG1wTU06RG9jdW1lbnRJRD0ieG1wLmRpZDpEMDVBNThBQUEzRDUxMUUxQjdCQkM2QUNBMTNBMDExNiIgeG1wTU06SW5zdGFuY2VJRD0ieG1wLmlpZDpEMDVBNThBOUEzRDUxMUUxQjdCQkM2QUNBMTNBMDExNiIgeG1wOkNyZWF0b3JUb29sPSJBZG9iZSBQaG90b3Nob3AgQ1M2IChXaW5kb3dzKSI+IDx4bXBNTTpEZXJpdmVkRnJvbSBzdFJlZjppbnN0YW5jZUlEPSJ4bXAuaWlkOjQ4MTZDRTNCRDVBM0UxMTFBQTI2QTBCMjZENzg1Qzg5IiBzdFJlZjpkb2N1bWVudElEPSJ4bXAuZGlkOkJCNTQ2NThCMjJBM0UxMTFCQjlGOTlCRDhGRDlFQkVCIi8+IDwvcmRmOkRlc2NyaXB0aW9uPiA8L3JkZjpSREY+IDwveDp4bXBtZXRhPiA8P3hwYWNrZXQgZW5kPSJyIj8+xJ3YrgAAAYBJREFUeNpsUrtKA1EQPZtdY4gEQiD4QCsLEVGX4CP4AykEq1hYiGghCDZ+gBZWVtrZ+EAjaGOhfoAkNiaKhYWICilMEQNqoYjZ5O4d5+6ucQuLM3funDNzD7OrLe229YBwSKAEnyAP/pyIbL5fcz5rcNiLtuqJSEz3ickn5ruE/vFmJ9/LYjvAldGWqA7bJkgPtoAHQrS5G6NdiwhFWCoxHOCgKUL+iurkCBVawyamE8d4qmSZ51clBZUlh+RG14JzEsJNcaTNLVwWd1B6vXXqkmGoYNeVUPnW3JNr4+YarPoncvebEAKNekAlokaY6N/A1NA+SBgY6Eijtz2Fs5sVWNWawysorWNJsO+q9QWzaxLTYwfojA3isZzDfSnrWvTsNiyp7pOrZURC7ejrTDEpcVpY9ab+NSioLZEiapZA5nwBxZcC8g9HeK7ccYM7TDnwmoU2vx6/NIJaUjc0b0u8YvJNle5HdJvlhbI0Y31ThqsjTGr0/+8hOOQ5nfsRYACtHiy+FDd82wAAAABJRU5ErkJggg==) " "}*/

.xspecResult { width: 90%; table-layout: fixed; }

.xspecResult td,
.xspecResult th { width: 50%; }

/*.xspecResult pre { 
  margin-left: 0; 
  padding: 0.5em; 
  overflow: auto; 
  border: 1px #999 dotted;
}*/

span.scenario-totals {float: right; width: 14.5%; text-align: left}

/* OXYGEN */
span.scenario-totals {float: right; width: 34.5%; text-align: right}

h2.failed {
    background-color: #FCC;
}

h1, h2 {
    width: 86%;
    /*margin-left: 3%;*/
    
    font-size:1.4em;
    font-weight:bold;
    text-align:left;
    margin-top:1.4em;
    margin-bottom:0.7em;
    color:#333333;
    background-color:inherit;
}

h1 {
    font-size:1.7em;
}

body &gt; h1:first-child:before {
    content:"XSLT UNIT ";
}

body &gt; h2:first-of-type {
    font-size:1.7em;
}

div &gt; table &gt; tbody &gt; tr &gt; th:first-child {
    font-weight:bold;
}

div &gt; h3 {
    font-weight:bold;
    /*margin-left: 3%;*/
}

div &gt; h4 {
    font-weight:normal;
    /*margin-left: 4%;*/
}

th.result { text-align: center; }
/* OXYGEN */


/* ------------------------------------------------------------------------ */
/*  DO NOT ALTER OR REMOVE COPYRIGHT NOTICES OR THIS COMMENT.               */
/*                                                                          */
/*  Copyright (c) 2008, 2010 Jeni Tennsion                                  */
/*                                                                          */
/*  The contents of this file are subject to the MIT License (see the URI   */
/*  http://www.opensource.org/licenses/mit-license.php for details).        */
/*                                                                          */
/*  Permission is hereby granted, free of charge, to any person obtaining   */
/*  a copy of this software and associated documentation files (the         */
/*  "Software"), to deal in the Software without restriction, including     */
/*  without limitation the rights to use, copy, modify, merge, publish,     */
/*  distribute, sublicense, and/or sell copies of the Software, and to      */
/*  permit persons to whom the Software is furnished to do so, subject to   */
/*  the following conditions:                                               */
/*                                                                          */
/*  The above copyright notice and this permission notice shall be          */
/*  included in all copies or substantial portions of the Software.         */
/*                                                                          */
/*  THE SOFTWARE IS PROVIDED "AS IS", WITHOUT WARRANTY OF ANY KIND,         */
/*  EXPRESS OR IMPLIED, INCLUDING BUT NOT LIMITED TO THE WARRANTIES OF      */
/*  MERCHANTABILITY, FITNESS FOR A PARTICULAR PURPOSE AND NONINFRINGEMENT.  */
/*  IN NO EVENT SHALL THE AUTHORS OR COPYRIGHT HOLDERS BE LIABLE FOR ANY    */
/*  CLAIM, DAMAGES OR OTHER LIABILITY, WHETHER IN AN ACTION OF CONTRACT,    */
/*  TORT OR OTHERWISE, ARISING FROM, OUT OF OR IN CONNECTION WITH THE       */
/*  SOFTWARE OR THE USE OR OTHER DEALINGS IN THE SOFTWARE.                  */
/* ------------------------------------------------------------------------ */

.nobr { white-space: nowrap; }
.scenario-label { text-indent: 0px; }
.context-label { text-indent: 10px; }
.test-label { text-indent: 20px; }
.pending-label { text-indent: 30px; }


        /**/</style>
    </head><body><h1>Test Report</h1><p>Script: <a href="file:/home/jostein/xprocspec/xprocspec/src/test/xprocspec/tests/import-3.xprocspec">file:/home/jostein/xprocspec/xprocspec/src/test/xprocspec/tests/import-3.xprocspec</a></p><p>Tested: 2013-12-02T14:36:03.626+01:00</p><h2>Contents</h2><table class="xspec"><col width="75%"/><col width="5%"/><col width="5%"/><col width="5%"/><col width="5%"/><col width="5%"/><thead><tr><th/><th class="result">passed:4</th><th class="result">pending:0</th><th class="result">failed:0</th><th class="result">errors:0</th><th class="result">total:4</th></tr></thead><tbody><tr class="successful label"><th><a href="#step1">ex:identity</a></th><th class="result">4</th><th class="result">0</th><th class="result">0</th><th class="result">0</th><th class="result">4</th></tr></tbody></table><div id="step1"><h2 class="successful">Calling: <a href="file:/home/jostein/xprocspec/xprocspec/src/test/xprocspec/steps/identity.xpl">ex:identity</a><span class="scenario-totals">passed:4 / pending:0 /
                                        failed:0 / errors:0 / total:4</span></h2><table class="xspec"><col width="80%"/><col width="20%"/><tbody><tr class="successful label"><th class="scenario-label">identity</th><th class="nobr">passed:2 / pending:0 / failed:0 / errors:0 / total:2</th></tr><tr class="successful label"><th class="context-label">errors</th><th class="nobr">passed:1 / pending:0 / failed:0 / errors:0 / total:1</th></tr><tr class="successful label"><td class="test-label">the step should execute successfully without throwing any errors</td><td>Success</td></tr><tr class="successful label"><th class="context-label">the results</th><th class="nobr">passed:1 / pending:0 / failed:0 / errors:0 / total:1</th></tr><tr class="successful label"><td class="test-label">the option 'option.required' should have the value 'import 3a'</td><td>Success</td></tr><tr class="successful label"><th class="scenario-label">identity</th><th class="nobr">passed:2 / pending:0 / failed:0 / errors:0 / total:2</th></tr><tr class="successful label"><th class="context-label">errors</th><th class="nobr">passed:1 / pending:0 / failed:0 / errors:0 / total:1</th></tr><tr class="successful label"><td class="test-label">the step should execute successfully without throwing any errors</td><td>Success</td></tr><tr class="successful label"><th class="context-label">the results</th><th class="nobr">passed:1 / pending:0 / failed:0 / errors:0 / total:1</th></tr><tr class="successful label"><td class="test-label">the option 'option.required' should have the value 'import 3'</td><td>Success</td></tr></tbody></table></div><h2>Execution log</h2><table><thead><tr><th>Time</th><th>Severity</th><th>Message</th></tr></thead><tbody><tr style=""><td>0.000</td><td style="padding-left:0%;">INFO</td><td><code><pre>#### file:/home/jostein/xprocspec/xprocspec/src/test/xprocspec/tests/import-3.xprocspec ####</pre></code></td></tr><tr style=""><td>0.005</td><td style="padding-left:0%;">INFO</td><td><code><pre> * temporary directory: file:/tmp/xprocspec-20131202143557583/</pre></code></td></tr><tr style=""><td>0.010</td><td style="padding-left:0%;">INFO</td><td><code><pre>preprocessing...</pre></code></td></tr><tr style=""><td>0.025</td><td style="padding-left:0%;">INFO</td><td><code><pre> * checking for imports</pre></code></td></tr><tr style=""><td>0.031</td><td style="padding-left:0%;">INFO</td><td><code><pre> * checking file:/home/jostein/xprocspec/xprocspec/src/test/xprocspec/tests/import-3.xprocspec for imports</pre></code></td></tr><tr style=""><td>0.037</td><td style="padding-left:0%;">INFO</td><td><code><pre> * importing: file:/home/jostein/xprocspec/xprocspec/src/test/xprocspec/tests/import-3a.xprocspec</pre></code></td></tr><tr style=""><td>0.047</td><td style="padding-left:0%;">INFO</td><td><code><pre> * checking file:/home/jostein/xprocspec/xprocspec/src/test/xprocspec/tests/import-3a.xprocspec for imports</pre></code></td></tr><tr style=""><td>0.053</td><td style="padding-left:0%;">INFO</td><td><code><pre> * skipping circular import: file:/home/jostein/xprocspec/xprocspec/src/test/xprocspec/tests/import-3.xprocspec</pre></code></td></tr><tr style=""><td>0.059</td><td style="padding-left:0%;">INFO</td><td><code><pre> * extracting step declarations from file:/home/jostein/xprocspec/xprocspec/src/test/xprocspec/steps/identity.xpl</pre></code></td></tr><tr style=""><td>0.066</td><td style="padding-left:0%;">INFO</td><td><code><pre> * tests reference 1 step</pre></code></td></tr><tr style=""><td>0.072</td><td style="padding-left:0%;">INFO</td><td><code><pre>   * step: e:identity</pre></code></td></tr><tr style=""><td>0.078</td><td style="padding-left:0%;">INFO</td><td><code><pre> * trying to load: file:/home/jostein/xprocspec/xprocspec/src/test/xprocspec/steps/identity.xpl</pre></code></td></tr><tr style=""><td>0.085</td><td style="padding-left:0%;">INFO</td><td><code><pre>   * success!</pre></code></td></tr><tr style=""><td>0.093</td><td style="padding-left:0%;">INFO</td><td><code><pre> * trying to extract the step declaration for {http://example.net/ns}identity from file:/home/jostein/xprocspec/xprocspec/src/test/xprocspec/steps/identity.xpl</pre></code></td></tr><tr style=""><td>0.106</td><td style="padding-left:0%;">INFO</td><td><code><pre> * creating a new x:description document for each x:scenario element with inferred inputs, options and parameters</pre></code></td></tr><tr style=""><td>0.125</td><td style="padding-left:0%;">INFO</td><td><code><pre> * validating output grammar</pre></code></td></tr><tr style=""><td>0.133</td><td style="padding-left:0%;">INFO</td><td><code><pre> * validating output grammar</pre></code></td></tr><tr style=""><td>0.140</td><td style="padding-left:0%;">INFO</td><td><code><pre>compiling...</pre></code></td></tr><tr style=""><td>0.148</td><td style="padding-left:0%;">INFO</td><td><code><pre> * created directory using Calabash's cxf:mkdir</pre></code></td></tr><tr style=""><td>0.155</td><td style="padding-left:0%;">INFO</td><td><code><pre> * converting test 'test1' to XProc</pre></code></td></tr><tr style=""><td>0.171</td><td style="padding-left:0%;">INFO</td><td><code><pre>   * done</pre></code></td></tr><tr style=""><td>0.178</td><td style="padding-left:0%;">INFO</td><td><code><pre> * validating output grammar for file:/home/jostein/xprocspec/xprocspec/src/test/xprocspec/tests/import-3.xprocspec</pre></code></td></tr><tr style=""><td>0.186</td><td style="padding-left:0%;">INFO</td><td><code><pre>   * done!</pre></code></td></tr><tr style=""><td>0.193</td><td style="padding-left:0%;">INFO</td><td><code><pre> * converting test 'test2' to XProc</pre></code></td></tr><tr style=""><td>0.206</td><td style="padding-left:0%;">INFO</td><td><code><pre>   * done</pre></code></td></tr><tr style=""><td>0.214</td><td style="padding-left:0%;">INFO</td><td><code><pre> * validating output grammar for file:/home/jostein/xprocspec/xprocspec/src/test/xprocspec/tests/import-3.xprocspec</pre></code></td></tr><tr style=""><td>0.221</td><td style="padding-left:0%;">INFO</td><td><code><pre>   * done!</pre></code></td></tr><tr style=""><td>0.229</td><td style="padding-left:0%;">INFO</td><td><code><pre> * using as temporary directory: file:/tmp/xprocspec-20131202143557583/xprocspec-20131202143603022/</pre></code></td></tr><tr style=""><td>0.235</td><td style="padding-left:0%;">INFO</td><td><code><pre>storing...</pre></code></td></tr><tr style=""><td>0.247</td><td style="padding-left:0%;">INFO</td><td><code><pre>running...</pre></code></td></tr><tr style=""><td>0.255</td><td style="padding-left:0%;">INFO</td><td><code><pre>   * loading 'file:/tmp/xprocspec-20131202143557583/test1.xpl'</pre></code></td></tr><tr style=""><td>0.312</td><td style="padding-left:0%;">INFO</td><td><code><pre>   * loading 'file:/tmp/xprocspec-20131202143557583/test2.xpl'</pre></code></td></tr><tr style=""><td>0.366</td><td style="padding-left:0%;">INFO</td><td><code><pre>evaluating...</pre></code></td></tr><tr style=""><td>0.379</td><td style="padding-left:0%;">INFO</td><td><code><pre> * evaluating scenario 'identity' (file:/home/jostein/xprocspec/xprocspec/src/test/xprocspec/tests/import-3.xprocspec)</pre></code></td></tr><tr style=""><td>0.387</td><td style="padding-left:0%;">INFO</td><td><code><pre>   * resolving x:document elements...</pre></code></td></tr><tr style=""><td>0.397</td><td style="padding-left:0%;">INFO</td><td><code><pre>    * no errors occured</pre></code></td></tr><tr style=""><td>0.432</td><td style="padding-left:0%;">INFO</td><td><code><pre>   * grouping x:expect elements with their x:context...</pre></code></td></tr><tr style=""><td>0.441</td><td style="padding-left:0%;">INFO</td><td><code><pre>   * evaluating each context/expect group...</pre></code></td></tr><tr style=""><td>0.449</td><td style="padding-left:0%;">INFO</td><td><code><pre>     * setting context to 'errors'</pre></code></td></tr><tr style=""><td>0.456</td><td style="padding-left:0%;">INFO</td><td><code><pre>       * testing assertion 'the step should execute successfully without throwing any errors'</pre></code></td></tr><tr style=""><td>0.464</td><td style="padding-left:0%;">INFO</td><td><code><pre>         * is document count assertion</pre></code></td></tr><tr style=""><td>0.471</td><td style="padding-left:0%;">INFO</td><td><code><pre>         * assertion passed</pre></code></td></tr><tr style=""><td>0.482</td><td style="padding-left:0%;">INFO</td><td><code><pre>     * setting context to 'the results'</pre></code></td></tr><tr style=""><td>0.489</td><td style="padding-left:0%;">INFO</td><td><code><pre>       * testing assertion 'the option 'option.required' should have the value 'import 3a''</pre></code></td></tr><tr style=""><td>0.499</td><td style="padding-left:0%;">INFO</td><td><code><pre>         * is xpath assertion</pre></code></td></tr><tr style=""><td>0.519</td><td style="padding-left:0%;">INFO</td><td><code><pre> * evaluating scenario 'identity' (file:/home/jostein/xprocspec/xprocspec/src/test/xprocspec/tests/import-3.xprocspec)</pre></code></td></tr><tr style=""><td>0.527</td><td style="padding-left:0%;">INFO</td><td><code><pre>   * resolving x:document elements...</pre></code></td></tr><tr style=""><td>0.537</td><td style="padding-left:0%;">INFO</td><td><code><pre>    * no errors occured</pre></code></td></tr><tr style=""><td>0.573</td><td style="padding-left:0%;">INFO</td><td><code><pre>   * grouping x:expect elements with their x:context...</pre></code></td></tr><tr style=""><td>0.583</td><td style="padding-left:0%;">INFO</td><td><code><pre>   * evaluating each context/expect group...</pre></code></td></tr><tr style=""><td>0.591</td><td style="padding-left:0%;">INFO</td><td><code><pre>     * setting context to 'errors'</pre></code></td></tr><tr style=""><td>0.599</td><td style="padding-left:0%;">INFO</td><td><code><pre>       * testing assertion 'the step should execute successfully without throwing any errors'</pre></code></td></tr><tr style=""><td>0.608</td><td style="padding-left:0%;">INFO</td><td><code><pre>         * is document count assertion</pre></code></td></tr><tr style=""><td>0.616</td><td style="padding-left:0%;">INFO</td><td><code><pre>         * assertion passed</pre></code></td></tr><tr style=""><td>0.626</td><td style="padding-left:0%;">INFO</td><td><code><pre>     * setting context to 'the results'</pre></code></td></tr><tr style=""><td>0.634</td><td style="padding-left:0%;">INFO</td><td><code><pre>       * testing assertion 'the option 'option.required' should have the value 'import 3''</pre></code></td></tr><tr style=""><td>0.644</td><td style="padding-left:0%;">INFO</td><td><code><pre>         * is xpath assertion</pre></code></td></tr><tr style=""><td>0.659</td><td style="padding-left:0%;">INFO</td><td><code><pre>reporting...</pre></code></td></tr></tbody></table><link rel="stylesheet" href="http://yandex.st/highlightjs/7.3/styles/default.min.css"/><script type="text/javascript" src="http://yandex.st/highlightjs/7.3/highlight.min.js" xml:space="preserve"> </script><script type="text/javascript">hljs.initHighlightingOnLoad();</script></body></html></x:document></x:output><x:output port="junit"><x:document xml:base="file:/home/jostein/xprocspec/xprocspec/src/main/resources/content/xml/xproc/report/report.xpl" xml:space="preserve" type="inline"><testsuites tests="4" failures="0" time="0.669" errors="0" name="import3"><testsuite timestamp="2013-12-02T13:36:03.556Z" hostname="localhost" tests="2" errors="0" failures="0" skipped="0" id="d12170e1" name="identity" package="http://example.net/ns" time="0.007">
<properties>

<property name="option: option.required" value="import 3a"/>

</properties>
<testcase name="theStepShouldExecuteSuccessfullyWithoutThrowingAnyErrors" classname="identity" assertions="1" time="0" status="SUCCESS"><system-out>the step should execute successfully without throwing any errors: SUCCESS</system-out>
<system-err/></testcase><testcase name="theOptionOptionRequiredShouldHaveTheValueImport3a" classname="identity" assertions="1" time="0" status="SUCCESS"><system-out>the option 'option.required' should have the value 'import 3a': SUCCESS</system-out>
<system-err/></testcase></testsuite><testsuite timestamp="2013-12-02T13:36:03.566Z" hostname="localhost" tests="2" errors="0" failures="0" skipped="0" id="d12178e1" name="identity" package="http://example.net/ns" time="0.007">
<properties>

<property name="option: option.required" value="import 3"/>

</properties>
<testcase name="theStepShouldExecuteSuccessfullyWithoutThrowingAnyErrors" classname="identity" assertions="1" time="0" status="SUCCESS"><system-out>the step should execute successfully without throwing any errors: SUCCESS</system-out>
<system-err/></testcase><testcase name="theOptionOptionRequiredShouldHaveTheValueImport3" classname="identity" assertions="1" time="0" status="SUCCESS"><system-out>the option 'option.required' should have the value 'import 3': SUCCESS</system-out>
<system-err/></testcase></testsuite></testsuites></x:document></x:output><x:test-result type="count" label="the step should execute successfully without throwing any errors" max="0" contextref="errors" result="passed">
                                                        <x:expected>At most 0 documents.</x:expected>
                                                    <x:was>0</x:was></x:test-result><x:test-result label="there should be at least one test, and none of the tests should fail" type="xpath" test="not(/*/@tests='0') and /*/@failures='0' and /*/@errors='0'" contextref="context3" result="passed"><x:expected xml:space="preserve">XPath: true()
Value: true</x:expected><x:was xml:space="preserve">XPath: not(/*/@tests='0') and /*/@failures='0' and /*/@errors='0'
Value: true</x:was></x:test-result></x:description><x:description xmlns:cx="http://xmlcalabash.com/ns/extensions" xmlns:c="http://www.w3.org/ns/xproc-step" xml:base="file:/home/jostein/xprocspec/xprocspec/src/test/xprocspec/test.xprocspec" test-base-uri="file:/home/jostein/xprocspec/xprocspec/src/test/xprocspec/test.xprocspec" script="file:/home/jostein/xprocspec/xprocspec/src/main/resources/content/xml/xproc/xprocspec.xpl" test-grammar="xprocspec" temp-dir="file:/tmp/xprocspec-20131202143557583/"><x:step-declaration><p:declare-step xmlns:p="http://www.w3.org/ns/xproc" xmlns:px="http://www.daisy.org/ns/xprocspec" xmlns:pxi="http://www.daisy.org/ns/xprocspec/xproc-internal/" xmlns:pkg="http://expath.org/ns/pkg" type="px:xprocspec" name="main" version="1.0" xpath-version="2.0" pkg:import-uri="http://www.daisy.org/ns/xprocspec/xprocspec.xpl" x:type="{http://www.daisy.org/ns/xprocspec}xprocspec"><p:input port="source" kind="document" sequence="false" primary="true"/><p:output port="result" kind="document" sequence="false" primary="false"><p:pipe port="result" step="report"/></p:output><p:output port="html" kind="document" sequence="false" primary="false"><p:pipe port="html" step="report"/></p:output><p:output port="junit" kind="document" sequence="false" primary="false"><p:pipe port="junit" step="report"/></p:output><p:option name="temp-dir" select="'file:/tmp/'"/><p:option name="step-available-rng" select="'false'"/></p:declare-step></x:step-declaration><x:scenario end-time="2013-12-02T13:36:04.604Z" label="the scenario element - with pending attribute" start-time="2013-12-02T13:36:04.017Z"><x:call x:type="{http://www.daisy.org/ns/xprocspec}xprocspec" step="x:xprocspec"><x:option select="$temp-dir" name="temp-dir" value="file:/tmp/xprocspec-20131202143557583/"/><x:input port="source">
                    <x:document xml:base="file:/home/jostein/xprocspec/xprocspec/src/test/xprocspec/test.xprocspec" xml:space="preserve" type="inline"><?xml-model href="http://www.daisy.org/ns/xprocspec/xprocspec.rng" type="application/xml" schematypens="http://relaxng.org/ns/structure/1.0"?><x:description xmlns:e="http://example.net/ns" script="../steps/identity.xpl">

    <x:scenario label="identity">
        <x:call step="e:identity">
            <x:option name="option" select="'option-value'"/>
            <x:option name="option.required" select="'option.required-value'"/>
        </x:call>
        <x:context label="the results">
            <x:document type="port" port="options"/>
        </x:context>
        <x:expect type="xpath" label="the option 'option' should have the value 'option-value'" test="/*/*[@name='option']/@value='option-value'"/>
    </x:scenario>

    <x:scenario label="pending scenario" pending=""/>

</x:description></x:document>
                </x:input></x:call>
                                                <x:context label="errors" id="errors">
                                                    
                                                </x:context>
                                            
                                                <x:expect type="count" label="the step should execute successfully without throwing any errors" max="0" contextref="errors"/>
                                            <x:context label="the junit output port" id="context4">
                <x:document xml:base="file:/home/jostein/xprocspec/xprocspec/src/main/resources/content/xml/xproc/report/report.xpl" xml:space="preserve" type="inline"><testsuites tests="3" failures="0" time="0.484" errors="0" name="scenario1"><testsuite timestamp="2013-12-02T13:36:04.516Z" hostname="localhost" tests="2" errors="0" failures="0" skipped="0" id="d13792e1" name="identity" package="http://example.net/ns" time="0.008">
<properties>

<property name="option: option" value="option-value"/>
<property name="option: option.required" value="option.required-value"/>

</properties>
<testcase name="theStepShouldExecuteSuccessfullyWithoutThrowingAnyErrors" classname="identity" assertions="1" time="0" status="SUCCESS"><system-out>the step should execute successfully without throwing any errors: SUCCESS</system-out>
<system-err/></testcase><testcase name="theOptionOptionShouldHaveTheValueOptionvalue" classname="identity" assertions="1" time="0" status="SUCCESS"><system-out>the option 'option' should have the value 'option-value': SUCCESS</system-out>
<system-err/></testcase></testsuite><testsuite timestamp="2013-12-02T13:36:04.524Z" hostname="localhost" tests="1" errors="0" failures="0" skipped="1" id="d13800e1" name="pendingScenario" time="0.001">
<properties>


</properties>
<testcase name="pendingScenario-pendingScenario" classname="pendingScenario" assertions="1" time="0"><skipped type="xprocspec.skip" message="Not implemented">Not implemented</skipped><system-out>pending scenario: SKIPPED</system-out></testcase></testsuite></testsuites></x:document>
            </x:context><x:expect label="there should be at least one test, and none of the tests should fail" type="xpath" test="not(/*/@tests='0') and /*/@failures='0' and /*/@errors='0'" contextref="context4"/><x:expect label="there should be a skipped test" type="xpath" test="/*/*/@skipped='1'" contextref="context4"/></x:scenario><x:output port="result"><x:document xml:base="file:/home/jostein/xprocspec/xprocspec/src/main/resources/content/xml/xproc/report/report.xpl" xml:space="preserve" type="inline"><x:test-report><x:description xml:base="file:/home/jostein/xprocspec/xprocspec/src/test/xprocspec/tests/scenario-1.xprocspec" test-base-uri="file:/home/jostein/xprocspec/xprocspec/src/test/xprocspec/tests/scenario-1.xprocspec" script="file:/home/jostein/xprocspec/xprocspec/src/test/xprocspec/steps/identity.xpl" test-grammar="xprocspec" temp-dir="file:/tmp/xprocspec-20131202143557583/xprocspec-20131202143604139/"><x:step-declaration><p:declare-step xmlns:p="http://www.w3.org/ns/xproc" xmlns:ex="http://example.net/ns" name="main" type="ex:identity" version="1.0" x:type="{http://example.net/ns}identity"><p:input port="source.document.primary" kind="document" primary="true" sequence="false"><p:inline>
            <source.document.primary.default/>
        </p:inline></p:input><p:input port="source.document.secondary.sequence" kind="document" sequence="true" primary="false"><p:inline>
            <source.document.secondary.sequence/>
        </p:inline></p:input><p:input select="/*/*" port="source.document.secondary.select-children" kind="document" sequence="true" primary="false"><p:inline>
            <default>
                <default/>
                <default/>
            </default>
        </p:inline></p:input><p:input port="source.parameter.primary.sequence" primary="true" kind="parameter" sequence="true"/><p:output port="result.document.primary" kind="document" primary="true" sequence="false"><p:pipe port="source.document.primary" step="main"/></p:output><p:output port="result.document.secondary.sequence" kind="document" sequence="true" primary="false"><p:pipe port="source.document.secondary.sequence" step="main"/></p:output><p:output port="result.document.secondary.select-children" kind="document" sequence="true" primary="false"><p:pipe port="source.document.secondary.select-children" step="main"/></p:output><p:output port="result.parameter.primary" kind="document" sequence="false" primary="false"><p:pipe port="result" step="parameters"/></p:output><p:output port="options" kind="document" sequence="false" primary="false"><p:pipe port="result" step="options"/></p:output><p:option name="option"/><p:option name="option.required" required="true"/><p:option name="option.default" select="'default'"/></p:declare-step></x:step-declaration><x:scenario xmlns:e="http://example.net/ns" end-time="2013-12-02T13:36:04.274Z" label="identity" start-time="2013-12-02T13:36:04.266Z"><x:call x:type="{http://example.net/ns}identity" step="e:identity"><x:option select="'option-value'" name="option" value=""/><x:option select="'option.required-value'" name="option.required" value=""/></x:call>
                                                <x:context label="errors" id="errors">
                                                    
                                                </x:context>
                                            
                                                <x:expect type="count" label="the step should execute successfully without throwing any errors" max="0" contextref="errors"/>
                                            <x:context label="the results" id="context0">
            <x:document xml:base="file:/home/jostein/xprocspec/xprocspec/src/test/xprocspec/steps/identity.xpl" xml:space="preserve" type="inline">
                <c:options xmlns:ex="http://example.net/ns">
                    <c:option name="option" value="option-value"/>
                    <c:option name="option.required" value="option.required-value"/>
                    <c:option name="option.default" value="default"/>
                </c:options>
            </x:document>
        </x:context><x:expect type="xpath" label="the option 'option' should have the value 'option-value'" test="/*/*[@name='option']/@value='option-value'" contextref="context0"/></x:scenario><x:output port="result.document.primary"><x:document xml:base="file:/home/jostein/xprocspec/xprocspec/src/test/xprocspec/tests/scenario-1.xprocspec" xml:space="preserve" type="inline">
            <source.document.primary.default xmlns:ex="http://example.net/ns"/>
        </x:document></x:output><x:output port="result.document.secondary.sequence"><x:document xml:base="file:/home/jostein/xprocspec/xprocspec/src/test/xprocspec/steps/identity.xpl" xml:space="preserve" type="inline">
            <source.document.secondary.sequence xmlns:ex="http://example.net/ns"/>
        </x:document></x:output><x:output port="result.document.secondary.select-children"><x:document xml:base="file:/home/jostein/xprocspec/xprocspec/src/test/xprocspec/steps/identity.xpl" xml:space="preserve" type="inline"><default xmlns:ex="http://example.net/ns"/></x:document><x:document xml:base="file:/home/jostein/xprocspec/xprocspec/src/test/xprocspec/steps/identity.xpl" xml:space="preserve" type="inline"><default xmlns:ex="http://example.net/ns"/></x:document></x:output><x:output port="result.parameter.primary"><x:document xml:base="file:/home/jostein/xprocspec/xprocspec/src/test/xprocspec/steps/identity.xpl" xml:space="preserve" type="inline"><c:param-set/></x:document></x:output><x:output port="options"><x:document xml:base="file:/home/jostein/xprocspec/xprocspec/src/test/xprocspec/steps/identity.xpl" xml:space="preserve" type="inline">
                <c:options xmlns:ex="http://example.net/ns">
                    <c:option name="option" value="option-value"/>
                    <c:option name="option.required" value="option.required-value"/>
                    <c:option name="option.default" value="default"/>
                </c:options>
            </x:document></x:output><x:test-result xmlns:e="http://example.net/ns" type="count" label="the step should execute successfully without throwing any errors" max="0" contextref="errors" result="passed">
                                                        <x:expected>At most 0 documents.</x:expected>
                                                    <x:was>0</x:was></x:test-result><x:test-result xmlns:e="http://example.net/ns" type="xpath" label="the option 'option' should have the value 'option-value'" test="/*/*[@name='option']/@value='option-value'" contextref="context0" result="passed"><x:expected xml:space="preserve">XPath: true()
Value: true</x:expected><x:was xml:space="preserve">XPath: /*/*[@name='option']/@value='option-value'
Value: true</x:was></x:test-result></x:description><x:description xml:base="file:/home/jostein/xprocspec/xprocspec/src/test/xprocspec/tests/scenario-1.xprocspec" test-base-uri="file:/home/jostein/xprocspec/xprocspec/src/test/xprocspec/tests/scenario-1.xprocspec" script="file:/home/jostein/xprocspec/xprocspec/src/test/xprocspec/steps/identity.xpl" test-grammar="xprocspec" temp-dir="file:/tmp/xprocspec-20131202143557583/xprocspec-20131202143604139/"><x:scenario xmlns:e="http://example.net/ns" end-time="2013-12-02T13:36:04.321Z" pending="Not implemented" label="pending scenario" start-time="2013-12-02T13:36:04.32Z"/></x:description></x:test-report></x:document></x:output><x:output port="html"><x:document xml:base="file:/home/jostein/xprocspec/xprocspec/src/main/resources/content/xml/xproc/report/report-template.xhtml" xml:space="preserve" type="inline"><html xmlns="http://www.w3.org/1999/xhtml"><head><title>Test Report for file:/home/jostein/xprocspec/xprocspec/src/test/xprocspec/tests/scenario-1.xprocspec (passed:2 / pending:1 / failed:0 / errors:0 / total:3)</title>
        <meta charset="utf-8"/>
        <style type="text/css" xml:space="preserve">/**/
/****************************************************************************/
/*  File:       test-report.css                                             */
/*  Author:     Jeni Tennsion                                               */
/*  URI:        http://xspec.googlecode.com/                                */
/*  Tags:                                                                   */
/*    Copyright (c) 2008, 2010 Jeni Tennsion (see end of file.)             */
/* ------------------------------------------------------------------------ */


/* test */

/* box model */

body {
	margin-right: 1em;
	/*margin-left: 10%;*/
	}

h1 {
	padding: 0.3em 0.5em 0.3em 0.5em;
	position: relative;
	}

h2 {
	padding: 0.1em 0.5em 0.2em 0.5em;
	}

h3 {
	padding-left: 0.6em;
	}

h4 {
	padding-left: 0.8em;
	}

p, table {
	/*margin-left: 5%;*/
	}

dd ul, dd ol {
	margin-left: 0%;
	}

li ul, li ol {
	/*margin-left: 5%;*/
	}

dl, ul, ol, blockquote {
	/*margin-left: 10%;*/
	}

dt {
  padding-top: 3px;
  padding-bottom: 3px;
	clear: both;
	}

dd p {
	/*margin-left: -5px;*/
	margin-top: 5px;
	clear: both;
	}

p.link {
	margin-top: 4px;
	margin-bottom: 0px;
	clear: both;
	}

tr td, td p, li, li p {
	margin-left: 0%;
	}

td:nth-child(2) {
	padding-left: 5%;
	}

.link img, dt img {
	vertical-align: middle;
	position: relative;
	top: -5px;
	}

img {
	position: relative;
	}

#xml-link {
	position: absolute;
	left: 5px;
	top: 5px;
	width: 10%;
	margin-left: 0%;
	}

#link-up {
	position: absolute;
	left: 93%;
	right: 2em;
	top: 0.3em;
	}

#link-top {
	position: absolute;
	left: 89%;
	right: 4em;
	top: 0.3em;
	}
	
.popup {
	display: block;
	visibility: hidden;
	float: right;
	position: absolute;
	top: 5px;
	left: -200px;
	z-index: 1;
	padding: 0.3em;
	width: 220px;
	}

.note {
	position: relative;
	}

.post {
	/*margin-left: 5%;*/
	padding-top: 1em;
	}
	
.example, .sidebar {
  /*margin-left: 5%;*/
  margin-top: 1em;
  margin-bottom: 1em;
  }

/*pre {
	padding-left: 5%;
	margin-left: 5%;
	}*/

/*dd pre, li pre {
	padding-left: 5%;
	}*/

/* fonts */
/* Oxygen  */
body, table {
    font-family:arial, helvetica, sans-serif;
    font-size:12px;
}
/* Oxygen  */

/*body {
	font-family: Verdana, arial, sans-serif;
	font-size: small;
	}*/	

/*h1, h2, h3, h4, h5, h6 {
	font-family: 'trebuchet MS', arial, sans-serif;
	}*/

h1 {
	font-size: 173%;
	font-weight: bold;
	}

h2 {
	font-size: 144%;
	font-weight: normal;
	}

h3 {
	font-size: 120%;
	font-weight: normal;
	}

h4 {
  font-size: 100%;
  font-weight: bold;
}

dt {
	font-weight: bold;
	}

a:link, a:visited, a:active, a:hover {
	font-weight: bold;
	}

a.offsite:link, a.offsite:visited, a.offsite:active, a.offsite:hover {
	font-weight: normal;
	}

/* suppress the normal italics */
address {
	font-style: normal;
	}

div.example, .sidebar {
  font-family: Verdana, arial, sans-serif;
  font-size: 100%;
  }


.note, .link {
	font-family: Verdana, arial, sans-serif;
	/*font-size: 83%;*/
	}

/*.example, .string, .rtf, .code, pre, code {
	font-family: "Lucida Console", "Courier New", monospace;*/
  /*font-size: 83%;*/
/*	}*/

.boolean {
	font-style: italic;
	}

#colophon, #xml-link {
	font-size: 69%;
	}

.question, .title {
	font-weight: bold;
	}

/* colours */
body {
	background-color: white;
	color: black;
	border: 0px none black;
	}

/* this is to make Navigator fill the entire line */
h1, h2 {
	border: 1px solid white;
	width: auto;
	}

h1 {
	/*background: #606;*/
	/*color: #6F6;*/
	}

h2 {
	color: #606;
	/*background: #CFC;*/
	}

hr {
	color: #606;
	background: white;
	}

img, a:link img, a:visited img, a:hover img, a:active img, #link-up img, #link-top img {
	border: 0px none white;
	background: transparent;
	}

/* OXYGEN */
a, a:visited {
    color:rgb(0, 0, 150);
    background-color:inherit;
    font-weight: bold;
}
a:link, a:visited {
    text-decoration:none; 
}
a:hover {
    text-decoration:underline;
}

/* OXYGEN */

a.img:hover, a.img:active {
	background: transparent;
	}

#colophon, #xml-link, .note {
	color: #666;
	}

#colophon a:link, #colophon a:visited, #colophon a:hover,
#xml-link a:link, #xml-link a:visited, #xml-link a:hover,
.note a:link, .note a:visited, .note a:hover {
	color: #969;
	background: transparent;
	}

#colophon a:hover, #xml-link a:hover, .note a:hover {
	background: #CFC;
	color: #969;
	}

.popup {
	background: white;
	border: 1px solid #606;
	}

.post {
	border-top: 2px solid #606;
	}
	
.example {
  border-top: 2px solid #606;
  border-bottom: 2px solid #606;
  }
  
.sidebar {
  border-top: 2px solid #090;
  border-bottom: 2px solid #090;
  }
  
.rng {
  border-left: 2px solid #666;
  }

.same {
  background-color: rgb(206, 239, 174);
}

.diff {
  background-color: #FCC;
}

.whitespace {
	font-style: italic;
	color: #999;
	background: white;
}

.ignored {
  font-style: italic;
  color: #999;
  background: white;
}

.hit {
}

.missed {
  background-color: #A33;
  color: white;
}

/* text */
ol ol li {
	list-style: lower-alpha;
	}

th {
	text-align: left;
	}

td {
	vertical-align: top;
	}

h1 {
	text-transform: uppercase;
	}

h2, h3 {
	/*text-transform: capitalize;*/
	}

.question {
	text-indent: -33px;
	}

.byline {
	text-align: right;
	}

#link-top, #link-up {
	text-align: right;
	}

a {
	text-decoration: none;
	}

table { width: 85%;
        /* border: collapse; */ }

th { text-align: left; }

.xspec tbody th { font-weight: normal; /*font-size: 0.8em;*/ border-top: 1px #666 solid; }
.xspec tbody td { /*font-size: 0.8em;*/ color: #666; }

.successful.label th, .successful.label td { background-color: #CFC; }
.pending.label th, .pending.label td { background-color: #DDD; color: #666; }
.failed.label th, .failed.label td { background-color: #FCC; }
.error.label th, .error.label td { background-color: #FAA; }
/*body &gt; table tbody .failed.label th:first-child:before {content:url(data:image/png;base64,iVBORw0KGgoAAAANSUhEUgAAAAwAAAAMCAYAAABWdVznAAAAGXRFWHRTb2Z0d2FyZQBBZG9iZSBJbWFnZVJlYWR5ccllPAAAA2ZpVFh0WE1MOmNvbS5hZG9iZS54bXAAAAAAADw/eHBhY2tldCBiZWdpbj0i77u/IiBpZD0iVzVNME1wQ2VoaUh6cmVTek5UY3prYzlkIj8+IDx4OnhtcG1ldGEgeG1sbnM6eD0iYWRvYmU6bnM6bWV0YS8iIHg6eG1wdGs9IkFkb2JlIFhNUCBDb3JlIDUuMy1jMDExIDY2LjE0NTY2MSwgMjAxMi8wMi8wNi0xNDo1NjoyNyAgICAgICAgIj4gPHJkZjpSREYgeG1sbnM6cmRmPSJodHRwOi8vd3d3LnczLm9yZy8xOTk5LzAyLzIyLXJkZi1zeW50YXgtbnMjIj4gPHJkZjpEZXNjcmlwdGlvbiByZGY6YWJvdXQ9IiIgeG1sbnM6eG1wTU09Imh0dHA6Ly9ucy5hZG9iZS5jb20veGFwLzEuMC9tbS8iIHhtbG5zOnN0UmVmPSJodHRwOi8vbnMuYWRvYmUuY29tL3hhcC8xLjAvc1R5cGUvUmVzb3VyY2VSZWYjIiB4bWxuczp4bXA9Imh0dHA6Ly9ucy5hZG9iZS5jb20veGFwLzEuMC8iIHhtcE1NOk9yaWdpbmFsRG9jdW1lbnRJRD0ieG1wLmRpZDpCQjU0NjU4QjIyQTNFMTExQkI5Rjk5QkQ4RkQ5RUJFQiIgeG1wTU06RG9jdW1lbnRJRD0ieG1wLmRpZDpEQTUyOTdBQUEzRDUxMUUxQTQwN0YzMUI0Nzg3NDU1RSIgeG1wTU06SW5zdGFuY2VJRD0ieG1wLmlpZDpEQTUyOTdBOUEzRDUxMUUxQTQwN0YzMUI0Nzg3NDU1RSIgeG1wOkNyZWF0b3JUb29sPSJBZG9iZSBQaG90b3Nob3AgQ1M2IChXaW5kb3dzKSI+IDx4bXBNTTpEZXJpdmVkRnJvbSBzdFJlZjppbnN0YW5jZUlEPSJ4bXAuaWlkOjQ4MTZDRTNCRDVBM0UxMTFBQTI2QTBCMjZENzg1Qzg5IiBzdFJlZjpkb2N1bWVudElEPSJ4bXAuZGlkOkJCNTQ2NThCMjJBM0UxMTFCQjlGOTlCRDhGRDlFQkVCIi8+IDwvcmRmOkRlc2NyaXB0aW9uPiA8L3JkZjpSREY+IDwveDp4bXBtZXRhPiA8P3hwYWNrZXQgZW5kPSJyIj8+aHNJrgAAAZ1JREFUeNpsUssrRGEU/907985YMDPNYlh4hbKZPMdgR3aysrGSSFIeKyUKpewoRTYkmcgCf4MsMI2FPDYGKeUZSoru4/uc82VC+W7fOeee+zvn/M45V1uuyCmVwDogq0hDklD6jy1dspNkdxokVrIzPFUh0/MD5OdXoJDwPFtu3d2ns6TTp9oggTlFZlmN0o4AHMmXfJGo0lmGzoE1OgmNHf5YA8rmN5HfM6wADmUuHphA9cIW/JX1yiek9DIlyijxkNjBzXYche19gNcHzfShoLUdVxtLuD/cYzCoMAzCwqYrhMDx9Chs20JRWzf4nMcXcDI3pYAqQHIAtWUJbpKursMMhpA+RiAEGzpc4X5XkDB4GjaHmiZik/PIa2rBEWVlSuW9Q+T3YndskBi46QpQFcLltchtbEZyZhxna4uKhmV9Ito/gtPNOG4P99WItdlIWARNXWOAv6AEr9cplel7/ggUleDlMqUSvNnCobHKxDsNnqs8XaWUZopp/XhxTkOR+HDVOveYUge9rNLyY9SU9v+vwXuUB2R0fQkwABfn/VKSjTLBAAAAAElFTkSuQmCC) " "}*/
/*body &gt; table tbody .error.label th:first-child:before {content:url(data:image/png;base64,iVBORw0KGgoAAAANSUhEUgAAAAwAAAAMCAYAAABWdVznAAAABmJLR0QAAAAAAAD5Q7t/AAAACXBIWXMAAAsTAAALEwEAmpwYAAAAB3RJTUUH3QcKER4AdkxvvQAAAdVJREFUKM89kM9KG0EAh7/JTHazZInEQwJ68KIWLx6Etj6EjxAobYSsD+BjCJ682EOp0FMueYmS0FMICF4i6tFNzJ/dyRh2Znoo6Xf+Pn7wEzc3Nx/W6/UvY8xJnudkWYa1Fu893nviOCaKIhuG4R/v/Ve1Xq9/bG1tnezs7JDnOVpr3t/fcc4hpaRSqVCpVORqtTp9e3v7rrTWn5vNJpPJhHK5zHg8JssyvPeEYcjR0RFpmlKr1ZjP5x9Li8VCbOR2u83BwQEvLy88PT1xfHzMxcUFQgjSNCXLskDlec5sNuPx8REpJZ1Oh+fnZ4QQnJ+fc319Tb/fZ29vD601SmvNdDplsVhwe3vLaDTi6uoKgCRJGAwGNBoNXl9fMcZQcs5hjGG1WpHnObVajQ3VahWtNcYYjDE451Cb+7z3JElCkiScnZ0hpaTX67G7u0u328V7/y+oVqsIITg8PKTT6dBqtRgOhzjnaLVa3N3dcX9/z3K5JI5jxOXlpSuKQqRpirWWh4eH//Plcpn9/X2cc2xvb1MqlQqllBpYa0/jOGYymdBsNsmyDOccURRRFAX1eh2lFGEY/lZBEHyx1v703n8KgkBEUYSUEu/9RkIIUQRB0A/D8NtflUT+nn4OS+0AAAAASUVORK5CYII=) " "}*/
.failed.label th:first-child:before, .failed.label td:first-child:before {content:url(data:image/png;base64,iVBORw0KGgoAAAANSUhEUgAAAAwAAAAMCAYAAABWdVznAAAAGXRFWHRTb2Z0d2FyZQBBZG9iZSBJbWFnZVJlYWR5ccllPAAAA2ZpVFh0WE1MOmNvbS5hZG9iZS54bXAAAAAAADw/eHBhY2tldCBiZWdpbj0i77u/IiBpZD0iVzVNME1wQ2VoaUh6cmVTek5UY3prYzlkIj8+IDx4OnhtcG1ldGEgeG1sbnM6eD0iYWRvYmU6bnM6bWV0YS8iIHg6eG1wdGs9IkFkb2JlIFhNUCBDb3JlIDUuMy1jMDExIDY2LjE0NTY2MSwgMjAxMi8wMi8wNi0xNDo1NjoyNyAgICAgICAgIj4gPHJkZjpSREYgeG1sbnM6cmRmPSJodHRwOi8vd3d3LnczLm9yZy8xOTk5LzAyLzIyLXJkZi1zeW50YXgtbnMjIj4gPHJkZjpEZXNjcmlwdGlvbiByZGY6YWJvdXQ9IiIgeG1sbnM6eG1wTU09Imh0dHA6Ly9ucy5hZG9iZS5jb20veGFwLzEuMC9tbS8iIHhtbG5zOnN0UmVmPSJodHRwOi8vbnMuYWRvYmUuY29tL3hhcC8xLjAvc1R5cGUvUmVzb3VyY2VSZWYjIiB4bWxuczp4bXA9Imh0dHA6Ly9ucy5hZG9iZS5jb20veGFwLzEuMC8iIHhtcE1NOk9yaWdpbmFsRG9jdW1lbnRJRD0ieG1wLmRpZDpCQjU0NjU4QjIyQTNFMTExQkI5Rjk5QkQ4RkQ5RUJFQiIgeG1wTU06RG9jdW1lbnRJRD0ieG1wLmRpZDpEQTUyOTdBQUEzRDUxMUUxQTQwN0YzMUI0Nzg3NDU1RSIgeG1wTU06SW5zdGFuY2VJRD0ieG1wLmlpZDpEQTUyOTdBOUEzRDUxMUUxQTQwN0YzMUI0Nzg3NDU1RSIgeG1wOkNyZWF0b3JUb29sPSJBZG9iZSBQaG90b3Nob3AgQ1M2IChXaW5kb3dzKSI+IDx4bXBNTTpEZXJpdmVkRnJvbSBzdFJlZjppbnN0YW5jZUlEPSJ4bXAuaWlkOjQ4MTZDRTNCRDVBM0UxMTFBQTI2QTBCMjZENzg1Qzg5IiBzdFJlZjpkb2N1bWVudElEPSJ4bXAuZGlkOkJCNTQ2NThCMjJBM0UxMTFCQjlGOTlCRDhGRDlFQkVCIi8+IDwvcmRmOkRlc2NyaXB0aW9uPiA8L3JkZjpSREY+IDwveDp4bXBtZXRhPiA8P3hwYWNrZXQgZW5kPSJyIj8+aHNJrgAAAZ1JREFUeNpsUssrRGEU/907985YMDPNYlh4hbKZPMdgR3aysrGSSFIeKyUKpewoRTYkmcgCf4MsMI2FPDYGKeUZSoru4/uc82VC+W7fOeee+zvn/M45V1uuyCmVwDogq0hDklD6jy1dspNkdxokVrIzPFUh0/MD5OdXoJDwPFtu3d2ns6TTp9oggTlFZlmN0o4AHMmXfJGo0lmGzoE1OgmNHf5YA8rmN5HfM6wADmUuHphA9cIW/JX1yiek9DIlyijxkNjBzXYche19gNcHzfShoLUdVxtLuD/cYzCoMAzCwqYrhMDx9Chs20JRWzf4nMcXcDI3pYAqQHIAtWUJbpKursMMhpA+RiAEGzpc4X5XkDB4GjaHmiZik/PIa2rBEWVlSuW9Q+T3YndskBi46QpQFcLltchtbEZyZhxna4uKhmV9Ito/gtPNOG4P99WItdlIWARNXWOAv6AEr9cplel7/ggUleDlMqUSvNnCobHKxDsNnqs8XaWUZopp/XhxTkOR+HDVOveYUge9rNLyY9SU9v+vwXuUB2R0fQkwABfn/VKSjTLBAAAAAElFTkSuQmCC) " "}
.error.label th:first-child:before, .error.label td:first-child:before {content:url(data:image/png;base64,iVBORw0KGgoAAAANSUhEUgAAAAwAAAAMCAYAAABWdVznAAAABmJLR0QAAAAAAAD5Q7t/AAAACXBIWXMAAAsTAAALEwEAmpwYAAAAB3RJTUUH3QcKER4AdkxvvQAAAdVJREFUKM89kM9KG0EAh7/JTHazZInEQwJ68KIWLx6Etj6EjxAobYSsD+BjCJ682EOp0FMueYmS0FMICF4i6tFNzJ/dyRh2Znoo6Xf+Pn7wEzc3Nx/W6/UvY8xJnudkWYa1Fu893nviOCaKIhuG4R/v/Ve1Xq9/bG1tnezs7JDnOVpr3t/fcc4hpaRSqVCpVORqtTp9e3v7rrTWn5vNJpPJhHK5zHg8JssyvPeEYcjR0RFpmlKr1ZjP5x9Li8VCbOR2u83BwQEvLy88PT1xfHzMxcUFQgjSNCXLskDlec5sNuPx8REpJZ1Oh+fnZ4QQnJ+fc319Tb/fZ29vD601SmvNdDplsVhwe3vLaDTi6uoKgCRJGAwGNBoNXl9fMcZQcs5hjGG1WpHnObVajQ3VahWtNcYYjDE451Cb+7z3JElCkiScnZ0hpaTX67G7u0u328V7/y+oVqsIITg8PKTT6dBqtRgOhzjnaLVa3N3dcX9/z3K5JI5jxOXlpSuKQqRpirWWh4eH//Plcpn9/X2cc2xvb1MqlQqllBpYa0/jOGYymdBsNsmyDOccURRRFAX1eh2lFGEY/lZBEHyx1v703n8KgkBEUYSUEu/9RkIIUQRB0A/D8NtflUT+nn4OS+0AAAAASUVORK5CYII=) " "}
.pending.label th:first-child:before, .pending.label td:first-child:before {content:url(data:image/png;base64,iVBORw0KGgoAAAANSUhEUgAAAAwAAAAMCAYAAABWdVznAAAAGXRFWHRTb2Z0d2FyZQBBZG9iZSBJbWFnZVJlYWR5ccllPAAAA2ZpVFh0WE1MOmNvbS5hZG9iZS54bXAAAAAAADw/eHBhY2tldCBiZWdpbj0i77u/IiBpZD0iVzVNME1wQ2VoaUh6cmVTek5UY3prYzlkIj8+IDx4OnhtcG1ldGEgeG1sbnM6eD0iYWRvYmU6bnM6bWV0YS8iIHg6eG1wdGs9IkFkb2JlIFhNUCBDb3JlIDUuMy1jMDExIDY2LjE0NTY2MSwgMjAxMi8wMi8wNi0xNDo1NjoyNyAgICAgICAgIj4gPHJkZjpSREYgeG1sbnM6cmRmPSJodHRwOi8vd3d3LnczLm9yZy8xOTk5LzAyLzIyLXJkZi1zeW50YXgtbnMjIj4gPHJkZjpEZXNjcmlwdGlvbiByZGY6YWJvdXQ9IiIgeG1sbnM6eG1wTU09Imh0dHA6Ly9ucy5hZG9iZS5jb20veGFwLzEuMC9tbS8iIHhtbG5zOnN0UmVmPSJodHRwOi8vbnMuYWRvYmUuY29tL3hhcC8xLjAvc1R5cGUvUmVzb3VyY2VSZWYjIiB4bWxuczp4bXA9Imh0dHA6Ly9ucy5hZG9iZS5jb20veGFwLzEuMC8iIHhtcE1NOk9yaWdpbmFsRG9jdW1lbnRJRD0ieG1wLmRpZDpCQjU0NjU4QjIyQTNFMTExQkI5Rjk5QkQ4RkQ5RUJFQiIgeG1wTU06RG9jdW1lbnRJRD0ieG1wLmRpZDpDODdDM0Y0QUEzRDUxMUUxQjk5N0MzQjVFRDMyQUE1MiIgeG1wTU06SW5zdGFuY2VJRD0ieG1wLmlpZDpDODdDM0Y0OUEzRDUxMUUxQjk5N0MzQjVFRDMyQUE1MiIgeG1wOkNyZWF0b3JUb29sPSJBZG9iZSBQaG90b3Nob3AgQ1M2IChXaW5kb3dzKSI+IDx4bXBNTTpEZXJpdmVkRnJvbSBzdFJlZjppbnN0YW5jZUlEPSJ4bXAuaWlkOjQ4MTZDRTNCRDVBM0UxMTFBQTI2QTBCMjZENzg1Qzg5IiBzdFJlZjpkb2N1bWVudElEPSJ4bXAuZGlkOkJCNTQ2NThCMjJBM0UxMTFCQjlGOTlCRDhGRDlFQkVCIi8+IDwvcmRmOkRlc2NyaXB0aW9uPiA8L3JkZjpSREY+IDwveDp4bXBtZXRhPiA8P3hwYWNrZXQgZW5kPSJyIj8+yj6RYgAAAPZJREFUeNp0kM8KgkAQxmc1E0Wfo3vQn5eRSDx4EUHwbTpEhx4lil7DiydBQUFXp5nAMNsGhpnd/X77za4Iw3CFiFcAWFMFDkXtKZ/UHhfUnB3HWdu2/REpAL2u631ZlicGdpZlwTAMSmBM0zS5bhgQLB5FU3AOUS4XvNn3vVKgAACCIMA0TbFpGsyyDJMkefdFUWAcx1hVFeZ5jlEUoed5qPEI7KDrOhiG8e6llNC27Zcz77FW+L6Pruv+WKtGIzfgR39umv/UHOJgAMlO/BPOXCQDD5p3r2ma8lvHNU9BcWPg0HXdhRZbOhRT8aSXVO9U/ZcAAwAsmjsSQcM0lwAAAABJRU5ErkJggg==) " ";}
.successful.label th:first-child:before, .successful.label td:first-child:before {content:url(data:image/png;base64,iVBORw0KGgoAAAANSUhEUgAAAAwAAAAMCAYAAABWdVznAAAAGXRFWHRTb2Z0d2FyZQBBZG9iZSBJbWFnZVJlYWR5ccllPAAAA2ZpVFh0WE1MOmNvbS5hZG9iZS54bXAAAAAAADw/eHBhY2tldCBiZWdpbj0i77u/IiBpZD0iVzVNME1wQ2VoaUh6cmVTek5UY3prYzlkIj8+IDx4OnhtcG1ldGEgeG1sbnM6eD0iYWRvYmU6bnM6bWV0YS8iIHg6eG1wdGs9IkFkb2JlIFhNUCBDb3JlIDUuMy1jMDExIDY2LjE0NTY2MSwgMjAxMi8wMi8wNi0xNDo1NjoyNyAgICAgICAgIj4gPHJkZjpSREYgeG1sbnM6cmRmPSJodHRwOi8vd3d3LnczLm9yZy8xOTk5LzAyLzIyLXJkZi1zeW50YXgtbnMjIj4gPHJkZjpEZXNjcmlwdGlvbiByZGY6YWJvdXQ9IiIgeG1sbnM6eG1wTU09Imh0dHA6Ly9ucy5hZG9iZS5jb20veGFwLzEuMC9tbS8iIHhtbG5zOnN0UmVmPSJodHRwOi8vbnMuYWRvYmUuY29tL3hhcC8xLjAvc1R5cGUvUmVzb3VyY2VSZWYjIiB4bWxuczp4bXA9Imh0dHA6Ly9ucy5hZG9iZS5jb20veGFwLzEuMC8iIHhtcE1NOk9yaWdpbmFsRG9jdW1lbnRJRD0ieG1wLmRpZDpCQjU0NjU4QjIyQTNFMTExQkI5Rjk5QkQ4RkQ5RUJFQiIgeG1wTU06RG9jdW1lbnRJRD0ieG1wLmRpZDpEMDVBNThBQUEzRDUxMUUxQjdCQkM2QUNBMTNBMDExNiIgeG1wTU06SW5zdGFuY2VJRD0ieG1wLmlpZDpEMDVBNThBOUEzRDUxMUUxQjdCQkM2QUNBMTNBMDExNiIgeG1wOkNyZWF0b3JUb29sPSJBZG9iZSBQaG90b3Nob3AgQ1M2IChXaW5kb3dzKSI+IDx4bXBNTTpEZXJpdmVkRnJvbSBzdFJlZjppbnN0YW5jZUlEPSJ4bXAuaWlkOjQ4MTZDRTNCRDVBM0UxMTFBQTI2QTBCMjZENzg1Qzg5IiBzdFJlZjpkb2N1bWVudElEPSJ4bXAuZGlkOkJCNTQ2NThCMjJBM0UxMTFCQjlGOTlCRDhGRDlFQkVCIi8+IDwvcmRmOkRlc2NyaXB0aW9uPiA8L3JkZjpSREY+IDwveDp4bXBtZXRhPiA8P3hwYWNrZXQgZW5kPSJyIj8+xJ3YrgAAAYBJREFUeNpsUrtKA1EQPZtdY4gEQiD4QCsLEVGX4CP4AykEq1hYiGghCDZ+gBZWVtrZ+EAjaGOhfoAkNiaKhYWICilMEQNqoYjZ5O4d5+6ucQuLM3funDNzD7OrLe229YBwSKAEnyAP/pyIbL5fcz5rcNiLtuqJSEz3ickn5ruE/vFmJ9/LYjvAldGWqA7bJkgPtoAHQrS5G6NdiwhFWCoxHOCgKUL+iurkCBVawyamE8d4qmSZ51clBZUlh+RG14JzEsJNcaTNLVwWd1B6vXXqkmGoYNeVUPnW3JNr4+YarPoncvebEAKNekAlokaY6N/A1NA+SBgY6Eijtz2Fs5sVWNWawysorWNJsO+q9QWzaxLTYwfojA3isZzDfSnrWvTsNiyp7pOrZURC7ejrTDEpcVpY9ab+NSioLZEiapZA5nwBxZcC8g9HeK7ccYM7TDnwmoU2vx6/NIJaUjc0b0u8YvJNle5HdJvlhbI0Y31ThqsjTGr0/+8hOOQ5nfsRYACtHiy+FDd82wAAAABJRU5ErkJggg==) " "}
/*.successful.label a:before {content:url(data:image/png;base64,iVBORw0KGgoAAAANSUhEUgAAAAwAAAAMCAYAAABWdVznAAAAGXRFWHRTb2Z0d2FyZQBBZG9iZSBJbWFnZVJlYWR5ccllPAAAA2ZpVFh0WE1MOmNvbS5hZG9iZS54bXAAAAAAADw/eHBhY2tldCBiZWdpbj0i77u/IiBpZD0iVzVNME1wQ2VoaUh6cmVTek5UY3prYzlkIj8+IDx4OnhtcG1ldGEgeG1sbnM6eD0iYWRvYmU6bnM6bWV0YS8iIHg6eG1wdGs9IkFkb2JlIFhNUCBDb3JlIDUuMy1jMDExIDY2LjE0NTY2MSwgMjAxMi8wMi8wNi0xNDo1NjoyNyAgICAgICAgIj4gPHJkZjpSREYgeG1sbnM6cmRmPSJodHRwOi8vd3d3LnczLm9yZy8xOTk5LzAyLzIyLXJkZi1zeW50YXgtbnMjIj4gPHJkZjpEZXNjcmlwdGlvbiByZGY6YWJvdXQ9IiIgeG1sbnM6eG1wTU09Imh0dHA6Ly9ucy5hZG9iZS5jb20veGFwLzEuMC9tbS8iIHhtbG5zOnN0UmVmPSJodHRwOi8vbnMuYWRvYmUuY29tL3hhcC8xLjAvc1R5cGUvUmVzb3VyY2VSZWYjIiB4bWxuczp4bXA9Imh0dHA6Ly9ucy5hZG9iZS5jb20veGFwLzEuMC8iIHhtcE1NOk9yaWdpbmFsRG9jdW1lbnRJRD0ieG1wLmRpZDpCQjU0NjU4QjIyQTNFMTExQkI5Rjk5QkQ4RkQ5RUJFQiIgeG1wTU06RG9jdW1lbnRJRD0ieG1wLmRpZDpEMDVBNThBQUEzRDUxMUUxQjdCQkM2QUNBMTNBMDExNiIgeG1wTU06SW5zdGFuY2VJRD0ieG1wLmlpZDpEMDVBNThBOUEzRDUxMUUxQjdCQkM2QUNBMTNBMDExNiIgeG1wOkNyZWF0b3JUb29sPSJBZG9iZSBQaG90b3Nob3AgQ1M2IChXaW5kb3dzKSI+IDx4bXBNTTpEZXJpdmVkRnJvbSBzdFJlZjppbnN0YW5jZUlEPSJ4bXAuaWlkOjQ4MTZDRTNCRDVBM0UxMTFBQTI2QTBCMjZENzg1Qzg5IiBzdFJlZjpkb2N1bWVudElEPSJ4bXAuZGlkOkJCNTQ2NThCMjJBM0UxMTFCQjlGOTlCRDhGRDlFQkVCIi8+IDwvcmRmOkRlc2NyaXB0aW9uPiA8L3JkZjpSREY+IDwveDp4bXBtZXRhPiA8P3hwYWNrZXQgZW5kPSJyIj8+xJ3YrgAAAYBJREFUeNpsUrtKA1EQPZtdY4gEQiD4QCsLEVGX4CP4AykEq1hYiGghCDZ+gBZWVtrZ+EAjaGOhfoAkNiaKhYWICilMEQNqoYjZ5O4d5+6ucQuLM3funDNzD7OrLe229YBwSKAEnyAP/pyIbL5fcz5rcNiLtuqJSEz3ickn5ruE/vFmJ9/LYjvAldGWqA7bJkgPtoAHQrS5G6NdiwhFWCoxHOCgKUL+iurkCBVawyamE8d4qmSZ51clBZUlh+RG14JzEsJNcaTNLVwWd1B6vXXqkmGoYNeVUPnW3JNr4+YarPoncvebEAKNekAlokaY6N/A1NA+SBgY6Eijtz2Fs5sVWNWawysorWNJsO+q9QWzaxLTYwfojA3isZzDfSnrWvTsNiyp7pOrZURC7ejrTDEpcVpY9ab+NSioLZEiapZA5nwBxZcC8g9HeK7ccYM7TDnwmoU2vx6/NIJaUjc0b0u8YvJNle5HdJvlhbI0Y31ThqsjTGr0/+8hOOQ5nfsRYACtHiy+FDd82wAAAABJRU5ErkJggg==) " "}*/

.xspecResult { width: 90%; table-layout: fixed; }

.xspecResult td,
.xspecResult th { width: 50%; }

/*.xspecResult pre { 
  margin-left: 0; 
  padding: 0.5em; 
  overflow: auto; 
  border: 1px #999 dotted;
}*/

span.scenario-totals {float: right; width: 14.5%; text-align: left}

/* OXYGEN */
span.scenario-totals {float: right; width: 34.5%; text-align: right}

h2.failed {
    background-color: #FCC;
}

h1, h2 {
    width: 86%;
    /*margin-left: 3%;*/
    
    font-size:1.4em;
    font-weight:bold;
    text-align:left;
    margin-top:1.4em;
    margin-bottom:0.7em;
    color:#333333;
    background-color:inherit;
}

h1 {
    font-size:1.7em;
}

body &gt; h1:first-child:before {
    content:"XSLT UNIT ";
}

body &gt; h2:first-of-type {
    font-size:1.7em;
}

div &gt; table &gt; tbody &gt; tr &gt; th:first-child {
    font-weight:bold;
}

div &gt; h3 {
    font-weight:bold;
    /*margin-left: 3%;*/
}

div &gt; h4 {
    font-weight:normal;
    /*margin-left: 4%;*/
}

th.result { text-align: center; }
/* OXYGEN */


/* ------------------------------------------------------------------------ */
/*  DO NOT ALTER OR REMOVE COPYRIGHT NOTICES OR THIS COMMENT.               */
/*                                                                          */
/*  Copyright (c) 2008, 2010 Jeni Tennsion                                  */
/*                                                                          */
/*  The contents of this file are subject to the MIT License (see the URI   */
/*  http://www.opensource.org/licenses/mit-license.php for details).        */
/*                                                                          */
/*  Permission is hereby granted, free of charge, to any person obtaining   */
/*  a copy of this software and associated documentation files (the         */
/*  "Software"), to deal in the Software without restriction, including     */
/*  without limitation the rights to use, copy, modify, merge, publish,     */
/*  distribute, sublicense, and/or sell copies of the Software, and to      */
/*  permit persons to whom the Software is furnished to do so, subject to   */
/*  the following conditions:                                               */
/*                                                                          */
/*  The above copyright notice and this permission notice shall be          */
/*  included in all copies or substantial portions of the Software.         */
/*                                                                          */
/*  THE SOFTWARE IS PROVIDED "AS IS", WITHOUT WARRANTY OF ANY KIND,         */
/*  EXPRESS OR IMPLIED, INCLUDING BUT NOT LIMITED TO THE WARRANTIES OF      */
/*  MERCHANTABILITY, FITNESS FOR A PARTICULAR PURPOSE AND NONINFRINGEMENT.  */
/*  IN NO EVENT SHALL THE AUTHORS OR COPYRIGHT HOLDERS BE LIABLE FOR ANY    */
/*  CLAIM, DAMAGES OR OTHER LIABILITY, WHETHER IN AN ACTION OF CONTRACT,    */
/*  TORT OR OTHERWISE, ARISING FROM, OUT OF OR IN CONNECTION WITH THE       */
/*  SOFTWARE OR THE USE OR OTHER DEALINGS IN THE SOFTWARE.                  */
/* ------------------------------------------------------------------------ */

.nobr { white-space: nowrap; }
.scenario-label { text-indent: 0px; }
.context-label { text-indent: 10px; }
.test-label { text-indent: 20px; }
.pending-label { text-indent: 30px; }


        /**/</style>
    </head><body><h1>Test Report</h1><p>Script: <a href="file:/home/jostein/xprocspec/xprocspec/src/test/xprocspec/tests/scenario-1.xprocspec">file:/home/jostein/xprocspec/xprocspec/src/test/xprocspec/tests/scenario-1.xprocspec</a></p><p>Tested: 2013-12-02T14:36:04.566+01:00</p><h2>Contents</h2><table class="xspec"><col width="75%"/><col width="5%"/><col width="5%"/><col width="5%"/><col width="5%"/><col width="5%"/><thead><tr><th/><th class="result">passed:2</th><th class="result">pending:1</th><th class="result">failed:0</th><th class="result">errors:0</th><th class="result">total:3</th></tr></thead><tbody><tr class="successful label"><th><a href="#step1">ex:identity</a></th><th class="result">2</th><th class="result">0</th><th class="result">0</th><th class="result">0</th><th class="result">2</th></tr><tr class="pending label"><th><a href="#pending-1">Not calling: file:/home/jostein/xprocspec/xprocspec/src/test/xprocspec/steps/identity.xpl</a></th><th class="result">0</th><th class="result">1</th><th class="result">0</th><th class="result">0</th><th class="result">1</th></tr></tbody></table><div id="step1"><h2 class="successful">Calling: <a href="file:/home/jostein/xprocspec/xprocspec/src/test/xprocspec/steps/identity.xpl">ex:identity</a><span class="scenario-totals">passed:2 / pending:0 /
                                        failed:0 / errors:0 / total:2</span></h2><table class="xspec"><col width="80%"/><col width="20%"/><tbody><tr class="successful label"><th class="scenario-label">identity</th><th class="nobr">passed:2 / pending:0 / failed:0 / errors:0 / total:2</th></tr><tr class="successful label"><th class="context-label">errors</th><th class="nobr">passed:1 / pending:0 / failed:0 / errors:0 / total:1</th></tr><tr class="successful label"><td class="test-label">the step should execute successfully without throwing any errors</td><td>Success</td></tr><tr class="successful label"><th class="context-label">the results</th><th class="nobr">passed:1 / pending:0 / failed:0 / errors:0 / total:1</th></tr><tr class="successful label"><td class="test-label">the option 'option' should have the value 'option-value'</td><td>Success</td></tr></tbody></table></div><div id="pending-1"><h2 class="pending">Not calling: <a href="file:/home/jostein/xprocspec/xprocspec/src/test/xprocspec/steps/identity.xpl">file:/home/jostein/xprocspec/xprocspec/src/test/xprocspec/steps/identity.xpl</a><span class="scenario-totals">passed:0 / pending:1 / failed:0 /
                                    errors:0 / total:1</span></h2><table class="xspec"><col width="80%"/><col width="20%"/><tbody><tr class="pending label"><th class="scenario-label">pending scenario</th><th class="nobr">passed:0 / pending:1 / failed:0 / errors:0 / total:1</th></tr><tr class="pending"><td>Not implemented</td><td>Pending</td></tr></tbody></table></div><h2>Execution log</h2><table><thead><tr><th>Time</th><th>Severity</th><th>Message</th></tr></thead><tbody><tr style=""><td>0.000</td><td style="padding-left:0%;">INFO</td><td><code><pre>#### file:/home/jostein/xprocspec/xprocspec/src/test/xprocspec/tests/scenario-1.xprocspec ####</pre></code></td></tr><tr style=""><td>0.005</td><td style="padding-left:0%;">INFO</td><td><code><pre> * temporary directory: file:/tmp/xprocspec-20131202143557583/</pre></code></td></tr><tr style=""><td>0.010</td><td style="padding-left:0%;">INFO</td><td><code><pre>preprocessing...</pre></code></td></tr><tr style=""><td>0.025</td><td style="padding-left:0%;">INFO</td><td><code><pre> * checking for imports</pre></code></td></tr><tr style=""><td>0.032</td><td style="padding-left:0%;">INFO</td><td><code><pre> * checking file:/home/jostein/xprocspec/xprocspec/src/test/xprocspec/tests/scenario-1.xprocspec for imports</pre></code></td></tr><tr style=""><td>0.037</td><td style="padding-left:0%;">INFO</td><td><code><pre> * extracting step declarations from file:/home/jostein/xprocspec/xprocspec/src/test/xprocspec/steps/identity.xpl</pre></code></td></tr><tr style=""><td>0.043</td><td style="padding-left:0%;">INFO</td><td><code><pre> * tests reference 1 step</pre></code></td></tr><tr style=""><td>0.049</td><td style="padding-left:0%;">INFO</td><td><code><pre>   * step: e:identity</pre></code></td></tr><tr style=""><td>0.054</td><td style="padding-left:0%;">INFO</td><td><code><pre> * trying to load: file:/home/jostein/xprocspec/xprocspec/src/test/xprocspec/steps/identity.xpl</pre></code></td></tr><tr style=""><td>0.061</td><td style="padding-left:0%;">INFO</td><td><code><pre>   * success!</pre></code></td></tr><tr style=""><td>0.069</td><td style="padding-left:0%;">INFO</td><td><code><pre> * trying to extract the step declaration for {http://example.net/ns}identity from file:/home/jostein/xprocspec/xprocspec/src/test/xprocspec/steps/identity.xpl</pre></code></td></tr><tr style=""><td>0.082</td><td style="padding-left:0%;">INFO</td><td><code><pre> * creating a new x:description document for each x:scenario element with inferred inputs, options and parameters</pre></code></td></tr><tr style=""><td>0.098</td><td style="padding-left:0%;">INFO</td><td><code><pre> * validating output grammar</pre></code></td></tr><tr style=""><td>0.106</td><td style="padding-left:0%;">INFO</td><td><code><pre> * validating output grammar</pre></code></td></tr><tr style=""><td>0.112</td><td style="padding-left:0%;">INFO</td><td><code><pre>compiling...</pre></code></td></tr><tr style=""><td>0.120</td><td style="padding-left:0%;">INFO</td><td><code><pre> * created directory using Calabash's cxf:mkdir</pre></code></td></tr><tr style=""><td>0.126</td><td style="padding-left:0%;">INFO</td><td><code><pre> * converting test 'test1' to XProc</pre></code></td></tr><tr style=""><td>0.141</td><td style="padding-left:0%;">INFO</td><td><code><pre>   * done</pre></code></td></tr><tr style=""><td>0.148</td><td style="padding-left:0%;">INFO</td><td><code><pre> * validating output grammar for file:/home/jostein/xprocspec/xprocspec/src/test/xprocspec/tests/scenario-1.xprocspec</pre></code></td></tr><tr style=""><td>0.155</td><td style="padding-left:0%;">INFO</td><td><code><pre>   * done!</pre></code></td></tr><tr style=""><td>0.163</td><td style="padding-left:0%;">INFO</td><td><code><pre> * converting test 'test2' to XProc</pre></code></td></tr><tr style=""><td>0.175</td><td style="padding-left:0%;">INFO</td><td><code><pre>   * done</pre></code></td></tr><tr style=""><td>0.181</td><td style="padding-left:0%;">INFO</td><td><code><pre> * validating output grammar for file:/home/jostein/xprocspec/xprocspec/src/test/xprocspec/tests/scenario-1.xprocspec</pre></code></td></tr><tr style=""><td>0.188</td><td style="padding-left:0%;">INFO</td><td><code><pre>   * done!</pre></code></td></tr><tr style=""><td>0.194</td><td style="padding-left:0%;">INFO</td><td><code><pre> * using as temporary directory: file:/tmp/xprocspec-20131202143557583/xprocspec-20131202143604139/</pre></code></td></tr><tr style=""><td>0.201</td><td style="padding-left:0%;">INFO</td><td><code><pre>storing...</pre></code></td></tr><tr style=""><td>0.211</td><td style="padding-left:0%;">INFO</td><td><code><pre>running...</pre></code></td></tr><tr style=""><td>0.219</td><td style="padding-left:0%;">INFO</td><td><code><pre>   * loading 'file:/tmp/xprocspec-20131202143557583/test1.xpl'</pre></code></td></tr><tr style=""><td>0.277</td><td style="padding-left:0%;">INFO</td><td><code><pre>   * loading 'file:/tmp/xprocspec-20131202143557583/test2.xpl'</pre></code></td></tr><tr style=""><td>0.317</td><td style="padding-left:0%;">INFO</td><td><code><pre>evaluating...</pre></code></td></tr><tr style=""><td>0.330</td><td style="padding-left:0%;">INFO</td><td><code><pre> * evaluating scenario 'identity' (file:/home/jostein/xprocspec/xprocspec/src/test/xprocspec/tests/scenario-1.xprocspec)</pre></code></td></tr><tr style=""><td>0.337</td><td style="padding-left:0%;">INFO</td><td><code><pre>   * resolving x:document elements...</pre></code></td></tr><tr style=""><td>0.347</td><td style="padding-left:0%;">INFO</td><td><code><pre>    * no errors occured</pre></code></td></tr><tr style=""><td>0.381</td><td style="padding-left:0%;">INFO</td><td><code><pre>   * grouping x:expect elements with their x:context...</pre></code></td></tr><tr style=""><td>0.390</td><td style="padding-left:0%;">INFO</td><td><code><pre>   * evaluating each context/expect group...</pre></code></td></tr><tr style=""><td>0.398</td><td style="padding-left:0%;">INFO</td><td><code><pre>     * setting context to 'errors'</pre></code></td></tr><tr style=""><td>0.405</td><td style="padding-left:0%;">INFO</td><td><code><pre>       * testing assertion 'the step should execute successfully without throwing any errors'</pre></code></td></tr><tr style=""><td>0.412</td><td style="padding-left:0%;">INFO</td><td><code><pre>         * is document count assertion</pre></code></td></tr><tr style=""><td>0.420</td><td style="padding-left:0%;">INFO</td><td><code><pre>         * assertion passed</pre></code></td></tr><tr style=""><td>0.430</td><td style="padding-left:0%;">INFO</td><td><code><pre>     * setting context to 'the results'</pre></code></td></tr><tr style=""><td>0.438</td><td style="padding-left:0%;">INFO</td><td><code><pre>       * testing assertion 'the option 'option' should have the value 'option-value''</pre></code></td></tr><tr style=""><td>0.448</td><td style="padding-left:0%;">INFO</td><td><code><pre>         * is xpath assertion</pre></code></td></tr><tr style=""><td>0.466</td><td style="padding-left:0%;">INFO</td><td><code><pre> * skipping scenario 'pending scenario' (file:/home/jostein/xprocspec/xprocspec/src/test/xprocspec/tests/scenario-1.xprocspec)</pre></code></td></tr><tr style=""><td>0.476</td><td style="padding-left:0%;">INFO</td><td><code><pre>reporting...</pre></code></td></tr></tbody></table><link rel="stylesheet" href="http://yandex.st/highlightjs/7.3/styles/default.min.css"/><script type="text/javascript" src="http://yandex.st/highlightjs/7.3/highlight.min.js" xml:space="preserve"> </script><script type="text/javascript">hljs.initHighlightingOnLoad();</script></body></html></x:document></x:output><x:output port="junit"><x:document xml:base="file:/home/jostein/xprocspec/xprocspec/src/main/resources/content/xml/xproc/report/report.xpl" xml:space="preserve" type="inline"><testsuites tests="3" failures="0" time="0.484" errors="0" name="scenario1"><testsuite timestamp="2013-12-02T13:36:04.516Z" hostname="localhost" tests="2" errors="0" failures="0" skipped="0" id="d13792e1" name="identity" package="http://example.net/ns" time="0.008">
<properties>

<property name="option: option" value="option-value"/>
<property name="option: option.required" value="option.required-value"/>

</properties>
<testcase name="theStepShouldExecuteSuccessfullyWithoutThrowingAnyErrors" classname="identity" assertions="1" time="0" status="SUCCESS"><system-out>the step should execute successfully without throwing any errors: SUCCESS</system-out>
<system-err/></testcase><testcase name="theOptionOptionShouldHaveTheValueOptionvalue" classname="identity" assertions="1" time="0" status="SUCCESS"><system-out>the option 'option' should have the value 'option-value': SUCCESS</system-out>
<system-err/></testcase></testsuite><testsuite timestamp="2013-12-02T13:36:04.524Z" hostname="localhost" tests="1" errors="0" failures="0" skipped="1" id="d13800e1" name="pendingScenario" time="0.001">
<properties>


</properties>
<testcase name="pendingScenario-pendingScenario" classname="pendingScenario" assertions="1" time="0"><skipped type="xprocspec.skip" message="Not implemented">Not implemented</skipped><system-out>pending scenario: SKIPPED</system-out></testcase></testsuite></testsuites></x:document></x:output><x:test-result type="count" label="the step should execute successfully without throwing any errors" max="0" contextref="errors" result="passed">
                                                        <x:expected>At most 0 documents.</x:expected>
                                                    <x:was>0</x:was></x:test-result><x:test-result label="there should be at least one test, and none of the tests should fail" type="xpath" test="not(/*/@tests='0') and /*/@failures='0' and /*/@errors='0'" contextref="context4" result="passed"><x:expected xml:space="preserve">XPath: true()
Value: true</x:expected><x:was xml:space="preserve">XPath: not(/*/@tests='0') and /*/@failures='0' and /*/@errors='0'
Value: true</x:was></x:test-result><x:test-result label="there should be a skipped test" type="xpath" test="/*/*/@skipped='1'" contextref="context4" result="passed"><x:expected xml:space="preserve">XPath: true()
Value: true</x:expected><x:was xml:space="preserve">XPath: /*/*/@skipped='1'
Value: true</x:was></x:test-result></x:description><x:description xmlns:cx="http://xmlcalabash.com/ns/extensions" xmlns:c="http://www.w3.org/ns/xproc-step" xml:base="file:/home/jostein/xprocspec/xprocspec/src/test/xprocspec/test.xprocspec" test-base-uri="file:/home/jostein/xprocspec/xprocspec/src/test/xprocspec/test.xprocspec" script="file:/home/jostein/xprocspec/xprocspec/src/main/resources/content/xml/xproc/xprocspec.xpl" test-grammar="xprocspec" temp-dir="file:/tmp/xprocspec-20131202143557583/"><x:step-declaration><p:declare-step xmlns:p="http://www.w3.org/ns/xproc" xmlns:px="http://www.daisy.org/ns/xprocspec" xmlns:pxi="http://www.daisy.org/ns/xprocspec/xproc-internal/" xmlns:pkg="http://expath.org/ns/pkg" type="px:xprocspec" name="main" version="1.0" xpath-version="2.0" pkg:import-uri="http://www.daisy.org/ns/xprocspec/xprocspec.xpl" x:type="{http://www.daisy.org/ns/xprocspec}xprocspec"><p:input port="source" kind="document" sequence="false" primary="true"/><p:output port="result" kind="document" sequence="false" primary="false"><p:pipe port="result" step="report"/></p:output><p:output port="html" kind="document" sequence="false" primary="false"><p:pipe port="html" step="report"/></p:output><p:output port="junit" kind="document" sequence="false" primary="false"><p:pipe port="junit" step="report"/></p:output><p:option name="temp-dir" select="'file:/tmp/'"/><p:option name="step-available-rng" select="'false'"/></p:declare-step></x:step-declaration><x:scenario end-time="2013-12-02T13:36:06.036Z" label="the scenario element - with two child scenarios, one of which has another child scenario" start-time="2013-12-02T13:36:04.896Z"><x:call x:type="{http://www.daisy.org/ns/xprocspec}xprocspec" step="x:xprocspec"><x:option select="$temp-dir" name="temp-dir" value="file:/tmp/xprocspec-20131202143557583/"/><x:input port="source">
                    <x:document xml:base="file:/home/jostein/xprocspec/xprocspec/src/test/xprocspec/test.xprocspec" xml:space="preserve" type="inline"><?xml-model href="http://www.daisy.org/ns/xprocspec/xprocspec.rng" type="application/xml" schematypens="http://relaxng.org/ns/structure/1.0"?><x:description xmlns:e="http://example.net/ns" script="../steps/identity.xpl">
    
    <x:scenario label="parent">
        <x:call step="e:identity">
            <x:option name="option" select="'option-value'"/>
            <x:option name="option.required" select="'option.required-value'"/>
        </x:call>
        
        <x:scenario label="child 1">
            <x:call/>
            <x:context label="the results">
                <x:document type="port" port="options"/>
            </x:context>
            <x:expect type="xpath" label="the option 'option' should have the value 'option-value'" test="/*/*[@name='option']/@value='option-value'"/>
        </x:scenario>
        
        <x:scenario label="child 2">
            <x:call/>
            
            <x:scenario label="child 2.a">
                <x:call/>
                <x:context label="the results">
                    <x:document type="port" port="options"/>
                </x:context>
                <x:expect type="xpath" label="the option 'option' should have the value 'option-value'" test="/*/*[@name='option']/@value='option-value'"/>
            </x:scenario>
            
            <x:scenario label="child 2.b">
                <x:call/>
                <x:context label="the results">
                    <x:document type="port" port="options"/>
                </x:context>
                <x:expect type="xpath" label="the option 'option' should have the value 'option-value'" test="/*/*[@name='option']/@value='option-value'"/>
            </x:scenario>
        </x:scenario>
        
    </x:scenario>
    
</x:description></x:document>
                </x:input></x:call>
                                                <x:context label="errors" id="errors">
                                                    
                                                </x:context>
                                            
                                                <x:expect type="count" label="the step should execute successfully without throwing any errors" max="0" contextref="errors"/>
                                            <x:context label="the junit output port" id="context5">
                <x:document xml:base="file:/home/jostein/xprocspec/xprocspec/src/main/resources/content/xml/xproc/report/report.xpl" xml:space="preserve" type="inline"><testsuites tests="6" failures="0" time="0.962" errors="0" name="scenario2"><testsuite timestamp="2013-12-02T13:36:05.874Z" hostname="localhost" tests="2" errors="0" failures="0" skipped="0" id="d16379e1" name="parentChild1" package="http://example.net/ns" time="0.008">
<properties>

<property name="option: option" value="option-value"/>
<property name="option: option.required" value="option.required-value"/>

</properties>
<testcase name="theStepShouldExecuteSuccessfullyWithoutThrowingAnyErrors" classname="identity" assertions="1" time="0" status="SUCCESS"><system-out>the step should execute successfully without throwing any errors: SUCCESS</system-out>
<system-err/></testcase><testcase name="theOptionOptionShouldHaveTheValueOptionvalue" classname="identity" assertions="1" time="0" status="SUCCESS"><system-out>the option 'option' should have the value 'option-value': SUCCESS</system-out>
<system-err/></testcase></testsuite><testsuite timestamp="2013-12-02T13:36:05.885Z" hostname="localhost" tests="2" errors="0" failures="0" skipped="0" id="d16387e1" name="parentChild2Child2A" package="http://example.net/ns" time="0.008">
<properties>

<property name="option: option" value="option-value"/>
<property name="option: option.required" value="option.required-value"/>

</properties>
<testcase name="theStepShouldExecuteSuccessfullyWithoutThrowingAnyErrors" classname="identity" assertions="1" time="0" status="SUCCESS"><system-out>the step should execute successfully without throwing any errors: SUCCESS</system-out>
<system-err/></testcase><testcase name="theOptionOptionShouldHaveTheValueOptionvalue" classname="identity" assertions="1" time="0" status="SUCCESS"><system-out>the option 'option' should have the value 'option-value': SUCCESS</system-out>
<system-err/></testcase></testsuite><testsuite timestamp="2013-12-02T13:36:05.895Z" hostname="localhost" tests="2" errors="0" failures="0" skipped="0" id="d16394e1" name="parentChild2Child2B" package="http://example.net/ns" time="0.008">
<properties>

<property name="option: option" value="option-value"/>
<property name="option: option.required" value="option.required-value"/>

</properties>
<testcase name="theStepShouldExecuteSuccessfullyWithoutThrowingAnyErrors" classname="identity" assertions="1" time="0" status="SUCCESS"><system-out>the step should execute successfully without throwing any errors: SUCCESS</system-out>
<system-err/></testcase><testcase name="theOptionOptionShouldHaveTheValueOptionvalue" classname="identity" assertions="1" time="0" status="SUCCESS"><system-out>the option 'option' should have the value 'option-value': SUCCESS</system-out>
<system-err/></testcase></testsuite></testsuites></x:document>
            </x:context><x:expect label="there should be at least one test, and none of the tests should fail" type="xpath" test="not(/*/@tests='0') and /*/@failures='0' and /*/@errors='0'" contextref="context5"/></x:scenario><x:output port="result"><x:document xml:base="file:/home/jostein/xprocspec/xprocspec/src/main/resources/content/xml/xproc/report/report.xpl" xml:space="preserve" type="inline"><x:test-report><x:description xml:base="file:/home/jostein/xprocspec/xprocspec/src/test/xprocspec/tests/scenario-2.xprocspec" test-base-uri="file:/home/jostein/xprocspec/xprocspec/src/test/xprocspec/tests/scenario-2.xprocspec" script="file:/home/jostein/xprocspec/xprocspec/src/test/xprocspec/steps/identity.xpl" test-grammar="xprocspec" temp-dir="file:/tmp/xprocspec-20131202143557583/xprocspec-20131202143605032/"><x:step-declaration><p:declare-step xmlns:p="http://www.w3.org/ns/xproc" xmlns:ex="http://example.net/ns" name="main" type="ex:identity" version="1.0" x:type="{http://example.net/ns}identity"><p:input port="source.document.primary" kind="document" primary="true" sequence="false"><p:inline>
            <source.document.primary.default/>
        </p:inline></p:input><p:input port="source.document.secondary.sequence" kind="document" sequence="true" primary="false"><p:inline>
            <source.document.secondary.sequence/>
        </p:inline></p:input><p:input select="/*/*" port="source.document.secondary.select-children" kind="document" sequence="true" primary="false"><p:inline>
            <default>
                <default/>
                <default/>
            </default>
        </p:inline></p:input><p:input port="source.parameter.primary.sequence" primary="true" kind="parameter" sequence="true"/><p:output port="result.document.primary" kind="document" primary="true" sequence="false"><p:pipe port="source.document.primary" step="main"/></p:output><p:output port="result.document.secondary.sequence" kind="document" sequence="true" primary="false"><p:pipe port="source.document.secondary.sequence" step="main"/></p:output><p:output port="result.document.secondary.select-children" kind="document" sequence="true" primary="false"><p:pipe port="source.document.secondary.select-children" step="main"/></p:output><p:output port="result.parameter.primary" kind="document" sequence="false" primary="false"><p:pipe port="result" step="parameters"/></p:output><p:output port="options" kind="document" sequence="false" primary="false"><p:pipe port="result" step="options"/></p:output><p:option name="option"/><p:option name="option.required" required="true"/><p:option name="option.default" select="'default'"/></p:declare-step></x:step-declaration><x:scenario xmlns:e="http://example.net/ns" end-time="2013-12-02T13:36:05.211Z" label="parent child 1" start-time="2013-12-02T13:36:05.203Z"><x:call x:type="{http://example.net/ns}identity" step="e:identity"><x:option select="'option-value'" name="option" value=""/><x:option select="'option.required-value'" name="option.required" value=""/></x:call>
                                                <x:context label="errors" id="errors">
                                                    
                                                </x:context>
                                            
                                                <x:expect type="count" label="the step should execute successfully without throwing any errors" max="0" contextref="errors"/>
                                            <x:context label="the results" id="context0">
                <x:document xml:base="file:/home/jostein/xprocspec/xprocspec/src/test/xprocspec/steps/identity.xpl" xml:space="preserve" type="inline">
                <c:options xmlns:ex="http://example.net/ns">
                    <c:option name="option" value="option-value"/>
                    <c:option name="option.required" value="option.required-value"/>
                    <c:option name="option.default" value="default"/>
                </c:options>
            </x:document>
            </x:context><x:expect type="xpath" label="the option 'option' should have the value 'option-value'" test="/*/*[@name='option']/@value='option-value'" contextref="context0"/></x:scenario><x:output port="result.document.primary"><x:document xml:base="file:/home/jostein/xprocspec/xprocspec/src/test/xprocspec/tests/scenario-2.xprocspec" xml:space="preserve" type="inline">
            <source.document.primary.default xmlns:ex="http://example.net/ns"/>
        </x:document></x:output><x:output port="result.document.secondary.sequence"><x:document xml:base="file:/home/jostein/xprocspec/xprocspec/src/test/xprocspec/steps/identity.xpl" xml:space="preserve" type="inline">
            <source.document.secondary.sequence xmlns:ex="http://example.net/ns"/>
        </x:document></x:output><x:output port="result.document.secondary.select-children"><x:document xml:base="file:/home/jostein/xprocspec/xprocspec/src/test/xprocspec/steps/identity.xpl" xml:space="preserve" type="inline"><default xmlns:ex="http://example.net/ns"/></x:document><x:document xml:base="file:/home/jostein/xprocspec/xprocspec/src/test/xprocspec/steps/identity.xpl" xml:space="preserve" type="inline"><default xmlns:ex="http://example.net/ns"/></x:document></x:output><x:output port="result.parameter.primary"><x:document xml:base="file:/home/jostein/xprocspec/xprocspec/src/test/xprocspec/steps/identity.xpl" xml:space="preserve" type="inline"><c:param-set/></x:document></x:output><x:output port="options"><x:document xml:base="file:/home/jostein/xprocspec/xprocspec/src/test/xprocspec/steps/identity.xpl" xml:space="preserve" type="inline">
                <c:options xmlns:ex="http://example.net/ns">
                    <c:option name="option" value="option-value"/>
                    <c:option name="option.required" value="option.required-value"/>
                    <c:option name="option.default" value="default"/>
                </c:options>
            </x:document></x:output><x:test-result xmlns:e="http://example.net/ns" type="count" label="the step should execute successfully without throwing any errors" max="0" contextref="errors" result="passed">
                                                        <x:expected>At most 0 documents.</x:expected>
                                                    <x:was>0</x:was></x:test-result><x:test-result xmlns:e="http://example.net/ns" type="xpath" label="the option 'option' should have the value 'option-value'" test="/*/*[@name='option']/@value='option-value'" contextref="context0" result="passed"><x:expected xml:space="preserve">XPath: true()
Value: true</x:expected><x:was xml:space="preserve">XPath: /*/*[@name='option']/@value='option-value'
Value: true</x:was></x:test-result></x:description><x:description xml:base="file:/home/jostein/xprocspec/xprocspec/src/test/xprocspec/tests/scenario-2.xprocspec" test-base-uri="file:/home/jostein/xprocspec/xprocspec/src/test/xprocspec/tests/scenario-2.xprocspec" script="file:/home/jostein/xprocspec/xprocspec/src/test/xprocspec/steps/identity.xpl" test-grammar="xprocspec" temp-dir="file:/tmp/xprocspec-20131202143557583/xprocspec-20131202143605032/"><x:step-declaration><p:declare-step xmlns:p="http://www.w3.org/ns/xproc" xmlns:ex="http://example.net/ns" name="main" type="ex:identity" version="1.0" x:type="{http://example.net/ns}identity"><p:input port="source.document.primary" kind="document" primary="true" sequence="false"><p:inline>
            <source.document.primary.default/>
        </p:inline></p:input><p:input port="source.document.secondary.sequence" kind="document" sequence="true" primary="false"><p:inline>
            <source.document.secondary.sequence/>
        </p:inline></p:input><p:input select="/*/*" port="source.document.secondary.select-children" kind="document" sequence="true" primary="false"><p:inline>
            <default>
                <default/>
                <default/>
            </default>
        </p:inline></p:input><p:input port="source.parameter.primary.sequence" primary="true" kind="parameter" sequence="true"/><p:output port="result.document.primary" kind="document" primary="true" sequence="false"><p:pipe port="source.document.primary" step="main"/></p:output><p:output port="result.document.secondary.sequence" kind="document" sequence="true" primary="false"><p:pipe port="source.document.secondary.sequence" step="main"/></p:output><p:output port="result.document.secondary.select-children" kind="document" sequence="true" primary="false"><p:pipe port="source.document.secondary.select-children" step="main"/></p:output><p:output port="result.parameter.primary" kind="document" sequence="false" primary="false"><p:pipe port="result" step="parameters"/></p:output><p:output port="options" kind="document" sequence="false" primary="false"><p:pipe port="result" step="options"/></p:output><p:option name="option"/><p:option name="option.required" required="true"/><p:option name="option.default" select="'default'"/></p:declare-step></x:step-declaration><x:scenario xmlns:e="http://example.net/ns" end-time="2013-12-02T13:36:05.269Z" label="parent child 2 child 2.a" start-time="2013-12-02T13:36:05.261Z"><x:call x:type="{http://example.net/ns}identity" step="e:identity"><x:option select="'option-value'" name="option" value=""/><x:option select="'option.required-value'" name="option.required" value=""/></x:call>
                                                <x:context label="errors" id="errors">
                                                    
                                                </x:context>
                                            
                                                <x:expect type="count" label="the step should execute successfully without throwing any errors" max="0" contextref="errors"/>
                                            <x:context label="the results" id="context1">
                    <x:document xml:base="file:/home/jostein/xprocspec/xprocspec/src/test/xprocspec/steps/identity.xpl" xml:space="preserve" type="inline">
                <c:options xmlns:ex="http://example.net/ns">
                    <c:option name="option" value="option-value"/>
                    <c:option name="option.required" value="option.required-value"/>
                    <c:option name="option.default" value="default"/>
                </c:options>
            </x:document>
                </x:context><x:expect type="xpath" label="the option 'option' should have the value 'option-value'" test="/*/*[@name='option']/@value='option-value'" contextref="context1"/></x:scenario><x:output port="result.document.primary"><x:document xml:base="file:/home/jostein/xprocspec/xprocspec/src/test/xprocspec/tests/scenario-2.xprocspec" xml:space="preserve" type="inline">
            <source.document.primary.default xmlns:ex="http://example.net/ns"/>
        </x:document></x:output><x:output port="result.document.secondary.sequence"><x:document xml:base="file:/home/jostein/xprocspec/xprocspec/src/test/xprocspec/steps/identity.xpl" xml:space="preserve" type="inline">
            <source.document.secondary.sequence xmlns:ex="http://example.net/ns"/>
        </x:document></x:output><x:output port="result.document.secondary.select-children"><x:document xml:base="file:/home/jostein/xprocspec/xprocspec/src/test/xprocspec/steps/identity.xpl" xml:space="preserve" type="inline"><default xmlns:ex="http://example.net/ns"/></x:document><x:document xml:base="file:/home/jostein/xprocspec/xprocspec/src/test/xprocspec/steps/identity.xpl" xml:space="preserve" type="inline"><default xmlns:ex="http://example.net/ns"/></x:document></x:output><x:output port="result.parameter.primary"><x:document xml:base="file:/home/jostein/xprocspec/xprocspec/src/test/xprocspec/steps/identity.xpl" xml:space="preserve" type="inline"><c:param-set/></x:document></x:output><x:output port="options"><x:document xml:base="file:/home/jostein/xprocspec/xprocspec/src/test/xprocspec/steps/identity.xpl" xml:space="preserve" type="inline">
                <c:options xmlns:ex="http://example.net/ns">
                    <c:option name="option" value="option-value"/>
                    <c:option name="option.required" value="option.required-value"/>
                    <c:option name="option.default" value="default"/>
                </c:options>
            </x:document></x:output><x:test-result xmlns:e="http://example.net/ns" type="count" label="the step should execute successfully without throwing any errors" max="0" contextref="errors" result="passed">
                                                        <x:expected>At most 0 documents.</x:expected>
                                                    <x:was>0</x:was></x:test-result><x:test-result xmlns:e="http://example.net/ns" type="xpath" label="the option 'option' should have the value 'option-value'" test="/*/*[@name='option']/@value='option-value'" contextref="context1" result="passed"><x:expected xml:space="preserve">XPath: true()
Value: true</x:expected><x:was xml:space="preserve">XPath: /*/*[@name='option']/@value='option-value'
Value: true</x:was></x:test-result></x:description><x:description xml:base="file:/home/jostein/xprocspec/xprocspec/src/test/xprocspec/tests/scenario-2.xprocspec" test-base-uri="file:/home/jostein/xprocspec/xprocspec/src/test/xprocspec/tests/scenario-2.xprocspec" script="file:/home/jostein/xprocspec/xprocspec/src/test/xprocspec/steps/identity.xpl" test-grammar="xprocspec" temp-dir="file:/tmp/xprocspec-20131202143557583/xprocspec-20131202143605032/"><x:step-declaration><p:declare-step xmlns:p="http://www.w3.org/ns/xproc" xmlns:ex="http://example.net/ns" name="main" type="ex:identity" version="1.0" x:type="{http://example.net/ns}identity"><p:input port="source.document.primary" kind="document" primary="true" sequence="false"><p:inline>
            <source.document.primary.default/>
        </p:inline></p:input><p:input port="source.document.secondary.sequence" kind="document" sequence="true" primary="false"><p:inline>
            <source.document.secondary.sequence/>
        </p:inline></p:input><p:input select="/*/*" port="source.document.secondary.select-children" kind="document" sequence="true" primary="false"><p:inline>
            <default>
                <default/>
                <default/>
            </default>
        </p:inline></p:input><p:input port="source.parameter.primary.sequence" primary="true" kind="parameter" sequence="true"/><p:output port="result.document.primary" kind="document" primary="true" sequence="false"><p:pipe port="source.document.primary" step="main"/></p:output><p:output port="result.document.secondary.sequence" kind="document" sequence="true" primary="false"><p:pipe port="source.document.secondary.sequence" step="main"/></p:output><p:output port="result.document.secondary.select-children" kind="document" sequence="true" primary="false"><p:pipe port="source.document.secondary.select-children" step="main"/></p:output><p:output port="result.parameter.primary" kind="document" sequence="false" primary="false"><p:pipe port="result" step="parameters"/></p:output><p:output port="options" kind="document" sequence="false" primary="false"><p:pipe port="result" step="options"/></p:output><p:option name="option"/><p:option name="option.required" required="true"/><p:option name="option.default" select="'default'"/></p:declare-step></x:step-declaration><x:scenario xmlns:e="http://example.net/ns" end-time="2013-12-02T13:36:05.323Z" label="parent child 2 child 2.b" start-time="2013-12-02T13:36:05.315Z"><x:call x:type="{http://example.net/ns}identity" step="e:identity"><x:option select="'option-value'" name="option" value=""/><x:option select="'option.required-value'" name="option.required" value=""/></x:call>
                                                <x:context label="errors" id="errors">
                                                    
                                                </x:context>
                                            
                                                <x:expect type="count" label="the step should execute successfully without throwing any errors" max="0" contextref="errors"/>
                                            <x:context label="the results" id="context2">
                    <x:document xml:base="file:/home/jostein/xprocspec/xprocspec/src/test/xprocspec/steps/identity.xpl" xml:space="preserve" type="inline">
                <c:options xmlns:ex="http://example.net/ns">
                    <c:option name="option" value="option-value"/>
                    <c:option name="option.required" value="option.required-value"/>
                    <c:option name="option.default" value="default"/>
                </c:options>
            </x:document>
                </x:context><x:expect type="xpath" label="the option 'option' should have the value 'option-value'" test="/*/*[@name='option']/@value='option-value'" contextref="context2"/></x:scenario><x:output port="result.document.primary"><x:document xml:base="file:/home/jostein/xprocspec/xprocspec/src/test/xprocspec/tests/scenario-2.xprocspec" xml:space="preserve" type="inline">
            <source.document.primary.default xmlns:ex="http://example.net/ns"/>
        </x:document></x:output><x:output port="result.document.secondary.sequence"><x:document xml:base="file:/home/jostein/xprocspec/xprocspec/src/test/xprocspec/steps/identity.xpl" xml:space="preserve" type="inline">
            <source.document.secondary.sequence xmlns:ex="http://example.net/ns"/>
        </x:document></x:output><x:output port="result.document.secondary.select-children"><x:document xml:base="file:/home/jostein/xprocspec/xprocspec/src/test/xprocspec/steps/identity.xpl" xml:space="preserve" type="inline"><default xmlns:ex="http://example.net/ns"/></x:document><x:document xml:base="file:/home/jostein/xprocspec/xprocspec/src/test/xprocspec/steps/identity.xpl" xml:space="preserve" type="inline"><default xmlns:ex="http://example.net/ns"/></x:document></x:output><x:output port="result.parameter.primary"><x:document xml:base="file:/home/jostein/xprocspec/xprocspec/src/test/xprocspec/steps/identity.xpl" xml:space="preserve" type="inline"><c:param-set/></x:document></x:output><x:output port="options"><x:document xml:base="file:/home/jostein/xprocspec/xprocspec/src/test/xprocspec/steps/identity.xpl" xml:space="preserve" type="inline">
                <c:options xmlns:ex="http://example.net/ns">
                    <c:option name="option" value="option-value"/>
                    <c:option name="option.required" value="option.required-value"/>
                    <c:option name="option.default" value="default"/>
                </c:options>
            </x:document></x:output><x:test-result xmlns:e="http://example.net/ns" type="count" label="the step should execute successfully without throwing any errors" max="0" contextref="errors" result="passed">
                                                        <x:expected>At most 0 documents.</x:expected>
                                                    <x:was>0</x:was></x:test-result><x:test-result xmlns:e="http://example.net/ns" type="xpath" label="the option 'option' should have the value 'option-value'" test="/*/*[@name='option']/@value='option-value'" contextref="context2" result="passed"><x:expected xml:space="preserve">XPath: true()
Value: true</x:expected><x:was xml:space="preserve">XPath: /*/*[@name='option']/@value='option-value'
Value: true</x:was></x:test-result></x:description></x:test-report></x:document></x:output><x:output port="html"><x:document xml:base="file:/home/jostein/xprocspec/xprocspec/src/main/resources/content/xml/xproc/report/report-template.xhtml" xml:space="preserve" type="inline"><html xmlns="http://www.w3.org/1999/xhtml"><head><title>Test Report for file:/home/jostein/xprocspec/xprocspec/src/test/xprocspec/tests/scenario-2.xprocspec (passed:6 / pending:0 / failed:0 / errors:0 / total:6)</title>
        <meta charset="utf-8"/>
        <style type="text/css" xml:space="preserve">/**/
/****************************************************************************/
/*  File:       test-report.css                                             */
/*  Author:     Jeni Tennsion                                               */
/*  URI:        http://xspec.googlecode.com/                                */
/*  Tags:                                                                   */
/*    Copyright (c) 2008, 2010 Jeni Tennsion (see end of file.)             */
/* ------------------------------------------------------------------------ */


/* test */

/* box model */

body {
	margin-right: 1em;
	/*margin-left: 10%;*/
	}

h1 {
	padding: 0.3em 0.5em 0.3em 0.5em;
	position: relative;
	}

h2 {
	padding: 0.1em 0.5em 0.2em 0.5em;
	}

h3 {
	padding-left: 0.6em;
	}

h4 {
	padding-left: 0.8em;
	}

p, table {
	/*margin-left: 5%;*/
	}

dd ul, dd ol {
	margin-left: 0%;
	}

li ul, li ol {
	/*margin-left: 5%;*/
	}

dl, ul, ol, blockquote {
	/*margin-left: 10%;*/
	}

dt {
  padding-top: 3px;
  padding-bottom: 3px;
	clear: both;
	}

dd p {
	/*margin-left: -5px;*/
	margin-top: 5px;
	clear: both;
	}

p.link {
	margin-top: 4px;
	margin-bottom: 0px;
	clear: both;
	}

tr td, td p, li, li p {
	margin-left: 0%;
	}

td:nth-child(2) {
	padding-left: 5%;
	}

.link img, dt img {
	vertical-align: middle;
	position: relative;
	top: -5px;
	}

img {
	position: relative;
	}

#xml-link {
	position: absolute;
	left: 5px;
	top: 5px;
	width: 10%;
	margin-left: 0%;
	}

#link-up {
	position: absolute;
	left: 93%;
	right: 2em;
	top: 0.3em;
	}

#link-top {
	position: absolute;
	left: 89%;
	right: 4em;
	top: 0.3em;
	}
	
.popup {
	display: block;
	visibility: hidden;
	float: right;
	position: absolute;
	top: 5px;
	left: -200px;
	z-index: 1;
	padding: 0.3em;
	width: 220px;
	}

.note {
	position: relative;
	}

.post {
	/*margin-left: 5%;*/
	padding-top: 1em;
	}
	
.example, .sidebar {
  /*margin-left: 5%;*/
  margin-top: 1em;
  margin-bottom: 1em;
  }

/*pre {
	padding-left: 5%;
	margin-left: 5%;
	}*/

/*dd pre, li pre {
	padding-left: 5%;
	}*/

/* fonts */
/* Oxygen  */
body, table {
    font-family:arial, helvetica, sans-serif;
    font-size:12px;
}
/* Oxygen  */

/*body {
	font-family: Verdana, arial, sans-serif;
	font-size: small;
	}*/	

/*h1, h2, h3, h4, h5, h6 {
	font-family: 'trebuchet MS', arial, sans-serif;
	}*/

h1 {
	font-size: 173%;
	font-weight: bold;
	}

h2 {
	font-size: 144%;
	font-weight: normal;
	}

h3 {
	font-size: 120%;
	font-weight: normal;
	}

h4 {
  font-size: 100%;
  font-weight: bold;
}

dt {
	font-weight: bold;
	}

a:link, a:visited, a:active, a:hover {
	font-weight: bold;
	}

a.offsite:link, a.offsite:visited, a.offsite:active, a.offsite:hover {
	font-weight: normal;
	}

/* suppress the normal italics */
address {
	font-style: normal;
	}

div.example, .sidebar {
  font-family: Verdana, arial, sans-serif;
  font-size: 100%;
  }


.note, .link {
	font-family: Verdana, arial, sans-serif;
	/*font-size: 83%;*/
	}

/*.example, .string, .rtf, .code, pre, code {
	font-family: "Lucida Console", "Courier New", monospace;*/
  /*font-size: 83%;*/
/*	}*/

.boolean {
	font-style: italic;
	}

#colophon, #xml-link {
	font-size: 69%;
	}

.question, .title {
	font-weight: bold;
	}

/* colours */
body {
	background-color: white;
	color: black;
	border: 0px none black;
	}

/* this is to make Navigator fill the entire line */
h1, h2 {
	border: 1px solid white;
	width: auto;
	}

h1 {
	/*background: #606;*/
	/*color: #6F6;*/
	}

h2 {
	color: #606;
	/*background: #CFC;*/
	}

hr {
	color: #606;
	background: white;
	}

img, a:link img, a:visited img, a:hover img, a:active img, #link-up img, #link-top img {
	border: 0px none white;
	background: transparent;
	}

/* OXYGEN */
a, a:visited {
    color:rgb(0, 0, 150);
    background-color:inherit;
    font-weight: bold;
}
a:link, a:visited {
    text-decoration:none; 
}
a:hover {
    text-decoration:underline;
}

/* OXYGEN */

a.img:hover, a.img:active {
	background: transparent;
	}

#colophon, #xml-link, .note {
	color: #666;
	}

#colophon a:link, #colophon a:visited, #colophon a:hover,
#xml-link a:link, #xml-link a:visited, #xml-link a:hover,
.note a:link, .note a:visited, .note a:hover {
	color: #969;
	background: transparent;
	}

#colophon a:hover, #xml-link a:hover, .note a:hover {
	background: #CFC;
	color: #969;
	}

.popup {
	background: white;
	border: 1px solid #606;
	}

.post {
	border-top: 2px solid #606;
	}
	
.example {
  border-top: 2px solid #606;
  border-bottom: 2px solid #606;
  }
  
.sidebar {
  border-top: 2px solid #090;
  border-bottom: 2px solid #090;
  }
  
.rng {
  border-left: 2px solid #666;
  }

.same {
  background-color: rgb(206, 239, 174);
}

.diff {
  background-color: #FCC;
}

.whitespace {
	font-style: italic;
	color: #999;
	background: white;
}

.ignored {
  font-style: italic;
  color: #999;
  background: white;
}

.hit {
}

.missed {
  background-color: #A33;
  color: white;
}

/* text */
ol ol li {
	list-style: lower-alpha;
	}

th {
	text-align: left;
	}

td {
	vertical-align: top;
	}

h1 {
	text-transform: uppercase;
	}

h2, h3 {
	/*text-transform: capitalize;*/
	}

.question {
	text-indent: -33px;
	}

.byline {
	text-align: right;
	}

#link-top, #link-up {
	text-align: right;
	}

a {
	text-decoration: none;
	}

table { width: 85%;
        /* border: collapse; */ }

th { text-align: left; }

.xspec tbody th { font-weight: normal; /*font-size: 0.8em;*/ border-top: 1px #666 solid; }
.xspec tbody td { /*font-size: 0.8em;*/ color: #666; }

.successful.label th, .successful.label td { background-color: #CFC; }
.pending.label th, .pending.label td { background-color: #DDD; color: #666; }
.failed.label th, .failed.label td { background-color: #FCC; }
.error.label th, .error.label td { background-color: #FAA; }
/*body &gt; table tbody .failed.label th:first-child:before {content:url(data:image/png;base64,iVBORw0KGgoAAAANSUhEUgAAAAwAAAAMCAYAAABWdVznAAAAGXRFWHRTb2Z0d2FyZQBBZG9iZSBJbWFnZVJlYWR5ccllPAAAA2ZpVFh0WE1MOmNvbS5hZG9iZS54bXAAAAAAADw/eHBhY2tldCBiZWdpbj0i77u/IiBpZD0iVzVNME1wQ2VoaUh6cmVTek5UY3prYzlkIj8+IDx4OnhtcG1ldGEgeG1sbnM6eD0iYWRvYmU6bnM6bWV0YS8iIHg6eG1wdGs9IkFkb2JlIFhNUCBDb3JlIDUuMy1jMDExIDY2LjE0NTY2MSwgMjAxMi8wMi8wNi0xNDo1NjoyNyAgICAgICAgIj4gPHJkZjpSREYgeG1sbnM6cmRmPSJodHRwOi8vd3d3LnczLm9yZy8xOTk5LzAyLzIyLXJkZi1zeW50YXgtbnMjIj4gPHJkZjpEZXNjcmlwdGlvbiByZGY6YWJvdXQ9IiIgeG1sbnM6eG1wTU09Imh0dHA6Ly9ucy5hZG9iZS5jb20veGFwLzEuMC9tbS8iIHhtbG5zOnN0UmVmPSJodHRwOi8vbnMuYWRvYmUuY29tL3hhcC8xLjAvc1R5cGUvUmVzb3VyY2VSZWYjIiB4bWxuczp4bXA9Imh0dHA6Ly9ucy5hZG9iZS5jb20veGFwLzEuMC8iIHhtcE1NOk9yaWdpbmFsRG9jdW1lbnRJRD0ieG1wLmRpZDpCQjU0NjU4QjIyQTNFMTExQkI5Rjk5QkQ4RkQ5RUJFQiIgeG1wTU06RG9jdW1lbnRJRD0ieG1wLmRpZDpEQTUyOTdBQUEzRDUxMUUxQTQwN0YzMUI0Nzg3NDU1RSIgeG1wTU06SW5zdGFuY2VJRD0ieG1wLmlpZDpEQTUyOTdBOUEzRDUxMUUxQTQwN0YzMUI0Nzg3NDU1RSIgeG1wOkNyZWF0b3JUb29sPSJBZG9iZSBQaG90b3Nob3AgQ1M2IChXaW5kb3dzKSI+IDx4bXBNTTpEZXJpdmVkRnJvbSBzdFJlZjppbnN0YW5jZUlEPSJ4bXAuaWlkOjQ4MTZDRTNCRDVBM0UxMTFBQTI2QTBCMjZENzg1Qzg5IiBzdFJlZjpkb2N1bWVudElEPSJ4bXAuZGlkOkJCNTQ2NThCMjJBM0UxMTFCQjlGOTlCRDhGRDlFQkVCIi8+IDwvcmRmOkRlc2NyaXB0aW9uPiA8L3JkZjpSREY+IDwveDp4bXBtZXRhPiA8P3hwYWNrZXQgZW5kPSJyIj8+aHNJrgAAAZ1JREFUeNpsUssrRGEU/907985YMDPNYlh4hbKZPMdgR3aysrGSSFIeKyUKpewoRTYkmcgCf4MsMI2FPDYGKeUZSoru4/uc82VC+W7fOeee+zvn/M45V1uuyCmVwDogq0hDklD6jy1dspNkdxokVrIzPFUh0/MD5OdXoJDwPFtu3d2ns6TTp9oggTlFZlmN0o4AHMmXfJGo0lmGzoE1OgmNHf5YA8rmN5HfM6wADmUuHphA9cIW/JX1yiek9DIlyijxkNjBzXYche19gNcHzfShoLUdVxtLuD/cYzCoMAzCwqYrhMDx9Chs20JRWzf4nMcXcDI3pYAqQHIAtWUJbpKursMMhpA+RiAEGzpc4X5XkDB4GjaHmiZik/PIa2rBEWVlSuW9Q+T3YndskBi46QpQFcLltchtbEZyZhxna4uKhmV9Ito/gtPNOG4P99WItdlIWARNXWOAv6AEr9cplel7/ggUleDlMqUSvNnCobHKxDsNnqs8XaWUZopp/XhxTkOR+HDVOveYUge9rNLyY9SU9v+vwXuUB2R0fQkwABfn/VKSjTLBAAAAAElFTkSuQmCC) " "}*/
/*body &gt; table tbody .error.label th:first-child:before {content:url(data:image/png;base64,iVBORw0KGgoAAAANSUhEUgAAAAwAAAAMCAYAAABWdVznAAAABmJLR0QAAAAAAAD5Q7t/AAAACXBIWXMAAAsTAAALEwEAmpwYAAAAB3RJTUUH3QcKER4AdkxvvQAAAdVJREFUKM89kM9KG0EAh7/JTHazZInEQwJ68KIWLx6Etj6EjxAobYSsD+BjCJ682EOp0FMueYmS0FMICF4i6tFNzJ/dyRh2Znoo6Xf+Pn7wEzc3Nx/W6/UvY8xJnudkWYa1Fu893nviOCaKIhuG4R/v/Ve1Xq9/bG1tnezs7JDnOVpr3t/fcc4hpaRSqVCpVORqtTp9e3v7rrTWn5vNJpPJhHK5zHg8JssyvPeEYcjR0RFpmlKr1ZjP5x9Li8VCbOR2u83BwQEvLy88PT1xfHzMxcUFQgjSNCXLskDlec5sNuPx8REpJZ1Oh+fnZ4QQnJ+fc319Tb/fZ29vD601SmvNdDplsVhwe3vLaDTi6uoKgCRJGAwGNBoNXl9fMcZQcs5hjGG1WpHnObVajQ3VahWtNcYYjDE451Cb+7z3JElCkiScnZ0hpaTX67G7u0u328V7/y+oVqsIITg8PKTT6dBqtRgOhzjnaLVa3N3dcX9/z3K5JI5jxOXlpSuKQqRpirWWh4eH//Plcpn9/X2cc2xvb1MqlQqllBpYa0/jOGYymdBsNsmyDOccURRRFAX1eh2lFGEY/lZBEHyx1v703n8KgkBEUYSUEu/9RkIIUQRB0A/D8NtflUT+nn4OS+0AAAAASUVORK5CYII=) " "}*/
.failed.label th:first-child:before, .failed.label td:first-child:before {content:url(data:image/png;base64,iVBORw0KGgoAAAANSUhEUgAAAAwAAAAMCAYAAABWdVznAAAAGXRFWHRTb2Z0d2FyZQBBZG9iZSBJbWFnZVJlYWR5ccllPAAAA2ZpVFh0WE1MOmNvbS5hZG9iZS54bXAAAAAAADw/eHBhY2tldCBiZWdpbj0i77u/IiBpZD0iVzVNME1wQ2VoaUh6cmVTek5UY3prYzlkIj8+IDx4OnhtcG1ldGEgeG1sbnM6eD0iYWRvYmU6bnM6bWV0YS8iIHg6eG1wdGs9IkFkb2JlIFhNUCBDb3JlIDUuMy1jMDExIDY2LjE0NTY2MSwgMjAxMi8wMi8wNi0xNDo1NjoyNyAgICAgICAgIj4gPHJkZjpSREYgeG1sbnM6cmRmPSJodHRwOi8vd3d3LnczLm9yZy8xOTk5LzAyLzIyLXJkZi1zeW50YXgtbnMjIj4gPHJkZjpEZXNjcmlwdGlvbiByZGY6YWJvdXQ9IiIgeG1sbnM6eG1wTU09Imh0dHA6Ly9ucy5hZG9iZS5jb20veGFwLzEuMC9tbS8iIHhtbG5zOnN0UmVmPSJodHRwOi8vbnMuYWRvYmUuY29tL3hhcC8xLjAvc1R5cGUvUmVzb3VyY2VSZWYjIiB4bWxuczp4bXA9Imh0dHA6Ly9ucy5hZG9iZS5jb20veGFwLzEuMC8iIHhtcE1NOk9yaWdpbmFsRG9jdW1lbnRJRD0ieG1wLmRpZDpCQjU0NjU4QjIyQTNFMTExQkI5Rjk5QkQ4RkQ5RUJFQiIgeG1wTU06RG9jdW1lbnRJRD0ieG1wLmRpZDpEQTUyOTdBQUEzRDUxMUUxQTQwN0YzMUI0Nzg3NDU1RSIgeG1wTU06SW5zdGFuY2VJRD0ieG1wLmlpZDpEQTUyOTdBOUEzRDUxMUUxQTQwN0YzMUI0Nzg3NDU1RSIgeG1wOkNyZWF0b3JUb29sPSJBZG9iZSBQaG90b3Nob3AgQ1M2IChXaW5kb3dzKSI+IDx4bXBNTTpEZXJpdmVkRnJvbSBzdFJlZjppbnN0YW5jZUlEPSJ4bXAuaWlkOjQ4MTZDRTNCRDVBM0UxMTFBQTI2QTBCMjZENzg1Qzg5IiBzdFJlZjpkb2N1bWVudElEPSJ4bXAuZGlkOkJCNTQ2NThCMjJBM0UxMTFCQjlGOTlCRDhGRDlFQkVCIi8+IDwvcmRmOkRlc2NyaXB0aW9uPiA8L3JkZjpSREY+IDwveDp4bXBtZXRhPiA8P3hwYWNrZXQgZW5kPSJyIj8+aHNJrgAAAZ1JREFUeNpsUssrRGEU/907985YMDPNYlh4hbKZPMdgR3aysrGSSFIeKyUKpewoRTYkmcgCf4MsMI2FPDYGKeUZSoru4/uc82VC+W7fOeee+zvn/M45V1uuyCmVwDogq0hDklD6jy1dspNkdxokVrIzPFUh0/MD5OdXoJDwPFtu3d2ns6TTp9oggTlFZlmN0o4AHMmXfJGo0lmGzoE1OgmNHf5YA8rmN5HfM6wADmUuHphA9cIW/JX1yiek9DIlyijxkNjBzXYche19gNcHzfShoLUdVxtLuD/cYzCoMAzCwqYrhMDx9Chs20JRWzf4nMcXcDI3pYAqQHIAtWUJbpKursMMhpA+RiAEGzpc4X5XkDB4GjaHmiZik/PIa2rBEWVlSuW9Q+T3YndskBi46QpQFcLltchtbEZyZhxna4uKhmV9Ito/gtPNOG4P99WItdlIWARNXWOAv6AEr9cplel7/ggUleDlMqUSvNnCobHKxDsNnqs8XaWUZopp/XhxTkOR+HDVOveYUge9rNLyY9SU9v+vwXuUB2R0fQkwABfn/VKSjTLBAAAAAElFTkSuQmCC) " "}
.error.label th:first-child:before, .error.label td:first-child:before {content:url(data:image/png;base64,iVBORw0KGgoAAAANSUhEUgAAAAwAAAAMCAYAAABWdVznAAAABmJLR0QAAAAAAAD5Q7t/AAAACXBIWXMAAAsTAAALEwEAmpwYAAAAB3RJTUUH3QcKER4AdkxvvQAAAdVJREFUKM89kM9KG0EAh7/JTHazZInEQwJ68KIWLx6Etj6EjxAobYSsD+BjCJ682EOp0FMueYmS0FMICF4i6tFNzJ/dyRh2Znoo6Xf+Pn7wEzc3Nx/W6/UvY8xJnudkWYa1Fu893nviOCaKIhuG4R/v/Ve1Xq9/bG1tnezs7JDnOVpr3t/fcc4hpaRSqVCpVORqtTp9e3v7rrTWn5vNJpPJhHK5zHg8JssyvPeEYcjR0RFpmlKr1ZjP5x9Li8VCbOR2u83BwQEvLy88PT1xfHzMxcUFQgjSNCXLskDlec5sNuPx8REpJZ1Oh+fnZ4QQnJ+fc319Tb/fZ29vD601SmvNdDplsVhwe3vLaDTi6uoKgCRJGAwGNBoNXl9fMcZQcs5hjGG1WpHnObVajQ3VahWtNcYYjDE451Cb+7z3JElCkiScnZ0hpaTX67G7u0u328V7/y+oVqsIITg8PKTT6dBqtRgOhzjnaLVa3N3dcX9/z3K5JI5jxOXlpSuKQqRpirWWh4eH//Plcpn9/X2cc2xvb1MqlQqllBpYa0/jOGYymdBsNsmyDOccURRRFAX1eh2lFGEY/lZBEHyx1v703n8KgkBEUYSUEu/9RkIIUQRB0A/D8NtflUT+nn4OS+0AAAAASUVORK5CYII=) " "}
.pending.label th:first-child:before, .pending.label td:first-child:before {content:url(data:image/png;base64,iVBORw0KGgoAAAANSUhEUgAAAAwAAAAMCAYAAABWdVznAAAAGXRFWHRTb2Z0d2FyZQBBZG9iZSBJbWFnZVJlYWR5ccllPAAAA2ZpVFh0WE1MOmNvbS5hZG9iZS54bXAAAAAAADw/eHBhY2tldCBiZWdpbj0i77u/IiBpZD0iVzVNME1wQ2VoaUh6cmVTek5UY3prYzlkIj8+IDx4OnhtcG1ldGEgeG1sbnM6eD0iYWRvYmU6bnM6bWV0YS8iIHg6eG1wdGs9IkFkb2JlIFhNUCBDb3JlIDUuMy1jMDExIDY2LjE0NTY2MSwgMjAxMi8wMi8wNi0xNDo1NjoyNyAgICAgICAgIj4gPHJkZjpSREYgeG1sbnM6cmRmPSJodHRwOi8vd3d3LnczLm9yZy8xOTk5LzAyLzIyLXJkZi1zeW50YXgtbnMjIj4gPHJkZjpEZXNjcmlwdGlvbiByZGY6YWJvdXQ9IiIgeG1sbnM6eG1wTU09Imh0dHA6Ly9ucy5hZG9iZS5jb20veGFwLzEuMC9tbS8iIHhtbG5zOnN0UmVmPSJodHRwOi8vbnMuYWRvYmUuY29tL3hhcC8xLjAvc1R5cGUvUmVzb3VyY2VSZWYjIiB4bWxuczp4bXA9Imh0dHA6Ly9ucy5hZG9iZS5jb20veGFwLzEuMC8iIHhtcE1NOk9yaWdpbmFsRG9jdW1lbnRJRD0ieG1wLmRpZDpCQjU0NjU4QjIyQTNFMTExQkI5Rjk5QkQ4RkQ5RUJFQiIgeG1wTU06RG9jdW1lbnRJRD0ieG1wLmRpZDpDODdDM0Y0QUEzRDUxMUUxQjk5N0MzQjVFRDMyQUE1MiIgeG1wTU06SW5zdGFuY2VJRD0ieG1wLmlpZDpDODdDM0Y0OUEzRDUxMUUxQjk5N0MzQjVFRDMyQUE1MiIgeG1wOkNyZWF0b3JUb29sPSJBZG9iZSBQaG90b3Nob3AgQ1M2IChXaW5kb3dzKSI+IDx4bXBNTTpEZXJpdmVkRnJvbSBzdFJlZjppbnN0YW5jZUlEPSJ4bXAuaWlkOjQ4MTZDRTNCRDVBM0UxMTFBQTI2QTBCMjZENzg1Qzg5IiBzdFJlZjpkb2N1bWVudElEPSJ4bXAuZGlkOkJCNTQ2NThCMjJBM0UxMTFCQjlGOTlCRDhGRDlFQkVCIi8+IDwvcmRmOkRlc2NyaXB0aW9uPiA8L3JkZjpSREY+IDwveDp4bXBtZXRhPiA8P3hwYWNrZXQgZW5kPSJyIj8+yj6RYgAAAPZJREFUeNp0kM8KgkAQxmc1E0Wfo3vQn5eRSDx4EUHwbTpEhx4lil7DiydBQUFXp5nAMNsGhpnd/X77za4Iw3CFiFcAWFMFDkXtKZ/UHhfUnB3HWdu2/REpAL2u631ZlicGdpZlwTAMSmBM0zS5bhgQLB5FU3AOUS4XvNn3vVKgAACCIMA0TbFpGsyyDJMkefdFUWAcx1hVFeZ5jlEUoed5qPEI7KDrOhiG8e6llNC27Zcz77FW+L6Pruv+WKtGIzfgR39umv/UHOJgAMlO/BPOXCQDD5p3r2ma8lvHNU9BcWPg0HXdhRZbOhRT8aSXVO9U/ZcAAwAsmjsSQcM0lwAAAABJRU5ErkJggg==) " ";}
.successful.label th:first-child:before, .successful.label td:first-child:before {content:url(data:image/png;base64,iVBORw0KGgoAAAANSUhEUgAAAAwAAAAMCAYAAABWdVznAAAAGXRFWHRTb2Z0d2FyZQBBZG9iZSBJbWFnZVJlYWR5ccllPAAAA2ZpVFh0WE1MOmNvbS5hZG9iZS54bXAAAAAAADw/eHBhY2tldCBiZWdpbj0i77u/IiBpZD0iVzVNME1wQ2VoaUh6cmVTek5UY3prYzlkIj8+IDx4OnhtcG1ldGEgeG1sbnM6eD0iYWRvYmU6bnM6bWV0YS8iIHg6eG1wdGs9IkFkb2JlIFhNUCBDb3JlIDUuMy1jMDExIDY2LjE0NTY2MSwgMjAxMi8wMi8wNi0xNDo1NjoyNyAgICAgICAgIj4gPHJkZjpSREYgeG1sbnM6cmRmPSJodHRwOi8vd3d3LnczLm9yZy8xOTk5LzAyLzIyLXJkZi1zeW50YXgtbnMjIj4gPHJkZjpEZXNjcmlwdGlvbiByZGY6YWJvdXQ9IiIgeG1sbnM6eG1wTU09Imh0dHA6Ly9ucy5hZG9iZS5jb20veGFwLzEuMC9tbS8iIHhtbG5zOnN0UmVmPSJodHRwOi8vbnMuYWRvYmUuY29tL3hhcC8xLjAvc1R5cGUvUmVzb3VyY2VSZWYjIiB4bWxuczp4bXA9Imh0dHA6Ly9ucy5hZG9iZS5jb20veGFwLzEuMC8iIHhtcE1NOk9yaWdpbmFsRG9jdW1lbnRJRD0ieG1wLmRpZDpCQjU0NjU4QjIyQTNFMTExQkI5Rjk5QkQ4RkQ5RUJFQiIgeG1wTU06RG9jdW1lbnRJRD0ieG1wLmRpZDpEMDVBNThBQUEzRDUxMUUxQjdCQkM2QUNBMTNBMDExNiIgeG1wTU06SW5zdGFuY2VJRD0ieG1wLmlpZDpEMDVBNThBOUEzRDUxMUUxQjdCQkM2QUNBMTNBMDExNiIgeG1wOkNyZWF0b3JUb29sPSJBZG9iZSBQaG90b3Nob3AgQ1M2IChXaW5kb3dzKSI+IDx4bXBNTTpEZXJpdmVkRnJvbSBzdFJlZjppbnN0YW5jZUlEPSJ4bXAuaWlkOjQ4MTZDRTNCRDVBM0UxMTFBQTI2QTBCMjZENzg1Qzg5IiBzdFJlZjpkb2N1bWVudElEPSJ4bXAuZGlkOkJCNTQ2NThCMjJBM0UxMTFCQjlGOTlCRDhGRDlFQkVCIi8+IDwvcmRmOkRlc2NyaXB0aW9uPiA8L3JkZjpSREY+IDwveDp4bXBtZXRhPiA8P3hwYWNrZXQgZW5kPSJyIj8+xJ3YrgAAAYBJREFUeNpsUrtKA1EQPZtdY4gEQiD4QCsLEVGX4CP4AykEq1hYiGghCDZ+gBZWVtrZ+EAjaGOhfoAkNiaKhYWICilMEQNqoYjZ5O4d5+6ucQuLM3funDNzD7OrLe229YBwSKAEnyAP/pyIbL5fcz5rcNiLtuqJSEz3ickn5ruE/vFmJ9/LYjvAldGWqA7bJkgPtoAHQrS5G6NdiwhFWCoxHOCgKUL+iurkCBVawyamE8d4qmSZ51clBZUlh+RG14JzEsJNcaTNLVwWd1B6vXXqkmGoYNeVUPnW3JNr4+YarPoncvebEAKNekAlokaY6N/A1NA+SBgY6Eijtz2Fs5sVWNWawysorWNJsO+q9QWzaxLTYwfojA3isZzDfSnrWvTsNiyp7pOrZURC7ejrTDEpcVpY9ab+NSioLZEiapZA5nwBxZcC8g9HeK7ccYM7TDnwmoU2vx6/NIJaUjc0b0u8YvJNle5HdJvlhbI0Y31ThqsjTGr0/+8hOOQ5nfsRYACtHiy+FDd82wAAAABJRU5ErkJggg==) " "}
/*.successful.label a:before {content:url(data:image/png;base64,iVBORw0KGgoAAAANSUhEUgAAAAwAAAAMCAYAAABWdVznAAAAGXRFWHRTb2Z0d2FyZQBBZG9iZSBJbWFnZVJlYWR5ccllPAAAA2ZpVFh0WE1MOmNvbS5hZG9iZS54bXAAAAAAADw/eHBhY2tldCBiZWdpbj0i77u/IiBpZD0iVzVNME1wQ2VoaUh6cmVTek5UY3prYzlkIj8+IDx4OnhtcG1ldGEgeG1sbnM6eD0iYWRvYmU6bnM6bWV0YS8iIHg6eG1wdGs9IkFkb2JlIFhNUCBDb3JlIDUuMy1jMDExIDY2LjE0NTY2MSwgMjAxMi8wMi8wNi0xNDo1NjoyNyAgICAgICAgIj4gPHJkZjpSREYgeG1sbnM6cmRmPSJodHRwOi8vd3d3LnczLm9yZy8xOTk5LzAyLzIyLXJkZi1zeW50YXgtbnMjIj4gPHJkZjpEZXNjcmlwdGlvbiByZGY6YWJvdXQ9IiIgeG1sbnM6eG1wTU09Imh0dHA6Ly9ucy5hZG9iZS5jb20veGFwLzEuMC9tbS8iIHhtbG5zOnN0UmVmPSJodHRwOi8vbnMuYWRvYmUuY29tL3hhcC8xLjAvc1R5cGUvUmVzb3VyY2VSZWYjIiB4bWxuczp4bXA9Imh0dHA6Ly9ucy5hZG9iZS5jb20veGFwLzEuMC8iIHhtcE1NOk9yaWdpbmFsRG9jdW1lbnRJRD0ieG1wLmRpZDpCQjU0NjU4QjIyQTNFMTExQkI5Rjk5QkQ4RkQ5RUJFQiIgeG1wTU06RG9jdW1lbnRJRD0ieG1wLmRpZDpEMDVBNThBQUEzRDUxMUUxQjdCQkM2QUNBMTNBMDExNiIgeG1wTU06SW5zdGFuY2VJRD0ieG1wLmlpZDpEMDVBNThBOUEzRDUxMUUxQjdCQkM2QUNBMTNBMDExNiIgeG1wOkNyZWF0b3JUb29sPSJBZG9iZSBQaG90b3Nob3AgQ1M2IChXaW5kb3dzKSI+IDx4bXBNTTpEZXJpdmVkRnJvbSBzdFJlZjppbnN0YW5jZUlEPSJ4bXAuaWlkOjQ4MTZDRTNCRDVBM0UxMTFBQTI2QTBCMjZENzg1Qzg5IiBzdFJlZjpkb2N1bWVudElEPSJ4bXAuZGlkOkJCNTQ2NThCMjJBM0UxMTFCQjlGOTlCRDhGRDlFQkVCIi8+IDwvcmRmOkRlc2NyaXB0aW9uPiA8L3JkZjpSREY+IDwveDp4bXBtZXRhPiA8P3hwYWNrZXQgZW5kPSJyIj8+xJ3YrgAAAYBJREFUeNpsUrtKA1EQPZtdY4gEQiD4QCsLEVGX4CP4AykEq1hYiGghCDZ+gBZWVtrZ+EAjaGOhfoAkNiaKhYWICilMEQNqoYjZ5O4d5+6ucQuLM3funDNzD7OrLe229YBwSKAEnyAP/pyIbL5fcz5rcNiLtuqJSEz3ickn5ruE/vFmJ9/LYjvAldGWqA7bJkgPtoAHQrS5G6NdiwhFWCoxHOCgKUL+iurkCBVawyamE8d4qmSZ51clBZUlh+RG14JzEsJNcaTNLVwWd1B6vXXqkmGoYNeVUPnW3JNr4+YarPoncvebEAKNekAlokaY6N/A1NA+SBgY6Eijtz2Fs5sVWNWawysorWNJsO+q9QWzaxLTYwfojA3isZzDfSnrWvTsNiyp7pOrZURC7ejrTDEpcVpY9ab+NSioLZEiapZA5nwBxZcC8g9HeK7ccYM7TDnwmoU2vx6/NIJaUjc0b0u8YvJNle5HdJvlhbI0Y31ThqsjTGr0/+8hOOQ5nfsRYACtHiy+FDd82wAAAABJRU5ErkJggg==) " "}*/

.xspecResult { width: 90%; table-layout: fixed; }

.xspecResult td,
.xspecResult th { width: 50%; }

/*.xspecResult pre { 
  margin-left: 0; 
  padding: 0.5em; 
  overflow: auto; 
  border: 1px #999 dotted;
}*/

span.scenario-totals {float: right; width: 14.5%; text-align: left}

/* OXYGEN */
span.scenario-totals {float: right; width: 34.5%; text-align: right}

h2.failed {
    background-color: #FCC;
}

h1, h2 {
    width: 86%;
    /*margin-left: 3%;*/
    
    font-size:1.4em;
    font-weight:bold;
    text-align:left;
    margin-top:1.4em;
    margin-bottom:0.7em;
    color:#333333;
    background-color:inherit;
}

h1 {
    font-size:1.7em;
}

body &gt; h1:first-child:before {
    content:"XSLT UNIT ";
}

body &gt; h2:first-of-type {
    font-size:1.7em;
}

div &gt; table &gt; tbody &gt; tr &gt; th:first-child {
    font-weight:bold;
}

div &gt; h3 {
    font-weight:bold;
    /*margin-left: 3%;*/
}

div &gt; h4 {
    font-weight:normal;
    /*margin-left: 4%;*/
}

th.result { text-align: center; }
/* OXYGEN */


/* ------------------------------------------------------------------------ */
/*  DO NOT ALTER OR REMOVE COPYRIGHT NOTICES OR THIS COMMENT.               */
/*                                                                          */
/*  Copyright (c) 2008, 2010 Jeni Tennsion                                  */
/*                                                                          */
/*  The contents of this file are subject to the MIT License (see the URI   */
/*  http://www.opensource.org/licenses/mit-license.php for details).        */
/*                                                                          */
/*  Permission is hereby granted, free of charge, to any person obtaining   */
/*  a copy of this software and associated documentation files (the         */
/*  "Software"), to deal in the Software without restriction, including     */
/*  without limitation the rights to use, copy, modify, merge, publish,     */
/*  distribute, sublicense, and/or sell copies of the Software, and to      */
/*  permit persons to whom the Software is furnished to do so, subject to   */
/*  the following conditions:                                               */
/*                                                                          */
/*  The above copyright notice and this permission notice shall be          */
/*  included in all copies or substantial portions of the Software.         */
/*                                                                          */
/*  THE SOFTWARE IS PROVIDED "AS IS", WITHOUT WARRANTY OF ANY KIND,         */
/*  EXPRESS OR IMPLIED, INCLUDING BUT NOT LIMITED TO THE WARRANTIES OF      */
/*  MERCHANTABILITY, FITNESS FOR A PARTICULAR PURPOSE AND NONINFRINGEMENT.  */
/*  IN NO EVENT SHALL THE AUTHORS OR COPYRIGHT HOLDERS BE LIABLE FOR ANY    */
/*  CLAIM, DAMAGES OR OTHER LIABILITY, WHETHER IN AN ACTION OF CONTRACT,    */
/*  TORT OR OTHERWISE, ARISING FROM, OUT OF OR IN CONNECTION WITH THE       */
/*  SOFTWARE OR THE USE OR OTHER DEALINGS IN THE SOFTWARE.                  */
/* ------------------------------------------------------------------------ */

.nobr { white-space: nowrap; }
.scenario-label { text-indent: 0px; }
.context-label { text-indent: 10px; }
.test-label { text-indent: 20px; }
.pending-label { text-indent: 30px; }


        /**/</style>
    </head><body><h1>Test Report</h1><p>Script: <a href="file:/home/jostein/xprocspec/xprocspec/src/test/xprocspec/tests/scenario-2.xprocspec">file:/home/jostein/xprocspec/xprocspec/src/test/xprocspec/tests/scenario-2.xprocspec</a></p><p>Tested: 2013-12-02T14:36:05.974+01:00</p><h2>Contents</h2><table class="xspec"><col width="75%"/><col width="5%"/><col width="5%"/><col width="5%"/><col width="5%"/><col width="5%"/><thead><tr><th/><th class="result">passed:6</th><th class="result">pending:0</th><th class="result">failed:0</th><th class="result">errors:0</th><th class="result">total:6</th></tr></thead><tbody><tr class="successful label"><th><a href="#step1">ex:identity</a></th><th class="result">6</th><th class="result">0</th><th class="result">0</th><th class="result">0</th><th class="result">6</th></tr></tbody></table><div id="step1"><h2 class="successful">Calling: <a href="file:/home/jostein/xprocspec/xprocspec/src/test/xprocspec/steps/identity.xpl">ex:identity</a><span class="scenario-totals">passed:6 / pending:0 /
                                        failed:0 / errors:0 / total:6</span></h2><table class="xspec"><col width="80%"/><col width="20%"/><tbody><tr class="successful label"><th class="scenario-label">parent child 1</th><th class="nobr">passed:2 / pending:0 / failed:0 / errors:0 / total:2</th></tr><tr class="successful label"><th class="context-label">errors</th><th class="nobr">passed:1 / pending:0 / failed:0 / errors:0 / total:1</th></tr><tr class="successful label"><td class="test-label">the step should execute successfully without throwing any errors</td><td>Success</td></tr><tr class="successful label"><th class="context-label">the results</th><th class="nobr">passed:1 / pending:0 / failed:0 / errors:0 / total:1</th></tr><tr class="successful label"><td class="test-label">the option 'option' should have the value 'option-value'</td><td>Success</td></tr><tr class="successful label"><th class="scenario-label">parent child 2 child 2.a</th><th class="nobr">passed:2 / pending:0 / failed:0 / errors:0 / total:2</th></tr><tr class="successful label"><th class="context-label">errors</th><th class="nobr">passed:1 / pending:0 / failed:0 / errors:0 / total:1</th></tr><tr class="successful label"><td class="test-label">the step should execute successfully without throwing any errors</td><td>Success</td></tr><tr class="successful label"><th class="context-label">the results</th><th class="nobr">passed:1 / pending:0 / failed:0 / errors:0 / total:1</th></tr><tr class="successful label"><td class="test-label">the option 'option' should have the value 'option-value'</td><td>Success</td></tr><tr class="successful label"><th class="scenario-label">parent child 2 child 2.b</th><th class="nobr">passed:2 / pending:0 / failed:0 / errors:0 / total:2</th></tr><tr class="successful label"><th class="context-label">errors</th><th class="nobr">passed:1 / pending:0 / failed:0 / errors:0 / total:1</th></tr><tr class="successful label"><td class="test-label">the step should execute successfully without throwing any errors</td><td>Success</td></tr><tr class="successful label"><th class="context-label">the results</th><th class="nobr">passed:1 / pending:0 / failed:0 / errors:0 / total:1</th></tr><tr class="successful label"><td class="test-label">the option 'option' should have the value 'option-value'</td><td>Success</td></tr></tbody></table></div><h2>Execution log</h2><table><thead><tr><th>Time</th><th>Severity</th><th>Message</th></tr></thead><tbody><tr style=""><td>0.000</td><td style="padding-left:0%;">INFO</td><td><code><pre>#### file:/home/jostein/xprocspec/xprocspec/src/test/xprocspec/tests/scenario-2.xprocspec ####</pre></code></td></tr><tr style=""><td>0.006</td><td style="padding-left:0%;">INFO</td><td><code><pre> * temporary directory: file:/tmp/xprocspec-20131202143557583/</pre></code></td></tr><tr style=""><td>0.011</td><td style="padding-left:0%;">INFO</td><td><code><pre>preprocessing...</pre></code></td></tr><tr style=""><td>0.027</td><td style="padding-left:0%;">INFO</td><td><code><pre> * checking for imports</pre></code></td></tr><tr style=""><td>0.034</td><td style="padding-left:0%;">INFO</td><td><code><pre> * checking file:/home/jostein/xprocspec/xprocspec/src/test/xprocspec/tests/scenario-2.xprocspec for imports</pre></code></td></tr><tr style=""><td>0.039</td><td style="padding-left:0%;">INFO</td><td><code><pre> * extracting step declarations from file:/home/jostein/xprocspec/xprocspec/src/test/xprocspec/steps/identity.xpl</pre></code></td></tr><tr style=""><td>0.046</td><td style="padding-left:0%;">INFO</td><td><code><pre> * tests reference 1 step</pre></code></td></tr><tr style=""><td>0.051</td><td style="padding-left:0%;">INFO</td><td><code><pre>   * step: e:identity</pre></code></td></tr><tr style=""><td>0.057</td><td style="padding-left:0%;">INFO</td><td><code><pre> * trying to load: file:/home/jostein/xprocspec/xprocspec/src/test/xprocspec/steps/identity.xpl</pre></code></td></tr><tr style=""><td>0.064</td><td style="padding-left:0%;">INFO</td><td><code><pre>   * success!</pre></code></td></tr><tr style=""><td>0.072</td><td style="padding-left:0%;">INFO</td><td><code><pre> * trying to extract the step declaration for {http://example.net/ns}identity from file:/home/jostein/xprocspec/xprocspec/src/test/xprocspec/steps/identity.xpl</pre></code></td></tr><tr style=""><td>0.085</td><td style="padding-left:0%;">INFO</td><td><code><pre> * creating a new x:description document for each x:scenario element with inferred inputs, options and parameters</pre></code></td></tr><tr style=""><td>0.105</td><td style="padding-left:0%;">INFO</td><td><code><pre> * validating output grammar</pre></code></td></tr><tr style=""><td>0.113</td><td style="padding-left:0%;">INFO</td><td><code><pre> * validating output grammar</pre></code></td></tr><tr style=""><td>0.120</td><td style="padding-left:0%;">INFO</td><td><code><pre> * validating output grammar</pre></code></td></tr><tr style=""><td>0.126</td><td style="padding-left:0%;">INFO</td><td><code><pre>compiling...</pre></code></td></tr><tr style=""><td>0.135</td><td style="padding-left:0%;">INFO</td><td><code><pre> * created directory using Calabash's cxf:mkdir</pre></code></td></tr><tr style=""><td>0.141</td><td style="padding-left:0%;">INFO</td><td><code><pre> * converting test 'test1' to XProc</pre></code></td></tr><tr style=""><td>0.156</td><td style="padding-left:0%;">INFO</td><td><code><pre>   * done</pre></code></td></tr><tr style=""><td>0.163</td><td style="padding-left:0%;">INFO</td><td><code><pre> * validating output grammar for file:/home/jostein/xprocspec/xprocspec/src/test/xprocspec/tests/scenario-2.xprocspec</pre></code></td></tr><tr style=""><td>0.170</td><td style="padding-left:0%;">INFO</td><td><code><pre>   * done!</pre></code></td></tr><tr style=""><td>0.178</td><td style="padding-left:0%;">INFO</td><td><code><pre> * converting test 'test2' to XProc</pre></code></td></tr><tr style=""><td>0.191</td><td style="padding-left:0%;">INFO</td><td><code><pre>   * done</pre></code></td></tr><tr style=""><td>0.198</td><td style="padding-left:0%;">INFO</td><td><code><pre> * validating output grammar for file:/home/jostein/xprocspec/xprocspec/src/test/xprocspec/tests/scenario-2.xprocspec</pre></code></td></tr><tr style=""><td>0.205</td><td style="padding-left:0%;">INFO</td><td><code><pre>   * done!</pre></code></td></tr><tr style=""><td>0.213</td><td style="padding-left:0%;">INFO</td><td><code><pre> * converting test 'test3' to XProc</pre></code></td></tr><tr style=""><td>0.226</td><td style="padding-left:0%;">INFO</td><td><code><pre>   * done</pre></code></td></tr><tr style=""><td>0.233</td><td style="padding-left:0%;">INFO</td><td><code><pre> * validating output grammar for file:/home/jostein/xprocspec/xprocspec/src/test/xprocspec/tests/scenario-2.xprocspec</pre></code></td></tr><tr style=""><td>0.240</td><td style="padding-left:0%;">INFO</td><td><code><pre>   * done!</pre></code></td></tr><tr style=""><td>0.248</td><td style="padding-left:0%;">INFO</td><td><code><pre> * using as temporary directory: file:/tmp/xprocspec-20131202143557583/xprocspec-20131202143605032/</pre></code></td></tr><tr style=""><td>0.254</td><td style="padding-left:0%;">INFO</td><td><code><pre>storing...</pre></code></td></tr><tr style=""><td>0.269</td><td style="padding-left:0%;">INFO</td><td><code><pre>running...</pre></code></td></tr><tr style=""><td>0.277</td><td style="padding-left:0%;">INFO</td><td><code><pre>   * loading 'file:/tmp/xprocspec-20131202143557583/test1.xpl'</pre></code></td></tr><tr style=""><td>0.335</td><td style="padding-left:0%;">INFO</td><td><code><pre>   * loading 'file:/tmp/xprocspec-20131202143557583/test2.xpl'</pre></code></td></tr><tr style=""><td>0.390</td><td style="padding-left:0%;">INFO</td><td><code><pre>   * loading 'file:/tmp/xprocspec-20131202143557583/test3.xpl'</pre></code></td></tr><tr style=""><td>0.444</td><td style="padding-left:0%;">INFO</td><td><code><pre>evaluating...</pre></code></td></tr><tr style=""><td>0.457</td><td style="padding-left:0%;">INFO</td><td><code><pre> * evaluating scenario 'parent child 1' (file:/home/jostein/xprocspec/xprocspec/src/test/xprocspec/tests/scenario-2.xprocspec)</pre></code></td></tr><tr style=""><td>0.465</td><td style="padding-left:0%;">INFO</td><td><code><pre>   * resolving x:document elements...</pre></code></td></tr><tr style=""><td>0.475</td><td style="padding-left:0%;">INFO</td><td><code><pre>    * no errors occured</pre></code></td></tr><tr style=""><td>0.510</td><td style="padding-left:0%;">INFO</td><td><code><pre>   * grouping x:expect elements with their x:context...</pre></code></td></tr><tr style=""><td>0.520</td><td style="padding-left:0%;">INFO</td><td><code><pre>   * evaluating each context/expect group...</pre></code></td></tr><tr style=""><td>0.527</td><td style="padding-left:0%;">INFO</td><td><code><pre>     * setting context to 'errors'</pre></code></td></tr><tr style=""><td>0.535</td><td style="padding-left:0%;">INFO</td><td><code><pre>       * testing assertion 'the step should execute successfully without throwing any errors'</pre></code></td></tr><tr style=""><td>0.543</td><td style="padding-left:0%;">INFO</td><td><code><pre>         * is document count assertion</pre></code></td></tr><tr style=""><td>0.551</td><td style="padding-left:0%;">INFO</td><td><code><pre>         * assertion passed</pre></code></td></tr><tr style=""><td>0.561</td><td style="padding-left:0%;">INFO</td><td><code><pre>     * setting context to 'the results'</pre></code></td></tr><tr style=""><td>0.569</td><td style="padding-left:0%;">INFO</td><td><code><pre>       * testing assertion 'the option 'option' should have the value 'option-value''</pre></code></td></tr><tr style=""><td>0.580</td><td style="padding-left:0%;">INFO</td><td><code><pre>         * is xpath assertion</pre></code></td></tr><tr style=""><td>0.599</td><td style="padding-left:0%;">INFO</td><td><code><pre> * evaluating scenario 'parent child 2 child 2.a' (file:/home/jostein/xprocspec/xprocspec/src/test/xprocspec/tests/scenario-2.xprocspec)</pre></code></td></tr><tr style=""><td>0.608</td><td style="padding-left:0%;">INFO</td><td><code><pre>   * resolving x:document elements...</pre></code></td></tr><tr style=""><td>0.618</td><td style="padding-left:0%;">INFO</td><td><code><pre>    * no errors occured</pre></code></td></tr><tr style=""><td>0.654</td><td style="padding-left:0%;">INFO</td><td><code><pre>   * grouping x:expect elements with their x:context...</pre></code></td></tr><tr style=""><td>0.663</td><td style="padding-left:0%;">INFO</td><td><code><pre>   * evaluating each context/expect group...</pre></code></td></tr><tr style=""><td>0.672</td><td style="padding-left:0%;">INFO</td><td><code><pre>     * setting context to 'errors'</pre></code></td></tr><tr style=""><td>0.680</td><td style="padding-left:0%;">INFO</td><td><code><pre>       * testing assertion 'the step should execute successfully without throwing any errors'</pre></code></td></tr><tr style=""><td>0.689</td><td style="padding-left:0%;">INFO</td><td><code><pre>         * is document count assertion</pre></code></td></tr><tr style=""><td>0.697</td><td style="padding-left:0%;">INFO</td><td><code><pre>         * assertion passed</pre></code></td></tr><tr style=""><td>0.707</td><td style="padding-left:0%;">INFO</td><td><code><pre>     * setting context to 'the results'</pre></code></td></tr><tr style=""><td>0.715</td><td style="padding-left:0%;">INFO</td><td><code><pre>       * testing assertion 'the option 'option' should have the value 'option-value''</pre></code></td></tr><tr style=""><td>0.726</td><td style="padding-left:0%;">INFO</td><td><code><pre>         * is xpath assertion</pre></code></td></tr><tr style=""><td>0.741</td><td style="padding-left:0%;">INFO</td><td><code><pre> * evaluating scenario 'parent child 2 child 2.b' (file:/home/jostein/xprocspec/xprocspec/src/test/xprocspec/tests/scenario-2.xprocspec)</pre></code></td></tr><tr style=""><td>0.751</td><td style="padding-left:0%;">INFO</td><td><code><pre>   * resolving x:document elements...</pre></code></td></tr><tr style=""><td>0.762</td><td style="padding-left:0%;">INFO</td><td><code><pre>    * no errors occured</pre></code></td></tr><tr style=""><td>0.797</td><td style="padding-left:0%;">INFO</td><td><code><pre>   * grouping x:expect elements with their x:context...</pre></code></td></tr><tr style=""><td>0.807</td><td style="padding-left:0%;">INFO</td><td><code><pre>   * evaluating each context/expect group...</pre></code></td></tr><tr style=""><td>0.879</td><td style="padding-left:0%;">INFO</td><td><code><pre>     * setting context to 'errors'</pre></code></td></tr><tr style=""><td>0.888</td><td style="padding-left:0%;">INFO</td><td><code><pre>       * testing assertion 'the step should execute successfully without throwing any errors'</pre></code></td></tr><tr style=""><td>0.897</td><td style="padding-left:0%;">INFO</td><td><code><pre>         * is document count assertion</pre></code></td></tr><tr style=""><td>0.906</td><td style="padding-left:0%;">INFO</td><td><code><pre>         * assertion passed</pre></code></td></tr><tr style=""><td>0.917</td><td style="padding-left:0%;">INFO</td><td><code><pre>     * setting context to 'the results'</pre></code></td></tr><tr style=""><td>0.926</td><td style="padding-left:0%;">INFO</td><td><code><pre>       * testing assertion 'the option 'option' should have the value 'option-value''</pre></code></td></tr><tr style=""><td>0.937</td><td style="padding-left:0%;">INFO</td><td><code><pre>         * is xpath assertion</pre></code></td></tr><tr style=""><td>0.953</td><td style="padding-left:0%;">INFO</td><td><code><pre>reporting...</pre></code></td></tr></tbody></table><link rel="stylesheet" href="http://yandex.st/highlightjs/7.3/styles/default.min.css"/><script type="text/javascript" src="http://yandex.st/highlightjs/7.3/highlight.min.js" xml:space="preserve"> </script><script type="text/javascript">hljs.initHighlightingOnLoad();</script></body></html></x:document></x:output><x:output port="junit"><x:document xml:base="file:/home/jostein/xprocspec/xprocspec/src/main/resources/content/xml/xproc/report/report.xpl" xml:space="preserve" type="inline"><testsuites tests="6" failures="0" time="0.962" errors="0" name="scenario2"><testsuite timestamp="2013-12-02T13:36:05.874Z" hostname="localhost" tests="2" errors="0" failures="0" skipped="0" id="d16379e1" name="parentChild1" package="http://example.net/ns" time="0.008">
<properties>

<property name="option: option" value="option-value"/>
<property name="option: option.required" value="option.required-value"/>

</properties>
<testcase name="theStepShouldExecuteSuccessfullyWithoutThrowingAnyErrors" classname="identity" assertions="1" time="0" status="SUCCESS"><system-out>the step should execute successfully without throwing any errors: SUCCESS</system-out>
<system-err/></testcase><testcase name="theOptionOptionShouldHaveTheValueOptionvalue" classname="identity" assertions="1" time="0" status="SUCCESS"><system-out>the option 'option' should have the value 'option-value': SUCCESS</system-out>
<system-err/></testcase></testsuite><testsuite timestamp="2013-12-02T13:36:05.885Z" hostname="localhost" tests="2" errors="0" failures="0" skipped="0" id="d16387e1" name="parentChild2Child2A" package="http://example.net/ns" time="0.008">
<properties>

<property name="option: option" value="option-value"/>
<property name="option: option.required" value="option.required-value"/>

</properties>
<testcase name="theStepShouldExecuteSuccessfullyWithoutThrowingAnyErrors" classname="identity" assertions="1" time="0" status="SUCCESS"><system-out>the step should execute successfully without throwing any errors: SUCCESS</system-out>
<system-err/></testcase><testcase name="theOptionOptionShouldHaveTheValueOptionvalue" classname="identity" assertions="1" time="0" status="SUCCESS"><system-out>the option 'option' should have the value 'option-value': SUCCESS</system-out>
<system-err/></testcase></testsuite><testsuite timestamp="2013-12-02T13:36:05.895Z" hostname="localhost" tests="2" errors="0" failures="0" skipped="0" id="d16394e1" name="parentChild2Child2B" package="http://example.net/ns" time="0.008">
<properties>

<property name="option: option" value="option-value"/>
<property name="option: option.required" value="option.required-value"/>

</properties>
<testcase name="theStepShouldExecuteSuccessfullyWithoutThrowingAnyErrors" classname="identity" assertions="1" time="0" status="SUCCESS"><system-out>the step should execute successfully without throwing any errors: SUCCESS</system-out>
<system-err/></testcase><testcase name="theOptionOptionShouldHaveTheValueOptionvalue" classname="identity" assertions="1" time="0" status="SUCCESS"><system-out>the option 'option' should have the value 'option-value': SUCCESS</system-out>
<system-err/></testcase></testsuite></testsuites></x:document></x:output><x:test-result type="count" label="the step should execute successfully without throwing any errors" max="0" contextref="errors" result="passed">
                                                        <x:expected>At most 0 documents.</x:expected>
                                                    <x:was>0</x:was></x:test-result><x:test-result label="there should be at least one test, and none of the tests should fail" type="xpath" test="not(/*/@tests='0') and /*/@failures='0' and /*/@errors='0'" contextref="context5" result="passed"><x:expected xml:space="preserve">XPath: true()
Value: true</x:expected><x:was xml:space="preserve">XPath: not(/*/@tests='0') and /*/@failures='0' and /*/@errors='0'
Value: true</x:was></x:test-result></x:description><x:description xmlns:cx="http://xmlcalabash.com/ns/extensions" xmlns:c="http://www.w3.org/ns/xproc-step" xml:base="file:/home/jostein/xprocspec/xprocspec/src/test/xprocspec/test.xprocspec" test-base-uri="file:/home/jostein/xprocspec/xprocspec/src/test/xprocspec/test.xprocspec" script="file:/home/jostein/xprocspec/xprocspec/src/main/resources/content/xml/xproc/xprocspec.xpl" test-grammar="xprocspec" temp-dir="file:/tmp/xprocspec-20131202143557583/"><x:step-declaration><p:declare-step xmlns:p="http://www.w3.org/ns/xproc" xmlns:px="http://www.daisy.org/ns/xprocspec" xmlns:pxi="http://www.daisy.org/ns/xprocspec/xproc-internal/" xmlns:pkg="http://expath.org/ns/pkg" type="px:xprocspec" name="main" version="1.0" xpath-version="2.0" pkg:import-uri="http://www.daisy.org/ns/xprocspec/xprocspec.xpl" x:type="{http://www.daisy.org/ns/xprocspec}xprocspec"><p:input port="source" kind="document" sequence="false" primary="true"/><p:output port="result" kind="document" sequence="false" primary="false"><p:pipe port="result" step="report"/></p:output><p:output port="html" kind="document" sequence="false" primary="false"><p:pipe port="html" step="report"/></p:output><p:output port="junit" kind="document" sequence="false" primary="false"><p:pipe port="junit" step="report"/></p:output><p:option name="temp-dir" select="'file:/tmp/'"/><p:option name="step-available-rng" select="'false'"/></p:declare-step></x:step-declaration><x:scenario end-time="2013-12-02T13:36:06.868Z" label="the call element - inherit from call elements in ancestor scenarios" start-time="2013-12-02T13:36:06.358Z"><x:call x:type="{http://www.daisy.org/ns/xprocspec}xprocspec" step="x:xprocspec"><x:option select="$temp-dir" name="temp-dir" value="file:/tmp/xprocspec-20131202143557583/"/><x:input port="source">
                    <x:document xml:base="file:/home/jostein/xprocspec/xprocspec/src/test/xprocspec/test.xprocspec" xml:space="preserve" type="inline"><?xml-model href="http://www.daisy.org/ns/xprocspec/xprocspec.rng" type="application/xml" schematypens="http://relaxng.org/ns/structure/1.0"?><x:description xmlns:e="http://example.net/ns" script="../steps/identity.xpl">
    
    <x:scenario label="x:call with @step">
        <x:call step="e:identity"/>
        
        <x:scenario label="x:call with 'option' option">
            <x:call>
                <x:option name="option" select="'option-value'"/>
                <x:option name="option.required" select="'option-override-me'"/>
            </x:call>
            
            <x:scenario label="x:call with 'option.required' option">
                <x:call>
                    <x:option name="option.required" select="'option-value'"/>
                </x:call>
                
                <x:context label="the results">
                    <x:document type="port" port="options"/>
                </x:context>
                <x:expect type="xpath" label="the option 'option' should have the value 'option-value'" test="/*/*[@name='option']/@value" equals="'option-value'"/>
                <x:expect type="xpath" label="the option 'option.required' should have the value 'option-value'" test="/*/*[@name='option.required']/@value" equals="'option-value'"/>
                
            </x:scenario>
        </x:scenario>
    </x:scenario>
    
</x:description></x:document>
                </x:input></x:call>
                                                <x:context label="errors" id="errors">
                                                    
                                                </x:context>
                                            
                                                <x:expect type="count" label="the step should execute successfully without throwing any errors" max="0" contextref="errors"/>
                                            <x:context label="the junit output port" id="context6">
                <x:document xml:base="file:/home/jostein/xprocspec/xprocspec/src/main/resources/content/xml/xproc/report/report.xpl" xml:space="preserve" type="inline"><testsuites tests="3" failures="0" time="0.412" errors="0" name="call1"><testsuite timestamp="2013-12-02T13:36:06.786Z" hostname="localhost" tests="3" errors="0" failures="0" skipped="0" id="d17930e1" name="xcallWithStepXcallWithOptionOptionXcallWithOptionRequiredOption" package="http://example.net/ns" time="0.008">
<properties>

<property name="option: option" value="option-value"/>
<property name="option: option.required" value="option-value"/>

</properties>
<testcase name="theStepShouldExecuteSuccessfullyWithoutThrowingAnyErrors" classname="identity" assertions="1" time="0" status="SUCCESS"><system-out>the step should execute successfully without throwing any errors: SUCCESS</system-out>
<system-err/></testcase><testcase name="theOptionOptionShouldHaveTheValueOptionvalue" classname="identity" assertions="1" time="0" status="SUCCESS"><system-out>the option 'option' should have the value 'option-value': SUCCESS</system-out>
<system-err/></testcase><testcase name="theOptionOptionRequiredShouldHaveTheValueOptionvalue" classname="identity" assertions="1" time="0" status="SUCCESS"><system-out>the option 'option.required' should have the value 'option-value': SUCCESS</system-out>
<system-err/></testcase></testsuite></testsuites></x:document>
            </x:context><x:expect label="there should be at least one test, and none of the tests should fail" type="xpath" test="not(/*/@tests='0') and /*/@failures='0' and /*/@errors='0'" contextref="context6"/></x:scenario><x:output port="result"><x:document xml:base="file:/home/jostein/xprocspec/xprocspec/src/main/resources/content/xml/xproc/report/report.xpl" xml:space="preserve" type="inline"><x:test-report><x:description xml:base="file:/home/jostein/xprocspec/xprocspec/src/test/xprocspec/tests/call-1.xprocspec" test-base-uri="file:/home/jostein/xprocspec/xprocspec/src/test/xprocspec/tests/call-1.xprocspec" script="file:/home/jostein/xprocspec/xprocspec/src/test/xprocspec/steps/identity.xpl" test-grammar="xprocspec" temp-dir="file:/tmp/xprocspec-20131202143557583/xprocspec-20131202143606474/"><x:step-declaration><p:declare-step xmlns:p="http://www.w3.org/ns/xproc" xmlns:ex="http://example.net/ns" name="main" type="ex:identity" version="1.0" x:type="{http://example.net/ns}identity"><p:input port="source.document.primary" kind="document" primary="true" sequence="false"><p:inline>
            <source.document.primary.default/>
        </p:inline></p:input><p:input port="source.document.secondary.sequence" kind="document" sequence="true" primary="false"><p:inline>
            <source.document.secondary.sequence/>
        </p:inline></p:input><p:input select="/*/*" port="source.document.secondary.select-children" kind="document" sequence="true" primary="false"><p:inline>
            <default>
                <default/>
                <default/>
            </default>
        </p:inline></p:input><p:input port="source.parameter.primary.sequence" primary="true" kind="parameter" sequence="true"/><p:output port="result.document.primary" kind="document" primary="true" sequence="false"><p:pipe port="source.document.primary" step="main"/></p:output><p:output port="result.document.secondary.sequence" kind="document" sequence="true" primary="false"><p:pipe port="source.document.secondary.sequence" step="main"/></p:output><p:output port="result.document.secondary.select-children" kind="document" sequence="true" primary="false"><p:pipe port="source.document.secondary.select-children" step="main"/></p:output><p:output port="result.parameter.primary" kind="document" sequence="false" primary="false"><p:pipe port="result" step="parameters"/></p:output><p:output port="options" kind="document" sequence="false" primary="false"><p:pipe port="result" step="options"/></p:output><p:option name="option"/><p:option name="option.required" required="true"/><p:option name="option.default" select="'default'"/></p:declare-step></x:step-declaration><x:scenario xmlns:e="http://example.net/ns" end-time="2013-12-02T13:36:06.575Z" label="x:call with @step x:call with 'option' option x:call with 'option.required' option" start-time="2013-12-02T13:36:06.567Z"><x:call x:type="{http://example.net/ns}identity" step="e:identity"><x:option select="'option-value'" name="option" value=""/><x:option select="'option-value'" name="option.required" value=""/></x:call>
                                                <x:context label="errors" id="errors">
                                                    
                                                </x:context>
                                            
                                                <x:expect type="count" label="the step should execute successfully without throwing any errors" max="0" contextref="errors"/>
                                            <x:context label="the results" id="context0">
                    <x:document xml:base="file:/home/jostein/xprocspec/xprocspec/src/test/xprocspec/steps/identity.xpl" xml:space="preserve" type="inline">
                <c:options xmlns:ex="http://example.net/ns">
                    <c:option name="option" value="option-value"/>
                    <c:option name="option.required" value="option-value"/>
                    <c:option name="option.default" value="default"/>
                </c:options>
            </x:document>
                </x:context><x:expect type="xpath" label="the option 'option' should have the value 'option-value'" test="/*/*[@name='option']/@value" equals="'option-value'" contextref="context0"/><x:expect type="xpath" label="the option 'option.required' should have the value 'option-value'" test="/*/*[@name='option.required']/@value" equals="'option-value'" contextref="context0"/></x:scenario><x:output port="result.document.primary"><x:document xml:base="file:/home/jostein/xprocspec/xprocspec/src/test/xprocspec/tests/call-1.xprocspec" xml:space="preserve" type="inline">
            <source.document.primary.default xmlns:ex="http://example.net/ns"/>
        </x:document></x:output><x:output port="result.document.secondary.sequence"><x:document xml:base="file:/home/jostein/xprocspec/xprocspec/src/test/xprocspec/steps/identity.xpl" xml:space="preserve" type="inline">
            <source.document.secondary.sequence xmlns:ex="http://example.net/ns"/>
        </x:document></x:output><x:output port="result.document.secondary.select-children"><x:document xml:base="file:/home/jostein/xprocspec/xprocspec/src/test/xprocspec/steps/identity.xpl" xml:space="preserve" type="inline"><default xmlns:ex="http://example.net/ns"/></x:document><x:document xml:base="file:/home/jostein/xprocspec/xprocspec/src/test/xprocspec/steps/identity.xpl" xml:space="preserve" type="inline"><default xmlns:ex="http://example.net/ns"/></x:document></x:output><x:output port="result.parameter.primary"><x:document xml:base="file:/home/jostein/xprocspec/xprocspec/src/test/xprocspec/steps/identity.xpl" xml:space="preserve" type="inline"><c:param-set/></x:document></x:output><x:output port="options"><x:document xml:base="file:/home/jostein/xprocspec/xprocspec/src/test/xprocspec/steps/identity.xpl" xml:space="preserve" type="inline">
                <c:options xmlns:ex="http://example.net/ns">
                    <c:option name="option" value="option-value"/>
                    <c:option name="option.required" value="option-value"/>
                    <c:option name="option.default" value="default"/>
                </c:options>
            </x:document></x:output><x:test-result xmlns:e="http://example.net/ns" type="count" label="the step should execute successfully without throwing any errors" max="0" contextref="errors" result="passed">
                                                        <x:expected>At most 0 documents.</x:expected>
                                                    <x:was>0</x:was></x:test-result><x:test-result xmlns:e="http://example.net/ns" type="xpath" label="the option 'option' should have the value 'option-value'" test="/*/*[@name='option']/@value" equals="'option-value'" contextref="context0" result="passed"><x:expected xml:space="preserve">XPath: 'option-value'
Value: option-value</x:expected><x:was xml:space="preserve">XPath: /*/*[@name='option']/@value
Value: option-value</x:was></x:test-result><x:test-result xmlns:e="http://example.net/ns" type="xpath" label="the option 'option.required' should have the value 'option-value'" test="/*/*[@name='option.required']/@value" equals="'option-value'" contextref="context0" result="passed"><x:expected xml:space="preserve">XPath: 'option-value'
Value: option-value</x:expected><x:was xml:space="preserve">XPath: /*/*[@name='option.required']/@value
Value: option-value</x:was></x:test-result></x:description></x:test-report></x:document></x:output><x:output port="html"><x:document xml:base="file:/home/jostein/xprocspec/xprocspec/src/main/resources/content/xml/xproc/report/report-template.xhtml" xml:space="preserve" type="inline"><html xmlns="http://www.w3.org/1999/xhtml"><head><title>Test Report for file:/home/jostein/xprocspec/xprocspec/src/test/xprocspec/tests/call-1.xprocspec (passed:3 / pending:0 / failed:0 / errors:0 / total:3)</title>
        <meta charset="utf-8"/>
        <style type="text/css" xml:space="preserve">/**/
/****************************************************************************/
/*  File:       test-report.css                                             */
/*  Author:     Jeni Tennsion                                               */
/*  URI:        http://xspec.googlecode.com/                                */
/*  Tags:                                                                   */
/*    Copyright (c) 2008, 2010 Jeni Tennsion (see end of file.)             */
/* ------------------------------------------------------------------------ */


/* test */

/* box model */

body {
	margin-right: 1em;
	/*margin-left: 10%;*/
	}

h1 {
	padding: 0.3em 0.5em 0.3em 0.5em;
	position: relative;
	}

h2 {
	padding: 0.1em 0.5em 0.2em 0.5em;
	}

h3 {
	padding-left: 0.6em;
	}

h4 {
	padding-left: 0.8em;
	}

p, table {
	/*margin-left: 5%;*/
	}

dd ul, dd ol {
	margin-left: 0%;
	}

li ul, li ol {
	/*margin-left: 5%;*/
	}

dl, ul, ol, blockquote {
	/*margin-left: 10%;*/
	}

dt {
  padding-top: 3px;
  padding-bottom: 3px;
	clear: both;
	}

dd p {
	/*margin-left: -5px;*/
	margin-top: 5px;
	clear: both;
	}

p.link {
	margin-top: 4px;
	margin-bottom: 0px;
	clear: both;
	}

tr td, td p, li, li p {
	margin-left: 0%;
	}

td:nth-child(2) {
	padding-left: 5%;
	}

.link img, dt img {
	vertical-align: middle;
	position: relative;
	top: -5px;
	}

img {
	position: relative;
	}

#xml-link {
	position: absolute;
	left: 5px;
	top: 5px;
	width: 10%;
	margin-left: 0%;
	}

#link-up {
	position: absolute;
	left: 93%;
	right: 2em;
	top: 0.3em;
	}

#link-top {
	position: absolute;
	left: 89%;
	right: 4em;
	top: 0.3em;
	}
	
.popup {
	display: block;
	visibility: hidden;
	float: right;
	position: absolute;
	top: 5px;
	left: -200px;
	z-index: 1;
	padding: 0.3em;
	width: 220px;
	}

.note {
	position: relative;
	}

.post {
	/*margin-left: 5%;*/
	padding-top: 1em;
	}
	
.example, .sidebar {
  /*margin-left: 5%;*/
  margin-top: 1em;
  margin-bottom: 1em;
  }

/*pre {
	padding-left: 5%;
	margin-left: 5%;
	}*/

/*dd pre, li pre {
	padding-left: 5%;
	}*/

/* fonts */
/* Oxygen  */
body, table {
    font-family:arial, helvetica, sans-serif;
    font-size:12px;
}
/* Oxygen  */

/*body {
	font-family: Verdana, arial, sans-serif;
	font-size: small;
	}*/	

/*h1, h2, h3, h4, h5, h6 {
	font-family: 'trebuchet MS', arial, sans-serif;
	}*/

h1 {
	font-size: 173%;
	font-weight: bold;
	}

h2 {
	font-size: 144%;
	font-weight: normal;
	}

h3 {
	font-size: 120%;
	font-weight: normal;
	}

h4 {
  font-size: 100%;
  font-weight: bold;
}

dt {
	font-weight: bold;
	}

a:link, a:visited, a:active, a:hover {
	font-weight: bold;
	}

a.offsite:link, a.offsite:visited, a.offsite:active, a.offsite:hover {
	font-weight: normal;
	}

/* suppress the normal italics */
address {
	font-style: normal;
	}

div.example, .sidebar {
  font-family: Verdana, arial, sans-serif;
  font-size: 100%;
  }


.note, .link {
	font-family: Verdana, arial, sans-serif;
	/*font-size: 83%;*/
	}

/*.example, .string, .rtf, .code, pre, code {
	font-family: "Lucida Console", "Courier New", monospace;*/
  /*font-size: 83%;*/
/*	}*/

.boolean {
	font-style: italic;
	}

#colophon, #xml-link {
	font-size: 69%;
	}

.question, .title {
	font-weight: bold;
	}

/* colours */
body {
	background-color: white;
	color: black;
	border: 0px none black;
	}

/* this is to make Navigator fill the entire line */
h1, h2 {
	border: 1px solid white;
	width: auto;
	}

h1 {
	/*background: #606;*/
	/*color: #6F6;*/
	}

h2 {
	color: #606;
	/*background: #CFC;*/
	}

hr {
	color: #606;
	background: white;
	}

img, a:link img, a:visited img, a:hover img, a:active img, #link-up img, #link-top img {
	border: 0px none white;
	background: transparent;
	}

/* OXYGEN */
a, a:visited {
    color:rgb(0, 0, 150);
    background-color:inherit;
    font-weight: bold;
}
a:link, a:visited {
    text-decoration:none; 
}
a:hover {
    text-decoration:underline;
}

/* OXYGEN */

a.img:hover, a.img:active {
	background: transparent;
	}

#colophon, #xml-link, .note {
	color: #666;
	}

#colophon a:link, #colophon a:visited, #colophon a:hover,
#xml-link a:link, #xml-link a:visited, #xml-link a:hover,
.note a:link, .note a:visited, .note a:hover {
	color: #969;
	background: transparent;
	}

#colophon a:hover, #xml-link a:hover, .note a:hover {
	background: #CFC;
	color: #969;
	}

.popup {
	background: white;
	border: 1px solid #606;
	}

.post {
	border-top: 2px solid #606;
	}
	
.example {
  border-top: 2px solid #606;
  border-bottom: 2px solid #606;
  }
  
.sidebar {
  border-top: 2px solid #090;
  border-bottom: 2px solid #090;
  }
  
.rng {
  border-left: 2px solid #666;
  }

.same {
  background-color: rgb(206, 239, 174);
}

.diff {
  background-color: #FCC;
}

.whitespace {
	font-style: italic;
	color: #999;
	background: white;
}

.ignored {
  font-style: italic;
  color: #999;
  background: white;
}

.hit {
}

.missed {
  background-color: #A33;
  color: white;
}

/* text */
ol ol li {
	list-style: lower-alpha;
	}

th {
	text-align: left;
	}

td {
	vertical-align: top;
	}

h1 {
	text-transform: uppercase;
	}

h2, h3 {
	/*text-transform: capitalize;*/
	}

.question {
	text-indent: -33px;
	}

.byline {
	text-align: right;
	}

#link-top, #link-up {
	text-align: right;
	}

a {
	text-decoration: none;
	}

table { width: 85%;
        /* border: collapse; */ }

th { text-align: left; }

.xspec tbody th { font-weight: normal; /*font-size: 0.8em;*/ border-top: 1px #666 solid; }
.xspec tbody td { /*font-size: 0.8em;*/ color: #666; }

.successful.label th, .successful.label td { background-color: #CFC; }
.pending.label th, .pending.label td { background-color: #DDD; color: #666; }
.failed.label th, .failed.label td { background-color: #FCC; }
.error.label th, .error.label td { background-color: #FAA; }
/*body &gt; table tbody .failed.label th:first-child:before {content:url(data:image/png;base64,iVBORw0KGgoAAAANSUhEUgAAAAwAAAAMCAYAAABWdVznAAAAGXRFWHRTb2Z0d2FyZQBBZG9iZSBJbWFnZVJlYWR5ccllPAAAA2ZpVFh0WE1MOmNvbS5hZG9iZS54bXAAAAAAADw/eHBhY2tldCBiZWdpbj0i77u/IiBpZD0iVzVNME1wQ2VoaUh6cmVTek5UY3prYzlkIj8+IDx4OnhtcG1ldGEgeG1sbnM6eD0iYWRvYmU6bnM6bWV0YS8iIHg6eG1wdGs9IkFkb2JlIFhNUCBDb3JlIDUuMy1jMDExIDY2LjE0NTY2MSwgMjAxMi8wMi8wNi0xNDo1NjoyNyAgICAgICAgIj4gPHJkZjpSREYgeG1sbnM6cmRmPSJodHRwOi8vd3d3LnczLm9yZy8xOTk5LzAyLzIyLXJkZi1zeW50YXgtbnMjIj4gPHJkZjpEZXNjcmlwdGlvbiByZGY6YWJvdXQ9IiIgeG1sbnM6eG1wTU09Imh0dHA6Ly9ucy5hZG9iZS5jb20veGFwLzEuMC9tbS8iIHhtbG5zOnN0UmVmPSJodHRwOi8vbnMuYWRvYmUuY29tL3hhcC8xLjAvc1R5cGUvUmVzb3VyY2VSZWYjIiB4bWxuczp4bXA9Imh0dHA6Ly9ucy5hZG9iZS5jb20veGFwLzEuMC8iIHhtcE1NOk9yaWdpbmFsRG9jdW1lbnRJRD0ieG1wLmRpZDpCQjU0NjU4QjIyQTNFMTExQkI5Rjk5QkQ4RkQ5RUJFQiIgeG1wTU06RG9jdW1lbnRJRD0ieG1wLmRpZDpEQTUyOTdBQUEzRDUxMUUxQTQwN0YzMUI0Nzg3NDU1RSIgeG1wTU06SW5zdGFuY2VJRD0ieG1wLmlpZDpEQTUyOTdBOUEzRDUxMUUxQTQwN0YzMUI0Nzg3NDU1RSIgeG1wOkNyZWF0b3JUb29sPSJBZG9iZSBQaG90b3Nob3AgQ1M2IChXaW5kb3dzKSI+IDx4bXBNTTpEZXJpdmVkRnJvbSBzdFJlZjppbnN0YW5jZUlEPSJ4bXAuaWlkOjQ4MTZDRTNCRDVBM0UxMTFBQTI2QTBCMjZENzg1Qzg5IiBzdFJlZjpkb2N1bWVudElEPSJ4bXAuZGlkOkJCNTQ2NThCMjJBM0UxMTFCQjlGOTlCRDhGRDlFQkVCIi8+IDwvcmRmOkRlc2NyaXB0aW9uPiA8L3JkZjpSREY+IDwveDp4bXBtZXRhPiA8P3hwYWNrZXQgZW5kPSJyIj8+aHNJrgAAAZ1JREFUeNpsUssrRGEU/907985YMDPNYlh4hbKZPMdgR3aysrGSSFIeKyUKpewoRTYkmcgCf4MsMI2FPDYGKeUZSoru4/uc82VC+W7fOeee+zvn/M45V1uuyCmVwDogq0hDklD6jy1dspNkdxokVrIzPFUh0/MD5OdXoJDwPFtu3d2ns6TTp9oggTlFZlmN0o4AHMmXfJGo0lmGzoE1OgmNHf5YA8rmN5HfM6wADmUuHphA9cIW/JX1yiek9DIlyijxkNjBzXYche19gNcHzfShoLUdVxtLuD/cYzCoMAzCwqYrhMDx9Chs20JRWzf4nMcXcDI3pYAqQHIAtWUJbpKursMMhpA+RiAEGzpc4X5XkDB4GjaHmiZik/PIa2rBEWVlSuW9Q+T3YndskBi46QpQFcLltchtbEZyZhxna4uKhmV9Ito/gtPNOG4P99WItdlIWARNXWOAv6AEr9cplel7/ggUleDlMqUSvNnCobHKxDsNnqs8XaWUZopp/XhxTkOR+HDVOveYUge9rNLyY9SU9v+vwXuUB2R0fQkwABfn/VKSjTLBAAAAAElFTkSuQmCC) " "}*/
/*body &gt; table tbody .error.label th:first-child:before {content:url(data:image/png;base64,iVBORw0KGgoAAAANSUhEUgAAAAwAAAAMCAYAAABWdVznAAAABmJLR0QAAAAAAAD5Q7t/AAAACXBIWXMAAAsTAAALEwEAmpwYAAAAB3RJTUUH3QcKER4AdkxvvQAAAdVJREFUKM89kM9KG0EAh7/JTHazZInEQwJ68KIWLx6Etj6EjxAobYSsD+BjCJ682EOp0FMueYmS0FMICF4i6tFNzJ/dyRh2Znoo6Xf+Pn7wEzc3Nx/W6/UvY8xJnudkWYa1Fu893nviOCaKIhuG4R/v/Ve1Xq9/bG1tnezs7JDnOVpr3t/fcc4hpaRSqVCpVORqtTp9e3v7rrTWn5vNJpPJhHK5zHg8JssyvPeEYcjR0RFpmlKr1ZjP5x9Li8VCbOR2u83BwQEvLy88PT1xfHzMxcUFQgjSNCXLskDlec5sNuPx8REpJZ1Oh+fnZ4QQnJ+fc319Tb/fZ29vD601SmvNdDplsVhwe3vLaDTi6uoKgCRJGAwGNBoNXl9fMcZQcs5hjGG1WpHnObVajQ3VahWtNcYYjDE451Cb+7z3JElCkiScnZ0hpaTX67G7u0u328V7/y+oVqsIITg8PKTT6dBqtRgOhzjnaLVa3N3dcX9/z3K5JI5jxOXlpSuKQqRpirWWh4eH//Plcpn9/X2cc2xvb1MqlQqllBpYa0/jOGYymdBsNsmyDOccURRRFAX1eh2lFGEY/lZBEHyx1v703n8KgkBEUYSUEu/9RkIIUQRB0A/D8NtflUT+nn4OS+0AAAAASUVORK5CYII=) " "}*/
.failed.label th:first-child:before, .failed.label td:first-child:before {content:url(data:image/png;base64,iVBORw0KGgoAAAANSUhEUgAAAAwAAAAMCAYAAABWdVznAAAAGXRFWHRTb2Z0d2FyZQBBZG9iZSBJbWFnZVJlYWR5ccllPAAAA2ZpVFh0WE1MOmNvbS5hZG9iZS54bXAAAAAAADw/eHBhY2tldCBiZWdpbj0i77u/IiBpZD0iVzVNME1wQ2VoaUh6cmVTek5UY3prYzlkIj8+IDx4OnhtcG1ldGEgeG1sbnM6eD0iYWRvYmU6bnM6bWV0YS8iIHg6eG1wdGs9IkFkb2JlIFhNUCBDb3JlIDUuMy1jMDExIDY2LjE0NTY2MSwgMjAxMi8wMi8wNi0xNDo1NjoyNyAgICAgICAgIj4gPHJkZjpSREYgeG1sbnM6cmRmPSJodHRwOi8vd3d3LnczLm9yZy8xOTk5LzAyLzIyLXJkZi1zeW50YXgtbnMjIj4gPHJkZjpEZXNjcmlwdGlvbiByZGY6YWJvdXQ9IiIgeG1sbnM6eG1wTU09Imh0dHA6Ly9ucy5hZG9iZS5jb20veGFwLzEuMC9tbS8iIHhtbG5zOnN0UmVmPSJodHRwOi8vbnMuYWRvYmUuY29tL3hhcC8xLjAvc1R5cGUvUmVzb3VyY2VSZWYjIiB4bWxuczp4bXA9Imh0dHA6Ly9ucy5hZG9iZS5jb20veGFwLzEuMC8iIHhtcE1NOk9yaWdpbmFsRG9jdW1lbnRJRD0ieG1wLmRpZDpCQjU0NjU4QjIyQTNFMTExQkI5Rjk5QkQ4RkQ5RUJFQiIgeG1wTU06RG9jdW1lbnRJRD0ieG1wLmRpZDpEQTUyOTdBQUEzRDUxMUUxQTQwN0YzMUI0Nzg3NDU1RSIgeG1wTU06SW5zdGFuY2VJRD0ieG1wLmlpZDpEQTUyOTdBOUEzRDUxMUUxQTQwN0YzMUI0Nzg3NDU1RSIgeG1wOkNyZWF0b3JUb29sPSJBZG9iZSBQaG90b3Nob3AgQ1M2IChXaW5kb3dzKSI+IDx4bXBNTTpEZXJpdmVkRnJvbSBzdFJlZjppbnN0YW5jZUlEPSJ4bXAuaWlkOjQ4MTZDRTNCRDVBM0UxMTFBQTI2QTBCMjZENzg1Qzg5IiBzdFJlZjpkb2N1bWVudElEPSJ4bXAuZGlkOkJCNTQ2NThCMjJBM0UxMTFCQjlGOTlCRDhGRDlFQkVCIi8+IDwvcmRmOkRlc2NyaXB0aW9uPiA8L3JkZjpSREY+IDwveDp4bXBtZXRhPiA8P3hwYWNrZXQgZW5kPSJyIj8+aHNJrgAAAZ1JREFUeNpsUssrRGEU/907985YMDPNYlh4hbKZPMdgR3aysrGSSFIeKyUKpewoRTYkmcgCf4MsMI2FPDYGKeUZSoru4/uc82VC+W7fOeee+zvn/M45V1uuyCmVwDogq0hDklD6jy1dspNkdxokVrIzPFUh0/MD5OdXoJDwPFtu3d2ns6TTp9oggTlFZlmN0o4AHMmXfJGo0lmGzoE1OgmNHf5YA8rmN5HfM6wADmUuHphA9cIW/JX1yiek9DIlyijxkNjBzXYche19gNcHzfShoLUdVxtLuD/cYzCoMAzCwqYrhMDx9Chs20JRWzf4nMcXcDI3pYAqQHIAtWUJbpKursMMhpA+RiAEGzpc4X5XkDB4GjaHmiZik/PIa2rBEWVlSuW9Q+T3YndskBi46QpQFcLltchtbEZyZhxna4uKhmV9Ito/gtPNOG4P99WItdlIWARNXWOAv6AEr9cplel7/ggUleDlMqUSvNnCobHKxDsNnqs8XaWUZopp/XhxTkOR+HDVOveYUge9rNLyY9SU9v+vwXuUB2R0fQkwABfn/VKSjTLBAAAAAElFTkSuQmCC) " "}
.error.label th:first-child:before, .error.label td:first-child:before {content:url(data:image/png;base64,iVBORw0KGgoAAAANSUhEUgAAAAwAAAAMCAYAAABWdVznAAAABmJLR0QAAAAAAAD5Q7t/AAAACXBIWXMAAAsTAAALEwEAmpwYAAAAB3RJTUUH3QcKER4AdkxvvQAAAdVJREFUKM89kM9KG0EAh7/JTHazZInEQwJ68KIWLx6Etj6EjxAobYSsD+BjCJ682EOp0FMueYmS0FMICF4i6tFNzJ/dyRh2Znoo6Xf+Pn7wEzc3Nx/W6/UvY8xJnudkWYa1Fu893nviOCaKIhuG4R/v/Ve1Xq9/bG1tnezs7JDnOVpr3t/fcc4hpaRSqVCpVORqtTp9e3v7rrTWn5vNJpPJhHK5zHg8JssyvPeEYcjR0RFpmlKr1ZjP5x9Li8VCbOR2u83BwQEvLy88PT1xfHzMxcUFQgjSNCXLskDlec5sNuPx8REpJZ1Oh+fnZ4QQnJ+fc319Tb/fZ29vD601SmvNdDplsVhwe3vLaDTi6uoKgCRJGAwGNBoNXl9fMcZQcs5hjGG1WpHnObVajQ3VahWtNcYYjDE451Cb+7z3JElCkiScnZ0hpaTX67G7u0u328V7/y+oVqsIITg8PKTT6dBqtRgOhzjnaLVa3N3dcX9/z3K5JI5jxOXlpSuKQqRpirWWh4eH//Plcpn9/X2cc2xvb1MqlQqllBpYa0/jOGYymdBsNsmyDOccURRRFAX1eh2lFGEY/lZBEHyx1v703n8KgkBEUYSUEu/9RkIIUQRB0A/D8NtflUT+nn4OS+0AAAAASUVORK5CYII=) " "}
.pending.label th:first-child:before, .pending.label td:first-child:before {content:url(data:image/png;base64,iVBORw0KGgoAAAANSUhEUgAAAAwAAAAMCAYAAABWdVznAAAAGXRFWHRTb2Z0d2FyZQBBZG9iZSBJbWFnZVJlYWR5ccllPAAAA2ZpVFh0WE1MOmNvbS5hZG9iZS54bXAAAAAAADw/eHBhY2tldCBiZWdpbj0i77u/IiBpZD0iVzVNME1wQ2VoaUh6cmVTek5UY3prYzlkIj8+IDx4OnhtcG1ldGEgeG1sbnM6eD0iYWRvYmU6bnM6bWV0YS8iIHg6eG1wdGs9IkFkb2JlIFhNUCBDb3JlIDUuMy1jMDExIDY2LjE0NTY2MSwgMjAxMi8wMi8wNi0xNDo1NjoyNyAgICAgICAgIj4gPHJkZjpSREYgeG1sbnM6cmRmPSJodHRwOi8vd3d3LnczLm9yZy8xOTk5LzAyLzIyLXJkZi1zeW50YXgtbnMjIj4gPHJkZjpEZXNjcmlwdGlvbiByZGY6YWJvdXQ9IiIgeG1sbnM6eG1wTU09Imh0dHA6Ly9ucy5hZG9iZS5jb20veGFwLzEuMC9tbS8iIHhtbG5zOnN0UmVmPSJodHRwOi8vbnMuYWRvYmUuY29tL3hhcC8xLjAvc1R5cGUvUmVzb3VyY2VSZWYjIiB4bWxuczp4bXA9Imh0dHA6Ly9ucy5hZG9iZS5jb20veGFwLzEuMC8iIHhtcE1NOk9yaWdpbmFsRG9jdW1lbnRJRD0ieG1wLmRpZDpCQjU0NjU4QjIyQTNFMTExQkI5Rjk5QkQ4RkQ5RUJFQiIgeG1wTU06RG9jdW1lbnRJRD0ieG1wLmRpZDpDODdDM0Y0QUEzRDUxMUUxQjk5N0MzQjVFRDMyQUE1MiIgeG1wTU06SW5zdGFuY2VJRD0ieG1wLmlpZDpDODdDM0Y0OUEzRDUxMUUxQjk5N0MzQjVFRDMyQUE1MiIgeG1wOkNyZWF0b3JUb29sPSJBZG9iZSBQaG90b3Nob3AgQ1M2IChXaW5kb3dzKSI+IDx4bXBNTTpEZXJpdmVkRnJvbSBzdFJlZjppbnN0YW5jZUlEPSJ4bXAuaWlkOjQ4MTZDRTNCRDVBM0UxMTFBQTI2QTBCMjZENzg1Qzg5IiBzdFJlZjpkb2N1bWVudElEPSJ4bXAuZGlkOkJCNTQ2NThCMjJBM0UxMTFCQjlGOTlCRDhGRDlFQkVCIi8+IDwvcmRmOkRlc2NyaXB0aW9uPiA8L3JkZjpSREY+IDwveDp4bXBtZXRhPiA8P3hwYWNrZXQgZW5kPSJyIj8+yj6RYgAAAPZJREFUeNp0kM8KgkAQxmc1E0Wfo3vQn5eRSDx4EUHwbTpEhx4lil7DiydBQUFXp5nAMNsGhpnd/X77za4Iw3CFiFcAWFMFDkXtKZ/UHhfUnB3HWdu2/REpAL2u631ZlicGdpZlwTAMSmBM0zS5bhgQLB5FU3AOUS4XvNn3vVKgAACCIMA0TbFpGsyyDJMkefdFUWAcx1hVFeZ5jlEUoed5qPEI7KDrOhiG8e6llNC27Zcz77FW+L6Pruv+WKtGIzfgR39umv/UHOJgAMlO/BPOXCQDD5p3r2ma8lvHNU9BcWPg0HXdhRZbOhRT8aSXVO9U/ZcAAwAsmjsSQcM0lwAAAABJRU5ErkJggg==) " ";}
.successful.label th:first-child:before, .successful.label td:first-child:before {content:url(data:image/png;base64,iVBORw0KGgoAAAANSUhEUgAAAAwAAAAMCAYAAABWdVznAAAAGXRFWHRTb2Z0d2FyZQBBZG9iZSBJbWFnZVJlYWR5ccllPAAAA2ZpVFh0WE1MOmNvbS5hZG9iZS54bXAAAAAAADw/eHBhY2tldCBiZWdpbj0i77u/IiBpZD0iVzVNME1wQ2VoaUh6cmVTek5UY3prYzlkIj8+IDx4OnhtcG1ldGEgeG1sbnM6eD0iYWRvYmU6bnM6bWV0YS8iIHg6eG1wdGs9IkFkb2JlIFhNUCBDb3JlIDUuMy1jMDExIDY2LjE0NTY2MSwgMjAxMi8wMi8wNi0xNDo1NjoyNyAgICAgICAgIj4gPHJkZjpSREYgeG1sbnM6cmRmPSJodHRwOi8vd3d3LnczLm9yZy8xOTk5LzAyLzIyLXJkZi1zeW50YXgtbnMjIj4gPHJkZjpEZXNjcmlwdGlvbiByZGY6YWJvdXQ9IiIgeG1sbnM6eG1wTU09Imh0dHA6Ly9ucy5hZG9iZS5jb20veGFwLzEuMC9tbS8iIHhtbG5zOnN0UmVmPSJodHRwOi8vbnMuYWRvYmUuY29tL3hhcC8xLjAvc1R5cGUvUmVzb3VyY2VSZWYjIiB4bWxuczp4bXA9Imh0dHA6Ly9ucy5hZG9iZS5jb20veGFwLzEuMC8iIHhtcE1NOk9yaWdpbmFsRG9jdW1lbnRJRD0ieG1wLmRpZDpCQjU0NjU4QjIyQTNFMTExQkI5Rjk5QkQ4RkQ5RUJFQiIgeG1wTU06RG9jdW1lbnRJRD0ieG1wLmRpZDpEMDVBNThBQUEzRDUxMUUxQjdCQkM2QUNBMTNBMDExNiIgeG1wTU06SW5zdGFuY2VJRD0ieG1wLmlpZDpEMDVBNThBOUEzRDUxMUUxQjdCQkM2QUNBMTNBMDExNiIgeG1wOkNyZWF0b3JUb29sPSJBZG9iZSBQaG90b3Nob3AgQ1M2IChXaW5kb3dzKSI+IDx4bXBNTTpEZXJpdmVkRnJvbSBzdFJlZjppbnN0YW5jZUlEPSJ4bXAuaWlkOjQ4MTZDRTNCRDVBM0UxMTFBQTI2QTBCMjZENzg1Qzg5IiBzdFJlZjpkb2N1bWVudElEPSJ4bXAuZGlkOkJCNTQ2NThCMjJBM0UxMTFCQjlGOTlCRDhGRDlFQkVCIi8+IDwvcmRmOkRlc2NyaXB0aW9uPiA8L3JkZjpSREY+IDwveDp4bXBtZXRhPiA8P3hwYWNrZXQgZW5kPSJyIj8+xJ3YrgAAAYBJREFUeNpsUrtKA1EQPZtdY4gEQiD4QCsLEVGX4CP4AykEq1hYiGghCDZ+gBZWVtrZ+EAjaGOhfoAkNiaKhYWICilMEQNqoYjZ5O4d5+6ucQuLM3funDNzD7OrLe229YBwSKAEnyAP/pyIbL5fcz5rcNiLtuqJSEz3ickn5ruE/vFmJ9/LYjvAldGWqA7bJkgPtoAHQrS5G6NdiwhFWCoxHOCgKUL+iurkCBVawyamE8d4qmSZ51clBZUlh+RG14JzEsJNcaTNLVwWd1B6vXXqkmGoYNeVUPnW3JNr4+YarPoncvebEAKNekAlokaY6N/A1NA+SBgY6Eijtz2Fs5sVWNWawysorWNJsO+q9QWzaxLTYwfojA3isZzDfSnrWvTsNiyp7pOrZURC7ejrTDEpcVpY9ab+NSioLZEiapZA5nwBxZcC8g9HeK7ccYM7TDnwmoU2vx6/NIJaUjc0b0u8YvJNle5HdJvlhbI0Y31ThqsjTGr0/+8hOOQ5nfsRYACtHiy+FDd82wAAAABJRU5ErkJggg==) " "}
/*.successful.label a:before {content:url(data:image/png;base64,iVBORw0KGgoAAAANSUhEUgAAAAwAAAAMCAYAAABWdVznAAAAGXRFWHRTb2Z0d2FyZQBBZG9iZSBJbWFnZVJlYWR5ccllPAAAA2ZpVFh0WE1MOmNvbS5hZG9iZS54bXAAAAAAADw/eHBhY2tldCBiZWdpbj0i77u/IiBpZD0iVzVNME1wQ2VoaUh6cmVTek5UY3prYzlkIj8+IDx4OnhtcG1ldGEgeG1sbnM6eD0iYWRvYmU6bnM6bWV0YS8iIHg6eG1wdGs9IkFkb2JlIFhNUCBDb3JlIDUuMy1jMDExIDY2LjE0NTY2MSwgMjAxMi8wMi8wNi0xNDo1NjoyNyAgICAgICAgIj4gPHJkZjpSREYgeG1sbnM6cmRmPSJodHRwOi8vd3d3LnczLm9yZy8xOTk5LzAyLzIyLXJkZi1zeW50YXgtbnMjIj4gPHJkZjpEZXNjcmlwdGlvbiByZGY6YWJvdXQ9IiIgeG1sbnM6eG1wTU09Imh0dHA6Ly9ucy5hZG9iZS5jb20veGFwLzEuMC9tbS8iIHhtbG5zOnN0UmVmPSJodHRwOi8vbnMuYWRvYmUuY29tL3hhcC8xLjAvc1R5cGUvUmVzb3VyY2VSZWYjIiB4bWxuczp4bXA9Imh0dHA6Ly9ucy5hZG9iZS5jb20veGFwLzEuMC8iIHhtcE1NOk9yaWdpbmFsRG9jdW1lbnRJRD0ieG1wLmRpZDpCQjU0NjU4QjIyQTNFMTExQkI5Rjk5QkQ4RkQ5RUJFQiIgeG1wTU06RG9jdW1lbnRJRD0ieG1wLmRpZDpEMDVBNThBQUEzRDUxMUUxQjdCQkM2QUNBMTNBMDExNiIgeG1wTU06SW5zdGFuY2VJRD0ieG1wLmlpZDpEMDVBNThBOUEzRDUxMUUxQjdCQkM2QUNBMTNBMDExNiIgeG1wOkNyZWF0b3JUb29sPSJBZG9iZSBQaG90b3Nob3AgQ1M2IChXaW5kb3dzKSI+IDx4bXBNTTpEZXJpdmVkRnJvbSBzdFJlZjppbnN0YW5jZUlEPSJ4bXAuaWlkOjQ4MTZDRTNCRDVBM0UxMTFBQTI2QTBCMjZENzg1Qzg5IiBzdFJlZjpkb2N1bWVudElEPSJ4bXAuZGlkOkJCNTQ2NThCMjJBM0UxMTFCQjlGOTlCRDhGRDlFQkVCIi8+IDwvcmRmOkRlc2NyaXB0aW9uPiA8L3JkZjpSREY+IDwveDp4bXBtZXRhPiA8P3hwYWNrZXQgZW5kPSJyIj8+xJ3YrgAAAYBJREFUeNpsUrtKA1EQPZtdY4gEQiD4QCsLEVGX4CP4AykEq1hYiGghCDZ+gBZWVtrZ+EAjaGOhfoAkNiaKhYWICilMEQNqoYjZ5O4d5+6ucQuLM3funDNzD7OrLe229YBwSKAEnyAP/pyIbL5fcz5rcNiLtuqJSEz3ickn5ruE/vFmJ9/LYjvAldGWqA7bJkgPtoAHQrS5G6NdiwhFWCoxHOCgKUL+iurkCBVawyamE8d4qmSZ51clBZUlh+RG14JzEsJNcaTNLVwWd1B6vXXqkmGoYNeVUPnW3JNr4+YarPoncvebEAKNekAlokaY6N/A1NA+SBgY6Eijtz2Fs5sVWNWawysorWNJsO+q9QWzaxLTYwfojA3isZzDfSnrWvTsNiyp7pOrZURC7ejrTDEpcVpY9ab+NSioLZEiapZA5nwBxZcC8g9HeK7ccYM7TDnwmoU2vx6/NIJaUjc0b0u8YvJNle5HdJvlhbI0Y31ThqsjTGr0/+8hOOQ5nfsRYACtHiy+FDd82wAAAABJRU5ErkJggg==) " "}*/

.xspecResult { width: 90%; table-layout: fixed; }

.xspecResult td,
.xspecResult th { width: 50%; }

/*.xspecResult pre { 
  margin-left: 0; 
  padding: 0.5em; 
  overflow: auto; 
  border: 1px #999 dotted;
}*/

span.scenario-totals {float: right; width: 14.5%; text-align: left}

/* OXYGEN */
span.scenario-totals {float: right; width: 34.5%; text-align: right}

h2.failed {
    background-color: #FCC;
}

h1, h2 {
    width: 86%;
    /*margin-left: 3%;*/
    
    font-size:1.4em;
    font-weight:bold;
    text-align:left;
    margin-top:1.4em;
    margin-bottom:0.7em;
    color:#333333;
    background-color:inherit;
}

h1 {
    font-size:1.7em;
}

body &gt; h1:first-child:before {
    content:"XSLT UNIT ";
}

body &gt; h2:first-of-type {
    font-size:1.7em;
}

div &gt; table &gt; tbody &gt; tr &gt; th:first-child {
    font-weight:bold;
}

div &gt; h3 {
    font-weight:bold;
    /*margin-left: 3%;*/
}

div &gt; h4 {
    font-weight:normal;
    /*margin-left: 4%;*/
}

th.result { text-align: center; }
/* OXYGEN */


/* ------------------------------------------------------------------------ */
/*  DO NOT ALTER OR REMOVE COPYRIGHT NOTICES OR THIS COMMENT.               */
/*                                                                          */
/*  Copyright (c) 2008, 2010 Jeni Tennsion                                  */
/*                                                                          */
/*  The contents of this file are subject to the MIT License (see the URI   */
/*  http://www.opensource.org/licenses/mit-license.php for details).        */
/*                                                                          */
/*  Permission is hereby granted, free of charge, to any person obtaining   */
/*  a copy of this software and associated documentation files (the         */
/*  "Software"), to deal in the Software without restriction, including     */
/*  without limitation the rights to use, copy, modify, merge, publish,     */
/*  distribute, sublicense, and/or sell copies of the Software, and to      */
/*  permit persons to whom the Software is furnished to do so, subject to   */
/*  the following conditions:                                               */
/*                                                                          */
/*  The above copyright notice and this permission notice shall be          */
/*  included in all copies or substantial portions of the Software.         */
/*                                                                          */
/*  THE SOFTWARE IS PROVIDED "AS IS", WITHOUT WARRANTY OF ANY KIND,         */
/*  EXPRESS OR IMPLIED, INCLUDING BUT NOT LIMITED TO THE WARRANTIES OF      */
/*  MERCHANTABILITY, FITNESS FOR A PARTICULAR PURPOSE AND NONINFRINGEMENT.  */
/*  IN NO EVENT SHALL THE AUTHORS OR COPYRIGHT HOLDERS BE LIABLE FOR ANY    */
/*  CLAIM, DAMAGES OR OTHER LIABILITY, WHETHER IN AN ACTION OF CONTRACT,    */
/*  TORT OR OTHERWISE, ARISING FROM, OUT OF OR IN CONNECTION WITH THE       */
/*  SOFTWARE OR THE USE OR OTHER DEALINGS IN THE SOFTWARE.                  */
/* ------------------------------------------------------------------------ */

.nobr { white-space: nowrap; }
.scenario-label { text-indent: 0px; }
.context-label { text-indent: 10px; }
.test-label { text-indent: 20px; }
.pending-label { text-indent: 30px; }


        /**/</style>
    </head><body><h1>Test Report</h1><p>Script: <a href="file:/home/jostein/xprocspec/xprocspec/src/test/xprocspec/tests/call-1.xprocspec">file:/home/jostein/xprocspec/xprocspec/src/test/xprocspec/tests/call-1.xprocspec</a></p><p>Tested: 2013-12-02T14:36:06.834+01:00</p><h2>Contents</h2><table class="xspec"><col width="75%"/><col width="5%"/><col width="5%"/><col width="5%"/><col width="5%"/><col width="5%"/><thead><tr><th/><th class="result">passed:3</th><th class="result">pending:0</th><th class="result">failed:0</th><th class="result">errors:0</th><th class="result">total:3</th></tr></thead><tbody><tr class="successful label"><th><a href="#step1">ex:identity</a></th><th class="result">3</th><th class="result">0</th><th class="result">0</th><th class="result">0</th><th class="result">3</th></tr></tbody></table><div id="step1"><h2 class="successful">Calling: <a href="file:/home/jostein/xprocspec/xprocspec/src/test/xprocspec/steps/identity.xpl">ex:identity</a><span class="scenario-totals">passed:3 / pending:0 /
                                        failed:0 / errors:0 / total:3</span></h2><table class="xspec"><col width="80%"/><col width="20%"/><tbody><tr class="successful label"><th class="scenario-label">x:call with @step x:call with 'option' option x:call with 'option.required' option</th><th class="nobr">passed:3 / pending:0 / failed:0 / errors:0 / total:3</th></tr><tr class="successful label"><th class="context-label">errors</th><th class="nobr">passed:1 / pending:0 / failed:0 / errors:0 / total:1</th></tr><tr class="successful label"><td class="test-label">the step should execute successfully without throwing any errors</td><td>Success</td></tr><tr class="successful label"><th class="context-label">the results</th><th class="nobr">passed:2 / pending:0 / failed:0 / errors:0 / total:2</th></tr><tr class="successful label"><td class="test-label">the option 'option' should have the value 'option-value'</td><td>Success</td></tr><tr class="successful label"><td class="test-label">the option 'option.required' should have the value 'option-value'</td><td>Success</td></tr></tbody></table></div><h2>Execution log</h2><table><thead><tr><th>Time</th><th>Severity</th><th>Message</th></tr></thead><tbody><tr style=""><td>0.000</td><td style="padding-left:0%;">INFO</td><td><code><pre>#### file:/home/jostein/xprocspec/xprocspec/src/test/xprocspec/tests/call-1.xprocspec ####</pre></code></td></tr><tr style=""><td>0.005</td><td style="padding-left:0%;">INFO</td><td><code><pre> * temporary directory: file:/tmp/xprocspec-20131202143557583/</pre></code></td></tr><tr style=""><td>0.010</td><td style="padding-left:0%;">INFO</td><td><code><pre>preprocessing...</pre></code></td></tr><tr style=""><td>0.025</td><td style="padding-left:0%;">INFO</td><td><code><pre> * checking for imports</pre></code></td></tr><tr style=""><td>0.032</td><td style="padding-left:0%;">INFO</td><td><code><pre> * checking file:/home/jostein/xprocspec/xprocspec/src/test/xprocspec/tests/call-1.xprocspec for imports</pre></code></td></tr><tr style=""><td>0.038</td><td style="padding-left:0%;">INFO</td><td><code><pre> * extracting step declarations from file:/home/jostein/xprocspec/xprocspec/src/test/xprocspec/steps/identity.xpl</pre></code></td></tr><tr style=""><td>0.044</td><td style="padding-left:0%;">INFO</td><td><code><pre> * tests reference 1 step</pre></code></td></tr><tr style=""><td>0.049</td><td style="padding-left:0%;">INFO</td><td><code><pre>   * step: e:identity</pre></code></td></tr><tr style=""><td>0.055</td><td style="padding-left:0%;">INFO</td><td><code><pre> * trying to load: file:/home/jostein/xprocspec/xprocspec/src/test/xprocspec/steps/identity.xpl</pre></code></td></tr><tr style=""><td>0.061</td><td style="padding-left:0%;">INFO</td><td><code><pre>   * success!</pre></code></td></tr><tr style=""><td>0.069</td><td style="padding-left:0%;">INFO</td><td><code><pre> * trying to extract the step declaration for {http://example.net/ns}identity from file:/home/jostein/xprocspec/xprocspec/src/test/xprocspec/steps/identity.xpl</pre></code></td></tr><tr style=""><td>0.082</td><td style="padding-left:0%;">INFO</td><td><code><pre> * creating a new x:description document for each x:scenario element with inferred inputs, options and parameters</pre></code></td></tr><tr style=""><td>0.097</td><td style="padding-left:0%;">INFO</td><td><code><pre> * validating output grammar</pre></code></td></tr><tr style=""><td>0.106</td><td style="padding-left:0%;">INFO</td><td><code><pre>compiling...</pre></code></td></tr><tr style=""><td>0.114</td><td style="padding-left:0%;">INFO</td><td><code><pre> * created directory using Calabash's cxf:mkdir</pre></code></td></tr><tr style=""><td>0.120</td><td style="padding-left:0%;">INFO</td><td><code><pre> * converting test 'test1' to XProc</pre></code></td></tr><tr style=""><td>0.135</td><td style="padding-left:0%;">INFO</td><td><code><pre>   * done</pre></code></td></tr><tr style=""><td>0.142</td><td style="padding-left:0%;">INFO</td><td><code><pre> * validating output grammar for file:/home/jostein/xprocspec/xprocspec/src/test/xprocspec/tests/call-1.xprocspec</pre></code></td></tr><tr style=""><td>0.150</td><td style="padding-left:0%;">INFO</td><td><code><pre>   * done!</pre></code></td></tr><tr style=""><td>0.157</td><td style="padding-left:0%;">INFO</td><td><code><pre> * using as temporary directory: file:/tmp/xprocspec-20131202143557583/xprocspec-20131202143606474/</pre></code></td></tr><tr style=""><td>0.163</td><td style="padding-left:0%;">INFO</td><td><code><pre>storing...</pre></code></td></tr><tr style=""><td>0.172</td><td style="padding-left:0%;">INFO</td><td><code><pre>running...</pre></code></td></tr><tr style=""><td>0.180</td><td style="padding-left:0%;">INFO</td><td><code><pre>   * loading 'file:/tmp/xprocspec-20131202143557583/test1.xpl'</pre></code></td></tr><tr style=""><td>0.238</td><td style="padding-left:0%;">INFO</td><td><code><pre>evaluating...</pre></code></td></tr><tr style=""><td>0.250</td><td style="padding-left:0%;">INFO</td><td><code><pre> * evaluating scenario 'x:call with @step x:call with 'option' option x:call with 'option.required' option' (file:/home/jostein/xprocspec/xprocspec/src/test/xprocspec/tests/call-1.xprocspec)</pre></code></td></tr><tr style=""><td>0.257</td><td style="padding-left:0%;">INFO</td><td><code><pre>   * resolving x:document elements...</pre></code></td></tr><tr style=""><td>0.267</td><td style="padding-left:0%;">INFO</td><td><code><pre>    * no errors occured</pre></code></td></tr><tr style=""><td>0.301</td><td style="padding-left:0%;">INFO</td><td><code><pre>   * grouping x:expect elements with their x:context...</pre></code></td></tr><tr style=""><td>0.310</td><td style="padding-left:0%;">INFO</td><td><code><pre>   * evaluating each context/expect group...</pre></code></td></tr><tr style=""><td>0.317</td><td style="padding-left:0%;">INFO</td><td><code><pre>     * setting context to 'errors'</pre></code></td></tr><tr style=""><td>0.324</td><td style="padding-left:0%;">INFO</td><td><code><pre>       * testing assertion 'the step should execute successfully without throwing any errors'</pre></code></td></tr><tr style=""><td>0.332</td><td style="padding-left:0%;">INFO</td><td><code><pre>         * is document count assertion</pre></code></td></tr><tr style=""><td>0.339</td><td style="padding-left:0%;">INFO</td><td><code><pre>         * assertion passed</pre></code></td></tr><tr style=""><td>0.349</td><td style="padding-left:0%;">INFO</td><td><code><pre>     * setting context to 'the results'</pre></code></td></tr><tr style=""><td>0.356</td><td style="padding-left:0%;">INFO</td><td><code><pre>       * testing assertion 'the option 'option' should have the value 'option-value''</pre></code></td></tr><tr style=""><td>0.366</td><td style="padding-left:0%;">INFO</td><td><code><pre>         * is xpath assertion</pre></code></td></tr><tr style=""><td>0.377</td><td style="padding-left:0%;">INFO</td><td><code><pre>       * testing assertion 'the option 'option.required' should have the value 'option-value''</pre></code></td></tr><tr style=""><td>0.386</td><td style="padding-left:0%;">INFO</td><td><code><pre>         * is xpath assertion</pre></code></td></tr><tr style=""><td>0.404</td><td style="padding-left:0%;">INFO</td><td><code><pre>reporting...</pre></code></td></tr></tbody></table><link rel="stylesheet" href="http://yandex.st/highlightjs/7.3/styles/default.min.css"/><script type="text/javascript" src="http://yandex.st/highlightjs/7.3/highlight.min.js" xml:space="preserve"> </script><script type="text/javascript">hljs.initHighlightingOnLoad();</script></body></html></x:document></x:output><x:output port="junit"><x:document xml:base="file:/home/jostein/xprocspec/xprocspec/src/main/resources/content/xml/xproc/report/report.xpl" xml:space="preserve" type="inline"><testsuites tests="3" failures="0" time="0.412" errors="0" name="call1"><testsuite timestamp="2013-12-02T13:36:06.786Z" hostname="localhost" tests="3" errors="0" failures="0" skipped="0" id="d17930e1" name="xcallWithStepXcallWithOptionOptionXcallWithOptionRequiredOption" package="http://example.net/ns" time="0.008">
<properties>

<property name="option: option" value="option-value"/>
<property name="option: option.required" value="option-value"/>

</properties>
<testcase name="theStepShouldExecuteSuccessfullyWithoutThrowingAnyErrors" classname="identity" assertions="1" time="0" status="SUCCESS"><system-out>the step should execute successfully without throwing any errors: SUCCESS</system-out>
<system-err/></testcase><testcase name="theOptionOptionShouldHaveTheValueOptionvalue" classname="identity" assertions="1" time="0" status="SUCCESS"><system-out>the option 'option' should have the value 'option-value': SUCCESS</system-out>
<system-err/></testcase><testcase name="theOptionOptionRequiredShouldHaveTheValueOptionvalue" classname="identity" assertions="1" time="0" status="SUCCESS"><system-out>the option 'option.required' should have the value 'option-value': SUCCESS</system-out>
<system-err/></testcase></testsuite></testsuites></x:document></x:output><x:test-result type="count" label="the step should execute successfully without throwing any errors" max="0" contextref="errors" result="passed">
                                                        <x:expected>At most 0 documents.</x:expected>
                                                    <x:was>0</x:was></x:test-result><x:test-result label="there should be at least one test, and none of the tests should fail" type="xpath" test="not(/*/@tests='0') and /*/@failures='0' and /*/@errors='0'" contextref="context6" result="passed"><x:expected xml:space="preserve">XPath: true()
Value: true</x:expected><x:was xml:space="preserve">XPath: not(/*/@tests='0') and /*/@failures='0' and /*/@errors='0'
Value: true</x:was></x:test-result></x:description><x:description xmlns:cx="http://xmlcalabash.com/ns/extensions" xmlns:c="http://www.w3.org/ns/xproc-step" xml:base="file:/home/jostein/xprocspec/xprocspec/src/test/xprocspec/test.xprocspec" test-base-uri="file:/home/jostein/xprocspec/xprocspec/src/test/xprocspec/test.xprocspec" script="file:/home/jostein/xprocspec/xprocspec/src/main/resources/content/xml/xproc/xprocspec.xpl" test-grammar="xprocspec" temp-dir="file:/tmp/xprocspec-20131202143557583/"><x:step-declaration><p:declare-step xmlns:p="http://www.w3.org/ns/xproc" xmlns:px="http://www.daisy.org/ns/xprocspec" xmlns:pxi="http://www.daisy.org/ns/xprocspec/xproc-internal/" xmlns:pkg="http://expath.org/ns/pkg" type="px:xprocspec" name="main" version="1.0" xpath-version="2.0" pkg:import-uri="http://www.daisy.org/ns/xprocspec/xprocspec.xpl" x:type="{http://www.daisy.org/ns/xprocspec}xprocspec"><p:input port="source" kind="document" sequence="false" primary="true"/><p:output port="result" kind="document" sequence="false" primary="false"><p:pipe port="result" step="report"/></p:output><p:output port="html" kind="document" sequence="false" primary="false"><p:pipe port="html" step="report"/></p:output><p:output port="junit" kind="document" sequence="false" primary="false"><p:pipe port="junit" step="report"/></p:output><p:option name="temp-dir" select="'file:/tmp/'"/><p:option name="step-available-rng" select="'false'"/></p:declare-step></x:step-declaration><x:scenario end-time="2013-12-02T13:36:07.595Z" label="the call element - step attribute pointing to step declared in an XProc library" start-time="2013-12-02T13:36:07.159Z"><x:call x:type="{http://www.daisy.org/ns/xprocspec}xprocspec" step="x:xprocspec"><x:option select="$temp-dir" name="temp-dir" value="file:/tmp/xprocspec-20131202143557583/"/><x:input port="source">
                    <x:document xml:base="file:/home/jostein/xprocspec/xprocspec/src/test/xprocspec/test.xprocspec" xml:space="preserve" type="inline"><?xml-model href="http://www.daisy.org/ns/xprocspec/xprocspec.rng" type="application/xml" schematypens="http://relaxng.org/ns/structure/1.0"?><x:description xmlns:e="http://example.net/ns" script="../steps/identity-library.xpl">
    
    <x:scenario label="identity">
        <x:call step="e:identity-2"/>
        <x:context label="the results">
            <x:document type="port" port="result"/>
        </x:context>
        <x:expect type="xpath" label="the contents of the output element should be 'Hello world! #2'" test="/*/text()='Hello world! #2'"/>
    </x:scenario>
    
</x:description></x:document>
                </x:input></x:call>
                                                <x:context label="errors" id="errors">
                                                    
                                                </x:context>
                                            
                                                <x:expect type="count" label="the step should execute successfully without throwing any errors" max="0" contextref="errors"/>
                                            <x:context label="the junit output port" id="context7">
                <x:document xml:base="file:/home/jostein/xprocspec/xprocspec/src/main/resources/content/xml/xproc/report/report.xpl" xml:space="preserve" type="inline"><testsuites tests="2" failures="0" time="0.357" errors="0" name="call2"><testsuite timestamp="2013-12-02T13:36:07.53Z" hostname="localhost" tests="2" errors="0" failures="0" skipped="0" id="d19202e1" name="identity" package="http://example.net/ns" time="0.002">
<properties>


</properties>
<testcase name="theStepShouldExecuteSuccessfullyWithoutThrowingAnyErrors" classname="identity-2" assertions="1" time="0" status="SUCCESS"><system-out>the step should execute successfully without throwing any errors: SUCCESS</system-out>
<system-err/></testcase><testcase name="theContentsOfTheOutputElementShouldBeHelloWorld2" classname="identity-2" assertions="1" time="0" status="SUCCESS"><system-out>the contents of the output element should be 'Hello world! #2': SUCCESS</system-out>
<system-err/></testcase></testsuite></testsuites></x:document>
            </x:context><x:expect label="there should be at least one test, and none of the tests should fail" type="xpath" test="not(/*/@tests='0') and /*/@failures='0' and /*/@errors='0'" contextref="context7"/></x:scenario><x:output port="result"><x:document xml:base="file:/home/jostein/xprocspec/xprocspec/src/main/resources/content/xml/xproc/report/report.xpl" xml:space="preserve" type="inline"><x:test-report><x:description xml:base="file:/home/jostein/xprocspec/xprocspec/src/test/xprocspec/tests/call-2.xprocspec" test-base-uri="file:/home/jostein/xprocspec/xprocspec/src/test/xprocspec/tests/call-2.xprocspec" script="file:/home/jostein/xprocspec/xprocspec/src/test/xprocspec/steps/identity-library.xpl" test-grammar="xprocspec" temp-dir="file:/tmp/xprocspec-20131202143557583/xprocspec-20131202143607272/"><x:step-declaration><p:declare-step xmlns:p="http://www.w3.org/ns/xproc" xmlns:ex="http://example.net/ns" type="ex:identity-2" version="1.0" x:type="{http://example.net/ns}identity-2"><p:input port="source" kind="document" sequence="false" primary="true"><p:inline>
                <doc>Hello world! #2</doc>
            </p:inline></p:input><p:output port="result" kind="document" sequence="false" primary="true"/></p:declare-step></x:step-declaration><x:scenario xmlns:e="http://example.net/ns" end-time="2013-12-02T13:36:07.363Z" label="identity" start-time="2013-12-02T13:36:07.361Z"><x:call x:type="{http://example.net/ns}identity-2" step="e:identity-2"/>
                                                <x:context label="errors" id="errors">
                                                    
                                                </x:context>
                                            
                                                <x:expect type="count" label="the step should execute successfully without throwing any errors" max="0" contextref="errors"/>
                                            <x:context label="the results" id="context0">
            <x:document xml:base="file:/home/jostein/xprocspec/xprocspec/src/test/xprocspec/tests/call-2.xprocspec" xml:space="preserve" type="inline">
                <doc xmlns:ex="http://example.net/ns">Hello world! #2</doc>
            </x:document>
        </x:context><x:expect type="xpath" label="the contents of the output element should be 'Hello world! #2'" test="/*/text()='Hello world! #2'" contextref="context0"/></x:scenario><x:output port="result"><x:document xml:base="file:/home/jostein/xprocspec/xprocspec/src/test/xprocspec/tests/call-2.xprocspec" xml:space="preserve" type="inline">
                <doc xmlns:ex="http://example.net/ns">Hello world! #2</doc>
            </x:document></x:output><x:test-result xmlns:e="http://example.net/ns" type="count" label="the step should execute successfully without throwing any errors" max="0" contextref="errors" result="passed">
                                                        <x:expected>At most 0 documents.</x:expected>
                                                    <x:was>0</x:was></x:test-result><x:test-result xmlns:e="http://example.net/ns" type="xpath" label="the contents of the output element should be 'Hello world! #2'" test="/*/text()='Hello world! #2'" contextref="context0" result="passed"><x:expected xml:space="preserve">XPath: true()
Value: true</x:expected><x:was xml:space="preserve">XPath: /*/text()='Hello world! #2'
Value: true</x:was></x:test-result></x:description></x:test-report></x:document></x:output><x:output port="html"><x:document xml:base="file:/home/jostein/xprocspec/xprocspec/src/main/resources/content/xml/xproc/report/report-template.xhtml" xml:space="preserve" type="inline"><html xmlns="http://www.w3.org/1999/xhtml"><head><title>Test Report for file:/home/jostein/xprocspec/xprocspec/src/test/xprocspec/tests/call-2.xprocspec (passed:2 / pending:0 / failed:0 / errors:0 / total:2)</title>
        <meta charset="utf-8"/>
        <style type="text/css" xml:space="preserve">/**/
/****************************************************************************/
/*  File:       test-report.css                                             */
/*  Author:     Jeni Tennsion                                               */
/*  URI:        http://xspec.googlecode.com/                                */
/*  Tags:                                                                   */
/*    Copyright (c) 2008, 2010 Jeni Tennsion (see end of file.)             */
/* ------------------------------------------------------------------------ */


/* test */

/* box model */

body {
	margin-right: 1em;
	/*margin-left: 10%;*/
	}

h1 {
	padding: 0.3em 0.5em 0.3em 0.5em;
	position: relative;
	}

h2 {
	padding: 0.1em 0.5em 0.2em 0.5em;
	}

h3 {
	padding-left: 0.6em;
	}

h4 {
	padding-left: 0.8em;
	}

p, table {
	/*margin-left: 5%;*/
	}

dd ul, dd ol {
	margin-left: 0%;
	}

li ul, li ol {
	/*margin-left: 5%;*/
	}

dl, ul, ol, blockquote {
	/*margin-left: 10%;*/
	}

dt {
  padding-top: 3px;
  padding-bottom: 3px;
	clear: both;
	}

dd p {
	/*margin-left: -5px;*/
	margin-top: 5px;
	clear: both;
	}

p.link {
	margin-top: 4px;
	margin-bottom: 0px;
	clear: both;
	}

tr td, td p, li, li p {
	margin-left: 0%;
	}

td:nth-child(2) {
	padding-left: 5%;
	}

.link img, dt img {
	vertical-align: middle;
	position: relative;
	top: -5px;
	}

img {
	position: relative;
	}

#xml-link {
	position: absolute;
	left: 5px;
	top: 5px;
	width: 10%;
	margin-left: 0%;
	}

#link-up {
	position: absolute;
	left: 93%;
	right: 2em;
	top: 0.3em;
	}

#link-top {
	position: absolute;
	left: 89%;
	right: 4em;
	top: 0.3em;
	}
	
.popup {
	display: block;
	visibility: hidden;
	float: right;
	position: absolute;
	top: 5px;
	left: -200px;
	z-index: 1;
	padding: 0.3em;
	width: 220px;
	}

.note {
	position: relative;
	}

.post {
	/*margin-left: 5%;*/
	padding-top: 1em;
	}
	
.example, .sidebar {
  /*margin-left: 5%;*/
  margin-top: 1em;
  margin-bottom: 1em;
  }

/*pre {
	padding-left: 5%;
	margin-left: 5%;
	}*/

/*dd pre, li pre {
	padding-left: 5%;
	}*/

/* fonts */
/* Oxygen  */
body, table {
    font-family:arial, helvetica, sans-serif;
    font-size:12px;
}
/* Oxygen  */

/*body {
	font-family: Verdana, arial, sans-serif;
	font-size: small;
	}*/	

/*h1, h2, h3, h4, h5, h6 {
	font-family: 'trebuchet MS', arial, sans-serif;
	}*/

h1 {
	font-size: 173%;
	font-weight: bold;
	}

h2 {
	font-size: 144%;
	font-weight: normal;
	}

h3 {
	font-size: 120%;
	font-weight: normal;
	}

h4 {
  font-size: 100%;
  font-weight: bold;
}

dt {
	font-weight: bold;
	}

a:link, a:visited, a:active, a:hover {
	font-weight: bold;
	}

a.offsite:link, a.offsite:visited, a.offsite:active, a.offsite:hover {
	font-weight: normal;
	}

/* suppress the normal italics */
address {
	font-style: normal;
	}

div.example, .sidebar {
  font-family: Verdana, arial, sans-serif;
  font-size: 100%;
  }


.note, .link {
	font-family: Verdana, arial, sans-serif;
	/*font-size: 83%;*/
	}

/*.example, .string, .rtf, .code, pre, code {
	font-family: "Lucida Console", "Courier New", monospace;*/
  /*font-size: 83%;*/
/*	}*/

.boolean {
	font-style: italic;
	}

#colophon, #xml-link {
	font-size: 69%;
	}

.question, .title {
	font-weight: bold;
	}

/* colours */
body {
	background-color: white;
	color: black;
	border: 0px none black;
	}

/* this is to make Navigator fill the entire line */
h1, h2 {
	border: 1px solid white;
	width: auto;
	}

h1 {
	/*background: #606;*/
	/*color: #6F6;*/
	}

h2 {
	color: #606;
	/*background: #CFC;*/
	}

hr {
	color: #606;
	background: white;
	}

img, a:link img, a:visited img, a:hover img, a:active img, #link-up img, #link-top img {
	border: 0px none white;
	background: transparent;
	}

/* OXYGEN */
a, a:visited {
    color:rgb(0, 0, 150);
    background-color:inherit;
    font-weight: bold;
}
a:link, a:visited {
    text-decoration:none; 
}
a:hover {
    text-decoration:underline;
}

/* OXYGEN */

a.img:hover, a.img:active {
	background: transparent;
	}

#colophon, #xml-link, .note {
	color: #666;
	}

#colophon a:link, #colophon a:visited, #colophon a:hover,
#xml-link a:link, #xml-link a:visited, #xml-link a:hover,
.note a:link, .note a:visited, .note a:hover {
	color: #969;
	background: transparent;
	}

#colophon a:hover, #xml-link a:hover, .note a:hover {
	background: #CFC;
	color: #969;
	}

.popup {
	background: white;
	border: 1px solid #606;
	}

.post {
	border-top: 2px solid #606;
	}
	
.example {
  border-top: 2px solid #606;
  border-bottom: 2px solid #606;
  }
  
.sidebar {
  border-top: 2px solid #090;
  border-bottom: 2px solid #090;
  }
  
.rng {
  border-left: 2px solid #666;
  }

.same {
  background-color: rgb(206, 239, 174);
}

.diff {
  background-color: #FCC;
}

.whitespace {
	font-style: italic;
	color: #999;
	background: white;
}

.ignored {
  font-style: italic;
  color: #999;
  background: white;
}

.hit {
}

.missed {
  background-color: #A33;
  color: white;
}

/* text */
ol ol li {
	list-style: lower-alpha;
	}

th {
	text-align: left;
	}

td {
	vertical-align: top;
	}

h1 {
	text-transform: uppercase;
	}

h2, h3 {
	/*text-transform: capitalize;*/
	}

.question {
	text-indent: -33px;
	}

.byline {
	text-align: right;
	}

#link-top, #link-up {
	text-align: right;
	}

a {
	text-decoration: none;
	}

table { width: 85%;
        /* border: collapse; */ }

th { text-align: left; }

.xspec tbody th { font-weight: normal; /*font-size: 0.8em;*/ border-top: 1px #666 solid; }
.xspec tbody td { /*font-size: 0.8em;*/ color: #666; }

.successful.label th, .successful.label td { background-color: #CFC; }
.pending.label th, .pending.label td { background-color: #DDD; color: #666; }
.failed.label th, .failed.label td { background-color: #FCC; }
.error.label th, .error.label td { background-color: #FAA; }
/*body &gt; table tbody .failed.label th:first-child:before {content:url(data:image/png;base64,iVBORw0KGgoAAAANSUhEUgAAAAwAAAAMCAYAAABWdVznAAAAGXRFWHRTb2Z0d2FyZQBBZG9iZSBJbWFnZVJlYWR5ccllPAAAA2ZpVFh0WE1MOmNvbS5hZG9iZS54bXAAAAAAADw/eHBhY2tldCBiZWdpbj0i77u/IiBpZD0iVzVNME1wQ2VoaUh6cmVTek5UY3prYzlkIj8+IDx4OnhtcG1ldGEgeG1sbnM6eD0iYWRvYmU6bnM6bWV0YS8iIHg6eG1wdGs9IkFkb2JlIFhNUCBDb3JlIDUuMy1jMDExIDY2LjE0NTY2MSwgMjAxMi8wMi8wNi0xNDo1NjoyNyAgICAgICAgIj4gPHJkZjpSREYgeG1sbnM6cmRmPSJodHRwOi8vd3d3LnczLm9yZy8xOTk5LzAyLzIyLXJkZi1zeW50YXgtbnMjIj4gPHJkZjpEZXNjcmlwdGlvbiByZGY6YWJvdXQ9IiIgeG1sbnM6eG1wTU09Imh0dHA6Ly9ucy5hZG9iZS5jb20veGFwLzEuMC9tbS8iIHhtbG5zOnN0UmVmPSJodHRwOi8vbnMuYWRvYmUuY29tL3hhcC8xLjAvc1R5cGUvUmVzb3VyY2VSZWYjIiB4bWxuczp4bXA9Imh0dHA6Ly9ucy5hZG9iZS5jb20veGFwLzEuMC8iIHhtcE1NOk9yaWdpbmFsRG9jdW1lbnRJRD0ieG1wLmRpZDpCQjU0NjU4QjIyQTNFMTExQkI5Rjk5QkQ4RkQ5RUJFQiIgeG1wTU06RG9jdW1lbnRJRD0ieG1wLmRpZDpEQTUyOTdBQUEzRDUxMUUxQTQwN0YzMUI0Nzg3NDU1RSIgeG1wTU06SW5zdGFuY2VJRD0ieG1wLmlpZDpEQTUyOTdBOUEzRDUxMUUxQTQwN0YzMUI0Nzg3NDU1RSIgeG1wOkNyZWF0b3JUb29sPSJBZG9iZSBQaG90b3Nob3AgQ1M2IChXaW5kb3dzKSI+IDx4bXBNTTpEZXJpdmVkRnJvbSBzdFJlZjppbnN0YW5jZUlEPSJ4bXAuaWlkOjQ4MTZDRTNCRDVBM0UxMTFBQTI2QTBCMjZENzg1Qzg5IiBzdFJlZjpkb2N1bWVudElEPSJ4bXAuZGlkOkJCNTQ2NThCMjJBM0UxMTFCQjlGOTlCRDhGRDlFQkVCIi8+IDwvcmRmOkRlc2NyaXB0aW9uPiA8L3JkZjpSREY+IDwveDp4bXBtZXRhPiA8P3hwYWNrZXQgZW5kPSJyIj8+aHNJrgAAAZ1JREFUeNpsUssrRGEU/907985YMDPNYlh4hbKZPMdgR3aysrGSSFIeKyUKpewoRTYkmcgCf4MsMI2FPDYGKeUZSoru4/uc82VC+W7fOeee+zvn/M45V1uuyCmVwDogq0hDklD6jy1dspNkdxokVrIzPFUh0/MD5OdXoJDwPFtu3d2ns6TTp9oggTlFZlmN0o4AHMmXfJGo0lmGzoE1OgmNHf5YA8rmN5HfM6wADmUuHphA9cIW/JX1yiek9DIlyijxkNjBzXYche19gNcHzfShoLUdVxtLuD/cYzCoMAzCwqYrhMDx9Chs20JRWzf4nMcXcDI3pYAqQHIAtWUJbpKursMMhpA+RiAEGzpc4X5XkDB4GjaHmiZik/PIa2rBEWVlSuW9Q+T3YndskBi46QpQFcLltchtbEZyZhxna4uKhmV9Ito/gtPNOG4P99WItdlIWARNXWOAv6AEr9cplel7/ggUleDlMqUSvNnCobHKxDsNnqs8XaWUZopp/XhxTkOR+HDVOveYUge9rNLyY9SU9v+vwXuUB2R0fQkwABfn/VKSjTLBAAAAAElFTkSuQmCC) " "}*/
/*body &gt; table tbody .error.label th:first-child:before {content:url(data:image/png;base64,iVBORw0KGgoAAAANSUhEUgAAAAwAAAAMCAYAAABWdVznAAAABmJLR0QAAAAAAAD5Q7t/AAAACXBIWXMAAAsTAAALEwEAmpwYAAAAB3RJTUUH3QcKER4AdkxvvQAAAdVJREFUKM89kM9KG0EAh7/JTHazZInEQwJ68KIWLx6Etj6EjxAobYSsD+BjCJ682EOp0FMueYmS0FMICF4i6tFNzJ/dyRh2Znoo6Xf+Pn7wEzc3Nx/W6/UvY8xJnudkWYa1Fu893nviOCaKIhuG4R/v/Ve1Xq9/bG1tnezs7JDnOVpr3t/fcc4hpaRSqVCpVORqtTp9e3v7rrTWn5vNJpPJhHK5zHg8JssyvPeEYcjR0RFpmlKr1ZjP5x9Li8VCbOR2u83BwQEvLy88PT1xfHzMxcUFQgjSNCXLskDlec5sNuPx8REpJZ1Oh+fnZ4QQnJ+fc319Tb/fZ29vD601SmvNdDplsVhwe3vLaDTi6uoKgCRJGAwGNBoNXl9fMcZQcs5hjGG1WpHnObVajQ3VahWtNcYYjDE451Cb+7z3JElCkiScnZ0hpaTX67G7u0u328V7/y+oVqsIITg8PKTT6dBqtRgOhzjnaLVa3N3dcX9/z3K5JI5jxOXlpSuKQqRpirWWh4eH//Plcpn9/X2cc2xvb1MqlQqllBpYa0/jOGYymdBsNsmyDOccURRRFAX1eh2lFGEY/lZBEHyx1v703n8KgkBEUYSUEu/9RkIIUQRB0A/D8NtflUT+nn4OS+0AAAAASUVORK5CYII=) " "}*/
.failed.label th:first-child:before, .failed.label td:first-child:before {content:url(data:image/png;base64,iVBORw0KGgoAAAANSUhEUgAAAAwAAAAMCAYAAABWdVznAAAAGXRFWHRTb2Z0d2FyZQBBZG9iZSBJbWFnZVJlYWR5ccllPAAAA2ZpVFh0WE1MOmNvbS5hZG9iZS54bXAAAAAAADw/eHBhY2tldCBiZWdpbj0i77u/IiBpZD0iVzVNME1wQ2VoaUh6cmVTek5UY3prYzlkIj8+IDx4OnhtcG1ldGEgeG1sbnM6eD0iYWRvYmU6bnM6bWV0YS8iIHg6eG1wdGs9IkFkb2JlIFhNUCBDb3JlIDUuMy1jMDExIDY2LjE0NTY2MSwgMjAxMi8wMi8wNi0xNDo1NjoyNyAgICAgICAgIj4gPHJkZjpSREYgeG1sbnM6cmRmPSJodHRwOi8vd3d3LnczLm9yZy8xOTk5LzAyLzIyLXJkZi1zeW50YXgtbnMjIj4gPHJkZjpEZXNjcmlwdGlvbiByZGY6YWJvdXQ9IiIgeG1sbnM6eG1wTU09Imh0dHA6Ly9ucy5hZG9iZS5jb20veGFwLzEuMC9tbS8iIHhtbG5zOnN0UmVmPSJodHRwOi8vbnMuYWRvYmUuY29tL3hhcC8xLjAvc1R5cGUvUmVzb3VyY2VSZWYjIiB4bWxuczp4bXA9Imh0dHA6Ly9ucy5hZG9iZS5jb20veGFwLzEuMC8iIHhtcE1NOk9yaWdpbmFsRG9jdW1lbnRJRD0ieG1wLmRpZDpCQjU0NjU4QjIyQTNFMTExQkI5Rjk5QkQ4RkQ5RUJFQiIgeG1wTU06RG9jdW1lbnRJRD0ieG1wLmRpZDpEQTUyOTdBQUEzRDUxMUUxQTQwN0YzMUI0Nzg3NDU1RSIgeG1wTU06SW5zdGFuY2VJRD0ieG1wLmlpZDpEQTUyOTdBOUEzRDUxMUUxQTQwN0YzMUI0Nzg3NDU1RSIgeG1wOkNyZWF0b3JUb29sPSJBZG9iZSBQaG90b3Nob3AgQ1M2IChXaW5kb3dzKSI+IDx4bXBNTTpEZXJpdmVkRnJvbSBzdFJlZjppbnN0YW5jZUlEPSJ4bXAuaWlkOjQ4MTZDRTNCRDVBM0UxMTFBQTI2QTBCMjZENzg1Qzg5IiBzdFJlZjpkb2N1bWVudElEPSJ4bXAuZGlkOkJCNTQ2NThCMjJBM0UxMTFCQjlGOTlCRDhGRDlFQkVCIi8+IDwvcmRmOkRlc2NyaXB0aW9uPiA8L3JkZjpSREY+IDwveDp4bXBtZXRhPiA8P3hwYWNrZXQgZW5kPSJyIj8+aHNJrgAAAZ1JREFUeNpsUssrRGEU/907985YMDPNYlh4hbKZPMdgR3aysrGSSFIeKyUKpewoRTYkmcgCf4MsMI2FPDYGKeUZSoru4/uc82VC+W7fOeee+zvn/M45V1uuyCmVwDogq0hDklD6jy1dspNkdxokVrIzPFUh0/MD5OdXoJDwPFtu3d2ns6TTp9oggTlFZlmN0o4AHMmXfJGo0lmGzoE1OgmNHf5YA8rmN5HfM6wADmUuHphA9cIW/JX1yiek9DIlyijxkNjBzXYche19gNcHzfShoLUdVxtLuD/cYzCoMAzCwqYrhMDx9Chs20JRWzf4nMcXcDI3pYAqQHIAtWUJbpKursMMhpA+RiAEGzpc4X5XkDB4GjaHmiZik/PIa2rBEWVlSuW9Q+T3YndskBi46QpQFcLltchtbEZyZhxna4uKhmV9Ito/gtPNOG4P99WItdlIWARNXWOAv6AEr9cplel7/ggUleDlMqUSvNnCobHKxDsNnqs8XaWUZopp/XhxTkOR+HDVOveYUge9rNLyY9SU9v+vwXuUB2R0fQkwABfn/VKSjTLBAAAAAElFTkSuQmCC) " "}
.error.label th:first-child:before, .error.label td:first-child:before {content:url(data:image/png;base64,iVBORw0KGgoAAAANSUhEUgAAAAwAAAAMCAYAAABWdVznAAAABmJLR0QAAAAAAAD5Q7t/AAAACXBIWXMAAAsTAAALEwEAmpwYAAAAB3RJTUUH3QcKER4AdkxvvQAAAdVJREFUKM89kM9KG0EAh7/JTHazZInEQwJ68KIWLx6Etj6EjxAobYSsD+BjCJ682EOp0FMueYmS0FMICF4i6tFNzJ/dyRh2Znoo6Xf+Pn7wEzc3Nx/W6/UvY8xJnudkWYa1Fu893nviOCaKIhuG4R/v/Ve1Xq9/bG1tnezs7JDnOVpr3t/fcc4hpaRSqVCpVORqtTp9e3v7rrTWn5vNJpPJhHK5zHg8JssyvPeEYcjR0RFpmlKr1ZjP5x9Li8VCbOR2u83BwQEvLy88PT1xfHzMxcUFQgjSNCXLskDlec5sNuPx8REpJZ1Oh+fnZ4QQnJ+fc319Tb/fZ29vD601SmvNdDplsVhwe3vLaDTi6uoKgCRJGAwGNBoNXl9fMcZQcs5hjGG1WpHnObVajQ3VahWtNcYYjDE451Cb+7z3JElCkiScnZ0hpaTX67G7u0u328V7/y+oVqsIITg8PKTT6dBqtRgOhzjnaLVa3N3dcX9/z3K5JI5jxOXlpSuKQqRpirWWh4eH//Plcpn9/X2cc2xvb1MqlQqllBpYa0/jOGYymdBsNsmyDOccURRRFAX1eh2lFGEY/lZBEHyx1v703n8KgkBEUYSUEu/9RkIIUQRB0A/D8NtflUT+nn4OS+0AAAAASUVORK5CYII=) " "}
.pending.label th:first-child:before, .pending.label td:first-child:before {content:url(data:image/png;base64,iVBORw0KGgoAAAANSUhEUgAAAAwAAAAMCAYAAABWdVznAAAAGXRFWHRTb2Z0d2FyZQBBZG9iZSBJbWFnZVJlYWR5ccllPAAAA2ZpVFh0WE1MOmNvbS5hZG9iZS54bXAAAAAAADw/eHBhY2tldCBiZWdpbj0i77u/IiBpZD0iVzVNME1wQ2VoaUh6cmVTek5UY3prYzlkIj8+IDx4OnhtcG1ldGEgeG1sbnM6eD0iYWRvYmU6bnM6bWV0YS8iIHg6eG1wdGs9IkFkb2JlIFhNUCBDb3JlIDUuMy1jMDExIDY2LjE0NTY2MSwgMjAxMi8wMi8wNi0xNDo1NjoyNyAgICAgICAgIj4gPHJkZjpSREYgeG1sbnM6cmRmPSJodHRwOi8vd3d3LnczLm9yZy8xOTk5LzAyLzIyLXJkZi1zeW50YXgtbnMjIj4gPHJkZjpEZXNjcmlwdGlvbiByZGY6YWJvdXQ9IiIgeG1sbnM6eG1wTU09Imh0dHA6Ly9ucy5hZG9iZS5jb20veGFwLzEuMC9tbS8iIHhtbG5zOnN0UmVmPSJodHRwOi8vbnMuYWRvYmUuY29tL3hhcC8xLjAvc1R5cGUvUmVzb3VyY2VSZWYjIiB4bWxuczp4bXA9Imh0dHA6Ly9ucy5hZG9iZS5jb20veGFwLzEuMC8iIHhtcE1NOk9yaWdpbmFsRG9jdW1lbnRJRD0ieG1wLmRpZDpCQjU0NjU4QjIyQTNFMTExQkI5Rjk5QkQ4RkQ5RUJFQiIgeG1wTU06RG9jdW1lbnRJRD0ieG1wLmRpZDpDODdDM0Y0QUEzRDUxMUUxQjk5N0MzQjVFRDMyQUE1MiIgeG1wTU06SW5zdGFuY2VJRD0ieG1wLmlpZDpDODdDM0Y0OUEzRDUxMUUxQjk5N0MzQjVFRDMyQUE1MiIgeG1wOkNyZWF0b3JUb29sPSJBZG9iZSBQaG90b3Nob3AgQ1M2IChXaW5kb3dzKSI+IDx4bXBNTTpEZXJpdmVkRnJvbSBzdFJlZjppbnN0YW5jZUlEPSJ4bXAuaWlkOjQ4MTZDRTNCRDVBM0UxMTFBQTI2QTBCMjZENzg1Qzg5IiBzdFJlZjpkb2N1bWVudElEPSJ4bXAuZGlkOkJCNTQ2NThCMjJBM0UxMTFCQjlGOTlCRDhGRDlFQkVCIi8+IDwvcmRmOkRlc2NyaXB0aW9uPiA8L3JkZjpSREY+IDwveDp4bXBtZXRhPiA8P3hwYWNrZXQgZW5kPSJyIj8+yj6RYgAAAPZJREFUeNp0kM8KgkAQxmc1E0Wfo3vQn5eRSDx4EUHwbTpEhx4lil7DiydBQUFXp5nAMNsGhpnd/X77za4Iw3CFiFcAWFMFDkXtKZ/UHhfUnB3HWdu2/REpAL2u631ZlicGdpZlwTAMSmBM0zS5bhgQLB5FU3AOUS4XvNn3vVKgAACCIMA0TbFpGsyyDJMkefdFUWAcx1hVFeZ5jlEUoed5qPEI7KDrOhiG8e6llNC27Zcz77FW+L6Pruv+WKtGIzfgR39umv/UHOJgAMlO/BPOXCQDD5p3r2ma8lvHNU9BcWPg0HXdhRZbOhRT8aSXVO9U/ZcAAwAsmjsSQcM0lwAAAABJRU5ErkJggg==) " ";}
.successful.label th:first-child:before, .successful.label td:first-child:before {content:url(data:image/png;base64,iVBORw0KGgoAAAANSUhEUgAAAAwAAAAMCAYAAABWdVznAAAAGXRFWHRTb2Z0d2FyZQBBZG9iZSBJbWFnZVJlYWR5ccllPAAAA2ZpVFh0WE1MOmNvbS5hZG9iZS54bXAAAAAAADw/eHBhY2tldCBiZWdpbj0i77u/IiBpZD0iVzVNME1wQ2VoaUh6cmVTek5UY3prYzlkIj8+IDx4OnhtcG1ldGEgeG1sbnM6eD0iYWRvYmU6bnM6bWV0YS8iIHg6eG1wdGs9IkFkb2JlIFhNUCBDb3JlIDUuMy1jMDExIDY2LjE0NTY2MSwgMjAxMi8wMi8wNi0xNDo1NjoyNyAgICAgICAgIj4gPHJkZjpSREYgeG1sbnM6cmRmPSJodHRwOi8vd3d3LnczLm9yZy8xOTk5LzAyLzIyLXJkZi1zeW50YXgtbnMjIj4gPHJkZjpEZXNjcmlwdGlvbiByZGY6YWJvdXQ9IiIgeG1sbnM6eG1wTU09Imh0dHA6Ly9ucy5hZG9iZS5jb20veGFwLzEuMC9tbS8iIHhtbG5zOnN0UmVmPSJodHRwOi8vbnMuYWRvYmUuY29tL3hhcC8xLjAvc1R5cGUvUmVzb3VyY2VSZWYjIiB4bWxuczp4bXA9Imh0dHA6Ly9ucy5hZG9iZS5jb20veGFwLzEuMC8iIHhtcE1NOk9yaWdpbmFsRG9jdW1lbnRJRD0ieG1wLmRpZDpCQjU0NjU4QjIyQTNFMTExQkI5Rjk5QkQ4RkQ5RUJFQiIgeG1wTU06RG9jdW1lbnRJRD0ieG1wLmRpZDpEMDVBNThBQUEzRDUxMUUxQjdCQkM2QUNBMTNBMDExNiIgeG1wTU06SW5zdGFuY2VJRD0ieG1wLmlpZDpEMDVBNThBOUEzRDUxMUUxQjdCQkM2QUNBMTNBMDExNiIgeG1wOkNyZWF0b3JUb29sPSJBZG9iZSBQaG90b3Nob3AgQ1M2IChXaW5kb3dzKSI+IDx4bXBNTTpEZXJpdmVkRnJvbSBzdFJlZjppbnN0YW5jZUlEPSJ4bXAuaWlkOjQ4MTZDRTNCRDVBM0UxMTFBQTI2QTBCMjZENzg1Qzg5IiBzdFJlZjpkb2N1bWVudElEPSJ4bXAuZGlkOkJCNTQ2NThCMjJBM0UxMTFCQjlGOTlCRDhGRDlFQkVCIi8+IDwvcmRmOkRlc2NyaXB0aW9uPiA8L3JkZjpSREY+IDwveDp4bXBtZXRhPiA8P3hwYWNrZXQgZW5kPSJyIj8+xJ3YrgAAAYBJREFUeNpsUrtKA1EQPZtdY4gEQiD4QCsLEVGX4CP4AykEq1hYiGghCDZ+gBZWVtrZ+EAjaGOhfoAkNiaKhYWICilMEQNqoYjZ5O4d5+6ucQuLM3funDNzD7OrLe229YBwSKAEnyAP/pyIbL5fcz5rcNiLtuqJSEz3ickn5ruE/vFmJ9/LYjvAldGWqA7bJkgPtoAHQrS5G6NdiwhFWCoxHOCgKUL+iurkCBVawyamE8d4qmSZ51clBZUlh+RG14JzEsJNcaTNLVwWd1B6vXXqkmGoYNeVUPnW3JNr4+YarPoncvebEAKNekAlokaY6N/A1NA+SBgY6Eijtz2Fs5sVWNWawysorWNJsO+q9QWzaxLTYwfojA3isZzDfSnrWvTsNiyp7pOrZURC7ejrTDEpcVpY9ab+NSioLZEiapZA5nwBxZcC8g9HeK7ccYM7TDnwmoU2vx6/NIJaUjc0b0u8YvJNle5HdJvlhbI0Y31ThqsjTGr0/+8hOOQ5nfsRYACtHiy+FDd82wAAAABJRU5ErkJggg==) " "}
/*.successful.label a:before {content:url(data:image/png;base64,iVBORw0KGgoAAAANSUhEUgAAAAwAAAAMCAYAAABWdVznAAAAGXRFWHRTb2Z0d2FyZQBBZG9iZSBJbWFnZVJlYWR5ccllPAAAA2ZpVFh0WE1MOmNvbS5hZG9iZS54bXAAAAAAADw/eHBhY2tldCBiZWdpbj0i77u/IiBpZD0iVzVNME1wQ2VoaUh6cmVTek5UY3prYzlkIj8+IDx4OnhtcG1ldGEgeG1sbnM6eD0iYWRvYmU6bnM6bWV0YS8iIHg6eG1wdGs9IkFkb2JlIFhNUCBDb3JlIDUuMy1jMDExIDY2LjE0NTY2MSwgMjAxMi8wMi8wNi0xNDo1NjoyNyAgICAgICAgIj4gPHJkZjpSREYgeG1sbnM6cmRmPSJodHRwOi8vd3d3LnczLm9yZy8xOTk5LzAyLzIyLXJkZi1zeW50YXgtbnMjIj4gPHJkZjpEZXNjcmlwdGlvbiByZGY6YWJvdXQ9IiIgeG1sbnM6eG1wTU09Imh0dHA6Ly9ucy5hZG9iZS5jb20veGFwLzEuMC9tbS8iIHhtbG5zOnN0UmVmPSJodHRwOi8vbnMuYWRvYmUuY29tL3hhcC8xLjAvc1R5cGUvUmVzb3VyY2VSZWYjIiB4bWxuczp4bXA9Imh0dHA6Ly9ucy5hZG9iZS5jb20veGFwLzEuMC8iIHhtcE1NOk9yaWdpbmFsRG9jdW1lbnRJRD0ieG1wLmRpZDpCQjU0NjU4QjIyQTNFMTExQkI5Rjk5QkQ4RkQ5RUJFQiIgeG1wTU06RG9jdW1lbnRJRD0ieG1wLmRpZDpEMDVBNThBQUEzRDUxMUUxQjdCQkM2QUNBMTNBMDExNiIgeG1wTU06SW5zdGFuY2VJRD0ieG1wLmlpZDpEMDVBNThBOUEzRDUxMUUxQjdCQkM2QUNBMTNBMDExNiIgeG1wOkNyZWF0b3JUb29sPSJBZG9iZSBQaG90b3Nob3AgQ1M2IChXaW5kb3dzKSI+IDx4bXBNTTpEZXJpdmVkRnJvbSBzdFJlZjppbnN0YW5jZUlEPSJ4bXAuaWlkOjQ4MTZDRTNCRDVBM0UxMTFBQTI2QTBCMjZENzg1Qzg5IiBzdFJlZjpkb2N1bWVudElEPSJ4bXAuZGlkOkJCNTQ2NThCMjJBM0UxMTFCQjlGOTlCRDhGRDlFQkVCIi8+IDwvcmRmOkRlc2NyaXB0aW9uPiA8L3JkZjpSREY+IDwveDp4bXBtZXRhPiA8P3hwYWNrZXQgZW5kPSJyIj8+xJ3YrgAAAYBJREFUeNpsUrtKA1EQPZtdY4gEQiD4QCsLEVGX4CP4AykEq1hYiGghCDZ+gBZWVtrZ+EAjaGOhfoAkNiaKhYWICilMEQNqoYjZ5O4d5+6ucQuLM3funDNzD7OrLe229YBwSKAEnyAP/pyIbL5fcz5rcNiLtuqJSEz3ickn5ruE/vFmJ9/LYjvAldGWqA7bJkgPtoAHQrS5G6NdiwhFWCoxHOCgKUL+iurkCBVawyamE8d4qmSZ51clBZUlh+RG14JzEsJNcaTNLVwWd1B6vXXqkmGoYNeVUPnW3JNr4+YarPoncvebEAKNekAlokaY6N/A1NA+SBgY6Eijtz2Fs5sVWNWawysorWNJsO+q9QWzaxLTYwfojA3isZzDfSnrWvTsNiyp7pOrZURC7ejrTDEpcVpY9ab+NSioLZEiapZA5nwBxZcC8g9HeK7ccYM7TDnwmoU2vx6/NIJaUjc0b0u8YvJNle5HdJvlhbI0Y31ThqsjTGr0/+8hOOQ5nfsRYACtHiy+FDd82wAAAABJRU5ErkJggg==) " "}*/

.xspecResult { width: 90%; table-layout: fixed; }

.xspecResult td,
.xspecResult th { width: 50%; }

/*.xspecResult pre { 
  margin-left: 0; 
  padding: 0.5em; 
  overflow: auto; 
  border: 1px #999 dotted;
}*/

span.scenario-totals {float: right; width: 14.5%; text-align: left}

/* OXYGEN */
span.scenario-totals {float: right; width: 34.5%; text-align: right}

h2.failed {
    background-color: #FCC;
}

h1, h2 {
    width: 86%;
    /*margin-left: 3%;*/
    
    font-size:1.4em;
    font-weight:bold;
    text-align:left;
    margin-top:1.4em;
    margin-bottom:0.7em;
    color:#333333;
    background-color:inherit;
}

h1 {
    font-size:1.7em;
}

body &gt; h1:first-child:before {
    content:"XSLT UNIT ";
}

body &gt; h2:first-of-type {
    font-size:1.7em;
}

div &gt; table &gt; tbody &gt; tr &gt; th:first-child {
    font-weight:bold;
}

div &gt; h3 {
    font-weight:bold;
    /*margin-left: 3%;*/
}

div &gt; h4 {
    font-weight:normal;
    /*margin-left: 4%;*/
}

th.result { text-align: center; }
/* OXYGEN */


/* ------------------------------------------------------------------------ */
/*  DO NOT ALTER OR REMOVE COPYRIGHT NOTICES OR THIS COMMENT.               */
/*                                                                          */
/*  Copyright (c) 2008, 2010 Jeni Tennsion                                  */
/*                                                                          */
/*  The contents of this file are subject to the MIT License (see the URI   */
/*  http://www.opensource.org/licenses/mit-license.php for details).        */
/*                                                                          */
/*  Permission is hereby granted, free of charge, to any person obtaining   */
/*  a copy of this software and associated documentation files (the         */
/*  "Software"), to deal in the Software without restriction, including     */
/*  without limitation the rights to use, copy, modify, merge, publish,     */
/*  distribute, sublicense, and/or sell copies of the Software, and to      */
/*  permit persons to whom the Software is furnished to do so, subject to   */
/*  the following conditions:                                               */
/*                                                                          */
/*  The above copyright notice and this permission notice shall be          */
/*  included in all copies or substantial portions of the Software.         */
/*                                                                          */
/*  THE SOFTWARE IS PROVIDED "AS IS", WITHOUT WARRANTY OF ANY KIND,         */
/*  EXPRESS OR IMPLIED, INCLUDING BUT NOT LIMITED TO THE WARRANTIES OF      */
/*  MERCHANTABILITY, FITNESS FOR A PARTICULAR PURPOSE AND NONINFRINGEMENT.  */
/*  IN NO EVENT SHALL THE AUTHORS OR COPYRIGHT HOLDERS BE LIABLE FOR ANY    */
/*  CLAIM, DAMAGES OR OTHER LIABILITY, WHETHER IN AN ACTION OF CONTRACT,    */
/*  TORT OR OTHERWISE, ARISING FROM, OUT OF OR IN CONNECTION WITH THE       */
/*  SOFTWARE OR THE USE OR OTHER DEALINGS IN THE SOFTWARE.                  */
/* ------------------------------------------------------------------------ */

.nobr { white-space: nowrap; }
.scenario-label { text-indent: 0px; }
.context-label { text-indent: 10px; }
.test-label { text-indent: 20px; }
.pending-label { text-indent: 30px; }


        /**/</style>
    </head><body><h1>Test Report</h1><p>Script: <a href="file:/home/jostein/xprocspec/xprocspec/src/test/xprocspec/tests/call-2.xprocspec">file:/home/jostein/xprocspec/xprocspec/src/test/xprocspec/tests/call-2.xprocspec</a></p><p>Tested: 2013-12-02T14:36:07.565+01:00</p><h2>Contents</h2><table class="xspec"><col width="75%"/><col width="5%"/><col width="5%"/><col width="5%"/><col width="5%"/><col width="5%"/><thead><tr><th/><th class="result">passed:2</th><th class="result">pending:0</th><th class="result">failed:0</th><th class="result">errors:0</th><th class="result">total:2</th></tr></thead><tbody><tr class="successful label"><th><a href="#step1">ex:identity-2</a></th><th class="result">2</th><th class="result">0</th><th class="result">0</th><th class="result">0</th><th class="result">2</th></tr></tbody></table><div id="step1"><h2 class="successful">Calling: <a href="file:/home/jostein/xprocspec/xprocspec/src/test/xprocspec/steps/identity-library.xpl">ex:identity-2</a><span class="scenario-totals">passed:2 / pending:0 /
                                        failed:0 / errors:0 / total:2</span></h2><table class="xspec"><col width="80%"/><col width="20%"/><tbody><tr class="successful label"><th class="scenario-label">identity</th><th class="nobr">passed:2 / pending:0 / failed:0 / errors:0 / total:2</th></tr><tr class="successful label"><th class="context-label">errors</th><th class="nobr">passed:1 / pending:0 / failed:0 / errors:0 / total:1</th></tr><tr class="successful label"><td class="test-label">the step should execute successfully without throwing any errors</td><td>Success</td></tr><tr class="successful label"><th class="context-label">the results</th><th class="nobr">passed:1 / pending:0 / failed:0 / errors:0 / total:1</th></tr><tr class="successful label"><td class="test-label">the contents of the output element should be 'Hello world! #2'</td><td>Success</td></tr></tbody></table></div><h2>Execution log</h2><table><thead><tr><th>Time</th><th>Severity</th><th>Message</th></tr></thead><tbody><tr style=""><td>0.000</td><td style="padding-left:0%;">INFO</td><td><code><pre>#### file:/home/jostein/xprocspec/xprocspec/src/test/xprocspec/tests/call-2.xprocspec ####</pre></code></td></tr><tr style=""><td>0.005</td><td style="padding-left:0%;">INFO</td><td><code><pre> * temporary directory: file:/tmp/xprocspec-20131202143557583/</pre></code></td></tr><tr style=""><td>0.010</td><td style="padding-left:0%;">INFO</td><td><code><pre>preprocessing...</pre></code></td></tr><tr style=""><td>0.025</td><td style="padding-left:0%;">INFO</td><td><code><pre> * checking for imports</pre></code></td></tr><tr style=""><td>0.031</td><td style="padding-left:0%;">INFO</td><td><code><pre> * checking file:/home/jostein/xprocspec/xprocspec/src/test/xprocspec/tests/call-2.xprocspec for imports</pre></code></td></tr><tr style=""><td>0.037</td><td style="padding-left:0%;">INFO</td><td><code><pre> * extracting step declarations from file:/home/jostein/xprocspec/xprocspec/src/test/xprocspec/steps/identity-library.xpl</pre></code></td></tr><tr style=""><td>0.043</td><td style="padding-left:0%;">INFO</td><td><code><pre> * tests reference 1 step</pre></code></td></tr><tr style=""><td>0.049</td><td style="padding-left:0%;">INFO</td><td><code><pre>   * step: e:identity-2</pre></code></td></tr><tr style=""><td>0.054</td><td style="padding-left:0%;">INFO</td><td><code><pre> * trying to load: file:/home/jostein/xprocspec/xprocspec/src/test/xprocspec/steps/identity-library.xpl</pre></code></td></tr><tr style=""><td>0.061</td><td style="padding-left:0%;">INFO</td><td><code><pre>   * success!</pre></code></td></tr><tr style=""><td>0.069</td><td style="padding-left:0%;">INFO</td><td><code><pre> * trying to extract the step declaration for {http://example.net/ns}identity-2 from file:/home/jostein/xprocspec/xprocspec/src/test/xprocspec/steps/identity-library.xpl</pre></code></td></tr><tr style=""><td>0.080</td><td style="padding-left:0%;">INFO</td><td><code><pre> * creating a new x:description document for each x:scenario element with inferred inputs, options and parameters</pre></code></td></tr><tr style=""><td>0.094</td><td style="padding-left:0%;">INFO</td><td><code><pre> * validating output grammar</pre></code></td></tr><tr style=""><td>0.102</td><td style="padding-left:0%;">INFO</td><td><code><pre>compiling...</pre></code></td></tr><tr style=""><td>0.111</td><td style="padding-left:0%;">INFO</td><td><code><pre> * created directory using Calabash's cxf:mkdir</pre></code></td></tr><tr style=""><td>0.117</td><td style="padding-left:0%;">INFO</td><td><code><pre> * converting test 'test1' to XProc</pre></code></td></tr><tr style=""><td>0.132</td><td style="padding-left:0%;">INFO</td><td><code><pre>   * done</pre></code></td></tr><tr style=""><td>0.138</td><td style="padding-left:0%;">INFO</td><td><code><pre> * validating output grammar for file:/home/jostein/xprocspec/xprocspec/src/test/xprocspec/tests/call-2.xprocspec</pre></code></td></tr><tr style=""><td>0.146</td><td style="padding-left:0%;">INFO</td><td><code><pre>   * done!</pre></code></td></tr><tr style=""><td>0.153</td><td style="padding-left:0%;">INFO</td><td><code><pre> * using as temporary directory: file:/tmp/xprocspec-20131202143557583/xprocspec-20131202143607272/</pre></code></td></tr><tr style=""><td>0.159</td><td style="padding-left:0%;">INFO</td><td><code><pre>storing...</pre></code></td></tr><tr style=""><td>0.166</td><td style="padding-left:0%;">INFO</td><td><code><pre>running...</pre></code></td></tr><tr style=""><td>0.174</td><td style="padding-left:0%;">INFO</td><td><code><pre>   * loading 'file:/tmp/xprocspec-20131202143557583/test1.xpl'</pre></code></td></tr><tr style=""><td>0.220</td><td style="padding-left:0%;">INFO</td><td><code><pre>evaluating...</pre></code></td></tr><tr style=""><td>0.233</td><td style="padding-left:0%;">INFO</td><td><code><pre> * evaluating scenario 'identity' (file:/home/jostein/xprocspec/xprocspec/src/test/xprocspec/tests/call-2.xprocspec)</pre></code></td></tr><tr style=""><td>0.240</td><td style="padding-left:0%;">INFO</td><td><code><pre>   * resolving x:document elements...</pre></code></td></tr><tr style=""><td>0.249</td><td style="padding-left:0%;">INFO</td><td><code><pre>    * no errors occured</pre></code></td></tr><tr style=""><td>0.267</td><td style="padding-left:0%;">INFO</td><td><code><pre>   * grouping x:expect elements with their x:context...</pre></code></td></tr><tr style=""><td>0.276</td><td style="padding-left:0%;">INFO</td><td><code><pre>   * evaluating each context/expect group...</pre></code></td></tr><tr style=""><td>0.283</td><td style="padding-left:0%;">INFO</td><td><code><pre>     * setting context to 'errors'</pre></code></td></tr><tr style=""><td>0.290</td><td style="padding-left:0%;">INFO</td><td><code><pre>       * testing assertion 'the step should execute successfully without throwing any errors'</pre></code></td></tr><tr style=""><td>0.297</td><td style="padding-left:0%;">INFO</td><td><code><pre>         * is document count assertion</pre></code></td></tr><tr style=""><td>0.304</td><td style="padding-left:0%;">INFO</td><td><code><pre>         * assertion passed</pre></code></td></tr><tr style=""><td>0.314</td><td style="padding-left:0%;">INFO</td><td><code><pre>     * setting context to 'the results'</pre></code></td></tr><tr style=""><td>0.321</td><td style="padding-left:0%;">INFO</td><td><code><pre>       * testing assertion 'the contents of the output element should be 'Hello world! #2''</pre></code></td></tr><tr style=""><td>0.331</td><td style="padding-left:0%;">INFO</td><td><code><pre>         * is xpath assertion</pre></code></td></tr><tr style=""><td>0.348</td><td style="padding-left:0%;">INFO</td><td><code><pre>reporting...</pre></code></td></tr></tbody></table><link rel="stylesheet" href="http://yandex.st/highlightjs/7.3/styles/default.min.css"/><script type="text/javascript" src="http://yandex.st/highlightjs/7.3/highlight.min.js" xml:space="preserve"> </script><script type="text/javascript">hljs.initHighlightingOnLoad();</script></body></html></x:document></x:output><x:output port="junit"><x:document xml:base="file:/home/jostein/xprocspec/xprocspec/src/main/resources/content/xml/xproc/report/report.xpl" xml:space="preserve" type="inline"><testsuites tests="2" failures="0" time="0.357" errors="0" name="call2"><testsuite timestamp="2013-12-02T13:36:07.53Z" hostname="localhost" tests="2" errors="0" failures="0" skipped="0" id="d19202e1" name="identity" package="http://example.net/ns" time="0.002">
<properties>


</properties>
<testcase name="theStepShouldExecuteSuccessfullyWithoutThrowingAnyErrors" classname="identity-2" assertions="1" time="0" status="SUCCESS"><system-out>the step should execute successfully without throwing any errors: SUCCESS</system-out>
<system-err/></testcase><testcase name="theContentsOfTheOutputElementShouldBeHelloWorld2" classname="identity-2" assertions="1" time="0" status="SUCCESS"><system-out>the contents of the output element should be 'Hello world! #2': SUCCESS</system-out>
<system-err/></testcase></testsuite></testsuites></x:document></x:output><x:test-result type="count" label="the step should execute successfully without throwing any errors" max="0" contextref="errors" result="passed">
                                                        <x:expected>At most 0 documents.</x:expected>
                                                    <x:was>0</x:was></x:test-result><x:test-result label="there should be at least one test, and none of the tests should fail" type="xpath" test="not(/*/@tests='0') and /*/@failures='0' and /*/@errors='0'" contextref="context7" result="passed"><x:expected xml:space="preserve">XPath: true()
Value: true</x:expected><x:was xml:space="preserve">XPath: not(/*/@tests='0') and /*/@failures='0' and /*/@errors='0'
Value: true</x:was></x:test-result></x:description><x:description xmlns:cx="http://xmlcalabash.com/ns/extensions" xmlns:c="http://www.w3.org/ns/xproc-step" xml:base="file:/home/jostein/xprocspec/xprocspec/src/test/xprocspec/test.xprocspec" test-base-uri="file:/home/jostein/xprocspec/xprocspec/src/test/xprocspec/test.xprocspec" script="file:/home/jostein/xprocspec/xprocspec/src/main/resources/content/xml/xproc/xprocspec.xpl" test-grammar="xprocspec" temp-dir="file:/tmp/xprocspec-20131202143557583/"><x:step-declaration><p:declare-step xmlns:p="http://www.w3.org/ns/xproc" xmlns:px="http://www.daisy.org/ns/xprocspec" xmlns:pxi="http://www.daisy.org/ns/xprocspec/xproc-internal/" xmlns:pkg="http://expath.org/ns/pkg" type="px:xprocspec" name="main" version="1.0" xpath-version="2.0" pkg:import-uri="http://www.daisy.org/ns/xprocspec/xprocspec.xpl" x:type="{http://www.daisy.org/ns/xprocspec}xprocspec"><p:input port="source" kind="document" sequence="false" primary="true"/><p:output port="result" kind="document" sequence="false" primary="false"><p:pipe port="result" step="report"/></p:output><p:output port="html" kind="document" sequence="false" primary="false"><p:pipe port="html" step="report"/></p:output><p:output port="junit" kind="document" sequence="false" primary="false"><p:pipe port="junit" step="report"/></p:output><p:option name="temp-dir" select="'file:/tmp/'"/><p:option name="step-available-rng" select="'false'"/></p:declare-step></x:step-declaration><x:scenario end-time="2013-12-02T13:36:08.671Z" label="the call element - two different scenarios testing different steps in the same library" start-time="2013-12-02T13:36:07.964Z"><x:call x:type="{http://www.daisy.org/ns/xprocspec}xprocspec" step="x:xprocspec"><x:option select="$temp-dir" name="temp-dir" value="file:/tmp/xprocspec-20131202143557583/"/><x:input port="source">
                    <x:document xml:base="file:/home/jostein/xprocspec/xprocspec/src/test/xprocspec/test.xprocspec" xml:space="preserve" type="inline"><?xml-model href="http://www.daisy.org/ns/xprocspec/xprocspec.rng" type="application/xml" schematypens="http://relaxng.org/ns/structure/1.0"?><x:description xmlns:e="http://example.net/ns" script="../steps/identity-library.xpl">
    
    <x:scenario label="identity">
        <x:call step="e:identity-1"/>
        <x:context label="the results">
            <x:document type="port" port="result"/>
        </x:context>
        <x:expect type="xpath" label="the contents of the output element should be 'Hello world! #1'" test="/*/text()='Hello world! #1'"/>
    </x:scenario>
    
    <x:scenario label="identity">
        <x:call step="e:identity-2"/>
        <x:context label="the results">
            <x:document type="port" port="result"/>
        </x:context>
        <x:expect type="xpath" label="the contents of the output element should be 'Hello world! #2'" test="/*/text()='Hello world! #2'"/>
    </x:scenario>
    
</x:description></x:document>
                </x:input></x:call>
                                                <x:context label="errors" id="errors">
                                                    
                                                </x:context>
                                            
                                                <x:expect type="count" label="the step should execute successfully without throwing any errors" max="0" contextref="errors"/>
                                            <x:context label="the junit output port" id="context8">
                <x:document xml:base="file:/home/jostein/xprocspec/xprocspec/src/main/resources/content/xml/xproc/report/report.xpl" xml:space="preserve" type="inline"><testsuites tests="4" failures="0" time="0.596" errors="0" name="call3"><testsuite timestamp="2013-12-02T13:36:08.573Z" hostname="localhost" tests="2" errors="0" failures="0" skipped="0" id="d20996e1" name="identity" package="http://example.net/ns" time="0.002">
<properties>


</properties>
<testcase name="theStepShouldExecuteSuccessfullyWithoutThrowingAnyErrors" classname="identity-1" assertions="1" time="0" status="SUCCESS"><system-out>the step should execute successfully without throwing any errors: SUCCESS</system-out>
<system-err/></testcase><testcase name="theContentsOfTheOutputElementShouldBeHelloWorld1" classname="identity-1" assertions="1" time="0" status="SUCCESS"><system-out>the contents of the output element should be 'Hello world! #1': SUCCESS</system-out>
<system-err/></testcase></testsuite><testsuite timestamp="2013-12-02T13:36:08.583Z" hostname="localhost" tests="2" errors="0" failures="0" skipped="0" id="d21004e1" name="identity" package="http://example.net/ns" time="0.002">
<properties>


</properties>
<testcase name="theStepShouldExecuteSuccessfullyWithoutThrowingAnyErrors" classname="identity-2" assertions="1" time="0" status="SUCCESS"><system-out>the step should execute successfully without throwing any errors: SUCCESS</system-out>
<system-err/></testcase><testcase name="theContentsOfTheOutputElementShouldBeHelloWorld2" classname="identity-2" assertions="1" time="0" status="SUCCESS"><system-out>the contents of the output element should be 'Hello world! #2': SUCCESS</system-out>
<system-err/></testcase></testsuite></testsuites></x:document>
            </x:context><x:expect label="there should be at least one test, and none of the tests should fail" type="xpath" test="not(/*/@tests='0') and /*/@failures='0' and /*/@errors='0'" contextref="context8"/></x:scenario><x:output port="result"><x:document xml:base="file:/home/jostein/xprocspec/xprocspec/src/main/resources/content/xml/xproc/report/report.xpl" xml:space="preserve" type="inline"><x:test-report><x:description xml:base="file:/home/jostein/xprocspec/xprocspec/src/test/xprocspec/tests/call-3.xprocspec" test-base-uri="file:/home/jostein/xprocspec/xprocspec/src/test/xprocspec/tests/call-3.xprocspec" script="file:/home/jostein/xprocspec/xprocspec/src/test/xprocspec/steps/identity-library.xpl" test-grammar="xprocspec" temp-dir="file:/tmp/xprocspec-20131202143557583/xprocspec-20131202143608107/"><x:step-declaration><p:declare-step xmlns:p="http://www.w3.org/ns/xproc" xmlns:ex="http://example.net/ns" type="ex:identity-1" version="1.0" x:type="{http://example.net/ns}identity-1"><p:input port="source" kind="document" sequence="false" primary="true"><p:inline>
                <doc>Hello world! #1</doc>
            </p:inline></p:input><p:output port="result" kind="document" sequence="false" primary="true"/></p:declare-step></x:step-declaration><x:scenario xmlns:e="http://example.net/ns" end-time="2013-12-02T13:36:08.235Z" label="identity" start-time="2013-12-02T13:36:08.233Z"><x:call x:type="{http://example.net/ns}identity-1" step="e:identity-1"/>
                                                <x:context label="errors" id="errors">
                                                    
                                                </x:context>
                                            
                                                <x:expect type="count" label="the step should execute successfully without throwing any errors" max="0" contextref="errors"/>
                                            <x:context label="the results" id="context0">
            <x:document xml:base="file:/home/jostein/xprocspec/xprocspec/src/test/xprocspec/tests/call-3.xprocspec" xml:space="preserve" type="inline">
                <doc xmlns:ex="http://example.net/ns">Hello world! #1</doc>
            </x:document>
        </x:context><x:expect type="xpath" label="the contents of the output element should be 'Hello world! #1'" test="/*/text()='Hello world! #1'" contextref="context0"/></x:scenario><x:output port="result"><x:document xml:base="file:/home/jostein/xprocspec/xprocspec/src/test/xprocspec/tests/call-3.xprocspec" xml:space="preserve" type="inline">
                <doc xmlns:ex="http://example.net/ns">Hello world! #1</doc>
            </x:document></x:output><x:test-result xmlns:e="http://example.net/ns" type="count" label="the step should execute successfully without throwing any errors" max="0" contextref="errors" result="passed">
                                                        <x:expected>At most 0 documents.</x:expected>
                                                    <x:was>0</x:was></x:test-result><x:test-result xmlns:e="http://example.net/ns" type="xpath" label="the contents of the output element should be 'Hello world! #1'" test="/*/text()='Hello world! #1'" contextref="context0" result="passed"><x:expected xml:space="preserve">XPath: true()
Value: true</x:expected><x:was xml:space="preserve">XPath: /*/text()='Hello world! #1'
Value: true</x:was></x:test-result></x:description><x:description xml:base="file:/home/jostein/xprocspec/xprocspec/src/test/xprocspec/tests/call-3.xprocspec" test-base-uri="file:/home/jostein/xprocspec/xprocspec/src/test/xprocspec/tests/call-3.xprocspec" script="file:/home/jostein/xprocspec/xprocspec/src/test/xprocspec/steps/identity-library.xpl" test-grammar="xprocspec" temp-dir="file:/tmp/xprocspec-20131202143557583/xprocspec-20131202143608107/"><x:step-declaration><p:declare-step xmlns:p="http://www.w3.org/ns/xproc" xmlns:ex="http://example.net/ns" type="ex:identity-2" version="1.0" x:type="{http://example.net/ns}identity-2"><p:input port="source" kind="document" sequence="false" primary="true"><p:inline>
                <doc>Hello world! #2</doc>
            </p:inline></p:input><p:output port="result" kind="document" sequence="false" primary="true"/></p:declare-step></x:step-declaration><x:scenario xmlns:e="http://example.net/ns" end-time="2013-12-02T13:36:08.281Z" label="identity" start-time="2013-12-02T13:36:08.279Z"><x:call x:type="{http://example.net/ns}identity-2" step="e:identity-2"/>
                                                <x:context label="errors" id="errors">
                                                    
                                                </x:context>
                                            
                                                <x:expect type="count" label="the step should execute successfully without throwing any errors" max="0" contextref="errors"/>
                                            <x:context label="the results" id="context1">
            <x:document xml:base="file:/home/jostein/xprocspec/xprocspec/src/test/xprocspec/tests/call-3.xprocspec" xml:space="preserve" type="inline">
                <doc xmlns:ex="http://example.net/ns">Hello world! #2</doc>
            </x:document>
        </x:context><x:expect type="xpath" label="the contents of the output element should be 'Hello world! #2'" test="/*/text()='Hello world! #2'" contextref="context1"/></x:scenario><x:output port="result"><x:document xml:base="file:/home/jostein/xprocspec/xprocspec/src/test/xprocspec/tests/call-3.xprocspec" xml:space="preserve" type="inline">
                <doc xmlns:ex="http://example.net/ns">Hello world! #2</doc>
            </x:document></x:output><x:test-result xmlns:e="http://example.net/ns" type="count" label="the step should execute successfully without throwing any errors" max="0" contextref="errors" result="passed">
                                                        <x:expected>At most 0 documents.</x:expected>
                                                    <x:was>0</x:was></x:test-result><x:test-result xmlns:e="http://example.net/ns" type="xpath" label="the contents of the output element should be 'Hello world! #2'" test="/*/text()='Hello world! #2'" contextref="context1" result="passed"><x:expected xml:space="preserve">XPath: true()
Value: true</x:expected><x:was xml:space="preserve">XPath: /*/text()='Hello world! #2'
Value: true</x:was></x:test-result></x:description></x:test-report></x:document></x:output><x:output port="html"><x:document xml:base="file:/home/jostein/xprocspec/xprocspec/src/main/resources/content/xml/xproc/report/report-template.xhtml" xml:space="preserve" type="inline"><html xmlns="http://www.w3.org/1999/xhtml"><head><title>Test Report for file:/home/jostein/xprocspec/xprocspec/src/test/xprocspec/tests/call-3.xprocspec (passed:4 / pending:0 / failed:0 / errors:0 / total:4)</title>
        <meta charset="utf-8"/>
        <style type="text/css" xml:space="preserve">/**/
/****************************************************************************/
/*  File:       test-report.css                                             */
/*  Author:     Jeni Tennsion                                               */
/*  URI:        http://xspec.googlecode.com/                                */
/*  Tags:                                                                   */
/*    Copyright (c) 2008, 2010 Jeni Tennsion (see end of file.)             */
/* ------------------------------------------------------------------------ */


/* test */

/* box model */

body {
	margin-right: 1em;
	/*margin-left: 10%;*/
	}

h1 {
	padding: 0.3em 0.5em 0.3em 0.5em;
	position: relative;
	}

h2 {
	padding: 0.1em 0.5em 0.2em 0.5em;
	}

h3 {
	padding-left: 0.6em;
	}

h4 {
	padding-left: 0.8em;
	}

p, table {
	/*margin-left: 5%;*/
	}

dd ul, dd ol {
	margin-left: 0%;
	}

li ul, li ol {
	/*margin-left: 5%;*/
	}

dl, ul, ol, blockquote {
	/*margin-left: 10%;*/
	}

dt {
  padding-top: 3px;
  padding-bottom: 3px;
	clear: both;
	}

dd p {
	/*margin-left: -5px;*/
	margin-top: 5px;
	clear: both;
	}

p.link {
	margin-top: 4px;
	margin-bottom: 0px;
	clear: both;
	}

tr td, td p, li, li p {
	margin-left: 0%;
	}

td:nth-child(2) {
	padding-left: 5%;
	}

.link img, dt img {
	vertical-align: middle;
	position: relative;
	top: -5px;
	}

img {
	position: relative;
	}

#xml-link {
	position: absolute;
	left: 5px;
	top: 5px;
	width: 10%;
	margin-left: 0%;
	}

#link-up {
	position: absolute;
	left: 93%;
	right: 2em;
	top: 0.3em;
	}

#link-top {
	position: absolute;
	left: 89%;
	right: 4em;
	top: 0.3em;
	}
	
.popup {
	display: block;
	visibility: hidden;
	float: right;
	position: absolute;
	top: 5px;
	left: -200px;
	z-index: 1;
	padding: 0.3em;
	width: 220px;
	}

.note {
	position: relative;
	}

.post {
	/*margin-left: 5%;*/
	padding-top: 1em;
	}
	
.example, .sidebar {
  /*margin-left: 5%;*/
  margin-top: 1em;
  margin-bottom: 1em;
  }

/*pre {
	padding-left: 5%;
	margin-left: 5%;
	}*/

/*dd pre, li pre {
	padding-left: 5%;
	}*/

/* fonts */
/* Oxygen  */
body, table {
    font-family:arial, helvetica, sans-serif;
    font-size:12px;
}
/* Oxygen  */

/*body {
	font-family: Verdana, arial, sans-serif;
	font-size: small;
	}*/	

/*h1, h2, h3, h4, h5, h6 {
	font-family: 'trebuchet MS', arial, sans-serif;
	}*/

h1 {
	font-size: 173%;
	font-weight: bold;
	}

h2 {
	font-size: 144%;
	font-weight: normal;
	}

h3 {
	font-size: 120%;
	font-weight: normal;
	}

h4 {
  font-size: 100%;
  font-weight: bold;
}

dt {
	font-weight: bold;
	}

a:link, a:visited, a:active, a:hover {
	font-weight: bold;
	}

a.offsite:link, a.offsite:visited, a.offsite:active, a.offsite:hover {
	font-weight: normal;
	}

/* suppress the normal italics */
address {
	font-style: normal;
	}

div.example, .sidebar {
  font-family: Verdana, arial, sans-serif;
  font-size: 100%;
  }


.note, .link {
	font-family: Verdana, arial, sans-serif;
	/*font-size: 83%;*/
	}

/*.example, .string, .rtf, .code, pre, code {
	font-family: "Lucida Console", "Courier New", monospace;*/
  /*font-size: 83%;*/
/*	}*/

.boolean {
	font-style: italic;
	}

#colophon, #xml-link {
	font-size: 69%;
	}

.question, .title {
	font-weight: bold;
	}

/* colours */
body {
	background-color: white;
	color: black;
	border: 0px none black;
	}

/* this is to make Navigator fill the entire line */
h1, h2 {
	border: 1px solid white;
	width: auto;
	}

h1 {
	/*background: #606;*/
	/*color: #6F6;*/
	}

h2 {
	color: #606;
	/*background: #CFC;*/
	}

hr {
	color: #606;
	background: white;
	}

img, a:link img, a:visited img, a:hover img, a:active img, #link-up img, #link-top img {
	border: 0px none white;
	background: transparent;
	}

/* OXYGEN */
a, a:visited {
    color:rgb(0, 0, 150);
    background-color:inherit;
    font-weight: bold;
}
a:link, a:visited {
    text-decoration:none; 
}
a:hover {
    text-decoration:underline;
}

/* OXYGEN */

a.img:hover, a.img:active {
	background: transparent;
	}

#colophon, #xml-link, .note {
	color: #666;
	}

#colophon a:link, #colophon a:visited, #colophon a:hover,
#xml-link a:link, #xml-link a:visited, #xml-link a:hover,
.note a:link, .note a:visited, .note a:hover {
	color: #969;
	background: transparent;
	}

#colophon a:hover, #xml-link a:hover, .note a:hover {
	background: #CFC;
	color: #969;
	}

.popup {
	background: white;
	border: 1px solid #606;
	}

.post {
	border-top: 2px solid #606;
	}
	
.example {
  border-top: 2px solid #606;
  border-bottom: 2px solid #606;
  }
  
.sidebar {
  border-top: 2px solid #090;
  border-bottom: 2px solid #090;
  }
  
.rng {
  border-left: 2px solid #666;
  }

.same {
  background-color: rgb(206, 239, 174);
}

.diff {
  background-color: #FCC;
}

.whitespace {
	font-style: italic;
	color: #999;
	background: white;
}

.ignored {
  font-style: italic;
  color: #999;
  background: white;
}

.hit {
}

.missed {
  background-color: #A33;
  color: white;
}

/* text */
ol ol li {
	list-style: lower-alpha;
	}

th {
	text-align: left;
	}

td {
	vertical-align: top;
	}

h1 {
	text-transform: uppercase;
	}

h2, h3 {
	/*text-transform: capitalize;*/
	}

.question {
	text-indent: -33px;
	}

.byline {
	text-align: right;
	}

#link-top, #link-up {
	text-align: right;
	}

a {
	text-decoration: none;
	}

table { width: 85%;
        /* border: collapse; */ }

th { text-align: left; }

.xspec tbody th { font-weight: normal; /*font-size: 0.8em;*/ border-top: 1px #666 solid; }
.xspec tbody td { /*font-size: 0.8em;*/ color: #666; }

.successful.label th, .successful.label td { background-color: #CFC; }
.pending.label th, .pending.label td { background-color: #DDD; color: #666; }
.failed.label th, .failed.label td { background-color: #FCC; }
.error.label th, .error.label td { background-color: #FAA; }
/*body &gt; table tbody .failed.label th:first-child:before {content:url(data:image/png;base64,iVBORw0KGgoAAAANSUhEUgAAAAwAAAAMCAYAAABWdVznAAAAGXRFWHRTb2Z0d2FyZQBBZG9iZSBJbWFnZVJlYWR5ccllPAAAA2ZpVFh0WE1MOmNvbS5hZG9iZS54bXAAAAAAADw/eHBhY2tldCBiZWdpbj0i77u/IiBpZD0iVzVNME1wQ2VoaUh6cmVTek5UY3prYzlkIj8+IDx4OnhtcG1ldGEgeG1sbnM6eD0iYWRvYmU6bnM6bWV0YS8iIHg6eG1wdGs9IkFkb2JlIFhNUCBDb3JlIDUuMy1jMDExIDY2LjE0NTY2MSwgMjAxMi8wMi8wNi0xNDo1NjoyNyAgICAgICAgIj4gPHJkZjpSREYgeG1sbnM6cmRmPSJodHRwOi8vd3d3LnczLm9yZy8xOTk5LzAyLzIyLXJkZi1zeW50YXgtbnMjIj4gPHJkZjpEZXNjcmlwdGlvbiByZGY6YWJvdXQ9IiIgeG1sbnM6eG1wTU09Imh0dHA6Ly9ucy5hZG9iZS5jb20veGFwLzEuMC9tbS8iIHhtbG5zOnN0UmVmPSJodHRwOi8vbnMuYWRvYmUuY29tL3hhcC8xLjAvc1R5cGUvUmVzb3VyY2VSZWYjIiB4bWxuczp4bXA9Imh0dHA6Ly9ucy5hZG9iZS5jb20veGFwLzEuMC8iIHhtcE1NOk9yaWdpbmFsRG9jdW1lbnRJRD0ieG1wLmRpZDpCQjU0NjU4QjIyQTNFMTExQkI5Rjk5QkQ4RkQ5RUJFQiIgeG1wTU06RG9jdW1lbnRJRD0ieG1wLmRpZDpEQTUyOTdBQUEzRDUxMUUxQTQwN0YzMUI0Nzg3NDU1RSIgeG1wTU06SW5zdGFuY2VJRD0ieG1wLmlpZDpEQTUyOTdBOUEzRDUxMUUxQTQwN0YzMUI0Nzg3NDU1RSIgeG1wOkNyZWF0b3JUb29sPSJBZG9iZSBQaG90b3Nob3AgQ1M2IChXaW5kb3dzKSI+IDx4bXBNTTpEZXJpdmVkRnJvbSBzdFJlZjppbnN0YW5jZUlEPSJ4bXAuaWlkOjQ4MTZDRTNCRDVBM0UxMTFBQTI2QTBCMjZENzg1Qzg5IiBzdFJlZjpkb2N1bWVudElEPSJ4bXAuZGlkOkJCNTQ2NThCMjJBM0UxMTFCQjlGOTlCRDhGRDlFQkVCIi8+IDwvcmRmOkRlc2NyaXB0aW9uPiA8L3JkZjpSREY+IDwveDp4bXBtZXRhPiA8P3hwYWNrZXQgZW5kPSJyIj8+aHNJrgAAAZ1JREFUeNpsUssrRGEU/907985YMDPNYlh4hbKZPMdgR3aysrGSSFIeKyUKpewoRTYkmcgCf4MsMI2FPDYGKeUZSoru4/uc82VC+W7fOeee+zvn/M45V1uuyCmVwDogq0hDklD6jy1dspNkdxokVrIzPFUh0/MD5OdXoJDwPFtu3d2ns6TTp9oggTlFZlmN0o4AHMmXfJGo0lmGzoE1OgmNHf5YA8rmN5HfM6wADmUuHphA9cIW/JX1yiek9DIlyijxkNjBzXYche19gNcHzfShoLUdVxtLuD/cYzCoMAzCwqYrhMDx9Chs20JRWzf4nMcXcDI3pYAqQHIAtWUJbpKursMMhpA+RiAEGzpc4X5XkDB4GjaHmiZik/PIa2rBEWVlSuW9Q+T3YndskBi46QpQFcLltchtbEZyZhxna4uKhmV9Ito/gtPNOG4P99WItdlIWARNXWOAv6AEr9cplel7/ggUleDlMqUSvNnCobHKxDsNnqs8XaWUZopp/XhxTkOR+HDVOveYUge9rNLyY9SU9v+vwXuUB2R0fQkwABfn/VKSjTLBAAAAAElFTkSuQmCC) " "}*/
/*body &gt; table tbody .error.label th:first-child:before {content:url(data:image/png;base64,iVBORw0KGgoAAAANSUhEUgAAAAwAAAAMCAYAAABWdVznAAAABmJLR0QAAAAAAAD5Q7t/AAAACXBIWXMAAAsTAAALEwEAmpwYAAAAB3RJTUUH3QcKER4AdkxvvQAAAdVJREFUKM89kM9KG0EAh7/JTHazZInEQwJ68KIWLx6Etj6EjxAobYSsD+BjCJ682EOp0FMueYmS0FMICF4i6tFNzJ/dyRh2Znoo6Xf+Pn7wEzc3Nx/W6/UvY8xJnudkWYa1Fu893nviOCaKIhuG4R/v/Ve1Xq9/bG1tnezs7JDnOVpr3t/fcc4hpaRSqVCpVORqtTp9e3v7rrTWn5vNJpPJhHK5zHg8JssyvPeEYcjR0RFpmlKr1ZjP5x9Li8VCbOR2u83BwQEvLy88PT1xfHzMxcUFQgjSNCXLskDlec5sNuPx8REpJZ1Oh+fnZ4QQnJ+fc319Tb/fZ29vD601SmvNdDplsVhwe3vLaDTi6uoKgCRJGAwGNBoNXl9fMcZQcs5hjGG1WpHnObVajQ3VahWtNcYYjDE451Cb+7z3JElCkiScnZ0hpaTX67G7u0u328V7/y+oVqsIITg8PKTT6dBqtRgOhzjnaLVa3N3dcX9/z3K5JI5jxOXlpSuKQqRpirWWh4eH//Plcpn9/X2cc2xvb1MqlQqllBpYa0/jOGYymdBsNsmyDOccURRRFAX1eh2lFGEY/lZBEHyx1v703n8KgkBEUYSUEu/9RkIIUQRB0A/D8NtflUT+nn4OS+0AAAAASUVORK5CYII=) " "}*/
.failed.label th:first-child:before, .failed.label td:first-child:before {content:url(data:image/png;base64,iVBORw0KGgoAAAANSUhEUgAAAAwAAAAMCAYAAABWdVznAAAAGXRFWHRTb2Z0d2FyZQBBZG9iZSBJbWFnZVJlYWR5ccllPAAAA2ZpVFh0WE1MOmNvbS5hZG9iZS54bXAAAAAAADw/eHBhY2tldCBiZWdpbj0i77u/IiBpZD0iVzVNME1wQ2VoaUh6cmVTek5UY3prYzlkIj8+IDx4OnhtcG1ldGEgeG1sbnM6eD0iYWRvYmU6bnM6bWV0YS8iIHg6eG1wdGs9IkFkb2JlIFhNUCBDb3JlIDUuMy1jMDExIDY2LjE0NTY2MSwgMjAxMi8wMi8wNi0xNDo1NjoyNyAgICAgICAgIj4gPHJkZjpSREYgeG1sbnM6cmRmPSJodHRwOi8vd3d3LnczLm9yZy8xOTk5LzAyLzIyLXJkZi1zeW50YXgtbnMjIj4gPHJkZjpEZXNjcmlwdGlvbiByZGY6YWJvdXQ9IiIgeG1sbnM6eG1wTU09Imh0dHA6Ly9ucy5hZG9iZS5jb20veGFwLzEuMC9tbS8iIHhtbG5zOnN0UmVmPSJodHRwOi8vbnMuYWRvYmUuY29tL3hhcC8xLjAvc1R5cGUvUmVzb3VyY2VSZWYjIiB4bWxuczp4bXA9Imh0dHA6Ly9ucy5hZG9iZS5jb20veGFwLzEuMC8iIHhtcE1NOk9yaWdpbmFsRG9jdW1lbnRJRD0ieG1wLmRpZDpCQjU0NjU4QjIyQTNFMTExQkI5Rjk5QkQ4RkQ5RUJFQiIgeG1wTU06RG9jdW1lbnRJRD0ieG1wLmRpZDpEQTUyOTdBQUEzRDUxMUUxQTQwN0YzMUI0Nzg3NDU1RSIgeG1wTU06SW5zdGFuY2VJRD0ieG1wLmlpZDpEQTUyOTdBOUEzRDUxMUUxQTQwN0YzMUI0Nzg3NDU1RSIgeG1wOkNyZWF0b3JUb29sPSJBZG9iZSBQaG90b3Nob3AgQ1M2IChXaW5kb3dzKSI+IDx4bXBNTTpEZXJpdmVkRnJvbSBzdFJlZjppbnN0YW5jZUlEPSJ4bXAuaWlkOjQ4MTZDRTNCRDVBM0UxMTFBQTI2QTBCMjZENzg1Qzg5IiBzdFJlZjpkb2N1bWVudElEPSJ4bXAuZGlkOkJCNTQ2NThCMjJBM0UxMTFCQjlGOTlCRDhGRDlFQkVCIi8+IDwvcmRmOkRlc2NyaXB0aW9uPiA8L3JkZjpSREY+IDwveDp4bXBtZXRhPiA8P3hwYWNrZXQgZW5kPSJyIj8+aHNJrgAAAZ1JREFUeNpsUssrRGEU/907985YMDPNYlh4hbKZPMdgR3aysrGSSFIeKyUKpewoRTYkmcgCf4MsMI2FPDYGKeUZSoru4/uc82VC+W7fOeee+zvn/M45V1uuyCmVwDogq0hDklD6jy1dspNkdxokVrIzPFUh0/MD5OdXoJDwPFtu3d2ns6TTp9oggTlFZlmN0o4AHMmXfJGo0lmGzoE1OgmNHf5YA8rmN5HfM6wADmUuHphA9cIW/JX1yiek9DIlyijxkNjBzXYche19gNcHzfShoLUdVxtLuD/cYzCoMAzCwqYrhMDx9Chs20JRWzf4nMcXcDI3pYAqQHIAtWUJbpKursMMhpA+RiAEGzpc4X5XkDB4GjaHmiZik/PIa2rBEWVlSuW9Q+T3YndskBi46QpQFcLltchtbEZyZhxna4uKhmV9Ito/gtPNOG4P99WItdlIWARNXWOAv6AEr9cplel7/ggUleDlMqUSvNnCobHKxDsNnqs8XaWUZopp/XhxTkOR+HDVOveYUge9rNLyY9SU9v+vwXuUB2R0fQkwABfn/VKSjTLBAAAAAElFTkSuQmCC) " "}
.error.label th:first-child:before, .error.label td:first-child:before {content:url(data:image/png;base64,iVBORw0KGgoAAAANSUhEUgAAAAwAAAAMCAYAAABWdVznAAAABmJLR0QAAAAAAAD5Q7t/AAAACXBIWXMAAAsTAAALEwEAmpwYAAAAB3RJTUUH3QcKER4AdkxvvQAAAdVJREFUKM89kM9KG0EAh7/JTHazZInEQwJ68KIWLx6Etj6EjxAobYSsD+BjCJ682EOp0FMueYmS0FMICF4i6tFNzJ/dyRh2Znoo6Xf+Pn7wEzc3Nx/W6/UvY8xJnudkWYa1Fu893nviOCaKIhuG4R/v/Ve1Xq9/bG1tnezs7JDnOVpr3t/fcc4hpaRSqVCpVORqtTp9e3v7rrTWn5vNJpPJhHK5zHg8JssyvPeEYcjR0RFpmlKr1ZjP5x9Li8VCbOR2u83BwQEvLy88PT1xfHzMxcUFQgjSNCXLskDlec5sNuPx8REpJZ1Oh+fnZ4QQnJ+fc319Tb/fZ29vD601SmvNdDplsVhwe3vLaDTi6uoKgCRJGAwGNBoNXl9fMcZQcs5hjGG1WpHnObVajQ3VahWtNcYYjDE451Cb+7z3JElCkiScnZ0hpaTX67G7u0u328V7/y+oVqsIITg8PKTT6dBqtRgOhzjnaLVa3N3dcX9/z3K5JI5jxOXlpSuKQqRpirWWh4eH//Plcpn9/X2cc2xvb1MqlQqllBpYa0/jOGYymdBsNsmyDOccURRRFAX1eh2lFGEY/lZBEHyx1v703n8KgkBEUYSUEu/9RkIIUQRB0A/D8NtflUT+nn4OS+0AAAAASUVORK5CYII=) " "}
.pending.label th:first-child:before, .pending.label td:first-child:before {content:url(data:image/png;base64,iVBORw0KGgoAAAANSUhEUgAAAAwAAAAMCAYAAABWdVznAAAAGXRFWHRTb2Z0d2FyZQBBZG9iZSBJbWFnZVJlYWR5ccllPAAAA2ZpVFh0WE1MOmNvbS5hZG9iZS54bXAAAAAAADw/eHBhY2tldCBiZWdpbj0i77u/IiBpZD0iVzVNME1wQ2VoaUh6cmVTek5UY3prYzlkIj8+IDx4OnhtcG1ldGEgeG1sbnM6eD0iYWRvYmU6bnM6bWV0YS8iIHg6eG1wdGs9IkFkb2JlIFhNUCBDb3JlIDUuMy1jMDExIDY2LjE0NTY2MSwgMjAxMi8wMi8wNi0xNDo1NjoyNyAgICAgICAgIj4gPHJkZjpSREYgeG1sbnM6cmRmPSJodHRwOi8vd3d3LnczLm9yZy8xOTk5LzAyLzIyLXJkZi1zeW50YXgtbnMjIj4gPHJkZjpEZXNjcmlwdGlvbiByZGY6YWJvdXQ9IiIgeG1sbnM6eG1wTU09Imh0dHA6Ly9ucy5hZG9iZS5jb20veGFwLzEuMC9tbS8iIHhtbG5zOnN0UmVmPSJodHRwOi8vbnMuYWRvYmUuY29tL3hhcC8xLjAvc1R5cGUvUmVzb3VyY2VSZWYjIiB4bWxuczp4bXA9Imh0dHA6Ly9ucy5hZG9iZS5jb20veGFwLzEuMC8iIHhtcE1NOk9yaWdpbmFsRG9jdW1lbnRJRD0ieG1wLmRpZDpCQjU0NjU4QjIyQTNFMTExQkI5Rjk5QkQ4RkQ5RUJFQiIgeG1wTU06RG9jdW1lbnRJRD0ieG1wLmRpZDpDODdDM0Y0QUEzRDUxMUUxQjk5N0MzQjVFRDMyQUE1MiIgeG1wTU06SW5zdGFuY2VJRD0ieG1wLmlpZDpDODdDM0Y0OUEzRDUxMUUxQjk5N0MzQjVFRDMyQUE1MiIgeG1wOkNyZWF0b3JUb29sPSJBZG9iZSBQaG90b3Nob3AgQ1M2IChXaW5kb3dzKSI+IDx4bXBNTTpEZXJpdmVkRnJvbSBzdFJlZjppbnN0YW5jZUlEPSJ4bXAuaWlkOjQ4MTZDRTNCRDVBM0UxMTFBQTI2QTBCMjZENzg1Qzg5IiBzdFJlZjpkb2N1bWVudElEPSJ4bXAuZGlkOkJCNTQ2NThCMjJBM0UxMTFCQjlGOTlCRDhGRDlFQkVCIi8+IDwvcmRmOkRlc2NyaXB0aW9uPiA8L3JkZjpSREY+IDwveDp4bXBtZXRhPiA8P3hwYWNrZXQgZW5kPSJyIj8+yj6RYgAAAPZJREFUeNp0kM8KgkAQxmc1E0Wfo3vQn5eRSDx4EUHwbTpEhx4lil7DiydBQUFXp5nAMNsGhpnd/X77za4Iw3CFiFcAWFMFDkXtKZ/UHhfUnB3HWdu2/REpAL2u631ZlicGdpZlwTAMSmBM0zS5bhgQLB5FU3AOUS4XvNn3vVKgAACCIMA0TbFpGsyyDJMkefdFUWAcx1hVFeZ5jlEUoed5qPEI7KDrOhiG8e6llNC27Zcz77FW+L6Pruv+WKtGIzfgR39umv/UHOJgAMlO/BPOXCQDD5p3r2ma8lvHNU9BcWPg0HXdhRZbOhRT8aSXVO9U/ZcAAwAsmjsSQcM0lwAAAABJRU5ErkJggg==) " ";}
.successful.label th:first-child:before, .successful.label td:first-child:before {content:url(data:image/png;base64,iVBORw0KGgoAAAANSUhEUgAAAAwAAAAMCAYAAABWdVznAAAAGXRFWHRTb2Z0d2FyZQBBZG9iZSBJbWFnZVJlYWR5ccllPAAAA2ZpVFh0WE1MOmNvbS5hZG9iZS54bXAAAAAAADw/eHBhY2tldCBiZWdpbj0i77u/IiBpZD0iVzVNME1wQ2VoaUh6cmVTek5UY3prYzlkIj8+IDx4OnhtcG1ldGEgeG1sbnM6eD0iYWRvYmU6bnM6bWV0YS8iIHg6eG1wdGs9IkFkb2JlIFhNUCBDb3JlIDUuMy1jMDExIDY2LjE0NTY2MSwgMjAxMi8wMi8wNi0xNDo1NjoyNyAgICAgICAgIj4gPHJkZjpSREYgeG1sbnM6cmRmPSJodHRwOi8vd3d3LnczLm9yZy8xOTk5LzAyLzIyLXJkZi1zeW50YXgtbnMjIj4gPHJkZjpEZXNjcmlwdGlvbiByZGY6YWJvdXQ9IiIgeG1sbnM6eG1wTU09Imh0dHA6Ly9ucy5hZG9iZS5jb20veGFwLzEuMC9tbS8iIHhtbG5zOnN0UmVmPSJodHRwOi8vbnMuYWRvYmUuY29tL3hhcC8xLjAvc1R5cGUvUmVzb3VyY2VSZWYjIiB4bWxuczp4bXA9Imh0dHA6Ly9ucy5hZG9iZS5jb20veGFwLzEuMC8iIHhtcE1NOk9yaWdpbmFsRG9jdW1lbnRJRD0ieG1wLmRpZDpCQjU0NjU4QjIyQTNFMTExQkI5Rjk5QkQ4RkQ5RUJFQiIgeG1wTU06RG9jdW1lbnRJRD0ieG1wLmRpZDpEMDVBNThBQUEzRDUxMUUxQjdCQkM2QUNBMTNBMDExNiIgeG1wTU06SW5zdGFuY2VJRD0ieG1wLmlpZDpEMDVBNThBOUEzRDUxMUUxQjdCQkM2QUNBMTNBMDExNiIgeG1wOkNyZWF0b3JUb29sPSJBZG9iZSBQaG90b3Nob3AgQ1M2IChXaW5kb3dzKSI+IDx4bXBNTTpEZXJpdmVkRnJvbSBzdFJlZjppbnN0YW5jZUlEPSJ4bXAuaWlkOjQ4MTZDRTNCRDVBM0UxMTFBQTI2QTBCMjZENzg1Qzg5IiBzdFJlZjpkb2N1bWVudElEPSJ4bXAuZGlkOkJCNTQ2NThCMjJBM0UxMTFCQjlGOTlCRDhGRDlFQkVCIi8+IDwvcmRmOkRlc2NyaXB0aW9uPiA8L3JkZjpSREY+IDwveDp4bXBtZXRhPiA8P3hwYWNrZXQgZW5kPSJyIj8+xJ3YrgAAAYBJREFUeNpsUrtKA1EQPZtdY4gEQiD4QCsLEVGX4CP4AykEq1hYiGghCDZ+gBZWVtrZ+EAjaGOhfoAkNiaKhYWICilMEQNqoYjZ5O4d5+6ucQuLM3funDNzD7OrLe229YBwSKAEnyAP/pyIbL5fcz5rcNiLtuqJSEz3ickn5ruE/vFmJ9/LYjvAldGWqA7bJkgPtoAHQrS5G6NdiwhFWCoxHOCgKUL+iurkCBVawyamE8d4qmSZ51clBZUlh+RG14JzEsJNcaTNLVwWd1B6vXXqkmGoYNeVUPnW3JNr4+YarPoncvebEAKNekAlokaY6N/A1NA+SBgY6Eijtz2Fs5sVWNWawysorWNJsO+q9QWzaxLTYwfojA3isZzDfSnrWvTsNiyp7pOrZURC7ejrTDEpcVpY9ab+NSioLZEiapZA5nwBxZcC8g9HeK7ccYM7TDnwmoU2vx6/NIJaUjc0b0u8YvJNle5HdJvlhbI0Y31ThqsjTGr0/+8hOOQ5nfsRYACtHiy+FDd82wAAAABJRU5ErkJggg==) " "}
/*.successful.label a:before {content:url(data:image/png;base64,iVBORw0KGgoAAAANSUhEUgAAAAwAAAAMCAYAAABWdVznAAAAGXRFWHRTb2Z0d2FyZQBBZG9iZSBJbWFnZVJlYWR5ccllPAAAA2ZpVFh0WE1MOmNvbS5hZG9iZS54bXAAAAAAADw/eHBhY2tldCBiZWdpbj0i77u/IiBpZD0iVzVNME1wQ2VoaUh6cmVTek5UY3prYzlkIj8+IDx4OnhtcG1ldGEgeG1sbnM6eD0iYWRvYmU6bnM6bWV0YS8iIHg6eG1wdGs9IkFkb2JlIFhNUCBDb3JlIDUuMy1jMDExIDY2LjE0NTY2MSwgMjAxMi8wMi8wNi0xNDo1NjoyNyAgICAgICAgIj4gPHJkZjpSREYgeG1sbnM6cmRmPSJodHRwOi8vd3d3LnczLm9yZy8xOTk5LzAyLzIyLXJkZi1zeW50YXgtbnMjIj4gPHJkZjpEZXNjcmlwdGlvbiByZGY6YWJvdXQ9IiIgeG1sbnM6eG1wTU09Imh0dHA6Ly9ucy5hZG9iZS5jb20veGFwLzEuMC9tbS8iIHhtbG5zOnN0UmVmPSJodHRwOi8vbnMuYWRvYmUuY29tL3hhcC8xLjAvc1R5cGUvUmVzb3VyY2VSZWYjIiB4bWxuczp4bXA9Imh0dHA6Ly9ucy5hZG9iZS5jb20veGFwLzEuMC8iIHhtcE1NOk9yaWdpbmFsRG9jdW1lbnRJRD0ieG1wLmRpZDpCQjU0NjU4QjIyQTNFMTExQkI5Rjk5QkQ4RkQ5RUJFQiIgeG1wTU06RG9jdW1lbnRJRD0ieG1wLmRpZDpEMDVBNThBQUEzRDUxMUUxQjdCQkM2QUNBMTNBMDExNiIgeG1wTU06SW5zdGFuY2VJRD0ieG1wLmlpZDpEMDVBNThBOUEzRDUxMUUxQjdCQkM2QUNBMTNBMDExNiIgeG1wOkNyZWF0b3JUb29sPSJBZG9iZSBQaG90b3Nob3AgQ1M2IChXaW5kb3dzKSI+IDx4bXBNTTpEZXJpdmVkRnJvbSBzdFJlZjppbnN0YW5jZUlEPSJ4bXAuaWlkOjQ4MTZDRTNCRDVBM0UxMTFBQTI2QTBCMjZENzg1Qzg5IiBzdFJlZjpkb2N1bWVudElEPSJ4bXAuZGlkOkJCNTQ2NThCMjJBM0UxMTFCQjlGOTlCRDhGRDlFQkVCIi8+IDwvcmRmOkRlc2NyaXB0aW9uPiA8L3JkZjpSREY+IDwveDp4bXBtZXRhPiA8P3hwYWNrZXQgZW5kPSJyIj8+xJ3YrgAAAYBJREFUeNpsUrtKA1EQPZtdY4gEQiD4QCsLEVGX4CP4AykEq1hYiGghCDZ+gBZWVtrZ+EAjaGOhfoAkNiaKhYWICilMEQNqoYjZ5O4d5+6ucQuLM3funDNzD7OrLe229YBwSKAEnyAP/pyIbL5fcz5rcNiLtuqJSEz3ickn5ruE/vFmJ9/LYjvAldGWqA7bJkgPtoAHQrS5G6NdiwhFWCoxHOCgKUL+iurkCBVawyamE8d4qmSZ51clBZUlh+RG14JzEsJNcaTNLVwWd1B6vXXqkmGoYNeVUPnW3JNr4+YarPoncvebEAKNekAlokaY6N/A1NA+SBgY6Eijtz2Fs5sVWNWawysorWNJsO+q9QWzaxLTYwfojA3isZzDfSnrWvTsNiyp7pOrZURC7ejrTDEpcVpY9ab+NSioLZEiapZA5nwBxZcC8g9HeK7ccYM7TDnwmoU2vx6/NIJaUjc0b0u8YvJNle5HdJvlhbI0Y31ThqsjTGr0/+8hOOQ5nfsRYACtHiy+FDd82wAAAABJRU5ErkJggg==) " "}*/

.xspecResult { width: 90%; table-layout: fixed; }

.xspecResult td,
.xspecResult th { width: 50%; }

/*.xspecResult pre { 
  margin-left: 0; 
  padding: 0.5em; 
  overflow: auto; 
  border: 1px #999 dotted;
}*/

span.scenario-totals {float: right; width: 14.5%; text-align: left}

/* OXYGEN */
span.scenario-totals {float: right; width: 34.5%; text-align: right}

h2.failed {
    background-color: #FCC;
}

h1, h2 {
    width: 86%;
    /*margin-left: 3%;*/
    
    font-size:1.4em;
    font-weight:bold;
    text-align:left;
    margin-top:1.4em;
    margin-bottom:0.7em;
    color:#333333;
    background-color:inherit;
}

h1 {
    font-size:1.7em;
}

body &gt; h1:first-child:before {
    content:"XSLT UNIT ";
}

body &gt; h2:first-of-type {
    font-size:1.7em;
}

div &gt; table &gt; tbody &gt; tr &gt; th:first-child {
    font-weight:bold;
}

div &gt; h3 {
    font-weight:bold;
    /*margin-left: 3%;*/
}

div &gt; h4 {
    font-weight:normal;
    /*margin-left: 4%;*/
}

th.result { text-align: center; }
/* OXYGEN */


/* ------------------------------------------------------------------------ */
/*  DO NOT ALTER OR REMOVE COPYRIGHT NOTICES OR THIS COMMENT.               */
/*                                                                          */
/*  Copyright (c) 2008, 2010 Jeni Tennsion                                  */
/*                                                                          */
/*  The contents of this file are subject to the MIT License (see the URI   */
/*  http://www.opensource.org/licenses/mit-license.php for details).        */
/*                                                                          */
/*  Permission is hereby granted, free of charge, to any person obtaining   */
/*  a copy of this software and associated documentation files (the         */
/*  "Software"), to deal in the Software without restriction, including     */
/*  without limitation the rights to use, copy, modify, merge, publish,     */
/*  distribute, sublicense, and/or sell copies of the Software, and to      */
/*  permit persons to whom the Software is furnished to do so, subject to   */
/*  the following conditions:                                               */
/*                                                                          */
/*  The above copyright notice and this permission notice shall be          */
/*  included in all copies or substantial portions of the Software.         */
/*                                                                          */
/*  THE SOFTWARE IS PROVIDED "AS IS", WITHOUT WARRANTY OF ANY KIND,         */
/*  EXPRESS OR IMPLIED, INCLUDING BUT NOT LIMITED TO THE WARRANTIES OF      */
/*  MERCHANTABILITY, FITNESS FOR A PARTICULAR PURPOSE AND NONINFRINGEMENT.  */
/*  IN NO EVENT SHALL THE AUTHORS OR COPYRIGHT HOLDERS BE LIABLE FOR ANY    */
/*  CLAIM, DAMAGES OR OTHER LIABILITY, WHETHER IN AN ACTION OF CONTRACT,    */
/*  TORT OR OTHERWISE, ARISING FROM, OUT OF OR IN CONNECTION WITH THE       */
/*  SOFTWARE OR THE USE OR OTHER DEALINGS IN THE SOFTWARE.                  */
/* ------------------------------------------------------------------------ */

.nobr { white-space: nowrap; }
.scenario-label { text-indent: 0px; }
.context-label { text-indent: 10px; }
.test-label { text-indent: 20px; }
.pending-label { text-indent: 30px; }


        /**/</style>
    </head><body><h1>Test Report</h1><p>Script: <a href="file:/home/jostein/xprocspec/xprocspec/src/test/xprocspec/tests/call-3.xprocspec">file:/home/jostein/xprocspec/xprocspec/src/test/xprocspec/tests/call-3.xprocspec</a></p><p>Tested: 2013-12-02T14:36:08.628+01:00</p><h2>Contents</h2><table class="xspec"><col width="75%"/><col width="5%"/><col width="5%"/><col width="5%"/><col width="5%"/><col width="5%"/><thead><tr><th/><th class="result">passed:4</th><th class="result">pending:0</th><th class="result">failed:0</th><th class="result">errors:0</th><th class="result">total:4</th></tr></thead><tbody><tr class="successful label"><th><a href="#step1">ex:identity-1</a></th><th class="result">2</th><th class="result">0</th><th class="result">0</th><th class="result">0</th><th class="result">2</th></tr><tr class="successful label"><th><a href="#step2">ex:identity-2</a></th><th class="result">2</th><th class="result">0</th><th class="result">0</th><th class="result">0</th><th class="result">2</th></tr></tbody></table><div id="step1"><h2 class="successful">Calling: <a href="file:/home/jostein/xprocspec/xprocspec/src/test/xprocspec/steps/identity-library.xpl">ex:identity-1</a><span class="scenario-totals">passed:2 / pending:0 /
                                        failed:0 / errors:0 / total:2</span></h2><table class="xspec"><col width="80%"/><col width="20%"/><tbody><tr class="successful label"><th class="scenario-label">identity</th><th class="nobr">passed:2 / pending:0 / failed:0 / errors:0 / total:2</th></tr><tr class="successful label"><th class="context-label">errors</th><th class="nobr">passed:1 / pending:0 / failed:0 / errors:0 / total:1</th></tr><tr class="successful label"><td class="test-label">the step should execute successfully without throwing any errors</td><td>Success</td></tr><tr class="successful label"><th class="context-label">the results</th><th class="nobr">passed:1 / pending:0 / failed:0 / errors:0 / total:1</th></tr><tr class="successful label"><td class="test-label">the contents of the output element should be 'Hello world! #1'</td><td>Success</td></tr></tbody></table></div><div id="step2"><h2 class="successful">Calling: <a href="file:/home/jostein/xprocspec/xprocspec/src/test/xprocspec/steps/identity-library.xpl">ex:identity-2</a><span class="scenario-totals">passed:2 / pending:0 /
                                        failed:0 / errors:0 / total:2</span></h2><table class="xspec"><col width="80%"/><col width="20%"/><tbody><tr class="successful label"><th class="scenario-label">identity</th><th class="nobr">passed:2 / pending:0 / failed:0 / errors:0 / total:2</th></tr><tr class="successful label"><th class="context-label">errors</th><th class="nobr">passed:1 / pending:0 / failed:0 / errors:0 / total:1</th></tr><tr class="successful label"><td class="test-label">the step should execute successfully without throwing any errors</td><td>Success</td></tr><tr class="successful label"><th class="context-label">the results</th><th class="nobr">passed:1 / pending:0 / failed:0 / errors:0 / total:1</th></tr><tr class="successful label"><td class="test-label">the contents of the output element should be 'Hello world! #2'</td><td>Success</td></tr></tbody></table></div><h2>Execution log</h2><table><thead><tr><th>Time</th><th>Severity</th><th>Message</th></tr></thead><tbody><tr style=""><td>0.000</td><td style="padding-left:0%;">INFO</td><td><code><pre>#### file:/home/jostein/xprocspec/xprocspec/src/test/xprocspec/tests/call-3.xprocspec ####</pre></code></td></tr><tr style=""><td>0.005</td><td style="padding-left:0%;">INFO</td><td><code><pre> * temporary directory: file:/tmp/xprocspec-20131202143557583/</pre></code></td></tr><tr style=""><td>0.010</td><td style="padding-left:0%;">INFO</td><td><code><pre>preprocessing...</pre></code></td></tr><tr style=""><td>0.026</td><td style="padding-left:0%;">INFO</td><td><code><pre> * checking for imports</pre></code></td></tr><tr style=""><td>0.033</td><td style="padding-left:0%;">INFO</td><td><code><pre> * checking file:/home/jostein/xprocspec/xprocspec/src/test/xprocspec/tests/call-3.xprocspec for imports</pre></code></td></tr><tr style=""><td>0.039</td><td style="padding-left:0%;">INFO</td><td><code><pre> * extracting step declarations from file:/home/jostein/xprocspec/xprocspec/src/test/xprocspec/steps/identity-library.xpl</pre></code></td></tr><tr style=""><td>0.047</td><td style="padding-left:0%;">INFO</td><td><code><pre> * tests reference 2 steps</pre></code></td></tr><tr style=""><td>0.053</td><td style="padding-left:0%;">INFO</td><td><code><pre>   * step: e:identity-1</pre></code></td></tr><tr style=""><td>0.059</td><td style="padding-left:0%;">INFO</td><td><code><pre>   * step: e:identity-2</pre></code></td></tr><tr style=""><td>0.065</td><td style="padding-left:0%;">INFO</td><td><code><pre> * trying to load: file:/home/jostein/xprocspec/xprocspec/src/test/xprocspec/steps/identity-library.xpl</pre></code></td></tr><tr style=""><td>0.072</td><td style="padding-left:0%;">INFO</td><td><code><pre>   * success!</pre></code></td></tr><tr style=""><td>0.081</td><td style="padding-left:0%;">INFO</td><td><code><pre> * trying to extract the step declaration for {http://example.net/ns}identity-1 from file:/home/jostein/xprocspec/xprocspec/src/test/xprocspec/steps/identity-library.xpl</pre></code></td></tr><tr style=""><td>0.089</td><td style="padding-left:0%;">INFO</td><td><code><pre> * trying to extract the step declaration for {http://example.net/ns}identity-2 from file:/home/jostein/xprocspec/xprocspec/src/test/xprocspec/steps/identity-library.xpl</pre></code></td></tr><tr style=""><td>0.102</td><td style="padding-left:0%;">INFO</td><td><code><pre> * creating a new x:description document for each x:scenario element with inferred inputs, options and parameters</pre></code></td></tr><tr style=""><td>0.118</td><td style="padding-left:0%;">INFO</td><td><code><pre> * validating output grammar</pre></code></td></tr><tr style=""><td>0.127</td><td style="padding-left:0%;">INFO</td><td><code><pre> * validating output grammar</pre></code></td></tr><tr style=""><td>0.133</td><td style="padding-left:0%;">INFO</td><td><code><pre>compiling...</pre></code></td></tr><tr style=""><td>0.142</td><td style="padding-left:0%;">INFO</td><td><code><pre> * created directory using Calabash's cxf:mkdir</pre></code></td></tr><tr style=""><td>0.148</td><td style="padding-left:0%;">INFO</td><td><code><pre> * converting test 'test1' to XProc</pre></code></td></tr><tr style=""><td>0.162</td><td style="padding-left:0%;">INFO</td><td><code><pre>   * done</pre></code></td></tr><tr style=""><td>0.169</td><td style="padding-left:0%;">INFO</td><td><code><pre> * validating output grammar for file:/home/jostein/xprocspec/xprocspec/src/test/xprocspec/tests/call-3.xprocspec</pre></code></td></tr><tr style=""><td>0.177</td><td style="padding-left:0%;">INFO</td><td><code><pre>   * done!</pre></code></td></tr><tr style=""><td>0.184</td><td style="padding-left:0%;">INFO</td><td><code><pre> * converting test 'test2' to XProc</pre></code></td></tr><tr style=""><td>0.197</td><td style="padding-left:0%;">INFO</td><td><code><pre>   * done</pre></code></td></tr><tr style=""><td>0.204</td><td style="padding-left:0%;">INFO</td><td><code><pre> * validating output grammar for file:/home/jostein/xprocspec/xprocspec/src/test/xprocspec/tests/call-3.xprocspec</pre></code></td></tr><tr style=""><td>0.210</td><td style="padding-left:0%;">INFO</td><td><code><pre>   * done!</pre></code></td></tr><tr style=""><td>0.217</td><td style="padding-left:0%;">INFO</td><td><code><pre> * using as temporary directory: file:/tmp/xprocspec-20131202143557583/xprocspec-20131202143608107/</pre></code></td></tr><tr style=""><td>0.224</td><td style="padding-left:0%;">INFO</td><td><code><pre>storing...</pre></code></td></tr><tr style=""><td>0.234</td><td style="padding-left:0%;">INFO</td><td><code><pre>running...</pre></code></td></tr><tr style=""><td>0.242</td><td style="padding-left:0%;">INFO</td><td><code><pre>   * loading 'file:/tmp/xprocspec-20131202143557583/test1.xpl'</pre></code></td></tr><tr style=""><td>0.289</td><td style="padding-left:0%;">INFO</td><td><code><pre>   * loading 'file:/tmp/xprocspec-20131202143557583/test2.xpl'</pre></code></td></tr><tr style=""><td>0.332</td><td style="padding-left:0%;">INFO</td><td><code><pre>evaluating...</pre></code></td></tr><tr style=""><td>0.344</td><td style="padding-left:0%;">INFO</td><td><code><pre> * evaluating scenario 'identity' (file:/home/jostein/xprocspec/xprocspec/src/test/xprocspec/tests/call-3.xprocspec)</pre></code></td></tr><tr style=""><td>0.352</td><td style="padding-left:0%;">INFO</td><td><code><pre>   * resolving x:document elements...</pre></code></td></tr><tr style=""><td>0.362</td><td style="padding-left:0%;">INFO</td><td><code><pre>    * no errors occured</pre></code></td></tr><tr style=""><td>0.380</td><td style="padding-left:0%;">INFO</td><td><code><pre>   * grouping x:expect elements with their x:context...</pre></code></td></tr><tr style=""><td>0.390</td><td style="padding-left:0%;">INFO</td><td><code><pre>   * evaluating each context/expect group...</pre></code></td></tr><tr style=""><td>0.397</td><td style="padding-left:0%;">INFO</td><td><code><pre>     * setting context to 'errors'</pre></code></td></tr><tr style=""><td>0.405</td><td style="padding-left:0%;">INFO</td><td><code><pre>       * testing assertion 'the step should execute successfully without throwing any errors'</pre></code></td></tr><tr style=""><td>0.413</td><td style="padding-left:0%;">INFO</td><td><code><pre>         * is document count assertion</pre></code></td></tr><tr style=""><td>0.420</td><td style="padding-left:0%;">INFO</td><td><code><pre>         * assertion passed</pre></code></td></tr><tr style=""><td>0.431</td><td style="padding-left:0%;">INFO</td><td><code><pre>     * setting context to 'the results'</pre></code></td></tr><tr style=""><td>0.439</td><td style="padding-left:0%;">INFO</td><td><code><pre>       * testing assertion 'the contents of the output element should be 'Hello world! #1''</pre></code></td></tr><tr style=""><td>0.449</td><td style="padding-left:0%;">INFO</td><td><code><pre>         * is xpath assertion</pre></code></td></tr><tr style=""><td>0.466</td><td style="padding-left:0%;">INFO</td><td><code><pre> * evaluating scenario 'identity' (file:/home/jostein/xprocspec/xprocspec/src/test/xprocspec/tests/call-3.xprocspec)</pre></code></td></tr><tr style=""><td>0.474</td><td style="padding-left:0%;">INFO</td><td><code><pre>   * resolving x:document elements...</pre></code></td></tr><tr style=""><td>0.484</td><td style="padding-left:0%;">INFO</td><td><code><pre>    * no errors occured</pre></code></td></tr><tr style=""><td>0.503</td><td style="padding-left:0%;">INFO</td><td><code><pre>   * grouping x:expect elements with their x:context...</pre></code></td></tr><tr style=""><td>0.511</td><td style="padding-left:0%;">INFO</td><td><code><pre>   * evaluating each context/expect group...</pre></code></td></tr><tr style=""><td>0.519</td><td style="padding-left:0%;">INFO</td><td><code><pre>     * setting context to 'errors'</pre></code></td></tr><tr style=""><td>0.527</td><td style="padding-left:0%;">INFO</td><td><code><pre>       * testing assertion 'the step should execute successfully without throwing any errors'</pre></code></td></tr><tr style=""><td>0.536</td><td style="padding-left:0%;">INFO</td><td><code><pre>         * is document count assertion</pre></code></td></tr><tr style=""><td>0.544</td><td style="padding-left:0%;">INFO</td><td><code><pre>         * assertion passed</pre></code></td></tr><tr style=""><td>0.554</td><td style="padding-left:0%;">INFO</td><td><code><pre>     * setting context to 'the results'</pre></code></td></tr><tr style=""><td>0.563</td><td style="padding-left:0%;">INFO</td><td><code><pre>       * testing assertion 'the contents of the output element should be 'Hello world! #2''</pre></code></td></tr><tr style=""><td>0.572</td><td style="padding-left:0%;">INFO</td><td><code><pre>         * is xpath assertion</pre></code></td></tr><tr style=""><td>0.586</td><td style="padding-left:0%;">INFO</td><td><code><pre>reporting...</pre></code></td></tr></tbody></table><link rel="stylesheet" href="http://yandex.st/highlightjs/7.3/styles/default.min.css"/><script type="text/javascript" src="http://yandex.st/highlightjs/7.3/highlight.min.js" xml:space="preserve"> </script><script type="text/javascript">hljs.initHighlightingOnLoad();</script></body></html></x:document></x:output><x:output port="junit"><x:document xml:base="file:/home/jostein/xprocspec/xprocspec/src/main/resources/content/xml/xproc/report/report.xpl" xml:space="preserve" type="inline"><testsuites tests="4" failures="0" time="0.596" errors="0" name="call3"><testsuite timestamp="2013-12-02T13:36:08.573Z" hostname="localhost" tests="2" errors="0" failures="0" skipped="0" id="d20996e1" name="identity" package="http://example.net/ns" time="0.002">
<properties>


</properties>
<testcase name="theStepShouldExecuteSuccessfullyWithoutThrowingAnyErrors" classname="identity-1" assertions="1" time="0" status="SUCCESS"><system-out>the step should execute successfully without throwing any errors: SUCCESS</system-out>
<system-err/></testcase><testcase name="theContentsOfTheOutputElementShouldBeHelloWorld1" classname="identity-1" assertions="1" time="0" status="SUCCESS"><system-out>the contents of the output element should be 'Hello world! #1': SUCCESS</system-out>
<system-err/></testcase></testsuite><testsuite timestamp="2013-12-02T13:36:08.583Z" hostname="localhost" tests="2" errors="0" failures="0" skipped="0" id="d21004e1" name="identity" package="http://example.net/ns" time="0.002">
<properties>


</properties>
<testcase name="theStepShouldExecuteSuccessfullyWithoutThrowingAnyErrors" classname="identity-2" assertions="1" time="0" status="SUCCESS"><system-out>the step should execute successfully without throwing any errors: SUCCESS</system-out>
<system-err/></testcase><testcase name="theContentsOfTheOutputElementShouldBeHelloWorld2" classname="identity-2" assertions="1" time="0" status="SUCCESS"><system-out>the contents of the output element should be 'Hello world! #2': SUCCESS</system-out>
<system-err/></testcase></testsuite></testsuites></x:document></x:output><x:test-result type="count" label="the step should execute successfully without throwing any errors" max="0" contextref="errors" result="passed">
                                                        <x:expected>At most 0 documents.</x:expected>
                                                    <x:was>0</x:was></x:test-result><x:test-result label="there should be at least one test, and none of the tests should fail" type="xpath" test="not(/*/@tests='0') and /*/@failures='0' and /*/@errors='0'" contextref="context8" result="passed"><x:expected xml:space="preserve">XPath: true()
Value: true</x:expected><x:was xml:space="preserve">XPath: not(/*/@tests='0') and /*/@failures='0' and /*/@errors='0'
Value: true</x:was></x:test-result></x:description><x:description xmlns:cx="http://xmlcalabash.com/ns/extensions" xmlns:c="http://www.w3.org/ns/xproc-step" xml:base="file:/home/jostein/xprocspec/xprocspec/src/test/xprocspec/test.xprocspec" test-base-uri="file:/home/jostein/xprocspec/xprocspec/src/test/xprocspec/test.xprocspec" script="file:/home/jostein/xprocspec/xprocspec/src/main/resources/content/xml/xproc/xprocspec.xpl" test-grammar="xprocspec" temp-dir="file:/tmp/xprocspec-20131202143557583/"><x:step-declaration><p:declare-step xmlns:p="http://www.w3.org/ns/xproc" xmlns:px="http://www.daisy.org/ns/xprocspec" xmlns:pxi="http://www.daisy.org/ns/xprocspec/xproc-internal/" xmlns:pkg="http://expath.org/ns/pkg" type="px:xprocspec" name="main" version="1.0" xpath-version="2.0" pkg:import-uri="http://www.daisy.org/ns/xprocspec/xprocspec.xpl" x:type="{http://www.daisy.org/ns/xprocspec}xprocspec"><p:input port="source" kind="document" sequence="false" primary="true"/><p:output port="result" kind="document" sequence="false" primary="false"><p:pipe port="result" step="report"/></p:output><p:output port="html" kind="document" sequence="false" primary="false"><p:pipe port="html" step="report"/></p:output><p:output port="junit" kind="document" sequence="false" primary="false"><p:pipe port="junit" step="report"/></p:output><p:option name="temp-dir" select="'file:/tmp/'"/><p:option name="step-available-rng" select="'false'"/></p:declare-step></x:step-declaration><x:scenario end-time="2013-12-02T13:36:09.504Z" label="the input element - empty sequence" start-time="2013-12-02T13:36:08.969Z"><x:call x:type="{http://www.daisy.org/ns/xprocspec}xprocspec" step="x:xprocspec"><x:option select="$temp-dir" name="temp-dir" value="file:/tmp/xprocspec-20131202143557583/"/><x:input port="source">
                    <x:document xml:base="file:/home/jostein/xprocspec/xprocspec/src/test/xprocspec/test.xprocspec" xml:space="preserve" type="inline"><?xml-model href="http://www.daisy.org/ns/xprocspec/xprocspec.rng" type="application/xml" schematypens="http://relaxng.org/ns/structure/1.0"?><x:description xmlns:e="http://example.net/ns" script="../steps/identity.xpl">
    
    <x:scenario label="identity">
        <x:call step="e:identity">
            <x:option name="option.required" select="''"/>
            <x:input port="source.document.secondary.sequence"/>
        </x:call>
        
        <x:context label="the input">
            <x:document type="port" port="source.document.secondary.sequence"/>
        </x:context>
        <x:expect type="count" label="there must be no documents on the input port" max="0"/>
        
        <x:context label="the output">
            <x:document type="port" port="result.document.secondary.sequence"/>
        </x:context>
        <x:expect type="count" label="there must be no documents on the output port" max="0"/>
        
    </x:scenario>
    
</x:description></x:document>
                </x:input></x:call>
                                                <x:context label="errors" id="errors">
                                                    
                                                </x:context>
                                            
                                                <x:expect type="count" label="the step should execute successfully without throwing any errors" max="0" contextref="errors"/>
                                            <x:context label="the junit output port" id="context9">
                <x:document xml:base="file:/home/jostein/xprocspec/xprocspec/src/main/resources/content/xml/xproc/report/report.xpl" xml:space="preserve" type="inline"><testsuites tests="3" failures="0" time="0.44" errors="0" name="input1"><testsuite timestamp="2013-12-02T13:36:09.424Z" hostname="localhost" tests="3" errors="0" failures="0" skipped="0" id="d22507e1" name="identity" package="http://example.net/ns" time="0.007">
<properties><property name="input: source.document.secondary.sequence" value=""/>

<property name="option: option.required" value=""/>

</properties>
<testcase name="theStepShouldExecuteSuccessfullyWithoutThrowingAnyErrors" classname="identity" assertions="1" time="0" status="SUCCESS"><system-out>the step should execute successfully without throwing any errors: SUCCESS</system-out>
<system-err/></testcase><testcase name="thereMustBeNoDocumentsOnTheInputPort" classname="identity" assertions="1" time="0" status="SUCCESS"><system-out>there must be no documents on the input port: SUCCESS</system-out>
<system-err/></testcase><testcase name="thereMustBeNoDocumentsOnTheOutputPort" classname="identity" assertions="1" time="0" status="SUCCESS"><system-out>there must be no documents on the output port: SUCCESS</system-out>
<system-err/></testcase></testsuite></testsuites></x:document>
            </x:context><x:expect label="there should be at least one test, and none of the tests should fail" type="xpath" test="not(/*/@tests='0') and /*/@failures='0' and /*/@errors='0'" contextref="context9"/></x:scenario><x:output port="result"><x:document xml:base="file:/home/jostein/xprocspec/xprocspec/src/main/resources/content/xml/xproc/report/report.xpl" xml:space="preserve" type="inline"><x:test-report><x:description xml:base="file:/home/jostein/xprocspec/xprocspec/src/test/xprocspec/tests/input-1.xprocspec" test-base-uri="file:/home/jostein/xprocspec/xprocspec/src/test/xprocspec/tests/input-1.xprocspec" script="file:/home/jostein/xprocspec/xprocspec/src/test/xprocspec/steps/identity.xpl" test-grammar="xprocspec" temp-dir="file:/tmp/xprocspec-20131202143557583/xprocspec-20131202143609085/"><x:step-declaration><p:declare-step xmlns:p="http://www.w3.org/ns/xproc" xmlns:ex="http://example.net/ns" name="main" type="ex:identity" version="1.0" x:type="{http://example.net/ns}identity"><p:input port="source.document.primary" kind="document" primary="true" sequence="false"><p:inline>
            <source.document.primary.default/>
        </p:inline></p:input><p:input port="source.document.secondary.sequence" kind="document" sequence="true" primary="false"><p:inline>
            <source.document.secondary.sequence/>
        </p:inline></p:input><p:input select="/*/*" port="source.document.secondary.select-children" kind="document" sequence="true" primary="false"><p:inline>
            <default>
                <default/>
                <default/>
            </default>
        </p:inline></p:input><p:input port="source.parameter.primary.sequence" primary="true" kind="parameter" sequence="true"/><p:output port="result.document.primary" kind="document" primary="true" sequence="false"><p:pipe port="source.document.primary" step="main"/></p:output><p:output port="result.document.secondary.sequence" kind="document" sequence="true" primary="false"><p:pipe port="source.document.secondary.sequence" step="main"/></p:output><p:output port="result.document.secondary.select-children" kind="document" sequence="true" primary="false"><p:pipe port="source.document.secondary.select-children" step="main"/></p:output><p:output port="result.parameter.primary" kind="document" sequence="false" primary="false"><p:pipe port="result" step="parameters"/></p:output><p:output port="options" kind="document" sequence="false" primary="false"><p:pipe port="result" step="options"/></p:output><p:option name="option"/><p:option name="option.required" required="true"/><p:option name="option.default" select="'default'"/></p:declare-step></x:step-declaration><x:scenario xmlns:e="http://example.net/ns" end-time="2013-12-02T13:36:09.186Z" label="identity" start-time="2013-12-02T13:36:09.179Z"><x:call x:type="{http://example.net/ns}identity" step="e:identity"><x:option select="''" name="option.required" value=""/><x:input port="source.document.secondary.sequence"/></x:call>
                                                <x:context label="errors" id="errors">
                                                    
                                                </x:context>
                                            
                                                <x:expect type="count" label="the step should execute successfully without throwing any errors" max="0" contextref="errors"/>
                                            <x:context label="the input" id="context0">
            
        </x:context><x:expect type="count" label="there must be no documents on the input port" max="0" contextref="context0"/><x:context label="the output" id="context1">
            
        </x:context><x:expect type="count" label="there must be no documents on the output port" max="0" contextref="context1"/></x:scenario><x:output port="result.document.primary"><x:document xml:base="file:/home/jostein/xprocspec/xprocspec/src/test/xprocspec/tests/input-1.xprocspec" xml:space="preserve" type="inline">
            <source.document.primary.default xmlns:ex="http://example.net/ns"/>
        </x:document></x:output><x:output port="result.document.secondary.sequence"/><x:output port="result.document.secondary.select-children"><x:document xml:base="file:/home/jostein/xprocspec/xprocspec/src/test/xprocspec/steps/identity.xpl" xml:space="preserve" type="inline"><default xmlns:ex="http://example.net/ns"/></x:document><x:document xml:base="file:/home/jostein/xprocspec/xprocspec/src/test/xprocspec/steps/identity.xpl" xml:space="preserve" type="inline"><default xmlns:ex="http://example.net/ns"/></x:document></x:output><x:output port="result.parameter.primary"><x:document xml:base="file:/home/jostein/xprocspec/xprocspec/src/test/xprocspec/steps/identity.xpl" xml:space="preserve" type="inline"><c:param-set/></x:document></x:output><x:output port="options"><x:document xml:base="file:/home/jostein/xprocspec/xprocspec/src/test/xprocspec/steps/identity.xpl" xml:space="preserve" type="inline">
                <c:options xmlns:ex="http://example.net/ns">
                    
                    <c:option name="option.required" value=""/>
                    <c:option name="option.default" value="default"/>
                </c:options>
            </x:document></x:output><x:test-result xmlns:e="http://example.net/ns" type="count" label="the step should execute successfully without throwing any errors" max="0" contextref="errors" result="passed">
                                                        <x:expected>At most 0 documents.</x:expected>
                                                    <x:was>0</x:was></x:test-result><x:test-result xmlns:e="http://example.net/ns" type="count" label="there must be no documents on the input port" max="0" contextref="context0" result="passed">
                                                        <x:expected>At most 0 documents.</x:expected>
                                                    <x:was>0</x:was></x:test-result><x:test-result xmlns:e="http://example.net/ns" type="count" label="there must be no documents on the output port" max="0" contextref="context1" result="passed">
                                                        <x:expected>At most 0 documents.</x:expected>
                                                    <x:was>0</x:was></x:test-result></x:description></x:test-report></x:document></x:output><x:output port="html"><x:document xml:base="file:/home/jostein/xprocspec/xprocspec/src/main/resources/content/xml/xproc/report/report-template.xhtml" xml:space="preserve" type="inline"><html xmlns="http://www.w3.org/1999/xhtml"><head><title>Test Report for file:/home/jostein/xprocspec/xprocspec/src/test/xprocspec/tests/input-1.xprocspec (passed:3 / pending:0 / failed:0 / errors:0 / total:3)</title>
        <meta charset="utf-8"/>
        <style type="text/css" xml:space="preserve">/**/
/****************************************************************************/
/*  File:       test-report.css                                             */
/*  Author:     Jeni Tennsion                                               */
/*  URI:        http://xspec.googlecode.com/                                */
/*  Tags:                                                                   */
/*    Copyright (c) 2008, 2010 Jeni Tennsion (see end of file.)             */
/* ------------------------------------------------------------------------ */


/* test */

/* box model */

body {
	margin-right: 1em;
	/*margin-left: 10%;*/
	}

h1 {
	padding: 0.3em 0.5em 0.3em 0.5em;
	position: relative;
	}

h2 {
	padding: 0.1em 0.5em 0.2em 0.5em;
	}

h3 {
	padding-left: 0.6em;
	}

h4 {
	padding-left: 0.8em;
	}

p, table {
	/*margin-left: 5%;*/
	}

dd ul, dd ol {
	margin-left: 0%;
	}

li ul, li ol {
	/*margin-left: 5%;*/
	}

dl, ul, ol, blockquote {
	/*margin-left: 10%;*/
	}

dt {
  padding-top: 3px;
  padding-bottom: 3px;
	clear: both;
	}

dd p {
	/*margin-left: -5px;*/
	margin-top: 5px;
	clear: both;
	}

p.link {
	margin-top: 4px;
	margin-bottom: 0px;
	clear: both;
	}

tr td, td p, li, li p {
	margin-left: 0%;
	}

td:nth-child(2) {
	padding-left: 5%;
	}

.link img, dt img {
	vertical-align: middle;
	position: relative;
	top: -5px;
	}

img {
	position: relative;
	}

#xml-link {
	position: absolute;
	left: 5px;
	top: 5px;
	width: 10%;
	margin-left: 0%;
	}

#link-up {
	position: absolute;
	left: 93%;
	right: 2em;
	top: 0.3em;
	}

#link-top {
	position: absolute;
	left: 89%;
	right: 4em;
	top: 0.3em;
	}
	
.popup {
	display: block;
	visibility: hidden;
	float: right;
	position: absolute;
	top: 5px;
	left: -200px;
	z-index: 1;
	padding: 0.3em;
	width: 220px;
	}

.note {
	position: relative;
	}

.post {
	/*margin-left: 5%;*/
	padding-top: 1em;
	}
	
.example, .sidebar {
  /*margin-left: 5%;*/
  margin-top: 1em;
  margin-bottom: 1em;
  }

/*pre {
	padding-left: 5%;
	margin-left: 5%;
	}*/

/*dd pre, li pre {
	padding-left: 5%;
	}*/

/* fonts */
/* Oxygen  */
body, table {
    font-family:arial, helvetica, sans-serif;
    font-size:12px;
}
/* Oxygen  */

/*body {
	font-family: Verdana, arial, sans-serif;
	font-size: small;
	}*/	

/*h1, h2, h3, h4, h5, h6 {
	font-family: 'trebuchet MS', arial, sans-serif;
	}*/

h1 {
	font-size: 173%;
	font-weight: bold;
	}

h2 {
	font-size: 144%;
	font-weight: normal;
	}

h3 {
	font-size: 120%;
	font-weight: normal;
	}

h4 {
  font-size: 100%;
  font-weight: bold;
}

dt {
	font-weight: bold;
	}

a:link, a:visited, a:active, a:hover {
	font-weight: bold;
	}

a.offsite:link, a.offsite:visited, a.offsite:active, a.offsite:hover {
	font-weight: normal;
	}

/* suppress the normal italics */
address {
	font-style: normal;
	}

div.example, .sidebar {
  font-family: Verdana, arial, sans-serif;
  font-size: 100%;
  }


.note, .link {
	font-family: Verdana, arial, sans-serif;
	/*font-size: 83%;*/
	}

/*.example, .string, .rtf, .code, pre, code {
	font-family: "Lucida Console", "Courier New", monospace;*/
  /*font-size: 83%;*/
/*	}*/

.boolean {
	font-style: italic;
	}

#colophon, #xml-link {
	font-size: 69%;
	}

.question, .title {
	font-weight: bold;
	}

/* colours */
body {
	background-color: white;
	color: black;
	border: 0px none black;
	}

/* this is to make Navigator fill the entire line */
h1, h2 {
	border: 1px solid white;
	width: auto;
	}

h1 {
	/*background: #606;*/
	/*color: #6F6;*/
	}

h2 {
	color: #606;
	/*background: #CFC;*/
	}

hr {
	color: #606;
	background: white;
	}

img, a:link img, a:visited img, a:hover img, a:active img, #link-up img, #link-top img {
	border: 0px none white;
	background: transparent;
	}

/* OXYGEN */
a, a:visited {
    color:rgb(0, 0, 150);
    background-color:inherit;
    font-weight: bold;
}
a:link, a:visited {
    text-decoration:none; 
}
a:hover {
    text-decoration:underline;
}

/* OXYGEN */

a.img:hover, a.img:active {
	background: transparent;
	}

#colophon, #xml-link, .note {
	color: #666;
	}

#colophon a:link, #colophon a:visited, #colophon a:hover,
#xml-link a:link, #xml-link a:visited, #xml-link a:hover,
.note a:link, .note a:visited, .note a:hover {
	color: #969;
	background: transparent;
	}

#colophon a:hover, #xml-link a:hover, .note a:hover {
	background: #CFC;
	color: #969;
	}

.popup {
	background: white;
	border: 1px solid #606;
	}

.post {
	border-top: 2px solid #606;
	}
	
.example {
  border-top: 2px solid #606;
  border-bottom: 2px solid #606;
  }
  
.sidebar {
  border-top: 2px solid #090;
  border-bottom: 2px solid #090;
  }
  
.rng {
  border-left: 2px solid #666;
  }

.same {
  background-color: rgb(206, 239, 174);
}

.diff {
  background-color: #FCC;
}

.whitespace {
	font-style: italic;
	color: #999;
	background: white;
}

.ignored {
  font-style: italic;
  color: #999;
  background: white;
}

.hit {
}

.missed {
  background-color: #A33;
  color: white;
}

/* text */
ol ol li {
	list-style: lower-alpha;
	}

th {
	text-align: left;
	}

td {
	vertical-align: top;
	}

h1 {
	text-transform: uppercase;
	}

h2, h3 {
	/*text-transform: capitalize;*/
	}

.question {
	text-indent: -33px;
	}

.byline {
	text-align: right;
	}

#link-top, #link-up {
	text-align: right;
	}

a {
	text-decoration: none;
	}

table { width: 85%;
        /* border: collapse; */ }

th { text-align: left; }

.xspec tbody th { font-weight: normal; /*font-size: 0.8em;*/ border-top: 1px #666 solid; }
.xspec tbody td { /*font-size: 0.8em;*/ color: #666; }

.successful.label th, .successful.label td { background-color: #CFC; }
.pending.label th, .pending.label td { background-color: #DDD; color: #666; }
.failed.label th, .failed.label td { background-color: #FCC; }
.error.label th, .error.label td { background-color: #FAA; }
/*body &gt; table tbody .failed.label th:first-child:before {content:url(data:image/png;base64,iVBORw0KGgoAAAANSUhEUgAAAAwAAAAMCAYAAABWdVznAAAAGXRFWHRTb2Z0d2FyZQBBZG9iZSBJbWFnZVJlYWR5ccllPAAAA2ZpVFh0WE1MOmNvbS5hZG9iZS54bXAAAAAAADw/eHBhY2tldCBiZWdpbj0i77u/IiBpZD0iVzVNME1wQ2VoaUh6cmVTek5UY3prYzlkIj8+IDx4OnhtcG1ldGEgeG1sbnM6eD0iYWRvYmU6bnM6bWV0YS8iIHg6eG1wdGs9IkFkb2JlIFhNUCBDb3JlIDUuMy1jMDExIDY2LjE0NTY2MSwgMjAxMi8wMi8wNi0xNDo1NjoyNyAgICAgICAgIj4gPHJkZjpSREYgeG1sbnM6cmRmPSJodHRwOi8vd3d3LnczLm9yZy8xOTk5LzAyLzIyLXJkZi1zeW50YXgtbnMjIj4gPHJkZjpEZXNjcmlwdGlvbiByZGY6YWJvdXQ9IiIgeG1sbnM6eG1wTU09Imh0dHA6Ly9ucy5hZG9iZS5jb20veGFwLzEuMC9tbS8iIHhtbG5zOnN0UmVmPSJodHRwOi8vbnMuYWRvYmUuY29tL3hhcC8xLjAvc1R5cGUvUmVzb3VyY2VSZWYjIiB4bWxuczp4bXA9Imh0dHA6Ly9ucy5hZG9iZS5jb20veGFwLzEuMC8iIHhtcE1NOk9yaWdpbmFsRG9jdW1lbnRJRD0ieG1wLmRpZDpCQjU0NjU4QjIyQTNFMTExQkI5Rjk5QkQ4RkQ5RUJFQiIgeG1wTU06RG9jdW1lbnRJRD0ieG1wLmRpZDpEQTUyOTdBQUEzRDUxMUUxQTQwN0YzMUI0Nzg3NDU1RSIgeG1wTU06SW5zdGFuY2VJRD0ieG1wLmlpZDpEQTUyOTdBOUEzRDUxMUUxQTQwN0YzMUI0Nzg3NDU1RSIgeG1wOkNyZWF0b3JUb29sPSJBZG9iZSBQaG90b3Nob3AgQ1M2IChXaW5kb3dzKSI+IDx4bXBNTTpEZXJpdmVkRnJvbSBzdFJlZjppbnN0YW5jZUlEPSJ4bXAuaWlkOjQ4MTZDRTNCRDVBM0UxMTFBQTI2QTBCMjZENzg1Qzg5IiBzdFJlZjpkb2N1bWVudElEPSJ4bXAuZGlkOkJCNTQ2NThCMjJBM0UxMTFCQjlGOTlCRDhGRDlFQkVCIi8+IDwvcmRmOkRlc2NyaXB0aW9uPiA8L3JkZjpSREY+IDwveDp4bXBtZXRhPiA8P3hwYWNrZXQgZW5kPSJyIj8+aHNJrgAAAZ1JREFUeNpsUssrRGEU/907985YMDPNYlh4hbKZPMdgR3aysrGSSFIeKyUKpewoRTYkmcgCf4MsMI2FPDYGKeUZSoru4/uc82VC+W7fOeee+zvn/M45V1uuyCmVwDogq0hDklD6jy1dspNkdxokVrIzPFUh0/MD5OdXoJDwPFtu3d2ns6TTp9oggTlFZlmN0o4AHMmXfJGo0lmGzoE1OgmNHf5YA8rmN5HfM6wADmUuHphA9cIW/JX1yiek9DIlyijxkNjBzXYche19gNcHzfShoLUdVxtLuD/cYzCoMAzCwqYrhMDx9Chs20JRWzf4nMcXcDI3pYAqQHIAtWUJbpKursMMhpA+RiAEGzpc4X5XkDB4GjaHmiZik/PIa2rBEWVlSuW9Q+T3YndskBi46QpQFcLltchtbEZyZhxna4uKhmV9Ito/gtPNOG4P99WItdlIWARNXWOAv6AEr9cplel7/ggUleDlMqUSvNnCobHKxDsNnqs8XaWUZopp/XhxTkOR+HDVOveYUge9rNLyY9SU9v+vwXuUB2R0fQkwABfn/VKSjTLBAAAAAElFTkSuQmCC) " "}*/
/*body &gt; table tbody .error.label th:first-child:before {content:url(data:image/png;base64,iVBORw0KGgoAAAANSUhEUgAAAAwAAAAMCAYAAABWdVznAAAABmJLR0QAAAAAAAD5Q7t/AAAACXBIWXMAAAsTAAALEwEAmpwYAAAAB3RJTUUH3QcKER4AdkxvvQAAAdVJREFUKM89kM9KG0EAh7/JTHazZInEQwJ68KIWLx6Etj6EjxAobYSsD+BjCJ682EOp0FMueYmS0FMICF4i6tFNzJ/dyRh2Znoo6Xf+Pn7wEzc3Nx/W6/UvY8xJnudkWYa1Fu893nviOCaKIhuG4R/v/Ve1Xq9/bG1tnezs7JDnOVpr3t/fcc4hpaRSqVCpVORqtTp9e3v7rrTWn5vNJpPJhHK5zHg8JssyvPeEYcjR0RFpmlKr1ZjP5x9Li8VCbOR2u83BwQEvLy88PT1xfHzMxcUFQgjSNCXLskDlec5sNuPx8REpJZ1Oh+fnZ4QQnJ+fc319Tb/fZ29vD601SmvNdDplsVhwe3vLaDTi6uoKgCRJGAwGNBoNXl9fMcZQcs5hjGG1WpHnObVajQ3VahWtNcYYjDE451Cb+7z3JElCkiScnZ0hpaTX67G7u0u328V7/y+oVqsIITg8PKTT6dBqtRgOhzjnaLVa3N3dcX9/z3K5JI5jxOXlpSuKQqRpirWWh4eH//Plcpn9/X2cc2xvb1MqlQqllBpYa0/jOGYymdBsNsmyDOccURRRFAX1eh2lFGEY/lZBEHyx1v703n8KgkBEUYSUEu/9RkIIUQRB0A/D8NtflUT+nn4OS+0AAAAASUVORK5CYII=) " "}*/
.failed.label th:first-child:before, .failed.label td:first-child:before {content:url(data:image/png;base64,iVBORw0KGgoAAAANSUhEUgAAAAwAAAAMCAYAAABWdVznAAAAGXRFWHRTb2Z0d2FyZQBBZG9iZSBJbWFnZVJlYWR5ccllPAAAA2ZpVFh0WE1MOmNvbS5hZG9iZS54bXAAAAAAADw/eHBhY2tldCBiZWdpbj0i77u/IiBpZD0iVzVNME1wQ2VoaUh6cmVTek5UY3prYzlkIj8+IDx4OnhtcG1ldGEgeG1sbnM6eD0iYWRvYmU6bnM6bWV0YS8iIHg6eG1wdGs9IkFkb2JlIFhNUCBDb3JlIDUuMy1jMDExIDY2LjE0NTY2MSwgMjAxMi8wMi8wNi0xNDo1NjoyNyAgICAgICAgIj4gPHJkZjpSREYgeG1sbnM6cmRmPSJodHRwOi8vd3d3LnczLm9yZy8xOTk5LzAyLzIyLXJkZi1zeW50YXgtbnMjIj4gPHJkZjpEZXNjcmlwdGlvbiByZGY6YWJvdXQ9IiIgeG1sbnM6eG1wTU09Imh0dHA6Ly9ucy5hZG9iZS5jb20veGFwLzEuMC9tbS8iIHhtbG5zOnN0UmVmPSJodHRwOi8vbnMuYWRvYmUuY29tL3hhcC8xLjAvc1R5cGUvUmVzb3VyY2VSZWYjIiB4bWxuczp4bXA9Imh0dHA6Ly9ucy5hZG9iZS5jb20veGFwLzEuMC8iIHhtcE1NOk9yaWdpbmFsRG9jdW1lbnRJRD0ieG1wLmRpZDpCQjU0NjU4QjIyQTNFMTExQkI5Rjk5QkQ4RkQ5RUJFQiIgeG1wTU06RG9jdW1lbnRJRD0ieG1wLmRpZDpEQTUyOTdBQUEzRDUxMUUxQTQwN0YzMUI0Nzg3NDU1RSIgeG1wTU06SW5zdGFuY2VJRD0ieG1wLmlpZDpEQTUyOTdBOUEzRDUxMUUxQTQwN0YzMUI0Nzg3NDU1RSIgeG1wOkNyZWF0b3JUb29sPSJBZG9iZSBQaG90b3Nob3AgQ1M2IChXaW5kb3dzKSI+IDx4bXBNTTpEZXJpdmVkRnJvbSBzdFJlZjppbnN0YW5jZUlEPSJ4bXAuaWlkOjQ4MTZDRTNCRDVBM0UxMTFBQTI2QTBCMjZENzg1Qzg5IiBzdFJlZjpkb2N1bWVudElEPSJ4bXAuZGlkOkJCNTQ2NThCMjJBM0UxMTFCQjlGOTlCRDhGRDlFQkVCIi8+IDwvcmRmOkRlc2NyaXB0aW9uPiA8L3JkZjpSREY+IDwveDp4bXBtZXRhPiA8P3hwYWNrZXQgZW5kPSJyIj8+aHNJrgAAAZ1JREFUeNpsUssrRGEU/907985YMDPNYlh4hbKZPMdgR3aysrGSSFIeKyUKpewoRTYkmcgCf4MsMI2FPDYGKeUZSoru4/uc82VC+W7fOeee+zvn/M45V1uuyCmVwDogq0hDklD6jy1dspNkdxokVrIzPFUh0/MD5OdXoJDwPFtu3d2ns6TTp9oggTlFZlmN0o4AHMmXfJGo0lmGzoE1OgmNHf5YA8rmN5HfM6wADmUuHphA9cIW/JX1yiek9DIlyijxkNjBzXYche19gNcHzfShoLUdVxtLuD/cYzCoMAzCwqYrhMDx9Chs20JRWzf4nMcXcDI3pYAqQHIAtWUJbpKursMMhpA+RiAEGzpc4X5XkDB4GjaHmiZik/PIa2rBEWVlSuW9Q+T3YndskBi46QpQFcLltchtbEZyZhxna4uKhmV9Ito/gtPNOG4P99WItdlIWARNXWOAv6AEr9cplel7/ggUleDlMqUSvNnCobHKxDsNnqs8XaWUZopp/XhxTkOR+HDVOveYUge9rNLyY9SU9v+vwXuUB2R0fQkwABfn/VKSjTLBAAAAAElFTkSuQmCC) " "}
.error.label th:first-child:before, .error.label td:first-child:before {content:url(data:image/png;base64,iVBORw0KGgoAAAANSUhEUgAAAAwAAAAMCAYAAABWdVznAAAABmJLR0QAAAAAAAD5Q7t/AAAACXBIWXMAAAsTAAALEwEAmpwYAAAAB3RJTUUH3QcKER4AdkxvvQAAAdVJREFUKM89kM9KG0EAh7/JTHazZInEQwJ68KIWLx6Etj6EjxAobYSsD+BjCJ682EOp0FMueYmS0FMICF4i6tFNzJ/dyRh2Znoo6Xf+Pn7wEzc3Nx/W6/UvY8xJnudkWYa1Fu893nviOCaKIhuG4R/v/Ve1Xq9/bG1tnezs7JDnOVpr3t/fcc4hpaRSqVCpVORqtTp9e3v7rrTWn5vNJpPJhHK5zHg8JssyvPeEYcjR0RFpmlKr1ZjP5x9Li8VCbOR2u83BwQEvLy88PT1xfHzMxcUFQgjSNCXLskDlec5sNuPx8REpJZ1Oh+fnZ4QQnJ+fc319Tb/fZ29vD601SmvNdDplsVhwe3vLaDTi6uoKgCRJGAwGNBoNXl9fMcZQcs5hjGG1WpHnObVajQ3VahWtNcYYjDE451Cb+7z3JElCkiScnZ0hpaTX67G7u0u328V7/y+oVqsIITg8PKTT6dBqtRgOhzjnaLVa3N3dcX9/z3K5JI5jxOXlpSuKQqRpirWWh4eH//Plcpn9/X2cc2xvb1MqlQqllBpYa0/jOGYymdBsNsmyDOccURRRFAX1eh2lFGEY/lZBEHyx1v703n8KgkBEUYSUEu/9RkIIUQRB0A/D8NtflUT+nn4OS+0AAAAASUVORK5CYII=) " "}
.pending.label th:first-child:before, .pending.label td:first-child:before {content:url(data:image/png;base64,iVBORw0KGgoAAAANSUhEUgAAAAwAAAAMCAYAAABWdVznAAAAGXRFWHRTb2Z0d2FyZQBBZG9iZSBJbWFnZVJlYWR5ccllPAAAA2ZpVFh0WE1MOmNvbS5hZG9iZS54bXAAAAAAADw/eHBhY2tldCBiZWdpbj0i77u/IiBpZD0iVzVNME1wQ2VoaUh6cmVTek5UY3prYzlkIj8+IDx4OnhtcG1ldGEgeG1sbnM6eD0iYWRvYmU6bnM6bWV0YS8iIHg6eG1wdGs9IkFkb2JlIFhNUCBDb3JlIDUuMy1jMDExIDY2LjE0NTY2MSwgMjAxMi8wMi8wNi0xNDo1NjoyNyAgICAgICAgIj4gPHJkZjpSREYgeG1sbnM6cmRmPSJodHRwOi8vd3d3LnczLm9yZy8xOTk5LzAyLzIyLXJkZi1zeW50YXgtbnMjIj4gPHJkZjpEZXNjcmlwdGlvbiByZGY6YWJvdXQ9IiIgeG1sbnM6eG1wTU09Imh0dHA6Ly9ucy5hZG9iZS5jb20veGFwLzEuMC9tbS8iIHhtbG5zOnN0UmVmPSJodHRwOi8vbnMuYWRvYmUuY29tL3hhcC8xLjAvc1R5cGUvUmVzb3VyY2VSZWYjIiB4bWxuczp4bXA9Imh0dHA6Ly9ucy5hZG9iZS5jb20veGFwLzEuMC8iIHhtcE1NOk9yaWdpbmFsRG9jdW1lbnRJRD0ieG1wLmRpZDpCQjU0NjU4QjIyQTNFMTExQkI5Rjk5QkQ4RkQ5RUJFQiIgeG1wTU06RG9jdW1lbnRJRD0ieG1wLmRpZDpDODdDM0Y0QUEzRDUxMUUxQjk5N0MzQjVFRDMyQUE1MiIgeG1wTU06SW5zdGFuY2VJRD0ieG1wLmlpZDpDODdDM0Y0OUEzRDUxMUUxQjk5N0MzQjVFRDMyQUE1MiIgeG1wOkNyZWF0b3JUb29sPSJBZG9iZSBQaG90b3Nob3AgQ1M2IChXaW5kb3dzKSI+IDx4bXBNTTpEZXJpdmVkRnJvbSBzdFJlZjppbnN0YW5jZUlEPSJ4bXAuaWlkOjQ4MTZDRTNCRDVBM0UxMTFBQTI2QTBCMjZENzg1Qzg5IiBzdFJlZjpkb2N1bWVudElEPSJ4bXAuZGlkOkJCNTQ2NThCMjJBM0UxMTFCQjlGOTlCRDhGRDlFQkVCIi8+IDwvcmRmOkRlc2NyaXB0aW9uPiA8L3JkZjpSREY+IDwveDp4bXBtZXRhPiA8P3hwYWNrZXQgZW5kPSJyIj8+yj6RYgAAAPZJREFUeNp0kM8KgkAQxmc1E0Wfo3vQn5eRSDx4EUHwbTpEhx4lil7DiydBQUFXp5nAMNsGhpnd/X77za4Iw3CFiFcAWFMFDkXtKZ/UHhfUnB3HWdu2/REpAL2u631ZlicGdpZlwTAMSmBM0zS5bhgQLB5FU3AOUS4XvNn3vVKgAACCIMA0TbFpGsyyDJMkefdFUWAcx1hVFeZ5jlEUoed5qPEI7KDrOhiG8e6llNC27Zcz77FW+L6Pruv+WKtGIzfgR39umv/UHOJgAMlO/BPOXCQDD5p3r2ma8lvHNU9BcWPg0HXdhRZbOhRT8aSXVO9U/ZcAAwAsmjsSQcM0lwAAAABJRU5ErkJggg==) " ";}
.successful.label th:first-child:before, .successful.label td:first-child:before {content:url(data:image/png;base64,iVBORw0KGgoAAAANSUhEUgAAAAwAAAAMCAYAAABWdVznAAAAGXRFWHRTb2Z0d2FyZQBBZG9iZSBJbWFnZVJlYWR5ccllPAAAA2ZpVFh0WE1MOmNvbS5hZG9iZS54bXAAAAAAADw/eHBhY2tldCBiZWdpbj0i77u/IiBpZD0iVzVNME1wQ2VoaUh6cmVTek5UY3prYzlkIj8+IDx4OnhtcG1ldGEgeG1sbnM6eD0iYWRvYmU6bnM6bWV0YS8iIHg6eG1wdGs9IkFkb2JlIFhNUCBDb3JlIDUuMy1jMDExIDY2LjE0NTY2MSwgMjAxMi8wMi8wNi0xNDo1NjoyNyAgICAgICAgIj4gPHJkZjpSREYgeG1sbnM6cmRmPSJodHRwOi8vd3d3LnczLm9yZy8xOTk5LzAyLzIyLXJkZi1zeW50YXgtbnMjIj4gPHJkZjpEZXNjcmlwdGlvbiByZGY6YWJvdXQ9IiIgeG1sbnM6eG1wTU09Imh0dHA6Ly9ucy5hZG9iZS5jb20veGFwLzEuMC9tbS8iIHhtbG5zOnN0UmVmPSJodHRwOi8vbnMuYWRvYmUuY29tL3hhcC8xLjAvc1R5cGUvUmVzb3VyY2VSZWYjIiB4bWxuczp4bXA9Imh0dHA6Ly9ucy5hZG9iZS5jb20veGFwLzEuMC8iIHhtcE1NOk9yaWdpbmFsRG9jdW1lbnRJRD0ieG1wLmRpZDpCQjU0NjU4QjIyQTNFMTExQkI5Rjk5QkQ4RkQ5RUJFQiIgeG1wTU06RG9jdW1lbnRJRD0ieG1wLmRpZDpEMDVBNThBQUEzRDUxMUUxQjdCQkM2QUNBMTNBMDExNiIgeG1wTU06SW5zdGFuY2VJRD0ieG1wLmlpZDpEMDVBNThBOUEzRDUxMUUxQjdCQkM2QUNBMTNBMDExNiIgeG1wOkNyZWF0b3JUb29sPSJBZG9iZSBQaG90b3Nob3AgQ1M2IChXaW5kb3dzKSI+IDx4bXBNTTpEZXJpdmVkRnJvbSBzdFJlZjppbnN0YW5jZUlEPSJ4bXAuaWlkOjQ4MTZDRTNCRDVBM0UxMTFBQTI2QTBCMjZENzg1Qzg5IiBzdFJlZjpkb2N1bWVudElEPSJ4bXAuZGlkOkJCNTQ2NThCMjJBM0UxMTFCQjlGOTlCRDhGRDlFQkVCIi8+IDwvcmRmOkRlc2NyaXB0aW9uPiA8L3JkZjpSREY+IDwveDp4bXBtZXRhPiA8P3hwYWNrZXQgZW5kPSJyIj8+xJ3YrgAAAYBJREFUeNpsUrtKA1EQPZtdY4gEQiD4QCsLEVGX4CP4AykEq1hYiGghCDZ+gBZWVtrZ+EAjaGOhfoAkNiaKhYWICilMEQNqoYjZ5O4d5+6ucQuLM3funDNzD7OrLe229YBwSKAEnyAP/pyIbL5fcz5rcNiLtuqJSEz3ickn5ruE/vFmJ9/LYjvAldGWqA7bJkgPtoAHQrS5G6NdiwhFWCoxHOCgKUL+iurkCBVawyamE8d4qmSZ51clBZUlh+RG14JzEsJNcaTNLVwWd1B6vXXqkmGoYNeVUPnW3JNr4+YarPoncvebEAKNekAlokaY6N/A1NA+SBgY6Eijtz2Fs5sVWNWawysorWNJsO+q9QWzaxLTYwfojA3isZzDfSnrWvTsNiyp7pOrZURC7ejrTDEpcVpY9ab+NSioLZEiapZA5nwBxZcC8g9HeK7ccYM7TDnwmoU2vx6/NIJaUjc0b0u8YvJNle5HdJvlhbI0Y31ThqsjTGr0/+8hOOQ5nfsRYACtHiy+FDd82wAAAABJRU5ErkJggg==) " "}
/*.successful.label a:before {content:url(data:image/png;base64,iVBORw0KGgoAAAANSUhEUgAAAAwAAAAMCAYAAABWdVznAAAAGXRFWHRTb2Z0d2FyZQBBZG9iZSBJbWFnZVJlYWR5ccllPAAAA2ZpVFh0WE1MOmNvbS5hZG9iZS54bXAAAAAAADw/eHBhY2tldCBiZWdpbj0i77u/IiBpZD0iVzVNME1wQ2VoaUh6cmVTek5UY3prYzlkIj8+IDx4OnhtcG1ldGEgeG1sbnM6eD0iYWRvYmU6bnM6bWV0YS8iIHg6eG1wdGs9IkFkb2JlIFhNUCBDb3JlIDUuMy1jMDExIDY2LjE0NTY2MSwgMjAxMi8wMi8wNi0xNDo1NjoyNyAgICAgICAgIj4gPHJkZjpSREYgeG1sbnM6cmRmPSJodHRwOi8vd3d3LnczLm9yZy8xOTk5LzAyLzIyLXJkZi1zeW50YXgtbnMjIj4gPHJkZjpEZXNjcmlwdGlvbiByZGY6YWJvdXQ9IiIgeG1sbnM6eG1wTU09Imh0dHA6Ly9ucy5hZG9iZS5jb20veGFwLzEuMC9tbS8iIHhtbG5zOnN0UmVmPSJodHRwOi8vbnMuYWRvYmUuY29tL3hhcC8xLjAvc1R5cGUvUmVzb3VyY2VSZWYjIiB4bWxuczp4bXA9Imh0dHA6Ly9ucy5hZG9iZS5jb20veGFwLzEuMC8iIHhtcE1NOk9yaWdpbmFsRG9jdW1lbnRJRD0ieG1wLmRpZDpCQjU0NjU4QjIyQTNFMTExQkI5Rjk5QkQ4RkQ5RUJFQiIgeG1wTU06RG9jdW1lbnRJRD0ieG1wLmRpZDpEMDVBNThBQUEzRDUxMUUxQjdCQkM2QUNBMTNBMDExNiIgeG1wTU06SW5zdGFuY2VJRD0ieG1wLmlpZDpEMDVBNThBOUEzRDUxMUUxQjdCQkM2QUNBMTNBMDExNiIgeG1wOkNyZWF0b3JUb29sPSJBZG9iZSBQaG90b3Nob3AgQ1M2IChXaW5kb3dzKSI+IDx4bXBNTTpEZXJpdmVkRnJvbSBzdFJlZjppbnN0YW5jZUlEPSJ4bXAuaWlkOjQ4MTZDRTNCRDVBM0UxMTFBQTI2QTBCMjZENzg1Qzg5IiBzdFJlZjpkb2N1bWVudElEPSJ4bXAuZGlkOkJCNTQ2NThCMjJBM0UxMTFCQjlGOTlCRDhGRDlFQkVCIi8+IDwvcmRmOkRlc2NyaXB0aW9uPiA8L3JkZjpSREY+IDwveDp4bXBtZXRhPiA8P3hwYWNrZXQgZW5kPSJyIj8+xJ3YrgAAAYBJREFUeNpsUrtKA1EQPZtdY4gEQiD4QCsLEVGX4CP4AykEq1hYiGghCDZ+gBZWVtrZ+EAjaGOhfoAkNiaKhYWICilMEQNqoYjZ5O4d5+6ucQuLM3funDNzD7OrLe229YBwSKAEnyAP/pyIbL5fcz5rcNiLtuqJSEz3ickn5ruE/vFmJ9/LYjvAldGWqA7bJkgPtoAHQrS5G6NdiwhFWCoxHOCgKUL+iurkCBVawyamE8d4qmSZ51clBZUlh+RG14JzEsJNcaTNLVwWd1B6vXXqkmGoYNeVUPnW3JNr4+YarPoncvebEAKNekAlokaY6N/A1NA+SBgY6Eijtz2Fs5sVWNWawysorWNJsO+q9QWzaxLTYwfojA3isZzDfSnrWvTsNiyp7pOrZURC7ejrTDEpcVpY9ab+NSioLZEiapZA5nwBxZcC8g9HeK7ccYM7TDnwmoU2vx6/NIJaUjc0b0u8YvJNle5HdJvlhbI0Y31ThqsjTGr0/+8hOOQ5nfsRYACtHiy+FDd82wAAAABJRU5ErkJggg==) " "}*/

.xspecResult { width: 90%; table-layout: fixed; }

.xspecResult td,
.xspecResult th { width: 50%; }

/*.xspecResult pre { 
  margin-left: 0; 
  padding: 0.5em; 
  overflow: auto; 
  border: 1px #999 dotted;
}*/

span.scenario-totals {float: right; width: 14.5%; text-align: left}

/* OXYGEN */
span.scenario-totals {float: right; width: 34.5%; text-align: right}

h2.failed {
    background-color: #FCC;
}

h1, h2 {
    width: 86%;
    /*margin-left: 3%;*/
    
    font-size:1.4em;
    font-weight:bold;
    text-align:left;
    margin-top:1.4em;
    margin-bottom:0.7em;
    color:#333333;
    background-color:inherit;
}

h1 {
    font-size:1.7em;
}

body &gt; h1:first-child:before {
    content:"XSLT UNIT ";
}

body &gt; h2:first-of-type {
    font-size:1.7em;
}

div &gt; table &gt; tbody &gt; tr &gt; th:first-child {
    font-weight:bold;
}

div &gt; h3 {
    font-weight:bold;
    /*margin-left: 3%;*/
}

div &gt; h4 {
    font-weight:normal;
    /*margin-left: 4%;*/
}

th.result { text-align: center; }
/* OXYGEN */


/* ------------------------------------------------------------------------ */
/*  DO NOT ALTER OR REMOVE COPYRIGHT NOTICES OR THIS COMMENT.               */
/*                                                                          */
/*  Copyright (c) 2008, 2010 Jeni Tennsion                                  */
/*                                                                          */
/*  The contents of this file are subject to the MIT License (see the URI   */
/*  http://www.opensource.org/licenses/mit-license.php for details).        */
/*                                                                          */
/*  Permission is hereby granted, free of charge, to any person obtaining   */
/*  a copy of this software and associated documentation files (the         */
/*  "Software"), to deal in the Software without restriction, including     */
/*  without limitation the rights to use, copy, modify, merge, publish,     */
/*  distribute, sublicense, and/or sell copies of the Software, and to      */
/*  permit persons to whom the Software is furnished to do so, subject to   */
/*  the following conditions:                                               */
/*                                                                          */
/*  The above copyright notice and this permission notice shall be          */
/*  included in all copies or substantial portions of the Software.         */
/*                                                                          */
/*  THE SOFTWARE IS PROVIDED "AS IS", WITHOUT WARRANTY OF ANY KIND,         */
/*  EXPRESS OR IMPLIED, INCLUDING BUT NOT LIMITED TO THE WARRANTIES OF      */
/*  MERCHANTABILITY, FITNESS FOR A PARTICULAR PURPOSE AND NONINFRINGEMENT.  */
/*  IN NO EVENT SHALL THE AUTHORS OR COPYRIGHT HOLDERS BE LIABLE FOR ANY    */
/*  CLAIM, DAMAGES OR OTHER LIABILITY, WHETHER IN AN ACTION OF CONTRACT,    */
/*  TORT OR OTHERWISE, ARISING FROM, OUT OF OR IN CONNECTION WITH THE       */
/*  SOFTWARE OR THE USE OR OTHER DEALINGS IN THE SOFTWARE.                  */
/* ------------------------------------------------------------------------ */

.nobr { white-space: nowrap; }
.scenario-label { text-indent: 0px; }
.context-label { text-indent: 10px; }
.test-label { text-indent: 20px; }
.pending-label { text-indent: 30px; }


        /**/</style>
    </head><body><h1>Test Report</h1><p>Script: <a href="file:/home/jostein/xprocspec/xprocspec/src/test/xprocspec/tests/input-1.xprocspec">file:/home/jostein/xprocspec/xprocspec/src/test/xprocspec/tests/input-1.xprocspec</a></p><p>Tested: 2013-12-02T14:36:09.468+01:00</p><h2>Contents</h2><table class="xspec"><col width="75%"/><col width="5%"/><col width="5%"/><col width="5%"/><col width="5%"/><col width="5%"/><thead><tr><th/><th class="result">passed:3</th><th class="result">pending:0</th><th class="result">failed:0</th><th class="result">errors:0</th><th class="result">total:3</th></tr></thead><tbody><tr class="successful label"><th><a href="#step1">ex:identity</a></th><th class="result">3</th><th class="result">0</th><th class="result">0</th><th class="result">0</th><th class="result">3</th></tr></tbody></table><div id="step1"><h2 class="successful">Calling: <a href="file:/home/jostein/xprocspec/xprocspec/src/test/xprocspec/steps/identity.xpl">ex:identity</a><span class="scenario-totals">passed:3 / pending:0 /
                                        failed:0 / errors:0 / total:3</span></h2><table class="xspec"><col width="80%"/><col width="20%"/><tbody><tr class="successful label"><th class="scenario-label">identity</th><th class="nobr">passed:3 / pending:0 / failed:0 / errors:0 / total:3</th></tr><tr class="successful label"><th class="context-label">errors</th><th class="nobr">passed:1 / pending:0 / failed:0 / errors:0 / total:1</th></tr><tr class="successful label"><td class="test-label">the step should execute successfully without throwing any errors</td><td>Success</td></tr><tr class="successful label"><th class="context-label">the input</th><th class="nobr">passed:1 / pending:0 / failed:0 / errors:0 / total:1</th></tr><tr class="successful label"><td class="test-label">there must be no documents on the input port</td><td>Success</td></tr><tr class="successful label"><th class="context-label">the output</th><th class="nobr">passed:1 / pending:0 / failed:0 / errors:0 / total:1</th></tr><tr class="successful label"><td class="test-label">there must be no documents on the output port</td><td>Success</td></tr></tbody></table></div><h2>Execution log</h2><table><thead><tr><th>Time</th><th>Severity</th><th>Message</th></tr></thead><tbody><tr style=""><td>0.000</td><td style="padding-left:0%;">INFO</td><td><code><pre>#### file:/home/jostein/xprocspec/xprocspec/src/test/xprocspec/tests/input-1.xprocspec ####</pre></code></td></tr><tr style=""><td>0.005</td><td style="padding-left:0%;">INFO</td><td><code><pre> * temporary directory: file:/tmp/xprocspec-20131202143557583/</pre></code></td></tr><tr style=""><td>0.010</td><td style="padding-left:0%;">INFO</td><td><code><pre>preprocessing...</pre></code></td></tr><tr style=""><td>0.025</td><td style="padding-left:0%;">INFO</td><td><code><pre> * checking for imports</pre></code></td></tr><tr style=""><td>0.032</td><td style="padding-left:0%;">INFO</td><td><code><pre> * checking file:/home/jostein/xprocspec/xprocspec/src/test/xprocspec/tests/input-1.xprocspec for imports</pre></code></td></tr><tr style=""><td>0.037</td><td style="padding-left:0%;">INFO</td><td><code><pre> * extracting step declarations from file:/home/jostein/xprocspec/xprocspec/src/test/xprocspec/steps/identity.xpl</pre></code></td></tr><tr style=""><td>0.043</td><td style="padding-left:0%;">INFO</td><td><code><pre> * tests reference 1 step</pre></code></td></tr><tr style=""><td>0.049</td><td style="padding-left:0%;">INFO</td><td><code><pre>   * step: e:identity</pre></code></td></tr><tr style=""><td>0.054</td><td style="padding-left:0%;">INFO</td><td><code><pre> * trying to load: file:/home/jostein/xprocspec/xprocspec/src/test/xprocspec/steps/identity.xpl</pre></code></td></tr><tr style=""><td>0.061</td><td style="padding-left:0%;">INFO</td><td><code><pre>   * success!</pre></code></td></tr><tr style=""><td>0.069</td><td style="padding-left:0%;">INFO</td><td><code><pre> * trying to extract the step declaration for {http://example.net/ns}identity from file:/home/jostein/xprocspec/xprocspec/src/test/xprocspec/steps/identity.xpl</pre></code></td></tr><tr style=""><td>0.083</td><td style="padding-left:0%;">INFO</td><td><code><pre> * creating a new x:description document for each x:scenario element with inferred inputs, options and parameters</pre></code></td></tr><tr style=""><td>0.098</td><td style="padding-left:0%;">INFO</td><td><code><pre> * validating output grammar</pre></code></td></tr><tr style=""><td>0.106</td><td style="padding-left:0%;">INFO</td><td><code><pre>compiling...</pre></code></td></tr><tr style=""><td>0.114</td><td style="padding-left:0%;">INFO</td><td><code><pre> * created directory using Calabash's cxf:mkdir</pre></code></td></tr><tr style=""><td>0.120</td><td style="padding-left:0%;">INFO</td><td><code><pre> * converting test 'test1' to XProc</pre></code></td></tr><tr style=""><td>0.135</td><td style="padding-left:0%;">INFO</td><td><code><pre>   * done</pre></code></td></tr><tr style=""><td>0.142</td><td style="padding-left:0%;">INFO</td><td><code><pre> * validating output grammar for file:/home/jostein/xprocspec/xprocspec/src/test/xprocspec/tests/input-1.xprocspec</pre></code></td></tr><tr style=""><td>0.150</td><td style="padding-left:0%;">INFO</td><td><code><pre>   * done!</pre></code></td></tr><tr style=""><td>0.157</td><td style="padding-left:0%;">INFO</td><td><code><pre> * using as temporary directory: file:/tmp/xprocspec-20131202143557583/xprocspec-20131202143609085/</pre></code></td></tr><tr style=""><td>0.163</td><td style="padding-left:0%;">INFO</td><td><code><pre>storing...</pre></code></td></tr><tr style=""><td>0.172</td><td style="padding-left:0%;">INFO</td><td><code><pre>running...</pre></code></td></tr><tr style=""><td>0.181</td><td style="padding-left:0%;">INFO</td><td><code><pre>   * loading 'file:/tmp/xprocspec-20131202143557583/test1.xpl'</pre></code></td></tr><tr style=""><td>0.236</td><td style="padding-left:0%;">INFO</td><td><code><pre>evaluating...</pre></code></td></tr><tr style=""><td>0.247</td><td style="padding-left:0%;">INFO</td><td><code><pre> * evaluating scenario 'identity' (file:/home/jostein/xprocspec/xprocspec/src/test/xprocspec/tests/input-1.xprocspec)</pre></code></td></tr><tr style=""><td>0.254</td><td style="padding-left:0%;">INFO</td><td><code><pre>   * resolving x:document elements...</pre></code></td></tr><tr style=""><td>0.264</td><td style="padding-left:0%;">INFO</td><td><code><pre>    * no errors occured</pre></code></td></tr><tr style="background-color:#FFD700;"><td>0.276</td><td style="padding-left:0%;">WARN</td><td><code><pre>   * port not found: "source.document.secondary.sequence" (was: 0)</pre></code></td></tr><tr style="background-color:#FFD700;"><td>0.289</td><td style="padding-left:0%;">WARN</td><td><code><pre>   * port not found: "result.document.secondary.sequence" (was: 0)</pre></code></td></tr><tr style=""><td>0.312</td><td style="padding-left:0%;">INFO</td><td><code><pre>   * grouping x:expect elements with their x:context...</pre></code></td></tr><tr style=""><td>0.321</td><td style="padding-left:0%;">INFO</td><td><code><pre>   * evaluating each context/expect group...</pre></code></td></tr><tr style=""><td>0.328</td><td style="padding-left:0%;">INFO</td><td><code><pre>     * setting context to 'errors'</pre></code></td></tr><tr style=""><td>0.336</td><td style="padding-left:0%;">INFO</td><td><code><pre>       * testing assertion 'the step should execute successfully without throwing any errors'</pre></code></td></tr><tr style=""><td>0.344</td><td style="padding-left:0%;">INFO</td><td><code><pre>         * is document count assertion</pre></code></td></tr><tr style=""><td>0.351</td><td style="padding-left:0%;">INFO</td><td><code><pre>         * assertion passed</pre></code></td></tr><tr style=""><td>0.361</td><td style="padding-left:0%;">INFO</td><td><code><pre>     * setting context to 'the input'</pre></code></td></tr><tr style=""><td>0.368</td><td style="padding-left:0%;">INFO</td><td><code><pre>       * testing assertion 'there must be no documents on the input port'</pre></code></td></tr><tr style=""><td>0.376</td><td style="padding-left:0%;">INFO</td><td><code><pre>         * is document count assertion</pre></code></td></tr><tr style=""><td>0.384</td><td style="padding-left:0%;">INFO</td><td><code><pre>         * assertion passed</pre></code></td></tr><tr style=""><td>0.392</td><td style="padding-left:0%;">INFO</td><td><code><pre>     * setting context to 'the output'</pre></code></td></tr><tr style=""><td>0.400</td><td style="padding-left:0%;">INFO</td><td><code><pre>       * testing assertion 'there must be no documents on the output port'</pre></code></td></tr><tr style=""><td>0.408</td><td style="padding-left:0%;">INFO</td><td><code><pre>         * is document count assertion</pre></code></td></tr><tr style=""><td>0.416</td><td style="padding-left:0%;">INFO</td><td><code><pre>         * assertion passed</pre></code></td></tr><tr style=""><td>0.432</td><td style="padding-left:0%;">INFO</td><td><code><pre>reporting...</pre></code></td></tr></tbody></table><link rel="stylesheet" href="http://yandex.st/highlightjs/7.3/styles/default.min.css"/><script type="text/javascript" src="http://yandex.st/highlightjs/7.3/highlight.min.js" xml:space="preserve"> </script><script type="text/javascript">hljs.initHighlightingOnLoad();</script></body></html></x:document></x:output><x:output port="junit"><x:document xml:base="file:/home/jostein/xprocspec/xprocspec/src/main/resources/content/xml/xproc/report/report.xpl" xml:space="preserve" type="inline"><testsuites tests="3" failures="0" time="0.44" errors="0" name="input1"><testsuite timestamp="2013-12-02T13:36:09.424Z" hostname="localhost" tests="3" errors="0" failures="0" skipped="0" id="d22507e1" name="identity" package="http://example.net/ns" time="0.007">
<properties><property name="input: source.document.secondary.sequence" value=""/>

<property name="option: option.required" value=""/>

</properties>
<testcase name="theStepShouldExecuteSuccessfullyWithoutThrowingAnyErrors" classname="identity" assertions="1" time="0" status="SUCCESS"><system-out>the step should execute successfully without throwing any errors: SUCCESS</system-out>
<system-err/></testcase><testcase name="thereMustBeNoDocumentsOnTheInputPort" classname="identity" assertions="1" time="0" status="SUCCESS"><system-out>there must be no documents on the input port: SUCCESS</system-out>
<system-err/></testcase><testcase name="thereMustBeNoDocumentsOnTheOutputPort" classname="identity" assertions="1" time="0" status="SUCCESS"><system-out>there must be no documents on the output port: SUCCESS</system-out>
<system-err/></testcase></testsuite></testsuites></x:document></x:output><x:test-result type="count" label="the step should execute successfully without throwing any errors" max="0" contextref="errors" result="passed">
                                                        <x:expected>At most 0 documents.</x:expected>
                                                    <x:was>0</x:was></x:test-result><x:test-result label="there should be at least one test, and none of the tests should fail" type="xpath" test="not(/*/@tests='0') and /*/@failures='0' and /*/@errors='0'" contextref="context9" result="passed"><x:expected xml:space="preserve">XPath: true()
Value: true</x:expected><x:was xml:space="preserve">XPath: not(/*/@tests='0') and /*/@failures='0' and /*/@errors='0'
Value: true</x:was></x:test-result></x:description><x:description xmlns:cx="http://xmlcalabash.com/ns/extensions" xmlns:c="http://www.w3.org/ns/xproc-step" xml:base="file:/home/jostein/xprocspec/xprocspec/src/test/xprocspec/test.xprocspec" test-base-uri="file:/home/jostein/xprocspec/xprocspec/src/test/xprocspec/test.xprocspec" script="file:/home/jostein/xprocspec/xprocspec/src/main/resources/content/xml/xproc/xprocspec.xpl" test-grammar="xprocspec" temp-dir="file:/tmp/xprocspec-20131202143557583/"><x:step-declaration><p:declare-step xmlns:p="http://www.w3.org/ns/xproc" xmlns:px="http://www.daisy.org/ns/xprocspec" xmlns:pxi="http://www.daisy.org/ns/xprocspec/xproc-internal/" xmlns:pkg="http://expath.org/ns/pkg" type="px:xprocspec" name="main" version="1.0" xpath-version="2.0" pkg:import-uri="http://www.daisy.org/ns/xprocspec/xprocspec.xpl" x:type="{http://www.daisy.org/ns/xprocspec}xprocspec"><p:input port="source" kind="document" sequence="false" primary="true"/><p:output port="result" kind="document" sequence="false" primary="false"><p:pipe port="result" step="report"/></p:output><p:output port="html" kind="document" sequence="false" primary="false"><p:pipe port="html" step="report"/></p:output><p:output port="junit" kind="document" sequence="false" primary="false"><p:pipe port="junit" step="report"/></p:output><p:option name="temp-dir" select="'file:/tmp/'"/><p:option name="step-available-rng" select="'false'"/></p:declare-step></x:step-declaration><x:scenario end-time="2013-12-02T13:36:10.448Z" label="the input element - sequence of two documents" start-time="2013-12-02T13:36:09.891Z"><x:call x:type="{http://www.daisy.org/ns/xprocspec}xprocspec" step="x:xprocspec"><x:option select="$temp-dir" name="temp-dir" value="file:/tmp/xprocspec-20131202143557583/"/><x:input port="source">
                    <x:document xml:base="file:/home/jostein/xprocspec/xprocspec/src/test/xprocspec/test.xprocspec" xml:space="preserve" type="inline"><?xml-model href="http://www.daisy.org/ns/xprocspec/xprocspec.rng" type="application/xml" schematypens="http://relaxng.org/ns/structure/1.0"?><x:description xmlns:e="http://example.net/ns" script="../steps/identity.xpl">
    
    <x:scenario label="identity">
        <x:call step="e:identity">
            <x:option name="option.required" select="''"/>
            <x:input port="source.document.secondary.sequence">
                <x:document type="inline">
                    <doc1/>
                </x:document>
                <x:document type="inline">
                    <doc2/>
                </x:document>
            </x:input>
        </x:call>
        
        <x:context label="the input">
            <x:document type="port" port="source.document.secondary.sequence"/>
        </x:context>
        <x:expect type="count" label="there must be two documents on the input port" min="2" max="2"/>
        
        <x:context label="the output">
            <x:document type="port" port="result.document.secondary.sequence"/>
        </x:context>
        <x:expect type="count" label="there must be two documents on the output port" min="2" max="2"/>
        
    </x:scenario>
    
</x:description></x:document>
                </x:input></x:call>
                                                <x:context label="errors" id="errors">
                                                    
                                                </x:context>
                                            
                                                <x:expect type="count" label="the step should execute successfully without throwing any errors" max="0" contextref="errors"/>
                                            <x:context label="the junit output port" id="context10">
                <x:document xml:base="file:/home/jostein/xprocspec/xprocspec/src/main/resources/content/xml/xproc/report/report.xpl" xml:space="preserve" type="inline"><testsuites tests="3" failures="0" time="0.45" errors="0" name="input2"><testsuite timestamp="2013-12-02T13:36:10.356Z" hostname="localhost" tests="3" errors="0" failures="0" skipped="0" id="d24054e1" name="identity" package="http://example.net/ns" time="0.009">
<properties><property name="input: source.document.secondary.sequence" value="&lt;doc1 xmlns=&#34;&#34; .../&gt; (Base URI: file:/home/jostein/xprocspec/xprocspec/src/test/xprocspec/tests/input-2.xprocspec)&#xA;&lt;doc2 xmlns=&#34;&#34; .../&gt; (Base URI: file:/home/jostein/xprocspec/xprocspec/src/test/xprocspec/tests/input-2.xprocspec)"/>

<property name="option: option.required" value=""/>

</properties>
<testcase name="theStepShouldExecuteSuccessfullyWithoutThrowingAnyErrors" classname="identity" assertions="1" time="0" status="SUCCESS"><system-out>the step should execute successfully without throwing any errors: SUCCESS</system-out>
<system-err/></testcase><testcase name="thereMustBeTwoDocumentsOnTheInputPort" classname="identity" assertions="1" time="0" status="SUCCESS"><system-out>there must be two documents on the input port: SUCCESS</system-out>
<system-err/></testcase><testcase name="thereMustBeTwoDocumentsOnTheOutputPort" classname="identity" assertions="1" time="0" status="SUCCESS"><system-out>there must be two documents on the output port: SUCCESS</system-out>
<system-err/></testcase></testsuite></testsuites></x:document>
            </x:context><x:expect label="there should be at least one test, and none of the tests should fail" type="xpath" test="not(/*/@tests='0') and /*/@failures='0' and /*/@errors='0'" contextref="context10"/></x:scenario><x:output port="result"><x:document xml:base="file:/home/jostein/xprocspec/xprocspec/src/main/resources/content/xml/xproc/report/report.xpl" xml:space="preserve" type="inline"><x:test-report><x:description xml:base="file:/home/jostein/xprocspec/xprocspec/src/test/xprocspec/tests/input-2.xprocspec" test-base-uri="file:/home/jostein/xprocspec/xprocspec/src/test/xprocspec/tests/input-2.xprocspec" script="file:/home/jostein/xprocspec/xprocspec/src/test/xprocspec/steps/identity.xpl" test-grammar="xprocspec" temp-dir="file:/tmp/xprocspec-20131202143557583/xprocspec-20131202143610009/"><x:step-declaration><p:declare-step xmlns:p="http://www.w3.org/ns/xproc" xmlns:ex="http://example.net/ns" name="main" type="ex:identity" version="1.0" x:type="{http://example.net/ns}identity"><p:input port="source.document.primary" kind="document" primary="true" sequence="false"><p:inline>
            <source.document.primary.default/>
        </p:inline></p:input><p:input port="source.document.secondary.sequence" kind="document" sequence="true" primary="false"><p:inline>
            <source.document.secondary.sequence/>
        </p:inline></p:input><p:input select="/*/*" port="source.document.secondary.select-children" kind="document" sequence="true" primary="false"><p:inline>
            <default>
                <default/>
                <default/>
            </default>
        </p:inline></p:input><p:input port="source.parameter.primary.sequence" primary="true" kind="parameter" sequence="true"/><p:output port="result.document.primary" kind="document" primary="true" sequence="false"><p:pipe port="source.document.primary" step="main"/></p:output><p:output port="result.document.secondary.sequence" kind="document" sequence="true" primary="false"><p:pipe port="source.document.secondary.sequence" step="main"/></p:output><p:output port="result.document.secondary.select-children" kind="document" sequence="true" primary="false"><p:pipe port="source.document.secondary.select-children" step="main"/></p:output><p:output port="result.parameter.primary" kind="document" sequence="false" primary="false"><p:pipe port="result" step="parameters"/></p:output><p:output port="options" kind="document" sequence="false" primary="false"><p:pipe port="result" step="options"/></p:output><p:option name="option"/><p:option name="option.required" required="true"/><p:option name="option.default" select="'default'"/></p:declare-step></x:step-declaration><x:scenario xmlns:e="http://example.net/ns" end-time="2013-12-02T13:36:10.112Z" label="identity" start-time="2013-12-02T13:36:10.103Z"><x:call x:type="{http://example.net/ns}identity" step="e:identity"><x:option select="''" name="option.required" value=""/><x:input port="source.document.secondary.sequence">
                <x:document xml:base="file:/home/jostein/xprocspec/xprocspec/src/test/xprocspec/tests/input-2.xprocspec" xml:space="preserve" type="inline">
                    <doc1/>
                </x:document>
                <x:document xml:base="file:/home/jostein/xprocspec/xprocspec/src/test/xprocspec/tests/input-2.xprocspec" xml:space="preserve" type="inline">
                    <doc2/>
                </x:document>
            </x:input></x:call>
                                                <x:context label="errors" id="errors">
                                                    
                                                </x:context>
                                            
                                                <x:expect type="count" label="the step should execute successfully without throwing any errors" max="0" contextref="errors"/>
                                            <x:context label="the input" id="context0">
            <x:document xml:base="file:/home/jostein/xprocspec/xprocspec/src/test/xprocspec/tests/input-2.xprocspec" xml:space="preserve" type="inline">
                    <doc1/>
                </x:document><x:document xml:base="file:/home/jostein/xprocspec/xprocspec/src/test/xprocspec/tests/input-2.xprocspec" xml:space="preserve" type="inline">
                    <doc2/>
                </x:document>
        </x:context><x:expect type="count" label="there must be two documents on the input port" min="2" max="2" contextref="context0"/><x:context label="the output" id="context1">
            <x:document xml:base="file:/home/jostein/xprocspec/xprocspec/src/test/xprocspec/tests/input-2.xprocspec" xml:space="preserve" type="inline"><doc1 xmlns:ex="http://example.net/ns"/></x:document><x:document xml:base="file:/home/jostein/xprocspec/xprocspec/src/test/xprocspec/tests/input-2.xprocspec" xml:space="preserve" type="inline"><doc2 xmlns:ex="http://example.net/ns"/></x:document>
        </x:context><x:expect type="count" label="there must be two documents on the output port" min="2" max="2" contextref="context1"/></x:scenario><x:output port="result.document.primary"><x:document xml:base="file:/home/jostein/xprocspec/xprocspec/src/test/xprocspec/tests/input-2.xprocspec" xml:space="preserve" type="inline">
            <source.document.primary.default xmlns:ex="http://example.net/ns"/>
        </x:document></x:output><x:output port="result.document.secondary.sequence"><x:document xml:base="file:/home/jostein/xprocspec/xprocspec/src/test/xprocspec/tests/input-2.xprocspec" xml:space="preserve" type="inline"><doc1 xmlns:e="http://example.net/ns" xmlns:ex="http://example.net/ns"/></x:document><x:document xml:base="file:/home/jostein/xprocspec/xprocspec/src/test/xprocspec/tests/input-2.xprocspec" xml:space="preserve" type="inline"><doc2 xmlns:e="http://example.net/ns" xmlns:ex="http://example.net/ns"/></x:document></x:output><x:output port="result.document.secondary.select-children"><x:document xml:base="file:/home/jostein/xprocspec/xprocspec/src/test/xprocspec/steps/identity.xpl" xml:space="preserve" type="inline"><default xmlns:ex="http://example.net/ns"/></x:document><x:document xml:base="file:/home/jostein/xprocspec/xprocspec/src/test/xprocspec/steps/identity.xpl" xml:space="preserve" type="inline"><default xmlns:ex="http://example.net/ns"/></x:document></x:output><x:output port="result.parameter.primary"><x:document xml:base="file:/home/jostein/xprocspec/xprocspec/src/test/xprocspec/steps/identity.xpl" xml:space="preserve" type="inline"><c:param-set/></x:document></x:output><x:output port="options"><x:document xml:base="file:/home/jostein/xprocspec/xprocspec/src/test/xprocspec/steps/identity.xpl" xml:space="preserve" type="inline">
                <c:options xmlns:ex="http://example.net/ns">
                    
                    <c:option name="option.required" value=""/>
                    <c:option name="option.default" value="default"/>
                </c:options>
            </x:document></x:output><x:test-result xmlns:e="http://example.net/ns" type="count" label="the step should execute successfully without throwing any errors" max="0" contextref="errors" result="passed">
                                                        <x:expected>At most 0 documents.</x:expected>
                                                    <x:was>0</x:was></x:test-result><x:test-result xmlns:e="http://example.net/ns" type="count" label="there must be two documents on the input port" min="2" max="2" contextref="context0" result="passed">
                                                        <x:expected>At least 2 and at most 2 documents.</x:expected>
                                                    <x:was>2</x:was></x:test-result><x:test-result xmlns:e="http://example.net/ns" type="count" label="there must be two documents on the output port" min="2" max="2" contextref="context1" result="passed">
                                                        <x:expected>At least 2 and at most 2 documents.</x:expected>
                                                    <x:was>2</x:was></x:test-result></x:description></x:test-report></x:document></x:output><x:output port="html"><x:document xml:base="file:/home/jostein/xprocspec/xprocspec/src/main/resources/content/xml/xproc/report/report-template.xhtml" xml:space="preserve" type="inline"><html xmlns="http://www.w3.org/1999/xhtml"><head><title>Test Report for file:/home/jostein/xprocspec/xprocspec/src/test/xprocspec/tests/input-2.xprocspec (passed:3 / pending:0 / failed:0 / errors:0 / total:3)</title>
        <meta charset="utf-8"/>
        <style type="text/css" xml:space="preserve">/**/
/****************************************************************************/
/*  File:       test-report.css                                             */
/*  Author:     Jeni Tennsion                                               */
/*  URI:        http://xspec.googlecode.com/                                */
/*  Tags:                                                                   */
/*    Copyright (c) 2008, 2010 Jeni Tennsion (see end of file.)             */
/* ------------------------------------------------------------------------ */


/* test */

/* box model */

body {
	margin-right: 1em;
	/*margin-left: 10%;*/
	}

h1 {
	padding: 0.3em 0.5em 0.3em 0.5em;
	position: relative;
	}

h2 {
	padding: 0.1em 0.5em 0.2em 0.5em;
	}

h3 {
	padding-left: 0.6em;
	}

h4 {
	padding-left: 0.8em;
	}

p, table {
	/*margin-left: 5%;*/
	}

dd ul, dd ol {
	margin-left: 0%;
	}

li ul, li ol {
	/*margin-left: 5%;*/
	}

dl, ul, ol, blockquote {
	/*margin-left: 10%;*/
	}

dt {
  padding-top: 3px;
  padding-bottom: 3px;
	clear: both;
	}

dd p {
	/*margin-left: -5px;*/
	margin-top: 5px;
	clear: both;
	}

p.link {
	margin-top: 4px;
	margin-bottom: 0px;
	clear: both;
	}

tr td, td p, li, li p {
	margin-left: 0%;
	}

td:nth-child(2) {
	padding-left: 5%;
	}

.link img, dt img {
	vertical-align: middle;
	position: relative;
	top: -5px;
	}

img {
	position: relative;
	}

#xml-link {
	position: absolute;
	left: 5px;
	top: 5px;
	width: 10%;
	margin-left: 0%;
	}

#link-up {
	position: absolute;
	left: 93%;
	right: 2em;
	top: 0.3em;
	}

#link-top {
	position: absolute;
	left: 89%;
	right: 4em;
	top: 0.3em;
	}
	
.popup {
	display: block;
	visibility: hidden;
	float: right;
	position: absolute;
	top: 5px;
	left: -200px;
	z-index: 1;
	padding: 0.3em;
	width: 220px;
	}

.note {
	position: relative;
	}

.post {
	/*margin-left: 5%;*/
	padding-top: 1em;
	}
	
.example, .sidebar {
  /*margin-left: 5%;*/
  margin-top: 1em;
  margin-bottom: 1em;
  }

/*pre {
	padding-left: 5%;
	margin-left: 5%;
	}*/

/*dd pre, li pre {
	padding-left: 5%;
	}*/

/* fonts */
/* Oxygen  */
body, table {
    font-family:arial, helvetica, sans-serif;
    font-size:12px;
}
/* Oxygen  */

/*body {
	font-family: Verdana, arial, sans-serif;
	font-size: small;
	}*/	

/*h1, h2, h3, h4, h5, h6 {
	font-family: 'trebuchet MS', arial, sans-serif;
	}*/

h1 {
	font-size: 173%;
	font-weight: bold;
	}

h2 {
	font-size: 144%;
	font-weight: normal;
	}

h3 {
	font-size: 120%;
	font-weight: normal;
	}

h4 {
  font-size: 100%;
  font-weight: bold;
}

dt {
	font-weight: bold;
	}

a:link, a:visited, a:active, a:hover {
	font-weight: bold;
	}

a.offsite:link, a.offsite:visited, a.offsite:active, a.offsite:hover {
	font-weight: normal;
	}

/* suppress the normal italics */
address {
	font-style: normal;
	}

div.example, .sidebar {
  font-family: Verdana, arial, sans-serif;
  font-size: 100%;
  }


.note, .link {
	font-family: Verdana, arial, sans-serif;
	/*font-size: 83%;*/
	}

/*.example, .string, .rtf, .code, pre, code {
	font-family: "Lucida Console", "Courier New", monospace;*/
  /*font-size: 83%;*/
/*	}*/

.boolean {
	font-style: italic;
	}

#colophon, #xml-link {
	font-size: 69%;
	}

.question, .title {
	font-weight: bold;
	}

/* colours */
body {
	background-color: white;
	color: black;
	border: 0px none black;
	}

/* this is to make Navigator fill the entire line */
h1, h2 {
	border: 1px solid white;
	width: auto;
	}

h1 {
	/*background: #606;*/
	/*color: #6F6;*/
	}

h2 {
	color: #606;
	/*background: #CFC;*/
	}

hr {
	color: #606;
	background: white;
	}

img, a:link img, a:visited img, a:hover img, a:active img, #link-up img, #link-top img {
	border: 0px none white;
	background: transparent;
	}

/* OXYGEN */
a, a:visited {
    color:rgb(0, 0, 150);
    background-color:inherit;
    font-weight: bold;
}
a:link, a:visited {
    text-decoration:none; 
}
a:hover {
    text-decoration:underline;
}

/* OXYGEN */

a.img:hover, a.img:active {
	background: transparent;
	}

#colophon, #xml-link, .note {
	color: #666;
	}

#colophon a:link, #colophon a:visited, #colophon a:hover,
#xml-link a:link, #xml-link a:visited, #xml-link a:hover,
.note a:link, .note a:visited, .note a:hover {
	color: #969;
	background: transparent;
	}

#colophon a:hover, #xml-link a:hover, .note a:hover {
	background: #CFC;
	color: #969;
	}

.popup {
	background: white;
	border: 1px solid #606;
	}

.post {
	border-top: 2px solid #606;
	}
	
.example {
  border-top: 2px solid #606;
  border-bottom: 2px solid #606;
  }
  
.sidebar {
  border-top: 2px solid #090;
  border-bottom: 2px solid #090;
  }
  
.rng {
  border-left: 2px solid #666;
  }

.same {
  background-color: rgb(206, 239, 174);
}

.diff {
  background-color: #FCC;
}

.whitespace {
	font-style: italic;
	color: #999;
	background: white;
}

.ignored {
  font-style: italic;
  color: #999;
  background: white;
}

.hit {
}

.missed {
  background-color: #A33;
  color: white;
}

/* text */
ol ol li {
	list-style: lower-alpha;
	}

th {
	text-align: left;
	}

td {
	vertical-align: top;
	}

h1 {
	text-transform: uppercase;
	}

h2, h3 {
	/*text-transform: capitalize;*/
	}

.question {
	text-indent: -33px;
	}

.byline {
	text-align: right;
	}

#link-top, #link-up {
	text-align: right;
	}

a {
	text-decoration: none;
	}

table { width: 85%;
        /* border: collapse; */ }

th { text-align: left; }

.xspec tbody th { font-weight: normal; /*font-size: 0.8em;*/ border-top: 1px #666 solid; }
.xspec tbody td { /*font-size: 0.8em;*/ color: #666; }

.successful.label th, .successful.label td { background-color: #CFC; }
.pending.label th, .pending.label td { background-color: #DDD; color: #666; }
.failed.label th, .failed.label td { background-color: #FCC; }
.error.label th, .error.label td { background-color: #FAA; }
/*body &gt; table tbody .failed.label th:first-child:before {content:url(data:image/png;base64,iVBORw0KGgoAAAANSUhEUgAAAAwAAAAMCAYAAABWdVznAAAAGXRFWHRTb2Z0d2FyZQBBZG9iZSBJbWFnZVJlYWR5ccllPAAAA2ZpVFh0WE1MOmNvbS5hZG9iZS54bXAAAAAAADw/eHBhY2tldCBiZWdpbj0i77u/IiBpZD0iVzVNME1wQ2VoaUh6cmVTek5UY3prYzlkIj8+IDx4OnhtcG1ldGEgeG1sbnM6eD0iYWRvYmU6bnM6bWV0YS8iIHg6eG1wdGs9IkFkb2JlIFhNUCBDb3JlIDUuMy1jMDExIDY2LjE0NTY2MSwgMjAxMi8wMi8wNi0xNDo1NjoyNyAgICAgICAgIj4gPHJkZjpSREYgeG1sbnM6cmRmPSJodHRwOi8vd3d3LnczLm9yZy8xOTk5LzAyLzIyLXJkZi1zeW50YXgtbnMjIj4gPHJkZjpEZXNjcmlwdGlvbiByZGY6YWJvdXQ9IiIgeG1sbnM6eG1wTU09Imh0dHA6Ly9ucy5hZG9iZS5jb20veGFwLzEuMC9tbS8iIHhtbG5zOnN0UmVmPSJodHRwOi8vbnMuYWRvYmUuY29tL3hhcC8xLjAvc1R5cGUvUmVzb3VyY2VSZWYjIiB4bWxuczp4bXA9Imh0dHA6Ly9ucy5hZG9iZS5jb20veGFwLzEuMC8iIHhtcE1NOk9yaWdpbmFsRG9jdW1lbnRJRD0ieG1wLmRpZDpCQjU0NjU4QjIyQTNFMTExQkI5Rjk5QkQ4RkQ5RUJFQiIgeG1wTU06RG9jdW1lbnRJRD0ieG1wLmRpZDpEQTUyOTdBQUEzRDUxMUUxQTQwN0YzMUI0Nzg3NDU1RSIgeG1wTU06SW5zdGFuY2VJRD0ieG1wLmlpZDpEQTUyOTdBOUEzRDUxMUUxQTQwN0YzMUI0Nzg3NDU1RSIgeG1wOkNyZWF0b3JUb29sPSJBZG9iZSBQaG90b3Nob3AgQ1M2IChXaW5kb3dzKSI+IDx4bXBNTTpEZXJpdmVkRnJvbSBzdFJlZjppbnN0YW5jZUlEPSJ4bXAuaWlkOjQ4MTZDRTNCRDVBM0UxMTFBQTI2QTBCMjZENzg1Qzg5IiBzdFJlZjpkb2N1bWVudElEPSJ4bXAuZGlkOkJCNTQ2NThCMjJBM0UxMTFCQjlGOTlCRDhGRDlFQkVCIi8+IDwvcmRmOkRlc2NyaXB0aW9uPiA8L3JkZjpSREY+IDwveDp4bXBtZXRhPiA8P3hwYWNrZXQgZW5kPSJyIj8+aHNJrgAAAZ1JREFUeNpsUssrRGEU/907985YMDPNYlh4hbKZPMdgR3aysrGSSFIeKyUKpewoRTYkmcgCf4MsMI2FPDYGKeUZSoru4/uc82VC+W7fOeee+zvn/M45V1uuyCmVwDogq0hDklD6jy1dspNkdxokVrIzPFUh0/MD5OdXoJDwPFtu3d2ns6TTp9oggTlFZlmN0o4AHMmXfJGo0lmGzoE1OgmNHf5YA8rmN5HfM6wADmUuHphA9cIW/JX1yiek9DIlyijxkNjBzXYche19gNcHzfShoLUdVxtLuD/cYzCoMAzCwqYrhMDx9Chs20JRWzf4nMcXcDI3pYAqQHIAtWUJbpKursMMhpA+RiAEGzpc4X5XkDB4GjaHmiZik/PIa2rBEWVlSuW9Q+T3YndskBi46QpQFcLltchtbEZyZhxna4uKhmV9Ito/gtPNOG4P99WItdlIWARNXWOAv6AEr9cplel7/ggUleDlMqUSvNnCobHKxDsNnqs8XaWUZopp/XhxTkOR+HDVOveYUge9rNLyY9SU9v+vwXuUB2R0fQkwABfn/VKSjTLBAAAAAElFTkSuQmCC) " "}*/
/*body &gt; table tbody .error.label th:first-child:before {content:url(data:image/png;base64,iVBORw0KGgoAAAANSUhEUgAAAAwAAAAMCAYAAABWdVznAAAABmJLR0QAAAAAAAD5Q7t/AAAACXBIWXMAAAsTAAALEwEAmpwYAAAAB3RJTUUH3QcKER4AdkxvvQAAAdVJREFUKM89kM9KG0EAh7/JTHazZInEQwJ68KIWLx6Etj6EjxAobYSsD+BjCJ682EOp0FMueYmS0FMICF4i6tFNzJ/dyRh2Znoo6Xf+Pn7wEzc3Nx/W6/UvY8xJnudkWYa1Fu893nviOCaKIhuG4R/v/Ve1Xq9/bG1tnezs7JDnOVpr3t/fcc4hpaRSqVCpVORqtTp9e3v7rrTWn5vNJpPJhHK5zHg8JssyvPeEYcjR0RFpmlKr1ZjP5x9Li8VCbOR2u83BwQEvLy88PT1xfHzMxcUFQgjSNCXLskDlec5sNuPx8REpJZ1Oh+fnZ4QQnJ+fc319Tb/fZ29vD601SmvNdDplsVhwe3vLaDTi6uoKgCRJGAwGNBoNXl9fMcZQcs5hjGG1WpHnObVajQ3VahWtNcYYjDE451Cb+7z3JElCkiScnZ0hpaTX67G7u0u328V7/y+oVqsIITg8PKTT6dBqtRgOhzjnaLVa3N3dcX9/z3K5JI5jxOXlpSuKQqRpirWWh4eH//Plcpn9/X2cc2xvb1MqlQqllBpYa0/jOGYymdBsNsmyDOccURRRFAX1eh2lFGEY/lZBEHyx1v703n8KgkBEUYSUEu/9RkIIUQRB0A/D8NtflUT+nn4OS+0AAAAASUVORK5CYII=) " "}*/
.failed.label th:first-child:before, .failed.label td:first-child:before {content:url(data:image/png;base64,iVBORw0KGgoAAAANSUhEUgAAAAwAAAAMCAYAAABWdVznAAAAGXRFWHRTb2Z0d2FyZQBBZG9iZSBJbWFnZVJlYWR5ccllPAAAA2ZpVFh0WE1MOmNvbS5hZG9iZS54bXAAAAAAADw/eHBhY2tldCBiZWdpbj0i77u/IiBpZD0iVzVNME1wQ2VoaUh6cmVTek5UY3prYzlkIj8+IDx4OnhtcG1ldGEgeG1sbnM6eD0iYWRvYmU6bnM6bWV0YS8iIHg6eG1wdGs9IkFkb2JlIFhNUCBDb3JlIDUuMy1jMDExIDY2LjE0NTY2MSwgMjAxMi8wMi8wNi0xNDo1NjoyNyAgICAgICAgIj4gPHJkZjpSREYgeG1sbnM6cmRmPSJodHRwOi8vd3d3LnczLm9yZy8xOTk5LzAyLzIyLXJkZi1zeW50YXgtbnMjIj4gPHJkZjpEZXNjcmlwdGlvbiByZGY6YWJvdXQ9IiIgeG1sbnM6eG1wTU09Imh0dHA6Ly9ucy5hZG9iZS5jb20veGFwLzEuMC9tbS8iIHhtbG5zOnN0UmVmPSJodHRwOi8vbnMuYWRvYmUuY29tL3hhcC8xLjAvc1R5cGUvUmVzb3VyY2VSZWYjIiB4bWxuczp4bXA9Imh0dHA6Ly9ucy5hZG9iZS5jb20veGFwLzEuMC8iIHhtcE1NOk9yaWdpbmFsRG9jdW1lbnRJRD0ieG1wLmRpZDpCQjU0NjU4QjIyQTNFMTExQkI5Rjk5QkQ4RkQ5RUJFQiIgeG1wTU06RG9jdW1lbnRJRD0ieG1wLmRpZDpEQTUyOTdBQUEzRDUxMUUxQTQwN0YzMUI0Nzg3NDU1RSIgeG1wTU06SW5zdGFuY2VJRD0ieG1wLmlpZDpEQTUyOTdBOUEzRDUxMUUxQTQwN0YzMUI0Nzg3NDU1RSIgeG1wOkNyZWF0b3JUb29sPSJBZG9iZSBQaG90b3Nob3AgQ1M2IChXaW5kb3dzKSI+IDx4bXBNTTpEZXJpdmVkRnJvbSBzdFJlZjppbnN0YW5jZUlEPSJ4bXAuaWlkOjQ4MTZDRTNCRDVBM0UxMTFBQTI2QTBCMjZENzg1Qzg5IiBzdFJlZjpkb2N1bWVudElEPSJ4bXAuZGlkOkJCNTQ2NThCMjJBM0UxMTFCQjlGOTlCRDhGRDlFQkVCIi8+IDwvcmRmOkRlc2NyaXB0aW9uPiA8L3JkZjpSREY+IDwveDp4bXBtZXRhPiA8P3hwYWNrZXQgZW5kPSJyIj8+aHNJrgAAAZ1JREFUeNpsUssrRGEU/907985YMDPNYlh4hbKZPMdgR3aysrGSSFIeKyUKpewoRTYkmcgCf4MsMI2FPDYGKeUZSoru4/uc82VC+W7fOeee+zvn/M45V1uuyCmVwDogq0hDklD6jy1dspNkdxokVrIzPFUh0/MD5OdXoJDwPFtu3d2ns6TTp9oggTlFZlmN0o4AHMmXfJGo0lmGzoE1OgmNHf5YA8rmN5HfM6wADmUuHphA9cIW/JX1yiek9DIlyijxkNjBzXYche19gNcHzfShoLUdVxtLuD/cYzCoMAzCwqYrhMDx9Chs20JRWzf4nMcXcDI3pYAqQHIAtWUJbpKursMMhpA+RiAEGzpc4X5XkDB4GjaHmiZik/PIa2rBEWVlSuW9Q+T3YndskBi46QpQFcLltchtbEZyZhxna4uKhmV9Ito/gtPNOG4P99WItdlIWARNXWOAv6AEr9cplel7/ggUleDlMqUSvNnCobHKxDsNnqs8XaWUZopp/XhxTkOR+HDVOveYUge9rNLyY9SU9v+vwXuUB2R0fQkwABfn/VKSjTLBAAAAAElFTkSuQmCC) " "}
.error.label th:first-child:before, .error.label td:first-child:before {content:url(data:image/png;base64,iVBORw0KGgoAAAANSUhEUgAAAAwAAAAMCAYAAABWdVznAAAABmJLR0QAAAAAAAD5Q7t/AAAACXBIWXMAAAsTAAALEwEAmpwYAAAAB3RJTUUH3QcKER4AdkxvvQAAAdVJREFUKM89kM9KG0EAh7/JTHazZInEQwJ68KIWLx6Etj6EjxAobYSsD+BjCJ682EOp0FMueYmS0FMICF4i6tFNzJ/dyRh2Znoo6Xf+Pn7wEzc3Nx/W6/UvY8xJnudkWYa1Fu893nviOCaKIhuG4R/v/Ve1Xq9/bG1tnezs7JDnOVpr3t/fcc4hpaRSqVCpVORqtTp9e3v7rrTWn5vNJpPJhHK5zHg8JssyvPeEYcjR0RFpmlKr1ZjP5x9Li8VCbOR2u83BwQEvLy88PT1xfHzMxcUFQgjSNCXLskDlec5sNuPx8REpJZ1Oh+fnZ4QQnJ+fc319Tb/fZ29vD601SmvNdDplsVhwe3vLaDTi6uoKgCRJGAwGNBoNXl9fMcZQcs5hjGG1WpHnObVajQ3VahWtNcYYjDE451Cb+7z3JElCkiScnZ0hpaTX67G7u0u328V7/y+oVqsIITg8PKTT6dBqtRgOhzjnaLVa3N3dcX9/z3K5JI5jxOXlpSuKQqRpirWWh4eH//Plcpn9/X2cc2xvb1MqlQqllBpYa0/jOGYymdBsNsmyDOccURRRFAX1eh2lFGEY/lZBEHyx1v703n8KgkBEUYSUEu/9RkIIUQRB0A/D8NtflUT+nn4OS+0AAAAASUVORK5CYII=) " "}
.pending.label th:first-child:before, .pending.label td:first-child:before {content:url(data:image/png;base64,iVBORw0KGgoAAAANSUhEUgAAAAwAAAAMCAYAAABWdVznAAAAGXRFWHRTb2Z0d2FyZQBBZG9iZSBJbWFnZVJlYWR5ccllPAAAA2ZpVFh0WE1MOmNvbS5hZG9iZS54bXAAAAAAADw/eHBhY2tldCBiZWdpbj0i77u/IiBpZD0iVzVNME1wQ2VoaUh6cmVTek5UY3prYzlkIj8+IDx4OnhtcG1ldGEgeG1sbnM6eD0iYWRvYmU6bnM6bWV0YS8iIHg6eG1wdGs9IkFkb2JlIFhNUCBDb3JlIDUuMy1jMDExIDY2LjE0NTY2MSwgMjAxMi8wMi8wNi0xNDo1NjoyNyAgICAgICAgIj4gPHJkZjpSREYgeG1sbnM6cmRmPSJodHRwOi8vd3d3LnczLm9yZy8xOTk5LzAyLzIyLXJkZi1zeW50YXgtbnMjIj4gPHJkZjpEZXNjcmlwdGlvbiByZGY6YWJvdXQ9IiIgeG1sbnM6eG1wTU09Imh0dHA6Ly9ucy5hZG9iZS5jb20veGFwLzEuMC9tbS8iIHhtbG5zOnN0UmVmPSJodHRwOi8vbnMuYWRvYmUuY29tL3hhcC8xLjAvc1R5cGUvUmVzb3VyY2VSZWYjIiB4bWxuczp4bXA9Imh0dHA6Ly9ucy5hZG9iZS5jb20veGFwLzEuMC8iIHhtcE1NOk9yaWdpbmFsRG9jdW1lbnRJRD0ieG1wLmRpZDpCQjU0NjU4QjIyQTNFMTExQkI5Rjk5QkQ4RkQ5RUJFQiIgeG1wTU06RG9jdW1lbnRJRD0ieG1wLmRpZDpDODdDM0Y0QUEzRDUxMUUxQjk5N0MzQjVFRDMyQUE1MiIgeG1wTU06SW5zdGFuY2VJRD0ieG1wLmlpZDpDODdDM0Y0OUEzRDUxMUUxQjk5N0MzQjVFRDMyQUE1MiIgeG1wOkNyZWF0b3JUb29sPSJBZG9iZSBQaG90b3Nob3AgQ1M2IChXaW5kb3dzKSI+IDx4bXBNTTpEZXJpdmVkRnJvbSBzdFJlZjppbnN0YW5jZUlEPSJ4bXAuaWlkOjQ4MTZDRTNCRDVBM0UxMTFBQTI2QTBCMjZENzg1Qzg5IiBzdFJlZjpkb2N1bWVudElEPSJ4bXAuZGlkOkJCNTQ2NThCMjJBM0UxMTFCQjlGOTlCRDhGRDlFQkVCIi8+IDwvcmRmOkRlc2NyaXB0aW9uPiA8L3JkZjpSREY+IDwveDp4bXBtZXRhPiA8P3hwYWNrZXQgZW5kPSJyIj8+yj6RYgAAAPZJREFUeNp0kM8KgkAQxmc1E0Wfo3vQn5eRSDx4EUHwbTpEhx4lil7DiydBQUFXp5nAMNsGhpnd/X77za4Iw3CFiFcAWFMFDkXtKZ/UHhfUnB3HWdu2/REpAL2u631ZlicGdpZlwTAMSmBM0zS5bhgQLB5FU3AOUS4XvNn3vVKgAACCIMA0TbFpGsyyDJMkefdFUWAcx1hVFeZ5jlEUoed5qPEI7KDrOhiG8e6llNC27Zcz77FW+L6Pruv+WKtGIzfgR39umv/UHOJgAMlO/BPOXCQDD5p3r2ma8lvHNU9BcWPg0HXdhRZbOhRT8aSXVO9U/ZcAAwAsmjsSQcM0lwAAAABJRU5ErkJggg==) " ";}
.successful.label th:first-child:before, .successful.label td:first-child:before {content:url(data:image/png;base64,iVBORw0KGgoAAAANSUhEUgAAAAwAAAAMCAYAAABWdVznAAAAGXRFWHRTb2Z0d2FyZQBBZG9iZSBJbWFnZVJlYWR5ccllPAAAA2ZpVFh0WE1MOmNvbS5hZG9iZS54bXAAAAAAADw/eHBhY2tldCBiZWdpbj0i77u/IiBpZD0iVzVNME1wQ2VoaUh6cmVTek5UY3prYzlkIj8+IDx4OnhtcG1ldGEgeG1sbnM6eD0iYWRvYmU6bnM6bWV0YS8iIHg6eG1wdGs9IkFkb2JlIFhNUCBDb3JlIDUuMy1jMDExIDY2LjE0NTY2MSwgMjAxMi8wMi8wNi0xNDo1NjoyNyAgICAgICAgIj4gPHJkZjpSREYgeG1sbnM6cmRmPSJodHRwOi8vd3d3LnczLm9yZy8xOTk5LzAyLzIyLXJkZi1zeW50YXgtbnMjIj4gPHJkZjpEZXNjcmlwdGlvbiByZGY6YWJvdXQ9IiIgeG1sbnM6eG1wTU09Imh0dHA6Ly9ucy5hZG9iZS5jb20veGFwLzEuMC9tbS8iIHhtbG5zOnN0UmVmPSJodHRwOi8vbnMuYWRvYmUuY29tL3hhcC8xLjAvc1R5cGUvUmVzb3VyY2VSZWYjIiB4bWxuczp4bXA9Imh0dHA6Ly9ucy5hZG9iZS5jb20veGFwLzEuMC8iIHhtcE1NOk9yaWdpbmFsRG9jdW1lbnRJRD0ieG1wLmRpZDpCQjU0NjU4QjIyQTNFMTExQkI5Rjk5QkQ4RkQ5RUJFQiIgeG1wTU06RG9jdW1lbnRJRD0ieG1wLmRpZDpEMDVBNThBQUEzRDUxMUUxQjdCQkM2QUNBMTNBMDExNiIgeG1wTU06SW5zdGFuY2VJRD0ieG1wLmlpZDpEMDVBNThBOUEzRDUxMUUxQjdCQkM2QUNBMTNBMDExNiIgeG1wOkNyZWF0b3JUb29sPSJBZG9iZSBQaG90b3Nob3AgQ1M2IChXaW5kb3dzKSI+IDx4bXBNTTpEZXJpdmVkRnJvbSBzdFJlZjppbnN0YW5jZUlEPSJ4bXAuaWlkOjQ4MTZDRTNCRDVBM0UxMTFBQTI2QTBCMjZENzg1Qzg5IiBzdFJlZjpkb2N1bWVudElEPSJ4bXAuZGlkOkJCNTQ2NThCMjJBM0UxMTFCQjlGOTlCRDhGRDlFQkVCIi8+IDwvcmRmOkRlc2NyaXB0aW9uPiA8L3JkZjpSREY+IDwveDp4bXBtZXRhPiA8P3hwYWNrZXQgZW5kPSJyIj8+xJ3YrgAAAYBJREFUeNpsUrtKA1EQPZtdY4gEQiD4QCsLEVGX4CP4AykEq1hYiGghCDZ+gBZWVtrZ+EAjaGOhfoAkNiaKhYWICilMEQNqoYjZ5O4d5+6ucQuLM3funDNzD7OrLe229YBwSKAEnyAP/pyIbL5fcz5rcNiLtuqJSEz3ickn5ruE/vFmJ9/LYjvAldGWqA7bJkgPtoAHQrS5G6NdiwhFWCoxHOCgKUL+iurkCBVawyamE8d4qmSZ51clBZUlh+RG14JzEsJNcaTNLVwWd1B6vXXqkmGoYNeVUPnW3JNr4+YarPoncvebEAKNekAlokaY6N/A1NA+SBgY6Eijtz2Fs5sVWNWawysorWNJsO+q9QWzaxLTYwfojA3isZzDfSnrWvTsNiyp7pOrZURC7ejrTDEpcVpY9ab+NSioLZEiapZA5nwBxZcC8g9HeK7ccYM7TDnwmoU2vx6/NIJaUjc0b0u8YvJNle5HdJvlhbI0Y31ThqsjTGr0/+8hOOQ5nfsRYACtHiy+FDd82wAAAABJRU5ErkJggg==) " "}
/*.successful.label a:before {content:url(data:image/png;base64,iVBORw0KGgoAAAANSUhEUgAAAAwAAAAMCAYAAABWdVznAAAAGXRFWHRTb2Z0d2FyZQBBZG9iZSBJbWFnZVJlYWR5ccllPAAAA2ZpVFh0WE1MOmNvbS5hZG9iZS54bXAAAAAAADw/eHBhY2tldCBiZWdpbj0i77u/IiBpZD0iVzVNME1wQ2VoaUh6cmVTek5UY3prYzlkIj8+IDx4OnhtcG1ldGEgeG1sbnM6eD0iYWRvYmU6bnM6bWV0YS8iIHg6eG1wdGs9IkFkb2JlIFhNUCBDb3JlIDUuMy1jMDExIDY2LjE0NTY2MSwgMjAxMi8wMi8wNi0xNDo1NjoyNyAgICAgICAgIj4gPHJkZjpSREYgeG1sbnM6cmRmPSJodHRwOi8vd3d3LnczLm9yZy8xOTk5LzAyLzIyLXJkZi1zeW50YXgtbnMjIj4gPHJkZjpEZXNjcmlwdGlvbiByZGY6YWJvdXQ9IiIgeG1sbnM6eG1wTU09Imh0dHA6Ly9ucy5hZG9iZS5jb20veGFwLzEuMC9tbS8iIHhtbG5zOnN0UmVmPSJodHRwOi8vbnMuYWRvYmUuY29tL3hhcC8xLjAvc1R5cGUvUmVzb3VyY2VSZWYjIiB4bWxuczp4bXA9Imh0dHA6Ly9ucy5hZG9iZS5jb20veGFwLzEuMC8iIHhtcE1NOk9yaWdpbmFsRG9jdW1lbnRJRD0ieG1wLmRpZDpCQjU0NjU4QjIyQTNFMTExQkI5Rjk5QkQ4RkQ5RUJFQiIgeG1wTU06RG9jdW1lbnRJRD0ieG1wLmRpZDpEMDVBNThBQUEzRDUxMUUxQjdCQkM2QUNBMTNBMDExNiIgeG1wTU06SW5zdGFuY2VJRD0ieG1wLmlpZDpEMDVBNThBOUEzRDUxMUUxQjdCQkM2QUNBMTNBMDExNiIgeG1wOkNyZWF0b3JUb29sPSJBZG9iZSBQaG90b3Nob3AgQ1M2IChXaW5kb3dzKSI+IDx4bXBNTTpEZXJpdmVkRnJvbSBzdFJlZjppbnN0YW5jZUlEPSJ4bXAuaWlkOjQ4MTZDRTNCRDVBM0UxMTFBQTI2QTBCMjZENzg1Qzg5IiBzdFJlZjpkb2N1bWVudElEPSJ4bXAuZGlkOkJCNTQ2NThCMjJBM0UxMTFCQjlGOTlCRDhGRDlFQkVCIi8+IDwvcmRmOkRlc2NyaXB0aW9uPiA8L3JkZjpSREY+IDwveDp4bXBtZXRhPiA8P3hwYWNrZXQgZW5kPSJyIj8+xJ3YrgAAAYBJREFUeNpsUrtKA1EQPZtdY4gEQiD4QCsLEVGX4CP4AykEq1hYiGghCDZ+gBZWVtrZ+EAjaGOhfoAkNiaKhYWICilMEQNqoYjZ5O4d5+6ucQuLM3funDNzD7OrLe229YBwSKAEnyAP/pyIbL5fcz5rcNiLtuqJSEz3ickn5ruE/vFmJ9/LYjvAldGWqA7bJkgPtoAHQrS5G6NdiwhFWCoxHOCgKUL+iurkCBVawyamE8d4qmSZ51clBZUlh+RG14JzEsJNcaTNLVwWd1B6vXXqkmGoYNeVUPnW3JNr4+YarPoncvebEAKNekAlokaY6N/A1NA+SBgY6Eijtz2Fs5sVWNWawysorWNJsO+q9QWzaxLTYwfojA3isZzDfSnrWvTsNiyp7pOrZURC7ejrTDEpcVpY9ab+NSioLZEiapZA5nwBxZcC8g9HeK7ccYM7TDnwmoU2vx6/NIJaUjc0b0u8YvJNle5HdJvlhbI0Y31ThqsjTGr0/+8hOOQ5nfsRYACtHiy+FDd82wAAAABJRU5ErkJggg==) " "}*/

.xspecResult { width: 90%; table-layout: fixed; }

.xspecResult td,
.xspecResult th { width: 50%; }

/*.xspecResult pre { 
  margin-left: 0; 
  padding: 0.5em; 
  overflow: auto; 
  border: 1px #999 dotted;
}*/

span.scenario-totals {float: right; width: 14.5%; text-align: left}

/* OXYGEN */
span.scenario-totals {float: right; width: 34.5%; text-align: right}

h2.failed {
    background-color: #FCC;
}

h1, h2 {
    width: 86%;
    /*margin-left: 3%;*/
    
    font-size:1.4em;
    font-weight:bold;
    text-align:left;
    margin-top:1.4em;
    margin-bottom:0.7em;
    color:#333333;
    background-color:inherit;
}

h1 {
    font-size:1.7em;
}

body &gt; h1:first-child:before {
    content:"XSLT UNIT ";
}

body &gt; h2:first-of-type {
    font-size:1.7em;
}

div &gt; table &gt; tbody &gt; tr &gt; th:first-child {
    font-weight:bold;
}

div &gt; h3 {
    font-weight:bold;
    /*margin-left: 3%;*/
}

div &gt; h4 {
    font-weight:normal;
    /*margin-left: 4%;*/
}

th.result { text-align: center; }
/* OXYGEN */


/* ------------------------------------------------------------------------ */
/*  DO NOT ALTER OR REMOVE COPYRIGHT NOTICES OR THIS COMMENT.               */
/*                                                                          */
/*  Copyright (c) 2008, 2010 Jeni Tennsion                                  */
/*                                                                          */
/*  The contents of this file are subject to the MIT License (see the URI   */
/*  http://www.opensource.org/licenses/mit-license.php for details).        */
/*                                                                          */
/*  Permission is hereby granted, free of charge, to any person obtaining   */
/*  a copy of this software and associated documentation files (the         */
/*  "Software"), to deal in the Software without restriction, including     */
/*  without limitation the rights to use, copy, modify, merge, publish,     */
/*  distribute, sublicense, and/or sell copies of the Software, and to      */
/*  permit persons to whom the Software is furnished to do so, subject to   */
/*  the following conditions:                                               */
/*                                                                          */
/*  The above copyright notice and this permission notice shall be          */
/*  included in all copies or substantial portions of the Software.         */
/*                                                                          */
/*  THE SOFTWARE IS PROVIDED "AS IS", WITHOUT WARRANTY OF ANY KIND,         */
/*  EXPRESS OR IMPLIED, INCLUDING BUT NOT LIMITED TO THE WARRANTIES OF      */
/*  MERCHANTABILITY, FITNESS FOR A PARTICULAR PURPOSE AND NONINFRINGEMENT.  */
/*  IN NO EVENT SHALL THE AUTHORS OR COPYRIGHT HOLDERS BE LIABLE FOR ANY    */
/*  CLAIM, DAMAGES OR OTHER LIABILITY, WHETHER IN AN ACTION OF CONTRACT,    */
/*  TORT OR OTHERWISE, ARISING FROM, OUT OF OR IN CONNECTION WITH THE       */
/*  SOFTWARE OR THE USE OR OTHER DEALINGS IN THE SOFTWARE.                  */
/* ------------------------------------------------------------------------ */

.nobr { white-space: nowrap; }
.scenario-label { text-indent: 0px; }
.context-label { text-indent: 10px; }
.test-label { text-indent: 20px; }
.pending-label { text-indent: 30px; }


        /**/</style>
    </head><body><h1>Test Report</h1><p>Script: <a href="file:/home/jostein/xprocspec/xprocspec/src/test/xprocspec/tests/input-2.xprocspec">file:/home/jostein/xprocspec/xprocspec/src/test/xprocspec/tests/input-2.xprocspec</a></p><p>Tested: 2013-12-02T14:36:10.412+01:00</p><h2>Contents</h2><table class="xspec"><col width="75%"/><col width="5%"/><col width="5%"/><col width="5%"/><col width="5%"/><col width="5%"/><thead><tr><th/><th class="result">passed:3</th><th class="result">pending:0</th><th class="result">failed:0</th><th class="result">errors:0</th><th class="result">total:3</th></tr></thead><tbody><tr class="successful label"><th><a href="#step1">ex:identity</a></th><th class="result">3</th><th class="result">0</th><th class="result">0</th><th class="result">0</th><th class="result">3</th></tr></tbody></table><div id="step1"><h2 class="successful">Calling: <a href="file:/home/jostein/xprocspec/xprocspec/src/test/xprocspec/steps/identity.xpl">ex:identity</a><span class="scenario-totals">passed:3 / pending:0 /
                                        failed:0 / errors:0 / total:3</span></h2><table class="xspec"><col width="80%"/><col width="20%"/><tbody><tr class="successful label"><th class="scenario-label">identity</th><th class="nobr">passed:3 / pending:0 / failed:0 / errors:0 / total:3</th></tr><tr class="successful label"><th class="context-label">errors</th><th class="nobr">passed:1 / pending:0 / failed:0 / errors:0 / total:1</th></tr><tr class="successful label"><td class="test-label">the step should execute successfully without throwing any errors</td><td>Success</td></tr><tr class="successful label"><th class="context-label">the input</th><th class="nobr">passed:1 / pending:0 / failed:0 / errors:0 / total:1</th></tr><tr class="successful label"><td class="test-label">there must be two documents on the input port</td><td>Success</td></tr><tr class="successful label"><th class="context-label">the output</th><th class="nobr">passed:1 / pending:0 / failed:0 / errors:0 / total:1</th></tr><tr class="successful label"><td class="test-label">there must be two documents on the output port</td><td>Success</td></tr></tbody></table></div><h2>Execution log</h2><table><thead><tr><th>Time</th><th>Severity</th><th>Message</th></tr></thead><tbody><tr style=""><td>0.000</td><td style="padding-left:0%;">INFO</td><td><code><pre>#### file:/home/jostein/xprocspec/xprocspec/src/test/xprocspec/tests/input-2.xprocspec ####</pre></code></td></tr><tr style=""><td>0.005</td><td style="padding-left:0%;">INFO</td><td><code><pre> * temporary directory: file:/tmp/xprocspec-20131202143557583/</pre></code></td></tr><tr style=""><td>0.011</td><td style="padding-left:0%;">INFO</td><td><code><pre>preprocessing...</pre></code></td></tr><tr style=""><td>0.026</td><td style="padding-left:0%;">INFO</td><td><code><pre> * checking for imports</pre></code></td></tr><tr style=""><td>0.032</td><td style="padding-left:0%;">INFO</td><td><code><pre> * checking file:/home/jostein/xprocspec/xprocspec/src/test/xprocspec/tests/input-2.xprocspec for imports</pre></code></td></tr><tr style=""><td>0.038</td><td style="padding-left:0%;">INFO</td><td><code><pre> * extracting step declarations from file:/home/jostein/xprocspec/xprocspec/src/test/xprocspec/steps/identity.xpl</pre></code></td></tr><tr style=""><td>0.044</td><td style="padding-left:0%;">INFO</td><td><code><pre> * tests reference 1 step</pre></code></td></tr><tr style=""><td>0.050</td><td style="padding-left:0%;">INFO</td><td><code><pre>   * step: e:identity</pre></code></td></tr><tr style=""><td>0.055</td><td style="padding-left:0%;">INFO</td><td><code><pre> * trying to load: file:/home/jostein/xprocspec/xprocspec/src/test/xprocspec/steps/identity.xpl</pre></code></td></tr><tr style=""><td>0.062</td><td style="padding-left:0%;">INFO</td><td><code><pre>   * success!</pre></code></td></tr><tr style=""><td>0.070</td><td style="padding-left:0%;">INFO</td><td><code><pre> * trying to extract the step declaration for {http://example.net/ns}identity from file:/home/jostein/xprocspec/xprocspec/src/test/xprocspec/steps/identity.xpl</pre></code></td></tr><tr style=""><td>0.084</td><td style="padding-left:0%;">INFO</td><td><code><pre> * creating a new x:description document for each x:scenario element with inferred inputs, options and parameters</pre></code></td></tr><tr style=""><td>0.099</td><td style="padding-left:0%;">INFO</td><td><code><pre> * validating output grammar</pre></code></td></tr><tr style=""><td>0.107</td><td style="padding-left:0%;">INFO</td><td><code><pre>compiling...</pre></code></td></tr><tr style=""><td>0.115</td><td style="padding-left:0%;">INFO</td><td><code><pre> * created directory using Calabash's cxf:mkdir</pre></code></td></tr><tr style=""><td>0.122</td><td style="padding-left:0%;">INFO</td><td><code><pre> * converting test 'test1' to XProc</pre></code></td></tr><tr style=""><td>0.136</td><td style="padding-left:0%;">INFO</td><td><code><pre>   * done</pre></code></td></tr><tr style=""><td>0.143</td><td style="padding-left:0%;">INFO</td><td><code><pre> * validating output grammar for file:/home/jostein/xprocspec/xprocspec/src/test/xprocspec/tests/input-2.xprocspec</pre></code></td></tr><tr style=""><td>0.151</td><td style="padding-left:0%;">INFO</td><td><code><pre>   * done!</pre></code></td></tr><tr style=""><td>0.158</td><td style="padding-left:0%;">INFO</td><td><code><pre> * using as temporary directory: file:/tmp/xprocspec-20131202143557583/xprocspec-20131202143610009/</pre></code></td></tr><tr style=""><td>0.164</td><td style="padding-left:0%;">INFO</td><td><code><pre>storing...</pre></code></td></tr><tr style=""><td>0.173</td><td style="padding-left:0%;">INFO</td><td><code><pre>running...</pre></code></td></tr><tr style=""><td>0.182</td><td style="padding-left:0%;">INFO</td><td><code><pre>   * loading 'file:/tmp/xprocspec-20131202143557583/test1.xpl'</pre></code></td></tr><tr style=""><td>0.239</td><td style="padding-left:0%;">INFO</td><td><code><pre>evaluating...</pre></code></td></tr><tr style=""><td>0.251</td><td style="padding-left:0%;">INFO</td><td><code><pre> * evaluating scenario 'identity' (file:/home/jostein/xprocspec/xprocspec/src/test/xprocspec/tests/input-2.xprocspec)</pre></code></td></tr><tr style=""><td>0.258</td><td style="padding-left:0%;">INFO</td><td><code><pre>   * resolving x:document elements...</pre></code></td></tr><tr style=""><td>0.275</td><td style="padding-left:0%;">INFO</td><td><code><pre>    * no errors occured</pre></code></td></tr><tr style=""><td>0.321</td><td style="padding-left:0%;">INFO</td><td><code><pre>   * grouping x:expect elements with their x:context...</pre></code></td></tr><tr style=""><td>0.330</td><td style="padding-left:0%;">INFO</td><td><code><pre>   * evaluating each context/expect group...</pre></code></td></tr><tr style=""><td>0.337</td><td style="padding-left:0%;">INFO</td><td><code><pre>     * setting context to 'errors'</pre></code></td></tr><tr style=""><td>0.344</td><td style="padding-left:0%;">INFO</td><td><code><pre>       * testing assertion 'the step should execute successfully without throwing any errors'</pre></code></td></tr><tr style=""><td>0.352</td><td style="padding-left:0%;">INFO</td><td><code><pre>         * is document count assertion</pre></code></td></tr><tr style=""><td>0.359</td><td style="padding-left:0%;">INFO</td><td><code><pre>         * assertion passed</pre></code></td></tr><tr style=""><td>0.369</td><td style="padding-left:0%;">INFO</td><td><code><pre>     * setting context to 'the input'</pre></code></td></tr><tr style=""><td>0.376</td><td style="padding-left:0%;">INFO</td><td><code><pre>       * testing assertion 'there must be two documents on the input port'</pre></code></td></tr><tr style=""><td>0.384</td><td style="padding-left:0%;">INFO</td><td><code><pre>         * is document count assertion</pre></code></td></tr><tr style=""><td>0.391</td><td style="padding-left:0%;">INFO</td><td><code><pre>         * assertion passed</pre></code></td></tr><tr style=""><td>0.400</td><td style="padding-left:0%;">INFO</td><td><code><pre>     * setting context to 'the output'</pre></code></td></tr><tr style=""><td>0.408</td><td style="padding-left:0%;">INFO</td><td><code><pre>       * testing assertion 'there must be two documents on the output port'</pre></code></td></tr><tr style=""><td>0.416</td><td style="padding-left:0%;">INFO</td><td><code><pre>         * is document count assertion</pre></code></td></tr><tr style=""><td>0.424</td><td style="padding-left:0%;">INFO</td><td><code><pre>         * assertion passed</pre></code></td></tr><tr style=""><td>0.441</td><td style="padding-left:0%;">INFO</td><td><code><pre>reporting...</pre></code></td></tr></tbody></table><link rel="stylesheet" href="http://yandex.st/highlightjs/7.3/styles/default.min.css"/><script type="text/javascript" src="http://yandex.st/highlightjs/7.3/highlight.min.js" xml:space="preserve"> </script><script type="text/javascript">hljs.initHighlightingOnLoad();</script></body></html></x:document></x:output><x:output port="junit"><x:document xml:base="file:/home/jostein/xprocspec/xprocspec/src/main/resources/content/xml/xproc/report/report.xpl" xml:space="preserve" type="inline"><testsuites tests="3" failures="0" time="0.45" errors="0" name="input2"><testsuite timestamp="2013-12-02T13:36:10.356Z" hostname="localhost" tests="3" errors="0" failures="0" skipped="0" id="d24054e1" name="identity" package="http://example.net/ns" time="0.009">
<properties><property name="input: source.document.secondary.sequence" value="&lt;doc1 xmlns=&#34;&#34; .../&gt; (Base URI: file:/home/jostein/xprocspec/xprocspec/src/test/xprocspec/tests/input-2.xprocspec)&#xA;&lt;doc2 xmlns=&#34;&#34; .../&gt; (Base URI: file:/home/jostein/xprocspec/xprocspec/src/test/xprocspec/tests/input-2.xprocspec)"/>

<property name="option: option.required" value=""/>

</properties>
<testcase name="theStepShouldExecuteSuccessfullyWithoutThrowingAnyErrors" classname="identity" assertions="1" time="0" status="SUCCESS"><system-out>the step should execute successfully without throwing any errors: SUCCESS</system-out>
<system-err/></testcase><testcase name="thereMustBeTwoDocumentsOnTheInputPort" classname="identity" assertions="1" time="0" status="SUCCESS"><system-out>there must be two documents on the input port: SUCCESS</system-out>
<system-err/></testcase><testcase name="thereMustBeTwoDocumentsOnTheOutputPort" classname="identity" assertions="1" time="0" status="SUCCESS"><system-out>there must be two documents on the output port: SUCCESS</system-out>
<system-err/></testcase></testsuite></testsuites></x:document></x:output><x:test-result type="count" label="the step should execute successfully without throwing any errors" max="0" contextref="errors" result="passed">
                                                        <x:expected>At most 0 documents.</x:expected>
                                                    <x:was>0</x:was></x:test-result><x:test-result label="there should be at least one test, and none of the tests should fail" type="xpath" test="not(/*/@tests='0') and /*/@failures='0' and /*/@errors='0'" contextref="context10" result="passed"><x:expected xml:space="preserve">XPath: true()
Value: true</x:expected><x:was xml:space="preserve">XPath: not(/*/@tests='0') and /*/@failures='0' and /*/@errors='0'
Value: true</x:was></x:test-result></x:description><x:description xmlns:cx="http://xmlcalabash.com/ns/extensions" xmlns:c="http://www.w3.org/ns/xproc-step" xml:base="file:/home/jostein/xprocspec/xprocspec/src/test/xprocspec/test.xprocspec" test-base-uri="file:/home/jostein/xprocspec/xprocspec/src/test/xprocspec/test.xprocspec" script="file:/home/jostein/xprocspec/xprocspec/src/main/resources/content/xml/xproc/xprocspec.xpl" test-grammar="xprocspec" temp-dir="file:/tmp/xprocspec-20131202143557583/"><x:step-declaration><p:declare-step xmlns:p="http://www.w3.org/ns/xproc" xmlns:px="http://www.daisy.org/ns/xprocspec" xmlns:pxi="http://www.daisy.org/ns/xprocspec/xproc-internal/" xmlns:pkg="http://expath.org/ns/pkg" type="px:xprocspec" name="main" version="1.0" xpath-version="2.0" pkg:import-uri="http://www.daisy.org/ns/xprocspec/xprocspec.xpl" x:type="{http://www.daisy.org/ns/xprocspec}xprocspec"><p:input port="source" kind="document" sequence="false" primary="true"/><p:output port="result" kind="document" sequence="false" primary="false"><p:pipe port="result" step="report"/></p:output><p:output port="html" kind="document" sequence="false" primary="false"><p:pipe port="html" step="report"/></p:output><p:output port="junit" kind="document" sequence="false" primary="false"><p:pipe port="junit" step="report"/></p:output><p:option name="temp-dir" select="'file:/tmp/'"/><p:option name="step-available-rng" select="'false'"/></p:declare-step></x:step-declaration><x:scenario end-time="2013-12-02T13:36:11.838Z" label="the option element" start-time="2013-12-02T13:36:10.737Z"><x:call x:type="{http://www.daisy.org/ns/xprocspec}xprocspec" step="x:xprocspec"><x:option select="$temp-dir" name="temp-dir" value="file:/tmp/xprocspec-20131202143557583/"/><x:input port="source">
                <x:document xml:base="file:/home/jostein/xprocspec/xprocspec/src/test/xprocspec/test.xprocspec" xml:space="preserve" type="inline"><?xml-model href="http://www.daisy.org/ns/xprocspec/xprocspec.rng" type="application/xml" schematypens="http://relaxng.org/ns/structure/1.0"?><x:description xmlns:e="http://example.net/ns" script="../steps/identity.xpl">

    <x:scenario label="identity - base-uri">
        <x:call step="e:identity">
            <x:option name="option" select="base-uri(.)"/>
            <x:option name="option.required" select="base-uri(/*)"/>
            <x:option name="option.default" select="base-uri()"/>
        </x:call>

        <x:context label="the options">
            <x:document type="port" port="options"/>
        </x:context>
        <x:expect type="xpath" label="Options should be wrapped in a c:options element" test="count(/c:options)" equals="1"/>
        <x:expect type="xpath" label="Options should not be wrapped in something other than a c:options element" test="count(/foo)" equals="0"/>
        <x:expect type="xpath" label="Options should be stored in c:option elements inside the root c:options element" test="count(/c:options/c:option) &gt; 0"/>
        <x:expect type="xpath" label="base-uri(.) should refer to the base URI of the xprocspec test document" test="/c:options/c:option[@name='option']/@value" equals="$test-base-uri"/>
        <x:expect type="xpath" label="base-uri(/*) should refer to the base URI of the xprocspec test document" test="/c:options/c:option[@name='option.required']/@value" equals="$test-base-uri"/>
        <x:expect type="xpath" label="base-uri() should refer to the base URI of the xprocspec test document" test="/c:options/c:option[@name='option.default']/@value" equals="$test-base-uri"/>
    </x:scenario>

    <x:scenario label="identity - variables">
        <x:call step="e:identity">
            <x:option name="option" select="$temp-dir"/>
            <x:option name="option.required" select="$test-base-uri"/>
        </x:call>

        <x:context label="the options">
            <x:document type="port" port="options"/>
        </x:context>
        <!--
            TODO: a current limitation is that the strings '$temp-dir' and '$test-base-uri' can't be used.
            The implementation replaces any occurrences of those strings with the variable values, even though they are part of a string and not actual variable references.
        -->
        <x:expect type="xpath" label="The $temp-dir variable should be available from both the x:option @select attribute and the x:expect @test attributes" test="/c:options/c:option[@name='option']/@value" equals="$temp-dir"/>
        <x:expect type="xpath" label="The $temp-dir variable should be available from both the @test and @equals attributes" test="$temp-dir" equals="$temp-dir"/>
        <x:expect type="xpath" label="The $test-base-uri variable should be available from both the x:option @select attribute and the x:expect @test attributes" test="/c:options/c:option[@name='option.required']/@value" equals="$test-base-uri"/>
        <x:expect type="xpath" label="The $test-base-uri variable should be available from both the @test and @equals attributes" test="$test-base-uri" equals="$test-base-uri"/>

    </x:scenario>

</x:description></x:document>
            </x:input></x:call>
                                                <x:context label="errors" id="errors">
                                                    
                                                </x:context>
                                            
                                                <x:expect type="count" label="the step should execute successfully without throwing any errors" max="0" contextref="errors"/>
                                            <x:context label="the junit output port" id="context11">
            <x:document xml:base="file:/home/jostein/xprocspec/xprocspec/src/main/resources/content/xml/xproc/report/report.xpl" xml:space="preserve" type="inline"><testsuites tests="12" failures="0" time="0.922" errors="0" name="option1"><testsuite timestamp="2013-12-02T13:36:11.677Z" hostname="localhost" tests="7" errors="0" failures="0" skipped="0" id="d26505e1" name="identityBaseuri" package="http://example.net/ns" time="0.008">
<properties>

<property name="option: option" value="file:/home/jostein/xprocspec/xprocspec/src/test/xprocspec/tests/option-1.xprocspec"/>
<property name="option: option.required" value="file:/home/jostein/xprocspec/xprocspec/src/test/xprocspec/tests/option-1.xprocspec"/>
<property name="option: option.default" value="file:/home/jostein/xprocspec/xprocspec/src/test/xprocspec/tests/option-1.xprocspec"/>

</properties>
<testcase name="theStepShouldExecuteSuccessfullyWithoutThrowingAnyErrors" classname="identity" assertions="1" time="0" status="SUCCESS"><system-out>the step should execute successfully without throwing any errors: SUCCESS</system-out>
<system-err/></testcase><testcase name="OptionsShouldBeWrappedInACoptionsElement" classname="identity" assertions="1" time="0" status="SUCCESS"><system-out>Options should be wrapped in a c:options element: SUCCESS</system-out>
<system-err/></testcase><testcase name="OptionsShouldNotBeWrappedInSomethingOtherThanACoptionsElement" classname="identity" assertions="1" time="0" status="SUCCESS"><system-out>Options should not be wrapped in something other than a c:options element: SUCCESS</system-out>
<system-err/></testcase><testcase name="OptionsShouldBeStoredInCoptionElementsInsideTheRootCoptionsElement" classname="identity" assertions="1" time="0" status="SUCCESS"><system-out>Options should be stored in c:option elements inside the root c:options element: SUCCESS</system-out>
<system-err/></testcase><testcase name="baseuriShouldReferToTheBaseURIOfTheXprocspecTestDocument" classname="identity" assertions="1" time="0" status="SUCCESS"><system-out>base-uri(.) should refer to the base URI of the xprocspec test document: SUCCESS</system-out>
<system-err/></testcase><testcase name="baseuriShouldReferToTheBaseURIOfTheXprocspecTestDocument" classname="identity" assertions="1" time="0" status="SUCCESS"><system-out>base-uri(/*) should refer to the base URI of the xprocspec test document: SUCCESS</system-out>
<system-err/></testcase><testcase name="baseuriShouldReferToTheBaseURIOfTheXprocspecTestDocument" classname="identity" assertions="1" time="0" status="SUCCESS"><system-out>base-uri() should refer to the base URI of the xprocspec test document: SUCCESS</system-out>
<system-err/></testcase></testsuite><testsuite timestamp="2013-12-02T13:36:11.694Z" hostname="localhost" tests="5" errors="0" failures="0" skipped="0" id="d26523e1" name="identityVariables" package="http://example.net/ns" time="0.008">
<properties>

<property name="option: option" value="file:/tmp/xprocspec-20131202143557583/xprocspec-20131202143610867/"/>
<property name="option: option.required" value="file:/home/jostein/xprocspec/xprocspec/src/test/xprocspec/tests/option-1.xprocspec"/>

</properties>
<testcase name="theStepShouldExecuteSuccessfullyWithoutThrowingAnyErrors" classname="identity" assertions="1" time="0" status="SUCCESS"><system-out>the step should execute successfully without throwing any errors: SUCCESS</system-out>
<system-err/></testcase><testcase name="The$tempdirVariableShouldBeAvailableFromBothTheXoptionSelectAttributeAndTheXexpectTestAttributes" classname="identity" assertions="1" time="0" status="SUCCESS"><system-out>The $temp-dir variable should be available from both the x:option @select attribute and the x:expect @test attributes: SUCCESS</system-out>
<system-err/></testcase><testcase name="The$tempdirVariableShouldBeAvailableFromBothTheTestAndEqualsAttributes" classname="identity" assertions="1" time="0" status="SUCCESS"><system-out>The $temp-dir variable should be available from both the @test and @equals attributes: SUCCESS</system-out>
<system-err/></testcase><testcase name="The$testbaseuriVariableShouldBeAvailableFromBothTheXoptionSelectAttributeAndTheXexpectTestAttributes" classname="identity" assertions="1" time="0" status="SUCCESS"><system-out>The $test-base-uri variable should be available from both the x:option @select attribute and the x:expect @test attributes: SUCCESS</system-out>
<system-err/></testcase><testcase name="The$testbaseuriVariableShouldBeAvailableFromBothTheTestAndEqualsAttributes" classname="identity" assertions="1" time="0" status="SUCCESS"><system-out>The $test-base-uri variable should be available from both the @test and @equals attributes: SUCCESS</system-out>
<system-err/></testcase></testsuite></testsuites></x:document>
        </x:context><x:expect label="there should be at least one test, and none of the tests should fail" type="xpath" test="not(/*/@tests='0') and /*/@failures='0' and /*/@errors='0'" contextref="context11"/></x:scenario><x:output port="result"><x:document xml:base="file:/home/jostein/xprocspec/xprocspec/src/main/resources/content/xml/xproc/report/report.xpl" xml:space="preserve" type="inline"><x:test-report><x:description xml:base="file:/home/jostein/xprocspec/xprocspec/src/test/xprocspec/tests/option-1.xprocspec" test-base-uri="file:/home/jostein/xprocspec/xprocspec/src/test/xprocspec/tests/option-1.xprocspec" script="file:/home/jostein/xprocspec/xprocspec/src/test/xprocspec/steps/identity.xpl" test-grammar="xprocspec" temp-dir="file:/tmp/xprocspec-20131202143557583/xprocspec-20131202143610867/"><x:step-declaration><p:declare-step xmlns:p="http://www.w3.org/ns/xproc" xmlns:ex="http://example.net/ns" name="main" type="ex:identity" version="1.0" x:type="{http://example.net/ns}identity"><p:input port="source.document.primary" kind="document" primary="true" sequence="false"><p:inline>
            <source.document.primary.default/>
        </p:inline></p:input><p:input port="source.document.secondary.sequence" kind="document" sequence="true" primary="false"><p:inline>
            <source.document.secondary.sequence/>
        </p:inline></p:input><p:input select="/*/*" port="source.document.secondary.select-children" kind="document" sequence="true" primary="false"><p:inline>
            <default>
                <default/>
                <default/>
            </default>
        </p:inline></p:input><p:input port="source.parameter.primary.sequence" primary="true" kind="parameter" sequence="true"/><p:output port="result.document.primary" kind="document" primary="true" sequence="false"><p:pipe port="source.document.primary" step="main"/></p:output><p:output port="result.document.secondary.sequence" kind="document" sequence="true" primary="false"><p:pipe port="source.document.secondary.sequence" step="main"/></p:output><p:output port="result.document.secondary.select-children" kind="document" sequence="true" primary="false"><p:pipe port="source.document.secondary.select-children" step="main"/></p:output><p:output port="result.parameter.primary" kind="document" sequence="false" primary="false"><p:pipe port="result" step="parameters"/></p:output><p:output port="options" kind="document" sequence="false" primary="false"><p:pipe port="result" step="options"/></p:output><p:option name="option"/><p:option name="option.required" required="true"/><p:option name="option.default" select="'default'"/></p:declare-step></x:step-declaration><x:scenario xmlns:e="http://example.net/ns" end-time="2013-12-02T13:36:11.01Z" label="identity - base-uri" start-time="2013-12-02T13:36:11.002Z"><x:call x:type="{http://example.net/ns}identity" step="e:identity"><x:option select="base-uri(.)" name="option" value=""/><x:option select="base-uri(/*)" name="option.required" value=""/><x:option select="base-uri()" name="option.default" value=""/></x:call>
                                                <x:context label="errors" id="errors">
                                                    
                                                </x:context>
                                            
                                                <x:expect type="count" label="the step should execute successfully without throwing any errors" max="0" contextref="errors"/>
                                            <x:context label="the options" id="context0">
            <x:document xml:base="file:/home/jostein/xprocspec/xprocspec/src/test/xprocspec/steps/identity.xpl" xml:space="preserve" type="inline">
                <c:options xmlns:ex="http://example.net/ns">
                    <c:option name="option" value="file:/home/jostein/xprocspec/xprocspec/src/test/xprocspec/tests/option-1.xprocspec"/>
                    <c:option name="option.required" value="file:/home/jostein/xprocspec/xprocspec/src/test/xprocspec/tests/option-1.xprocspec"/>
                    <c:option name="option.default" value="file:/home/jostein/xprocspec/xprocspec/src/test/xprocspec/tests/option-1.xprocspec"/>
                </c:options>
            </x:document>
        </x:context><x:expect type="xpath" label="Options should be wrapped in a c:options element" test="count(/c:options)" equals="1" contextref="context0"/><x:expect type="xpath" label="Options should not be wrapped in something other than a c:options element" test="count(/foo)" equals="0" contextref="context0"/><x:expect type="xpath" label="Options should be stored in c:option elements inside the root c:options element" test="count(/c:options/c:option) &gt; 0" contextref="context0"/><x:expect type="xpath" label="base-uri(.) should refer to the base URI of the xprocspec test document" test="/c:options/c:option[@name='option']/@value" equals="$test-base-uri" contextref="context0"/><x:expect type="xpath" label="base-uri(/*) should refer to the base URI of the xprocspec test document" test="/c:options/c:option[@name='option.required']/@value" equals="$test-base-uri" contextref="context0"/><x:expect type="xpath" label="base-uri() should refer to the base URI of the xprocspec test document" test="/c:options/c:option[@name='option.default']/@value" equals="$test-base-uri" contextref="context0"/></x:scenario><x:output port="result.document.primary"><x:document xml:base="file:/home/jostein/xprocspec/xprocspec/src/test/xprocspec/tests/option-1.xprocspec" xml:space="preserve" type="inline">
            <source.document.primary.default xmlns:ex="http://example.net/ns"/>
        </x:document></x:output><x:output port="result.document.secondary.sequence"><x:document xml:base="file:/home/jostein/xprocspec/xprocspec/src/test/xprocspec/steps/identity.xpl" xml:space="preserve" type="inline">
            <source.document.secondary.sequence xmlns:ex="http://example.net/ns"/>
        </x:document></x:output><x:output port="result.document.secondary.select-children"><x:document xml:base="file:/home/jostein/xprocspec/xprocspec/src/test/xprocspec/steps/identity.xpl" xml:space="preserve" type="inline"><default xmlns:ex="http://example.net/ns"/></x:document><x:document xml:base="file:/home/jostein/xprocspec/xprocspec/src/test/xprocspec/steps/identity.xpl" xml:space="preserve" type="inline"><default xmlns:ex="http://example.net/ns"/></x:document></x:output><x:output port="result.parameter.primary"><x:document xml:base="file:/home/jostein/xprocspec/xprocspec/src/test/xprocspec/steps/identity.xpl" xml:space="preserve" type="inline"><c:param-set/></x:document></x:output><x:output port="options"><x:document xml:base="file:/home/jostein/xprocspec/xprocspec/src/test/xprocspec/steps/identity.xpl" xml:space="preserve" type="inline">
                <c:options xmlns:ex="http://example.net/ns">
                    <c:option name="option" value="file:/home/jostein/xprocspec/xprocspec/src/test/xprocspec/tests/option-1.xprocspec"/>
                    <c:option name="option.required" value="file:/home/jostein/xprocspec/xprocspec/src/test/xprocspec/tests/option-1.xprocspec"/>
                    <c:option name="option.default" value="file:/home/jostein/xprocspec/xprocspec/src/test/xprocspec/tests/option-1.xprocspec"/>
                </c:options>
            </x:document></x:output><x:test-result xmlns:e="http://example.net/ns" type="count" label="the step should execute successfully without throwing any errors" max="0" contextref="errors" result="passed">
                                                        <x:expected>At most 0 documents.</x:expected>
                                                    <x:was>0</x:was></x:test-result><x:test-result xmlns:e="http://example.net/ns" type="xpath" label="Options should be wrapped in a c:options element" test="count(/c:options)" equals="1" contextref="context0" result="passed"><x:expected xml:space="preserve">XPath: 1
Value: 1</x:expected><x:was xml:space="preserve">XPath: count(/c:options)
Value: 1</x:was></x:test-result><x:test-result xmlns:e="http://example.net/ns" type="xpath" label="Options should not be wrapped in something other than a c:options element" test="count(/foo)" equals="0" contextref="context0" result="passed"><x:expected xml:space="preserve">XPath: 0
Value: 0</x:expected><x:was xml:space="preserve">XPath: count(/foo)
Value: 0</x:was></x:test-result><x:test-result xmlns:e="http://example.net/ns" type="xpath" label="Options should be stored in c:option elements inside the root c:options element" test="count(/c:options/c:option) &gt; 0" contextref="context0" result="passed"><x:expected xml:space="preserve">XPath: true()
Value: true</x:expected><x:was xml:space="preserve">XPath: count(/c:options/c:option) &gt; 0
Value: true</x:was></x:test-result><x:test-result xmlns:e="http://example.net/ns" type="xpath" label="base-uri(.) should refer to the base URI of the xprocspec test document" test="/c:options/c:option[@name='option']/@value" equals="$test-base-uri" contextref="context0" result="passed"><x:expected xml:space="preserve">XPath: $test-base-uri
Value: file:/home/jostein/xprocspec/xprocspec/src/test/xprocspec/tests/option-1.xprocspec</x:expected><x:was xml:space="preserve">XPath: /c:options/c:option[@name='option']/@value
Value: file:/home/jostein/xprocspec/xprocspec/src/test/xprocspec/tests/option-1.xprocspec</x:was></x:test-result><x:test-result xmlns:e="http://example.net/ns" type="xpath" label="base-uri(/*) should refer to the base URI of the xprocspec test document" test="/c:options/c:option[@name='option.required']/@value" equals="$test-base-uri" contextref="context0" result="passed"><x:expected xml:space="preserve">XPath: $test-base-uri
Value: file:/home/jostein/xprocspec/xprocspec/src/test/xprocspec/tests/option-1.xprocspec</x:expected><x:was xml:space="preserve">XPath: /c:options/c:option[@name='option.required']/@value
Value: file:/home/jostein/xprocspec/xprocspec/src/test/xprocspec/tests/option-1.xprocspec</x:was></x:test-result><x:test-result xmlns:e="http://example.net/ns" type="xpath" label="base-uri() should refer to the base URI of the xprocspec test document" test="/c:options/c:option[@name='option.default']/@value" equals="$test-base-uri" contextref="context0" result="passed"><x:expected xml:space="preserve">XPath: $test-base-uri
Value: file:/home/jostein/xprocspec/xprocspec/src/test/xprocspec/tests/option-1.xprocspec</x:expected><x:was xml:space="preserve">XPath: /c:options/c:option[@name='option.default']/@value
Value: file:/home/jostein/xprocspec/xprocspec/src/test/xprocspec/tests/option-1.xprocspec</x:was></x:test-result></x:description><x:description xml:base="file:/home/jostein/xprocspec/xprocspec/src/test/xprocspec/tests/option-1.xprocspec" test-base-uri="file:/home/jostein/xprocspec/xprocspec/src/test/xprocspec/tests/option-1.xprocspec" script="file:/home/jostein/xprocspec/xprocspec/src/test/xprocspec/steps/identity.xpl" test-grammar="xprocspec" temp-dir="file:/tmp/xprocspec-20131202143557583/xprocspec-20131202143610867/"><x:step-declaration><p:declare-step xmlns:p="http://www.w3.org/ns/xproc" xmlns:ex="http://example.net/ns" name="main" type="ex:identity" version="1.0" x:type="{http://example.net/ns}identity"><p:input port="source.document.primary" kind="document" primary="true" sequence="false"><p:inline>
            <source.document.primary.default/>
        </p:inline></p:input><p:input port="source.document.secondary.sequence" kind="document" sequence="true" primary="false"><p:inline>
            <source.document.secondary.sequence/>
        </p:inline></p:input><p:input select="/*/*" port="source.document.secondary.select-children" kind="document" sequence="true" primary="false"><p:inline>
            <default>
                <default/>
                <default/>
            </default>
        </p:inline></p:input><p:input port="source.parameter.primary.sequence" primary="true" kind="parameter" sequence="true"/><p:output port="result.document.primary" kind="document" primary="true" sequence="false"><p:pipe port="source.document.primary" step="main"/></p:output><p:output port="result.document.secondary.sequence" kind="document" sequence="true" primary="false"><p:pipe port="source.document.secondary.sequence" step="main"/></p:output><p:output port="result.document.secondary.select-children" kind="document" sequence="true" primary="false"><p:pipe port="source.document.secondary.select-children" step="main"/></p:output><p:output port="result.parameter.primary" kind="document" sequence="false" primary="false"><p:pipe port="result" step="parameters"/></p:output><p:output port="options" kind="document" sequence="false" primary="false"><p:pipe port="result" step="options"/></p:output><p:option name="option"/><p:option name="option.required" required="true"/><p:option name="option.default" select="'default'"/></p:declare-step></x:step-declaration><x:scenario xmlns:e="http://example.net/ns" end-time="2013-12-02T13:36:11.069Z" label="identity - variables" start-time="2013-12-02T13:36:11.061Z"><x:call x:type="{http://example.net/ns}identity" step="e:identity"><x:option select="$temp-dir" name="option" value=""/><x:option select="$test-base-uri" name="option.required" value=""/></x:call>
                                                <x:context label="errors" id="errors">
                                                    
                                                </x:context>
                                            
                                                <x:expect type="count" label="the step should execute successfully without throwing any errors" max="0" contextref="errors"/>
                                            <x:context label="the options" id="context1">
            <x:document xml:base="file:/home/jostein/xprocspec/xprocspec/src/test/xprocspec/steps/identity.xpl" xml:space="preserve" type="inline">
                <c:options xmlns:ex="http://example.net/ns">
                    <c:option name="option" value="file:/tmp/xprocspec-20131202143557583/xprocspec-20131202143610867/"/>
                    <c:option name="option.required" value="file:/home/jostein/xprocspec/xprocspec/src/test/xprocspec/tests/option-1.xprocspec"/>
                    <c:option name="option.default" value="default"/>
                </c:options>
            </x:document>
        </x:context><x:expect type="xpath" label="The $temp-dir variable should be available from both the x:option @select attribute and the x:expect @test attributes" test="/c:options/c:option[@name='option']/@value" equals="$temp-dir" contextref="context1"/><x:expect type="xpath" label="The $temp-dir variable should be available from both the @test and @equals attributes" test="$temp-dir" equals="$temp-dir" contextref="context1"/><x:expect type="xpath" label="The $test-base-uri variable should be available from both the x:option @select attribute and the x:expect @test attributes" test="/c:options/c:option[@name='option.required']/@value" equals="$test-base-uri" contextref="context1"/><x:expect type="xpath" label="The $test-base-uri variable should be available from both the @test and @equals attributes" test="$test-base-uri" equals="$test-base-uri" contextref="context1"/></x:scenario><x:output port="result.document.primary"><x:document xml:base="file:/home/jostein/xprocspec/xprocspec/src/test/xprocspec/tests/option-1.xprocspec" xml:space="preserve" type="inline">
            <source.document.primary.default xmlns:ex="http://example.net/ns"/>
        </x:document></x:output><x:output port="result.document.secondary.sequence"><x:document xml:base="file:/home/jostein/xprocspec/xprocspec/src/test/xprocspec/steps/identity.xpl" xml:space="preserve" type="inline">
            <source.document.secondary.sequence xmlns:ex="http://example.net/ns"/>
        </x:document></x:output><x:output port="result.document.secondary.select-children"><x:document xml:base="file:/home/jostein/xprocspec/xprocspec/src/test/xprocspec/steps/identity.xpl" xml:space="preserve" type="inline"><default xmlns:ex="http://example.net/ns"/></x:document><x:document xml:base="file:/home/jostein/xprocspec/xprocspec/src/test/xprocspec/steps/identity.xpl" xml:space="preserve" type="inline"><default xmlns:ex="http://example.net/ns"/></x:document></x:output><x:output port="result.parameter.primary"><x:document xml:base="file:/home/jostein/xprocspec/xprocspec/src/test/xprocspec/steps/identity.xpl" xml:space="preserve" type="inline"><c:param-set/></x:document></x:output><x:output port="options"><x:document xml:base="file:/home/jostein/xprocspec/xprocspec/src/test/xprocspec/steps/identity.xpl" xml:space="preserve" type="inline">
                <c:options xmlns:ex="http://example.net/ns">
                    <c:option name="option" value="file:/tmp/xprocspec-20131202143557583/xprocspec-20131202143610867/"/>
                    <c:option name="option.required" value="file:/home/jostein/xprocspec/xprocspec/src/test/xprocspec/tests/option-1.xprocspec"/>
                    <c:option name="option.default" value="default"/>
                </c:options>
            </x:document></x:output><x:test-result xmlns:e="http://example.net/ns" type="count" label="the step should execute successfully without throwing any errors" max="0" contextref="errors" result="passed">
                                                        <x:expected>At most 0 documents.</x:expected>
                                                    <x:was>0</x:was></x:test-result><x:test-result xmlns:e="http://example.net/ns" type="xpath" label="The $temp-dir variable should be available from both the x:option @select attribute and the x:expect @test attributes" test="/c:options/c:option[@name='option']/@value" equals="$temp-dir" contextref="context1" result="passed"><x:expected xml:space="preserve">XPath: $temp-dir
Value: file:/tmp/xprocspec-20131202143557583/xprocspec-20131202143610867/</x:expected><x:was xml:space="preserve">XPath: /c:options/c:option[@name='option']/@value
Value: file:/tmp/xprocspec-20131202143557583/xprocspec-20131202143610867/</x:was></x:test-result><x:test-result xmlns:e="http://example.net/ns" type="xpath" label="The $temp-dir variable should be available from both the @test and @equals attributes" test="$temp-dir" equals="$temp-dir" contextref="context1" result="passed"><x:expected xml:space="preserve">XPath: $temp-dir
Value: file:/tmp/xprocspec-20131202143557583/xprocspec-20131202143610867/</x:expected><x:was xml:space="preserve">XPath: $temp-dir
Value: file:/tmp/xprocspec-20131202143557583/xprocspec-20131202143610867/</x:was></x:test-result><x:test-result xmlns:e="http://example.net/ns" type="xpath" label="The $test-base-uri variable should be available from both the x:option @select attribute and the x:expect @test attributes" test="/c:options/c:option[@name='option.required']/@value" equals="$test-base-uri" contextref="context1" result="passed"><x:expected xml:space="preserve">XPath: $test-base-uri
Value: file:/home/jostein/xprocspec/xprocspec/src/test/xprocspec/tests/option-1.xprocspec</x:expected><x:was xml:space="preserve">XPath: /c:options/c:option[@name='option.required']/@value
Value: file:/home/jostein/xprocspec/xprocspec/src/test/xprocspec/tests/option-1.xprocspec</x:was></x:test-result><x:test-result xmlns:e="http://example.net/ns" type="xpath" label="The $test-base-uri variable should be available from both the @test and @equals attributes" test="$test-base-uri" equals="$test-base-uri" contextref="context1" result="passed"><x:expected xml:space="preserve">XPath: $test-base-uri
Value: file:/home/jostein/xprocspec/xprocspec/src/test/xprocspec/tests/option-1.xprocspec</x:expected><x:was xml:space="preserve">XPath: $test-base-uri
Value: file:/home/jostein/xprocspec/xprocspec/src/test/xprocspec/tests/option-1.xprocspec</x:was></x:test-result></x:description></x:test-report></x:document></x:output><x:output port="html"><x:document xml:base="file:/home/jostein/xprocspec/xprocspec/src/main/resources/content/xml/xproc/report/report-template.xhtml" xml:space="preserve" type="inline"><html xmlns="http://www.w3.org/1999/xhtml"><head><title>Test Report for file:/home/jostein/xprocspec/xprocspec/src/test/xprocspec/tests/option-1.xprocspec (passed:12 / pending:0 / failed:0 / errors:0 / total:12)</title>
        <meta charset="utf-8"/>
        <style type="text/css" xml:space="preserve">/**/
/****************************************************************************/
/*  File:       test-report.css                                             */
/*  Author:     Jeni Tennsion                                               */
/*  URI:        http://xspec.googlecode.com/                                */
/*  Tags:                                                                   */
/*    Copyright (c) 2008, 2010 Jeni Tennsion (see end of file.)             */
/* ------------------------------------------------------------------------ */


/* test */

/* box model */

body {
	margin-right: 1em;
	/*margin-left: 10%;*/
	}

h1 {
	padding: 0.3em 0.5em 0.3em 0.5em;
	position: relative;
	}

h2 {
	padding: 0.1em 0.5em 0.2em 0.5em;
	}

h3 {
	padding-left: 0.6em;
	}

h4 {
	padding-left: 0.8em;
	}

p, table {
	/*margin-left: 5%;*/
	}

dd ul, dd ol {
	margin-left: 0%;
	}

li ul, li ol {
	/*margin-left: 5%;*/
	}

dl, ul, ol, blockquote {
	/*margin-left: 10%;*/
	}

dt {
  padding-top: 3px;
  padding-bottom: 3px;
	clear: both;
	}

dd p {
	/*margin-left: -5px;*/
	margin-top: 5px;
	clear: both;
	}

p.link {
	margin-top: 4px;
	margin-bottom: 0px;
	clear: both;
	}

tr td, td p, li, li p {
	margin-left: 0%;
	}

td:nth-child(2) {
	padding-left: 5%;
	}

.link img, dt img {
	vertical-align: middle;
	position: relative;
	top: -5px;
	}

img {
	position: relative;
	}

#xml-link {
	position: absolute;
	left: 5px;
	top: 5px;
	width: 10%;
	margin-left: 0%;
	}

#link-up {
	position: absolute;
	left: 93%;
	right: 2em;
	top: 0.3em;
	}

#link-top {
	position: absolute;
	left: 89%;
	right: 4em;
	top: 0.3em;
	}
	
.popup {
	display: block;
	visibility: hidden;
	float: right;
	position: absolute;
	top: 5px;
	left: -200px;
	z-index: 1;
	padding: 0.3em;
	width: 220px;
	}

.note {
	position: relative;
	}

.post {
	/*margin-left: 5%;*/
	padding-top: 1em;
	}
	
.example, .sidebar {
  /*margin-left: 5%;*/
  margin-top: 1em;
  margin-bottom: 1em;
  }

/*pre {
	padding-left: 5%;
	margin-left: 5%;
	}*/

/*dd pre, li pre {
	padding-left: 5%;
	}*/

/* fonts */
/* Oxygen  */
body, table {
    font-family:arial, helvetica, sans-serif;
    font-size:12px;
}
/* Oxygen  */

/*body {
	font-family: Verdana, arial, sans-serif;
	font-size: small;
	}*/	

/*h1, h2, h3, h4, h5, h6 {
	font-family: 'trebuchet MS', arial, sans-serif;
	}*/

h1 {
	font-size: 173%;
	font-weight: bold;
	}

h2 {
	font-size: 144%;
	font-weight: normal;
	}

h3 {
	font-size: 120%;
	font-weight: normal;
	}

h4 {
  font-size: 100%;
  font-weight: bold;
}

dt {
	font-weight: bold;
	}

a:link, a:visited, a:active, a:hover {
	font-weight: bold;
	}

a.offsite:link, a.offsite:visited, a.offsite:active, a.offsite:hover {
	font-weight: normal;
	}

/* suppress the normal italics */
address {
	font-style: normal;
	}

div.example, .sidebar {
  font-family: Verdana, arial, sans-serif;
  font-size: 100%;
  }


.note, .link {
	font-family: Verdana, arial, sans-serif;
	/*font-size: 83%;*/
	}

/*.example, .string, .rtf, .code, pre, code {
	font-family: "Lucida Console", "Courier New", monospace;*/
  /*font-size: 83%;*/
/*	}*/

.boolean {
	font-style: italic;
	}

#colophon, #xml-link {
	font-size: 69%;
	}

.question, .title {
	font-weight: bold;
	}

/* colours */
body {
	background-color: white;
	color: black;
	border: 0px none black;
	}

/* this is to make Navigator fill the entire line */
h1, h2 {
	border: 1px solid white;
	width: auto;
	}

h1 {
	/*background: #606;*/
	/*color: #6F6;*/
	}

h2 {
	color: #606;
	/*background: #CFC;*/
	}

hr {
	color: #606;
	background: white;
	}

img, a:link img, a:visited img, a:hover img, a:active img, #link-up img, #link-top img {
	border: 0px none white;
	background: transparent;
	}

/* OXYGEN */
a, a:visited {
    color:rgb(0, 0, 150);
    background-color:inherit;
    font-weight: bold;
}
a:link, a:visited {
    text-decoration:none; 
}
a:hover {
    text-decoration:underline;
}

/* OXYGEN */

a.img:hover, a.img:active {
	background: transparent;
	}

#colophon, #xml-link, .note {
	color: #666;
	}

#colophon a:link, #colophon a:visited, #colophon a:hover,
#xml-link a:link, #xml-link a:visited, #xml-link a:hover,
.note a:link, .note a:visited, .note a:hover {
	color: #969;
	background: transparent;
	}

#colophon a:hover, #xml-link a:hover, .note a:hover {
	background: #CFC;
	color: #969;
	}

.popup {
	background: white;
	border: 1px solid #606;
	}

.post {
	border-top: 2px solid #606;
	}
	
.example {
  border-top: 2px solid #606;
  border-bottom: 2px solid #606;
  }
  
.sidebar {
  border-top: 2px solid #090;
  border-bottom: 2px solid #090;
  }
  
.rng {
  border-left: 2px solid #666;
  }

.same {
  background-color: rgb(206, 239, 174);
}

.diff {
  background-color: #FCC;
}

.whitespace {
	font-style: italic;
	color: #999;
	background: white;
}

.ignored {
  font-style: italic;
  color: #999;
  background: white;
}

.hit {
}

.missed {
  background-color: #A33;
  color: white;
}

/* text */
ol ol li {
	list-style: lower-alpha;
	}

th {
	text-align: left;
	}

td {
	vertical-align: top;
	}

h1 {
	text-transform: uppercase;
	}

h2, h3 {
	/*text-transform: capitalize;*/
	}

.question {
	text-indent: -33px;
	}

.byline {
	text-align: right;
	}

#link-top, #link-up {
	text-align: right;
	}

a {
	text-decoration: none;
	}

table { width: 85%;
        /* border: collapse; */ }

th { text-align: left; }

.xspec tbody th { font-weight: normal; /*font-size: 0.8em;*/ border-top: 1px #666 solid; }
.xspec tbody td { /*font-size: 0.8em;*/ color: #666; }

.successful.label th, .successful.label td { background-color: #CFC; }
.pending.label th, .pending.label td { background-color: #DDD; color: #666; }
.failed.label th, .failed.label td { background-color: #FCC; }
.error.label th, .error.label td { background-color: #FAA; }
/*body &gt; table tbody .failed.label th:first-child:before {content:url(data:image/png;base64,iVBORw0KGgoAAAANSUhEUgAAAAwAAAAMCAYAAABWdVznAAAAGXRFWHRTb2Z0d2FyZQBBZG9iZSBJbWFnZVJlYWR5ccllPAAAA2ZpVFh0WE1MOmNvbS5hZG9iZS54bXAAAAAAADw/eHBhY2tldCBiZWdpbj0i77u/IiBpZD0iVzVNME1wQ2VoaUh6cmVTek5UY3prYzlkIj8+IDx4OnhtcG1ldGEgeG1sbnM6eD0iYWRvYmU6bnM6bWV0YS8iIHg6eG1wdGs9IkFkb2JlIFhNUCBDb3JlIDUuMy1jMDExIDY2LjE0NTY2MSwgMjAxMi8wMi8wNi0xNDo1NjoyNyAgICAgICAgIj4gPHJkZjpSREYgeG1sbnM6cmRmPSJodHRwOi8vd3d3LnczLm9yZy8xOTk5LzAyLzIyLXJkZi1zeW50YXgtbnMjIj4gPHJkZjpEZXNjcmlwdGlvbiByZGY6YWJvdXQ9IiIgeG1sbnM6eG1wTU09Imh0dHA6Ly9ucy5hZG9iZS5jb20veGFwLzEuMC9tbS8iIHhtbG5zOnN0UmVmPSJodHRwOi8vbnMuYWRvYmUuY29tL3hhcC8xLjAvc1R5cGUvUmVzb3VyY2VSZWYjIiB4bWxuczp4bXA9Imh0dHA6Ly9ucy5hZG9iZS5jb20veGFwLzEuMC8iIHhtcE1NOk9yaWdpbmFsRG9jdW1lbnRJRD0ieG1wLmRpZDpCQjU0NjU4QjIyQTNFMTExQkI5Rjk5QkQ4RkQ5RUJFQiIgeG1wTU06RG9jdW1lbnRJRD0ieG1wLmRpZDpEQTUyOTdBQUEzRDUxMUUxQTQwN0YzMUI0Nzg3NDU1RSIgeG1wTU06SW5zdGFuY2VJRD0ieG1wLmlpZDpEQTUyOTdBOUEzRDUxMUUxQTQwN0YzMUI0Nzg3NDU1RSIgeG1wOkNyZWF0b3JUb29sPSJBZG9iZSBQaG90b3Nob3AgQ1M2IChXaW5kb3dzKSI+IDx4bXBNTTpEZXJpdmVkRnJvbSBzdFJlZjppbnN0YW5jZUlEPSJ4bXAuaWlkOjQ4MTZDRTNCRDVBM0UxMTFBQTI2QTBCMjZENzg1Qzg5IiBzdFJlZjpkb2N1bWVudElEPSJ4bXAuZGlkOkJCNTQ2NThCMjJBM0UxMTFCQjlGOTlCRDhGRDlFQkVCIi8+IDwvcmRmOkRlc2NyaXB0aW9uPiA8L3JkZjpSREY+IDwveDp4bXBtZXRhPiA8P3hwYWNrZXQgZW5kPSJyIj8+aHNJrgAAAZ1JREFUeNpsUssrRGEU/907985YMDPNYlh4hbKZPMdgR3aysrGSSFIeKyUKpewoRTYkmcgCf4MsMI2FPDYGKeUZSoru4/uc82VC+W7fOeee+zvn/M45V1uuyCmVwDogq0hDklD6jy1dspNkdxokVrIzPFUh0/MD5OdXoJDwPFtu3d2ns6TTp9oggTlFZlmN0o4AHMmXfJGo0lmGzoE1OgmNHf5YA8rmN5HfM6wADmUuHphA9cIW/JX1yiek9DIlyijxkNjBzXYche19gNcHzfShoLUdVxtLuD/cYzCoMAzCwqYrhMDx9Chs20JRWzf4nMcXcDI3pYAqQHIAtWUJbpKursMMhpA+RiAEGzpc4X5XkDB4GjaHmiZik/PIa2rBEWVlSuW9Q+T3YndskBi46QpQFcLltchtbEZyZhxna4uKhmV9Ito/gtPNOG4P99WItdlIWARNXWOAv6AEr9cplel7/ggUleDlMqUSvNnCobHKxDsNnqs8XaWUZopp/XhxTkOR+HDVOveYUge9rNLyY9SU9v+vwXuUB2R0fQkwABfn/VKSjTLBAAAAAElFTkSuQmCC) " "}*/
/*body &gt; table tbody .error.label th:first-child:before {content:url(data:image/png;base64,iVBORw0KGgoAAAANSUhEUgAAAAwAAAAMCAYAAABWdVznAAAABmJLR0QAAAAAAAD5Q7t/AAAACXBIWXMAAAsTAAALEwEAmpwYAAAAB3RJTUUH3QcKER4AdkxvvQAAAdVJREFUKM89kM9KG0EAh7/JTHazZInEQwJ68KIWLx6Etj6EjxAobYSsD+BjCJ682EOp0FMueYmS0FMICF4i6tFNzJ/dyRh2Znoo6Xf+Pn7wEzc3Nx/W6/UvY8xJnudkWYa1Fu893nviOCaKIhuG4R/v/Ve1Xq9/bG1tnezs7JDnOVpr3t/fcc4hpaRSqVCpVORqtTp9e3v7rrTWn5vNJpPJhHK5zHg8JssyvPeEYcjR0RFpmlKr1ZjP5x9Li8VCbOR2u83BwQEvLy88PT1xfHzMxcUFQgjSNCXLskDlec5sNuPx8REpJZ1Oh+fnZ4QQnJ+fc319Tb/fZ29vD601SmvNdDplsVhwe3vLaDTi6uoKgCRJGAwGNBoNXl9fMcZQcs5hjGG1WpHnObVajQ3VahWtNcYYjDE451Cb+7z3JElCkiScnZ0hpaTX67G7u0u328V7/y+oVqsIITg8PKTT6dBqtRgOhzjnaLVa3N3dcX9/z3K5JI5jxOXlpSuKQqRpirWWh4eH//Plcpn9/X2cc2xvb1MqlQqllBpYa0/jOGYymdBsNsmyDOccURRRFAX1eh2lFGEY/lZBEHyx1v703n8KgkBEUYSUEu/9RkIIUQRB0A/D8NtflUT+nn4OS+0AAAAASUVORK5CYII=) " "}*/
.failed.label th:first-child:before, .failed.label td:first-child:before {content:url(data:image/png;base64,iVBORw0KGgoAAAANSUhEUgAAAAwAAAAMCAYAAABWdVznAAAAGXRFWHRTb2Z0d2FyZQBBZG9iZSBJbWFnZVJlYWR5ccllPAAAA2ZpVFh0WE1MOmNvbS5hZG9iZS54bXAAAAAAADw/eHBhY2tldCBiZWdpbj0i77u/IiBpZD0iVzVNME1wQ2VoaUh6cmVTek5UY3prYzlkIj8+IDx4OnhtcG1ldGEgeG1sbnM6eD0iYWRvYmU6bnM6bWV0YS8iIHg6eG1wdGs9IkFkb2JlIFhNUCBDb3JlIDUuMy1jMDExIDY2LjE0NTY2MSwgMjAxMi8wMi8wNi0xNDo1NjoyNyAgICAgICAgIj4gPHJkZjpSREYgeG1sbnM6cmRmPSJodHRwOi8vd3d3LnczLm9yZy8xOTk5LzAyLzIyLXJkZi1zeW50YXgtbnMjIj4gPHJkZjpEZXNjcmlwdGlvbiByZGY6YWJvdXQ9IiIgeG1sbnM6eG1wTU09Imh0dHA6Ly9ucy5hZG9iZS5jb20veGFwLzEuMC9tbS8iIHhtbG5zOnN0UmVmPSJodHRwOi8vbnMuYWRvYmUuY29tL3hhcC8xLjAvc1R5cGUvUmVzb3VyY2VSZWYjIiB4bWxuczp4bXA9Imh0dHA6Ly9ucy5hZG9iZS5jb20veGFwLzEuMC8iIHhtcE1NOk9yaWdpbmFsRG9jdW1lbnRJRD0ieG1wLmRpZDpCQjU0NjU4QjIyQTNFMTExQkI5Rjk5QkQ4RkQ5RUJFQiIgeG1wTU06RG9jdW1lbnRJRD0ieG1wLmRpZDpEQTUyOTdBQUEzRDUxMUUxQTQwN0YzMUI0Nzg3NDU1RSIgeG1wTU06SW5zdGFuY2VJRD0ieG1wLmlpZDpEQTUyOTdBOUEzRDUxMUUxQTQwN0YzMUI0Nzg3NDU1RSIgeG1wOkNyZWF0b3JUb29sPSJBZG9iZSBQaG90b3Nob3AgQ1M2IChXaW5kb3dzKSI+IDx4bXBNTTpEZXJpdmVkRnJvbSBzdFJlZjppbnN0YW5jZUlEPSJ4bXAuaWlkOjQ4MTZDRTNCRDVBM0UxMTFBQTI2QTBCMjZENzg1Qzg5IiBzdFJlZjpkb2N1bWVudElEPSJ4bXAuZGlkOkJCNTQ2NThCMjJBM0UxMTFCQjlGOTlCRDhGRDlFQkVCIi8+IDwvcmRmOkRlc2NyaXB0aW9uPiA8L3JkZjpSREY+IDwveDp4bXBtZXRhPiA8P3hwYWNrZXQgZW5kPSJyIj8+aHNJrgAAAZ1JREFUeNpsUssrRGEU/907985YMDPNYlh4hbKZPMdgR3aysrGSSFIeKyUKpewoRTYkmcgCf4MsMI2FPDYGKeUZSoru4/uc82VC+W7fOeee+zvn/M45V1uuyCmVwDogq0hDklD6jy1dspNkdxokVrIzPFUh0/MD5OdXoJDwPFtu3d2ns6TTp9oggTlFZlmN0o4AHMmXfJGo0lmGzoE1OgmNHf5YA8rmN5HfM6wADmUuHphA9cIW/JX1yiek9DIlyijxkNjBzXYche19gNcHzfShoLUdVxtLuD/cYzCoMAzCwqYrhMDx9Chs20JRWzf4nMcXcDI3pYAqQHIAtWUJbpKursMMhpA+RiAEGzpc4X5XkDB4GjaHmiZik/PIa2rBEWVlSuW9Q+T3YndskBi46QpQFcLltchtbEZyZhxna4uKhmV9Ito/gtPNOG4P99WItdlIWARNXWOAv6AEr9cplel7/ggUleDlMqUSvNnCobHKxDsNnqs8XaWUZopp/XhxTkOR+HDVOveYUge9rNLyY9SU9v+vwXuUB2R0fQkwABfn/VKSjTLBAAAAAElFTkSuQmCC) " "}
.error.label th:first-child:before, .error.label td:first-child:before {content:url(data:image/png;base64,iVBORw0KGgoAAAANSUhEUgAAAAwAAAAMCAYAAABWdVznAAAABmJLR0QAAAAAAAD5Q7t/AAAACXBIWXMAAAsTAAALEwEAmpwYAAAAB3RJTUUH3QcKER4AdkxvvQAAAdVJREFUKM89kM9KG0EAh7/JTHazZInEQwJ68KIWLx6Etj6EjxAobYSsD+BjCJ682EOp0FMueYmS0FMICF4i6tFNzJ/dyRh2Znoo6Xf+Pn7wEzc3Nx/W6/UvY8xJnudkWYa1Fu893nviOCaKIhuG4R/v/Ve1Xq9/bG1tnezs7JDnOVpr3t/fcc4hpaRSqVCpVORqtTp9e3v7rrTWn5vNJpPJhHK5zHg8JssyvPeEYcjR0RFpmlKr1ZjP5x9Li8VCbOR2u83BwQEvLy88PT1xfHzMxcUFQgjSNCXLskDlec5sNuPx8REpJZ1Oh+fnZ4QQnJ+fc319Tb/fZ29vD601SmvNdDplsVhwe3vLaDTi6uoKgCRJGAwGNBoNXl9fMcZQcs5hjGG1WpHnObVajQ3VahWtNcYYjDE451Cb+7z3JElCkiScnZ0hpaTX67G7u0u328V7/y+oVqsIITg8PKTT6dBqtRgOhzjnaLVa3N3dcX9/z3K5JI5jxOXlpSuKQqRpirWWh4eH//Plcpn9/X2cc2xvb1MqlQqllBpYa0/jOGYymdBsNsmyDOccURRRFAX1eh2lFGEY/lZBEHyx1v703n8KgkBEUYSUEu/9RkIIUQRB0A/D8NtflUT+nn4OS+0AAAAASUVORK5CYII=) " "}
.pending.label th:first-child:before, .pending.label td:first-child:before {content:url(data:image/png;base64,iVBORw0KGgoAAAANSUhEUgAAAAwAAAAMCAYAAABWdVznAAAAGXRFWHRTb2Z0d2FyZQBBZG9iZSBJbWFnZVJlYWR5ccllPAAAA2ZpVFh0WE1MOmNvbS5hZG9iZS54bXAAAAAAADw/eHBhY2tldCBiZWdpbj0i77u/IiBpZD0iVzVNME1wQ2VoaUh6cmVTek5UY3prYzlkIj8+IDx4OnhtcG1ldGEgeG1sbnM6eD0iYWRvYmU6bnM6bWV0YS8iIHg6eG1wdGs9IkFkb2JlIFhNUCBDb3JlIDUuMy1jMDExIDY2LjE0NTY2MSwgMjAxMi8wMi8wNi0xNDo1NjoyNyAgICAgICAgIj4gPHJkZjpSREYgeG1sbnM6cmRmPSJodHRwOi8vd3d3LnczLm9yZy8xOTk5LzAyLzIyLXJkZi1zeW50YXgtbnMjIj4gPHJkZjpEZXNjcmlwdGlvbiByZGY6YWJvdXQ9IiIgeG1sbnM6eG1wTU09Imh0dHA6Ly9ucy5hZG9iZS5jb20veGFwLzEuMC9tbS8iIHhtbG5zOnN0UmVmPSJodHRwOi8vbnMuYWRvYmUuY29tL3hhcC8xLjAvc1R5cGUvUmVzb3VyY2VSZWYjIiB4bWxuczp4bXA9Imh0dHA6Ly9ucy5hZG9iZS5jb20veGFwLzEuMC8iIHhtcE1NOk9yaWdpbmFsRG9jdW1lbnRJRD0ieG1wLmRpZDpCQjU0NjU4QjIyQTNFMTExQkI5Rjk5QkQ4RkQ5RUJFQiIgeG1wTU06RG9jdW1lbnRJRD0ieG1wLmRpZDpDODdDM0Y0QUEzRDUxMUUxQjk5N0MzQjVFRDMyQUE1MiIgeG1wTU06SW5zdGFuY2VJRD0ieG1wLmlpZDpDODdDM0Y0OUEzRDUxMUUxQjk5N0MzQjVFRDMyQUE1MiIgeG1wOkNyZWF0b3JUb29sPSJBZG9iZSBQaG90b3Nob3AgQ1M2IChXaW5kb3dzKSI+IDx4bXBNTTpEZXJpdmVkRnJvbSBzdFJlZjppbnN0YW5jZUlEPSJ4bXAuaWlkOjQ4MTZDRTNCRDVBM0UxMTFBQTI2QTBCMjZENzg1Qzg5IiBzdFJlZjpkb2N1bWVudElEPSJ4bXAuZGlkOkJCNTQ2NThCMjJBM0UxMTFCQjlGOTlCRDhGRDlFQkVCIi8+IDwvcmRmOkRlc2NyaXB0aW9uPiA8L3JkZjpSREY+IDwveDp4bXBtZXRhPiA8P3hwYWNrZXQgZW5kPSJyIj8+yj6RYgAAAPZJREFUeNp0kM8KgkAQxmc1E0Wfo3vQn5eRSDx4EUHwbTpEhx4lil7DiydBQUFXp5nAMNsGhpnd/X77za4Iw3CFiFcAWFMFDkXtKZ/UHhfUnB3HWdu2/REpAL2u631ZlicGdpZlwTAMSmBM0zS5bhgQLB5FU3AOUS4XvNn3vVKgAACCIMA0TbFpGsyyDJMkefdFUWAcx1hVFeZ5jlEUoed5qPEI7KDrOhiG8e6llNC27Zcz77FW+L6Pruv+WKtGIzfgR39umv/UHOJgAMlO/BPOXCQDD5p3r2ma8lvHNU9BcWPg0HXdhRZbOhRT8aSXVO9U/ZcAAwAsmjsSQcM0lwAAAABJRU5ErkJggg==) " ";}
.successful.label th:first-child:before, .successful.label td:first-child:before {content:url(data:image/png;base64,iVBORw0KGgoAAAANSUhEUgAAAAwAAAAMCAYAAABWdVznAAAAGXRFWHRTb2Z0d2FyZQBBZG9iZSBJbWFnZVJlYWR5ccllPAAAA2ZpVFh0WE1MOmNvbS5hZG9iZS54bXAAAAAAADw/eHBhY2tldCBiZWdpbj0i77u/IiBpZD0iVzVNME1wQ2VoaUh6cmVTek5UY3prYzlkIj8+IDx4OnhtcG1ldGEgeG1sbnM6eD0iYWRvYmU6bnM6bWV0YS8iIHg6eG1wdGs9IkFkb2JlIFhNUCBDb3JlIDUuMy1jMDExIDY2LjE0NTY2MSwgMjAxMi8wMi8wNi0xNDo1NjoyNyAgICAgICAgIj4gPHJkZjpSREYgeG1sbnM6cmRmPSJodHRwOi8vd3d3LnczLm9yZy8xOTk5LzAyLzIyLXJkZi1zeW50YXgtbnMjIj4gPHJkZjpEZXNjcmlwdGlvbiByZGY6YWJvdXQ9IiIgeG1sbnM6eG1wTU09Imh0dHA6Ly9ucy5hZG9iZS5jb20veGFwLzEuMC9tbS8iIHhtbG5zOnN0UmVmPSJodHRwOi8vbnMuYWRvYmUuY29tL3hhcC8xLjAvc1R5cGUvUmVzb3VyY2VSZWYjIiB4bWxuczp4bXA9Imh0dHA6Ly9ucy5hZG9iZS5jb20veGFwLzEuMC8iIHhtcE1NOk9yaWdpbmFsRG9jdW1lbnRJRD0ieG1wLmRpZDpCQjU0NjU4QjIyQTNFMTExQkI5Rjk5QkQ4RkQ5RUJFQiIgeG1wTU06RG9jdW1lbnRJRD0ieG1wLmRpZDpEMDVBNThBQUEzRDUxMUUxQjdCQkM2QUNBMTNBMDExNiIgeG1wTU06SW5zdGFuY2VJRD0ieG1wLmlpZDpEMDVBNThBOUEzRDUxMUUxQjdCQkM2QUNBMTNBMDExNiIgeG1wOkNyZWF0b3JUb29sPSJBZG9iZSBQaG90b3Nob3AgQ1M2IChXaW5kb3dzKSI+IDx4bXBNTTpEZXJpdmVkRnJvbSBzdFJlZjppbnN0YW5jZUlEPSJ4bXAuaWlkOjQ4MTZDRTNCRDVBM0UxMTFBQTI2QTBCMjZENzg1Qzg5IiBzdFJlZjpkb2N1bWVudElEPSJ4bXAuZGlkOkJCNTQ2NThCMjJBM0UxMTFCQjlGOTlCRDhGRDlFQkVCIi8+IDwvcmRmOkRlc2NyaXB0aW9uPiA8L3JkZjpSREY+IDwveDp4bXBtZXRhPiA8P3hwYWNrZXQgZW5kPSJyIj8+xJ3YrgAAAYBJREFUeNpsUrtKA1EQPZtdY4gEQiD4QCsLEVGX4CP4AykEq1hYiGghCDZ+gBZWVtrZ+EAjaGOhfoAkNiaKhYWICilMEQNqoYjZ5O4d5+6ucQuLM3funDNzD7OrLe229YBwSKAEnyAP/pyIbL5fcz5rcNiLtuqJSEz3ickn5ruE/vFmJ9/LYjvAldGWqA7bJkgPtoAHQrS5G6NdiwhFWCoxHOCgKUL+iurkCBVawyamE8d4qmSZ51clBZUlh+RG14JzEsJNcaTNLVwWd1B6vXXqkmGoYNeVUPnW3JNr4+YarPoncvebEAKNekAlokaY6N/A1NA+SBgY6Eijtz2Fs5sVWNWawysorWNJsO+q9QWzaxLTYwfojA3isZzDfSnrWvTsNiyp7pOrZURC7ejrTDEpcVpY9ab+NSioLZEiapZA5nwBxZcC8g9HeK7ccYM7TDnwmoU2vx6/NIJaUjc0b0u8YvJNle5HdJvlhbI0Y31ThqsjTGr0/+8hOOQ5nfsRYACtHiy+FDd82wAAAABJRU5ErkJggg==) " "}
/*.successful.label a:before {content:url(data:image/png;base64,iVBORw0KGgoAAAANSUhEUgAAAAwAAAAMCAYAAABWdVznAAAAGXRFWHRTb2Z0d2FyZQBBZG9iZSBJbWFnZVJlYWR5ccllPAAAA2ZpVFh0WE1MOmNvbS5hZG9iZS54bXAAAAAAADw/eHBhY2tldCBiZWdpbj0i77u/IiBpZD0iVzVNME1wQ2VoaUh6cmVTek5UY3prYzlkIj8+IDx4OnhtcG1ldGEgeG1sbnM6eD0iYWRvYmU6bnM6bWV0YS8iIHg6eG1wdGs9IkFkb2JlIFhNUCBDb3JlIDUuMy1jMDExIDY2LjE0NTY2MSwgMjAxMi8wMi8wNi0xNDo1NjoyNyAgICAgICAgIj4gPHJkZjpSREYgeG1sbnM6cmRmPSJodHRwOi8vd3d3LnczLm9yZy8xOTk5LzAyLzIyLXJkZi1zeW50YXgtbnMjIj4gPHJkZjpEZXNjcmlwdGlvbiByZGY6YWJvdXQ9IiIgeG1sbnM6eG1wTU09Imh0dHA6Ly9ucy5hZG9iZS5jb20veGFwLzEuMC9tbS8iIHhtbG5zOnN0UmVmPSJodHRwOi8vbnMuYWRvYmUuY29tL3hhcC8xLjAvc1R5cGUvUmVzb3VyY2VSZWYjIiB4bWxuczp4bXA9Imh0dHA6Ly9ucy5hZG9iZS5jb20veGFwLzEuMC8iIHhtcE1NOk9yaWdpbmFsRG9jdW1lbnRJRD0ieG1wLmRpZDpCQjU0NjU4QjIyQTNFMTExQkI5Rjk5QkQ4RkQ5RUJFQiIgeG1wTU06RG9jdW1lbnRJRD0ieG1wLmRpZDpEMDVBNThBQUEzRDUxMUUxQjdCQkM2QUNBMTNBMDExNiIgeG1wTU06SW5zdGFuY2VJRD0ieG1wLmlpZDpEMDVBNThBOUEzRDUxMUUxQjdCQkM2QUNBMTNBMDExNiIgeG1wOkNyZWF0b3JUb29sPSJBZG9iZSBQaG90b3Nob3AgQ1M2IChXaW5kb3dzKSI+IDx4bXBNTTpEZXJpdmVkRnJvbSBzdFJlZjppbnN0YW5jZUlEPSJ4bXAuaWlkOjQ4MTZDRTNCRDVBM0UxMTFBQTI2QTBCMjZENzg1Qzg5IiBzdFJlZjpkb2N1bWVudElEPSJ4bXAuZGlkOkJCNTQ2NThCMjJBM0UxMTFCQjlGOTlCRDhGRDlFQkVCIi8+IDwvcmRmOkRlc2NyaXB0aW9uPiA8L3JkZjpSREY+IDwveDp4bXBtZXRhPiA8P3hwYWNrZXQgZW5kPSJyIj8+xJ3YrgAAAYBJREFUeNpsUrtKA1EQPZtdY4gEQiD4QCsLEVGX4CP4AykEq1hYiGghCDZ+gBZWVtrZ+EAjaGOhfoAkNiaKhYWICilMEQNqoYjZ5O4d5+6ucQuLM3funDNzD7OrLe229YBwSKAEnyAP/pyIbL5fcz5rcNiLtuqJSEz3ickn5ruE/vFmJ9/LYjvAldGWqA7bJkgPtoAHQrS5G6NdiwhFWCoxHOCgKUL+iurkCBVawyamE8d4qmSZ51clBZUlh+RG14JzEsJNcaTNLVwWd1B6vXXqkmGoYNeVUPnW3JNr4+YarPoncvebEAKNekAlokaY6N/A1NA+SBgY6Eijtz2Fs5sVWNWawysorWNJsO+q9QWzaxLTYwfojA3isZzDfSnrWvTsNiyp7pOrZURC7ejrTDEpcVpY9ab+NSioLZEiapZA5nwBxZcC8g9HeK7ccYM7TDnwmoU2vx6/NIJaUjc0b0u8YvJNle5HdJvlhbI0Y31ThqsjTGr0/+8hOOQ5nfsRYACtHiy+FDd82wAAAABJRU5ErkJggg==) " "}*/

.xspecResult { width: 90%; table-layout: fixed; }

.xspecResult td,
.xspecResult th { width: 50%; }

/*.xspecResult pre { 
  margin-left: 0; 
  padding: 0.5em; 
  overflow: auto; 
  border: 1px #999 dotted;
}*/

span.scenario-totals {float: right; width: 14.5%; text-align: left}

/* OXYGEN */
span.scenario-totals {float: right; width: 34.5%; text-align: right}

h2.failed {
    background-color: #FCC;
}

h1, h2 {
    width: 86%;
    /*margin-left: 3%;*/
    
    font-size:1.4em;
    font-weight:bold;
    text-align:left;
    margin-top:1.4em;
    margin-bottom:0.7em;
    color:#333333;
    background-color:inherit;
}

h1 {
    font-size:1.7em;
}

body &gt; h1:first-child:before {
    content:"XSLT UNIT ";
}

body &gt; h2:first-of-type {
    font-size:1.7em;
}

div &gt; table &gt; tbody &gt; tr &gt; th:first-child {
    font-weight:bold;
}

div &gt; h3 {
    font-weight:bold;
    /*margin-left: 3%;*/
}

div &gt; h4 {
    font-weight:normal;
    /*margin-left: 4%;*/
}

th.result { text-align: center; }
/* OXYGEN */


/* ------------------------------------------------------------------------ */
/*  DO NOT ALTER OR REMOVE COPYRIGHT NOTICES OR THIS COMMENT.               */
/*                                                                          */
/*  Copyright (c) 2008, 2010 Jeni Tennsion                                  */
/*                                                                          */
/*  The contents of this file are subject to the MIT License (see the URI   */
/*  http://www.opensource.org/licenses/mit-license.php for details).        */
/*                                                                          */
/*  Permission is hereby granted, free of charge, to any person obtaining   */
/*  a copy of this software and associated documentation files (the         */
/*  "Software"), to deal in the Software without restriction, including     */
/*  without limitation the rights to use, copy, modify, merge, publish,     */
/*  distribute, sublicense, and/or sell copies of the Software, and to      */
/*  permit persons to whom the Software is furnished to do so, subject to   */
/*  the following conditions:                                               */
/*                                                                          */
/*  The above copyright notice and this permission notice shall be          */
/*  included in all copies or substantial portions of the Software.         */
/*                                                                          */
/*  THE SOFTWARE IS PROVIDED "AS IS", WITHOUT WARRANTY OF ANY KIND,         */
/*  EXPRESS OR IMPLIED, INCLUDING BUT NOT LIMITED TO THE WARRANTIES OF      */
/*  MERCHANTABILITY, FITNESS FOR A PARTICULAR PURPOSE AND NONINFRINGEMENT.  */
/*  IN NO EVENT SHALL THE AUTHORS OR COPYRIGHT HOLDERS BE LIABLE FOR ANY    */
/*  CLAIM, DAMAGES OR OTHER LIABILITY, WHETHER IN AN ACTION OF CONTRACT,    */
/*  TORT OR OTHERWISE, ARISING FROM, OUT OF OR IN CONNECTION WITH THE       */
/*  SOFTWARE OR THE USE OR OTHER DEALINGS IN THE SOFTWARE.                  */
/* ------------------------------------------------------------------------ */

.nobr { white-space: nowrap; }
.scenario-label { text-indent: 0px; }
.context-label { text-indent: 10px; }
.test-label { text-indent: 20px; }
.pending-label { text-indent: 30px; }


        /**/</style>
    </head><body><h1>Test Report</h1><p>Script: <a href="file:/home/jostein/xprocspec/xprocspec/src/test/xprocspec/tests/option-1.xprocspec">file:/home/jostein/xprocspec/xprocspec/src/test/xprocspec/tests/option-1.xprocspec</a></p><p>Tested: 2013-12-02T14:36:11.781+01:00</p><h2>Contents</h2><table class="xspec"><col width="75%"/><col width="5%"/><col width="5%"/><col width="5%"/><col width="5%"/><col width="5%"/><thead><tr><th/><th class="result">passed:12</th><th class="result">pending:0</th><th class="result">failed:0</th><th class="result">errors:0</th><th class="result">total:12</th></tr></thead><tbody><tr class="successful label"><th><a href="#step1">ex:identity</a></th><th class="result">12</th><th class="result">0</th><th class="result">0</th><th class="result">0</th><th class="result">12</th></tr></tbody></table><div id="step1"><h2 class="successful">Calling: <a href="file:/home/jostein/xprocspec/xprocspec/src/test/xprocspec/steps/identity.xpl">ex:identity</a><span class="scenario-totals">passed:12 / pending:0 /
                                        failed:0 / errors:0 / total:12</span></h2><table class="xspec"><col width="80%"/><col width="20%"/><tbody><tr class="successful label"><th class="scenario-label">identity - base-uri</th><th class="nobr">passed:7 / pending:0 / failed:0 / errors:0 / total:7</th></tr><tr class="successful label"><th class="context-label">errors</th><th class="nobr">passed:1 / pending:0 / failed:0 / errors:0 / total:1</th></tr><tr class="successful label"><td class="test-label">the step should execute successfully without throwing any errors</td><td>Success</td></tr><tr class="successful label"><th class="context-label">the options</th><th class="nobr">passed:6 / pending:0 / failed:0 / errors:0 / total:6</th></tr><tr class="successful label"><td class="test-label">Options should be wrapped in a c:options element</td><td>Success</td></tr><tr class="successful label"><td class="test-label">Options should not be wrapped in something other than a c:options element</td><td>Success</td></tr><tr class="successful label"><td class="test-label">Options should be stored in c:option elements inside the root c:options element</td><td>Success</td></tr><tr class="successful label"><td class="test-label">base-uri(.) should refer to the base URI of the xprocspec test document</td><td>Success</td></tr><tr class="successful label"><td class="test-label">base-uri(/*) should refer to the base URI of the xprocspec test document</td><td>Success</td></tr><tr class="successful label"><td class="test-label">base-uri() should refer to the base URI of the xprocspec test document</td><td>Success</td></tr><tr class="successful label"><th class="scenario-label">identity - variables</th><th class="nobr">passed:5 / pending:0 / failed:0 / errors:0 / total:5</th></tr><tr class="successful label"><th class="context-label">errors</th><th class="nobr">passed:1 / pending:0 / failed:0 / errors:0 / total:1</th></tr><tr class="successful label"><td class="test-label">the step should execute successfully without throwing any errors</td><td>Success</td></tr><tr class="successful label"><th class="context-label">the options</th><th class="nobr">passed:4 / pending:0 / failed:0 / errors:0 / total:4</th></tr><tr class="successful label"><td class="test-label">The $temp-dir variable should be available from both the x:option @select attribute and the x:expect @test attributes</td><td>Success</td></tr><tr class="successful label"><td class="test-label">The $temp-dir variable should be available from both the @test and @equals attributes</td><td>Success</td></tr><tr class="successful label"><td class="test-label">The $test-base-uri variable should be available from both the x:option @select attribute and the x:expect @test attributes</td><td>Success</td></tr><tr class="successful label"><td class="test-label">The $test-base-uri variable should be available from both the @test and @equals attributes</td><td>Success</td></tr></tbody></table></div><h2>Execution log</h2><table><thead><tr><th>Time</th><th>Severity</th><th>Message</th></tr></thead><tbody><tr style=""><td>0.000</td><td style="padding-left:0%;">INFO</td><td><code><pre>#### file:/home/jostein/xprocspec/xprocspec/src/test/xprocspec/tests/option-1.xprocspec ####</pre></code></td></tr><tr style=""><td>0.005</td><td style="padding-left:0%;">INFO</td><td><code><pre> * temporary directory: file:/tmp/xprocspec-20131202143557583/</pre></code></td></tr><tr style=""><td>0.011</td><td style="padding-left:0%;">INFO</td><td><code><pre>preprocessing...</pre></code></td></tr><tr style=""><td>0.026</td><td style="padding-left:0%;">INFO</td><td><code><pre> * checking for imports</pre></code></td></tr><tr style=""><td>0.033</td><td style="padding-left:0%;">INFO</td><td><code><pre> * checking file:/home/jostein/xprocspec/xprocspec/src/test/xprocspec/tests/option-1.xprocspec for imports</pre></code></td></tr><tr style=""><td>0.038</td><td style="padding-left:0%;">INFO</td><td><code><pre> * extracting step declarations from file:/home/jostein/xprocspec/xprocspec/src/test/xprocspec/steps/identity.xpl</pre></code></td></tr><tr style=""><td>0.045</td><td style="padding-left:0%;">INFO</td><td><code><pre> * tests reference 1 step</pre></code></td></tr><tr style=""><td>0.051</td><td style="padding-left:0%;">INFO</td><td><code><pre>   * step: e:identity</pre></code></td></tr><tr style=""><td>0.056</td><td style="padding-left:0%;">INFO</td><td><code><pre> * trying to load: file:/home/jostein/xprocspec/xprocspec/src/test/xprocspec/steps/identity.xpl</pre></code></td></tr><tr style=""><td>0.063</td><td style="padding-left:0%;">INFO</td><td><code><pre>   * success!</pre></code></td></tr><tr style=""><td>0.071</td><td style="padding-left:0%;">INFO</td><td><code><pre> * trying to extract the step declaration for {http://example.net/ns}identity from file:/home/jostein/xprocspec/xprocspec/src/test/xprocspec/steps/identity.xpl</pre></code></td></tr><tr style=""><td>0.085</td><td style="padding-left:0%;">INFO</td><td><code><pre> * creating a new x:description document for each x:scenario element with inferred inputs, options and parameters</pre></code></td></tr><tr style=""><td>0.105</td><td style="padding-left:0%;">INFO</td><td><code><pre> * validating output grammar</pre></code></td></tr><tr style=""><td>0.113</td><td style="padding-left:0%;">INFO</td><td><code><pre> * validating output grammar</pre></code></td></tr><tr style=""><td>0.120</td><td style="padding-left:0%;">INFO</td><td><code><pre>compiling...</pre></code></td></tr><tr style=""><td>0.128</td><td style="padding-left:0%;">INFO</td><td><code><pre> * created directory using Calabash's cxf:mkdir</pre></code></td></tr><tr style=""><td>0.134</td><td style="padding-left:0%;">INFO</td><td><code><pre> * converting test 'test1' to XProc</pre></code></td></tr><tr style=""><td>0.149</td><td style="padding-left:0%;">INFO</td><td><code><pre>   * done</pre></code></td></tr><tr style=""><td>0.157</td><td style="padding-left:0%;">INFO</td><td><code><pre> * validating output grammar for file:/home/jostein/xprocspec/xprocspec/src/test/xprocspec/tests/option-1.xprocspec</pre></code></td></tr><tr style=""><td>0.168</td><td style="padding-left:0%;">INFO</td><td><code><pre>   * done!</pre></code></td></tr><tr style=""><td>0.175</td><td style="padding-left:0%;">INFO</td><td><code><pre> * converting test 'test2' to XProc</pre></code></td></tr><tr style=""><td>0.188</td><td style="padding-left:0%;">INFO</td><td><code><pre>   * done</pre></code></td></tr><tr style=""><td>0.196</td><td style="padding-left:0%;">INFO</td><td><code><pre> * validating output grammar for file:/home/jostein/xprocspec/xprocspec/src/test/xprocspec/tests/option-1.xprocspec</pre></code></td></tr><tr style=""><td>0.202</td><td style="padding-left:0%;">INFO</td><td><code><pre>   * done!</pre></code></td></tr><tr style=""><td>0.210</td><td style="padding-left:0%;">INFO</td><td><code><pre> * using as temporary directory: file:/tmp/xprocspec-20131202143557583/xprocspec-20131202143610867/</pre></code></td></tr><tr style=""><td>0.216</td><td style="padding-left:0%;">INFO</td><td><code><pre>storing...</pre></code></td></tr><tr style=""><td>0.228</td><td style="padding-left:0%;">INFO</td><td><code><pre>running...</pre></code></td></tr><tr style=""><td>0.236</td><td style="padding-left:0%;">INFO</td><td><code><pre>   * loading 'file:/tmp/xprocspec-20131202143557583/test1.xpl'</pre></code></td></tr><tr style=""><td>0.294</td><td style="padding-left:0%;">INFO</td><td><code><pre>   * loading 'file:/tmp/xprocspec-20131202143557583/test2.xpl'</pre></code></td></tr><tr style=""><td>0.350</td><td style="padding-left:0%;">INFO</td><td><code><pre>evaluating...</pre></code></td></tr><tr style=""><td>0.362</td><td style="padding-left:0%;">INFO</td><td><code><pre> * evaluating scenario 'identity - base-uri' (file:/home/jostein/xprocspec/xprocspec/src/test/xprocspec/tests/option-1.xprocspec)</pre></code></td></tr><tr style=""><td>0.370</td><td style="padding-left:0%;">INFO</td><td><code><pre>   * resolving x:document elements...</pre></code></td></tr><tr style=""><td>0.380</td><td style="padding-left:0%;">INFO</td><td><code><pre>    * no errors occured</pre></code></td></tr><tr style=""><td>0.413</td><td style="padding-left:0%;">INFO</td><td><code><pre>   * grouping x:expect elements with their x:context...</pre></code></td></tr><tr style=""><td>0.423</td><td style="padding-left:0%;">INFO</td><td><code><pre>   * evaluating each context/expect group...</pre></code></td></tr><tr style=""><td>0.430</td><td style="padding-left:0%;">INFO</td><td><code><pre>     * setting context to 'errors'</pre></code></td></tr><tr style=""><td>0.438</td><td style="padding-left:0%;">INFO</td><td><code><pre>       * testing assertion 'the step should execute successfully without throwing any errors'</pre></code></td></tr><tr style=""><td>0.446</td><td style="padding-left:0%;">INFO</td><td><code><pre>         * is document count assertion</pre></code></td></tr><tr style=""><td>0.453</td><td style="padding-left:0%;">INFO</td><td><code><pre>         * assertion passed</pre></code></td></tr><tr style=""><td>0.463</td><td style="padding-left:0%;">INFO</td><td><code><pre>     * setting context to 'the options'</pre></code></td></tr><tr style=""><td>0.471</td><td style="padding-left:0%;">INFO</td><td><code><pre>       * testing assertion 'Options should be wrapped in a c:options element'</pre></code></td></tr><tr style=""><td>0.481</td><td style="padding-left:0%;">INFO</td><td><code><pre>         * is xpath assertion</pre></code></td></tr><tr style=""><td>0.493</td><td style="padding-left:0%;">INFO</td><td><code><pre>       * testing assertion 'Options should not be wrapped in something other than a c:options element'</pre></code></td></tr><tr style=""><td>0.502</td><td style="padding-left:0%;">INFO</td><td><code><pre>         * is xpath assertion</pre></code></td></tr><tr style=""><td>0.512</td><td style="padding-left:0%;">INFO</td><td><code><pre>       * testing assertion 'Options should be stored in c:option elements inside the root c:options element'</pre></code></td></tr><tr style=""><td>0.521</td><td style="padding-left:0%;">INFO</td><td><code><pre>         * is xpath assertion</pre></code></td></tr><tr style=""><td>0.532</td><td style="padding-left:0%;">INFO</td><td><code><pre>       * testing assertion 'base-uri(.) should refer to the base URI of the xprocspec test document'</pre></code></td></tr><tr style=""><td>0.541</td><td style="padding-left:0%;">INFO</td><td><code><pre>         * is xpath assertion</pre></code></td></tr><tr style=""><td>0.552</td><td style="padding-left:0%;">INFO</td><td><code><pre>       * testing assertion 'base-uri(/*) should refer to the base URI of the xprocspec test document'</pre></code></td></tr><tr style=""><td>0.561</td><td style="padding-left:0%;">INFO</td><td><code><pre>         * is xpath assertion</pre></code></td></tr><tr style=""><td>0.572</td><td style="padding-left:0%;">INFO</td><td><code><pre>       * testing assertion 'base-uri() should refer to the base URI of the xprocspec test document'</pre></code></td></tr><tr style=""><td>0.582</td><td style="padding-left:0%;">INFO</td><td><code><pre>         * is xpath assertion</pre></code></td></tr><tr style=""><td>0.601</td><td style="padding-left:0%;">INFO</td><td><code><pre> * evaluating scenario 'identity - variables' (file:/home/jostein/xprocspec/xprocspec/src/test/xprocspec/tests/option-1.xprocspec)</pre></code></td></tr><tr style=""><td>0.610</td><td style="padding-left:0%;">INFO</td><td><code><pre>   * resolving x:document elements...</pre></code></td></tr><tr style=""><td>0.621</td><td style="padding-left:0%;">INFO</td><td><code><pre>    * no errors occured</pre></code></td></tr><tr style=""><td>0.656</td><td style="padding-left:0%;">INFO</td><td><code><pre>   * grouping x:expect elements with their x:context...</pre></code></td></tr><tr style=""><td>0.666</td><td style="padding-left:0%;">INFO</td><td><code><pre>   * evaluating each context/expect group...</pre></code></td></tr><tr style=""><td>0.674</td><td style="padding-left:0%;">INFO</td><td><code><pre>     * setting context to 'errors'</pre></code></td></tr><tr style=""><td>0.683</td><td style="padding-left:0%;">INFO</td><td><code><pre>       * testing assertion 'the step should execute successfully without throwing any errors'</pre></code></td></tr><tr style=""><td>0.692</td><td style="padding-left:0%;">INFO</td><td><code><pre>         * is document count assertion</pre></code></td></tr><tr style=""><td>0.801</td><td style="padding-left:0%;">INFO</td><td><code><pre>         * assertion passed</pre></code></td></tr><tr style=""><td>0.811</td><td style="padding-left:0%;">INFO</td><td><code><pre>     * setting context to 'the options'</pre></code></td></tr><tr style=""><td>0.820</td><td style="padding-left:0%;">INFO</td><td><code><pre>       * testing assertion 'The $temp-dir variable should be available from both the x:option @select attribute and the x:expect @test attributes'</pre></code></td></tr><tr style=""><td>0.830</td><td style="padding-left:0%;">INFO</td><td><code><pre>         * is xpath assertion</pre></code></td></tr><tr style=""><td>0.842</td><td style="padding-left:0%;">INFO</td><td><code><pre>       * testing assertion 'The $temp-dir variable should be available from both the @test and @equals attributes'</pre></code></td></tr><tr style=""><td>0.852</td><td style="padding-left:0%;">INFO</td><td><code><pre>         * is xpath assertion</pre></code></td></tr><tr style=""><td>0.864</td><td style="padding-left:0%;">INFO</td><td><code><pre>       * testing assertion 'The $test-base-uri variable should be available from both the x:option @select attribute and the x:expect @test attributes'</pre></code></td></tr><tr style=""><td>0.874</td><td style="padding-left:0%;">INFO</td><td><code><pre>         * is xpath assertion</pre></code></td></tr><tr style=""><td>0.886</td><td style="padding-left:0%;">INFO</td><td><code><pre>       * testing assertion 'The $test-base-uri variable should be available from both the @test and @equals attributes'</pre></code></td></tr><tr style=""><td>0.897</td><td style="padding-left:0%;">INFO</td><td><code><pre>         * is xpath assertion</pre></code></td></tr><tr style=""><td>0.913</td><td style="padding-left:0%;">INFO</td><td><code><pre>reporting...</pre></code></td></tr></tbody></table><link rel="stylesheet" href="http://yandex.st/highlightjs/7.3/styles/default.min.css"/><script type="text/javascript" src="http://yandex.st/highlightjs/7.3/highlight.min.js" xml:space="preserve"> </script><script type="text/javascript">hljs.initHighlightingOnLoad();</script></body></html></x:document></x:output><x:output port="junit"><x:document xml:base="file:/home/jostein/xprocspec/xprocspec/src/main/resources/content/xml/xproc/report/report.xpl" xml:space="preserve" type="inline"><testsuites tests="12" failures="0" time="0.922" errors="0" name="option1"><testsuite timestamp="2013-12-02T13:36:11.677Z" hostname="localhost" tests="7" errors="0" failures="0" skipped="0" id="d26505e1" name="identityBaseuri" package="http://example.net/ns" time="0.008">
<properties>

<property name="option: option" value="file:/home/jostein/xprocspec/xprocspec/src/test/xprocspec/tests/option-1.xprocspec"/>
<property name="option: option.required" value="file:/home/jostein/xprocspec/xprocspec/src/test/xprocspec/tests/option-1.xprocspec"/>
<property name="option: option.default" value="file:/home/jostein/xprocspec/xprocspec/src/test/xprocspec/tests/option-1.xprocspec"/>

</properties>
<testcase name="theStepShouldExecuteSuccessfullyWithoutThrowingAnyErrors" classname="identity" assertions="1" time="0" status="SUCCESS"><system-out>the step should execute successfully without throwing any errors: SUCCESS</system-out>
<system-err/></testcase><testcase name="OptionsShouldBeWrappedInACoptionsElement" classname="identity" assertions="1" time="0" status="SUCCESS"><system-out>Options should be wrapped in a c:options element: SUCCESS</system-out>
<system-err/></testcase><testcase name="OptionsShouldNotBeWrappedInSomethingOtherThanACoptionsElement" classname="identity" assertions="1" time="0" status="SUCCESS"><system-out>Options should not be wrapped in something other than a c:options element: SUCCESS</system-out>
<system-err/></testcase><testcase name="OptionsShouldBeStoredInCoptionElementsInsideTheRootCoptionsElement" classname="identity" assertions="1" time="0" status="SUCCESS"><system-out>Options should be stored in c:option elements inside the root c:options element: SUCCESS</system-out>
<system-err/></testcase><testcase name="baseuriShouldReferToTheBaseURIOfTheXprocspecTestDocument" classname="identity" assertions="1" time="0" status="SUCCESS"><system-out>base-uri(.) should refer to the base URI of the xprocspec test document: SUCCESS</system-out>
<system-err/></testcase><testcase name="baseuriShouldReferToTheBaseURIOfTheXprocspecTestDocument" classname="identity" assertions="1" time="0" status="SUCCESS"><system-out>base-uri(/*) should refer to the base URI of the xprocspec test document: SUCCESS</system-out>
<system-err/></testcase><testcase name="baseuriShouldReferToTheBaseURIOfTheXprocspecTestDocument" classname="identity" assertions="1" time="0" status="SUCCESS"><system-out>base-uri() should refer to the base URI of the xprocspec test document: SUCCESS</system-out>
<system-err/></testcase></testsuite><testsuite timestamp="2013-12-02T13:36:11.694Z" hostname="localhost" tests="5" errors="0" failures="0" skipped="0" id="d26523e1" name="identityVariables" package="http://example.net/ns" time="0.008">
<properties>

<property name="option: option" value="file:/tmp/xprocspec-20131202143557583/xprocspec-20131202143610867/"/>
<property name="option: option.required" value="file:/home/jostein/xprocspec/xprocspec/src/test/xprocspec/tests/option-1.xprocspec"/>

</properties>
<testcase name="theStepShouldExecuteSuccessfullyWithoutThrowingAnyErrors" classname="identity" assertions="1" time="0" status="SUCCESS"><system-out>the step should execute successfully without throwing any errors: SUCCESS</system-out>
<system-err/></testcase><testcase name="The$tempdirVariableShouldBeAvailableFromBothTheXoptionSelectAttributeAndTheXexpectTestAttributes" classname="identity" assertions="1" time="0" status="SUCCESS"><system-out>The $temp-dir variable should be available from both the x:option @select attribute and the x:expect @test attributes: SUCCESS</system-out>
<system-err/></testcase><testcase name="The$tempdirVariableShouldBeAvailableFromBothTheTestAndEqualsAttributes" classname="identity" assertions="1" time="0" status="SUCCESS"><system-out>The $temp-dir variable should be available from both the @test and @equals attributes: SUCCESS</system-out>
<system-err/></testcase><testcase name="The$testbaseuriVariableShouldBeAvailableFromBothTheXoptionSelectAttributeAndTheXexpectTestAttributes" classname="identity" assertions="1" time="0" status="SUCCESS"><system-out>The $test-base-uri variable should be available from both the x:option @select attribute and the x:expect @test attributes: SUCCESS</system-out>
<system-err/></testcase><testcase name="The$testbaseuriVariableShouldBeAvailableFromBothTheTestAndEqualsAttributes" classname="identity" assertions="1" time="0" status="SUCCESS"><system-out>The $test-base-uri variable should be available from both the @test and @equals attributes: SUCCESS</system-out>
<system-err/></testcase></testsuite></testsuites></x:document></x:output><x:test-result type="count" label="the step should execute successfully without throwing any errors" max="0" contextref="errors" result="passed">
                                                        <x:expected>At most 0 documents.</x:expected>
                                                    <x:was>0</x:was></x:test-result><x:test-result label="there should be at least one test, and none of the tests should fail" type="xpath" test="not(/*/@tests='0') and /*/@failures='0' and /*/@errors='0'" contextref="context11" result="passed"><x:expected xml:space="preserve">XPath: true()
Value: true</x:expected><x:was xml:space="preserve">XPath: not(/*/@tests='0') and /*/@failures='0' and /*/@errors='0'
Value: true</x:was></x:test-result></x:description><x:description xmlns:cx="http://xmlcalabash.com/ns/extensions" xmlns:c="http://www.w3.org/ns/xproc-step" xml:base="file:/home/jostein/xprocspec/xprocspec/src/test/xprocspec/test.xprocspec" test-base-uri="file:/home/jostein/xprocspec/xprocspec/src/test/xprocspec/test.xprocspec" script="file:/home/jostein/xprocspec/xprocspec/src/main/resources/content/xml/xproc/xprocspec.xpl" test-grammar="xprocspec" temp-dir="file:/tmp/xprocspec-20131202143557583/"><x:step-declaration><p:declare-step xmlns:p="http://www.w3.org/ns/xproc" xmlns:px="http://www.daisy.org/ns/xprocspec" xmlns:pxi="http://www.daisy.org/ns/xprocspec/xproc-internal/" xmlns:pkg="http://expath.org/ns/pkg" type="px:xprocspec" name="main" version="1.0" xpath-version="2.0" pkg:import-uri="http://www.daisy.org/ns/xprocspec/xprocspec.xpl" x:type="{http://www.daisy.org/ns/xprocspec}xprocspec"><p:input port="source" kind="document" sequence="false" primary="true"/><p:output port="result" kind="document" sequence="false" primary="false"><p:pipe port="result" step="report"/></p:output><p:output port="html" kind="document" sequence="false" primary="false"><p:pipe port="html" step="report"/></p:output><p:output port="junit" kind="document" sequence="false" primary="false"><p:pipe port="junit" step="report"/></p:output><p:option name="temp-dir" select="'file:/tmp/'"/><p:option name="step-available-rng" select="'false'"/></p:declare-step></x:step-declaration><x:scenario end-time="2013-12-02T13:36:13.153Z" label="the param element" start-time="2013-12-02T13:36:12.145Z"><x:call x:type="{http://www.daisy.org/ns/xprocspec}xprocspec" step="x:xprocspec"><x:option select="$temp-dir" name="temp-dir" value="file:/tmp/xprocspec-20131202143557583/"/><x:input port="source">
                <x:document xml:base="file:/home/jostein/xprocspec/xprocspec/src/test/xprocspec/test.xprocspec" xml:space="preserve" type="inline"><?xml-model href="http://www.daisy.org/ns/xprocspec/xprocspec.rng" type="application/xml" schematypens="http://relaxng.org/ns/structure/1.0"?><x:description xmlns:e="http://example.net/ns" script="../steps/identity.xpl">
    
    <x:scenario label="identity - base-uri">
        <x:call step="e:identity">
            <x:option name="option" select="'option'"/>
            <x:option name="option.required" select="'option'"/>
            <x:param name="param1" select="base-uri(.)"/>
            <x:param name="param2" select="base-uri(/*)"/>
            <x:param name="param3" select="base-uri()"/>
        </x:call>
        
        <x:context label="the parameters">
            <x:document type="port" port="result.parameter.primary"/>
        </x:context>
        <x:expect type="xpath" label="Parameters should be wrapped in a c:param-set element" test="count(/c:param-set)" equals="1"/>
        <x:expect type="xpath" label="Parameters should not be wrapped in something other than a c:param-set element" test="count(/asdffoo)" equals="0"/>
        <x:expect type="xpath" label="Parameters should be stored in c:param elements inside the root c:param-set element" test="count(/c:param-set/c:param) &gt; 0"/>
        <x:expect type="xpath" label="base-uri(.) should refer to the base URI of the xprocspec test document" test="/c:param-set/c:param[@name='param1']/@value" equals="$test-base-uri"/>
        <x:expect type="xpath" label="base-uri(/*) should refer to the base URI of the xprocspec test document" test="/c:param-set/c:param[@name='param2']/@value" equals="$test-base-uri"/>
        <x:expect type="xpath" label="base-uri() should refer to the base URI of the xprocspec test document" test="/c:param-set/c:param[@name='param3']/@value" equals="$test-base-uri"/>
    </x:scenario>
    
    <x:scenario label="identity - variables">
        <x:call step="e:identity">
            <x:option name="option" select="'option'"/>
            <x:option name="option.required" select="'option'"/>
            <x:param name="param1" select="$temp-dir"/>
            <x:param name="param2" select="$test-base-uri"/>
        </x:call>
        
        <x:context label="the parameters">
            <x:document type="port" port="result.parameter.primary"/>
        </x:context>
        <!--
            TODO: a current limitation is that the strings '$temp-dir' and '$test-base-uri' can't be used.
            The implementation replaces any occurrences of those strings with the variable values, even though they are part of a string and not actual variable references.
        -->
        <x:expect type="xpath" label="The $temp-dir variable should be available from both the x:param @select attribute and the x:expect @test attributes" test="/c:param-set/c:param[@name='param1']/@value" equals="$temp-dir"/>
        <x:expect type="xpath" label="The $temp-dir variable should be available from both the @test and @equals attributes" test="$temp-dir" equals="$temp-dir"/>
        <x:expect type="xpath" label="The $test-base-uri variable should be available from both the x:param @select attribute and the x:expect @test attributes" test="/c:param-set/c:param[@name='param2']/@value" equals="$test-base-uri"/>
        <x:expect type="xpath" label="The $test-base-uri variable should be available from both the @test and @equals attributes" test="$test-base-uri" equals="$test-base-uri"/>
        
    </x:scenario>
    
</x:description></x:document>
            </x:input></x:call>
                                                <x:context label="errors" id="errors">
                                                    
                                                </x:context>
                                            
                                                <x:expect type="count" label="the step should execute successfully without throwing any errors" max="0" contextref="errors"/>
                                            <x:context label="the junit output port" id="context12">
            <x:document xml:base="file:/home/jostein/xprocspec/xprocspec/src/main/resources/content/xml/xproc/report/report.xpl" xml:space="preserve" type="inline"><testsuites tests="12" failures="0" time="0.829" errors="0" name="param1"><testsuite timestamp="2013-12-02T13:36:12.992Z" hostname="localhost" tests="7" errors="0" failures="0" skipped="0" id="d29104e1" name="identityBaseuri" package="http://example.net/ns" time="0.009">
<properties>

<property name="option: option" value="option"/>
<property name="option: option.required" value="option"/>

<property name="parameter: param1" value="file:/home/jostein/xprocspec/xprocspec/src/test/xprocspec/tests/param-1.xprocspec"/>
<property name="parameter: param2" value="file:/home/jostein/xprocspec/xprocspec/src/test/xprocspec/tests/param-1.xprocspec"/>
<property name="parameter: param3" value="file:/home/jostein/xprocspec/xprocspec/src/test/xprocspec/tests/param-1.xprocspec"/>
</properties>
<testcase name="theStepShouldExecuteSuccessfullyWithoutThrowingAnyErrors" classname="identity" assertions="1" time="0" status="SUCCESS"><system-out>the step should execute successfully without throwing any errors: SUCCESS</system-out>
<system-err/></testcase><testcase name="ParametersShouldBeWrappedInACparamsetElement" classname="identity" assertions="1" time="0" status="SUCCESS"><system-out>Parameters should be wrapped in a c:param-set element: SUCCESS</system-out>
<system-err/></testcase><testcase name="ParametersShouldNotBeWrappedInSomethingOtherThanACparamsetElement" classname="identity" assertions="1" time="0" status="SUCCESS"><system-out>Parameters should not be wrapped in something other than a c:param-set element: SUCCESS</system-out>
<system-err/></testcase><testcase name="ParametersShouldBeStoredInCparamElementsInsideTheRootCparamsetElement" classname="identity" assertions="1" time="0" status="SUCCESS"><system-out>Parameters should be stored in c:param elements inside the root c:param-set element: SUCCESS</system-out>
<system-err/></testcase><testcase name="baseuriShouldReferToTheBaseURIOfTheXprocspecTestDocument" classname="identity" assertions="1" time="0" status="SUCCESS"><system-out>base-uri(.) should refer to the base URI of the xprocspec test document: SUCCESS</system-out>
<system-err/></testcase><testcase name="baseuriShouldReferToTheBaseURIOfTheXprocspecTestDocument" classname="identity" assertions="1" time="0" status="SUCCESS"><system-out>base-uri(/*) should refer to the base URI of the xprocspec test document: SUCCESS</system-out>
<system-err/></testcase><testcase name="baseuriShouldReferToTheBaseURIOfTheXprocspecTestDocument" classname="identity" assertions="1" time="0" status="SUCCESS"><system-out>base-uri() should refer to the base URI of the xprocspec test document: SUCCESS</system-out>
<system-err/></testcase></testsuite><testsuite timestamp="2013-12-02T13:36:13.008Z" hostname="localhost" tests="5" errors="0" failures="0" skipped="0" id="d29122e1" name="identityVariables" package="http://example.net/ns" time="0.008">
<properties>

<property name="option: option" value="option"/>
<property name="option: option.required" value="option"/>

<property name="parameter: param1" value="file:/tmp/xprocspec-20131202143557583/xprocspec-20131202143612274/"/>
<property name="parameter: param2" value="file:/home/jostein/xprocspec/xprocspec/src/test/xprocspec/tests/param-1.xprocspec"/>
</properties>
<testcase name="theStepShouldExecuteSuccessfullyWithoutThrowingAnyErrors" classname="identity" assertions="1" time="0" status="SUCCESS"><system-out>the step should execute successfully without throwing any errors: SUCCESS</system-out>
<system-err/></testcase><testcase name="The$tempdirVariableShouldBeAvailableFromBothTheXparamSelectAttributeAndTheXexpectTestAttributes" classname="identity" assertions="1" time="0" status="SUCCESS"><system-out>The $temp-dir variable should be available from both the x:param @select attribute and the x:expect @test attributes: SUCCESS</system-out>
<system-err/></testcase><testcase name="The$tempdirVariableShouldBeAvailableFromBothTheTestAndEqualsAttributes" classname="identity" assertions="1" time="0" status="SUCCESS"><system-out>The $temp-dir variable should be available from both the @test and @equals attributes: SUCCESS</system-out>
<system-err/></testcase><testcase name="The$testbaseuriVariableShouldBeAvailableFromBothTheXparamSelectAttributeAndTheXexpectTestAttributes" classname="identity" assertions="1" time="0" status="SUCCESS"><system-out>The $test-base-uri variable should be available from both the x:param @select attribute and the x:expect @test attributes: SUCCESS</system-out>
<system-err/></testcase><testcase name="The$testbaseuriVariableShouldBeAvailableFromBothTheTestAndEqualsAttributes" classname="identity" assertions="1" time="0" status="SUCCESS"><system-out>The $test-base-uri variable should be available from both the @test and @equals attributes: SUCCESS</system-out>
<system-err/></testcase></testsuite></testsuites></x:document>
        </x:context><x:expect label="there should be at least one test, and none of the tests should fail" type="xpath" test="not(/*/@tests='0') and /*/@failures='0' and /*/@errors='0'" contextref="context12"/></x:scenario><x:output port="result"><x:document xml:base="file:/home/jostein/xprocspec/xprocspec/src/main/resources/content/xml/xproc/report/report.xpl" xml:space="preserve" type="inline"><x:test-report><x:description xml:base="file:/home/jostein/xprocspec/xprocspec/src/test/xprocspec/tests/param-1.xprocspec" test-base-uri="file:/home/jostein/xprocspec/xprocspec/src/test/xprocspec/tests/param-1.xprocspec" script="file:/home/jostein/xprocspec/xprocspec/src/test/xprocspec/steps/identity.xpl" test-grammar="xprocspec" temp-dir="file:/tmp/xprocspec-20131202143557583/xprocspec-20131202143612274/"><x:step-declaration><p:declare-step xmlns:p="http://www.w3.org/ns/xproc" xmlns:ex="http://example.net/ns" name="main" type="ex:identity" version="1.0" x:type="{http://example.net/ns}identity"><p:input port="source.document.primary" kind="document" primary="true" sequence="false"><p:inline>
            <source.document.primary.default/>
        </p:inline></p:input><p:input port="source.document.secondary.sequence" kind="document" sequence="true" primary="false"><p:inline>
            <source.document.secondary.sequence/>
        </p:inline></p:input><p:input select="/*/*" port="source.document.secondary.select-children" kind="document" sequence="true" primary="false"><p:inline>
            <default>
                <default/>
                <default/>
            </default>
        </p:inline></p:input><p:input port="source.parameter.primary.sequence" primary="true" kind="parameter" sequence="true"/><p:output port="result.document.primary" kind="document" primary="true" sequence="false"><p:pipe port="source.document.primary" step="main"/></p:output><p:output port="result.document.secondary.sequence" kind="document" sequence="true" primary="false"><p:pipe port="source.document.secondary.sequence" step="main"/></p:output><p:output port="result.document.secondary.select-children" kind="document" sequence="true" primary="false"><p:pipe port="source.document.secondary.select-children" step="main"/></p:output><p:output port="result.parameter.primary" kind="document" sequence="false" primary="false"><p:pipe port="result" step="parameters"/></p:output><p:output port="options" kind="document" sequence="false" primary="false"><p:pipe port="result" step="options"/></p:output><p:option name="option"/><p:option name="option.required" required="true"/><p:option name="option.default" select="'default'"/></p:declare-step></x:step-declaration><x:scenario xmlns:e="http://example.net/ns" end-time="2013-12-02T13:36:12.416Z" label="identity - base-uri" start-time="2013-12-02T13:36:12.407Z"><x:call x:type="{http://example.net/ns}identity" step="e:identity"><x:option select="'option'" name="option" value=""/><x:option select="'option'" name="option.required" value=""/><x:param select="base-uri(.)" name="param1" value=""/><x:param select="base-uri(/*)" name="param2" value=""/><x:param select="base-uri()" name="param3" value=""/></x:call>
                                                <x:context label="errors" id="errors">
                                                    
                                                </x:context>
                                            
                                                <x:expect type="count" label="the step should execute successfully without throwing any errors" max="0" contextref="errors"/>
                                            <x:context label="the parameters" id="context0">
            <x:document xml:base="file:/home/jostein/xprocspec/xprocspec/src/test/xprocspec/steps/identity.xpl" xml:space="preserve" type="inline"><c:param-set><c:param name="param1" namespace="" value="file:/home/jostein/xprocspec/xprocspec/src/test/xprocspec/tests/param-1.xprocspec"/><c:param name="param3" namespace="" value="file:/home/jostein/xprocspec/xprocspec/src/test/xprocspec/tests/param-1.xprocspec"/><c:param name="param2" namespace="" value="file:/home/jostein/xprocspec/xprocspec/src/test/xprocspec/tests/param-1.xprocspec"/></c:param-set></x:document>
        </x:context><x:expect type="xpath" label="Parameters should be wrapped in a c:param-set element" test="count(/c:param-set)" equals="1" contextref="context0"/><x:expect type="xpath" label="Parameters should not be wrapped in something other than a c:param-set element" test="count(/asdffoo)" equals="0" contextref="context0"/><x:expect type="xpath" label="Parameters should be stored in c:param elements inside the root c:param-set element" test="count(/c:param-set/c:param) &gt; 0" contextref="context0"/><x:expect type="xpath" label="base-uri(.) should refer to the base URI of the xprocspec test document" test="/c:param-set/c:param[@name='param1']/@value" equals="$test-base-uri" contextref="context0"/><x:expect type="xpath" label="base-uri(/*) should refer to the base URI of the xprocspec test document" test="/c:param-set/c:param[@name='param2']/@value" equals="$test-base-uri" contextref="context0"/><x:expect type="xpath" label="base-uri() should refer to the base URI of the xprocspec test document" test="/c:param-set/c:param[@name='param3']/@value" equals="$test-base-uri" contextref="context0"/></x:scenario><x:output port="result.document.primary"><x:document xml:base="file:/home/jostein/xprocspec/xprocspec/src/test/xprocspec/tests/param-1.xprocspec" xml:space="preserve" type="inline">
            <source.document.primary.default xmlns:ex="http://example.net/ns"/>
        </x:document></x:output><x:output port="result.document.secondary.sequence"><x:document xml:base="file:/home/jostein/xprocspec/xprocspec/src/test/xprocspec/steps/identity.xpl" xml:space="preserve" type="inline">
            <source.document.secondary.sequence xmlns:ex="http://example.net/ns"/>
        </x:document></x:output><x:output port="result.document.secondary.select-children"><x:document xml:base="file:/home/jostein/xprocspec/xprocspec/src/test/xprocspec/steps/identity.xpl" xml:space="preserve" type="inline"><default xmlns:ex="http://example.net/ns"/></x:document><x:document xml:base="file:/home/jostein/xprocspec/xprocspec/src/test/xprocspec/steps/identity.xpl" xml:space="preserve" type="inline"><default xmlns:ex="http://example.net/ns"/></x:document></x:output><x:output port="result.parameter.primary"><x:document xml:base="file:/home/jostein/xprocspec/xprocspec/src/test/xprocspec/steps/identity.xpl" xml:space="preserve" type="inline"><c:param-set><c:param name="param1" namespace="" value="file:/home/jostein/xprocspec/xprocspec/src/test/xprocspec/tests/param-1.xprocspec"/><c:param name="param3" namespace="" value="file:/home/jostein/xprocspec/xprocspec/src/test/xprocspec/tests/param-1.xprocspec"/><c:param name="param2" namespace="" value="file:/home/jostein/xprocspec/xprocspec/src/test/xprocspec/tests/param-1.xprocspec"/></c:param-set></x:document></x:output><x:output port="options"><x:document xml:base="file:/home/jostein/xprocspec/xprocspec/src/test/xprocspec/steps/identity.xpl" xml:space="preserve" type="inline">
                <c:options xmlns:ex="http://example.net/ns">
                    <c:option name="option" value="option"/>
                    <c:option name="option.required" value="option"/>
                    <c:option name="option.default" value="default"/>
                </c:options>
            </x:document></x:output><x:test-result xmlns:e="http://example.net/ns" type="count" label="the step should execute successfully without throwing any errors" max="0" contextref="errors" result="passed">
                                                        <x:expected>At most 0 documents.</x:expected>
                                                    <x:was>0</x:was></x:test-result><x:test-result xmlns:e="http://example.net/ns" type="xpath" label="Parameters should be wrapped in a c:param-set element" test="count(/c:param-set)" equals="1" contextref="context0" result="passed"><x:expected xml:space="preserve">XPath: 1
Value: 1</x:expected><x:was xml:space="preserve">XPath: count(/c:param-set)
Value: 1</x:was></x:test-result><x:test-result xmlns:e="http://example.net/ns" type="xpath" label="Parameters should not be wrapped in something other than a c:param-set element" test="count(/asdffoo)" equals="0" contextref="context0" result="passed"><x:expected xml:space="preserve">XPath: 0
Value: 0</x:expected><x:was xml:space="preserve">XPath: count(/asdffoo)
Value: 0</x:was></x:test-result><x:test-result xmlns:e="http://example.net/ns" type="xpath" label="Parameters should be stored in c:param elements inside the root c:param-set element" test="count(/c:param-set/c:param) &gt; 0" contextref="context0" result="passed"><x:expected xml:space="preserve">XPath: true()
Value: true</x:expected><x:was xml:space="preserve">XPath: count(/c:param-set/c:param) &gt; 0
Value: true</x:was></x:test-result><x:test-result xmlns:e="http://example.net/ns" type="xpath" label="base-uri(.) should refer to the base URI of the xprocspec test document" test="/c:param-set/c:param[@name='param1']/@value" equals="$test-base-uri" contextref="context0" result="passed"><x:expected xml:space="preserve">XPath: $test-base-uri
Value: file:/home/jostein/xprocspec/xprocspec/src/test/xprocspec/tests/param-1.xprocspec</x:expected><x:was xml:space="preserve">XPath: /c:param-set/c:param[@name='param1']/@value
Value: file:/home/jostein/xprocspec/xprocspec/src/test/xprocspec/tests/param-1.xprocspec</x:was></x:test-result><x:test-result xmlns:e="http://example.net/ns" type="xpath" label="base-uri(/*) should refer to the base URI of the xprocspec test document" test="/c:param-set/c:param[@name='param2']/@value" equals="$test-base-uri" contextref="context0" result="passed"><x:expected xml:space="preserve">XPath: $test-base-uri
Value: file:/home/jostein/xprocspec/xprocspec/src/test/xprocspec/tests/param-1.xprocspec</x:expected><x:was xml:space="preserve">XPath: /c:param-set/c:param[@name='param2']/@value
Value: file:/home/jostein/xprocspec/xprocspec/src/test/xprocspec/tests/param-1.xprocspec</x:was></x:test-result><x:test-result xmlns:e="http://example.net/ns" type="xpath" label="base-uri() should refer to the base URI of the xprocspec test document" test="/c:param-set/c:param[@name='param3']/@value" equals="$test-base-uri" contextref="context0" result="passed"><x:expected xml:space="preserve">XPath: $test-base-uri
Value: file:/home/jostein/xprocspec/xprocspec/src/test/xprocspec/tests/param-1.xprocspec</x:expected><x:was xml:space="preserve">XPath: /c:param-set/c:param[@name='param3']/@value
Value: file:/home/jostein/xprocspec/xprocspec/src/test/xprocspec/tests/param-1.xprocspec</x:was></x:test-result></x:description><x:description xml:base="file:/home/jostein/xprocspec/xprocspec/src/test/xprocspec/tests/param-1.xprocspec" test-base-uri="file:/home/jostein/xprocspec/xprocspec/src/test/xprocspec/tests/param-1.xprocspec" script="file:/home/jostein/xprocspec/xprocspec/src/test/xprocspec/steps/identity.xpl" test-grammar="xprocspec" temp-dir="file:/tmp/xprocspec-20131202143557583/xprocspec-20131202143612274/"><x:step-declaration><p:declare-step xmlns:p="http://www.w3.org/ns/xproc" xmlns:ex="http://example.net/ns" name="main" type="ex:identity" version="1.0" x:type="{http://example.net/ns}identity"><p:input port="source.document.primary" kind="document" primary="true" sequence="false"><p:inline>
            <source.document.primary.default/>
        </p:inline></p:input><p:input port="source.document.secondary.sequence" kind="document" sequence="true" primary="false"><p:inline>
            <source.document.secondary.sequence/>
        </p:inline></p:input><p:input select="/*/*" port="source.document.secondary.select-children" kind="document" sequence="true" primary="false"><p:inline>
            <default>
                <default/>
                <default/>
            </default>
        </p:inline></p:input><p:input port="source.parameter.primary.sequence" primary="true" kind="parameter" sequence="true"/><p:output port="result.document.primary" kind="document" primary="true" sequence="false"><p:pipe port="source.document.primary" step="main"/></p:output><p:output port="result.document.secondary.sequence" kind="document" sequence="true" primary="false"><p:pipe port="source.document.secondary.sequence" step="main"/></p:output><p:output port="result.document.secondary.select-children" kind="document" sequence="true" primary="false"><p:pipe port="source.document.secondary.select-children" step="main"/></p:output><p:output port="result.parameter.primary" kind="document" sequence="false" primary="false"><p:pipe port="result" step="parameters"/></p:output><p:output port="options" kind="document" sequence="false" primary="false"><p:pipe port="result" step="options"/></p:output><p:option name="option"/><p:option name="option.required" required="true"/><p:option name="option.default" select="'default'"/></p:declare-step></x:step-declaration><x:scenario xmlns:e="http://example.net/ns" end-time="2013-12-02T13:36:12.476Z" label="identity - variables" start-time="2013-12-02T13:36:12.468Z"><x:call x:type="{http://example.net/ns}identity" step="e:identity"><x:option select="'option'" name="option" value=""/><x:option select="'option'" name="option.required" value=""/><x:param select="$temp-dir" name="param1" value=""/><x:param select="$test-base-uri" name="param2" value=""/></x:call>
                                                <x:context label="errors" id="errors">
                                                    
                                                </x:context>
                                            
                                                <x:expect type="count" label="the step should execute successfully without throwing any errors" max="0" contextref="errors"/>
                                            <x:context label="the parameters" id="context1">
            <x:document xml:base="file:/home/jostein/xprocspec/xprocspec/src/test/xprocspec/steps/identity.xpl" xml:space="preserve" type="inline"><c:param-set><c:param name="param1" namespace="" value="file:/tmp/xprocspec-20131202143557583/xprocspec-20131202143612274/"/><c:param name="param2" namespace="" value="file:/home/jostein/xprocspec/xprocspec/src/test/xprocspec/tests/param-1.xprocspec"/></c:param-set></x:document>
        </x:context><x:expect type="xpath" label="The $temp-dir variable should be available from both the x:param @select attribute and the x:expect @test attributes" test="/c:param-set/c:param[@name='param1']/@value" equals="$temp-dir" contextref="context1"/><x:expect type="xpath" label="The $temp-dir variable should be available from both the @test and @equals attributes" test="$temp-dir" equals="$temp-dir" contextref="context1"/><x:expect type="xpath" label="The $test-base-uri variable should be available from both the x:param @select attribute and the x:expect @test attributes" test="/c:param-set/c:param[@name='param2']/@value" equals="$test-base-uri" contextref="context1"/><x:expect type="xpath" label="The $test-base-uri variable should be available from both the @test and @equals attributes" test="$test-base-uri" equals="$test-base-uri" contextref="context1"/></x:scenario><x:output port="result.document.primary"><x:document xml:base="file:/home/jostein/xprocspec/xprocspec/src/test/xprocspec/tests/param-1.xprocspec" xml:space="preserve" type="inline">
            <source.document.primary.default xmlns:ex="http://example.net/ns"/>
        </x:document></x:output><x:output port="result.document.secondary.sequence"><x:document xml:base="file:/home/jostein/xprocspec/xprocspec/src/test/xprocspec/steps/identity.xpl" xml:space="preserve" type="inline">
            <source.document.secondary.sequence xmlns:ex="http://example.net/ns"/>
        </x:document></x:output><x:output port="result.document.secondary.select-children"><x:document xml:base="file:/home/jostein/xprocspec/xprocspec/src/test/xprocspec/steps/identity.xpl" xml:space="preserve" type="inline"><default xmlns:ex="http://example.net/ns"/></x:document><x:document xml:base="file:/home/jostein/xprocspec/xprocspec/src/test/xprocspec/steps/identity.xpl" xml:space="preserve" type="inline"><default xmlns:ex="http://example.net/ns"/></x:document></x:output><x:output port="result.parameter.primary"><x:document xml:base="file:/home/jostein/xprocspec/xprocspec/src/test/xprocspec/steps/identity.xpl" xml:space="preserve" type="inline"><c:param-set><c:param name="param1" namespace="" value="file:/tmp/xprocspec-20131202143557583/xprocspec-20131202143612274/"/><c:param name="param2" namespace="" value="file:/home/jostein/xprocspec/xprocspec/src/test/xprocspec/tests/param-1.xprocspec"/></c:param-set></x:document></x:output><x:output port="options"><x:document xml:base="file:/home/jostein/xprocspec/xprocspec/src/test/xprocspec/steps/identity.xpl" xml:space="preserve" type="inline">
                <c:options xmlns:ex="http://example.net/ns">
                    <c:option name="option" value="option"/>
                    <c:option name="option.required" value="option"/>
                    <c:option name="option.default" value="default"/>
                </c:options>
            </x:document></x:output><x:test-result xmlns:e="http://example.net/ns" type="count" label="the step should execute successfully without throwing any errors" max="0" contextref="errors" result="passed">
                                                        <x:expected>At most 0 documents.</x:expected>
                                                    <x:was>0</x:was></x:test-result><x:test-result xmlns:e="http://example.net/ns" type="xpath" label="The $temp-dir variable should be available from both the x:param @select attribute and the x:expect @test attributes" test="/c:param-set/c:param[@name='param1']/@value" equals="$temp-dir" contextref="context1" result="passed"><x:expected xml:space="preserve">XPath: $temp-dir
Value: file:/tmp/xprocspec-20131202143557583/xprocspec-20131202143612274/</x:expected><x:was xml:space="preserve">XPath: /c:param-set/c:param[@name='param1']/@value
Value: file:/tmp/xprocspec-20131202143557583/xprocspec-20131202143612274/</x:was></x:test-result><x:test-result xmlns:e="http://example.net/ns" type="xpath" label="The $temp-dir variable should be available from both the @test and @equals attributes" test="$temp-dir" equals="$temp-dir" contextref="context1" result="passed"><x:expected xml:space="preserve">XPath: $temp-dir
Value: file:/tmp/xprocspec-20131202143557583/xprocspec-20131202143612274/</x:expected><x:was xml:space="preserve">XPath: $temp-dir
Value: file:/tmp/xprocspec-20131202143557583/xprocspec-20131202143612274/</x:was></x:test-result><x:test-result xmlns:e="http://example.net/ns" type="xpath" label="The $test-base-uri variable should be available from both the x:param @select attribute and the x:expect @test attributes" test="/c:param-set/c:param[@name='param2']/@value" equals="$test-base-uri" contextref="context1" result="passed"><x:expected xml:space="preserve">XPath: $test-base-uri
Value: file:/home/jostein/xprocspec/xprocspec/src/test/xprocspec/tests/param-1.xprocspec</x:expected><x:was xml:space="preserve">XPath: /c:param-set/c:param[@name='param2']/@value
Value: file:/home/jostein/xprocspec/xprocspec/src/test/xprocspec/tests/param-1.xprocspec</x:was></x:test-result><x:test-result xmlns:e="http://example.net/ns" type="xpath" label="The $test-base-uri variable should be available from both the @test and @equals attributes" test="$test-base-uri" equals="$test-base-uri" contextref="context1" result="passed"><x:expected xml:space="preserve">XPath: $test-base-uri
Value: file:/home/jostein/xprocspec/xprocspec/src/test/xprocspec/tests/param-1.xprocspec</x:expected><x:was xml:space="preserve">XPath: $test-base-uri
Value: file:/home/jostein/xprocspec/xprocspec/src/test/xprocspec/tests/param-1.xprocspec</x:was></x:test-result></x:description></x:test-report></x:document></x:output><x:output port="html"><x:document xml:base="file:/home/jostein/xprocspec/xprocspec/src/main/resources/content/xml/xproc/report/report-template.xhtml" xml:space="preserve" type="inline"><html xmlns="http://www.w3.org/1999/xhtml"><head><title>Test Report for file:/home/jostein/xprocspec/xprocspec/src/test/xprocspec/tests/param-1.xprocspec (passed:12 / pending:0 / failed:0 / errors:0 / total:12)</title>
        <meta charset="utf-8"/>
        <style type="text/css" xml:space="preserve">/**/
/****************************************************************************/
/*  File:       test-report.css                                             */
/*  Author:     Jeni Tennsion                                               */
/*  URI:        http://xspec.googlecode.com/                                */
/*  Tags:                                                                   */
/*    Copyright (c) 2008, 2010 Jeni Tennsion (see end of file.)             */
/* ------------------------------------------------------------------------ */


/* test */

/* box model */

body {
	margin-right: 1em;
	/*margin-left: 10%;*/
	}

h1 {
	padding: 0.3em 0.5em 0.3em 0.5em;
	position: relative;
	}

h2 {
	padding: 0.1em 0.5em 0.2em 0.5em;
	}

h3 {
	padding-left: 0.6em;
	}

h4 {
	padding-left: 0.8em;
	}

p, table {
	/*margin-left: 5%;*/
	}

dd ul, dd ol {
	margin-left: 0%;
	}

li ul, li ol {
	/*margin-left: 5%;*/
	}

dl, ul, ol, blockquote {
	/*margin-left: 10%;*/
	}

dt {
  padding-top: 3px;
  padding-bottom: 3px;
	clear: both;
	}

dd p {
	/*margin-left: -5px;*/
	margin-top: 5px;
	clear: both;
	}

p.link {
	margin-top: 4px;
	margin-bottom: 0px;
	clear: both;
	}

tr td, td p, li, li p {
	margin-left: 0%;
	}

td:nth-child(2) {
	padding-left: 5%;
	}

.link img, dt img {
	vertical-align: middle;
	position: relative;
	top: -5px;
	}

img {
	position: relative;
	}

#xml-link {
	position: absolute;
	left: 5px;
	top: 5px;
	width: 10%;
	margin-left: 0%;
	}

#link-up {
	position: absolute;
	left: 93%;
	right: 2em;
	top: 0.3em;
	}

#link-top {
	position: absolute;
	left: 89%;
	right: 4em;
	top: 0.3em;
	}
	
.popup {
	display: block;
	visibility: hidden;
	float: right;
	position: absolute;
	top: 5px;
	left: -200px;
	z-index: 1;
	padding: 0.3em;
	width: 220px;
	}

.note {
	position: relative;
	}

.post {
	/*margin-left: 5%;*/
	padding-top: 1em;
	}
	
.example, .sidebar {
  /*margin-left: 5%;*/
  margin-top: 1em;
  margin-bottom: 1em;
  }

/*pre {
	padding-left: 5%;
	margin-left: 5%;
	}*/

/*dd pre, li pre {
	padding-left: 5%;
	}*/

/* fonts */
/* Oxygen  */
body, table {
    font-family:arial, helvetica, sans-serif;
    font-size:12px;
}
/* Oxygen  */

/*body {
	font-family: Verdana, arial, sans-serif;
	font-size: small;
	}*/	

/*h1, h2, h3, h4, h5, h6 {
	font-family: 'trebuchet MS', arial, sans-serif;
	}*/

h1 {
	font-size: 173%;
	font-weight: bold;
	}

h2 {
	font-size: 144%;
	font-weight: normal;
	}

h3 {
	font-size: 120%;
	font-weight: normal;
	}

h4 {
  font-size: 100%;
  font-weight: bold;
}

dt {
	font-weight: bold;
	}

a:link, a:visited, a:active, a:hover {
	font-weight: bold;
	}

a.offsite:link, a.offsite:visited, a.offsite:active, a.offsite:hover {
	font-weight: normal;
	}

/* suppress the normal italics */
address {
	font-style: normal;
	}

div.example, .sidebar {
  font-family: Verdana, arial, sans-serif;
  font-size: 100%;
  }


.note, .link {
	font-family: Verdana, arial, sans-serif;
	/*font-size: 83%;*/
	}

/*.example, .string, .rtf, .code, pre, code {
	font-family: "Lucida Console", "Courier New", monospace;*/
  /*font-size: 83%;*/
/*	}*/

.boolean {
	font-style: italic;
	}

#colophon, #xml-link {
	font-size: 69%;
	}

.question, .title {
	font-weight: bold;
	}

/* colours */
body {
	background-color: white;
	color: black;
	border: 0px none black;
	}

/* this is to make Navigator fill the entire line */
h1, h2 {
	border: 1px solid white;
	width: auto;
	}

h1 {
	/*background: #606;*/
	/*color: #6F6;*/
	}

h2 {
	color: #606;
	/*background: #CFC;*/
	}

hr {
	color: #606;
	background: white;
	}

img, a:link img, a:visited img, a:hover img, a:active img, #link-up img, #link-top img {
	border: 0px none white;
	background: transparent;
	}

/* OXYGEN */
a, a:visited {
    color:rgb(0, 0, 150);
    background-color:inherit;
    font-weight: bold;
}
a:link, a:visited {
    text-decoration:none; 
}
a:hover {
    text-decoration:underline;
}

/* OXYGEN */

a.img:hover, a.img:active {
	background: transparent;
	}

#colophon, #xml-link, .note {
	color: #666;
	}

#colophon a:link, #colophon a:visited, #colophon a:hover,
#xml-link a:link, #xml-link a:visited, #xml-link a:hover,
.note a:link, .note a:visited, .note a:hover {
	color: #969;
	background: transparent;
	}

#colophon a:hover, #xml-link a:hover, .note a:hover {
	background: #CFC;
	color: #969;
	}

.popup {
	background: white;
	border: 1px solid #606;
	}

.post {
	border-top: 2px solid #606;
	}
	
.example {
  border-top: 2px solid #606;
  border-bottom: 2px solid #606;
  }
  
.sidebar {
  border-top: 2px solid #090;
  border-bottom: 2px solid #090;
  }
  
.rng {
  border-left: 2px solid #666;
  }

.same {
  background-color: rgb(206, 239, 174);
}

.diff {
  background-color: #FCC;
}

.whitespace {
	font-style: italic;
	color: #999;
	background: white;
}

.ignored {
  font-style: italic;
  color: #999;
  background: white;
}

.hit {
}

.missed {
  background-color: #A33;
  color: white;
}

/* text */
ol ol li {
	list-style: lower-alpha;
	}

th {
	text-align: left;
	}

td {
	vertical-align: top;
	}

h1 {
	text-transform: uppercase;
	}

h2, h3 {
	/*text-transform: capitalize;*/
	}

.question {
	text-indent: -33px;
	}

.byline {
	text-align: right;
	}

#link-top, #link-up {
	text-align: right;
	}

a {
	text-decoration: none;
	}

table { width: 85%;
        /* border: collapse; */ }

th { text-align: left; }

.xspec tbody th { font-weight: normal; /*font-size: 0.8em;*/ border-top: 1px #666 solid; }
.xspec tbody td { /*font-size: 0.8em;*/ color: #666; }

.successful.label th, .successful.label td { background-color: #CFC; }
.pending.label th, .pending.label td { background-color: #DDD; color: #666; }
.failed.label th, .failed.label td { background-color: #FCC; }
.error.label th, .error.label td { background-color: #FAA; }
/*body &gt; table tbody .failed.label th:first-child:before {content:url(data:image/png;base64,iVBORw0KGgoAAAANSUhEUgAAAAwAAAAMCAYAAABWdVznAAAAGXRFWHRTb2Z0d2FyZQBBZG9iZSBJbWFnZVJlYWR5ccllPAAAA2ZpVFh0WE1MOmNvbS5hZG9iZS54bXAAAAAAADw/eHBhY2tldCBiZWdpbj0i77u/IiBpZD0iVzVNME1wQ2VoaUh6cmVTek5UY3prYzlkIj8+IDx4OnhtcG1ldGEgeG1sbnM6eD0iYWRvYmU6bnM6bWV0YS8iIHg6eG1wdGs9IkFkb2JlIFhNUCBDb3JlIDUuMy1jMDExIDY2LjE0NTY2MSwgMjAxMi8wMi8wNi0xNDo1NjoyNyAgICAgICAgIj4gPHJkZjpSREYgeG1sbnM6cmRmPSJodHRwOi8vd3d3LnczLm9yZy8xOTk5LzAyLzIyLXJkZi1zeW50YXgtbnMjIj4gPHJkZjpEZXNjcmlwdGlvbiByZGY6YWJvdXQ9IiIgeG1sbnM6eG1wTU09Imh0dHA6Ly9ucy5hZG9iZS5jb20veGFwLzEuMC9tbS8iIHhtbG5zOnN0UmVmPSJodHRwOi8vbnMuYWRvYmUuY29tL3hhcC8xLjAvc1R5cGUvUmVzb3VyY2VSZWYjIiB4bWxuczp4bXA9Imh0dHA6Ly9ucy5hZG9iZS5jb20veGFwLzEuMC8iIHhtcE1NOk9yaWdpbmFsRG9jdW1lbnRJRD0ieG1wLmRpZDpCQjU0NjU4QjIyQTNFMTExQkI5Rjk5QkQ4RkQ5RUJFQiIgeG1wTU06RG9jdW1lbnRJRD0ieG1wLmRpZDpEQTUyOTdBQUEzRDUxMUUxQTQwN0YzMUI0Nzg3NDU1RSIgeG1wTU06SW5zdGFuY2VJRD0ieG1wLmlpZDpEQTUyOTdBOUEzRDUxMUUxQTQwN0YzMUI0Nzg3NDU1RSIgeG1wOkNyZWF0b3JUb29sPSJBZG9iZSBQaG90b3Nob3AgQ1M2IChXaW5kb3dzKSI+IDx4bXBNTTpEZXJpdmVkRnJvbSBzdFJlZjppbnN0YW5jZUlEPSJ4bXAuaWlkOjQ4MTZDRTNCRDVBM0UxMTFBQTI2QTBCMjZENzg1Qzg5IiBzdFJlZjpkb2N1bWVudElEPSJ4bXAuZGlkOkJCNTQ2NThCMjJBM0UxMTFCQjlGOTlCRDhGRDlFQkVCIi8+IDwvcmRmOkRlc2NyaXB0aW9uPiA8L3JkZjpSREY+IDwveDp4bXBtZXRhPiA8P3hwYWNrZXQgZW5kPSJyIj8+aHNJrgAAAZ1JREFUeNpsUssrRGEU/907985YMDPNYlh4hbKZPMdgR3aysrGSSFIeKyUKpewoRTYkmcgCf4MsMI2FPDYGKeUZSoru4/uc82VC+W7fOeee+zvn/M45V1uuyCmVwDogq0hDklD6jy1dspNkdxokVrIzPFUh0/MD5OdXoJDwPFtu3d2ns6TTp9oggTlFZlmN0o4AHMmXfJGo0lmGzoE1OgmNHf5YA8rmN5HfM6wADmUuHphA9cIW/JX1yiek9DIlyijxkNjBzXYche19gNcHzfShoLUdVxtLuD/cYzCoMAzCwqYrhMDx9Chs20JRWzf4nMcXcDI3pYAqQHIAtWUJbpKursMMhpA+RiAEGzpc4X5XkDB4GjaHmiZik/PIa2rBEWVlSuW9Q+T3YndskBi46QpQFcLltchtbEZyZhxna4uKhmV9Ito/gtPNOG4P99WItdlIWARNXWOAv6AEr9cplel7/ggUleDlMqUSvNnCobHKxDsNnqs8XaWUZopp/XhxTkOR+HDVOveYUge9rNLyY9SU9v+vwXuUB2R0fQkwABfn/VKSjTLBAAAAAElFTkSuQmCC) " "}*/
/*body &gt; table tbody .error.label th:first-child:before {content:url(data:image/png;base64,iVBORw0KGgoAAAANSUhEUgAAAAwAAAAMCAYAAABWdVznAAAABmJLR0QAAAAAAAD5Q7t/AAAACXBIWXMAAAsTAAALEwEAmpwYAAAAB3RJTUUH3QcKER4AdkxvvQAAAdVJREFUKM89kM9KG0EAh7/JTHazZInEQwJ68KIWLx6Etj6EjxAobYSsD+BjCJ682EOp0FMueYmS0FMICF4i6tFNzJ/dyRh2Znoo6Xf+Pn7wEzc3Nx/W6/UvY8xJnudkWYa1Fu893nviOCaKIhuG4R/v/Ve1Xq9/bG1tnezs7JDnOVpr3t/fcc4hpaRSqVCpVORqtTp9e3v7rrTWn5vNJpPJhHK5zHg8JssyvPeEYcjR0RFpmlKr1ZjP5x9Li8VCbOR2u83BwQEvLy88PT1xfHzMxcUFQgjSNCXLskDlec5sNuPx8REpJZ1Oh+fnZ4QQnJ+fc319Tb/fZ29vD601SmvNdDplsVhwe3vLaDTi6uoKgCRJGAwGNBoNXl9fMcZQcs5hjGG1WpHnObVajQ3VahWtNcYYjDE451Cb+7z3JElCkiScnZ0hpaTX67G7u0u328V7/y+oVqsIITg8PKTT6dBqtRgOhzjnaLVa3N3dcX9/z3K5JI5jxOXlpSuKQqRpirWWh4eH//Plcpn9/X2cc2xvb1MqlQqllBpYa0/jOGYymdBsNsmyDOccURRRFAX1eh2lFGEY/lZBEHyx1v703n8KgkBEUYSUEu/9RkIIUQRB0A/D8NtflUT+nn4OS+0AAAAASUVORK5CYII=) " "}*/
.failed.label th:first-child:before, .failed.label td:first-child:before {content:url(data:image/png;base64,iVBORw0KGgoAAAANSUhEUgAAAAwAAAAMCAYAAABWdVznAAAAGXRFWHRTb2Z0d2FyZQBBZG9iZSBJbWFnZVJlYWR5ccllPAAAA2ZpVFh0WE1MOmNvbS5hZG9iZS54bXAAAAAAADw/eHBhY2tldCBiZWdpbj0i77u/IiBpZD0iVzVNME1wQ2VoaUh6cmVTek5UY3prYzlkIj8+IDx4OnhtcG1ldGEgeG1sbnM6eD0iYWRvYmU6bnM6bWV0YS8iIHg6eG1wdGs9IkFkb2JlIFhNUCBDb3JlIDUuMy1jMDExIDY2LjE0NTY2MSwgMjAxMi8wMi8wNi0xNDo1NjoyNyAgICAgICAgIj4gPHJkZjpSREYgeG1sbnM6cmRmPSJodHRwOi8vd3d3LnczLm9yZy8xOTk5LzAyLzIyLXJkZi1zeW50YXgtbnMjIj4gPHJkZjpEZXNjcmlwdGlvbiByZGY6YWJvdXQ9IiIgeG1sbnM6eG1wTU09Imh0dHA6Ly9ucy5hZG9iZS5jb20veGFwLzEuMC9tbS8iIHhtbG5zOnN0UmVmPSJodHRwOi8vbnMuYWRvYmUuY29tL3hhcC8xLjAvc1R5cGUvUmVzb3VyY2VSZWYjIiB4bWxuczp4bXA9Imh0dHA6Ly9ucy5hZG9iZS5jb20veGFwLzEuMC8iIHhtcE1NOk9yaWdpbmFsRG9jdW1lbnRJRD0ieG1wLmRpZDpCQjU0NjU4QjIyQTNFMTExQkI5Rjk5QkQ4RkQ5RUJFQiIgeG1wTU06RG9jdW1lbnRJRD0ieG1wLmRpZDpEQTUyOTdBQUEzRDUxMUUxQTQwN0YzMUI0Nzg3NDU1RSIgeG1wTU06SW5zdGFuY2VJRD0ieG1wLmlpZDpEQTUyOTdBOUEzRDUxMUUxQTQwN0YzMUI0Nzg3NDU1RSIgeG1wOkNyZWF0b3JUb29sPSJBZG9iZSBQaG90b3Nob3AgQ1M2IChXaW5kb3dzKSI+IDx4bXBNTTpEZXJpdmVkRnJvbSBzdFJlZjppbnN0YW5jZUlEPSJ4bXAuaWlkOjQ4MTZDRTNCRDVBM0UxMTFBQTI2QTBCMjZENzg1Qzg5IiBzdFJlZjpkb2N1bWVudElEPSJ4bXAuZGlkOkJCNTQ2NThCMjJBM0UxMTFCQjlGOTlCRDhGRDlFQkVCIi8+IDwvcmRmOkRlc2NyaXB0aW9uPiA8L3JkZjpSREY+IDwveDp4bXBtZXRhPiA8P3hwYWNrZXQgZW5kPSJyIj8+aHNJrgAAAZ1JREFUeNpsUssrRGEU/907985YMDPNYlh4hbKZPMdgR3aysrGSSFIeKyUKpewoRTYkmcgCf4MsMI2FPDYGKeUZSoru4/uc82VC+W7fOeee+zvn/M45V1uuyCmVwDogq0hDklD6jy1dspNkdxokVrIzPFUh0/MD5OdXoJDwPFtu3d2ns6TTp9oggTlFZlmN0o4AHMmXfJGo0lmGzoE1OgmNHf5YA8rmN5HfM6wADmUuHphA9cIW/JX1yiek9DIlyijxkNjBzXYche19gNcHzfShoLUdVxtLuD/cYzCoMAzCwqYrhMDx9Chs20JRWzf4nMcXcDI3pYAqQHIAtWUJbpKursMMhpA+RiAEGzpc4X5XkDB4GjaHmiZik/PIa2rBEWVlSuW9Q+T3YndskBi46QpQFcLltchtbEZyZhxna4uKhmV9Ito/gtPNOG4P99WItdlIWARNXWOAv6AEr9cplel7/ggUleDlMqUSvNnCobHKxDsNnqs8XaWUZopp/XhxTkOR+HDVOveYUge9rNLyY9SU9v+vwXuUB2R0fQkwABfn/VKSjTLBAAAAAElFTkSuQmCC) " "}
.error.label th:first-child:before, .error.label td:first-child:before {content:url(data:image/png;base64,iVBORw0KGgoAAAANSUhEUgAAAAwAAAAMCAYAAABWdVznAAAABmJLR0QAAAAAAAD5Q7t/AAAACXBIWXMAAAsTAAALEwEAmpwYAAAAB3RJTUUH3QcKER4AdkxvvQAAAdVJREFUKM89kM9KG0EAh7/JTHazZInEQwJ68KIWLx6Etj6EjxAobYSsD+BjCJ682EOp0FMueYmS0FMICF4i6tFNzJ/dyRh2Znoo6Xf+Pn7wEzc3Nx/W6/UvY8xJnudkWYa1Fu893nviOCaKIhuG4R/v/Ve1Xq9/bG1tnezs7JDnOVpr3t/fcc4hpaRSqVCpVORqtTp9e3v7rrTWn5vNJpPJhHK5zHg8JssyvPeEYcjR0RFpmlKr1ZjP5x9Li8VCbOR2u83BwQEvLy88PT1xfHzMxcUFQgjSNCXLskDlec5sNuPx8REpJZ1Oh+fnZ4QQnJ+fc319Tb/fZ29vD601SmvNdDplsVhwe3vLaDTi6uoKgCRJGAwGNBoNXl9fMcZQcs5hjGG1WpHnObVajQ3VahWtNcYYjDE451Cb+7z3JElCkiScnZ0hpaTX67G7u0u328V7/y+oVqsIITg8PKTT6dBqtRgOhzjnaLVa3N3dcX9/z3K5JI5jxOXlpSuKQqRpirWWh4eH//Plcpn9/X2cc2xvb1MqlQqllBpYa0/jOGYymdBsNsmyDOccURRRFAX1eh2lFGEY/lZBEHyx1v703n8KgkBEUYSUEu/9RkIIUQRB0A/D8NtflUT+nn4OS+0AAAAASUVORK5CYII=) " "}
.pending.label th:first-child:before, .pending.label td:first-child:before {content:url(data:image/png;base64,iVBORw0KGgoAAAANSUhEUgAAAAwAAAAMCAYAAABWdVznAAAAGXRFWHRTb2Z0d2FyZQBBZG9iZSBJbWFnZVJlYWR5ccllPAAAA2ZpVFh0WE1MOmNvbS5hZG9iZS54bXAAAAAAADw/eHBhY2tldCBiZWdpbj0i77u/IiBpZD0iVzVNME1wQ2VoaUh6cmVTek5UY3prYzlkIj8+IDx4OnhtcG1ldGEgeG1sbnM6eD0iYWRvYmU6bnM6bWV0YS8iIHg6eG1wdGs9IkFkb2JlIFhNUCBDb3JlIDUuMy1jMDExIDY2LjE0NTY2MSwgMjAxMi8wMi8wNi0xNDo1NjoyNyAgICAgICAgIj4gPHJkZjpSREYgeG1sbnM6cmRmPSJodHRwOi8vd3d3LnczLm9yZy8xOTk5LzAyLzIyLXJkZi1zeW50YXgtbnMjIj4gPHJkZjpEZXNjcmlwdGlvbiByZGY6YWJvdXQ9IiIgeG1sbnM6eG1wTU09Imh0dHA6Ly9ucy5hZG9iZS5jb20veGFwLzEuMC9tbS8iIHhtbG5zOnN0UmVmPSJodHRwOi8vbnMuYWRvYmUuY29tL3hhcC8xLjAvc1R5cGUvUmVzb3VyY2VSZWYjIiB4bWxuczp4bXA9Imh0dHA6Ly9ucy5hZG9iZS5jb20veGFwLzEuMC8iIHhtcE1NOk9yaWdpbmFsRG9jdW1lbnRJRD0ieG1wLmRpZDpCQjU0NjU4QjIyQTNFMTExQkI5Rjk5QkQ4RkQ5RUJFQiIgeG1wTU06RG9jdW1lbnRJRD0ieG1wLmRpZDpDODdDM0Y0QUEzRDUxMUUxQjk5N0MzQjVFRDMyQUE1MiIgeG1wTU06SW5zdGFuY2VJRD0ieG1wLmlpZDpDODdDM0Y0OUEzRDUxMUUxQjk5N0MzQjVFRDMyQUE1MiIgeG1wOkNyZWF0b3JUb29sPSJBZG9iZSBQaG90b3Nob3AgQ1M2IChXaW5kb3dzKSI+IDx4bXBNTTpEZXJpdmVkRnJvbSBzdFJlZjppbnN0YW5jZUlEPSJ4bXAuaWlkOjQ4MTZDRTNCRDVBM0UxMTFBQTI2QTBCMjZENzg1Qzg5IiBzdFJlZjpkb2N1bWVudElEPSJ4bXAuZGlkOkJCNTQ2NThCMjJBM0UxMTFCQjlGOTlCRDhGRDlFQkVCIi8+IDwvcmRmOkRlc2NyaXB0aW9uPiA8L3JkZjpSREY+IDwveDp4bXBtZXRhPiA8P3hwYWNrZXQgZW5kPSJyIj8+yj6RYgAAAPZJREFUeNp0kM8KgkAQxmc1E0Wfo3vQn5eRSDx4EUHwbTpEhx4lil7DiydBQUFXp5nAMNsGhpnd/X77za4Iw3CFiFcAWFMFDkXtKZ/UHhfUnB3HWdu2/REpAL2u631ZlicGdpZlwTAMSmBM0zS5bhgQLB5FU3AOUS4XvNn3vVKgAACCIMA0TbFpGsyyDJMkefdFUWAcx1hVFeZ5jlEUoed5qPEI7KDrOhiG8e6llNC27Zcz77FW+L6Pruv+WKtGIzfgR39umv/UHOJgAMlO/BPOXCQDD5p3r2ma8lvHNU9BcWPg0HXdhRZbOhRT8aSXVO9U/ZcAAwAsmjsSQcM0lwAAAABJRU5ErkJggg==) " ";}
.successful.label th:first-child:before, .successful.label td:first-child:before {content:url(data:image/png;base64,iVBORw0KGgoAAAANSUhEUgAAAAwAAAAMCAYAAABWdVznAAAAGXRFWHRTb2Z0d2FyZQBBZG9iZSBJbWFnZVJlYWR5ccllPAAAA2ZpVFh0WE1MOmNvbS5hZG9iZS54bXAAAAAAADw/eHBhY2tldCBiZWdpbj0i77u/IiBpZD0iVzVNME1wQ2VoaUh6cmVTek5UY3prYzlkIj8+IDx4OnhtcG1ldGEgeG1sbnM6eD0iYWRvYmU6bnM6bWV0YS8iIHg6eG1wdGs9IkFkb2JlIFhNUCBDb3JlIDUuMy1jMDExIDY2LjE0NTY2MSwgMjAxMi8wMi8wNi0xNDo1NjoyNyAgICAgICAgIj4gPHJkZjpSREYgeG1sbnM6cmRmPSJodHRwOi8vd3d3LnczLm9yZy8xOTk5LzAyLzIyLXJkZi1zeW50YXgtbnMjIj4gPHJkZjpEZXNjcmlwdGlvbiByZGY6YWJvdXQ9IiIgeG1sbnM6eG1wTU09Imh0dHA6Ly9ucy5hZG9iZS5jb20veGFwLzEuMC9tbS8iIHhtbG5zOnN0UmVmPSJodHRwOi8vbnMuYWRvYmUuY29tL3hhcC8xLjAvc1R5cGUvUmVzb3VyY2VSZWYjIiB4bWxuczp4bXA9Imh0dHA6Ly9ucy5hZG9iZS5jb20veGFwLzEuMC8iIHhtcE1NOk9yaWdpbmFsRG9jdW1lbnRJRD0ieG1wLmRpZDpCQjU0NjU4QjIyQTNFMTExQkI5Rjk5QkQ4RkQ5RUJFQiIgeG1wTU06RG9jdW1lbnRJRD0ieG1wLmRpZDpEMDVBNThBQUEzRDUxMUUxQjdCQkM2QUNBMTNBMDExNiIgeG1wTU06SW5zdGFuY2VJRD0ieG1wLmlpZDpEMDVBNThBOUEzRDUxMUUxQjdCQkM2QUNBMTNBMDExNiIgeG1wOkNyZWF0b3JUb29sPSJBZG9iZSBQaG90b3Nob3AgQ1M2IChXaW5kb3dzKSI+IDx4bXBNTTpEZXJpdmVkRnJvbSBzdFJlZjppbnN0YW5jZUlEPSJ4bXAuaWlkOjQ4MTZDRTNCRDVBM0UxMTFBQTI2QTBCMjZENzg1Qzg5IiBzdFJlZjpkb2N1bWVudElEPSJ4bXAuZGlkOkJCNTQ2NThCMjJBM0UxMTFCQjlGOTlCRDhGRDlFQkVCIi8+IDwvcmRmOkRlc2NyaXB0aW9uPiA8L3JkZjpSREY+IDwveDp4bXBtZXRhPiA8P3hwYWNrZXQgZW5kPSJyIj8+xJ3YrgAAAYBJREFUeNpsUrtKA1EQPZtdY4gEQiD4QCsLEVGX4CP4AykEq1hYiGghCDZ+gBZWVtrZ+EAjaGOhfoAkNiaKhYWICilMEQNqoYjZ5O4d5+6ucQuLM3funDNzD7OrLe229YBwSKAEnyAP/pyIbL5fcz5rcNiLtuqJSEz3ickn5ruE/vFmJ9/LYjvAldGWqA7bJkgPtoAHQrS5G6NdiwhFWCoxHOCgKUL+iurkCBVawyamE8d4qmSZ51clBZUlh+RG14JzEsJNcaTNLVwWd1B6vXXqkmGoYNeVUPnW3JNr4+YarPoncvebEAKNekAlokaY6N/A1NA+SBgY6Eijtz2Fs5sVWNWawysorWNJsO+q9QWzaxLTYwfojA3isZzDfSnrWvTsNiyp7pOrZURC7ejrTDEpcVpY9ab+NSioLZEiapZA5nwBxZcC8g9HeK7ccYM7TDnwmoU2vx6/NIJaUjc0b0u8YvJNle5HdJvlhbI0Y31ThqsjTGr0/+8hOOQ5nfsRYACtHiy+FDd82wAAAABJRU5ErkJggg==) " "}
/*.successful.label a:before {content:url(data:image/png;base64,iVBORw0KGgoAAAANSUhEUgAAAAwAAAAMCAYAAABWdVznAAAAGXRFWHRTb2Z0d2FyZQBBZG9iZSBJbWFnZVJlYWR5ccllPAAAA2ZpVFh0WE1MOmNvbS5hZG9iZS54bXAAAAAAADw/eHBhY2tldCBiZWdpbj0i77u/IiBpZD0iVzVNME1wQ2VoaUh6cmVTek5UY3prYzlkIj8+IDx4OnhtcG1ldGEgeG1sbnM6eD0iYWRvYmU6bnM6bWV0YS8iIHg6eG1wdGs9IkFkb2JlIFhNUCBDb3JlIDUuMy1jMDExIDY2LjE0NTY2MSwgMjAxMi8wMi8wNi0xNDo1NjoyNyAgICAgICAgIj4gPHJkZjpSREYgeG1sbnM6cmRmPSJodHRwOi8vd3d3LnczLm9yZy8xOTk5LzAyLzIyLXJkZi1zeW50YXgtbnMjIj4gPHJkZjpEZXNjcmlwdGlvbiByZGY6YWJvdXQ9IiIgeG1sbnM6eG1wTU09Imh0dHA6Ly9ucy5hZG9iZS5jb20veGFwLzEuMC9tbS8iIHhtbG5zOnN0UmVmPSJodHRwOi8vbnMuYWRvYmUuY29tL3hhcC8xLjAvc1R5cGUvUmVzb3VyY2VSZWYjIiB4bWxuczp4bXA9Imh0dHA6Ly9ucy5hZG9iZS5jb20veGFwLzEuMC8iIHhtcE1NOk9yaWdpbmFsRG9jdW1lbnRJRD0ieG1wLmRpZDpCQjU0NjU4QjIyQTNFMTExQkI5Rjk5QkQ4RkQ5RUJFQiIgeG1wTU06RG9jdW1lbnRJRD0ieG1wLmRpZDpEMDVBNThBQUEzRDUxMUUxQjdCQkM2QUNBMTNBMDExNiIgeG1wTU06SW5zdGFuY2VJRD0ieG1wLmlpZDpEMDVBNThBOUEzRDUxMUUxQjdCQkM2QUNBMTNBMDExNiIgeG1wOkNyZWF0b3JUb29sPSJBZG9iZSBQaG90b3Nob3AgQ1M2IChXaW5kb3dzKSI+IDx4bXBNTTpEZXJpdmVkRnJvbSBzdFJlZjppbnN0YW5jZUlEPSJ4bXAuaWlkOjQ4MTZDRTNCRDVBM0UxMTFBQTI2QTBCMjZENzg1Qzg5IiBzdFJlZjpkb2N1bWVudElEPSJ4bXAuZGlkOkJCNTQ2NThCMjJBM0UxMTFCQjlGOTlCRDhGRDlFQkVCIi8+IDwvcmRmOkRlc2NyaXB0aW9uPiA8L3JkZjpSREY+IDwveDp4bXBtZXRhPiA8P3hwYWNrZXQgZW5kPSJyIj8+xJ3YrgAAAYBJREFUeNpsUrtKA1EQPZtdY4gEQiD4QCsLEVGX4CP4AykEq1hYiGghCDZ+gBZWVtrZ+EAjaGOhfoAkNiaKhYWICilMEQNqoYjZ5O4d5+6ucQuLM3funDNzD7OrLe229YBwSKAEnyAP/pyIbL5fcz5rcNiLtuqJSEz3ickn5ruE/vFmJ9/LYjvAldGWqA7bJkgPtoAHQrS5G6NdiwhFWCoxHOCgKUL+iurkCBVawyamE8d4qmSZ51clBZUlh+RG14JzEsJNcaTNLVwWd1B6vXXqkmGoYNeVUPnW3JNr4+YarPoncvebEAKNekAlokaY6N/A1NA+SBgY6Eijtz2Fs5sVWNWawysorWNJsO+q9QWzaxLTYwfojA3isZzDfSnrWvTsNiyp7pOrZURC7ejrTDEpcVpY9ab+NSioLZEiapZA5nwBxZcC8g9HeK7ccYM7TDnwmoU2vx6/NIJaUjc0b0u8YvJNle5HdJvlhbI0Y31ThqsjTGr0/+8hOOQ5nfsRYACtHiy+FDd82wAAAABJRU5ErkJggg==) " "}*/

.xspecResult { width: 90%; table-layout: fixed; }

.xspecResult td,
.xspecResult th { width: 50%; }

/*.xspecResult pre { 
  margin-left: 0; 
  padding: 0.5em; 
  overflow: auto; 
  border: 1px #999 dotted;
}*/

span.scenario-totals {float: right; width: 14.5%; text-align: left}

/* OXYGEN */
span.scenario-totals {float: right; width: 34.5%; text-align: right}

h2.failed {
    background-color: #FCC;
}

h1, h2 {
    width: 86%;
    /*margin-left: 3%;*/
    
    font-size:1.4em;
    font-weight:bold;
    text-align:left;
    margin-top:1.4em;
    margin-bottom:0.7em;
    color:#333333;
    background-color:inherit;
}

h1 {
    font-size:1.7em;
}

body &gt; h1:first-child:before {
    content:"XSLT UNIT ";
}

body &gt; h2:first-of-type {
    font-size:1.7em;
}

div &gt; table &gt; tbody &gt; tr &gt; th:first-child {
    font-weight:bold;
}

div &gt; h3 {
    font-weight:bold;
    /*margin-left: 3%;*/
}

div &gt; h4 {
    font-weight:normal;
    /*margin-left: 4%;*/
}

th.result { text-align: center; }
/* OXYGEN */


/* ------------------------------------------------------------------------ */
/*  DO NOT ALTER OR REMOVE COPYRIGHT NOTICES OR THIS COMMENT.               */
/*                                                                          */
/*  Copyright (c) 2008, 2010 Jeni Tennsion                                  */
/*                                                                          */
/*  The contents of this file are subject to the MIT License (see the URI   */
/*  http://www.opensource.org/licenses/mit-license.php for details).        */
/*                                                                          */
/*  Permission is hereby granted, free of charge, to any person obtaining   */
/*  a copy of this software and associated documentation files (the         */
/*  "Software"), to deal in the Software without restriction, including     */
/*  without limitation the rights to use, copy, modify, merge, publish,     */
/*  distribute, sublicense, and/or sell copies of the Software, and to      */
/*  permit persons to whom the Software is furnished to do so, subject to   */
/*  the following conditions:                                               */
/*                                                                          */
/*  The above copyright notice and this permission notice shall be          */
/*  included in all copies or substantial portions of the Software.         */
/*                                                                          */
/*  THE SOFTWARE IS PROVIDED "AS IS", WITHOUT WARRANTY OF ANY KIND,         */
/*  EXPRESS OR IMPLIED, INCLUDING BUT NOT LIMITED TO THE WARRANTIES OF      */
/*  MERCHANTABILITY, FITNESS FOR A PARTICULAR PURPOSE AND NONINFRINGEMENT.  */
/*  IN NO EVENT SHALL THE AUTHORS OR COPYRIGHT HOLDERS BE LIABLE FOR ANY    */
/*  CLAIM, DAMAGES OR OTHER LIABILITY, WHETHER IN AN ACTION OF CONTRACT,    */
/*  TORT OR OTHERWISE, ARISING FROM, OUT OF OR IN CONNECTION WITH THE       */
/*  SOFTWARE OR THE USE OR OTHER DEALINGS IN THE SOFTWARE.                  */
/* ------------------------------------------------------------------------ */

.nobr { white-space: nowrap; }
.scenario-label { text-indent: 0px; }
.context-label { text-indent: 10px; }
.test-label { text-indent: 20px; }
.pending-label { text-indent: 30px; }


        /**/</style>
    </head><body><h1>Test Report</h1><p>Script: <a href="file:/home/jostein/xprocspec/xprocspec/src/test/xprocspec/tests/param-1.xprocspec">file:/home/jostein/xprocspec/xprocspec/src/test/xprocspec/tests/param-1.xprocspec</a></p><p>Tested: 2013-12-02T14:36:13.096+01:00</p><h2>Contents</h2><table class="xspec"><col width="75%"/><col width="5%"/><col width="5%"/><col width="5%"/><col width="5%"/><col width="5%"/><thead><tr><th/><th class="result">passed:12</th><th class="result">pending:0</th><th class="result">failed:0</th><th class="result">errors:0</th><th class="result">total:12</th></tr></thead><tbody><tr class="successful label"><th><a href="#step1">ex:identity</a></th><th class="result">12</th><th class="result">0</th><th class="result">0</th><th class="result">0</th><th class="result">12</th></tr></tbody></table><div id="step1"><h2 class="successful">Calling: <a href="file:/home/jostein/xprocspec/xprocspec/src/test/xprocspec/steps/identity.xpl">ex:identity</a><span class="scenario-totals">passed:12 / pending:0 /
                                        failed:0 / errors:0 / total:12</span></h2><table class="xspec"><col width="80%"/><col width="20%"/><tbody><tr class="successful label"><th class="scenario-label">identity - base-uri</th><th class="nobr">passed:7 / pending:0 / failed:0 / errors:0 / total:7</th></tr><tr class="successful label"><th class="context-label">errors</th><th class="nobr">passed:1 / pending:0 / failed:0 / errors:0 / total:1</th></tr><tr class="successful label"><td class="test-label">the step should execute successfully without throwing any errors</td><td>Success</td></tr><tr class="successful label"><th class="context-label">the parameters</th><th class="nobr">passed:6 / pending:0 / failed:0 / errors:0 / total:6</th></tr><tr class="successful label"><td class="test-label">Parameters should be wrapped in a c:param-set element</td><td>Success</td></tr><tr class="successful label"><td class="test-label">Parameters should not be wrapped in something other than a c:param-set element</td><td>Success</td></tr><tr class="successful label"><td class="test-label">Parameters should be stored in c:param elements inside the root c:param-set element</td><td>Success</td></tr><tr class="successful label"><td class="test-label">base-uri(.) should refer to the base URI of the xprocspec test document</td><td>Success</td></tr><tr class="successful label"><td class="test-label">base-uri(/*) should refer to the base URI of the xprocspec test document</td><td>Success</td></tr><tr class="successful label"><td class="test-label">base-uri() should refer to the base URI of the xprocspec test document</td><td>Success</td></tr><tr class="successful label"><th class="scenario-label">identity - variables</th><th class="nobr">passed:5 / pending:0 / failed:0 / errors:0 / total:5</th></tr><tr class="successful label"><th class="context-label">errors</th><th class="nobr">passed:1 / pending:0 / failed:0 / errors:0 / total:1</th></tr><tr class="successful label"><td class="test-label">the step should execute successfully without throwing any errors</td><td>Success</td></tr><tr class="successful label"><th class="context-label">the parameters</th><th class="nobr">passed:4 / pending:0 / failed:0 / errors:0 / total:4</th></tr><tr class="successful label"><td class="test-label">The $temp-dir variable should be available from both the x:param @select attribute and the x:expect @test attributes</td><td>Success</td></tr><tr class="successful label"><td class="test-label">The $temp-dir variable should be available from both the @test and @equals attributes</td><td>Success</td></tr><tr class="successful label"><td class="test-label">The $test-base-uri variable should be available from both the x:param @select attribute and the x:expect @test attributes</td><td>Success</td></tr><tr class="successful label"><td class="test-label">The $test-base-uri variable should be available from both the @test and @equals attributes</td><td>Success</td></tr></tbody></table></div><h2>Execution log</h2><table><thead><tr><th>Time</th><th>Severity</th><th>Message</th></tr></thead><tbody><tr style=""><td>0.000</td><td style="padding-left:0%;">INFO</td><td><code><pre>#### file:/home/jostein/xprocspec/xprocspec/src/test/xprocspec/tests/param-1.xprocspec ####</pre></code></td></tr><tr style=""><td>0.005</td><td style="padding-left:0%;">INFO</td><td><code><pre> * temporary directory: file:/tmp/xprocspec-20131202143557583/</pre></code></td></tr><tr style=""><td>0.010</td><td style="padding-left:0%;">INFO</td><td><code><pre>preprocessing...</pre></code></td></tr><tr style=""><td>0.025</td><td style="padding-left:0%;">INFO</td><td><code><pre> * checking for imports</pre></code></td></tr><tr style=""><td>0.031</td><td style="padding-left:0%;">INFO</td><td><code><pre> * checking file:/home/jostein/xprocspec/xprocspec/src/test/xprocspec/tests/param-1.xprocspec for imports</pre></code></td></tr><tr style=""><td>0.037</td><td style="padding-left:0%;">INFO</td><td><code><pre> * extracting step declarations from file:/home/jostein/xprocspec/xprocspec/src/test/xprocspec/steps/identity.xpl</pre></code></td></tr><tr style=""><td>0.044</td><td style="padding-left:0%;">INFO</td><td><code><pre> * tests reference 1 step</pre></code></td></tr><tr style=""><td>0.050</td><td style="padding-left:0%;">INFO</td><td><code><pre>   * step: e:identity</pre></code></td></tr><tr style=""><td>0.055</td><td style="padding-left:0%;">INFO</td><td><code><pre> * trying to load: file:/home/jostein/xprocspec/xprocspec/src/test/xprocspec/steps/identity.xpl</pre></code></td></tr><tr style=""><td>0.062</td><td style="padding-left:0%;">INFO</td><td><code><pre>   * success!</pre></code></td></tr><tr style=""><td>0.070</td><td style="padding-left:0%;">INFO</td><td><code><pre> * trying to extract the step declaration for {http://example.net/ns}identity from file:/home/jostein/xprocspec/xprocspec/src/test/xprocspec/steps/identity.xpl</pre></code></td></tr><tr style=""><td>0.084</td><td style="padding-left:0%;">INFO</td><td><code><pre> * creating a new x:description document for each x:scenario element with inferred inputs, options and parameters</pre></code></td></tr><tr style=""><td>0.103</td><td style="padding-left:0%;">INFO</td><td><code><pre> * validating output grammar</pre></code></td></tr><tr style=""><td>0.111</td><td style="padding-left:0%;">INFO</td><td><code><pre> * validating output grammar</pre></code></td></tr><tr style=""><td>0.118</td><td style="padding-left:0%;">INFO</td><td><code><pre>compiling...</pre></code></td></tr><tr style=""><td>0.126</td><td style="padding-left:0%;">INFO</td><td><code><pre> * created directory using Calabash's cxf:mkdir</pre></code></td></tr><tr style=""><td>0.132</td><td style="padding-left:0%;">INFO</td><td><code><pre> * converting test 'test1' to XProc</pre></code></td></tr><tr style=""><td>0.147</td><td style="padding-left:0%;">INFO</td><td><code><pre>   * done</pre></code></td></tr><tr style=""><td>0.154</td><td style="padding-left:0%;">INFO</td><td><code><pre> * validating output grammar for file:/home/jostein/xprocspec/xprocspec/src/test/xprocspec/tests/param-1.xprocspec</pre></code></td></tr><tr style=""><td>0.162</td><td style="padding-left:0%;">INFO</td><td><code><pre>   * done!</pre></code></td></tr><tr style=""><td>0.169</td><td style="padding-left:0%;">INFO</td><td><code><pre> * converting test 'test2' to XProc</pre></code></td></tr><tr style=""><td>0.183</td><td style="padding-left:0%;">INFO</td><td><code><pre>   * done</pre></code></td></tr><tr style=""><td>0.190</td><td style="padding-left:0%;">INFO</td><td><code><pre> * validating output grammar for file:/home/jostein/xprocspec/xprocspec/src/test/xprocspec/tests/param-1.xprocspec</pre></code></td></tr><tr style=""><td>0.197</td><td style="padding-left:0%;">INFO</td><td><code><pre>   * done!</pre></code></td></tr><tr style=""><td>0.204</td><td style="padding-left:0%;">INFO</td><td><code><pre> * using as temporary directory: file:/tmp/xprocspec-20131202143557583/xprocspec-20131202143612274/</pre></code></td></tr><tr style=""><td>0.211</td><td style="padding-left:0%;">INFO</td><td><code><pre>storing...</pre></code></td></tr><tr style=""><td>0.222</td><td style="padding-left:0%;">INFO</td><td><code><pre>running...</pre></code></td></tr><tr style=""><td>0.231</td><td style="padding-left:0%;">INFO</td><td><code><pre>   * loading 'file:/tmp/xprocspec-20131202143557583/test1.xpl'</pre></code></td></tr><tr style=""><td>0.292</td><td style="padding-left:0%;">INFO</td><td><code><pre>   * loading 'file:/tmp/xprocspec-20131202143557583/test2.xpl'</pre></code></td></tr><tr style=""><td>0.349</td><td style="padding-left:0%;">INFO</td><td><code><pre>evaluating...</pre></code></td></tr><tr style=""><td>0.362</td><td style="padding-left:0%;">INFO</td><td><code><pre> * evaluating scenario 'identity - base-uri' (file:/home/jostein/xprocspec/xprocspec/src/test/xprocspec/tests/param-1.xprocspec)</pre></code></td></tr><tr style=""><td>0.369</td><td style="padding-left:0%;">INFO</td><td><code><pre>   * resolving x:document elements...</pre></code></td></tr><tr style=""><td>0.380</td><td style="padding-left:0%;">INFO</td><td><code><pre>    * no errors occured</pre></code></td></tr><tr style=""><td>0.419</td><td style="padding-left:0%;">INFO</td><td><code><pre>   * grouping x:expect elements with their x:context...</pre></code></td></tr><tr style=""><td>0.429</td><td style="padding-left:0%;">INFO</td><td><code><pre>   * evaluating each context/expect group...</pre></code></td></tr><tr style=""><td>0.436</td><td style="padding-left:0%;">INFO</td><td><code><pre>     * setting context to 'errors'</pre></code></td></tr><tr style=""><td>0.443</td><td style="padding-left:0%;">INFO</td><td><code><pre>       * testing assertion 'the step should execute successfully without throwing any errors'</pre></code></td></tr><tr style=""><td>0.451</td><td style="padding-left:0%;">INFO</td><td><code><pre>         * is document count assertion</pre></code></td></tr><tr style=""><td>0.459</td><td style="padding-left:0%;">INFO</td><td><code><pre>         * assertion passed</pre></code></td></tr><tr style=""><td>0.469</td><td style="padding-left:0%;">INFO</td><td><code><pre>     * setting context to 'the parameters'</pre></code></td></tr><tr style=""><td>0.476</td><td style="padding-left:0%;">INFO</td><td><code><pre>       * testing assertion 'Parameters should be wrapped in a c:param-set element'</pre></code></td></tr><tr style=""><td>0.486</td><td style="padding-left:0%;">INFO</td><td><code><pre>         * is xpath assertion</pre></code></td></tr><tr style=""><td>0.498</td><td style="padding-left:0%;">INFO</td><td><code><pre>       * testing assertion 'Parameters should not be wrapped in something other than a c:param-set element'</pre></code></td></tr><tr style=""><td>0.507</td><td style="padding-left:0%;">INFO</td><td><code><pre>         * is xpath assertion</pre></code></td></tr><tr style=""><td>0.517</td><td style="padding-left:0%;">INFO</td><td><code><pre>       * testing assertion 'Parameters should be stored in c:param elements inside the root c:param-set element'</pre></code></td></tr><tr style=""><td>0.526</td><td style="padding-left:0%;">INFO</td><td><code><pre>         * is xpath assertion</pre></code></td></tr><tr style=""><td>0.537</td><td style="padding-left:0%;">INFO</td><td><code><pre>       * testing assertion 'base-uri(.) should refer to the base URI of the xprocspec test document'</pre></code></td></tr><tr style=""><td>0.546</td><td style="padding-left:0%;">INFO</td><td><code><pre>         * is xpath assertion</pre></code></td></tr><tr style=""><td>0.557</td><td style="padding-left:0%;">INFO</td><td><code><pre>       * testing assertion 'base-uri(/*) should refer to the base URI of the xprocspec test document'</pre></code></td></tr><tr style=""><td>0.567</td><td style="padding-left:0%;">INFO</td><td><code><pre>         * is xpath assertion</pre></code></td></tr><tr style=""><td>0.578</td><td style="padding-left:0%;">INFO</td><td><code><pre>       * testing assertion 'base-uri() should refer to the base URI of the xprocspec test document'</pre></code></td></tr><tr style=""><td>0.587</td><td style="padding-left:0%;">INFO</td><td><code><pre>         * is xpath assertion</pre></code></td></tr><tr style=""><td>0.607</td><td style="padding-left:0%;">INFO</td><td><code><pre> * evaluating scenario 'identity - variables' (file:/home/jostein/xprocspec/xprocspec/src/test/xprocspec/tests/param-1.xprocspec)</pre></code></td></tr><tr style=""><td>0.616</td><td style="padding-left:0%;">INFO</td><td><code><pre>   * resolving x:document elements...</pre></code></td></tr><tr style=""><td>0.626</td><td style="padding-left:0%;">INFO</td><td><code><pre>    * no errors occured</pre></code></td></tr><tr style=""><td>0.661</td><td style="padding-left:0%;">INFO</td><td><code><pre>   * grouping x:expect elements with their x:context...</pre></code></td></tr><tr style=""><td>0.670</td><td style="padding-left:0%;">INFO</td><td><code><pre>   * evaluating each context/expect group...</pre></code></td></tr><tr style=""><td>0.679</td><td style="padding-left:0%;">INFO</td><td><code><pre>     * setting context to 'errors'</pre></code></td></tr><tr style=""><td>0.688</td><td style="padding-left:0%;">INFO</td><td><code><pre>       * testing assertion 'the step should execute successfully without throwing any errors'</pre></code></td></tr><tr style=""><td>0.697</td><td style="padding-left:0%;">INFO</td><td><code><pre>         * is document count assertion</pre></code></td></tr><tr style=""><td>0.705</td><td style="padding-left:0%;">INFO</td><td><code><pre>         * assertion passed</pre></code></td></tr><tr style=""><td>0.715</td><td style="padding-left:0%;">INFO</td><td><code><pre>     * setting context to 'the parameters'</pre></code></td></tr><tr style=""><td>0.725</td><td style="padding-left:0%;">INFO</td><td><code><pre>       * testing assertion 'The $temp-dir variable should be available from both the x:param @select attribute and the x:expect @test attributes'</pre></code></td></tr><tr style=""><td>0.734</td><td style="padding-left:0%;">INFO</td><td><code><pre>         * is xpath assertion</pre></code></td></tr><tr style=""><td>0.746</td><td style="padding-left:0%;">INFO</td><td><code><pre>       * testing assertion 'The $temp-dir variable should be available from both the @test and @equals attributes'</pre></code></td></tr><tr style=""><td>0.756</td><td style="padding-left:0%;">INFO</td><td><code><pre>         * is xpath assertion</pre></code></td></tr><tr style=""><td>0.768</td><td style="padding-left:0%;">INFO</td><td><code><pre>       * testing assertion 'The $test-base-uri variable should be available from both the x:param @select attribute and the x:expect @test attributes'</pre></code></td></tr><tr style=""><td>0.779</td><td style="padding-left:0%;">INFO</td><td><code><pre>         * is xpath assertion</pre></code></td></tr><tr style=""><td>0.791</td><td style="padding-left:0%;">INFO</td><td><code><pre>       * testing assertion 'The $test-base-uri variable should be available from both the @test and @equals attributes'</pre></code></td></tr><tr style=""><td>0.801</td><td style="padding-left:0%;">INFO</td><td><code><pre>         * is xpath assertion</pre></code></td></tr><tr style=""><td>0.819</td><td style="padding-left:0%;">INFO</td><td><code><pre>reporting...</pre></code></td></tr></tbody></table><link rel="stylesheet" href="http://yandex.st/highlightjs/7.3/styles/default.min.css"/><script type="text/javascript" src="http://yandex.st/highlightjs/7.3/highlight.min.js" xml:space="preserve"> </script><script type="text/javascript">hljs.initHighlightingOnLoad();</script></body></html></x:document></x:output><x:output port="junit"><x:document xml:base="file:/home/jostein/xprocspec/xprocspec/src/main/resources/content/xml/xproc/report/report.xpl" xml:space="preserve" type="inline"><testsuites tests="12" failures="0" time="0.829" errors="0" name="param1"><testsuite timestamp="2013-12-02T13:36:12.992Z" hostname="localhost" tests="7" errors="0" failures="0" skipped="0" id="d29104e1" name="identityBaseuri" package="http://example.net/ns" time="0.009">
<properties>

<property name="option: option" value="option"/>
<property name="option: option.required" value="option"/>

<property name="parameter: param1" value="file:/home/jostein/xprocspec/xprocspec/src/test/xprocspec/tests/param-1.xprocspec"/>
<property name="parameter: param2" value="file:/home/jostein/xprocspec/xprocspec/src/test/xprocspec/tests/param-1.xprocspec"/>
<property name="parameter: param3" value="file:/home/jostein/xprocspec/xprocspec/src/test/xprocspec/tests/param-1.xprocspec"/>
</properties>
<testcase name="theStepShouldExecuteSuccessfullyWithoutThrowingAnyErrors" classname="identity" assertions="1" time="0" status="SUCCESS"><system-out>the step should execute successfully without throwing any errors: SUCCESS</system-out>
<system-err/></testcase><testcase name="ParametersShouldBeWrappedInACparamsetElement" classname="identity" assertions="1" time="0" status="SUCCESS"><system-out>Parameters should be wrapped in a c:param-set element: SUCCESS</system-out>
<system-err/></testcase><testcase name="ParametersShouldNotBeWrappedInSomethingOtherThanACparamsetElement" classname="identity" assertions="1" time="0" status="SUCCESS"><system-out>Parameters should not be wrapped in something other than a c:param-set element: SUCCESS</system-out>
<system-err/></testcase><testcase name="ParametersShouldBeStoredInCparamElementsInsideTheRootCparamsetElement" classname="identity" assertions="1" time="0" status="SUCCESS"><system-out>Parameters should be stored in c:param elements inside the root c:param-set element: SUCCESS</system-out>
<system-err/></testcase><testcase name="baseuriShouldReferToTheBaseURIOfTheXprocspecTestDocument" classname="identity" assertions="1" time="0" status="SUCCESS"><system-out>base-uri(.) should refer to the base URI of the xprocspec test document: SUCCESS</system-out>
<system-err/></testcase><testcase name="baseuriShouldReferToTheBaseURIOfTheXprocspecTestDocument" classname="identity" assertions="1" time="0" status="SUCCESS"><system-out>base-uri(/*) should refer to the base URI of the xprocspec test document: SUCCESS</system-out>
<system-err/></testcase><testcase name="baseuriShouldReferToTheBaseURIOfTheXprocspecTestDocument" classname="identity" assertions="1" time="0" status="SUCCESS"><system-out>base-uri() should refer to the base URI of the xprocspec test document: SUCCESS</system-out>
<system-err/></testcase></testsuite><testsuite timestamp="2013-12-02T13:36:13.008Z" hostname="localhost" tests="5" errors="0" failures="0" skipped="0" id="d29122e1" name="identityVariables" package="http://example.net/ns" time="0.008">
<properties>

<property name="option: option" value="option"/>
<property name="option: option.required" value="option"/>

<property name="parameter: param1" value="file:/tmp/xprocspec-20131202143557583/xprocspec-20131202143612274/"/>
<property name="parameter: param2" value="file:/home/jostein/xprocspec/xprocspec/src/test/xprocspec/tests/param-1.xprocspec"/>
</properties>
<testcase name="theStepShouldExecuteSuccessfullyWithoutThrowingAnyErrors" classname="identity" assertions="1" time="0" status="SUCCESS"><system-out>the step should execute successfully without throwing any errors: SUCCESS</system-out>
<system-err/></testcase><testcase name="The$tempdirVariableShouldBeAvailableFromBothTheXparamSelectAttributeAndTheXexpectTestAttributes" classname="identity" assertions="1" time="0" status="SUCCESS"><system-out>The $temp-dir variable should be available from both the x:param @select attribute and the x:expect @test attributes: SUCCESS</system-out>
<system-err/></testcase><testcase name="The$tempdirVariableShouldBeAvailableFromBothTheTestAndEqualsAttributes" classname="identity" assertions="1" time="0" status="SUCCESS"><system-out>The $temp-dir variable should be available from both the @test and @equals attributes: SUCCESS</system-out>
<system-err/></testcase><testcase name="The$testbaseuriVariableShouldBeAvailableFromBothTheXparamSelectAttributeAndTheXexpectTestAttributes" classname="identity" assertions="1" time="0" status="SUCCESS"><system-out>The $test-base-uri variable should be available from both the x:param @select attribute and the x:expect @test attributes: SUCCESS</system-out>
<system-err/></testcase><testcase name="The$testbaseuriVariableShouldBeAvailableFromBothTheTestAndEqualsAttributes" classname="identity" assertions="1" time="0" status="SUCCESS"><system-out>The $test-base-uri variable should be available from both the @test and @equals attributes: SUCCESS</system-out>
<system-err/></testcase></testsuite></testsuites></x:document></x:output><x:test-result type="count" label="the step should execute successfully without throwing any errors" max="0" contextref="errors" result="passed">
                                                        <x:expected>At most 0 documents.</x:expected>
                                                    <x:was>0</x:was></x:test-result><x:test-result label="there should be at least one test, and none of the tests should fail" type="xpath" test="not(/*/@tests='0') and /*/@failures='0' and /*/@errors='0'" contextref="context12" result="passed"><x:expected xml:space="preserve">XPath: true()
Value: true</x:expected><x:was xml:space="preserve">XPath: not(/*/@tests='0') and /*/@failures='0' and /*/@errors='0'
Value: true</x:was></x:test-result></x:description><x:description xmlns:cx="http://xmlcalabash.com/ns/extensions" xmlns:c="http://www.w3.org/ns/xproc-step" xml:base="file:/home/jostein/xprocspec/xprocspec/src/test/xprocspec/test.xprocspec" test-base-uri="file:/home/jostein/xprocspec/xprocspec/src/test/xprocspec/test.xprocspec" script="file:/home/jostein/xprocspec/xprocspec/src/main/resources/content/xml/xproc/xprocspec.xpl" test-grammar="xprocspec" temp-dir="file:/tmp/xprocspec-20131202143557583/"><x:step-declaration><p:declare-step xmlns:p="http://www.w3.org/ns/xproc" xmlns:px="http://www.daisy.org/ns/xprocspec" xmlns:pxi="http://www.daisy.org/ns/xprocspec/xproc-internal/" xmlns:pkg="http://expath.org/ns/pkg" type="px:xprocspec" name="main" version="1.0" xpath-version="2.0" pkg:import-uri="http://www.daisy.org/ns/xprocspec/xprocspec.xpl" x:type="{http://www.daisy.org/ns/xprocspec}xprocspec"><p:input port="source" kind="document" sequence="false" primary="true"/><p:output port="result" kind="document" sequence="false" primary="false"><p:pipe port="result" step="report"/></p:output><p:output port="html" kind="document" sequence="false" primary="false"><p:pipe port="html" step="report"/></p:output><p:output port="junit" kind="document" sequence="false" primary="false"><p:pipe port="junit" step="report"/></p:output><p:option name="temp-dir" select="'file:/tmp/'"/><p:option name="step-available-rng" select="'false'"/></p:declare-step></x:step-declaration><x:scenario end-time="2013-12-02T13:36:14.121Z" label="the context element" start-time="2013-12-02T13:36:13.568Z"><x:call x:type="{http://www.daisy.org/ns/xprocspec}xprocspec" step="x:xprocspec"><x:option select="$temp-dir" name="temp-dir" value="file:/tmp/xprocspec-20131202143557583/"/><x:input port="source">
                <x:document xml:base="file:/home/jostein/xprocspec/xprocspec/src/test/xprocspec/test.xprocspec" xml:space="preserve" type="inline"><?xml-model href="http://www.daisy.org/ns/xprocspec/xprocspec.rng" type="application/xml" schematypens="http://relaxng.org/ns/structure/1.0"?><x:description xmlns:e="http://example.net/ns" xmlns:asdf="http://www.w3.org/ns/xproc-step" script="../steps/identity.xpl">
    
    <!--change the context a couple of times and check that the context changes in the expect assertions-->
    
    <x:scenario label="identity">
        <x:call step="e:identity">
            <x:option name="option.required" select="''"/>
        </x:call>

        <!-- output port -->
        <x:context label="the options">
            <x:document type="port" port="options"/>
        </x:context>
        <!-- this test also uses another prefix for the xproc-step namespace which xprocspec has to account for -->
        <x:expect type="xpath" label="The context should be the options" test="count(/asdf:*)=1"/>
        
        <!-- input port -->
        <x:context label="the primary input port">
            <x:document type="port" port="source.document.primary"/>
        </x:context>
        <x:expect type="count" label="There should be a single document on the primary input port" min="1" max="1"/>
        <x:expect type="xpath" label="The document should not be options document" test="not(count(/asdf:*)=1)"/>
    </x:scenario>

</x:description></x:document>
            </x:input></x:call>
                                                <x:context label="errors" id="errors">
                                                    
                                                </x:context>
                                            
                                                <x:expect type="count" label="the step should execute successfully without throwing any errors" max="0" contextref="errors"/>
                                            <x:context label="the junit output port" id="context13">
            <x:document xml:base="file:/home/jostein/xprocspec/xprocspec/src/main/resources/content/xml/xproc/report/report.xpl" xml:space="preserve" type="inline"><testsuites tests="4" failures="0" time="0.449" errors="0" name="context1"><testsuite timestamp="2013-12-02T13:36:14.033Z" hostname="localhost" tests="4" errors="0" failures="0" skipped="0" id="d30807e1" name="identity" package="http://example.net/ns" time="0.007">
<properties>

<property name="option: option.required" value=""/>

</properties>
<testcase name="theStepShouldExecuteSuccessfullyWithoutThrowingAnyErrors" classname="identity" assertions="1" time="0" status="SUCCESS"><system-out>the step should execute successfully without throwing any errors: SUCCESS</system-out>
<system-err/></testcase><testcase name="TheContextShouldBeTheOptions" classname="identity" assertions="1" time="0" status="SUCCESS"><system-out>The context should be the options: SUCCESS</system-out>
<system-err/></testcase><testcase name="ThereShouldBeASingleDocumentOnThePrimaryInputPort" classname="identity" assertions="1" time="0" status="SUCCESS"><system-out>There should be a single document on the primary input port: SUCCESS</system-out>
<system-err/></testcase><testcase name="TheDocumentShouldNotBeOptionsDocument" classname="identity" assertions="1" time="0" status="SUCCESS"><system-out>The document should not be options document: SUCCESS</system-out>
<system-err/></testcase></testsuite></testsuites></x:document>
        </x:context><x:expect label="there should be at least one test, and none of the tests should fail" type="xpath" test="not(/*/@tests='0') and /*/@failures='0' and /*/@errors='0'" contextref="context13"/></x:scenario><x:output port="result"><x:document xml:base="file:/home/jostein/xprocspec/xprocspec/src/main/resources/content/xml/xproc/report/report.xpl" xml:space="preserve" type="inline"><x:test-report><x:description xml:base="file:/home/jostein/xprocspec/xprocspec/src/test/xprocspec/tests/context-1.xprocspec" test-base-uri="file:/home/jostein/xprocspec/xprocspec/src/test/xprocspec/tests/context-1.xprocspec" script="file:/home/jostein/xprocspec/xprocspec/src/test/xprocspec/steps/identity.xpl" test-grammar="xprocspec" temp-dir="file:/tmp/xprocspec-20131202143557583/xprocspec-20131202143613684/"><x:step-declaration><p:declare-step xmlns:p="http://www.w3.org/ns/xproc" xmlns:ex="http://example.net/ns" name="main" type="ex:identity" version="1.0" x:type="{http://example.net/ns}identity"><p:input port="source.document.primary" kind="document" primary="true" sequence="false"><p:inline>
            <source.document.primary.default/>
        </p:inline></p:input><p:input port="source.document.secondary.sequence" kind="document" sequence="true" primary="false"><p:inline>
            <source.document.secondary.sequence/>
        </p:inline></p:input><p:input select="/*/*" port="source.document.secondary.select-children" kind="document" sequence="true" primary="false"><p:inline>
            <default>
                <default/>
                <default/>
            </default>
        </p:inline></p:input><p:input port="source.parameter.primary.sequence" primary="true" kind="parameter" sequence="true"/><p:output port="result.document.primary" kind="document" primary="true" sequence="false"><p:pipe port="source.document.primary" step="main"/></p:output><p:output port="result.document.secondary.sequence" kind="document" sequence="true" primary="false"><p:pipe port="source.document.secondary.sequence" step="main"/></p:output><p:output port="result.document.secondary.select-children" kind="document" sequence="true" primary="false"><p:pipe port="source.document.secondary.select-children" step="main"/></p:output><p:output port="result.parameter.primary" kind="document" sequence="false" primary="false"><p:pipe port="result" step="parameters"/></p:output><p:output port="options" kind="document" sequence="false" primary="false"><p:pipe port="result" step="options"/></p:output><p:option name="option"/><p:option name="option.required" required="true"/><p:option name="option.default" select="'default'"/></p:declare-step></x:step-declaration><x:scenario xmlns:e="http://example.net/ns" xmlns:asdf="http://www.w3.org/ns/xproc-step" end-time="2013-12-02T13:36:13.784Z" label="identity" start-time="2013-12-02T13:36:13.777Z"><x:call x:type="{http://example.net/ns}identity" step="e:identity"><x:option select="''" name="option.required" value=""/></x:call>
                                                <x:context label="errors" id="errors">
                                                    
                                                </x:context>
                                            
                                                <x:expect type="count" label="the step should execute successfully without throwing any errors" max="0" contextref="errors"/>
                                            <x:context label="the options" id="context0">
            <x:document xml:base="file:/home/jostein/xprocspec/xprocspec/src/test/xprocspec/steps/identity.xpl" xml:space="preserve" type="inline">
                <c:options xmlns:ex="http://example.net/ns">
                    
                    <c:option name="option.required" value=""/>
                    <c:option name="option.default" value="default"/>
                </c:options>
            </x:document>
        </x:context><x:expect type="xpath" label="The context should be the options" test="count(/asdf:*)=1" contextref="context0"/><x:context label="the primary input port" id="context1">
            <x:document xmlns:p="http://www.w3.org/ns/xproc" xmlns:ex="http://example.net/ns" xml:base="file:/home/jostein/xprocspec/xprocspec/src/test/xprocspec/tests/context-1.xprocspec" xml:space="preserve" type="inline">
            <source.document.primary.default/>
        </x:document>
        </x:context><x:expect type="count" label="There should be a single document on the primary input port" min="1" max="1" contextref="context1"/><x:expect type="xpath" label="The document should not be options document" test="not(count(/asdf:*)=1)" contextref="context1"/></x:scenario><x:output port="result.document.primary"><x:document xml:base="file:/home/jostein/xprocspec/xprocspec/src/test/xprocspec/tests/context-1.xprocspec" xml:space="preserve" type="inline">
            <source.document.primary.default xmlns:ex="http://example.net/ns"/>
        </x:document></x:output><x:output port="result.document.secondary.sequence"><x:document xml:base="file:/home/jostein/xprocspec/xprocspec/src/test/xprocspec/steps/identity.xpl" xml:space="preserve" type="inline">
            <source.document.secondary.sequence xmlns:ex="http://example.net/ns"/>
        </x:document></x:output><x:output port="result.document.secondary.select-children"><x:document xml:base="file:/home/jostein/xprocspec/xprocspec/src/test/xprocspec/steps/identity.xpl" xml:space="preserve" type="inline"><default xmlns:ex="http://example.net/ns"/></x:document><x:document xml:base="file:/home/jostein/xprocspec/xprocspec/src/test/xprocspec/steps/identity.xpl" xml:space="preserve" type="inline"><default xmlns:ex="http://example.net/ns"/></x:document></x:output><x:output port="result.parameter.primary"><x:document xml:base="file:/home/jostein/xprocspec/xprocspec/src/test/xprocspec/steps/identity.xpl" xml:space="preserve" type="inline"><c:param-set/></x:document></x:output><x:output port="options"><x:document xml:base="file:/home/jostein/xprocspec/xprocspec/src/test/xprocspec/steps/identity.xpl" xml:space="preserve" type="inline">
                <c:options xmlns:ex="http://example.net/ns">
                    
                    <c:option name="option.required" value=""/>
                    <c:option name="option.default" value="default"/>
                </c:options>
            </x:document></x:output><x:test-result xmlns:e="http://example.net/ns" xmlns:asdf="http://www.w3.org/ns/xproc-step" type="count" label="the step should execute successfully without throwing any errors" max="0" contextref="errors" result="passed">
                                                        <x:expected>At most 0 documents.</x:expected>
                                                    <x:was>0</x:was></x:test-result><x:test-result xmlns:e="http://example.net/ns" xmlns:asdf="http://www.w3.org/ns/xproc-step" type="xpath" label="The context should be the options" test="count(/asdf:*)=1" contextref="context0" result="passed"><x:expected xml:space="preserve">XPath: true()
Value: true</x:expected><x:was xml:space="preserve">XPath: count(/asdf:*)=1
Value: true</x:was></x:test-result><x:test-result xmlns:e="http://example.net/ns" xmlns:asdf="http://www.w3.org/ns/xproc-step" type="count" label="There should be a single document on the primary input port" min="1" max="1" contextref="context1" result="passed">
                                                        <x:expected>At least 1 and at most 1 documents.</x:expected>
                                                    <x:was>1</x:was></x:test-result><x:test-result xmlns:e="http://example.net/ns" xmlns:asdf="http://www.w3.org/ns/xproc-step" type="xpath" label="The document should not be options document" test="not(count(/asdf:*)=1)" contextref="context1" result="passed"><x:expected xml:space="preserve">XPath: true()
Value: true</x:expected><x:was xml:space="preserve">XPath: not(count(/asdf:*)=1)
Value: true</x:was></x:test-result></x:description></x:test-report></x:document></x:output><x:output port="html"><x:document xml:base="file:/home/jostein/xprocspec/xprocspec/src/main/resources/content/xml/xproc/report/report-template.xhtml" xml:space="preserve" type="inline"><html xmlns="http://www.w3.org/1999/xhtml"><head><title>Test Report for file:/home/jostein/xprocspec/xprocspec/src/test/xprocspec/tests/context-1.xprocspec (passed:4 / pending:0 / failed:0 / errors:0 / total:4)</title>
        <meta charset="utf-8"/>
        <style type="text/css" xml:space="preserve">/**/
/****************************************************************************/
/*  File:       test-report.css                                             */
/*  Author:     Jeni Tennsion                                               */
/*  URI:        http://xspec.googlecode.com/                                */
/*  Tags:                                                                   */
/*    Copyright (c) 2008, 2010 Jeni Tennsion (see end of file.)             */
/* ------------------------------------------------------------------------ */


/* test */

/* box model */

body {
	margin-right: 1em;
	/*margin-left: 10%;*/
	}

h1 {
	padding: 0.3em 0.5em 0.3em 0.5em;
	position: relative;
	}

h2 {
	padding: 0.1em 0.5em 0.2em 0.5em;
	}

h3 {
	padding-left: 0.6em;
	}

h4 {
	padding-left: 0.8em;
	}

p, table {
	/*margin-left: 5%;*/
	}

dd ul, dd ol {
	margin-left: 0%;
	}

li ul, li ol {
	/*margin-left: 5%;*/
	}

dl, ul, ol, blockquote {
	/*margin-left: 10%;*/
	}

dt {
  padding-top: 3px;
  padding-bottom: 3px;
	clear: both;
	}

dd p {
	/*margin-left: -5px;*/
	margin-top: 5px;
	clear: both;
	}

p.link {
	margin-top: 4px;
	margin-bottom: 0px;
	clear: both;
	}

tr td, td p, li, li p {
	margin-left: 0%;
	}

td:nth-child(2) {
	padding-left: 5%;
	}

.link img, dt img {
	vertical-align: middle;
	position: relative;
	top: -5px;
	}

img {
	position: relative;
	}

#xml-link {
	position: absolute;
	left: 5px;
	top: 5px;
	width: 10%;
	margin-left: 0%;
	}

#link-up {
	position: absolute;
	left: 93%;
	right: 2em;
	top: 0.3em;
	}

#link-top {
	position: absolute;
	left: 89%;
	right: 4em;
	top: 0.3em;
	}
	
.popup {
	display: block;
	visibility: hidden;
	float: right;
	position: absolute;
	top: 5px;
	left: -200px;
	z-index: 1;
	padding: 0.3em;
	width: 220px;
	}

.note {
	position: relative;
	}

.post {
	/*margin-left: 5%;*/
	padding-top: 1em;
	}
	
.example, .sidebar {
  /*margin-left: 5%;*/
  margin-top: 1em;
  margin-bottom: 1em;
  }

/*pre {
	padding-left: 5%;
	margin-left: 5%;
	}*/

/*dd pre, li pre {
	padding-left: 5%;
	}*/

/* fonts */
/* Oxygen  */
body, table {
    font-family:arial, helvetica, sans-serif;
    font-size:12px;
}
/* Oxygen  */

/*body {
	font-family: Verdana, arial, sans-serif;
	font-size: small;
	}*/	

/*h1, h2, h3, h4, h5, h6 {
	font-family: 'trebuchet MS', arial, sans-serif;
	}*/

h1 {
	font-size: 173%;
	font-weight: bold;
	}

h2 {
	font-size: 144%;
	font-weight: normal;
	}

h3 {
	font-size: 120%;
	font-weight: normal;
	}

h4 {
  font-size: 100%;
  font-weight: bold;
}

dt {
	font-weight: bold;
	}

a:link, a:visited, a:active, a:hover {
	font-weight: bold;
	}

a.offsite:link, a.offsite:visited, a.offsite:active, a.offsite:hover {
	font-weight: normal;
	}

/* suppress the normal italics */
address {
	font-style: normal;
	}

div.example, .sidebar {
  font-family: Verdana, arial, sans-serif;
  font-size: 100%;
  }


.note, .link {
	font-family: Verdana, arial, sans-serif;
	/*font-size: 83%;*/
	}

/*.example, .string, .rtf, .code, pre, code {
	font-family: "Lucida Console", "Courier New", monospace;*/
  /*font-size: 83%;*/
/*	}*/

.boolean {
	font-style: italic;
	}

#colophon, #xml-link {
	font-size: 69%;
	}

.question, .title {
	font-weight: bold;
	}

/* colours */
body {
	background-color: white;
	color: black;
	border: 0px none black;
	}

/* this is to make Navigator fill the entire line */
h1, h2 {
	border: 1px solid white;
	width: auto;
	}

h1 {
	/*background: #606;*/
	/*color: #6F6;*/
	}

h2 {
	color: #606;
	/*background: #CFC;*/
	}

hr {
	color: #606;
	background: white;
	}

img, a:link img, a:visited img, a:hover img, a:active img, #link-up img, #link-top img {
	border: 0px none white;
	background: transparent;
	}

/* OXYGEN */
a, a:visited {
    color:rgb(0, 0, 150);
    background-color:inherit;
    font-weight: bold;
}
a:link, a:visited {
    text-decoration:none; 
}
a:hover {
    text-decoration:underline;
}

/* OXYGEN */

a.img:hover, a.img:active {
	background: transparent;
	}

#colophon, #xml-link, .note {
	color: #666;
	}

#colophon a:link, #colophon a:visited, #colophon a:hover,
#xml-link a:link, #xml-link a:visited, #xml-link a:hover,
.note a:link, .note a:visited, .note a:hover {
	color: #969;
	background: transparent;
	}

#colophon a:hover, #xml-link a:hover, .note a:hover {
	background: #CFC;
	color: #969;
	}

.popup {
	background: white;
	border: 1px solid #606;
	}

.post {
	border-top: 2px solid #606;
	}
	
.example {
  border-top: 2px solid #606;
  border-bottom: 2px solid #606;
  }
  
.sidebar {
  border-top: 2px solid #090;
  border-bottom: 2px solid #090;
  }
  
.rng {
  border-left: 2px solid #666;
  }

.same {
  background-color: rgb(206, 239, 174);
}

.diff {
  background-color: #FCC;
}

.whitespace {
	font-style: italic;
	color: #999;
	background: white;
}

.ignored {
  font-style: italic;
  color: #999;
  background: white;
}

.hit {
}

.missed {
  background-color: #A33;
  color: white;
}

/* text */
ol ol li {
	list-style: lower-alpha;
	}

th {
	text-align: left;
	}

td {
	vertical-align: top;
	}

h1 {
	text-transform: uppercase;
	}

h2, h3 {
	/*text-transform: capitalize;*/
	}

.question {
	text-indent: -33px;
	}

.byline {
	text-align: right;
	}

#link-top, #link-up {
	text-align: right;
	}

a {
	text-decoration: none;
	}

table { width: 85%;
        /* border: collapse; */ }

th { text-align: left; }

.xspec tbody th { font-weight: normal; /*font-size: 0.8em;*/ border-top: 1px #666 solid; }
.xspec tbody td { /*font-size: 0.8em;*/ color: #666; }

.successful.label th, .successful.label td { background-color: #CFC; }
.pending.label th, .pending.label td { background-color: #DDD; color: #666; }
.failed.label th, .failed.label td { background-color: #FCC; }
.error.label th, .error.label td { background-color: #FAA; }
/*body &gt; table tbody .failed.label th:first-child:before {content:url(data:image/png;base64,iVBORw0KGgoAAAANSUhEUgAAAAwAAAAMCAYAAABWdVznAAAAGXRFWHRTb2Z0d2FyZQBBZG9iZSBJbWFnZVJlYWR5ccllPAAAA2ZpVFh0WE1MOmNvbS5hZG9iZS54bXAAAAAAADw/eHBhY2tldCBiZWdpbj0i77u/IiBpZD0iVzVNME1wQ2VoaUh6cmVTek5UY3prYzlkIj8+IDx4OnhtcG1ldGEgeG1sbnM6eD0iYWRvYmU6bnM6bWV0YS8iIHg6eG1wdGs9IkFkb2JlIFhNUCBDb3JlIDUuMy1jMDExIDY2LjE0NTY2MSwgMjAxMi8wMi8wNi0xNDo1NjoyNyAgICAgICAgIj4gPHJkZjpSREYgeG1sbnM6cmRmPSJodHRwOi8vd3d3LnczLm9yZy8xOTk5LzAyLzIyLXJkZi1zeW50YXgtbnMjIj4gPHJkZjpEZXNjcmlwdGlvbiByZGY6YWJvdXQ9IiIgeG1sbnM6eG1wTU09Imh0dHA6Ly9ucy5hZG9iZS5jb20veGFwLzEuMC9tbS8iIHhtbG5zOnN0UmVmPSJodHRwOi8vbnMuYWRvYmUuY29tL3hhcC8xLjAvc1R5cGUvUmVzb3VyY2VSZWYjIiB4bWxuczp4bXA9Imh0dHA6Ly9ucy5hZG9iZS5jb20veGFwLzEuMC8iIHhtcE1NOk9yaWdpbmFsRG9jdW1lbnRJRD0ieG1wLmRpZDpCQjU0NjU4QjIyQTNFMTExQkI5Rjk5QkQ4RkQ5RUJFQiIgeG1wTU06RG9jdW1lbnRJRD0ieG1wLmRpZDpEQTUyOTdBQUEzRDUxMUUxQTQwN0YzMUI0Nzg3NDU1RSIgeG1wTU06SW5zdGFuY2VJRD0ieG1wLmlpZDpEQTUyOTdBOUEzRDUxMUUxQTQwN0YzMUI0Nzg3NDU1RSIgeG1wOkNyZWF0b3JUb29sPSJBZG9iZSBQaG90b3Nob3AgQ1M2IChXaW5kb3dzKSI+IDx4bXBNTTpEZXJpdmVkRnJvbSBzdFJlZjppbnN0YW5jZUlEPSJ4bXAuaWlkOjQ4MTZDRTNCRDVBM0UxMTFBQTI2QTBCMjZENzg1Qzg5IiBzdFJlZjpkb2N1bWVudElEPSJ4bXAuZGlkOkJCNTQ2NThCMjJBM0UxMTFCQjlGOTlCRDhGRDlFQkVCIi8+IDwvcmRmOkRlc2NyaXB0aW9uPiA8L3JkZjpSREY+IDwveDp4bXBtZXRhPiA8P3hwYWNrZXQgZW5kPSJyIj8+aHNJrgAAAZ1JREFUeNpsUssrRGEU/907985YMDPNYlh4hbKZPMdgR3aysrGSSFIeKyUKpewoRTYkmcgCf4MsMI2FPDYGKeUZSoru4/uc82VC+W7fOeee+zvn/M45V1uuyCmVwDogq0hDklD6jy1dspNkdxokVrIzPFUh0/MD5OdXoJDwPFtu3d2ns6TTp9oggTlFZlmN0o4AHMmXfJGo0lmGzoE1OgmNHf5YA8rmN5HfM6wADmUuHphA9cIW/JX1yiek9DIlyijxkNjBzXYche19gNcHzfShoLUdVxtLuD/cYzCoMAzCwqYrhMDx9Chs20JRWzf4nMcXcDI3pYAqQHIAtWUJbpKursMMhpA+RiAEGzpc4X5XkDB4GjaHmiZik/PIa2rBEWVlSuW9Q+T3YndskBi46QpQFcLltchtbEZyZhxna4uKhmV9Ito/gtPNOG4P99WItdlIWARNXWOAv6AEr9cplel7/ggUleDlMqUSvNnCobHKxDsNnqs8XaWUZopp/XhxTkOR+HDVOveYUge9rNLyY9SU9v+vwXuUB2R0fQkwABfn/VKSjTLBAAAAAElFTkSuQmCC) " "}*/
/*body &gt; table tbody .error.label th:first-child:before {content:url(data:image/png;base64,iVBORw0KGgoAAAANSUhEUgAAAAwAAAAMCAYAAABWdVznAAAABmJLR0QAAAAAAAD5Q7t/AAAACXBIWXMAAAsTAAALEwEAmpwYAAAAB3RJTUUH3QcKER4AdkxvvQAAAdVJREFUKM89kM9KG0EAh7/JTHazZInEQwJ68KIWLx6Etj6EjxAobYSsD+BjCJ682EOp0FMueYmS0FMICF4i6tFNzJ/dyRh2Znoo6Xf+Pn7wEzc3Nx/W6/UvY8xJnudkWYa1Fu893nviOCaKIhuG4R/v/Ve1Xq9/bG1tnezs7JDnOVpr3t/fcc4hpaRSqVCpVORqtTp9e3v7rrTWn5vNJpPJhHK5zHg8JssyvPeEYcjR0RFpmlKr1ZjP5x9Li8VCbOR2u83BwQEvLy88PT1xfHzMxcUFQgjSNCXLskDlec5sNuPx8REpJZ1Oh+fnZ4QQnJ+fc319Tb/fZ29vD601SmvNdDplsVhwe3vLaDTi6uoKgCRJGAwGNBoNXl9fMcZQcs5hjGG1WpHnObVajQ3VahWtNcYYjDE451Cb+7z3JElCkiScnZ0hpaTX67G7u0u328V7/y+oVqsIITg8PKTT6dBqtRgOhzjnaLVa3N3dcX9/z3K5JI5jxOXlpSuKQqRpirWWh4eH//Plcpn9/X2cc2xvb1MqlQqllBpYa0/jOGYymdBsNsmyDOccURRRFAX1eh2lFGEY/lZBEHyx1v703n8KgkBEUYSUEu/9RkIIUQRB0A/D8NtflUT+nn4OS+0AAAAASUVORK5CYII=) " "}*/
.failed.label th:first-child:before, .failed.label td:first-child:before {content:url(data:image/png;base64,iVBORw0KGgoAAAANSUhEUgAAAAwAAAAMCAYAAABWdVznAAAAGXRFWHRTb2Z0d2FyZQBBZG9iZSBJbWFnZVJlYWR5ccllPAAAA2ZpVFh0WE1MOmNvbS5hZG9iZS54bXAAAAAAADw/eHBhY2tldCBiZWdpbj0i77u/IiBpZD0iVzVNME1wQ2VoaUh6cmVTek5UY3prYzlkIj8+IDx4OnhtcG1ldGEgeG1sbnM6eD0iYWRvYmU6bnM6bWV0YS8iIHg6eG1wdGs9IkFkb2JlIFhNUCBDb3JlIDUuMy1jMDExIDY2LjE0NTY2MSwgMjAxMi8wMi8wNi0xNDo1NjoyNyAgICAgICAgIj4gPHJkZjpSREYgeG1sbnM6cmRmPSJodHRwOi8vd3d3LnczLm9yZy8xOTk5LzAyLzIyLXJkZi1zeW50YXgtbnMjIj4gPHJkZjpEZXNjcmlwdGlvbiByZGY6YWJvdXQ9IiIgeG1sbnM6eG1wTU09Imh0dHA6Ly9ucy5hZG9iZS5jb20veGFwLzEuMC9tbS8iIHhtbG5zOnN0UmVmPSJodHRwOi8vbnMuYWRvYmUuY29tL3hhcC8xLjAvc1R5cGUvUmVzb3VyY2VSZWYjIiB4bWxuczp4bXA9Imh0dHA6Ly9ucy5hZG9iZS5jb20veGFwLzEuMC8iIHhtcE1NOk9yaWdpbmFsRG9jdW1lbnRJRD0ieG1wLmRpZDpCQjU0NjU4QjIyQTNFMTExQkI5Rjk5QkQ4RkQ5RUJFQiIgeG1wTU06RG9jdW1lbnRJRD0ieG1wLmRpZDpEQTUyOTdBQUEzRDUxMUUxQTQwN0YzMUI0Nzg3NDU1RSIgeG1wTU06SW5zdGFuY2VJRD0ieG1wLmlpZDpEQTUyOTdBOUEzRDUxMUUxQTQwN0YzMUI0Nzg3NDU1RSIgeG1wOkNyZWF0b3JUb29sPSJBZG9iZSBQaG90b3Nob3AgQ1M2IChXaW5kb3dzKSI+IDx4bXBNTTpEZXJpdmVkRnJvbSBzdFJlZjppbnN0YW5jZUlEPSJ4bXAuaWlkOjQ4MTZDRTNCRDVBM0UxMTFBQTI2QTBCMjZENzg1Qzg5IiBzdFJlZjpkb2N1bWVudElEPSJ4bXAuZGlkOkJCNTQ2NThCMjJBM0UxMTFCQjlGOTlCRDhGRDlFQkVCIi8+IDwvcmRmOkRlc2NyaXB0aW9uPiA8L3JkZjpSREY+IDwveDp4bXBtZXRhPiA8P3hwYWNrZXQgZW5kPSJyIj8+aHNJrgAAAZ1JREFUeNpsUssrRGEU/907985YMDPNYlh4hbKZPMdgR3aysrGSSFIeKyUKpewoRTYkmcgCf4MsMI2FPDYGKeUZSoru4/uc82VC+W7fOeee+zvn/M45V1uuyCmVwDogq0hDklD6jy1dspNkdxokVrIzPFUh0/MD5OdXoJDwPFtu3d2ns6TTp9oggTlFZlmN0o4AHMmXfJGo0lmGzoE1OgmNHf5YA8rmN5HfM6wADmUuHphA9cIW/JX1yiek9DIlyijxkNjBzXYche19gNcHzfShoLUdVxtLuD/cYzCoMAzCwqYrhMDx9Chs20JRWzf4nMcXcDI3pYAqQHIAtWUJbpKursMMhpA+RiAEGzpc4X5XkDB4GjaHmiZik/PIa2rBEWVlSuW9Q+T3YndskBi46QpQFcLltchtbEZyZhxna4uKhmV9Ito/gtPNOG4P99WItdlIWARNXWOAv6AEr9cplel7/ggUleDlMqUSvNnCobHKxDsNnqs8XaWUZopp/XhxTkOR+HDVOveYUge9rNLyY9SU9v+vwXuUB2R0fQkwABfn/VKSjTLBAAAAAElFTkSuQmCC) " "}
.error.label th:first-child:before, .error.label td:first-child:before {content:url(data:image/png;base64,iVBORw0KGgoAAAANSUhEUgAAAAwAAAAMCAYAAABWdVznAAAABmJLR0QAAAAAAAD5Q7t/AAAACXBIWXMAAAsTAAALEwEAmpwYAAAAB3RJTUUH3QcKER4AdkxvvQAAAdVJREFUKM89kM9KG0EAh7/JTHazZInEQwJ68KIWLx6Etj6EjxAobYSsD+BjCJ682EOp0FMueYmS0FMICF4i6tFNzJ/dyRh2Znoo6Xf+Pn7wEzc3Nx/W6/UvY8xJnudkWYa1Fu893nviOCaKIhuG4R/v/Ve1Xq9/bG1tnezs7JDnOVpr3t/fcc4hpaRSqVCpVORqtTp9e3v7rrTWn5vNJpPJhHK5zHg8JssyvPeEYcjR0RFpmlKr1ZjP5x9Li8VCbOR2u83BwQEvLy88PT1xfHzMxcUFQgjSNCXLskDlec5sNuPx8REpJZ1Oh+fnZ4QQnJ+fc319Tb/fZ29vD601SmvNdDplsVhwe3vLaDTi6uoKgCRJGAwGNBoNXl9fMcZQcs5hjGG1WpHnObVajQ3VahWtNcYYjDE451Cb+7z3JElCkiScnZ0hpaTX67G7u0u328V7/y+oVqsIITg8PKTT6dBqtRgOhzjnaLVa3N3dcX9/z3K5JI5jxOXlpSuKQqRpirWWh4eH//Plcpn9/X2cc2xvb1MqlQqllBpYa0/jOGYymdBsNsmyDOccURRRFAX1eh2lFGEY/lZBEHyx1v703n8KgkBEUYSUEu/9RkIIUQRB0A/D8NtflUT+nn4OS+0AAAAASUVORK5CYII=) " "}
.pending.label th:first-child:before, .pending.label td:first-child:before {content:url(data:image/png;base64,iVBORw0KGgoAAAANSUhEUgAAAAwAAAAMCAYAAABWdVznAAAAGXRFWHRTb2Z0d2FyZQBBZG9iZSBJbWFnZVJlYWR5ccllPAAAA2ZpVFh0WE1MOmNvbS5hZG9iZS54bXAAAAAAADw/eHBhY2tldCBiZWdpbj0i77u/IiBpZD0iVzVNME1wQ2VoaUh6cmVTek5UY3prYzlkIj8+IDx4OnhtcG1ldGEgeG1sbnM6eD0iYWRvYmU6bnM6bWV0YS8iIHg6eG1wdGs9IkFkb2JlIFhNUCBDb3JlIDUuMy1jMDExIDY2LjE0NTY2MSwgMjAxMi8wMi8wNi0xNDo1NjoyNyAgICAgICAgIj4gPHJkZjpSREYgeG1sbnM6cmRmPSJodHRwOi8vd3d3LnczLm9yZy8xOTk5LzAyLzIyLXJkZi1zeW50YXgtbnMjIj4gPHJkZjpEZXNjcmlwdGlvbiByZGY6YWJvdXQ9IiIgeG1sbnM6eG1wTU09Imh0dHA6Ly9ucy5hZG9iZS5jb20veGFwLzEuMC9tbS8iIHhtbG5zOnN0UmVmPSJodHRwOi8vbnMuYWRvYmUuY29tL3hhcC8xLjAvc1R5cGUvUmVzb3VyY2VSZWYjIiB4bWxuczp4bXA9Imh0dHA6Ly9ucy5hZG9iZS5jb20veGFwLzEuMC8iIHhtcE1NOk9yaWdpbmFsRG9jdW1lbnRJRD0ieG1wLmRpZDpCQjU0NjU4QjIyQTNFMTExQkI5Rjk5QkQ4RkQ5RUJFQiIgeG1wTU06RG9jdW1lbnRJRD0ieG1wLmRpZDpDODdDM0Y0QUEzRDUxMUUxQjk5N0MzQjVFRDMyQUE1MiIgeG1wTU06SW5zdGFuY2VJRD0ieG1wLmlpZDpDODdDM0Y0OUEzRDUxMUUxQjk5N0MzQjVFRDMyQUE1MiIgeG1wOkNyZWF0b3JUb29sPSJBZG9iZSBQaG90b3Nob3AgQ1M2IChXaW5kb3dzKSI+IDx4bXBNTTpEZXJpdmVkRnJvbSBzdFJlZjppbnN0YW5jZUlEPSJ4bXAuaWlkOjQ4MTZDRTNCRDVBM0UxMTFBQTI2QTBCMjZENzg1Qzg5IiBzdFJlZjpkb2N1bWVudElEPSJ4bXAuZGlkOkJCNTQ2NThCMjJBM0UxMTFCQjlGOTlCRDhGRDlFQkVCIi8+IDwvcmRmOkRlc2NyaXB0aW9uPiA8L3JkZjpSREY+IDwveDp4bXBtZXRhPiA8P3hwYWNrZXQgZW5kPSJyIj8+yj6RYgAAAPZJREFUeNp0kM8KgkAQxmc1E0Wfo3vQn5eRSDx4EUHwbTpEhx4lil7DiydBQUFXp5nAMNsGhpnd/X77za4Iw3CFiFcAWFMFDkXtKZ/UHhfUnB3HWdu2/REpAL2u631ZlicGdpZlwTAMSmBM0zS5bhgQLB5FU3AOUS4XvNn3vVKgAACCIMA0TbFpGsyyDJMkefdFUWAcx1hVFeZ5jlEUoed5qPEI7KDrOhiG8e6llNC27Zcz77FW+L6Pruv+WKtGIzfgR39umv/UHOJgAMlO/BPOXCQDD5p3r2ma8lvHNU9BcWPg0HXdhRZbOhRT8aSXVO9U/ZcAAwAsmjsSQcM0lwAAAABJRU5ErkJggg==) " ";}
.successful.label th:first-child:before, .successful.label td:first-child:before {content:url(data:image/png;base64,iVBORw0KGgoAAAANSUhEUgAAAAwAAAAMCAYAAABWdVznAAAAGXRFWHRTb2Z0d2FyZQBBZG9iZSBJbWFnZVJlYWR5ccllPAAAA2ZpVFh0WE1MOmNvbS5hZG9iZS54bXAAAAAAADw/eHBhY2tldCBiZWdpbj0i77u/IiBpZD0iVzVNME1wQ2VoaUh6cmVTek5UY3prYzlkIj8+IDx4OnhtcG1ldGEgeG1sbnM6eD0iYWRvYmU6bnM6bWV0YS8iIHg6eG1wdGs9IkFkb2JlIFhNUCBDb3JlIDUuMy1jMDExIDY2LjE0NTY2MSwgMjAxMi8wMi8wNi0xNDo1NjoyNyAgICAgICAgIj4gPHJkZjpSREYgeG1sbnM6cmRmPSJodHRwOi8vd3d3LnczLm9yZy8xOTk5LzAyLzIyLXJkZi1zeW50YXgtbnMjIj4gPHJkZjpEZXNjcmlwdGlvbiByZGY6YWJvdXQ9IiIgeG1sbnM6eG1wTU09Imh0dHA6Ly9ucy5hZG9iZS5jb20veGFwLzEuMC9tbS8iIHhtbG5zOnN0UmVmPSJodHRwOi8vbnMuYWRvYmUuY29tL3hhcC8xLjAvc1R5cGUvUmVzb3VyY2VSZWYjIiB4bWxuczp4bXA9Imh0dHA6Ly9ucy5hZG9iZS5jb20veGFwLzEuMC8iIHhtcE1NOk9yaWdpbmFsRG9jdW1lbnRJRD0ieG1wLmRpZDpCQjU0NjU4QjIyQTNFMTExQkI5Rjk5QkQ4RkQ5RUJFQiIgeG1wTU06RG9jdW1lbnRJRD0ieG1wLmRpZDpEMDVBNThBQUEzRDUxMUUxQjdCQkM2QUNBMTNBMDExNiIgeG1wTU06SW5zdGFuY2VJRD0ieG1wLmlpZDpEMDVBNThBOUEzRDUxMUUxQjdCQkM2QUNBMTNBMDExNiIgeG1wOkNyZWF0b3JUb29sPSJBZG9iZSBQaG90b3Nob3AgQ1M2IChXaW5kb3dzKSI+IDx4bXBNTTpEZXJpdmVkRnJvbSBzdFJlZjppbnN0YW5jZUlEPSJ4bXAuaWlkOjQ4MTZDRTNCRDVBM0UxMTFBQTI2QTBCMjZENzg1Qzg5IiBzdFJlZjpkb2N1bWVudElEPSJ4bXAuZGlkOkJCNTQ2NThCMjJBM0UxMTFCQjlGOTlCRDhGRDlFQkVCIi8+IDwvcmRmOkRlc2NyaXB0aW9uPiA8L3JkZjpSREY+IDwveDp4bXBtZXRhPiA8P3hwYWNrZXQgZW5kPSJyIj8+xJ3YrgAAAYBJREFUeNpsUrtKA1EQPZtdY4gEQiD4QCsLEVGX4CP4AykEq1hYiGghCDZ+gBZWVtrZ+EAjaGOhfoAkNiaKhYWICilMEQNqoYjZ5O4d5+6ucQuLM3funDNzD7OrLe229YBwSKAEnyAP/pyIbL5fcz5rcNiLtuqJSEz3ickn5ruE/vFmJ9/LYjvAldGWqA7bJkgPtoAHQrS5G6NdiwhFWCoxHOCgKUL+iurkCBVawyamE8d4qmSZ51clBZUlh+RG14JzEsJNcaTNLVwWd1B6vXXqkmGoYNeVUPnW3JNr4+YarPoncvebEAKNekAlokaY6N/A1NA+SBgY6Eijtz2Fs5sVWNWawysorWNJsO+q9QWzaxLTYwfojA3isZzDfSnrWvTsNiyp7pOrZURC7ejrTDEpcVpY9ab+NSioLZEiapZA5nwBxZcC8g9HeK7ccYM7TDnwmoU2vx6/NIJaUjc0b0u8YvJNle5HdJvlhbI0Y31ThqsjTGr0/+8hOOQ5nfsRYACtHiy+FDd82wAAAABJRU5ErkJggg==) " "}
/*.successful.label a:before {content:url(data:image/png;base64,iVBORw0KGgoAAAANSUhEUgAAAAwAAAAMCAYAAABWdVznAAAAGXRFWHRTb2Z0d2FyZQBBZG9iZSBJbWFnZVJlYWR5ccllPAAAA2ZpVFh0WE1MOmNvbS5hZG9iZS54bXAAAAAAADw/eHBhY2tldCBiZWdpbj0i77u/IiBpZD0iVzVNME1wQ2VoaUh6cmVTek5UY3prYzlkIj8+IDx4OnhtcG1ldGEgeG1sbnM6eD0iYWRvYmU6bnM6bWV0YS8iIHg6eG1wdGs9IkFkb2JlIFhNUCBDb3JlIDUuMy1jMDExIDY2LjE0NTY2MSwgMjAxMi8wMi8wNi0xNDo1NjoyNyAgICAgICAgIj4gPHJkZjpSREYgeG1sbnM6cmRmPSJodHRwOi8vd3d3LnczLm9yZy8xOTk5LzAyLzIyLXJkZi1zeW50YXgtbnMjIj4gPHJkZjpEZXNjcmlwdGlvbiByZGY6YWJvdXQ9IiIgeG1sbnM6eG1wTU09Imh0dHA6Ly9ucy5hZG9iZS5jb20veGFwLzEuMC9tbS8iIHhtbG5zOnN0UmVmPSJodHRwOi8vbnMuYWRvYmUuY29tL3hhcC8xLjAvc1R5cGUvUmVzb3VyY2VSZWYjIiB4bWxuczp4bXA9Imh0dHA6Ly9ucy5hZG9iZS5jb20veGFwLzEuMC8iIHhtcE1NOk9yaWdpbmFsRG9jdW1lbnRJRD0ieG1wLmRpZDpCQjU0NjU4QjIyQTNFMTExQkI5Rjk5QkQ4RkQ5RUJFQiIgeG1wTU06RG9jdW1lbnRJRD0ieG1wLmRpZDpEMDVBNThBQUEzRDUxMUUxQjdCQkM2QUNBMTNBMDExNiIgeG1wTU06SW5zdGFuY2VJRD0ieG1wLmlpZDpEMDVBNThBOUEzRDUxMUUxQjdCQkM2QUNBMTNBMDExNiIgeG1wOkNyZWF0b3JUb29sPSJBZG9iZSBQaG90b3Nob3AgQ1M2IChXaW5kb3dzKSI+IDx4bXBNTTpEZXJpdmVkRnJvbSBzdFJlZjppbnN0YW5jZUlEPSJ4bXAuaWlkOjQ4MTZDRTNCRDVBM0UxMTFBQTI2QTBCMjZENzg1Qzg5IiBzdFJlZjpkb2N1bWVudElEPSJ4bXAuZGlkOkJCNTQ2NThCMjJBM0UxMTFCQjlGOTlCRDhGRDlFQkVCIi8+IDwvcmRmOkRlc2NyaXB0aW9uPiA8L3JkZjpSREY+IDwveDp4bXBtZXRhPiA8P3hwYWNrZXQgZW5kPSJyIj8+xJ3YrgAAAYBJREFUeNpsUrtKA1EQPZtdY4gEQiD4QCsLEVGX4CP4AykEq1hYiGghCDZ+gBZWVtrZ+EAjaGOhfoAkNiaKhYWICilMEQNqoYjZ5O4d5+6ucQuLM3funDNzD7OrLe229YBwSKAEnyAP/pyIbL5fcz5rcNiLtuqJSEz3ickn5ruE/vFmJ9/LYjvAldGWqA7bJkgPtoAHQrS5G6NdiwhFWCoxHOCgKUL+iurkCBVawyamE8d4qmSZ51clBZUlh+RG14JzEsJNcaTNLVwWd1B6vXXqkmGoYNeVUPnW3JNr4+YarPoncvebEAKNekAlokaY6N/A1NA+SBgY6Eijtz2Fs5sVWNWawysorWNJsO+q9QWzaxLTYwfojA3isZzDfSnrWvTsNiyp7pOrZURC7ejrTDEpcVpY9ab+NSioLZEiapZA5nwBxZcC8g9HeK7ccYM7TDnwmoU2vx6/NIJaUjc0b0u8YvJNle5HdJvlhbI0Y31ThqsjTGr0/+8hOOQ5nfsRYACtHiy+FDd82wAAAABJRU5ErkJggg==) " "}*/

.xspecResult { width: 90%; table-layout: fixed; }

.xspecResult td,
.xspecResult th { width: 50%; }

/*.xspecResult pre { 
  margin-left: 0; 
  padding: 0.5em; 
  overflow: auto; 
  border: 1px #999 dotted;
}*/

span.scenario-totals {float: right; width: 14.5%; text-align: left}

/* OXYGEN */
span.scenario-totals {float: right; width: 34.5%; text-align: right}

h2.failed {
    background-color: #FCC;
}

h1, h2 {
    width: 86%;
    /*margin-left: 3%;*/
    
    font-size:1.4em;
    font-weight:bold;
    text-align:left;
    margin-top:1.4em;
    margin-bottom:0.7em;
    color:#333333;
    background-color:inherit;
}

h1 {
    font-size:1.7em;
}

body &gt; h1:first-child:before {
    content:"XSLT UNIT ";
}

body &gt; h2:first-of-type {
    font-size:1.7em;
}

div &gt; table &gt; tbody &gt; tr &gt; th:first-child {
    font-weight:bold;
}

div &gt; h3 {
    font-weight:bold;
    /*margin-left: 3%;*/
}

div &gt; h4 {
    font-weight:normal;
    /*margin-left: 4%;*/
}

th.result { text-align: center; }
/* OXYGEN */


/* ------------------------------------------------------------------------ */
/*  DO NOT ALTER OR REMOVE COPYRIGHT NOTICES OR THIS COMMENT.               */
/*                                                                          */
/*  Copyright (c) 2008, 2010 Jeni Tennsion                                  */
/*                                                                          */
/*  The contents of this file are subject to the MIT License (see the URI   */
/*  http://www.opensource.org/licenses/mit-license.php for details).        */
/*                                                                          */
/*  Permission is hereby granted, free of charge, to any person obtaining   */
/*  a copy of this software and associated documentation files (the         */
/*  "Software"), to deal in the Software without restriction, including     */
/*  without limitation the rights to use, copy, modify, merge, publish,     */
/*  distribute, sublicense, and/or sell copies of the Software, and to      */
/*  permit persons to whom the Software is furnished to do so, subject to   */
/*  the following conditions:                                               */
/*                                                                          */
/*  The above copyright notice and this permission notice shall be          */
/*  included in all copies or substantial portions of the Software.         */
/*                                                                          */
/*  THE SOFTWARE IS PROVIDED "AS IS", WITHOUT WARRANTY OF ANY KIND,         */
/*  EXPRESS OR IMPLIED, INCLUDING BUT NOT LIMITED TO THE WARRANTIES OF      */
/*  MERCHANTABILITY, FITNESS FOR A PARTICULAR PURPOSE AND NONINFRINGEMENT.  */
/*  IN NO EVENT SHALL THE AUTHORS OR COPYRIGHT HOLDERS BE LIABLE FOR ANY    */
/*  CLAIM, DAMAGES OR OTHER LIABILITY, WHETHER IN AN ACTION OF CONTRACT,    */
/*  TORT OR OTHERWISE, ARISING FROM, OUT OF OR IN CONNECTION WITH THE       */
/*  SOFTWARE OR THE USE OR OTHER DEALINGS IN THE SOFTWARE.                  */
/* ------------------------------------------------------------------------ */

.nobr { white-space: nowrap; }
.scenario-label { text-indent: 0px; }
.context-label { text-indent: 10px; }
.test-label { text-indent: 20px; }
.pending-label { text-indent: 30px; }


        /**/</style>
    </head><body><h1>Test Report</h1><p>Script: <a href="file:/home/jostein/xprocspec/xprocspec/src/test/xprocspec/tests/context-1.xprocspec">file:/home/jostein/xprocspec/xprocspec/src/test/xprocspec/tests/context-1.xprocspec</a></p><p>Tested: 2013-12-02T14:36:14.084+01:00</p><h2>Contents</h2><table class="xspec"><col width="75%"/><col width="5%"/><col width="5%"/><col width="5%"/><col width="5%"/><col width="5%"/><thead><tr><th/><th class="result">passed:4</th><th class="result">pending:0</th><th class="result">failed:0</th><th class="result">errors:0</th><th class="result">total:4</th></tr></thead><tbody><tr class="successful label"><th><a href="#step1">ex:identity</a></th><th class="result">4</th><th class="result">0</th><th class="result">0</th><th class="result">0</th><th class="result">4</th></tr></tbody></table><div id="step1"><h2 class="successful">Calling: <a href="file:/home/jostein/xprocspec/xprocspec/src/test/xprocspec/steps/identity.xpl">ex:identity</a><span class="scenario-totals">passed:4 / pending:0 /
                                        failed:0 / errors:0 / total:4</span></h2><table class="xspec"><col width="80%"/><col width="20%"/><tbody><tr class="successful label"><th class="scenario-label">identity</th><th class="nobr">passed:4 / pending:0 / failed:0 / errors:0 / total:4</th></tr><tr class="successful label"><th class="context-label">errors</th><th class="nobr">passed:1 / pending:0 / failed:0 / errors:0 / total:1</th></tr><tr class="successful label"><td class="test-label">the step should execute successfully without throwing any errors</td><td>Success</td></tr><tr class="successful label"><th class="context-label">the options</th><th class="nobr">passed:1 / pending:0 / failed:0 / errors:0 / total:1</th></tr><tr class="successful label"><td class="test-label">The context should be the options</td><td>Success</td></tr><tr class="successful label"><th class="context-label">the primary input port</th><th class="nobr">passed:2 / pending:0 / failed:0 / errors:0 / total:2</th></tr><tr class="successful label"><td class="test-label">There should be a single document on the primary input port</td><td>Success</td></tr><tr class="successful label"><td class="test-label">The document should not be options document</td><td>Success</td></tr></tbody></table></div><h2>Execution log</h2><table><thead><tr><th>Time</th><th>Severity</th><th>Message</th></tr></thead><tbody><tr style=""><td>0.000</td><td style="padding-left:0%;">INFO</td><td><code><pre>#### file:/home/jostein/xprocspec/xprocspec/src/test/xprocspec/tests/context-1.xprocspec ####</pre></code></td></tr><tr style=""><td>0.005</td><td style="padding-left:0%;">INFO</td><td><code><pre> * temporary directory: file:/tmp/xprocspec-20131202143557583/</pre></code></td></tr><tr style=""><td>0.010</td><td style="padding-left:0%;">INFO</td><td><code><pre>preprocessing...</pre></code></td></tr><tr style=""><td>0.025</td><td style="padding-left:0%;">INFO</td><td><code><pre> * checking for imports</pre></code></td></tr><tr style=""><td>0.031</td><td style="padding-left:0%;">INFO</td><td><code><pre> * checking file:/home/jostein/xprocspec/xprocspec/src/test/xprocspec/tests/context-1.xprocspec for imports</pre></code></td></tr><tr style=""><td>0.037</td><td style="padding-left:0%;">INFO</td><td><code><pre> * extracting step declarations from file:/home/jostein/xprocspec/xprocspec/src/test/xprocspec/steps/identity.xpl</pre></code></td></tr><tr style=""><td>0.043</td><td style="padding-left:0%;">INFO</td><td><code><pre> * tests reference 1 step</pre></code></td></tr><tr style=""><td>0.049</td><td style="padding-left:0%;">INFO</td><td><code><pre>   * step: e:identity</pre></code></td></tr><tr style=""><td>0.054</td><td style="padding-left:0%;">INFO</td><td><code><pre> * trying to load: file:/home/jostein/xprocspec/xprocspec/src/test/xprocspec/steps/identity.xpl</pre></code></td></tr><tr style=""><td>0.061</td><td style="padding-left:0%;">INFO</td><td><code><pre>   * success!</pre></code></td></tr><tr style=""><td>0.069</td><td style="padding-left:0%;">INFO</td><td><code><pre> * trying to extract the step declaration for {http://example.net/ns}identity from file:/home/jostein/xprocspec/xprocspec/src/test/xprocspec/steps/identity.xpl</pre></code></td></tr><tr style=""><td>0.082</td><td style="padding-left:0%;">INFO</td><td><code><pre> * creating a new x:description document for each x:scenario element with inferred inputs, options and parameters</pre></code></td></tr><tr style=""><td>0.097</td><td style="padding-left:0%;">INFO</td><td><code><pre> * validating output grammar</pre></code></td></tr><tr style=""><td>0.105</td><td style="padding-left:0%;">INFO</td><td><code><pre>compiling...</pre></code></td></tr><tr style=""><td>0.113</td><td style="padding-left:0%;">INFO</td><td><code><pre> * created directory using Calabash's cxf:mkdir</pre></code></td></tr><tr style=""><td>0.119</td><td style="padding-left:0%;">INFO</td><td><code><pre> * converting test 'test1' to XProc</pre></code></td></tr><tr style=""><td>0.134</td><td style="padding-left:0%;">INFO</td><td><code><pre>   * done</pre></code></td></tr><tr style=""><td>0.141</td><td style="padding-left:0%;">INFO</td><td><code><pre> * validating output grammar for file:/home/jostein/xprocspec/xprocspec/src/test/xprocspec/tests/context-1.xprocspec</pre></code></td></tr><tr style=""><td>0.148</td><td style="padding-left:0%;">INFO</td><td><code><pre>   * done!</pre></code></td></tr><tr style=""><td>0.155</td><td style="padding-left:0%;">INFO</td><td><code><pre> * using as temporary directory: file:/tmp/xprocspec-20131202143557583/xprocspec-20131202143613684/</pre></code></td></tr><tr style=""><td>0.161</td><td style="padding-left:0%;">INFO</td><td><code><pre>storing...</pre></code></td></tr><tr style=""><td>0.170</td><td style="padding-left:0%;">INFO</td><td><code><pre>running...</pre></code></td></tr><tr style=""><td>0.178</td><td style="padding-left:0%;">INFO</td><td><code><pre>   * loading 'file:/tmp/xprocspec-20131202143557583/test1.xpl'</pre></code></td></tr><tr style=""><td>0.234</td><td style="padding-left:0%;">INFO</td><td><code><pre>evaluating...</pre></code></td></tr><tr style=""><td>0.246</td><td style="padding-left:0%;">INFO</td><td><code><pre> * evaluating scenario 'identity' (file:/home/jostein/xprocspec/xprocspec/src/test/xprocspec/tests/context-1.xprocspec)</pre></code></td></tr><tr style=""><td>0.253</td><td style="padding-left:0%;">INFO</td><td><code><pre>   * resolving x:document elements...</pre></code></td></tr><tr style=""><td>0.263</td><td style="padding-left:0%;">INFO</td><td><code><pre>    * no errors occured</pre></code></td></tr><tr style=""><td>0.305</td><td style="padding-left:0%;">INFO</td><td><code><pre>   * grouping x:expect elements with their x:context...</pre></code></td></tr><tr style=""><td>0.315</td><td style="padding-left:0%;">INFO</td><td><code><pre>   * evaluating each context/expect group...</pre></code></td></tr><tr style=""><td>0.322</td><td style="padding-left:0%;">INFO</td><td><code><pre>     * setting context to 'errors'</pre></code></td></tr><tr style=""><td>0.329</td><td style="padding-left:0%;">INFO</td><td><code><pre>       * testing assertion 'the step should execute successfully without throwing any errors'</pre></code></td></tr><tr style=""><td>0.337</td><td style="padding-left:0%;">INFO</td><td><code><pre>         * is document count assertion</pre></code></td></tr><tr style=""><td>0.344</td><td style="padding-left:0%;">INFO</td><td><code><pre>         * assertion passed</pre></code></td></tr><tr style=""><td>0.354</td><td style="padding-left:0%;">INFO</td><td><code><pre>     * setting context to 'the options'</pre></code></td></tr><tr style=""><td>0.361</td><td style="padding-left:0%;">INFO</td><td><code><pre>       * testing assertion 'The context should be the options'</pre></code></td></tr><tr style=""><td>0.371</td><td style="padding-left:0%;">INFO</td><td><code><pre>         * is xpath assertion</pre></code></td></tr><tr style=""><td>0.382</td><td style="padding-left:0%;">INFO</td><td><code><pre>     * setting context to 'the primary input port'</pre></code></td></tr><tr style=""><td>0.390</td><td style="padding-left:0%;">INFO</td><td><code><pre>       * testing assertion 'There should be a single document on the primary input port'</pre></code></td></tr><tr style=""><td>0.398</td><td style="padding-left:0%;">INFO</td><td><code><pre>         * is document count assertion</pre></code></td></tr><tr style=""><td>0.405</td><td style="padding-left:0%;">INFO</td><td><code><pre>         * assertion passed</pre></code></td></tr><tr style=""><td>0.414</td><td style="padding-left:0%;">INFO</td><td><code><pre>       * testing assertion 'The document should not be options document'</pre></code></td></tr><tr style=""><td>0.423</td><td style="padding-left:0%;">INFO</td><td><code><pre>         * is xpath assertion</pre></code></td></tr><tr style=""><td>0.440</td><td style="padding-left:0%;">INFO</td><td><code><pre>reporting...</pre></code></td></tr></tbody></table><link rel="stylesheet" href="http://yandex.st/highlightjs/7.3/styles/default.min.css"/><script type="text/javascript" src="http://yandex.st/highlightjs/7.3/highlight.min.js" xml:space="preserve"> </script><script type="text/javascript">hljs.initHighlightingOnLoad();</script></body></html></x:document></x:output><x:output port="junit"><x:document xml:base="file:/home/jostein/xprocspec/xprocspec/src/main/resources/content/xml/xproc/report/report.xpl" xml:space="preserve" type="inline"><testsuites tests="4" failures="0" time="0.449" errors="0" name="context1"><testsuite timestamp="2013-12-02T13:36:14.033Z" hostname="localhost" tests="4" errors="0" failures="0" skipped="0" id="d30807e1" name="identity" package="http://example.net/ns" time="0.007">
<properties>

<property name="option: option.required" value=""/>

</properties>
<testcase name="theStepShouldExecuteSuccessfullyWithoutThrowingAnyErrors" classname="identity" assertions="1" time="0" status="SUCCESS"><system-out>the step should execute successfully without throwing any errors: SUCCESS</system-out>
<system-err/></testcase><testcase name="TheContextShouldBeTheOptions" classname="identity" assertions="1" time="0" status="SUCCESS"><system-out>The context should be the options: SUCCESS</system-out>
<system-err/></testcase><testcase name="ThereShouldBeASingleDocumentOnThePrimaryInputPort" classname="identity" assertions="1" time="0" status="SUCCESS"><system-out>There should be a single document on the primary input port: SUCCESS</system-out>
<system-err/></testcase><testcase name="TheDocumentShouldNotBeOptionsDocument" classname="identity" assertions="1" time="0" status="SUCCESS"><system-out>The document should not be options document: SUCCESS</system-out>
<system-err/></testcase></testsuite></testsuites></x:document></x:output><x:test-result type="count" label="the step should execute successfully without throwing any errors" max="0" contextref="errors" result="passed">
                                                        <x:expected>At most 0 documents.</x:expected>
                                                    <x:was>0</x:was></x:test-result><x:test-result label="there should be at least one test, and none of the tests should fail" type="xpath" test="not(/*/@tests='0') and /*/@failures='0' and /*/@errors='0'" contextref="context13" result="passed"><x:expected xml:space="preserve">XPath: true()
Value: true</x:expected><x:was xml:space="preserve">XPath: not(/*/@tests='0') and /*/@failures='0' and /*/@errors='0'
Value: true</x:was></x:test-result></x:description><x:description xmlns:cx="http://xmlcalabash.com/ns/extensions" xmlns:c="http://www.w3.org/ns/xproc-step" xml:base="file:/home/jostein/xprocspec/xprocspec/src/test/xprocspec/test.xprocspec" test-base-uri="file:/home/jostein/xprocspec/xprocspec/src/test/xprocspec/test.xprocspec" script="file:/home/jostein/xprocspec/xprocspec/src/main/resources/content/xml/xproc/xprocspec.xpl" test-grammar="xprocspec" temp-dir="file:/tmp/xprocspec-20131202143557583/"><x:step-declaration><p:declare-step xmlns:p="http://www.w3.org/ns/xproc" xmlns:px="http://www.daisy.org/ns/xprocspec" xmlns:pxi="http://www.daisy.org/ns/xprocspec/xproc-internal/" xmlns:pkg="http://expath.org/ns/pkg" type="px:xprocspec" name="main" version="1.0" xpath-version="2.0" pkg:import-uri="http://www.daisy.org/ns/xprocspec/xprocspec.xpl" x:type="{http://www.daisy.org/ns/xprocspec}xprocspec"><p:input port="source" kind="document" sequence="false" primary="true"/><p:output port="result" kind="document" sequence="false" primary="false"><p:pipe port="result" step="report"/></p:output><p:output port="html" kind="document" sequence="false" primary="false"><p:pipe port="html" step="report"/></p:output><p:output port="junit" kind="document" sequence="false" primary="false"><p:pipe port="junit" step="report"/></p:output><p:option name="temp-dir" select="'file:/tmp/'"/><p:option name="step-available-rng" select="'false'"/></p:declare-step></x:step-declaration><x:scenario end-time="2013-12-02T13:36:15.617Z" label="the expect element" start-time="2013-12-02T13:36:14.413Z"><x:call x:type="{http://www.daisy.org/ns/xprocspec}xprocspec" step="x:xprocspec"><x:option select="$temp-dir" name="temp-dir" value="file:/tmp/xprocspec-20131202143557583/"/><x:input port="source">
                <x:document xml:base="file:/home/jostein/xprocspec/xprocspec/src/test/xprocspec/test.xprocspec" xml:space="preserve" type="inline"><?xml-model href="http://www.daisy.org/ns/xprocspec/xprocspec.rng" type="application/xml" schematypens="http://relaxng.org/ns/structure/1.0"?><x:description xmlns:e="http://example.net/ns" script="../steps/identity.xpl">
    
    <x:scenario label="identity - base-uri">
        <x:call step="e:identity">
            <x:option name="option.required" select="'option'"/>
        </x:call>
        
        <x:context label="empty sequence"/>
        <x:expect type="xpath" label="test='false()' against a empty sequence should succeed" test="false()"/>
        <x:expect type="compare" label="compare two empty sequences"/>
        <x:expect type="count" label="the empty sequence contains at most 0 documents" max="0"/>
        
        <x:context label="one document">
            <x:document type="inline">
                <doc1 attr="value1"/>
            </x:document>
        </x:context>
        <x:expect type="compare" label="compare two single documents">
            <x:document type="inline">
                <doc1 attr="value1"/>
            </x:document>
        </x:expect>
        <x:expect type="count" label="a sequence of one document contains between 1 and 10 documents" min="1" max="10"/>
        <x:expect type="count" label="a sequence of one document contains between 0 and 1 document" min="0" max="1"/>
        <x:expect type="count" label="a sequence of one document contains between 1 and 1 document" min="1" max="1"/>
        
        <x:context label="two documents">
            <x:document type="inline">
                <doc1 attr="value1"/>
            </x:document>
            <x:document type="inline">
                <doc2 attr="value2"/>
            </x:document>
        </x:context>
        <x:expect type="xpath" label="test='/*' against a sequence of two documents should succeed" test="/*"/>
        <x:expect type="compare" label="compare two identical sequences of two documents">
            <x:document type="inline">
                <doc1 attr="value1"/>
            </x:document>
            <x:document type="inline">
                <doc2 attr="value2"/>
            </x:document>
        </x:expect>
        <x:expect type="count" label="a sequence of two document contains between 2 and 10 documents" min="2" max="10"/>
        <x:expect type="count" label="a sequence of two document contains between 1 and 2 documents" min="1" max="2"/>
        <x:expect type="count" label="a sequence of two document contains between 2 and 2 documents" min="2" max="2"/>
        <x:expect type="count" label="a sequence of two document contains at least 1 document" min="1"/>
        
        <x:context label="single document with text node">
            <x:document type="inline">
                <doc>   this string   contains several spaces   </doc>
            </x:document>
        </x:context>
        <x:expect type="compare" label="by default, text nodes should be normalized">
            <x:document type="inline">
                <doc>this string contains several spaces</doc>
            </x:document>
        </x:expect>
        <x:expect type="compare" label="if normalize-space is false, then text nodes should *not* be normalized">
            <x:document type="inline">
                <doc>   this string   contains several spaces   </doc>
            </x:document>
        </x:expect>
        
        <!-- TODO: Validation is not tested. It is not implemented either. -->
        
        <x:context label="a sequence of documents">
            <x:document type="inline">
                <doc1/>
            </x:document>
            <x:document type="inline">
                <doc2/>
            </x:document>
            <x:document type="inline">
                <doc3/>
            </x:document>
        </x:context>
        <x:expect xmlns:custom="http://www.example.org/ns/custom" type="custom" label="The custom 'count' step should be successful." step="custom:count" href="../steps/custom-count.xpl" custom:count="[2,4]"/>
        
    </x:scenario>
    
</x:description></x:document>
            </x:input></x:call>
                                                <x:context label="errors" id="errors">
                                                    
                                                </x:context>
                                            
                                                <x:expect type="count" label="the step should execute successfully without throwing any errors" max="0" contextref="errors"/>
                                            <x:context label="the junit output port" id="context14">
            <x:document xml:base="file:/home/jostein/xprocspec/xprocspec/src/main/resources/content/xml/xproc/report/report.xpl" xml:space="preserve" type="inline"><testsuites tests="17" failures="0" time="1.024" errors="0" name="expect1"><testsuite timestamp="2013-12-02T13:36:15.457Z" hostname="localhost" tests="17" errors="0" failures="0" skipped="0" id="d33501e1" name="identityBaseuri" package="http://example.net/ns" time="0.008">
<properties>

<property name="option: option.required" value="option"/>

</properties>
<testcase name="theStepShouldExecuteSuccessfullyWithoutThrowingAnyErrors" classname="identity" assertions="1" time="0" status="SUCCESS"><system-out>the step should execute successfully without throwing any errors: SUCCESS</system-out>
<system-err/></testcase><testcase name="test=falseAgainstAEmptySequenceShouldSucceed" classname="identity" assertions="1" time="0" status="SUCCESS"><system-out>test='false()' against a empty sequence should succeed: SUCCESS</system-out>
<system-err/></testcase><testcase name="compareTwoEmptySequences" classname="identity" assertions="1" time="0" status="SUCCESS"><system-out>compare two empty sequences: SUCCESS</system-out>
<system-err/></testcase><testcase name="theEmptySequenceContainsAtMost0Documents" classname="identity" assertions="1" time="0" status="SUCCESS"><system-out>the empty sequence contains at most 0 documents: SUCCESS</system-out>
<system-err/></testcase><testcase name="compareTwoSingleDocuments" classname="identity" assertions="1" time="0" status="SUCCESS"><system-out>compare two single documents: SUCCESS</system-out>
<system-err/></testcase><testcase name="aSequenceOfOneDocumentContainsBetween1And10Documents" classname="identity" assertions="1" time="0" status="SUCCESS"><system-out>a sequence of one document contains between 1 and 10 documents: SUCCESS</system-out>
<system-err/></testcase><testcase name="aSequenceOfOneDocumentContainsBetween0And1Document" classname="identity" assertions="1" time="0" status="SUCCESS"><system-out>a sequence of one document contains between 0 and 1 document: SUCCESS</system-out>
<system-err/></testcase><testcase name="aSequenceOfOneDocumentContainsBetween1And1Document" classname="identity" assertions="1" time="0" status="SUCCESS"><system-out>a sequence of one document contains between 1 and 1 document: SUCCESS</system-out>
<system-err/></testcase><testcase name="test=AgainstASequenceOfTwoDocumentsShouldSucceed" classname="identity" assertions="1" time="0" status="SUCCESS"><system-out>test='/*' against a sequence of two documents should succeed: SUCCESS</system-out>
<system-err/></testcase><testcase name="compareTwoIdenticalSequencesOfTwoDocuments" classname="identity" assertions="1" time="0" status="SUCCESS"><system-out>compare two identical sequences of two documents: SUCCESS</system-out>
<system-err/></testcase><testcase name="aSequenceOfTwoDocumentContainsBetween2And10Documents" classname="identity" assertions="1" time="0" status="SUCCESS"><system-out>a sequence of two document contains between 2 and 10 documents: SUCCESS</system-out>
<system-err/></testcase><testcase name="aSequenceOfTwoDocumentContainsBetween1And2Documents" classname="identity" assertions="1" time="0" status="SUCCESS"><system-out>a sequence of two document contains between 1 and 2 documents: SUCCESS</system-out>
<system-err/></testcase><testcase name="aSequenceOfTwoDocumentContainsBetween2And2Documents" classname="identity" assertions="1" time="0" status="SUCCESS"><system-out>a sequence of two document contains between 2 and 2 documents: SUCCESS</system-out>
<system-err/></testcase><testcase name="aSequenceOfTwoDocumentContainsAtLeast1Document" classname="identity" assertions="1" time="0" status="SUCCESS"><system-out>a sequence of two document contains at least 1 document: SUCCESS</system-out>
<system-err/></testcase><testcase name="byDefaultTextNodesShouldBeNormalized" classname="identity" assertions="1" time="0" status="SUCCESS"><system-out>by default, text nodes should be normalized: SUCCESS</system-out>
<system-err/></testcase><testcase name="ifNormalizespaceIsFalseThenTextNodesShouldNotBeNormalized" classname="identity" assertions="1" time="0" status="SUCCESS"><system-out>if normalize-space is false, then text nodes should *not* be normalized: SUCCESS</system-out>
<system-err/></testcase><testcase name="TheCustomCountStepShouldBeSuccessful" classname="identity" assertions="1" time="0" status="SUCCESS"><system-out>The custom 'count' step should be successful.: SUCCESS</system-out>
<system-err/></testcase></testsuite></testsuites></x:document>
        </x:context><x:expect label="there should be at least one test, and none of the tests should fail" type="xpath" test="not(/*/@tests='0') and /*/@failures='0' and /*/@errors='0'" contextref="context14"/></x:scenario><x:output port="result"><x:document xml:base="file:/home/jostein/xprocspec/xprocspec/src/main/resources/content/xml/xproc/report/report.xpl" xml:space="preserve" type="inline"><x:test-report><x:description xml:base="file:/home/jostein/xprocspec/xprocspec/src/test/xprocspec/tests/expect-1.xprocspec" test-base-uri="file:/home/jostein/xprocspec/xprocspec/src/test/xprocspec/tests/expect-1.xprocspec" script="file:/home/jostein/xprocspec/xprocspec/src/test/xprocspec/steps/identity.xpl" test-grammar="xprocspec" temp-dir="file:/tmp/xprocspec-20131202143557583/xprocspec-20131202143614533/"><x:step-declaration><p:declare-step xmlns:p="http://www.w3.org/ns/xproc" xmlns:ex="http://example.net/ns" name="main" type="ex:identity" version="1.0" x:type="{http://example.net/ns}identity"><p:input port="source.document.primary" kind="document" primary="true" sequence="false"><p:inline>
            <source.document.primary.default/>
        </p:inline></p:input><p:input port="source.document.secondary.sequence" kind="document" sequence="true" primary="false"><p:inline>
            <source.document.secondary.sequence/>
        </p:inline></p:input><p:input select="/*/*" port="source.document.secondary.select-children" kind="document" sequence="true" primary="false"><p:inline>
            <default>
                <default/>
                <default/>
            </default>
        </p:inline></p:input><p:input port="source.parameter.primary.sequence" primary="true" kind="parameter" sequence="true"/><p:output port="result.document.primary" kind="document" primary="true" sequence="false"><p:pipe port="source.document.primary" step="main"/></p:output><p:output port="result.document.secondary.sequence" kind="document" sequence="true" primary="false"><p:pipe port="source.document.secondary.sequence" step="main"/></p:output><p:output port="result.document.secondary.select-children" kind="document" sequence="true" primary="false"><p:pipe port="source.document.secondary.select-children" step="main"/></p:output><p:output port="result.parameter.primary" kind="document" sequence="false" primary="false"><p:pipe port="result" step="parameters"/></p:output><p:output port="options" kind="document" sequence="false" primary="false"><p:pipe port="result" step="options"/></p:output><p:option name="option"/><p:option name="option.required" required="true"/><p:option name="option.default" select="'default'"/></p:declare-step></x:step-declaration><x:scenario xmlns:e="http://example.net/ns" end-time="2013-12-02T13:36:14.635Z" label="identity - base-uri" start-time="2013-12-02T13:36:14.627Z"><x:call x:type="{http://example.net/ns}identity" step="e:identity"><x:option select="'option'" name="option.required" value=""/></x:call>
                                                <x:context label="errors" id="errors">
                                                    
                                                </x:context>
                                            
                                                <x:expect type="count" label="the step should execute successfully without throwing any errors" max="0" contextref="errors"/>
                                            <x:context label="empty sequence" id="context0"/><x:expect type="xpath" label="test='false()' against a empty sequence should succeed" test="false()" contextref="context0"/><x:expect type="compare" label="compare two empty sequences" normalize-space="true" contextref="context0"/><x:expect type="count" label="the empty sequence contains at most 0 documents" max="0" contextref="context0"/><x:context label="one document" id="context1">
            <x:document xml:base="file:/home/jostein/xprocspec/xprocspec/src/test/xprocspec/tests/expect-1.xprocspec" xml:space="preserve" type="inline">
                <doc1 attr="value1"/>
            </x:document>
        </x:context><x:expect type="compare" label="compare two single documents" normalize-space="true" contextref="context1">
            <x:document xml:base="file:/home/jostein/xprocspec/xprocspec/src/test/xprocspec/tests/expect-1.xprocspec" xml:space="preserve" type="inline">
                <doc1 attr="value1"/>
            </x:document>
        </x:expect><x:expect type="count" label="a sequence of one document contains between 1 and 10 documents" min="1" max="10" contextref="context1"/><x:expect type="count" label="a sequence of one document contains between 0 and 1 document" min="0" max="1" contextref="context1"/><x:expect type="count" label="a sequence of one document contains between 1 and 1 document" min="1" max="1" contextref="context1"/><x:context label="two documents" id="context2">
            <x:document xml:base="file:/home/jostein/xprocspec/xprocspec/src/test/xprocspec/tests/expect-1.xprocspec" xml:space="preserve" type="inline">
                <doc1 attr="value1"/>
            </x:document>
            <x:document xml:base="file:/home/jostein/xprocspec/xprocspec/src/test/xprocspec/tests/expect-1.xprocspec" xml:space="preserve" type="inline">
                <doc2 attr="value2"/>
            </x:document>
        </x:context><x:expect type="xpath" label="test='/*' against a sequence of two documents should succeed" test="/*" contextref="context2"/><x:expect type="compare" label="compare two identical sequences of two documents" normalize-space="true" contextref="context2">
            <x:document xml:base="file:/home/jostein/xprocspec/xprocspec/src/test/xprocspec/tests/expect-1.xprocspec" xml:space="preserve" type="inline">
                <doc1 attr="value1"/>
            </x:document>
            <x:document xml:base="file:/home/jostein/xprocspec/xprocspec/src/test/xprocspec/tests/expect-1.xprocspec" xml:space="preserve" type="inline">
                <doc2 attr="value2"/>
            </x:document>
        </x:expect><x:expect type="count" label="a sequence of two document contains between 2 and 10 documents" min="2" max="10" contextref="context2"/><x:expect type="count" label="a sequence of two document contains between 1 and 2 documents" min="1" max="2" contextref="context2"/><x:expect type="count" label="a sequence of two document contains between 2 and 2 documents" min="2" max="2" contextref="context2"/><x:expect type="count" label="a sequence of two document contains at least 1 document" min="1" contextref="context2"/><x:context label="single document with text node" id="context3">
            <x:document xml:base="file:/home/jostein/xprocspec/xprocspec/src/test/xprocspec/tests/expect-1.xprocspec" xml:space="preserve" type="inline">
                <doc>   this string   contains several spaces   </doc>
            </x:document>
        </x:context><x:expect type="compare" label="by default, text nodes should be normalized" normalize-space="true" contextref="context3">
            <x:document xml:base="file:/home/jostein/xprocspec/xprocspec/src/test/xprocspec/tests/expect-1.xprocspec" xml:space="preserve" type="inline">
                <doc>this string contains several spaces</doc>
            </x:document>
        </x:expect><x:expect type="compare" label="if normalize-space is false, then text nodes should *not* be normalized" normalize-space="true" contextref="context3">
            <x:document xml:base="file:/home/jostein/xprocspec/xprocspec/src/test/xprocspec/tests/expect-1.xprocspec" xml:space="preserve" type="inline">
                <doc>   this string   contains several spaces   </doc>
            </x:document>
        </x:expect><x:context label="a sequence of documents" id="context4">
            <x:document xml:base="file:/home/jostein/xprocspec/xprocspec/src/test/xprocspec/tests/expect-1.xprocspec" xml:space="preserve" type="inline">
                <doc1/>
            </x:document>
            <x:document xml:base="file:/home/jostein/xprocspec/xprocspec/src/test/xprocspec/tests/expect-1.xprocspec" xml:space="preserve" type="inline">
                <doc2/>
            </x:document>
            <x:document xml:base="file:/home/jostein/xprocspec/xprocspec/src/test/xprocspec/tests/expect-1.xprocspec" xml:space="preserve" type="inline">
                <doc3/>
            </x:document>
        </x:context><x:expect xmlns:custom="http://www.example.org/ns/custom" type="custom" label="The custom 'count' step should be successful." step="custom:count" href="../steps/custom-count.xpl" custom:count="[2,4]" contextref="context4"/></x:scenario><x:output port="result.document.primary"><x:document xml:base="file:/home/jostein/xprocspec/xprocspec/src/test/xprocspec/tests/expect-1.xprocspec" xml:space="preserve" type="inline">
            <source.document.primary.default xmlns:ex="http://example.net/ns"/>
        </x:document></x:output><x:output port="result.document.secondary.sequence"><x:document xml:base="file:/home/jostein/xprocspec/xprocspec/src/test/xprocspec/steps/identity.xpl" xml:space="preserve" type="inline">
            <source.document.secondary.sequence xmlns:ex="http://example.net/ns"/>
        </x:document></x:output><x:output port="result.document.secondary.select-children"><x:document xml:base="file:/home/jostein/xprocspec/xprocspec/src/test/xprocspec/steps/identity.xpl" xml:space="preserve" type="inline"><default xmlns:ex="http://example.net/ns"/></x:document><x:document xml:base="file:/home/jostein/xprocspec/xprocspec/src/test/xprocspec/steps/identity.xpl" xml:space="preserve" type="inline"><default xmlns:ex="http://example.net/ns"/></x:document></x:output><x:output port="result.parameter.primary"><x:document xml:base="file:/home/jostein/xprocspec/xprocspec/src/test/xprocspec/steps/identity.xpl" xml:space="preserve" type="inline"><c:param-set/></x:document></x:output><x:output port="options"><x:document xml:base="file:/home/jostein/xprocspec/xprocspec/src/test/xprocspec/steps/identity.xpl" xml:space="preserve" type="inline">
                <c:options xmlns:ex="http://example.net/ns">
                    
                    <c:option name="option.required" value="option"/>
                    <c:option name="option.default" value="default"/>
                </c:options>
            </x:document></x:output><x:test-result xmlns:e="http://example.net/ns" type="count" label="the step should execute successfully without throwing any errors" max="0" contextref="errors" result="passed">
                                                        <x:expected>At most 0 documents.</x:expected>
                                                    <x:was>0</x:was></x:test-result><x:test-result xmlns:e="http://example.net/ns" type="xpath" label="test='false()' against a empty sequence should succeed" test="false()" contextref="context0" result="passed"><x:expected xml:space="preserve">XPath: true()</x:expected><x:was xml:space="preserve">XPath: false()</x:was></x:test-result><x:test-result xmlns:e="http://example.net/ns" type="compare" label="compare two empty sequences" normalize-space="true" contextref="context0" result="passed"/><x:test-result xmlns:e="http://example.net/ns" type="count" label="the empty sequence contains at most 0 documents" max="0" contextref="context0" result="passed">
                                                        <x:expected>At most 0 documents.</x:expected>
                                                    <x:was>0</x:was></x:test-result><x:test-result xmlns:e="http://example.net/ns" type="compare" label="compare two single documents" normalize-space="true" contextref="context1" result="passed"/><x:test-result xmlns:e="http://example.net/ns" type="count" label="a sequence of one document contains between 1 and 10 documents" min="1" max="10" contextref="context1" result="passed">
                                                        <x:expected>At least 1 and at most 10 documents.</x:expected>
                                                    <x:was>1</x:was></x:test-result><x:test-result xmlns:e="http://example.net/ns" type="count" label="a sequence of one document contains between 0 and 1 document" min="0" max="1" contextref="context1" result="passed">
                                                        <x:expected>At least 0 and at most 1 documents.</x:expected>
                                                    <x:was>1</x:was></x:test-result><x:test-result xmlns:e="http://example.net/ns" type="count" label="a sequence of one document contains between 1 and 1 document" min="1" max="1" contextref="context1" result="passed">
                                                        <x:expected>At least 1 and at most 1 documents.</x:expected>
                                                    <x:was>1</x:was></x:test-result><x:test-result xmlns:e="http://example.net/ns" type="xpath" label="test='/*' against a sequence of two documents should succeed" test="/*" contextref="context2" result="passed"><x:expected xml:space="preserve">XPath: true()
Value #1: true
Value #2: true</x:expected><x:was xml:space="preserve">XPath: /*
Value #1: 
Value #2: </x:was></x:test-result><x:test-result xmlns:e="http://example.net/ns" type="compare" label="compare two identical sequences of two documents" normalize-space="true" contextref="context2" result="passed"/><x:test-result xmlns:e="http://example.net/ns" type="count" label="a sequence of two document contains between 2 and 10 documents" min="2" max="10" contextref="context2" result="passed">
                                                        <x:expected>At least 2 and at most 10 documents.</x:expected>
                                                    <x:was>2</x:was></x:test-result><x:test-result xmlns:e="http://example.net/ns" type="count" label="a sequence of two document contains between 1 and 2 documents" min="1" max="2" contextref="context2" result="passed">
                                                        <x:expected>At least 1 and at most 2 documents.</x:expected>
                                                    <x:was>2</x:was></x:test-result><x:test-result xmlns:e="http://example.net/ns" type="count" label="a sequence of two document contains between 2 and 2 documents" min="2" max="2" contextref="context2" result="passed">
                                                        <x:expected>At least 2 and at most 2 documents.</x:expected>
                                                    <x:was>2</x:was></x:test-result><x:test-result xmlns:e="http://example.net/ns" type="count" label="a sequence of two document contains at least 1 document" min="1" contextref="context2" result="passed">
                                                        <x:expected>At least 1 documents.</x:expected>
                                                    <x:was>2</x:was></x:test-result><x:test-result xmlns:e="http://example.net/ns" type="compare" label="by default, text nodes should be normalized" normalize-space="true" contextref="context3" result="passed"/><x:test-result xmlns:e="http://example.net/ns" type="compare" label="if normalize-space is false, then text nodes should *not* be normalized" normalize-space="true" contextref="context3" result="passed"/>
                    <x:test-result xmlns:custom="http://www.example.org/ns/custom" xmlns:e="http://example.net/ns" type="custom" label="The custom 'count' step should be successful." step="custom:count" href="../steps/custom-count.xpl" custom:count="[2,4]" contextref="context4" result="passed">
                        <x:expected>[2,4]</x:expected>
                        <x:was>3</x:was>
                    </x:test-result>
                </x:description></x:test-report></x:document></x:output><x:output port="html"><x:document xml:base="file:/home/jostein/xprocspec/xprocspec/src/main/resources/content/xml/xproc/report/report-template.xhtml" xml:space="preserve" type="inline"><html xmlns="http://www.w3.org/1999/xhtml"><head><title>Test Report for file:/home/jostein/xprocspec/xprocspec/src/test/xprocspec/tests/expect-1.xprocspec (passed:17 / pending:0 / failed:0 / errors:0 / total:17)</title>
        <meta charset="utf-8"/>
        <style type="text/css" xml:space="preserve">/**/
/****************************************************************************/
/*  File:       test-report.css                                             */
/*  Author:     Jeni Tennsion                                               */
/*  URI:        http://xspec.googlecode.com/                                */
/*  Tags:                                                                   */
/*    Copyright (c) 2008, 2010 Jeni Tennsion (see end of file.)             */
/* ------------------------------------------------------------------------ */


/* test */

/* box model */

body {
	margin-right: 1em;
	/*margin-left: 10%;*/
	}

h1 {
	padding: 0.3em 0.5em 0.3em 0.5em;
	position: relative;
	}

h2 {
	padding: 0.1em 0.5em 0.2em 0.5em;
	}

h3 {
	padding-left: 0.6em;
	}

h4 {
	padding-left: 0.8em;
	}

p, table {
	/*margin-left: 5%;*/
	}

dd ul, dd ol {
	margin-left: 0%;
	}

li ul, li ol {
	/*margin-left: 5%;*/
	}

dl, ul, ol, blockquote {
	/*margin-left: 10%;*/
	}

dt {
  padding-top: 3px;
  padding-bottom: 3px;
	clear: both;
	}

dd p {
	/*margin-left: -5px;*/
	margin-top: 5px;
	clear: both;
	}

p.link {
	margin-top: 4px;
	margin-bottom: 0px;
	clear: both;
	}

tr td, td p, li, li p {
	margin-left: 0%;
	}

td:nth-child(2) {
	padding-left: 5%;
	}

.link img, dt img {
	vertical-align: middle;
	position: relative;
	top: -5px;
	}

img {
	position: relative;
	}

#xml-link {
	position: absolute;
	left: 5px;
	top: 5px;
	width: 10%;
	margin-left: 0%;
	}

#link-up {
	position: absolute;
	left: 93%;
	right: 2em;
	top: 0.3em;
	}

#link-top {
	position: absolute;
	left: 89%;
	right: 4em;
	top: 0.3em;
	}
	
.popup {
	display: block;
	visibility: hidden;
	float: right;
	position: absolute;
	top: 5px;
	left: -200px;
	z-index: 1;
	padding: 0.3em;
	width: 220px;
	}

.note {
	position: relative;
	}

.post {
	/*margin-left: 5%;*/
	padding-top: 1em;
	}
	
.example, .sidebar {
  /*margin-left: 5%;*/
  margin-top: 1em;
  margin-bottom: 1em;
  }

/*pre {
	padding-left: 5%;
	margin-left: 5%;
	}*/

/*dd pre, li pre {
	padding-left: 5%;
	}*/

/* fonts */
/* Oxygen  */
body, table {
    font-family:arial, helvetica, sans-serif;
    font-size:12px;
}
/* Oxygen  */

/*body {
	font-family: Verdana, arial, sans-serif;
	font-size: small;
	}*/	

/*h1, h2, h3, h4, h5, h6 {
	font-family: 'trebuchet MS', arial, sans-serif;
	}*/

h1 {
	font-size: 173%;
	font-weight: bold;
	}

h2 {
	font-size: 144%;
	font-weight: normal;
	}

h3 {
	font-size: 120%;
	font-weight: normal;
	}

h4 {
  font-size: 100%;
  font-weight: bold;
}

dt {
	font-weight: bold;
	}

a:link, a:visited, a:active, a:hover {
	font-weight: bold;
	}

a.offsite:link, a.offsite:visited, a.offsite:active, a.offsite:hover {
	font-weight: normal;
	}

/* suppress the normal italics */
address {
	font-style: normal;
	}

div.example, .sidebar {
  font-family: Verdana, arial, sans-serif;
  font-size: 100%;
  }


.note, .link {
	font-family: Verdana, arial, sans-serif;
	/*font-size: 83%;*/
	}

/*.example, .string, .rtf, .code, pre, code {
	font-family: "Lucida Console", "Courier New", monospace;*/
  /*font-size: 83%;*/
/*	}*/

.boolean {
	font-style: italic;
	}

#colophon, #xml-link {
	font-size: 69%;
	}

.question, .title {
	font-weight: bold;
	}

/* colours */
body {
	background-color: white;
	color: black;
	border: 0px none black;
	}

/* this is to make Navigator fill the entire line */
h1, h2 {
	border: 1px solid white;
	width: auto;
	}

h1 {
	/*background: #606;*/
	/*color: #6F6;*/
	}

h2 {
	color: #606;
	/*background: #CFC;*/
	}

hr {
	color: #606;
	background: white;
	}

img, a:link img, a:visited img, a:hover img, a:active img, #link-up img, #link-top img {
	border: 0px none white;
	background: transparent;
	}

/* OXYGEN */
a, a:visited {
    color:rgb(0, 0, 150);
    background-color:inherit;
    font-weight: bold;
}
a:link, a:visited {
    text-decoration:none; 
}
a:hover {
    text-decoration:underline;
}

/* OXYGEN */

a.img:hover, a.img:active {
	background: transparent;
	}

#colophon, #xml-link, .note {
	color: #666;
	}

#colophon a:link, #colophon a:visited, #colophon a:hover,
#xml-link a:link, #xml-link a:visited, #xml-link a:hover,
.note a:link, .note a:visited, .note a:hover {
	color: #969;
	background: transparent;
	}

#colophon a:hover, #xml-link a:hover, .note a:hover {
	background: #CFC;
	color: #969;
	}

.popup {
	background: white;
	border: 1px solid #606;
	}

.post {
	border-top: 2px solid #606;
	}
	
.example {
  border-top: 2px solid #606;
  border-bottom: 2px solid #606;
  }
  
.sidebar {
  border-top: 2px solid #090;
  border-bottom: 2px solid #090;
  }
  
.rng {
  border-left: 2px solid #666;
  }

.same {
  background-color: rgb(206, 239, 174);
}

.diff {
  background-color: #FCC;
}

.whitespace {
	font-style: italic;
	color: #999;
	background: white;
}

.ignored {
  font-style: italic;
  color: #999;
  background: white;
}

.hit {
}

.missed {
  background-color: #A33;
  color: white;
}

/* text */
ol ol li {
	list-style: lower-alpha;
	}

th {
	text-align: left;
	}

td {
	vertical-align: top;
	}

h1 {
	text-transform: uppercase;
	}

h2, h3 {
	/*text-transform: capitalize;*/
	}

.question {
	text-indent: -33px;
	}

.byline {
	text-align: right;
	}

#link-top, #link-up {
	text-align: right;
	}

a {
	text-decoration: none;
	}

table { width: 85%;
        /* border: collapse; */ }

th { text-align: left; }

.xspec tbody th { font-weight: normal; /*font-size: 0.8em;*/ border-top: 1px #666 solid; }
.xspec tbody td { /*font-size: 0.8em;*/ color: #666; }

.successful.label th, .successful.label td { background-color: #CFC; }
.pending.label th, .pending.label td { background-color: #DDD; color: #666; }
.failed.label th, .failed.label td { background-color: #FCC; }
.error.label th, .error.label td { background-color: #FAA; }
/*body &gt; table tbody .failed.label th:first-child:before {content:url(data:image/png;base64,iVBORw0KGgoAAAANSUhEUgAAAAwAAAAMCAYAAABWdVznAAAAGXRFWHRTb2Z0d2FyZQBBZG9iZSBJbWFnZVJlYWR5ccllPAAAA2ZpVFh0WE1MOmNvbS5hZG9iZS54bXAAAAAAADw/eHBhY2tldCBiZWdpbj0i77u/IiBpZD0iVzVNME1wQ2VoaUh6cmVTek5UY3prYzlkIj8+IDx4OnhtcG1ldGEgeG1sbnM6eD0iYWRvYmU6bnM6bWV0YS8iIHg6eG1wdGs9IkFkb2JlIFhNUCBDb3JlIDUuMy1jMDExIDY2LjE0NTY2MSwgMjAxMi8wMi8wNi0xNDo1NjoyNyAgICAgICAgIj4gPHJkZjpSREYgeG1sbnM6cmRmPSJodHRwOi8vd3d3LnczLm9yZy8xOTk5LzAyLzIyLXJkZi1zeW50YXgtbnMjIj4gPHJkZjpEZXNjcmlwdGlvbiByZGY6YWJvdXQ9IiIgeG1sbnM6eG1wTU09Imh0dHA6Ly9ucy5hZG9iZS5jb20veGFwLzEuMC9tbS8iIHhtbG5zOnN0UmVmPSJodHRwOi8vbnMuYWRvYmUuY29tL3hhcC8xLjAvc1R5cGUvUmVzb3VyY2VSZWYjIiB4bWxuczp4bXA9Imh0dHA6Ly9ucy5hZG9iZS5jb20veGFwLzEuMC8iIHhtcE1NOk9yaWdpbmFsRG9jdW1lbnRJRD0ieG1wLmRpZDpCQjU0NjU4QjIyQTNFMTExQkI5Rjk5QkQ4RkQ5RUJFQiIgeG1wTU06RG9jdW1lbnRJRD0ieG1wLmRpZDpEQTUyOTdBQUEzRDUxMUUxQTQwN0YzMUI0Nzg3NDU1RSIgeG1wTU06SW5zdGFuY2VJRD0ieG1wLmlpZDpEQTUyOTdBOUEzRDUxMUUxQTQwN0YzMUI0Nzg3NDU1RSIgeG1wOkNyZWF0b3JUb29sPSJBZG9iZSBQaG90b3Nob3AgQ1M2IChXaW5kb3dzKSI+IDx4bXBNTTpEZXJpdmVkRnJvbSBzdFJlZjppbnN0YW5jZUlEPSJ4bXAuaWlkOjQ4MTZDRTNCRDVBM0UxMTFBQTI2QTBCMjZENzg1Qzg5IiBzdFJlZjpkb2N1bWVudElEPSJ4bXAuZGlkOkJCNTQ2NThCMjJBM0UxMTFCQjlGOTlCRDhGRDlFQkVCIi8+IDwvcmRmOkRlc2NyaXB0aW9uPiA8L3JkZjpSREY+IDwveDp4bXBtZXRhPiA8P3hwYWNrZXQgZW5kPSJyIj8+aHNJrgAAAZ1JREFUeNpsUssrRGEU/907985YMDPNYlh4hbKZPMdgR3aysrGSSFIeKyUKpewoRTYkmcgCf4MsMI2FPDYGKeUZSoru4/uc82VC+W7fOeee+zvn/M45V1uuyCmVwDogq0hDklD6jy1dspNkdxokVrIzPFUh0/MD5OdXoJDwPFtu3d2ns6TTp9oggTlFZlmN0o4AHMmXfJGo0lmGzoE1OgmNHf5YA8rmN5HfM6wADmUuHphA9cIW/JX1yiek9DIlyijxkNjBzXYche19gNcHzfShoLUdVxtLuD/cYzCoMAzCwqYrhMDx9Chs20JRWzf4nMcXcDI3pYAqQHIAtWUJbpKursMMhpA+RiAEGzpc4X5XkDB4GjaHmiZik/PIa2rBEWVlSuW9Q+T3YndskBi46QpQFcLltchtbEZyZhxna4uKhmV9Ito/gtPNOG4P99WItdlIWARNXWOAv6AEr9cplel7/ggUleDlMqUSvNnCobHKxDsNnqs8XaWUZopp/XhxTkOR+HDVOveYUge9rNLyY9SU9v+vwXuUB2R0fQkwABfn/VKSjTLBAAAAAElFTkSuQmCC) " "}*/
/*body &gt; table tbody .error.label th:first-child:before {content:url(data:image/png;base64,iVBORw0KGgoAAAANSUhEUgAAAAwAAAAMCAYAAABWdVznAAAABmJLR0QAAAAAAAD5Q7t/AAAACXBIWXMAAAsTAAALEwEAmpwYAAAAB3RJTUUH3QcKER4AdkxvvQAAAdVJREFUKM89kM9KG0EAh7/JTHazZInEQwJ68KIWLx6Etj6EjxAobYSsD+BjCJ682EOp0FMueYmS0FMICF4i6tFNzJ/dyRh2Znoo6Xf+Pn7wEzc3Nx/W6/UvY8xJnudkWYa1Fu893nviOCaKIhuG4R/v/Ve1Xq9/bG1tnezs7JDnOVpr3t/fcc4hpaRSqVCpVORqtTp9e3v7rrTWn5vNJpPJhHK5zHg8JssyvPeEYcjR0RFpmlKr1ZjP5x9Li8VCbOR2u83BwQEvLy88PT1xfHzMxcUFQgjSNCXLskDlec5sNuPx8REpJZ1Oh+fnZ4QQnJ+fc319Tb/fZ29vD601SmvNdDplsVhwe3vLaDTi6uoKgCRJGAwGNBoNXl9fMcZQcs5hjGG1WpHnObVajQ3VahWtNcYYjDE451Cb+7z3JElCkiScnZ0hpaTX67G7u0u328V7/y+oVqsIITg8PKTT6dBqtRgOhzjnaLVa3N3dcX9/z3K5JI5jxOXlpSuKQqRpirWWh4eH//Plcpn9/X2cc2xvb1MqlQqllBpYa0/jOGYymdBsNsmyDOccURRRFAX1eh2lFGEY/lZBEHyx1v703n8KgkBEUYSUEu/9RkIIUQRB0A/D8NtflUT+nn4OS+0AAAAASUVORK5CYII=) " "}*/
.failed.label th:first-child:before, .failed.label td:first-child:before {content:url(data:image/png;base64,iVBORw0KGgoAAAANSUhEUgAAAAwAAAAMCAYAAABWdVznAAAAGXRFWHRTb2Z0d2FyZQBBZG9iZSBJbWFnZVJlYWR5ccllPAAAA2ZpVFh0WE1MOmNvbS5hZG9iZS54bXAAAAAAADw/eHBhY2tldCBiZWdpbj0i77u/IiBpZD0iVzVNME1wQ2VoaUh6cmVTek5UY3prYzlkIj8+IDx4OnhtcG1ldGEgeG1sbnM6eD0iYWRvYmU6bnM6bWV0YS8iIHg6eG1wdGs9IkFkb2JlIFhNUCBDb3JlIDUuMy1jMDExIDY2LjE0NTY2MSwgMjAxMi8wMi8wNi0xNDo1NjoyNyAgICAgICAgIj4gPHJkZjpSREYgeG1sbnM6cmRmPSJodHRwOi8vd3d3LnczLm9yZy8xOTk5LzAyLzIyLXJkZi1zeW50YXgtbnMjIj4gPHJkZjpEZXNjcmlwdGlvbiByZGY6YWJvdXQ9IiIgeG1sbnM6eG1wTU09Imh0dHA6Ly9ucy5hZG9iZS5jb20veGFwLzEuMC9tbS8iIHhtbG5zOnN0UmVmPSJodHRwOi8vbnMuYWRvYmUuY29tL3hhcC8xLjAvc1R5cGUvUmVzb3VyY2VSZWYjIiB4bWxuczp4bXA9Imh0dHA6Ly9ucy5hZG9iZS5jb20veGFwLzEuMC8iIHhtcE1NOk9yaWdpbmFsRG9jdW1lbnRJRD0ieG1wLmRpZDpCQjU0NjU4QjIyQTNFMTExQkI5Rjk5QkQ4RkQ5RUJFQiIgeG1wTU06RG9jdW1lbnRJRD0ieG1wLmRpZDpEQTUyOTdBQUEzRDUxMUUxQTQwN0YzMUI0Nzg3NDU1RSIgeG1wTU06SW5zdGFuY2VJRD0ieG1wLmlpZDpEQTUyOTdBOUEzRDUxMUUxQTQwN0YzMUI0Nzg3NDU1RSIgeG1wOkNyZWF0b3JUb29sPSJBZG9iZSBQaG90b3Nob3AgQ1M2IChXaW5kb3dzKSI+IDx4bXBNTTpEZXJpdmVkRnJvbSBzdFJlZjppbnN0YW5jZUlEPSJ4bXAuaWlkOjQ4MTZDRTNCRDVBM0UxMTFBQTI2QTBCMjZENzg1Qzg5IiBzdFJlZjpkb2N1bWVudElEPSJ4bXAuZGlkOkJCNTQ2NThCMjJBM0UxMTFCQjlGOTlCRDhGRDlFQkVCIi8+IDwvcmRmOkRlc2NyaXB0aW9uPiA8L3JkZjpSREY+IDwveDp4bXBtZXRhPiA8P3hwYWNrZXQgZW5kPSJyIj8+aHNJrgAAAZ1JREFUeNpsUssrRGEU/907985YMDPNYlh4hbKZPMdgR3aysrGSSFIeKyUKpewoRTYkmcgCf4MsMI2FPDYGKeUZSoru4/uc82VC+W7fOeee+zvn/M45V1uuyCmVwDogq0hDklD6jy1dspNkdxokVrIzPFUh0/MD5OdXoJDwPFtu3d2ns6TTp9oggTlFZlmN0o4AHMmXfJGo0lmGzoE1OgmNHf5YA8rmN5HfM6wADmUuHphA9cIW/JX1yiek9DIlyijxkNjBzXYche19gNcHzfShoLUdVxtLuD/cYzCoMAzCwqYrhMDx9Chs20JRWzf4nMcXcDI3pYAqQHIAtWUJbpKursMMhpA+RiAEGzpc4X5XkDB4GjaHmiZik/PIa2rBEWVlSuW9Q+T3YndskBi46QpQFcLltchtbEZyZhxna4uKhmV9Ito/gtPNOG4P99WItdlIWARNXWOAv6AEr9cplel7/ggUleDlMqUSvNnCobHKxDsNnqs8XaWUZopp/XhxTkOR+HDVOveYUge9rNLyY9SU9v+vwXuUB2R0fQkwABfn/VKSjTLBAAAAAElFTkSuQmCC) " "}
.error.label th:first-child:before, .error.label td:first-child:before {content:url(data:image/png;base64,iVBORw0KGgoAAAANSUhEUgAAAAwAAAAMCAYAAABWdVznAAAABmJLR0QAAAAAAAD5Q7t/AAAACXBIWXMAAAsTAAALEwEAmpwYAAAAB3RJTUUH3QcKER4AdkxvvQAAAdVJREFUKM89kM9KG0EAh7/JTHazZInEQwJ68KIWLx6Etj6EjxAobYSsD+BjCJ682EOp0FMueYmS0FMICF4i6tFNzJ/dyRh2Znoo6Xf+Pn7wEzc3Nx/W6/UvY8xJnudkWYa1Fu893nviOCaKIhuG4R/v/Ve1Xq9/bG1tnezs7JDnOVpr3t/fcc4hpaRSqVCpVORqtTp9e3v7rrTWn5vNJpPJhHK5zHg8JssyvPeEYcjR0RFpmlKr1ZjP5x9Li8VCbOR2u83BwQEvLy88PT1xfHzMxcUFQgjSNCXLskDlec5sNuPx8REpJZ1Oh+fnZ4QQnJ+fc319Tb/fZ29vD601SmvNdDplsVhwe3vLaDTi6uoKgCRJGAwGNBoNXl9fMcZQcs5hjGG1WpHnObVajQ3VahWtNcYYjDE451Cb+7z3JElCkiScnZ0hpaTX67G7u0u328V7/y+oVqsIITg8PKTT6dBqtRgOhzjnaLVa3N3dcX9/z3K5JI5jxOXlpSuKQqRpirWWh4eH//Plcpn9/X2cc2xvb1MqlQqllBpYa0/jOGYymdBsNsmyDOccURRRFAX1eh2lFGEY/lZBEHyx1v703n8KgkBEUYSUEu/9RkIIUQRB0A/D8NtflUT+nn4OS+0AAAAASUVORK5CYII=) " "}
.pending.label th:first-child:before, .pending.label td:first-child:before {content:url(data:image/png;base64,iVBORw0KGgoAAAANSUhEUgAAAAwAAAAMCAYAAABWdVznAAAAGXRFWHRTb2Z0d2FyZQBBZG9iZSBJbWFnZVJlYWR5ccllPAAAA2ZpVFh0WE1MOmNvbS5hZG9iZS54bXAAAAAAADw/eHBhY2tldCBiZWdpbj0i77u/IiBpZD0iVzVNME1wQ2VoaUh6cmVTek5UY3prYzlkIj8+IDx4OnhtcG1ldGEgeG1sbnM6eD0iYWRvYmU6bnM6bWV0YS8iIHg6eG1wdGs9IkFkb2JlIFhNUCBDb3JlIDUuMy1jMDExIDY2LjE0NTY2MSwgMjAxMi8wMi8wNi0xNDo1NjoyNyAgICAgICAgIj4gPHJkZjpSREYgeG1sbnM6cmRmPSJodHRwOi8vd3d3LnczLm9yZy8xOTk5LzAyLzIyLXJkZi1zeW50YXgtbnMjIj4gPHJkZjpEZXNjcmlwdGlvbiByZGY6YWJvdXQ9IiIgeG1sbnM6eG1wTU09Imh0dHA6Ly9ucy5hZG9iZS5jb20veGFwLzEuMC9tbS8iIHhtbG5zOnN0UmVmPSJodHRwOi8vbnMuYWRvYmUuY29tL3hhcC8xLjAvc1R5cGUvUmVzb3VyY2VSZWYjIiB4bWxuczp4bXA9Imh0dHA6Ly9ucy5hZG9iZS5jb20veGFwLzEuMC8iIHhtcE1NOk9yaWdpbmFsRG9jdW1lbnRJRD0ieG1wLmRpZDpCQjU0NjU4QjIyQTNFMTExQkI5Rjk5QkQ4RkQ5RUJFQiIgeG1wTU06RG9jdW1lbnRJRD0ieG1wLmRpZDpDODdDM0Y0QUEzRDUxMUUxQjk5N0MzQjVFRDMyQUE1MiIgeG1wTU06SW5zdGFuY2VJRD0ieG1wLmlpZDpDODdDM0Y0OUEzRDUxMUUxQjk5N0MzQjVFRDMyQUE1MiIgeG1wOkNyZWF0b3JUb29sPSJBZG9iZSBQaG90b3Nob3AgQ1M2IChXaW5kb3dzKSI+IDx4bXBNTTpEZXJpdmVkRnJvbSBzdFJlZjppbnN0YW5jZUlEPSJ4bXAuaWlkOjQ4MTZDRTNCRDVBM0UxMTFBQTI2QTBCMjZENzg1Qzg5IiBzdFJlZjpkb2N1bWVudElEPSJ4bXAuZGlkOkJCNTQ2NThCMjJBM0UxMTFCQjlGOTlCRDhGRDlFQkVCIi8+IDwvcmRmOkRlc2NyaXB0aW9uPiA8L3JkZjpSREY+IDwveDp4bXBtZXRhPiA8P3hwYWNrZXQgZW5kPSJyIj8+yj6RYgAAAPZJREFUeNp0kM8KgkAQxmc1E0Wfo3vQn5eRSDx4EUHwbTpEhx4lil7DiydBQUFXp5nAMNsGhpnd/X77za4Iw3CFiFcAWFMFDkXtKZ/UHhfUnB3HWdu2/REpAL2u631ZlicGdpZlwTAMSmBM0zS5bhgQLB5FU3AOUS4XvNn3vVKgAACCIMA0TbFpGsyyDJMkefdFUWAcx1hVFeZ5jlEUoed5qPEI7KDrOhiG8e6llNC27Zcz77FW+L6Pruv+WKtGIzfgR39umv/UHOJgAMlO/BPOXCQDD5p3r2ma8lvHNU9BcWPg0HXdhRZbOhRT8aSXVO9U/ZcAAwAsmjsSQcM0lwAAAABJRU5ErkJggg==) " ";}
.successful.label th:first-child:before, .successful.label td:first-child:before {content:url(data:image/png;base64,iVBORw0KGgoAAAANSUhEUgAAAAwAAAAMCAYAAABWdVznAAAAGXRFWHRTb2Z0d2FyZQBBZG9iZSBJbWFnZVJlYWR5ccllPAAAA2ZpVFh0WE1MOmNvbS5hZG9iZS54bXAAAAAAADw/eHBhY2tldCBiZWdpbj0i77u/IiBpZD0iVzVNME1wQ2VoaUh6cmVTek5UY3prYzlkIj8+IDx4OnhtcG1ldGEgeG1sbnM6eD0iYWRvYmU6bnM6bWV0YS8iIHg6eG1wdGs9IkFkb2JlIFhNUCBDb3JlIDUuMy1jMDExIDY2LjE0NTY2MSwgMjAxMi8wMi8wNi0xNDo1NjoyNyAgICAgICAgIj4gPHJkZjpSREYgeG1sbnM6cmRmPSJodHRwOi8vd3d3LnczLm9yZy8xOTk5LzAyLzIyLXJkZi1zeW50YXgtbnMjIj4gPHJkZjpEZXNjcmlwdGlvbiByZGY6YWJvdXQ9IiIgeG1sbnM6eG1wTU09Imh0dHA6Ly9ucy5hZG9iZS5jb20veGFwLzEuMC9tbS8iIHhtbG5zOnN0UmVmPSJodHRwOi8vbnMuYWRvYmUuY29tL3hhcC8xLjAvc1R5cGUvUmVzb3VyY2VSZWYjIiB4bWxuczp4bXA9Imh0dHA6Ly9ucy5hZG9iZS5jb20veGFwLzEuMC8iIHhtcE1NOk9yaWdpbmFsRG9jdW1lbnRJRD0ieG1wLmRpZDpCQjU0NjU4QjIyQTNFMTExQkI5Rjk5QkQ4RkQ5RUJFQiIgeG1wTU06RG9jdW1lbnRJRD0ieG1wLmRpZDpEMDVBNThBQUEzRDUxMUUxQjdCQkM2QUNBMTNBMDExNiIgeG1wTU06SW5zdGFuY2VJRD0ieG1wLmlpZDpEMDVBNThBOUEzRDUxMUUxQjdCQkM2QUNBMTNBMDExNiIgeG1wOkNyZWF0b3JUb29sPSJBZG9iZSBQaG90b3Nob3AgQ1M2IChXaW5kb3dzKSI+IDx4bXBNTTpEZXJpdmVkRnJvbSBzdFJlZjppbnN0YW5jZUlEPSJ4bXAuaWlkOjQ4MTZDRTNCRDVBM0UxMTFBQTI2QTBCMjZENzg1Qzg5IiBzdFJlZjpkb2N1bWVudElEPSJ4bXAuZGlkOkJCNTQ2NThCMjJBM0UxMTFCQjlGOTlCRDhGRDlFQkVCIi8+IDwvcmRmOkRlc2NyaXB0aW9uPiA8L3JkZjpSREY+IDwveDp4bXBtZXRhPiA8P3hwYWNrZXQgZW5kPSJyIj8+xJ3YrgAAAYBJREFUeNpsUrtKA1EQPZtdY4gEQiD4QCsLEVGX4CP4AykEq1hYiGghCDZ+gBZWVtrZ+EAjaGOhfoAkNiaKhYWICilMEQNqoYjZ5O4d5+6ucQuLM3funDNzD7OrLe229YBwSKAEnyAP/pyIbL5fcz5rcNiLtuqJSEz3ickn5ruE/vFmJ9/LYjvAldGWqA7bJkgPtoAHQrS5G6NdiwhFWCoxHOCgKUL+iurkCBVawyamE8d4qmSZ51clBZUlh+RG14JzEsJNcaTNLVwWd1B6vXXqkmGoYNeVUPnW3JNr4+YarPoncvebEAKNekAlokaY6N/A1NA+SBgY6Eijtz2Fs5sVWNWawysorWNJsO+q9QWzaxLTYwfojA3isZzDfSnrWvTsNiyp7pOrZURC7ejrTDEpcVpY9ab+NSioLZEiapZA5nwBxZcC8g9HeK7ccYM7TDnwmoU2vx6/NIJaUjc0b0u8YvJNle5HdJvlhbI0Y31ThqsjTGr0/+8hOOQ5nfsRYACtHiy+FDd82wAAAABJRU5ErkJggg==) " "}
/*.successful.label a:before {content:url(data:image/png;base64,iVBORw0KGgoAAAANSUhEUgAAAAwAAAAMCAYAAABWdVznAAAAGXRFWHRTb2Z0d2FyZQBBZG9iZSBJbWFnZVJlYWR5ccllPAAAA2ZpVFh0WE1MOmNvbS5hZG9iZS54bXAAAAAAADw/eHBhY2tldCBiZWdpbj0i77u/IiBpZD0iVzVNME1wQ2VoaUh6cmVTek5UY3prYzlkIj8+IDx4OnhtcG1ldGEgeG1sbnM6eD0iYWRvYmU6bnM6bWV0YS8iIHg6eG1wdGs9IkFkb2JlIFhNUCBDb3JlIDUuMy1jMDExIDY2LjE0NTY2MSwgMjAxMi8wMi8wNi0xNDo1NjoyNyAgICAgICAgIj4gPHJkZjpSREYgeG1sbnM6cmRmPSJodHRwOi8vd3d3LnczLm9yZy8xOTk5LzAyLzIyLXJkZi1zeW50YXgtbnMjIj4gPHJkZjpEZXNjcmlwdGlvbiByZGY6YWJvdXQ9IiIgeG1sbnM6eG1wTU09Imh0dHA6Ly9ucy5hZG9iZS5jb20veGFwLzEuMC9tbS8iIHhtbG5zOnN0UmVmPSJodHRwOi8vbnMuYWRvYmUuY29tL3hhcC8xLjAvc1R5cGUvUmVzb3VyY2VSZWYjIiB4bWxuczp4bXA9Imh0dHA6Ly9ucy5hZG9iZS5jb20veGFwLzEuMC8iIHhtcE1NOk9yaWdpbmFsRG9jdW1lbnRJRD0ieG1wLmRpZDpCQjU0NjU4QjIyQTNFMTExQkI5Rjk5QkQ4RkQ5RUJFQiIgeG1wTU06RG9jdW1lbnRJRD0ieG1wLmRpZDpEMDVBNThBQUEzRDUxMUUxQjdCQkM2QUNBMTNBMDExNiIgeG1wTU06SW5zdGFuY2VJRD0ieG1wLmlpZDpEMDVBNThBOUEzRDUxMUUxQjdCQkM2QUNBMTNBMDExNiIgeG1wOkNyZWF0b3JUb29sPSJBZG9iZSBQaG90b3Nob3AgQ1M2IChXaW5kb3dzKSI+IDx4bXBNTTpEZXJpdmVkRnJvbSBzdFJlZjppbnN0YW5jZUlEPSJ4bXAuaWlkOjQ4MTZDRTNCRDVBM0UxMTFBQTI2QTBCMjZENzg1Qzg5IiBzdFJlZjpkb2N1bWVudElEPSJ4bXAuZGlkOkJCNTQ2NThCMjJBM0UxMTFCQjlGOTlCRDhGRDlFQkVCIi8+IDwvcmRmOkRlc2NyaXB0aW9uPiA8L3JkZjpSREY+IDwveDp4bXBtZXRhPiA8P3hwYWNrZXQgZW5kPSJyIj8+xJ3YrgAAAYBJREFUeNpsUrtKA1EQPZtdY4gEQiD4QCsLEVGX4CP4AykEq1hYiGghCDZ+gBZWVtrZ+EAjaGOhfoAkNiaKhYWICilMEQNqoYjZ5O4d5+6ucQuLM3funDNzD7OrLe229YBwSKAEnyAP/pyIbL5fcz5rcNiLtuqJSEz3ickn5ruE/vFmJ9/LYjvAldGWqA7bJkgPtoAHQrS5G6NdiwhFWCoxHOCgKUL+iurkCBVawyamE8d4qmSZ51clBZUlh+RG14JzEsJNcaTNLVwWd1B6vXXqkmGoYNeVUPnW3JNr4+YarPoncvebEAKNekAlokaY6N/A1NA+SBgY6Eijtz2Fs5sVWNWawysorWNJsO+q9QWzaxLTYwfojA3isZzDfSnrWvTsNiyp7pOrZURC7ejrTDEpcVpY9ab+NSioLZEiapZA5nwBxZcC8g9HeK7ccYM7TDnwmoU2vx6/NIJaUjc0b0u8YvJNle5HdJvlhbI0Y31ThqsjTGr0/+8hOOQ5nfsRYACtHiy+FDd82wAAAABJRU5ErkJggg==) " "}*/

.xspecResult { width: 90%; table-layout: fixed; }

.xspecResult td,
.xspecResult th { width: 50%; }

/*.xspecResult pre { 
  margin-left: 0; 
  padding: 0.5em; 
  overflow: auto; 
  border: 1px #999 dotted;
}*/

span.scenario-totals {float: right; width: 14.5%; text-align: left}

/* OXYGEN */
span.scenario-totals {float: right; width: 34.5%; text-align: right}

h2.failed {
    background-color: #FCC;
}

h1, h2 {
    width: 86%;
    /*margin-left: 3%;*/
    
    font-size:1.4em;
    font-weight:bold;
    text-align:left;
    margin-top:1.4em;
    margin-bottom:0.7em;
    color:#333333;
    background-color:inherit;
}

h1 {
    font-size:1.7em;
}

body &gt; h1:first-child:before {
    content:"XSLT UNIT ";
}

body &gt; h2:first-of-type {
    font-size:1.7em;
}

div &gt; table &gt; tbody &gt; tr &gt; th:first-child {
    font-weight:bold;
}

div &gt; h3 {
    font-weight:bold;
    /*margin-left: 3%;*/
}

div &gt; h4 {
    font-weight:normal;
    /*margin-left: 4%;*/
}

th.result { text-align: center; }
/* OXYGEN */


/* ------------------------------------------------------------------------ */
/*  DO NOT ALTER OR REMOVE COPYRIGHT NOTICES OR THIS COMMENT.               */
/*                                                                          */
/*  Copyright (c) 2008, 2010 Jeni Tennsion                                  */
/*                                                                          */
/*  The contents of this file are subject to the MIT License (see the URI   */
/*  http://www.opensource.org/licenses/mit-license.php for details).        */
/*                                                                          */
/*  Permission is hereby granted, free of charge, to any person obtaining   */
/*  a copy of this software and associated documentation files (the         */
/*  "Software"), to deal in the Software without restriction, including     */
/*  without limitation the rights to use, copy, modify, merge, publish,     */
/*  distribute, sublicense, and/or sell copies of the Software, and to      */
/*  permit persons to whom the Software is furnished to do so, subject to   */
/*  the following conditions:                                               */
/*                                                                          */
/*  The above copyright notice and this permission notice shall be          */
/*  included in all copies or substantial portions of the Software.         */
/*                                                                          */
/*  THE SOFTWARE IS PROVIDED "AS IS", WITHOUT WARRANTY OF ANY KIND,         */
/*  EXPRESS OR IMPLIED, INCLUDING BUT NOT LIMITED TO THE WARRANTIES OF      */
/*  MERCHANTABILITY, FITNESS FOR A PARTICULAR PURPOSE AND NONINFRINGEMENT.  */
/*  IN NO EVENT SHALL THE AUTHORS OR COPYRIGHT HOLDERS BE LIABLE FOR ANY    */
/*  CLAIM, DAMAGES OR OTHER LIABILITY, WHETHER IN AN ACTION OF CONTRACT,    */
/*  TORT OR OTHERWISE, ARISING FROM, OUT OF OR IN CONNECTION WITH THE       */
/*  SOFTWARE OR THE USE OR OTHER DEALINGS IN THE SOFTWARE.                  */
/* ------------------------------------------------------------------------ */

.nobr { white-space: nowrap; }
.scenario-label { text-indent: 0px; }
.context-label { text-indent: 10px; }
.test-label { text-indent: 20px; }
.pending-label { text-indent: 30px; }


        /**/</style>
    </head><body><h1>Test Report</h1><p>Script: <a href="file:/home/jostein/xprocspec/xprocspec/src/test/xprocspec/tests/expect-1.xprocspec">file:/home/jostein/xprocspec/xprocspec/src/test/xprocspec/tests/expect-1.xprocspec</a></p><p>Tested: 2013-12-02T14:36:15.556+01:00</p><h2>Contents</h2><table class="xspec"><col width="75%"/><col width="5%"/><col width="5%"/><col width="5%"/><col width="5%"/><col width="5%"/><thead><tr><th/><th class="result">passed:17</th><th class="result">pending:0</th><th class="result">failed:0</th><th class="result">errors:0</th><th class="result">total:17</th></tr></thead><tbody><tr class="successful label"><th><a href="#step1">ex:identity</a></th><th class="result">17</th><th class="result">0</th><th class="result">0</th><th class="result">0</th><th class="result">17</th></tr></tbody></table><div id="step1"><h2 class="successful">Calling: <a href="file:/home/jostein/xprocspec/xprocspec/src/test/xprocspec/steps/identity.xpl">ex:identity</a><span class="scenario-totals">passed:17 / pending:0 /
                                        failed:0 / errors:0 / total:17</span></h2><table class="xspec"><col width="80%"/><col width="20%"/><tbody><tr class="successful label"><th class="scenario-label">identity - base-uri</th><th class="nobr">passed:17 / pending:0 / failed:0 / errors:0 / total:17</th></tr><tr class="successful label"><th class="context-label">errors</th><th class="nobr">passed:1 / pending:0 / failed:0 / errors:0 / total:1</th></tr><tr class="successful label"><td class="test-label">the step should execute successfully without throwing any errors</td><td>Success</td></tr><tr class="successful label"><th class="context-label">empty sequence</th><th class="nobr">passed:3 / pending:0 / failed:0 / errors:0 / total:3</th></tr><tr class="successful label"><td class="test-label">test='false()' against a empty sequence should succeed</td><td>Success</td></tr><tr class="successful label"><td class="test-label">compare two empty sequences</td><td>Success</td></tr><tr class="successful label"><td class="test-label">the empty sequence contains at most 0 documents</td><td>Success</td></tr><tr class="successful label"><th class="context-label">one document</th><th class="nobr">passed:4 / pending:0 / failed:0 / errors:0 / total:4</th></tr><tr class="successful label"><td class="test-label">compare two single documents</td><td>Success</td></tr><tr class="successful label"><td class="test-label">a sequence of one document contains between 1 and 10 documents</td><td>Success</td></tr><tr class="successful label"><td class="test-label">a sequence of one document contains between 0 and 1 document</td><td>Success</td></tr><tr class="successful label"><td class="test-label">a sequence of one document contains between 1 and 1 document</td><td>Success</td></tr><tr class="successful label"><th class="context-label">two documents</th><th class="nobr">passed:6 / pending:0 / failed:0 / errors:0 / total:6</th></tr><tr class="successful label"><td class="test-label">test='/*' against a sequence of two documents should succeed</td><td>Success</td></tr><tr class="successful label"><td class="test-label">compare two identical sequences of two documents</td><td>Success</td></tr><tr class="successful label"><td class="test-label">a sequence of two document contains between 2 and 10 documents</td><td>Success</td></tr><tr class="successful label"><td class="test-label">a sequence of two document contains between 1 and 2 documents</td><td>Success</td></tr><tr class="successful label"><td class="test-label">a sequence of two document contains between 2 and 2 documents</td><td>Success</td></tr><tr class="successful label"><td class="test-label">a sequence of two document contains at least 1 document</td><td>Success</td></tr><tr class="successful label"><th class="context-label">single document with text node</th><th class="nobr">passed:2 / pending:0 / failed:0 / errors:0 / total:2</th></tr><tr class="successful label"><td class="test-label">by default, text nodes should be normalized</td><td>Success</td></tr><tr class="successful label"><td class="test-label">if normalize-space is false, then text nodes should *not* be normalized</td><td>Success</td></tr><tr class="successful label"><th class="context-label">a sequence of documents</th><th class="nobr">passed:1 / pending:0 / failed:0 / errors:0 / total:1</th></tr><tr class="successful label"><td class="test-label">The custom 'count' step should be successful.</td><td>Success</td></tr></tbody></table></div><h2>Execution log</h2><table><thead><tr><th>Time</th><th>Severity</th><th>Message</th></tr></thead><tbody><tr style=""><td>0.000</td><td style="padding-left:0%;">INFO</td><td><code><pre>#### file:/home/jostein/xprocspec/xprocspec/src/test/xprocspec/tests/expect-1.xprocspec ####</pre></code></td></tr><tr style=""><td>0.005</td><td style="padding-left:0%;">INFO</td><td><code><pre> * temporary directory: file:/tmp/xprocspec-20131202143557583/</pre></code></td></tr><tr style=""><td>0.010</td><td style="padding-left:0%;">INFO</td><td><code><pre>preprocessing...</pre></code></td></tr><tr style=""><td>0.026</td><td style="padding-left:0%;">INFO</td><td><code><pre> * checking for imports</pre></code></td></tr><tr style=""><td>0.032</td><td style="padding-left:0%;">INFO</td><td><code><pre> * checking file:/home/jostein/xprocspec/xprocspec/src/test/xprocspec/tests/expect-1.xprocspec for imports</pre></code></td></tr><tr style=""><td>0.038</td><td style="padding-left:0%;">INFO</td><td><code><pre> * extracting step declarations from file:/home/jostein/xprocspec/xprocspec/src/test/xprocspec/steps/identity.xpl</pre></code></td></tr><tr style=""><td>0.044</td><td style="padding-left:0%;">INFO</td><td><code><pre> * tests reference 1 step</pre></code></td></tr><tr style=""><td>0.049</td><td style="padding-left:0%;">INFO</td><td><code><pre>   * step: e:identity</pre></code></td></tr><tr style=""><td>0.055</td><td style="padding-left:0%;">INFO</td><td><code><pre> * trying to load: file:/home/jostein/xprocspec/xprocspec/src/test/xprocspec/steps/identity.xpl</pre></code></td></tr><tr style=""><td>0.062</td><td style="padding-left:0%;">INFO</td><td><code><pre>   * success!</pre></code></td></tr><tr style=""><td>0.070</td><td style="padding-left:0%;">INFO</td><td><code><pre> * trying to extract the step declaration for {http://example.net/ns}identity from file:/home/jostein/xprocspec/xprocspec/src/test/xprocspec/steps/identity.xpl</pre></code></td></tr><tr style=""><td>0.083</td><td style="padding-left:0%;">INFO</td><td><code><pre> * creating a new x:description document for each x:scenario element with inferred inputs, options and parameters</pre></code></td></tr><tr style=""><td>0.102</td><td style="padding-left:0%;">INFO</td><td><code><pre> * validating output grammar</pre></code></td></tr><tr style=""><td>0.110</td><td style="padding-left:0%;">INFO</td><td><code><pre>compiling...</pre></code></td></tr><tr style=""><td>0.118</td><td style="padding-left:0%;">INFO</td><td><code><pre> * created directory using Calabash's cxf:mkdir</pre></code></td></tr><tr style=""><td>0.124</td><td style="padding-left:0%;">INFO</td><td><code><pre> * converting test 'test1' to XProc</pre></code></td></tr><tr style=""><td>0.140</td><td style="padding-left:0%;">INFO</td><td><code><pre>   * done</pre></code></td></tr><tr style=""><td>0.147</td><td style="padding-left:0%;">INFO</td><td><code><pre> * validating output grammar for file:/home/jostein/xprocspec/xprocspec/src/test/xprocspec/tests/expect-1.xprocspec</pre></code></td></tr><tr style=""><td>0.155</td><td style="padding-left:0%;">INFO</td><td><code><pre>   * done!</pre></code></td></tr><tr style=""><td>0.162</td><td style="padding-left:0%;">INFO</td><td><code><pre> * using as temporary directory: file:/tmp/xprocspec-20131202143557583/xprocspec-20131202143614533/</pre></code></td></tr><tr style=""><td>0.168</td><td style="padding-left:0%;">INFO</td><td><code><pre>storing...</pre></code></td></tr><tr style=""><td>0.177</td><td style="padding-left:0%;">INFO</td><td><code><pre>running...</pre></code></td></tr><tr style=""><td>0.185</td><td style="padding-left:0%;">INFO</td><td><code><pre>   * loading 'file:/tmp/xprocspec-20131202143557583/test1.xpl'</pre></code></td></tr><tr style=""><td>0.243</td><td style="padding-left:0%;">INFO</td><td><code><pre>evaluating...</pre></code></td></tr><tr style=""><td>0.255</td><td style="padding-left:0%;">INFO</td><td><code><pre> * evaluating scenario 'identity - base-uri' (file:/home/jostein/xprocspec/xprocspec/src/test/xprocspec/tests/expect-1.xprocspec)</pre></code></td></tr><tr style=""><td>0.263</td><td style="padding-left:0%;">INFO</td><td><code><pre>   * resolving x:document elements...</pre></code></td></tr><tr style=""><td>0.273</td><td style="padding-left:0%;">INFO</td><td><code><pre>    * no errors occured</pre></code></td></tr><tr style=""><td>0.466</td><td style="padding-left:0%;">INFO</td><td><code><pre>   * grouping x:expect elements with their x:context...</pre></code></td></tr><tr style=""><td>0.476</td><td style="padding-left:0%;">INFO</td><td><code><pre>   * evaluating each context/expect group...</pre></code></td></tr><tr style=""><td>0.483</td><td style="padding-left:0%;">INFO</td><td><code><pre>     * setting context to 'errors'</pre></code></td></tr><tr style=""><td>0.491</td><td style="padding-left:0%;">INFO</td><td><code><pre>       * testing assertion 'the step should execute successfully without throwing any errors'</pre></code></td></tr><tr style=""><td>0.498</td><td style="padding-left:0%;">INFO</td><td><code><pre>         * is document count assertion</pre></code></td></tr><tr style=""><td>0.506</td><td style="padding-left:0%;">INFO</td><td><code><pre>         * assertion passed</pre></code></td></tr><tr style=""><td>0.515</td><td style="padding-left:0%;">INFO</td><td><code><pre>     * setting context to 'empty sequence'</pre></code></td></tr><tr style=""><td>0.523</td><td style="padding-left:0%;">INFO</td><td><code><pre>       * testing assertion 'test='false()' against a empty sequence should succeed'</pre></code></td></tr><tr style=""><td>0.532</td><td style="padding-left:0%;">INFO</td><td><code><pre>         * is xpath assertion</pre></code></td></tr><tr style=""><td>0.539</td><td style="padding-left:0%;">INFO</td><td><code><pre>         * no documents in context =&gt; xpath assertion can't fail</pre></code></td></tr><tr style=""><td>0.550</td><td style="padding-left:0%;">INFO</td><td><code><pre>       * testing assertion 'compare two empty sequences'</pre></code></td></tr><tr style=""><td>0.557</td><td style="padding-left:0%;">INFO</td><td><code><pre>         * is document comparison</pre></code></td></tr><tr style=""><td>0.567</td><td style="padding-left:0%;">INFO</td><td><code><pre>         * assertion passed</pre></code></td></tr><tr style=""><td>0.575</td><td style="padding-left:0%;">INFO</td><td><code><pre>       * testing assertion 'the empty sequence contains at most 0 documents'</pre></code></td></tr><tr style=""><td>0.583</td><td style="padding-left:0%;">INFO</td><td><code><pre>         * is document count assertion</pre></code></td></tr><tr style=""><td>0.590</td><td style="padding-left:0%;">INFO</td><td><code><pre>         * assertion passed</pre></code></td></tr><tr style=""><td>0.599</td><td style="padding-left:0%;">INFO</td><td><code><pre>     * setting context to 'one document'</pre></code></td></tr><tr style=""><td>0.607</td><td style="padding-left:0%;">INFO</td><td><code><pre>       * testing assertion 'compare two single documents'</pre></code></td></tr><tr style=""><td>0.615</td><td style="padding-left:0%;">INFO</td><td><code><pre>         * is document comparison</pre></code></td></tr><tr style=""><td>0.624</td><td style="padding-left:0%;">INFO</td><td><code><pre>         * assertion passed</pre></code></td></tr><tr style=""><td>0.633</td><td style="padding-left:0%;">INFO</td><td><code><pre>       * testing assertion 'a sequence of one document contains between 1 and 10 documents'</pre></code></td></tr><tr style=""><td>0.641</td><td style="padding-left:0%;">INFO</td><td><code><pre>         * is document count assertion</pre></code></td></tr><tr style=""><td>0.649</td><td style="padding-left:0%;">INFO</td><td><code><pre>         * assertion passed</pre></code></td></tr><tr style=""><td>0.658</td><td style="padding-left:0%;">INFO</td><td><code><pre>       * testing assertion 'a sequence of one document contains between 0 and 1 document'</pre></code></td></tr><tr style=""><td>0.667</td><td style="padding-left:0%;">INFO</td><td><code><pre>         * is document count assertion</pre></code></td></tr><tr style=""><td>0.675</td><td style="padding-left:0%;">INFO</td><td><code><pre>         * assertion passed</pre></code></td></tr><tr style=""><td>0.685</td><td style="padding-left:0%;">INFO</td><td><code><pre>       * testing assertion 'a sequence of one document contains between 1 and 1 document'</pre></code></td></tr><tr style=""><td>0.693</td><td style="padding-left:0%;">INFO</td><td><code><pre>         * is document count assertion</pre></code></td></tr><tr style=""><td>0.702</td><td style="padding-left:0%;">INFO</td><td><code><pre>         * assertion passed</pre></code></td></tr><tr style=""><td>0.711</td><td style="padding-left:0%;">INFO</td><td><code><pre>     * setting context to 'two documents'</pre></code></td></tr><tr style=""><td>0.720</td><td style="padding-left:0%;">INFO</td><td><code><pre>       * testing assertion 'test='/*' against a sequence of two documents should succeed'</pre></code></td></tr><tr style=""><td>0.730</td><td style="padding-left:0%;">INFO</td><td><code><pre>         * is xpath assertion</pre></code></td></tr><tr style=""><td>0.741</td><td style="padding-left:0%;">INFO</td><td><code><pre>       * testing assertion 'compare two identical sequences of two documents'</pre></code></td></tr><tr style=""><td>0.750</td><td style="padding-left:0%;">INFO</td><td><code><pre>         * is document comparison</pre></code></td></tr><tr style=""><td>0.761</td><td style="padding-left:0%;">INFO</td><td><code><pre>         * assertion passed</pre></code></td></tr><tr style=""><td>0.770</td><td style="padding-left:0%;">INFO</td><td><code><pre>       * testing assertion 'a sequence of two document contains between 2 and 10 documents'</pre></code></td></tr><tr style=""><td>0.779</td><td style="padding-left:0%;">INFO</td><td><code><pre>         * is document count assertion</pre></code></td></tr><tr style=""><td>0.788</td><td style="padding-left:0%;">INFO</td><td><code><pre>         * assertion passed</pre></code></td></tr><tr style=""><td>0.798</td><td style="padding-left:0%;">INFO</td><td><code><pre>       * testing assertion 'a sequence of two document contains between 1 and 2 documents'</pre></code></td></tr><tr style=""><td>0.807</td><td style="padding-left:0%;">INFO</td><td><code><pre>         * is document count assertion</pre></code></td></tr><tr style=""><td>0.816</td><td style="padding-left:0%;">INFO</td><td><code><pre>         * assertion passed</pre></code></td></tr><tr style=""><td>0.827</td><td style="padding-left:0%;">INFO</td><td><code><pre>       * testing assertion 'a sequence of two document contains between 2 and 2 documents'</pre></code></td></tr><tr style=""><td>0.836</td><td style="padding-left:0%;">INFO</td><td><code><pre>         * is document count assertion</pre></code></td></tr><tr style=""><td>0.846</td><td style="padding-left:0%;">INFO</td><td><code><pre>         * assertion passed</pre></code></td></tr><tr style=""><td>0.856</td><td style="padding-left:0%;">INFO</td><td><code><pre>       * testing assertion 'a sequence of two document contains at least 1 document'</pre></code></td></tr><tr style=""><td>0.866</td><td style="padding-left:0%;">INFO</td><td><code><pre>         * is document count assertion</pre></code></td></tr><tr style=""><td>0.875</td><td style="padding-left:0%;">INFO</td><td><code><pre>         * assertion passed</pre></code></td></tr><tr style=""><td>0.886</td><td style="padding-left:0%;">INFO</td><td><code><pre>     * setting context to 'single document with text node'</pre></code></td></tr><tr style=""><td>0.896</td><td style="padding-left:0%;">INFO</td><td><code><pre>       * testing assertion 'by default, text nodes should be normalized'</pre></code></td></tr><tr style=""><td>0.905</td><td style="padding-left:0%;">INFO</td><td><code><pre>         * is document comparison</pre></code></td></tr><tr style=""><td>0.917</td><td style="padding-left:0%;">INFO</td><td><code><pre>         * assertion passed</pre></code></td></tr><tr style=""><td>0.927</td><td style="padding-left:0%;">INFO</td><td><code><pre>       * testing assertion 'if normalize-space is false, then text nodes should *not* be normalized'</pre></code></td></tr><tr style=""><td>0.937</td><td style="padding-left:0%;">INFO</td><td><code><pre>         * is document comparison</pre></code></td></tr><tr style=""><td>0.949</td><td style="padding-left:0%;">INFO</td><td><code><pre>         * assertion passed</pre></code></td></tr><tr style=""><td>0.959</td><td style="padding-left:0%;">INFO</td><td><code><pre>     * setting context to 'a sequence of documents'</pre></code></td></tr><tr style=""><td>0.969</td><td style="padding-left:0%;">INFO</td><td><code><pre>       * testing assertion 'The custom 'count' step should be successful.'</pre></code></td></tr><tr style=""><td>1.013</td><td style="padding-left:0%;">INFO</td><td><code><pre>reporting...</pre></code></td></tr></tbody></table><link rel="stylesheet" href="http://yandex.st/highlightjs/7.3/styles/default.min.css"/><script type="text/javascript" src="http://yandex.st/highlightjs/7.3/highlight.min.js" xml:space="preserve"> </script><script type="text/javascript">hljs.initHighlightingOnLoad();</script></body></html></x:document></x:output><x:output port="junit"><x:document xml:base="file:/home/jostein/xprocspec/xprocspec/src/main/resources/content/xml/xproc/report/report.xpl" xml:space="preserve" type="inline"><testsuites tests="17" failures="0" time="1.024" errors="0" name="expect1"><testsuite timestamp="2013-12-02T13:36:15.457Z" hostname="localhost" tests="17" errors="0" failures="0" skipped="0" id="d33501e1" name="identityBaseuri" package="http://example.net/ns" time="0.008">
<properties>

<property name="option: option.required" value="option"/>

</properties>
<testcase name="theStepShouldExecuteSuccessfullyWithoutThrowingAnyErrors" classname="identity" assertions="1" time="0" status="SUCCESS"><system-out>the step should execute successfully without throwing any errors: SUCCESS</system-out>
<system-err/></testcase><testcase name="test=falseAgainstAEmptySequenceShouldSucceed" classname="identity" assertions="1" time="0" status="SUCCESS"><system-out>test='false()' against a empty sequence should succeed: SUCCESS</system-out>
<system-err/></testcase><testcase name="compareTwoEmptySequences" classname="identity" assertions="1" time="0" status="SUCCESS"><system-out>compare two empty sequences: SUCCESS</system-out>
<system-err/></testcase><testcase name="theEmptySequenceContainsAtMost0Documents" classname="identity" assertions="1" time="0" status="SUCCESS"><system-out>the empty sequence contains at most 0 documents: SUCCESS</system-out>
<system-err/></testcase><testcase name="compareTwoSingleDocuments" classname="identity" assertions="1" time="0" status="SUCCESS"><system-out>compare two single documents: SUCCESS</system-out>
<system-err/></testcase><testcase name="aSequenceOfOneDocumentContainsBetween1And10Documents" classname="identity" assertions="1" time="0" status="SUCCESS"><system-out>a sequence of one document contains between 1 and 10 documents: SUCCESS</system-out>
<system-err/></testcase><testcase name="aSequenceOfOneDocumentContainsBetween0And1Document" classname="identity" assertions="1" time="0" status="SUCCESS"><system-out>a sequence of one document contains between 0 and 1 document: SUCCESS</system-out>
<system-err/></testcase><testcase name="aSequenceOfOneDocumentContainsBetween1And1Document" classname="identity" assertions="1" time="0" status="SUCCESS"><system-out>a sequence of one document contains between 1 and 1 document: SUCCESS</system-out>
<system-err/></testcase><testcase name="test=AgainstASequenceOfTwoDocumentsShouldSucceed" classname="identity" assertions="1" time="0" status="SUCCESS"><system-out>test='/*' against a sequence of two documents should succeed: SUCCESS</system-out>
<system-err/></testcase><testcase name="compareTwoIdenticalSequencesOfTwoDocuments" classname="identity" assertions="1" time="0" status="SUCCESS"><system-out>compare two identical sequences of two documents: SUCCESS</system-out>
<system-err/></testcase><testcase name="aSequenceOfTwoDocumentContainsBetween2And10Documents" classname="identity" assertions="1" time="0" status="SUCCESS"><system-out>a sequence of two document contains between 2 and 10 documents: SUCCESS</system-out>
<system-err/></testcase><testcase name="aSequenceOfTwoDocumentContainsBetween1And2Documents" classname="identity" assertions="1" time="0" status="SUCCESS"><system-out>a sequence of two document contains between 1 and 2 documents: SUCCESS</system-out>
<system-err/></testcase><testcase name="aSequenceOfTwoDocumentContainsBetween2And2Documents" classname="identity" assertions="1" time="0" status="SUCCESS"><system-out>a sequence of two document contains between 2 and 2 documents: SUCCESS</system-out>
<system-err/></testcase><testcase name="aSequenceOfTwoDocumentContainsAtLeast1Document" classname="identity" assertions="1" time="0" status="SUCCESS"><system-out>a sequence of two document contains at least 1 document: SUCCESS</system-out>
<system-err/></testcase><testcase name="byDefaultTextNodesShouldBeNormalized" classname="identity" assertions="1" time="0" status="SUCCESS"><system-out>by default, text nodes should be normalized: SUCCESS</system-out>
<system-err/></testcase><testcase name="ifNormalizespaceIsFalseThenTextNodesShouldNotBeNormalized" classname="identity" assertions="1" time="0" status="SUCCESS"><system-out>if normalize-space is false, then text nodes should *not* be normalized: SUCCESS</system-out>
<system-err/></testcase><testcase name="TheCustomCountStepShouldBeSuccessful" classname="identity" assertions="1" time="0" status="SUCCESS"><system-out>The custom 'count' step should be successful.: SUCCESS</system-out>
<system-err/></testcase></testsuite></testsuites></x:document></x:output><x:test-result type="count" label="the step should execute successfully without throwing any errors" max="0" contextref="errors" result="passed">
                                                        <x:expected>At most 0 documents.</x:expected>
                                                    <x:was>0</x:was></x:test-result><x:test-result label="there should be at least one test, and none of the tests should fail" type="xpath" test="not(/*/@tests='0') and /*/@failures='0' and /*/@errors='0'" contextref="context14" result="passed"><x:expected xml:space="preserve">XPath: true()
Value: true</x:expected><x:was xml:space="preserve">XPath: not(/*/@tests='0') and /*/@failures='0' and /*/@errors='0'
Value: true</x:was></x:test-result></x:description><x:description xmlns:cx="http://xmlcalabash.com/ns/extensions" xmlns:c="http://www.w3.org/ns/xproc-step" xml:base="file:/home/jostein/xprocspec/xprocspec/src/test/xprocspec/test.xprocspec" test-base-uri="file:/home/jostein/xprocspec/xprocspec/src/test/xprocspec/test.xprocspec" script="file:/home/jostein/xprocspec/xprocspec/src/main/resources/content/xml/xproc/xprocspec.xpl" test-grammar="xprocspec" temp-dir="file:/tmp/xprocspec-20131202143557583/"><x:step-declaration><p:declare-step xmlns:p="http://www.w3.org/ns/xproc" xmlns:px="http://www.daisy.org/ns/xprocspec" xmlns:pxi="http://www.daisy.org/ns/xprocspec/xproc-internal/" xmlns:pkg="http://expath.org/ns/pkg" type="px:xprocspec" name="main" version="1.0" xpath-version="2.0" pkg:import-uri="http://www.daisy.org/ns/xprocspec/xprocspec.xpl" x:type="{http://www.daisy.org/ns/xprocspec}xprocspec"><p:input port="source" kind="document" sequence="false" primary="true"/><p:output port="result" kind="document" sequence="false" primary="false"><p:pipe port="result" step="report"/></p:output><p:output port="html" kind="document" sequence="false" primary="false"><p:pipe port="html" step="report"/></p:output><p:output port="junit" kind="document" sequence="false" primary="false"><p:pipe port="junit" step="report"/></p:output><p:option name="temp-dir" select="'file:/tmp/'"/><p:option name="step-available-rng" select="'false'"/></p:declare-step></x:step-declaration><x:scenario end-time="2013-12-02T13:36:18Z" label="the document element - all the different types except 'errors'" start-time="2013-12-02T13:36:15.926Z"><x:call x:type="{http://www.daisy.org/ns/xprocspec}xprocspec" step="x:xprocspec"><x:option select="$temp-dir" name="temp-dir" value="file:/tmp/xprocspec-20131202143557583/"/><x:input port="source">
                    <x:document xml:base="file:/home/jostein/xprocspec/xprocspec/src/test/xprocspec/test.xprocspec" xml:space="preserve" type="inline"><?xml-model href="http://www.daisy.org/ns/xprocspec/xprocspec.rng" type="application/xml" schematypens="http://relaxng.org/ns/structure/1.0"?><x:description xmlns:e="http://example.net/ns" script="../steps/identity.xpl">

    <x:scenario label="identity">
        <x:call step="e:identity">
            <x:option name="option.required" select="''"/>
            <x:input port="source.document.secondary.sequence">
                <x:document type="inline">
                    <doc1/>
                </x:document>
                <x:document type="inline">
                    <doc2/>
                </x:document>
            </x:input>
        </x:call>

        <!-- output port -->
        <x:context label="the options">
            <x:document type="port" port="options"/>
        </x:context>
        <x:expect type="count" label="There should be a single document on the options port" min="1" max="1"/>

        <!-- input port -->
        <x:context label="the primary input port">
            <x:document type="port" port="source.document.primary"/>
        </x:context>
        <x:expect type="count" label="There should be a single document on the primary input port" min="1" max="1"/>

        <!-- errors -->
        <x:context label="the errors">
            <x:document type="errors"/>
        </x:context>
        <x:expect type="count" label="There should be no errors" max="0"/>

        <!-- external document -->
        <x:context label="the xprocspec test document">
            <x:document type="file" href="document-1.xprocspec"/>
        </x:context>
        <x:expect type="xpath" label="The loaded document should be itself (x:description as root element)" test="local-name(/*)" equals="'description'"/>

        <!-- inline document -->
        <x:context label="an inline 'test' element">
            <x:document type="inline">
                <test/>
            </x:document>
        </x:context>
        <x:expect type="count" label="There should be one inline document" min="1" max="1"/>
        <x:expect type="xpath" label="The inline document should have a 'test' root element" test="local-name(/*)" equals="'test'"/>
        <x:expect type="xpath" label="The base URI should be that of the xprocspec test document" test="base-uri(/*)" equals="$test-base-uri"/>

        <!-- inline document with base uri -->
        <x:context label="an inline 'test' element with base-uri set to 'temp-dir'">
            <x:document type="inline" base-uri="temp-dir">
                <test/>
            </x:document>
        </x:context>
        <x:expect type="xpath" label="The base URI should be that of the temporary directory" test="base-uri(/*)" equals="$temp-dir"/>

        <!-- inline document with base uri and relative xml:base and a relative xml:base on the inline document -->
        <x:context label="an inline 'test' element with base-uri set to 'temp-dir' and the document element having a relative xml:base">
            <x:document type="inline" base-uri="temp-dir">
                <test xml:base="file.xml"/>
            </x:document>
        </x:context>
        <x:expect type="xpath" label="The base URI should be that of the temporary directory" test="base-uri(/*)" equals="resolve-uri('file.xml',$temp-dir)"/>

        <!-- directory listing -->
        <x:context label="the './document-1.resources/' directory; non-recursive">
            <x:document type="directory" href="document-1.resources"/>
        </x:context>
        <x:expect type="compare" label="The directory listing should equal the predefined non-recursive directory listing">
            <x:document type="inline">
                <c:directory name="document-1.resources">
                    <c:file name="html5.html"/>
                    <c:file name="image.png"/>
                    <c:directory name="recursive1"/>
                    <c:directory name="recursive2"/>
                    <c:file name="text.txt"/>
                    <c:file name="xhtml5.html"/>
                    <c:file name="xml.xml"/>
                </c:directory>
            </x:document>
        </x:expect>

        <!-- directory listing (recursive) -->
        <x:context label="the './document-1.resources/' directory; recursive">
            <x:document type="directory" href="document-1.resources" recursive="true"/>
        </x:context>
        <x:expect type="compare" label="The directory listing should equal the predefined recursive directory listing">
            <x:document type="inline">
                <c:directory name="document-1.resources">
                    <c:file name="html5.html"/>
                    <c:file name="image.png"/>
                    <c:directory name="recursive1">
                        <c:file name="file1"/>
                        <c:file name="file2"/>
                        <c:directory name="recursive11">
                            <c:file name="file11"/>
                            <c:file name="file12"/>
                            <c:file name="file13"/>
                        </c:directory>
                        <c:directory name="recursive12">
                            <c:file name="file21"/>
                        </c:directory>
                    </c:directory>
                    <c:directory name="recursive2">
                        <c:file name="file21"/>
                    </c:directory>
                    <c:file name="text.txt"/>
                    <c:file name="xhtml5.html"/>
                    <c:file name="xml.xml"/>
                </c:directory>
            </x:document>
        </x:expect>

        <!-- the position attribute (position=1) -->
        <x:context label="The [doc1,doc2] sequence: position=1">
            <x:document type="port" port="result.document.secondary.sequence" position="1"/>
        </x:context>
        <x:expect label="Should be doc1" type="compare">
            <x:document type="inline">
                <doc1/>
            </x:document>
        </x:expect>

        <!-- the position attribute (position=2) -->
        <x:context label="The [doc1,doc2] sequence: position=2">
            <x:document type="port" port="result.document.secondary.sequence" position="2"/>
        </x:context>
        <x:expect label="Should be doc2" type="compare">
            <x:document type="inline">
                <doc2/>
            </x:document>
        </x:expect>

        <!-- the position attribute (position=all) -->
        <x:context label="The [doc1,doc2] sequence: position=all">
            <x:document type="port" port="result.document.secondary.sequence" position="all"/>
        </x:context>
        <x:expect label="Should be both doc1 and doc2" type="compare">
            <x:document type="inline">
                <doc1/>
            </x:document>
            <x:document type="inline">
                <doc2/>
            </x:document>
        </x:expect>

        <!-- the position attribute (position=last) -->
        <x:context label="The [doc1,doc2] sequence: position=last">
            <x:document type="port" port="result.document.secondary.sequence" position="last"/>
        </x:context>
        <x:expect label="Should be doc2" type="compare">
            <x:document type="inline">
                <doc2/>
            </x:document>
        </x:expect>

        <!-- test loading of text file -->
        <x:context label="A text file">
            <x:document type="file" method="text" href="document-1.resources/text.txt"/>
        </x:context>
        <x:expect label="Should contain the expected text" type="compare">
            <x:document type="inline">
                <c:body>This is a text file.
It has two lines.</c:body>
            </x:document>
        </x:expect>

        <!-- test loading of binary file -->
        <x:context label="A binary file (image file)">
            <x:document type="file" method="binary" href="document-1.resources/image.png"/>
        </x:context>
        <x:expect label="Should contain the expected bytes" type="compare">
            <x:document type="inline">
                <c:body>iVBORw0KGgoAAAANSUhEUgAAAFcAAAASCAYAAAAuXUKzAAAABmJLR0QA/wD/AP+gvaeTAAAACXBI
WXMAAAsTAAALEwEAmpwYAAAAB3RJTUUH3QkEDg4ejhRtkAAAABl0RVh0Q29tbWVudABDcmVhdGVk
IHdpdGggR0lNUFeBDhcAAAQwSURBVFjD7VjPK3xfGH7ujPFryIwUGsOGBRNJ5EcWdiTFMCRWElYW
pOEPsBpLOyNSRBYUjQ2iFJIpZTVTg81s6GIajZFpns/i+3UZc5kx+Man71tn8973Ped5n3vu855z
BQAEAJKIZIIgINrYn24ejwejo6Ow2Wxwu90gCZKyNX6mbv6TF9k+EvvTra+vT6rnZV1yNcZat+JD
b+Hft/s3mM1mAwBsbGwgEAhIdX1ljcJHZOFvMoVCAZIIBoPSZ//VcijtXJ/Ph4GBAWRkZCA1NRVG
oxEXFxdhi7wG8uTz+Xzo7e1FWloaMjIyMDY2FgZmc3MTTU1N0Gg0SE5ORk1NDba3t2WLEQQB9/f3
GBwcRGZmJuLi4uB0OqFUKqFWqyGKYlje7e0tUlJSoFQq4XA43iRKEAQJm0KhkHwvRzQ2Pz+Puro6
aDQaJCQkID8/H2azGR6PJ1RzW1tbwzQoJyeHoii+qz1PPpPJFJY/OTkpG/tyqFQqHh8fy8a1tbWF
aWJ7ezsBcHx8PEzjLBYLAbClpSVi34g03tPcYDDIrq6uN3MNBgM9Hg8lcvPy8ri7u0uv18udnR3m
5uYSAM1mc1TklpWV8fT0lLe3t+zv7ycAlpeXh8SaTCba7Xb6/X66XC4ajUYCYGdnp+ycOp2ONpuN
Xq9Xema32wmA2dnZfHh4kPyPj4/U6/UEwP39/ZibczTkWq1WafMtLy/z6uqKPp+P+/v7rKioIACO
jo4+k7u2thYy4erqKgGwsLAwqoUPDw8ln9vtJgCq1ep3C7y8vCQA6vV62TlXVlZk8+rr6wmAs7Oz
km9paYkAWFtb+6mTTzTkVlZWEgD39vbC8l0uFwGwoKDgmdybm5uQoOvrawJgYmJiVAv7/f6Qz+Z1
bCAQ4MTEBEtLS5mcnBzyGcXHx8vOeX19LUvM7u4uAbCkpETyVVVVyW6S7yD3Nf635O7LyI0Ecmho
KGaNk7OamhoC4ObmJg8ODgiARUVFDAaD305uUlJStNr9NbIQCWR6ejoBcG5ujqIoMhAIUBTFmMld
X18nADY0NLCjo4MAODMzE/UB/zPklpeXEwCPjo4irfE1DS0SSK1WSwBcXV2VGtrL08BHyQ0Ggywu
LqYgCFQqldTpdCEN7jvJnZmZIQBmZWXRarXy/PycPp+Pfr+fDoeDU1NTrK6ufib3qXPHehSLBFLu
6NLS0vKp6+bCwoIUa7FYPnQ1/Qy5JDk4OBi9LNzd3bG3t5darZZqtZrNzc08OzuLaWE5vyiK7O7u
Znp6OjUaDXt6euj1ej9FrtPpJACmpaXR4/H8p+SS5NbWFk0mE3U6HVUqFZOSkmgwGDg8PMyTkxP+
6r8w09PTBMCRkZEfiU/xW/8N3NzcYHFxEQDQ09PzIzHG/UZiX979GxsbUVRU9D+5X2mJiYmoq6uD
1Wr9sRj/AOniXBAMU5s4AAAAAElFTkSuQmCC</c:body>
            </x:document>
        </x:expect>

        <!-- test loading of xhtml5 file -->
        <x:context label="An XHTML5 file (well-formed XML)">
            <x:document type="file" method="html" href="document-1.resources/xhtml5.html"/>
        </x:context>
        <x:expect label="Should contain the expected content" type="compare">
            <x:document type="inline">
                <html xmlns="http://www.w3.org/1999/xhtml">
                    <head>
                        <title>Title</title>
                    </head>
                    <body>
                        <h1>XHTML5</h1>
                        <p>This is an HTML5-file which is well-formed XML.</p>
                    </body>
                </html>
            </x:document>
        </x:expect>

        <!-- test loading of html5 file -->
        <!--<x:pending label="validator.nu html parser required; HTML5 tests are excluded by default since p:step-available cannot be used in a static context (i.e. inside a p:use-when)">-->
            <x:context label="An HTML5 file (not well-formed XML)">
                <x:document type="file" method="html" href="document-1.resources/html5.html"/>
            </x:context>
            <x:expect label="Should contain the expected content" type="compare">
                <x:document type="inline">
                    <html xmlns="http://www.w3.org/1999/xhtml">
                        <head>
                            <title>Title</title>
                        </head>
                        <body>
                            <h1>HTML5</h1>
                            <p>This is a <b><i>HTML5</i></b><i>-file</i> which is *not* well-formed XML.</p>
                        </body>
                    </html>
                </x:document>
            </x:expect>
        <!--</x:pending>-->

        <!-- test using select expression -->
        <x:context label="Portions of an XML document selected using the select attribute">
            <x:document type="inline" select="//span">
                <doc>
                    <span id="1"/>
                    <p>
                        <span id="2"/>
                        <span id="3"/>
                    </p>
                    <span id="4">
                        <span id="5"/>
                    </span>
                </doc>
            </x:document>
        </x:context>
        <x:expect label="There should be a sequence of five spans (id=1,2,3,4,5)" type="compare">
            <x:document type="inline">
                <span id="1"/>
            </x:document>
            <x:document type="inline">
                <span id="2"/>
            </x:document>
            <x:document type="inline">
                <span id="3"/>
            </x:document>
            <x:document type="inline">
                <span id="4">
                    <span id="5"/>
                </span>
            </x:document>
            <x:document type="inline">
                <span id="5"/>
            </x:document>
        </x:expect>

        <!-- test using select expression and named namespace -->
        <x:context xmlns:xyz="asdf" label="Portions of an XML document selected using the select attribute which references a namespace using a namespace prefix">
            <x:document type="inline" select="//xyz:element">
                <doc>
                    <xyz:element/>
                    <xyz:element/>
                </doc>
            </x:document>
        </x:context>
        <x:expect xmlns:xyz="asdf" label="There should be a sequence of two `xyz:element` elements" type="compare">
            <x:document type="inline">
                <xyz:element/>
            </x:document>
            <x:document type="inline">
                <xyz:element/>
            </x:document>
        </x:expect>
        
        <!-- test using select expression and default namespace -->
        <x:context xmlns="asdf" label="Portions of an XML document selected using the select attribute which references a namespace using the default namespace (xmlns='...')">
            <x:document type="inline" select="//element">
                <doc>
                    <element/>
                    <element/>
                </doc>
            </x:document>
        </x:context>
        <x:expect label="There should be a sequence of two `element` elements" type="compare">
            <x:document type="inline">
                <element xmlns="asdf"/>
            </x:document>
            <x:document type="inline">
                <element xmlns="asdf"/>
            </x:document>
        </x:expect>
    </x:scenario>

</x:description></x:document>
                </x:input></x:call>
                                                <x:context label="errors" id="errors">
                                                    
                                                </x:context>
                                            
                                                <x:expect type="count" label="the step should execute successfully without throwing any errors" max="0" contextref="errors"/>
                                            <x:context label="the junit output port" id="context15">
                <x:document xml:base="file:/home/jostein/xprocspec/xprocspec/src/main/resources/content/xml/xproc/report/report.xpl" xml:space="preserve" type="inline"><testsuites tests="22" failures="0" time="1.798" errors="0" name="document1"><testsuite timestamp="2013-12-02T13:36:17.749Z" hostname="localhost" tests="22" errors="0" failures="0" skipped="0" id="d37677e1" name="identity" package="http://example.net/ns" time="0.01">
<properties><property name="input: source.document.secondary.sequence" value="&lt;doc1 xmlns=&#34;&#34; .../&gt; (Base URI: file:/home/jostein/xprocspec/xprocspec/src/test/xprocspec/tests/document-1.xprocspec)&#xA;&lt;doc2 xmlns=&#34;&#34; .../&gt; (Base URI: file:/home/jostein/xprocspec/xprocspec/src/test/xprocspec/tests/document-1.xprocspec)"/>

<property name="option: option.required" value=""/>

</properties>
<testcase name="ThereShouldBeASingleDocumentOnTheOptionsPort" classname="identity" assertions="1" time="0" status="SUCCESS"><system-out>There should be a single document on the options port: SUCCESS</system-out>
<system-err/></testcase><testcase name="ThereShouldBeASingleDocumentOnThePrimaryInputPort" classname="identity" assertions="1" time="0" status="SUCCESS"><system-out>There should be a single document on the primary input port: SUCCESS</system-out>
<system-err/></testcase><testcase name="ThereShouldBeNoErrors" classname="identity" assertions="1" time="0" status="SUCCESS"><system-out>There should be no errors: SUCCESS</system-out>
<system-err/></testcase><testcase name="TheLoadedDocumentShouldBeItselfXdescriptionAsRootElement" classname="identity" assertions="1" time="0" status="SUCCESS"><system-out>The loaded document should be itself (x:description as root element): SUCCESS</system-out>
<system-err/></testcase><testcase name="ThereShouldBeOneInlineDocument" classname="identity" assertions="1" time="0" status="SUCCESS"><system-out>There should be one inline document: SUCCESS</system-out>
<system-err/></testcase><testcase name="TheInlineDocumentShouldHaveATestRootElement" classname="identity" assertions="1" time="0" status="SUCCESS"><system-out>The inline document should have a 'test' root element: SUCCESS</system-out>
<system-err/></testcase><testcase name="TheBaseURIShouldBeThatOfTheXprocspecTestDocument" classname="identity" assertions="1" time="0" status="SUCCESS"><system-out>The base URI should be that of the xprocspec test document: SUCCESS</system-out>
<system-err/></testcase><testcase name="TheBaseURIShouldBeThatOfTheTemporaryDirectory" classname="identity" assertions="1" time="0" status="SUCCESS"><system-out>The base URI should be that of the temporary directory: SUCCESS</system-out>
<system-err/></testcase><testcase name="TheBaseURIShouldBeThatOfTheTemporaryDirectory" classname="identity" assertions="1" time="0" status="SUCCESS"><system-out>The base URI should be that of the temporary directory: SUCCESS</system-out>
<system-err/></testcase><testcase name="TheDirectoryListingShouldEqualThePredefinedNonrecursiveDirectoryListing" classname="identity" assertions="1" time="0" status="SUCCESS"><system-out>The directory listing should equal the predefined non-recursive directory listing: SUCCESS</system-out>
<system-err/></testcase><testcase name="TheDirectoryListingShouldEqualThePredefinedRecursiveDirectoryListing" classname="identity" assertions="1" time="0" status="SUCCESS"><system-out>The directory listing should equal the predefined recursive directory listing: SUCCESS</system-out>
<system-err/></testcase><testcase name="ShouldBeDoc1" classname="identity" assertions="1" time="0" status="SUCCESS"><system-out>Should be doc1: SUCCESS</system-out>
<system-err/></testcase><testcase name="ShouldBeDoc2" classname="identity" assertions="1" time="0" status="SUCCESS"><system-out>Should be doc2: SUCCESS</system-out>
<system-err/></testcase><testcase name="ShouldBeBothDoc1AndDoc2" classname="identity" assertions="1" time="0" status="SUCCESS"><system-out>Should be both doc1 and doc2: SUCCESS</system-out>
<system-err/></testcase><testcase name="ShouldBeDoc2" classname="identity" assertions="1" time="0" status="SUCCESS"><system-out>Should be doc2: SUCCESS</system-out>
<system-err/></testcase><testcase name="ShouldContainTheExpectedText" classname="identity" assertions="1" time="0" status="SUCCESS"><system-out>Should contain the expected text: SUCCESS</system-out>
<system-err/></testcase><testcase name="ShouldContainTheExpectedBytes" classname="identity" assertions="1" time="0" status="SUCCESS"><system-out>Should contain the expected bytes: SUCCESS</system-out>
<system-err/></testcase><testcase name="ShouldContainTheExpectedContent" classname="identity" assertions="1" time="0" status="SUCCESS"><system-out>Should contain the expected content: SUCCESS</system-out>
<system-err/></testcase><testcase name="ShouldContainTheExpectedContent" classname="identity" assertions="1" time="0" status="SUCCESS"><system-out>Should contain the expected content: SUCCESS</system-out>
<system-err/></testcase><testcase name="ThereShouldBeASequenceOfFiveSpansId=12345" classname="identity" assertions="1" time="0" status="SUCCESS"><system-out>There should be a sequence of five spans (id=1,2,3,4,5): SUCCESS</system-out>
<system-err/></testcase><testcase name="ThereShouldBeASequenceOfTwo`xyzelement`Elements" classname="identity" assertions="1" time="0" status="SUCCESS"><system-out>There should be a sequence of two `xyz:element` elements: SUCCESS</system-out>
<system-err/></testcase><testcase name="ThereShouldBeASequenceOfTwo`element`Elements" classname="identity" assertions="1" time="0" status="SUCCESS"><system-out>There should be a sequence of two `element` elements: SUCCESS</system-out>
<system-err/></testcase></testsuite></testsuites></x:document>
            </x:context><x:expect label="there should be at least one test, and none of the tests should fail" type="xpath" test="not(/*/@tests='0') and /*/@failures='0' and /*/@errors='0'" contextref="context15"/></x:scenario><x:output port="result"><x:document xml:base="file:/home/jostein/xprocspec/xprocspec/src/main/resources/content/xml/xproc/report/report.xpl" xml:space="preserve" type="inline"><x:test-report><x:description xml:base="file:/home/jostein/xprocspec/xprocspec/src/test/xprocspec/tests/document-1.xprocspec" test-base-uri="file:/home/jostein/xprocspec/xprocspec/src/test/xprocspec/tests/document-1.xprocspec" script="file:/home/jostein/xprocspec/xprocspec/src/test/xprocspec/steps/identity.xpl" test-grammar="xprocspec" temp-dir="file:/tmp/xprocspec-20131202143557583/xprocspec-20131202143616067/"><x:step-declaration><p:declare-step xmlns:p="http://www.w3.org/ns/xproc" xmlns:ex="http://example.net/ns" name="main" type="ex:identity" version="1.0" x:type="{http://example.net/ns}identity"><p:input port="source.document.primary" kind="document" primary="true" sequence="false"><p:inline>
            <source.document.primary.default/>
        </p:inline></p:input><p:input port="source.document.secondary.sequence" kind="document" sequence="true" primary="false"><p:inline>
            <source.document.secondary.sequence/>
        </p:inline></p:input><p:input select="/*/*" port="source.document.secondary.select-children" kind="document" sequence="true" primary="false"><p:inline>
            <default>
                <default/>
                <default/>
            </default>
        </p:inline></p:input><p:input port="source.parameter.primary.sequence" primary="true" kind="parameter" sequence="true"/><p:output port="result.document.primary" kind="document" primary="true" sequence="false"><p:pipe port="source.document.primary" step="main"/></p:output><p:output port="result.document.secondary.sequence" kind="document" sequence="true" primary="false"><p:pipe port="source.document.secondary.sequence" step="main"/></p:output><p:output port="result.document.secondary.select-children" kind="document" sequence="true" primary="false"><p:pipe port="source.document.secondary.select-children" step="main"/></p:output><p:output port="result.parameter.primary" kind="document" sequence="false" primary="false"><p:pipe port="result" step="parameters"/></p:output><p:output port="options" kind="document" sequence="false" primary="false"><p:pipe port="result" step="options"/></p:output><p:option name="option"/><p:option name="option.required" required="true"/><p:option name="option.default" select="'default'"/></p:declare-step></x:step-declaration><x:scenario xmlns:e="http://example.net/ns" end-time="2013-12-02T13:36:16.309Z" label="identity" start-time="2013-12-02T13:36:16.299Z"><x:call x:type="{http://example.net/ns}identity" step="e:identity"><x:option select="''" name="option.required" value=""/><x:input port="source.document.secondary.sequence">
                <x:document xml:base="file:/home/jostein/xprocspec/xprocspec/src/test/xprocspec/tests/document-1.xprocspec" xml:space="preserve" type="inline">
                    <doc1/>
                </x:document>
                <x:document xml:base="file:/home/jostein/xprocspec/xprocspec/src/test/xprocspec/tests/document-1.xprocspec" xml:space="preserve" type="inline">
                    <doc2/>
                </x:document>
            </x:input></x:call><x:context label="the options" id="context0">
            <x:document xml:base="file:/home/jostein/xprocspec/xprocspec/src/test/xprocspec/steps/identity.xpl" xml:space="preserve" type="inline">
                <c:options xmlns:ex="http://example.net/ns">
                    
                    <c:option name="option.required" value=""/>
                    <c:option name="option.default" value="default"/>
                </c:options>
            </x:document>
        </x:context><x:expect type="count" label="There should be a single document on the options port" min="1" max="1" contextref="context0"/><x:context label="the primary input port" id="context1">
            <x:document xmlns:p="http://www.w3.org/ns/xproc" xmlns:ex="http://example.net/ns" xml:base="file:/home/jostein/xprocspec/xprocspec/src/test/xprocspec/tests/document-1.xprocspec" xml:space="preserve" type="inline">
            <source.document.primary.default/>
        </x:document>
        </x:context><x:expect type="count" label="There should be a single document on the primary input port" min="1" max="1" contextref="context1"/><x:context label="the errors" id="context2">
            
        </x:context><x:expect type="count" label="There should be no errors" max="0" contextref="context2"/><x:context label="the xprocspec test document" id="context3">
            <x:document xml:base="file:/home/jostein/xprocspec/xprocspec/src/test/xprocspec/tests/document-1.xprocspec" xml:space="preserve" type="inline"><?xml-model href="http://www.daisy.org/ns/xprocspec/xprocspec.rng" type="application/xml" schematypens="http://relaxng.org/ns/structure/1.0"?><x:description script="../steps/identity.xpl">

    <x:scenario label="identity">
        <x:call step="e:identity">
            <x:option select="''" name="option.required" value=""/>
            <x:input port="source.document.secondary.sequence">
                <x:document type="inline">
                    <doc1/>
                </x:document>
                <x:document type="inline">
                    <doc2/>
                </x:document>
            </x:input>
        </x:call>

        <!-- output port -->
        <x:context label="the options">
            <x:document type="port" port="options"/>
        </x:context>
        <x:expect type="count" label="There should be a single document on the options port" min="1" max="1"/>

        <!-- input port -->
        <x:context label="the primary input port">
            <x:document type="port" port="source.document.primary"/>
        </x:context>
        <x:expect type="count" label="There should be a single document on the primary input port" min="1" max="1"/>

        <!-- errors -->
        <x:context label="the errors">
            <x:document type="errors"/>
        </x:context>
        <x:expect type="count" label="There should be no errors" max="0"/>

        <!-- external document -->
        <x:context label="the xprocspec test document">
            <x:document type="file" href="document-1.xprocspec"/>
        </x:context>
        <x:expect type="xpath" label="The loaded document should be itself (x:description as root element)" test="local-name(/*)" equals="'description'"/>

        <!-- inline document -->
        <x:context label="an inline 'test' element">
            <x:document type="inline">
                <test/>
            </x:document>
        </x:context>
        <x:expect type="count" label="There should be one inline document" min="1" max="1"/>
        <x:expect type="xpath" label="The inline document should have a 'test' root element" test="local-name(/*)" equals="'test'"/>
        <x:expect type="xpath" label="The base URI should be that of the xprocspec test document" test="base-uri(/*)" equals="$test-base-uri"/>

        <!-- inline document with base uri -->
        <x:context label="an inline 'test' element with base-uri set to 'temp-dir'">
            <x:document type="inline" base-uri="temp-dir">
                <test/>
            </x:document>
        </x:context>
        <x:expect type="xpath" label="The base URI should be that of the temporary directory" test="base-uri(/*)" equals="$temp-dir"/>

        <!-- inline document with base uri and relative xml:base and a relative xml:base on the inline document -->
        <x:context label="an inline 'test' element with base-uri set to 'temp-dir' and the document element having a relative xml:base">
            <x:document type="inline" base-uri="temp-dir">
                <test xml:base="file.xml"/>
            </x:document>
        </x:context>
        <x:expect type="xpath" label="The base URI should be that of the temporary directory" test="base-uri(/*)" equals="resolve-uri('file.xml',$temp-dir)"/>

        <!-- directory listing -->
        <x:context label="the './document-1.resources/' directory; non-recursive">
            <x:document type="directory" href="document-1.resources"/>
        </x:context>
        <x:expect type="compare" label="The directory listing should equal the predefined non-recursive directory listing">
            <x:document type="inline">
                <c:directory name="document-1.resources">
                    <c:file name="html5.html"/>
                    <c:file name="image.png"/>
                    <c:directory name="recursive1"/>
                    <c:directory name="recursive2"/>
                    <c:file name="text.txt"/>
                    <c:file name="xhtml5.html"/>
                    <c:file name="xml.xml"/>
                </c:directory>
            </x:document>
        </x:expect>

        <!-- directory listing (recursive) -->
        <x:context label="the './document-1.resources/' directory; recursive">
            <x:document type="directory" href="document-1.resources" recursive="true"/>
        </x:context>
        <x:expect type="compare" label="The directory listing should equal the predefined recursive directory listing">
            <x:document type="inline">
                <c:directory name="document-1.resources">
                    <c:file name="html5.html"/>
                    <c:file name="image.png"/>
                    <c:directory name="recursive1">
                        <c:file name="file1"/>
                        <c:file name="file2"/>
                        <c:directory name="recursive11">
                            <c:file name="file11"/>
                            <c:file name="file12"/>
                            <c:file name="file13"/>
                        </c:directory>
                        <c:directory name="recursive12">
                            <c:file name="file21"/>
                        </c:directory>
                    </c:directory>
                    <c:directory name="recursive2">
                        <c:file name="file21"/>
                    </c:directory>
                    <c:file name="text.txt"/>
                    <c:file name="xhtml5.html"/>
                    <c:file name="xml.xml"/>
                </c:directory>
            </x:document>
        </x:expect>

        <!-- the position attribute (position=1) -->
        <x:context label="The [doc1,doc2] sequence: position=1">
            <x:document type="port" port="result.document.secondary.sequence" position="1"/>
        </x:context>
        <x:expect label="Should be doc1" type="compare">
            <x:document type="inline">
                <doc1/>
            </x:document>
        </x:expect>

        <!-- the position attribute (position=2) -->
        <x:context label="The [doc1,doc2] sequence: position=2">
            <x:document type="port" port="result.document.secondary.sequence" position="2"/>
        </x:context>
        <x:expect label="Should be doc2" type="compare">
            <x:document type="inline">
                <doc2/>
            </x:document>
        </x:expect>

        <!-- the position attribute (position=all) -->
        <x:context label="The [doc1,doc2] sequence: position=all">
            <x:document type="port" port="result.document.secondary.sequence" position="all"/>
        </x:context>
        <x:expect label="Should be both doc1 and doc2" type="compare">
            <x:document type="inline">
                <doc1/>
            </x:document>
            <x:document type="inline">
                <doc2/>
            </x:document>
        </x:expect>

        <!-- the position attribute (position=last) -->
        <x:context label="The [doc1,doc2] sequence: position=last">
            <x:document type="port" port="result.document.secondary.sequence" position="last"/>
        </x:context>
        <x:expect label="Should be doc2" type="compare">
            <x:document type="inline">
                <doc2/>
            </x:document>
        </x:expect>

        <!-- test loading of text file -->
        <x:context label="A text file">
            <x:document type="file" method="text" href="document-1.resources/text.txt"/>
        </x:context>
        <x:expect label="Should contain the expected text" type="compare">
            <x:document type="inline">
                <c:body>This is a text file.
It has two lines.</c:body>
            </x:document>
        </x:expect>

        <!-- test loading of binary file -->
        <x:context label="A binary file (image file)">
            <x:document type="file" method="binary" href="document-1.resources/image.png"/>
        </x:context>
        <x:expect label="Should contain the expected bytes" type="compare">
            <x:document type="inline">
                <c:body>iVBORw0KGgoAAAANSUhEUgAAAFcAAAASCAYAAAAuXUKzAAAABmJLR0QA/wD/AP+gvaeTAAAACXBI
WXMAAAsTAAALEwEAmpwYAAAAB3RJTUUH3QkEDg4ejhRtkAAAABl0RVh0Q29tbWVudABDcmVhdGVk
IHdpdGggR0lNUFeBDhcAAAQwSURBVFjD7VjPK3xfGH7ujPFryIwUGsOGBRNJ5EcWdiTFMCRWElYW
pOEPsBpLOyNSRBYUjQ2iFJIpZTVTg81s6GIajZFpns/i+3UZc5kx+Man71tn8973Ped5n3vu855z
BQAEAJKIZIIgINrYn24ejwejo6Ow2Wxwu90gCZKyNX6mbv6TF9k+EvvTra+vT6rnZV1yNcZat+JD
b+Hft/s3mM1mAwBsbGwgEAhIdX1ljcJHZOFvMoVCAZIIBoPSZ//VcijtXJ/Ph4GBAWRkZCA1NRVG
oxEXFxdhi7wG8uTz+Xzo7e1FWloaMjIyMDY2FgZmc3MTTU1N0Gg0SE5ORk1NDba3t2WLEQQB9/f3
GBwcRGZmJuLi4uB0OqFUKqFWqyGKYlje7e0tUlJSoFQq4XA43iRKEAQJm0KhkHwvRzQ2Pz+Puro6
aDQaJCQkID8/H2azGR6PJ1RzW1tbwzQoJyeHoii+qz1PPpPJFJY/OTkpG/tyqFQqHh8fy8a1tbWF
aWJ7ezsBcHx8PEzjLBYLAbClpSVi34g03tPcYDDIrq6uN3MNBgM9Hg8lcvPy8ri7u0uv18udnR3m
5uYSAM1mc1TklpWV8fT0lLe3t+zv7ycAlpeXh8SaTCba7Xb6/X66XC4ajUYCYGdnp+ycOp2ONpuN
Xq9Xema32wmA2dnZfHh4kPyPj4/U6/UEwP39/ZibczTkWq1WafMtLy/z6uqKPp+P+/v7rKioIACO
jo4+k7u2thYy4erqKgGwsLAwqoUPDw8ln9vtJgCq1ep3C7y8vCQA6vV62TlXVlZk8+rr6wmAs7Oz
km9paYkAWFtb+6mTTzTkVlZWEgD39vbC8l0uFwGwoKDgmdybm5uQoOvrawJgYmJiVAv7/f6Qz+Z1
bCAQ4MTEBEtLS5mcnBzyGcXHx8vOeX19LUvM7u4uAbCkpETyVVVVyW6S7yD3Nf635O7LyI0Ecmho
KGaNk7OamhoC4ObmJg8ODgiARUVFDAaD305uUlJStNr9NbIQCWR6ejoBcG5ujqIoMhAIUBTFmMld
X18nADY0NLCjo4MAODMzE/UB/zPklpeXEwCPjo4irfE1DS0SSK1WSwBcXV2VGtrL08BHyQ0Ggywu
LqYgCFQqldTpdCEN7jvJnZmZIQBmZWXRarXy/PycPp+Pfr+fDoeDU1NTrK6ufib3qXPHehSLBFLu
6NLS0vKp6+bCwoIUa7FYPnQ1/Qy5JDk4OBi9LNzd3bG3t5darZZqtZrNzc08OzuLaWE5vyiK7O7u
Znp6OjUaDXt6euj1ej9FrtPpJACmpaXR4/H8p+SS5NbWFk0mE3U6HVUqFZOSkmgwGDg8PMyTkxP+
6r8w09PTBMCRkZEfiU/xW/8N3NzcYHFxEQDQ09PzIzHG/UZiX979GxsbUVRU9D+5X2mJiYmoq6uD
1Wr9sRj/AOniXBAMU5s4AAAAAElFTkSuQmCC</c:body>
            </x:document>
        </x:expect>

        <!-- test loading of xhtml5 file -->
        <x:context label="An XHTML5 file (well-formed XML)">
            <x:document type="file" method="html" href="document-1.resources/xhtml5.html"/>
        </x:context>
        <x:expect label="Should contain the expected content" type="compare">
            <x:document type="inline">
                <html xmlns="http://www.w3.org/1999/xhtml">
                    <head>
                        <title>Title</title>
                    </head>
                    <body>
                        <h1>XHTML5</h1>
                        <p>This is an HTML5-file which is well-formed XML.</p>
                    </body>
                </html>
            </x:document>
        </x:expect>

        <!-- test loading of html5 file -->
        <!--<x:pending label="validator.nu html parser required; HTML5 tests are excluded by default since p:step-available cannot be used in a static context (i.e. inside a p:use-when)">-->
            <x:context label="An HTML5 file (not well-formed XML)">
                <x:document type="file" method="html" href="document-1.resources/html5.html"/>
            </x:context>
            <x:expect label="Should contain the expected content" type="compare">
                <x:document type="inline">
                    <html xmlns="http://www.w3.org/1999/xhtml">
                        <head>
                            <title>Title</title>
                        </head>
                        <body>
                            <h1>HTML5</h1>
                            <p>This is a <b><i>HTML5</i></b><i>-file</i> which is *not* well-formed XML.</p>
                        </body>
                    </html>
                </x:document>
            </x:expect>
        <!--</x:pending>-->

        <!-- test using select expression -->
        <x:context label="Portions of an XML document selected using the select attribute">
            <x:document type="inline" select="//span">
                <doc>
                    <span id="1"/>
                    <p>
                        <span id="2"/>
                        <span id="3"/>
                    </p>
                    <span id="4">
                        <span id="5"/>
                    </span>
                </doc>
            </x:document>
        </x:context>
        <x:expect label="There should be a sequence of five spans (id=1,2,3,4,5)" type="compare">
            <x:document type="inline">
                <span id="1"/>
            </x:document>
            <x:document type="inline">
                <span id="2"/>
            </x:document>
            <x:document type="inline">
                <span id="3"/>
            </x:document>
            <x:document type="inline">
                <span id="4">
                    <span id="5"/>
                </span>
            </x:document>
            <x:document type="inline">
                <span id="5"/>
            </x:document>
        </x:expect>

        <!-- test using select expression and named namespace -->
        <x:context xmlns:xyz="asdf" label="Portions of an XML document selected using the select attribute which references a namespace using a namespace prefix">
            <x:document type="inline" select="//xyz:element">
                <doc>
                    <xyz:element/>
                    <xyz:element/>
                </doc>
            </x:document>
        </x:context>
        <x:expect xmlns:xyz="asdf" label="There should be a sequence of two `xyz:element` elements" type="compare">
            <x:document type="inline">
                <xyz:element/>
            </x:document>
            <x:document type="inline">
                <xyz:element/>
            </x:document>
        </x:expect>
        
        <!-- test using select expression and default namespace -->
        <x:context xmlns="asdf" label="Portions of an XML document selected using the select attribute which references a namespace using the default namespace (xmlns='...')">
            <x:document type="inline" select="//element">
                <doc>
                    <element/>
                    <element/>
                </doc>
            </x:document>
        </x:context>
        <x:expect label="There should be a sequence of two `element` elements" type="compare">
            <x:document type="inline">
                <element xmlns="asdf"/>
            </x:document>
            <x:document type="inline">
                <element xmlns="asdf"/>
            </x:document>
        </x:expect>
    </x:scenario>

</x:description></x:document>
        </x:context><x:expect type="xpath" label="The loaded document should be itself (x:description as root element)" test="local-name(/*)" equals="'description'" contextref="context3"/><x:context label="an inline 'test' element" id="context4">
            <x:document xml:base="file:/home/jostein/xprocspec/xprocspec/src/test/xprocspec/tests/document-1.xprocspec" xml:space="preserve" type="inline">
                <test/>
            </x:document>
        </x:context><x:expect type="count" label="There should be one inline document" min="1" max="1" contextref="context4"/><x:expect type="xpath" label="The inline document should have a 'test' root element" test="local-name(/*)" equals="'test'" contextref="context4"/><x:expect type="xpath" label="The base URI should be that of the xprocspec test document" test="base-uri(/*)" equals="$test-base-uri" contextref="context4"/><x:context label="an inline 'test' element with base-uri set to 'temp-dir'" id="context5">
            <x:document xml:base="file:/tmp/xprocspec-20131202143557583/xprocspec-20131202143616067/" base-uri="temp-dir" xml:space="preserve" type="inline">
                <test/>
            </x:document>
        </x:context><x:expect type="xpath" label="The base URI should be that of the temporary directory" test="base-uri(/*)" equals="$temp-dir" contextref="context5"/><x:context label="an inline 'test' element with base-uri set to 'temp-dir' and the document element having a relative xml:base" id="context6">
            <x:document xml:base="file:/tmp/xprocspec-20131202143557583/xprocspec-20131202143616067/" base-uri="temp-dir" xml:space="preserve" type="inline">
                <test xml:base="file.xml"/>
            </x:document>
        </x:context><x:expect type="xpath" label="The base URI should be that of the temporary directory" test="base-uri(/*)" equals="resolve-uri('file.xml',$temp-dir)" contextref="context6"/><x:context label="the './document-1.resources/' directory; non-recursive" id="context7">
            <x:document xml:base="file:/home/jostein/xprocspec/xprocspec/src/test/xprocspec/tests/document-1.resources" xml:space="preserve" type="inline"><c:directory name="document-1.resources">
    <c:file name="html5.html"/>
    <c:file name="image.png"/>
    <c:directory name="recursive1"/>
    <c:directory name="recursive2"/>
    <c:file name="text.txt"/>
    <c:file name="xhtml5.html"/>
    <c:file name="xml.xml"/>
</c:directory></x:document>
        </x:context><x:expect type="compare" label="The directory listing should equal the predefined non-recursive directory listing" normalize-space="true" contextref="context7">
            <x:document xml:base="file:/home/jostein/xprocspec/xprocspec/src/test/xprocspec/tests/document-1.xprocspec" xml:space="preserve" type="inline">
                <c:directory name="document-1.resources">
                    <c:file name="html5.html"/>
                    <c:file name="image.png"/>
                    <c:directory name="recursive1"/>
                    <c:directory name="recursive2"/>
                    <c:file name="text.txt"/>
                    <c:file name="xhtml5.html"/>
                    <c:file name="xml.xml"/>
                </c:directory>
            </x:document>
        </x:expect><x:context label="the './document-1.resources/' directory; recursive" id="context8">
            <x:document xml:base="file:/home/jostein/xprocspec/xprocspec/src/test/xprocspec/tests/document-1.resources" xml:space="preserve" type="inline"><c:directory name="document-1.resources">
    <c:file name="html5.html"/>
    <c:file name="image.png"/>
    <c:directory name="recursive1">
        <c:file name="file1"/>
        <c:file name="file2"/>
        <c:directory name="recursive11">
            <c:file name="file11"/>
            <c:file name="file12"/>
            <c:file name="file13"/>
        </c:directory>
        <c:directory name="recursive12">
            <c:file name="file21"/>
        </c:directory>
    </c:directory>
    <c:directory name="recursive2">
        <c:file name="file21"/>
    </c:directory>
    <c:file name="text.txt"/>
    <c:file name="xhtml5.html"/>
    <c:file name="xml.xml"/>
</c:directory></x:document>
        </x:context><x:expect type="compare" label="The directory listing should equal the predefined recursive directory listing" normalize-space="true" contextref="context8">
            <x:document xml:base="file:/home/jostein/xprocspec/xprocspec/src/test/xprocspec/tests/document-1.xprocspec" xml:space="preserve" type="inline">
                <c:directory name="document-1.resources">
                    <c:file name="html5.html"/>
                    <c:file name="image.png"/>
                    <c:directory name="recursive1">
                        <c:file name="file1"/>
                        <c:file name="file2"/>
                        <c:directory name="recursive11">
                            <c:file name="file11"/>
                            <c:file name="file12"/>
                            <c:file name="file13"/>
                        </c:directory>
                        <c:directory name="recursive12">
                            <c:file name="file21"/>
                        </c:directory>
                    </c:directory>
                    <c:directory name="recursive2">
                        <c:file name="file21"/>
                    </c:directory>
                    <c:file name="text.txt"/>
                    <c:file name="xhtml5.html"/>
                    <c:file name="xml.xml"/>
                </c:directory>
            </x:document>
        </x:expect><x:context label="The [doc1,doc2] sequence: position=1" id="context9">
            <x:document xml:base="file:/home/jostein/xprocspec/xprocspec/src/test/xprocspec/tests/document-1.xprocspec" xml:space="preserve" type="inline"><doc1 xmlns:ex="http://example.net/ns"/></x:document>
        </x:context><x:expect label="Should be doc1" type="compare" normalize-space="true" contextref="context9">
            <x:document xml:base="file:/home/jostein/xprocspec/xprocspec/src/test/xprocspec/tests/document-1.xprocspec" xml:space="preserve" type="inline">
                <doc1/>
            </x:document>
        </x:expect><x:context label="The [doc1,doc2] sequence: position=2" id="context10">
            <x:document xml:base="file:/home/jostein/xprocspec/xprocspec/src/test/xprocspec/tests/document-1.xprocspec" xml:space="preserve" type="inline"><doc2 xmlns:ex="http://example.net/ns"/></x:document>
        </x:context><x:expect label="Should be doc2" type="compare" normalize-space="true" contextref="context10">
            <x:document xml:base="file:/home/jostein/xprocspec/xprocspec/src/test/xprocspec/tests/document-1.xprocspec" xml:space="preserve" type="inline">
                <doc2/>
            </x:document>
        </x:expect><x:context label="The [doc1,doc2] sequence: position=all" id="context11">
            <x:document xml:base="file:/home/jostein/xprocspec/xprocspec/src/test/xprocspec/tests/document-1.xprocspec" xml:space="preserve" type="inline"><doc1 xmlns:ex="http://example.net/ns"/></x:document><x:document xml:base="file:/home/jostein/xprocspec/xprocspec/src/test/xprocspec/tests/document-1.xprocspec" xml:space="preserve" type="inline"><doc2 xmlns:ex="http://example.net/ns"/></x:document>
        </x:context><x:expect label="Should be both doc1 and doc2" type="compare" normalize-space="true" contextref="context11">
            <x:document xml:base="file:/home/jostein/xprocspec/xprocspec/src/test/xprocspec/tests/document-1.xprocspec" xml:space="preserve" type="inline">
                <doc1/>
            </x:document>
            <x:document xml:base="file:/home/jostein/xprocspec/xprocspec/src/test/xprocspec/tests/document-1.xprocspec" xml:space="preserve" type="inline">
                <doc2/>
            </x:document>
        </x:expect><x:context label="The [doc1,doc2] sequence: position=last" id="context12">
            <x:document xml:base="file:/home/jostein/xprocspec/xprocspec/src/test/xprocspec/tests/document-1.xprocspec" xml:space="preserve" type="inline"><doc2 xmlns:ex="http://example.net/ns"/></x:document>
        </x:context><x:expect label="Should be doc2" type="compare" normalize-space="true" contextref="context12">
            <x:document xml:base="file:/home/jostein/xprocspec/xprocspec/src/test/xprocspec/tests/document-1.xprocspec" xml:space="preserve" type="inline">
                <doc2/>
            </x:document>
        </x:expect><x:context label="A text file" id="context13">
            <x:document xml:base="file:/home/jostein/xprocspec/xprocspec/src/test/xprocspec/tests/document-1.xprocspec" xml:space="preserve" type="inline"><c:body>This is a text file.
It has two lines.
</c:body></x:document>
        </x:context><x:expect label="Should contain the expected text" type="compare" normalize-space="true" contextref="context13">
            <x:document xml:base="file:/home/jostein/xprocspec/xprocspec/src/test/xprocspec/tests/document-1.xprocspec" xml:space="preserve" type="inline">
                <c:body>This is a text file.
It has two lines.</c:body>
            </x:document>
        </x:expect><x:context label="A binary file (image file)" id="context14">
            <x:document xml:base="file:/home/jostein/xprocspec/xprocspec/src/test/xprocspec/tests/document-1.xprocspec" xml:space="preserve" type="inline"><c:body>iVBORw0KGgoAAAANSUhEUgAAAFcAAAASCAYAAAAuXUKzAAAABmJLR0QA/wD/AP+gvaeTAAAACXBI
WXMAAAsTAAALEwEAmpwYAAAAB3RJTUUH3QkEDg4ejhRtkAAAABl0RVh0Q29tbWVudABDcmVhdGVk
IHdpdGggR0lNUFeBDhcAAAQwSURBVFjD7VjPK3xfGH7ujPFryIwUGsOGBRNJ5EcWdiTFMCRWElYW
pOEPsBpLOyNSRBYUjQ2iFJIpZTVTg81s6GIajZFpns/i+3UZc5kx+Man71tn8973Ped5n3vu855z
BQAEAJKIZIIgINrYn24ejwejo6Ow2Wxwu90gCZKyNX6mbv6TF9k+EvvTra+vT6rnZV1yNcZat+JD
b+Hft/s3mM1mAwBsbGwgEAhIdX1ljcJHZOFvMoVCAZIIBoPSZ//VcijtXJ/Ph4GBAWRkZCA1NRVG
oxEXFxdhi7wG8uTz+Xzo7e1FWloaMjIyMDY2FgZmc3MTTU1N0Gg0SE5ORk1NDba3t2WLEQQB9/f3
GBwcRGZmJuLi4uB0OqFUKqFWqyGKYlje7e0tUlJSoFQq4XA43iRKEAQJm0KhkHwvRzQ2Pz+Puro6
aDQaJCQkID8/H2azGR6PJ1RzW1tbwzQoJyeHoii+qz1PPpPJFJY/OTkpG/tyqFQqHh8fy8a1tbWF
aWJ7ezsBcHx8PEzjLBYLAbClpSVi34g03tPcYDDIrq6uN3MNBgM9Hg8lcvPy8ri7u0uv18udnR3m
5uYSAM1mc1TklpWV8fT0lLe3t+zv7ycAlpeXh8SaTCba7Xb6/X66XC4ajUYCYGdnp+ycOp2ONpuN
Xq9Xema32wmA2dnZfHh4kPyPj4/U6/UEwP39/ZibczTkWq1WafMtLy/z6uqKPp+P+/v7rKioIACO
jo4+k7u2thYy4erqKgGwsLAwqoUPDw8ln9vtJgCq1ep3C7y8vCQA6vV62TlXVlZk8+rr6wmAs7Oz
km9paYkAWFtb+6mTTzTkVlZWEgD39vbC8l0uFwGwoKDgmdybm5uQoOvrawJgYmJiVAv7/f6Qz+Z1
bCAQ4MTEBEtLS5mcnBzyGcXHx8vOeX19LUvM7u4uAbCkpETyVVVVyW6S7yD3Nf635O7LyI0Ecmho
KGaNk7OamhoC4ObmJg8ODgiARUVFDAaD305uUlJStNr9NbIQCWR6ejoBcG5ujqIoMhAIUBTFmMld
X18nADY0NLCjo4MAODMzE/UB/zPklpeXEwCPjo4irfE1DS0SSK1WSwBcXV2VGtrL08BHyQ0Ggywu
LqYgCFQqldTpdCEN7jvJnZmZIQBmZWXRarXy/PycPp+Pfr+fDoeDU1NTrK6ufib3qXPHehSLBFLu
6NLS0vKp6+bCwoIUa7FYPnQ1/Qy5JDk4OBi9LNzd3bG3t5darZZqtZrNzc08OzuLaWE5vyiK7O7u
Znp6OjUaDXt6euj1ej9FrtPpJACmpaXR4/H8p+SS5NbWFk0mE3U6HVUqFZOSkmgwGDg8PMyTkxP+
6r8w09PTBMCRkZEfiU/xW/8N3NzcYHFxEQDQ09PzIzHG/UZiX979GxsbUVRU9D+5X2mJiYmoq6uD
1Wr9sRj/AOniXBAMU5s4AAAAAElFTkSuQmCC
</c:body></x:document>
        </x:context><x:expect label="Should contain the expected bytes" type="compare" normalize-space="true" contextref="context14">
            <x:document xml:base="file:/home/jostein/xprocspec/xprocspec/src/test/xprocspec/tests/document-1.xprocspec" xml:space="preserve" type="inline">
                <c:body>iVBORw0KGgoAAAANSUhEUgAAAFcAAAASCAYAAAAuXUKzAAAABmJLR0QA/wD/AP+gvaeTAAAACXBI
WXMAAAsTAAALEwEAmpwYAAAAB3RJTUUH3QkEDg4ejhRtkAAAABl0RVh0Q29tbWVudABDcmVhdGVk
IHdpdGggR0lNUFeBDhcAAAQwSURBVFjD7VjPK3xfGH7ujPFryIwUGsOGBRNJ5EcWdiTFMCRWElYW
pOEPsBpLOyNSRBYUjQ2iFJIpZTVTg81s6GIajZFpns/i+3UZc5kx+Man71tn8973Ped5n3vu855z
BQAEAJKIZIIgINrYn24ejwejo6Ow2Wxwu90gCZKyNX6mbv6TF9k+EvvTra+vT6rnZV1yNcZat+JD
b+Hft/s3mM1mAwBsbGwgEAhIdX1ljcJHZOFvMoVCAZIIBoPSZ//VcijtXJ/Ph4GBAWRkZCA1NRVG
oxEXFxdhi7wG8uTz+Xzo7e1FWloaMjIyMDY2FgZmc3MTTU1N0Gg0SE5ORk1NDba3t2WLEQQB9/f3
GBwcRGZmJuLi4uB0OqFUKqFWqyGKYlje7e0tUlJSoFQq4XA43iRKEAQJm0KhkHwvRzQ2Pz+Puro6
aDQaJCQkID8/H2azGR6PJ1RzW1tbwzQoJyeHoii+qz1PPpPJFJY/OTkpG/tyqFQqHh8fy8a1tbWF
aWJ7ezsBcHx8PEzjLBYLAbClpSVi34g03tPcYDDIrq6uN3MNBgM9Hg8lcvPy8ri7u0uv18udnR3m
5uYSAM1mc1TklpWV8fT0lLe3t+zv7ycAlpeXh8SaTCba7Xb6/X66XC4ajUYCYGdnp+ycOp2ONpuN
Xq9Xema32wmA2dnZfHh4kPyPj4/U6/UEwP39/ZibczTkWq1WafMtLy/z6uqKPp+P+/v7rKioIACO
jo4+k7u2thYy4erqKgGwsLAwqoUPDw8ln9vtJgCq1ep3C7y8vCQA6vV62TlXVlZk8+rr6wmAs7Oz
km9paYkAWFtb+6mTTzTkVlZWEgD39vbC8l0uFwGwoKDgmdybm5uQoOvrawJgYmJiVAv7/f6Qz+Z1
bCAQ4MTEBEtLS5mcnBzyGcXHx8vOeX19LUvM7u4uAbCkpETyVVVVyW6S7yD3Nf635O7LyI0Ecmho
KGaNk7OamhoC4ObmJg8ODgiARUVFDAaD305uUlJStNr9NbIQCWR6ejoBcG5ujqIoMhAIUBTFmMld
X18nADY0NLCjo4MAODMzE/UB/zPklpeXEwCPjo4irfE1DS0SSK1WSwBcXV2VGtrL08BHyQ0Ggywu
LqYgCFQqldTpdCEN7jvJnZmZIQBmZWXRarXy/PycPp+Pfr+fDoeDU1NTrK6ufib3qXPHehSLBFLu
6NLS0vKp6+bCwoIUa7FYPnQ1/Qy5JDk4OBi9LNzd3bG3t5darZZqtZrNzc08OzuLaWE5vyiK7O7u
Znp6OjUaDXt6euj1ej9FrtPpJACmpaXR4/H8p+SS5NbWFk0mE3U6HVUqFZOSkmgwGDg8PMyTkxP+
6r8w09PTBMCRkZEfiU/xW/8N3NzcYHFxEQDQ09PzIzHG/UZiX979GxsbUVRU9D+5X2mJiYmoq6uD
1Wr9sRj/AOniXBAMU5s4AAAAAElFTkSuQmCC</c:body>
            </x:document>
        </x:expect><x:context label="An XHTML5 file (well-formed XML)" id="context15">
            <x:document xml:base="file:/home/jostein/xprocspec/xprocspec/src/test/xprocspec/tests/document-1.xprocspec" xml:space="preserve" type="inline"><html xmlns="http://www.w3.org/1999/xhtml">
    <head>
        <title>Title</title>
    </head>
    <body>
        <h1>XHTML5</h1>
        <p>This is an HTML5-file which is well-formed XML.</p>
    </body>
</html></x:document>
        </x:context><x:expect label="Should contain the expected content" type="compare" normalize-space="true" contextref="context15">
            <x:document xml:base="file:/home/jostein/xprocspec/xprocspec/src/test/xprocspec/tests/document-1.xprocspec" xml:space="preserve" type="inline">
                <html xmlns="http://www.w3.org/1999/xhtml">
                    <head>
                        <title>Title</title>
                    </head>
                    <body>
                        <h1>XHTML5</h1>
                        <p>This is an HTML5-file which is well-formed XML.</p>
                    </body>
                </html>
            </x:document>
        </x:expect><x:context label="An HTML5 file (not well-formed XML)" id="context16">
                <x:document xml:base="file:/home/jostein/xprocspec/xprocspec/src/test/xprocspec/tests/document-1.xprocspec" xml:space="preserve" type="inline"><html xmlns="http://www.w3.org/1999/xhtml"><head>
    <title>Title</title>
</head>
<body>
    <h1>HTML5</h1>
    <p>This is a <b><i>HTML5</i></b><i>-file</i> which is *not* well-formed XML.</p>

</body></html></x:document>
            </x:context><x:expect label="Should contain the expected content" type="compare" normalize-space="true" contextref="context16">
                <x:document xml:base="file:/home/jostein/xprocspec/xprocspec/src/test/xprocspec/tests/document-1.xprocspec" xml:space="preserve" type="inline">
                    <html xmlns="http://www.w3.org/1999/xhtml">
                        <head>
                            <title>Title</title>
                        </head>
                        <body>
                            <h1>HTML5</h1>
                            <p>This is a <b><i>HTML5</i></b><i>-file</i> which is *not* well-formed XML.</p>
                        </body>
                    </html>
                </x:document>
            </x:expect><x:context label="Portions of an XML document selected using the select attribute" id="context17">
            <x:document xml:base="file:/home/jostein/xprocspec/xprocspec/src/test/xprocspec/tests/document-1.xprocspec" xml:space="preserve" type="inline"><span id="1"/></x:document><x:document xml:base="file:/home/jostein/xprocspec/xprocspec/src/test/xprocspec/tests/document-1.xprocspec" xml:space="preserve" type="inline"><span id="2"/></x:document><x:document xml:base="file:/home/jostein/xprocspec/xprocspec/src/test/xprocspec/tests/document-1.xprocspec" xml:space="preserve" type="inline"><span id="3"/></x:document><x:document xml:base="file:/home/jostein/xprocspec/xprocspec/src/test/xprocspec/tests/document-1.xprocspec" xml:space="preserve" type="inline"><span id="4">
                        <span id="5"/>
                    </span></x:document><x:document xml:base="file:/home/jostein/xprocspec/xprocspec/src/test/xprocspec/tests/document-1.xprocspec" xml:space="preserve" type="inline"><span id="5"/></x:document>
        </x:context><x:expect label="There should be a sequence of five spans (id=1,2,3,4,5)" type="compare" normalize-space="true" contextref="context17">
            <x:document xml:base="file:/home/jostein/xprocspec/xprocspec/src/test/xprocspec/tests/document-1.xprocspec" xml:space="preserve" type="inline">
                <span id="1"/>
            </x:document>
            <x:document xml:base="file:/home/jostein/xprocspec/xprocspec/src/test/xprocspec/tests/document-1.xprocspec" xml:space="preserve" type="inline">
                <span id="2"/>
            </x:document>
            <x:document xml:base="file:/home/jostein/xprocspec/xprocspec/src/test/xprocspec/tests/document-1.xprocspec" xml:space="preserve" type="inline">
                <span id="3"/>
            </x:document>
            <x:document xml:base="file:/home/jostein/xprocspec/xprocspec/src/test/xprocspec/tests/document-1.xprocspec" xml:space="preserve" type="inline">
                <span id="4">
                    <span id="5"/>
                </span>
            </x:document>
            <x:document xml:base="file:/home/jostein/xprocspec/xprocspec/src/test/xprocspec/tests/document-1.xprocspec" xml:space="preserve" type="inline">
                <span id="5"/>
            </x:document>
        </x:expect><x:context xmlns:xyz="asdf" label="Portions of an XML document selected using the select attribute which references a namespace using a namespace prefix" id="context18">
            <x:document xml:base="file:/home/jostein/xprocspec/xprocspec/src/test/xprocspec/tests/document-1.xprocspec" xml:space="preserve" type="inline"><xyz:element/></x:document><x:document xml:base="file:/home/jostein/xprocspec/xprocspec/src/test/xprocspec/tests/document-1.xprocspec" xml:space="preserve" type="inline"><xyz:element/></x:document>
        </x:context><x:expect xmlns:xyz="asdf" label="There should be a sequence of two `xyz:element` elements" type="compare" normalize-space="true" contextref="context18">
            <x:document xml:base="file:/home/jostein/xprocspec/xprocspec/src/test/xprocspec/tests/document-1.xprocspec" xml:space="preserve" type="inline">
                <xyz:element/>
            </x:document>
            <x:document xml:base="file:/home/jostein/xprocspec/xprocspec/src/test/xprocspec/tests/document-1.xprocspec" xml:space="preserve" type="inline">
                <xyz:element/>
            </x:document>
        </x:expect><x:context xmlns="asdf" label="Portions of an XML document selected using the select attribute which references a namespace using the default namespace (xmlns='...')" id="context19">
            <x:document xml:base="file:/home/jostein/xprocspec/xprocspec/src/test/xprocspec/tests/document-1.xprocspec" xml:space="preserve" type="inline"><element/></x:document><x:document xml:base="file:/home/jostein/xprocspec/xprocspec/src/test/xprocspec/tests/document-1.xprocspec" xml:space="preserve" type="inline"><element/></x:document>
        </x:context><x:expect label="There should be a sequence of two `element` elements" type="compare" normalize-space="true" contextref="context19">
            <x:document xml:base="file:/home/jostein/xprocspec/xprocspec/src/test/xprocspec/tests/document-1.xprocspec" xml:space="preserve" type="inline">
                <element xmlns="asdf"/>
            </x:document>
            <x:document xml:base="file:/home/jostein/xprocspec/xprocspec/src/test/xprocspec/tests/document-1.xprocspec" xml:space="preserve" type="inline">
                <element xmlns="asdf"/>
            </x:document>
        </x:expect></x:scenario><x:output port="result.document.primary"><x:document xml:base="file:/home/jostein/xprocspec/xprocspec/src/test/xprocspec/tests/document-1.xprocspec" xml:space="preserve" type="inline">
            <source.document.primary.default xmlns:ex="http://example.net/ns"/>
        </x:document></x:output><x:output port="result.document.secondary.sequence"><x:document xml:base="file:/home/jostein/xprocspec/xprocspec/src/test/xprocspec/tests/document-1.xprocspec" xml:space="preserve" type="inline"><doc1 xmlns:e="http://example.net/ns" xmlns:ex="http://example.net/ns"/></x:document><x:document xml:base="file:/home/jostein/xprocspec/xprocspec/src/test/xprocspec/tests/document-1.xprocspec" xml:space="preserve" type="inline"><doc2 xmlns:e="http://example.net/ns" xmlns:ex="http://example.net/ns"/></x:document></x:output><x:output port="result.document.secondary.select-children"><x:document xml:base="file:/home/jostein/xprocspec/xprocspec/src/test/xprocspec/steps/identity.xpl" xml:space="preserve" type="inline"><default xmlns:ex="http://example.net/ns"/></x:document><x:document xml:base="file:/home/jostein/xprocspec/xprocspec/src/test/xprocspec/steps/identity.xpl" xml:space="preserve" type="inline"><default xmlns:ex="http://example.net/ns"/></x:document></x:output><x:output port="result.parameter.primary"><x:document xml:base="file:/home/jostein/xprocspec/xprocspec/src/test/xprocspec/steps/identity.xpl" xml:space="preserve" type="inline"><c:param-set/></x:document></x:output><x:output port="options"><x:document xml:base="file:/home/jostein/xprocspec/xprocspec/src/test/xprocspec/steps/identity.xpl" xml:space="preserve" type="inline">
                <c:options xmlns:ex="http://example.net/ns">
                    
                    <c:option name="option.required" value=""/>
                    <c:option name="option.default" value="default"/>
                </c:options>
            </x:document></x:output><x:test-result xmlns:e="http://example.net/ns" type="count" label="There should be a single document on the options port" min="1" max="1" contextref="context0" result="passed">
                                                        <x:expected>At least 1 and at most 1 documents.</x:expected>
                                                    <x:was>1</x:was></x:test-result><x:test-result xmlns:e="http://example.net/ns" type="count" label="There should be a single document on the primary input port" min="1" max="1" contextref="context1" result="passed">
                                                        <x:expected>At least 1 and at most 1 documents.</x:expected>
                                                    <x:was>1</x:was></x:test-result><x:test-result xmlns:e="http://example.net/ns" type="count" label="There should be no errors" max="0" contextref="context2" result="passed">
                                                        <x:expected>At most 0 documents.</x:expected>
                                                    <x:was>0</x:was></x:test-result><x:test-result xmlns:e="http://example.net/ns" type="xpath" label="The loaded document should be itself (x:description as root element)" test="local-name(/*)" equals="'description'" contextref="context3" result="passed"><x:expected xml:space="preserve">XPath: 'description'
Value: description</x:expected><x:was xml:space="preserve">XPath: local-name(/*)
Value: description</x:was></x:test-result><x:test-result xmlns:e="http://example.net/ns" type="count" label="There should be one inline document" min="1" max="1" contextref="context4" result="passed">
                                                        <x:expected>At least 1 and at most 1 documents.</x:expected>
                                                    <x:was>1</x:was></x:test-result><x:test-result xmlns:e="http://example.net/ns" type="xpath" label="The inline document should have a 'test' root element" test="local-name(/*)" equals="'test'" contextref="context4" result="passed"><x:expected xml:space="preserve">XPath: 'test'
Value: test</x:expected><x:was xml:space="preserve">XPath: local-name(/*)
Value: test</x:was></x:test-result><x:test-result xmlns:e="http://example.net/ns" type="xpath" label="The base URI should be that of the xprocspec test document" test="base-uri(/*)" equals="$test-base-uri" contextref="context4" result="passed"><x:expected xml:space="preserve">XPath: $test-base-uri
Value: file:/home/jostein/xprocspec/xprocspec/src/test/xprocspec/tests/document-1.xprocspec</x:expected><x:was xml:space="preserve">XPath: base-uri(/*)
Value: file:/home/jostein/xprocspec/xprocspec/src/test/xprocspec/tests/document-1.xprocspec</x:was></x:test-result><x:test-result xmlns:e="http://example.net/ns" type="xpath" label="The base URI should be that of the temporary directory" test="base-uri(/*)" equals="$temp-dir" contextref="context5" result="passed"><x:expected xml:space="preserve">XPath: $temp-dir
Value: file:/tmp/xprocspec-20131202143557583/xprocspec-20131202143616067/</x:expected><x:was xml:space="preserve">XPath: base-uri(/*)
Value: file:/tmp/xprocspec-20131202143557583/xprocspec-20131202143616067/</x:was></x:test-result><x:test-result xmlns:e="http://example.net/ns" type="xpath" label="The base URI should be that of the temporary directory" test="base-uri(/*)" equals="resolve-uri('file.xml',$temp-dir)" contextref="context6" result="passed"><x:expected xml:space="preserve">XPath: resolve-uri('file.xml',$temp-dir)
Value: file:/tmp/xprocspec-20131202143557583/xprocspec-20131202143616067/file.xml</x:expected><x:was xml:space="preserve">XPath: base-uri(/*)
Value: file:/tmp/xprocspec-20131202143557583/xprocspec-20131202143616067/file.xml</x:was></x:test-result><x:test-result xmlns:e="http://example.net/ns" type="compare" label="The directory listing should equal the predefined non-recursive directory listing" normalize-space="true" contextref="context7" result="passed"/><x:test-result xmlns:e="http://example.net/ns" type="compare" label="The directory listing should equal the predefined recursive directory listing" normalize-space="true" contextref="context8" result="passed"/><x:test-result xmlns:e="http://example.net/ns" label="Should be doc1" type="compare" normalize-space="true" contextref="context9" result="passed"/><x:test-result xmlns:e="http://example.net/ns" label="Should be doc2" type="compare" normalize-space="true" contextref="context10" result="passed"/><x:test-result xmlns:e="http://example.net/ns" label="Should be both doc1 and doc2" type="compare" normalize-space="true" contextref="context11" result="passed"/><x:test-result xmlns:e="http://example.net/ns" label="Should be doc2" type="compare" normalize-space="true" contextref="context12" result="passed"/><x:test-result xmlns:e="http://example.net/ns" label="Should contain the expected text" type="compare" normalize-space="true" contextref="context13" result="passed"/><x:test-result xmlns:e="http://example.net/ns" label="Should contain the expected bytes" type="compare" normalize-space="true" contextref="context14" result="passed"/><x:test-result xmlns:e="http://example.net/ns" label="Should contain the expected content" type="compare" normalize-space="true" contextref="context15" result="passed"/><x:test-result xmlns:e="http://example.net/ns" label="Should contain the expected content" type="compare" normalize-space="true" contextref="context16" result="passed"/><x:test-result xmlns:e="http://example.net/ns" label="There should be a sequence of five spans (id=1,2,3,4,5)" type="compare" normalize-space="true" contextref="context17" result="passed"/><x:test-result xmlns:xyz="asdf" xmlns:e="http://example.net/ns" label="There should be a sequence of two `xyz:element` elements" type="compare" normalize-space="true" contextref="context18" result="passed"/><x:test-result xmlns:e="http://example.net/ns" label="There should be a sequence of two `element` elements" type="compare" normalize-space="true" contextref="context19" result="passed"/></x:description></x:test-report></x:document></x:output><x:output port="html"><x:document xml:base="file:/home/jostein/xprocspec/xprocspec/src/main/resources/content/xml/xproc/report/report-template.xhtml" xml:space="preserve" type="inline"><html xmlns="http://www.w3.org/1999/xhtml"><head><title>Test Report for file:/home/jostein/xprocspec/xprocspec/src/test/xprocspec/tests/document-1.xprocspec (passed:22 / pending:0 / failed:0 / errors:0 / total:22)</title>
        <meta charset="utf-8"/>
        <style type="text/css" xml:space="preserve">/**/
/****************************************************************************/
/*  File:       test-report.css                                             */
/*  Author:     Jeni Tennsion                                               */
/*  URI:        http://xspec.googlecode.com/                                */
/*  Tags:                                                                   */
/*    Copyright (c) 2008, 2010 Jeni Tennsion (see end of file.)             */
/* ------------------------------------------------------------------------ */


/* test */

/* box model */

body {
	margin-right: 1em;
	/*margin-left: 10%;*/
	}

h1 {
	padding: 0.3em 0.5em 0.3em 0.5em;
	position: relative;
	}

h2 {
	padding: 0.1em 0.5em 0.2em 0.5em;
	}

h3 {
	padding-left: 0.6em;
	}

h4 {
	padding-left: 0.8em;
	}

p, table {
	/*margin-left: 5%;*/
	}

dd ul, dd ol {
	margin-left: 0%;
	}

li ul, li ol {
	/*margin-left: 5%;*/
	}

dl, ul, ol, blockquote {
	/*margin-left: 10%;*/
	}

dt {
  padding-top: 3px;
  padding-bottom: 3px;
	clear: both;
	}

dd p {
	/*margin-left: -5px;*/
	margin-top: 5px;
	clear: both;
	}

p.link {
	margin-top: 4px;
	margin-bottom: 0px;
	clear: both;
	}

tr td, td p, li, li p {
	margin-left: 0%;
	}

td:nth-child(2) {
	padding-left: 5%;
	}

.link img, dt img {
	vertical-align: middle;
	position: relative;
	top: -5px;
	}

img {
	position: relative;
	}

#xml-link {
	position: absolute;
	left: 5px;
	top: 5px;
	width: 10%;
	margin-left: 0%;
	}

#link-up {
	position: absolute;
	left: 93%;
	right: 2em;
	top: 0.3em;
	}

#link-top {
	position: absolute;
	left: 89%;
	right: 4em;
	top: 0.3em;
	}
	
.popup {
	display: block;
	visibility: hidden;
	float: right;
	position: absolute;
	top: 5px;
	left: -200px;
	z-index: 1;
	padding: 0.3em;
	width: 220px;
	}

.note {
	position: relative;
	}

.post {
	/*margin-left: 5%;*/
	padding-top: 1em;
	}
	
.example, .sidebar {
  /*margin-left: 5%;*/
  margin-top: 1em;
  margin-bottom: 1em;
  }

/*pre {
	padding-left: 5%;
	margin-left: 5%;
	}*/

/*dd pre, li pre {
	padding-left: 5%;
	}*/

/* fonts */
/* Oxygen  */
body, table {
    font-family:arial, helvetica, sans-serif;
    font-size:12px;
}
/* Oxygen  */

/*body {
	font-family: Verdana, arial, sans-serif;
	font-size: small;
	}*/	

/*h1, h2, h3, h4, h5, h6 {
	font-family: 'trebuchet MS', arial, sans-serif;
	}*/

h1 {
	font-size: 173%;
	font-weight: bold;
	}

h2 {
	font-size: 144%;
	font-weight: normal;
	}

h3 {
	font-size: 120%;
	font-weight: normal;
	}

h4 {
  font-size: 100%;
  font-weight: bold;
}

dt {
	font-weight: bold;
	}

a:link, a:visited, a:active, a:hover {
	font-weight: bold;
	}

a.offsite:link, a.offsite:visited, a.offsite:active, a.offsite:hover {
	font-weight: normal;
	}

/* suppress the normal italics */
address {
	font-style: normal;
	}

div.example, .sidebar {
  font-family: Verdana, arial, sans-serif;
  font-size: 100%;
  }


.note, .link {
	font-family: Verdana, arial, sans-serif;
	/*font-size: 83%;*/
	}

/*.example, .string, .rtf, .code, pre, code {
	font-family: "Lucida Console", "Courier New", monospace;*/
  /*font-size: 83%;*/
/*	}*/

.boolean {
	font-style: italic;
	}

#colophon, #xml-link {
	font-size: 69%;
	}

.question, .title {
	font-weight: bold;
	}

/* colours */
body {
	background-color: white;
	color: black;
	border: 0px none black;
	}

/* this is to make Navigator fill the entire line */
h1, h2 {
	border: 1px solid white;
	width: auto;
	}

h1 {
	/*background: #606;*/
	/*color: #6F6;*/
	}

h2 {
	color: #606;
	/*background: #CFC;*/
	}

hr {
	color: #606;
	background: white;
	}

img, a:link img, a:visited img, a:hover img, a:active img, #link-up img, #link-top img {
	border: 0px none white;
	background: transparent;
	}

/* OXYGEN */
a, a:visited {
    color:rgb(0, 0, 150);
    background-color:inherit;
    font-weight: bold;
}
a:link, a:visited {
    text-decoration:none; 
}
a:hover {
    text-decoration:underline;
}

/* OXYGEN */

a.img:hover, a.img:active {
	background: transparent;
	}

#colophon, #xml-link, .note {
	color: #666;
	}

#colophon a:link, #colophon a:visited, #colophon a:hover,
#xml-link a:link, #xml-link a:visited, #xml-link a:hover,
.note a:link, .note a:visited, .note a:hover {
	color: #969;
	background: transparent;
	}

#colophon a:hover, #xml-link a:hover, .note a:hover {
	background: #CFC;
	color: #969;
	}

.popup {
	background: white;
	border: 1px solid #606;
	}

.post {
	border-top: 2px solid #606;
	}
	
.example {
  border-top: 2px solid #606;
  border-bottom: 2px solid #606;
  }
  
.sidebar {
  border-top: 2px solid #090;
  border-bottom: 2px solid #090;
  }
  
.rng {
  border-left: 2px solid #666;
  }

.same {
  background-color: rgb(206, 239, 174);
}

.diff {
  background-color: #FCC;
}

.whitespace {
	font-style: italic;
	color: #999;
	background: white;
}

.ignored {
  font-style: italic;
  color: #999;
  background: white;
}

.hit {
}

.missed {
  background-color: #A33;
  color: white;
}

/* text */
ol ol li {
	list-style: lower-alpha;
	}

th {
	text-align: left;
	}

td {
	vertical-align: top;
	}

h1 {
	text-transform: uppercase;
	}

h2, h3 {
	/*text-transform: capitalize;*/
	}

.question {
	text-indent: -33px;
	}

.byline {
	text-align: right;
	}

#link-top, #link-up {
	text-align: right;
	}

a {
	text-decoration: none;
	}

table { width: 85%;
        /* border: collapse; */ }

th { text-align: left; }

.xspec tbody th { font-weight: normal; /*font-size: 0.8em;*/ border-top: 1px #666 solid; }
.xspec tbody td { /*font-size: 0.8em;*/ color: #666; }

.successful.label th, .successful.label td { background-color: #CFC; }
.pending.label th, .pending.label td { background-color: #DDD; color: #666; }
.failed.label th, .failed.label td { background-color: #FCC; }
.error.label th, .error.label td { background-color: #FAA; }
/*body &gt; table tbody .failed.label th:first-child:before {content:url(data:image/png;base64,iVBORw0KGgoAAAANSUhEUgAAAAwAAAAMCAYAAABWdVznAAAAGXRFWHRTb2Z0d2FyZQBBZG9iZSBJbWFnZVJlYWR5ccllPAAAA2ZpVFh0WE1MOmNvbS5hZG9iZS54bXAAAAAAADw/eHBhY2tldCBiZWdpbj0i77u/IiBpZD0iVzVNME1wQ2VoaUh6cmVTek5UY3prYzlkIj8+IDx4OnhtcG1ldGEgeG1sbnM6eD0iYWRvYmU6bnM6bWV0YS8iIHg6eG1wdGs9IkFkb2JlIFhNUCBDb3JlIDUuMy1jMDExIDY2LjE0NTY2MSwgMjAxMi8wMi8wNi0xNDo1NjoyNyAgICAgICAgIj4gPHJkZjpSREYgeG1sbnM6cmRmPSJodHRwOi8vd3d3LnczLm9yZy8xOTk5LzAyLzIyLXJkZi1zeW50YXgtbnMjIj4gPHJkZjpEZXNjcmlwdGlvbiByZGY6YWJvdXQ9IiIgeG1sbnM6eG1wTU09Imh0dHA6Ly9ucy5hZG9iZS5jb20veGFwLzEuMC9tbS8iIHhtbG5zOnN0UmVmPSJodHRwOi8vbnMuYWRvYmUuY29tL3hhcC8xLjAvc1R5cGUvUmVzb3VyY2VSZWYjIiB4bWxuczp4bXA9Imh0dHA6Ly9ucy5hZG9iZS5jb20veGFwLzEuMC8iIHhtcE1NOk9yaWdpbmFsRG9jdW1lbnRJRD0ieG1wLmRpZDpCQjU0NjU4QjIyQTNFMTExQkI5Rjk5QkQ4RkQ5RUJFQiIgeG1wTU06RG9jdW1lbnRJRD0ieG1wLmRpZDpEQTUyOTdBQUEzRDUxMUUxQTQwN0YzMUI0Nzg3NDU1RSIgeG1wTU06SW5zdGFuY2VJRD0ieG1wLmlpZDpEQTUyOTdBOUEzRDUxMUUxQTQwN0YzMUI0Nzg3NDU1RSIgeG1wOkNyZWF0b3JUb29sPSJBZG9iZSBQaG90b3Nob3AgQ1M2IChXaW5kb3dzKSI+IDx4bXBNTTpEZXJpdmVkRnJvbSBzdFJlZjppbnN0YW5jZUlEPSJ4bXAuaWlkOjQ4MTZDRTNCRDVBM0UxMTFBQTI2QTBCMjZENzg1Qzg5IiBzdFJlZjpkb2N1bWVudElEPSJ4bXAuZGlkOkJCNTQ2NThCMjJBM0UxMTFCQjlGOTlCRDhGRDlFQkVCIi8+IDwvcmRmOkRlc2NyaXB0aW9uPiA8L3JkZjpSREY+IDwveDp4bXBtZXRhPiA8P3hwYWNrZXQgZW5kPSJyIj8+aHNJrgAAAZ1JREFUeNpsUssrRGEU/907985YMDPNYlh4hbKZPMdgR3aysrGSSFIeKyUKpewoRTYkmcgCf4MsMI2FPDYGKeUZSoru4/uc82VC+W7fOeee+zvn/M45V1uuyCmVwDogq0hDklD6jy1dspNkdxokVrIzPFUh0/MD5OdXoJDwPFtu3d2ns6TTp9oggTlFZlmN0o4AHMmXfJGo0lmGzoE1OgmNHf5YA8rmN5HfM6wADmUuHphA9cIW/JX1yiek9DIlyijxkNjBzXYche19gNcHzfShoLUdVxtLuD/cYzCoMAzCwqYrhMDx9Chs20JRWzf4nMcXcDI3pYAqQHIAtWUJbpKursMMhpA+RiAEGzpc4X5XkDB4GjaHmiZik/PIa2rBEWVlSuW9Q+T3YndskBi46QpQFcLltchtbEZyZhxna4uKhmV9Ito/gtPNOG4P99WItdlIWARNXWOAv6AEr9cplel7/ggUleDlMqUSvNnCobHKxDsNnqs8XaWUZopp/XhxTkOR+HDVOveYUge9rNLyY9SU9v+vwXuUB2R0fQkwABfn/VKSjTLBAAAAAElFTkSuQmCC) " "}*/
/*body &gt; table tbody .error.label th:first-child:before {content:url(data:image/png;base64,iVBORw0KGgoAAAANSUhEUgAAAAwAAAAMCAYAAABWdVznAAAABmJLR0QAAAAAAAD5Q7t/AAAACXBIWXMAAAsTAAALEwEAmpwYAAAAB3RJTUUH3QcKER4AdkxvvQAAAdVJREFUKM89kM9KG0EAh7/JTHazZInEQwJ68KIWLx6Etj6EjxAobYSsD+BjCJ682EOp0FMueYmS0FMICF4i6tFNzJ/dyRh2Znoo6Xf+Pn7wEzc3Nx/W6/UvY8xJnudkWYa1Fu893nviOCaKIhuG4R/v/Ve1Xq9/bG1tnezs7JDnOVpr3t/fcc4hpaRSqVCpVORqtTp9e3v7rrTWn5vNJpPJhHK5zHg8JssyvPeEYcjR0RFpmlKr1ZjP5x9Li8VCbOR2u83BwQEvLy88PT1xfHzMxcUFQgjSNCXLskDlec5sNuPx8REpJZ1Oh+fnZ4QQnJ+fc319Tb/fZ29vD601SmvNdDplsVhwe3vLaDTi6uoKgCRJGAwGNBoNXl9fMcZQcs5hjGG1WpHnObVajQ3VahWtNcYYjDE451Cb+7z3JElCkiScnZ0hpaTX67G7u0u328V7/y+oVqsIITg8PKTT6dBqtRgOhzjnaLVa3N3dcX9/z3K5JI5jxOXlpSuKQqRpirWWh4eH//Plcpn9/X2cc2xvb1MqlQqllBpYa0/jOGYymdBsNsmyDOccURRRFAX1eh2lFGEY/lZBEHyx1v703n8KgkBEUYSUEu/9RkIIUQRB0A/D8NtflUT+nn4OS+0AAAAASUVORK5CYII=) " "}*/
.failed.label th:first-child:before, .failed.label td:first-child:before {content:url(data:image/png;base64,iVBORw0KGgoAAAANSUhEUgAAAAwAAAAMCAYAAABWdVznAAAAGXRFWHRTb2Z0d2FyZQBBZG9iZSBJbWFnZVJlYWR5ccllPAAAA2ZpVFh0WE1MOmNvbS5hZG9iZS54bXAAAAAAADw/eHBhY2tldCBiZWdpbj0i77u/IiBpZD0iVzVNME1wQ2VoaUh6cmVTek5UY3prYzlkIj8+IDx4OnhtcG1ldGEgeG1sbnM6eD0iYWRvYmU6bnM6bWV0YS8iIHg6eG1wdGs9IkFkb2JlIFhNUCBDb3JlIDUuMy1jMDExIDY2LjE0NTY2MSwgMjAxMi8wMi8wNi0xNDo1NjoyNyAgICAgICAgIj4gPHJkZjpSREYgeG1sbnM6cmRmPSJodHRwOi8vd3d3LnczLm9yZy8xOTk5LzAyLzIyLXJkZi1zeW50YXgtbnMjIj4gPHJkZjpEZXNjcmlwdGlvbiByZGY6YWJvdXQ9IiIgeG1sbnM6eG1wTU09Imh0dHA6Ly9ucy5hZG9iZS5jb20veGFwLzEuMC9tbS8iIHhtbG5zOnN0UmVmPSJodHRwOi8vbnMuYWRvYmUuY29tL3hhcC8xLjAvc1R5cGUvUmVzb3VyY2VSZWYjIiB4bWxuczp4bXA9Imh0dHA6Ly9ucy5hZG9iZS5jb20veGFwLzEuMC8iIHhtcE1NOk9yaWdpbmFsRG9jdW1lbnRJRD0ieG1wLmRpZDpCQjU0NjU4QjIyQTNFMTExQkI5Rjk5QkQ4RkQ5RUJFQiIgeG1wTU06RG9jdW1lbnRJRD0ieG1wLmRpZDpEQTUyOTdBQUEzRDUxMUUxQTQwN0YzMUI0Nzg3NDU1RSIgeG1wTU06SW5zdGFuY2VJRD0ieG1wLmlpZDpEQTUyOTdBOUEzRDUxMUUxQTQwN0YzMUI0Nzg3NDU1RSIgeG1wOkNyZWF0b3JUb29sPSJBZG9iZSBQaG90b3Nob3AgQ1M2IChXaW5kb3dzKSI+IDx4bXBNTTpEZXJpdmVkRnJvbSBzdFJlZjppbnN0YW5jZUlEPSJ4bXAuaWlkOjQ4MTZDRTNCRDVBM0UxMTFBQTI2QTBCMjZENzg1Qzg5IiBzdFJlZjpkb2N1bWVudElEPSJ4bXAuZGlkOkJCNTQ2NThCMjJBM0UxMTFCQjlGOTlCRDhGRDlFQkVCIi8+IDwvcmRmOkRlc2NyaXB0aW9uPiA8L3JkZjpSREY+IDwveDp4bXBtZXRhPiA8P3hwYWNrZXQgZW5kPSJyIj8+aHNJrgAAAZ1JREFUeNpsUssrRGEU/907985YMDPNYlh4hbKZPMdgR3aysrGSSFIeKyUKpewoRTYkmcgCf4MsMI2FPDYGKeUZSoru4/uc82VC+W7fOeee+zvn/M45V1uuyCmVwDogq0hDklD6jy1dspNkdxokVrIzPFUh0/MD5OdXoJDwPFtu3d2ns6TTp9oggTlFZlmN0o4AHMmXfJGo0lmGzoE1OgmNHf5YA8rmN5HfM6wADmUuHphA9cIW/JX1yiek9DIlyijxkNjBzXYche19gNcHzfShoLUdVxtLuD/cYzCoMAzCwqYrhMDx9Chs20JRWzf4nMcXcDI3pYAqQHIAtWUJbpKursMMhpA+RiAEGzpc4X5XkDB4GjaHmiZik/PIa2rBEWVlSuW9Q+T3YndskBi46QpQFcLltchtbEZyZhxna4uKhmV9Ito/gtPNOG4P99WItdlIWARNXWOAv6AEr9cplel7/ggUleDlMqUSvNnCobHKxDsNnqs8XaWUZopp/XhxTkOR+HDVOveYUge9rNLyY9SU9v+vwXuUB2R0fQkwABfn/VKSjTLBAAAAAElFTkSuQmCC) " "}
.error.label th:first-child:before, .error.label td:first-child:before {content:url(data:image/png;base64,iVBORw0KGgoAAAANSUhEUgAAAAwAAAAMCAYAAABWdVznAAAABmJLR0QAAAAAAAD5Q7t/AAAACXBIWXMAAAsTAAALEwEAmpwYAAAAB3RJTUUH3QcKER4AdkxvvQAAAdVJREFUKM89kM9KG0EAh7/JTHazZInEQwJ68KIWLx6Etj6EjxAobYSsD+BjCJ682EOp0FMueYmS0FMICF4i6tFNzJ/dyRh2Znoo6Xf+Pn7wEzc3Nx/W6/UvY8xJnudkWYa1Fu893nviOCaKIhuG4R/v/Ve1Xq9/bG1tnezs7JDnOVpr3t/fcc4hpaRSqVCpVORqtTp9e3v7rrTWn5vNJpPJhHK5zHg8JssyvPeEYcjR0RFpmlKr1ZjP5x9Li8VCbOR2u83BwQEvLy88PT1xfHzMxcUFQgjSNCXLskDlec5sNuPx8REpJZ1Oh+fnZ4QQnJ+fc319Tb/fZ29vD601SmvNdDplsVhwe3vLaDTi6uoKgCRJGAwGNBoNXl9fMcZQcs5hjGG1WpHnObVajQ3VahWtNcYYjDE451Cb+7z3JElCkiScnZ0hpaTX67G7u0u328V7/y+oVqsIITg8PKTT6dBqtRgOhzjnaLVa3N3dcX9/z3K5JI5jxOXlpSuKQqRpirWWh4eH//Plcpn9/X2cc2xvb1MqlQqllBpYa0/jOGYymdBsNsmyDOccURRRFAX1eh2lFGEY/lZBEHyx1v703n8KgkBEUYSUEu/9RkIIUQRB0A/D8NtflUT+nn4OS+0AAAAASUVORK5CYII=) " "}
.pending.label th:first-child:before, .pending.label td:first-child:before {content:url(data:image/png;base64,iVBORw0KGgoAAAANSUhEUgAAAAwAAAAMCAYAAABWdVznAAAAGXRFWHRTb2Z0d2FyZQBBZG9iZSBJbWFnZVJlYWR5ccllPAAAA2ZpVFh0WE1MOmNvbS5hZG9iZS54bXAAAAAAADw/eHBhY2tldCBiZWdpbj0i77u/IiBpZD0iVzVNME1wQ2VoaUh6cmVTek5UY3prYzlkIj8+IDx4OnhtcG1ldGEgeG1sbnM6eD0iYWRvYmU6bnM6bWV0YS8iIHg6eG1wdGs9IkFkb2JlIFhNUCBDb3JlIDUuMy1jMDExIDY2LjE0NTY2MSwgMjAxMi8wMi8wNi0xNDo1NjoyNyAgICAgICAgIj4gPHJkZjpSREYgeG1sbnM6cmRmPSJodHRwOi8vd3d3LnczLm9yZy8xOTk5LzAyLzIyLXJkZi1zeW50YXgtbnMjIj4gPHJkZjpEZXNjcmlwdGlvbiByZGY6YWJvdXQ9IiIgeG1sbnM6eG1wTU09Imh0dHA6Ly9ucy5hZG9iZS5jb20veGFwLzEuMC9tbS8iIHhtbG5zOnN0UmVmPSJodHRwOi8vbnMuYWRvYmUuY29tL3hhcC8xLjAvc1R5cGUvUmVzb3VyY2VSZWYjIiB4bWxuczp4bXA9Imh0dHA6Ly9ucy5hZG9iZS5jb20veGFwLzEuMC8iIHhtcE1NOk9yaWdpbmFsRG9jdW1lbnRJRD0ieG1wLmRpZDpCQjU0NjU4QjIyQTNFMTExQkI5Rjk5QkQ4RkQ5RUJFQiIgeG1wTU06RG9jdW1lbnRJRD0ieG1wLmRpZDpDODdDM0Y0QUEzRDUxMUUxQjk5N0MzQjVFRDMyQUE1MiIgeG1wTU06SW5zdGFuY2VJRD0ieG1wLmlpZDpDODdDM0Y0OUEzRDUxMUUxQjk5N0MzQjVFRDMyQUE1MiIgeG1wOkNyZWF0b3JUb29sPSJBZG9iZSBQaG90b3Nob3AgQ1M2IChXaW5kb3dzKSI+IDx4bXBNTTpEZXJpdmVkRnJvbSBzdFJlZjppbnN0YW5jZUlEPSJ4bXAuaWlkOjQ4MTZDRTNCRDVBM0UxMTFBQTI2QTBCMjZENzg1Qzg5IiBzdFJlZjpkb2N1bWVudElEPSJ4bXAuZGlkOkJCNTQ2NThCMjJBM0UxMTFCQjlGOTlCRDhGRDlFQkVCIi8+IDwvcmRmOkRlc2NyaXB0aW9uPiA8L3JkZjpSREY+IDwveDp4bXBtZXRhPiA8P3hwYWNrZXQgZW5kPSJyIj8+yj6RYgAAAPZJREFUeNp0kM8KgkAQxmc1E0Wfo3vQn5eRSDx4EUHwbTpEhx4lil7DiydBQUFXp5nAMNsGhpnd/X77za4Iw3CFiFcAWFMFDkXtKZ/UHhfUnB3HWdu2/REpAL2u631ZlicGdpZlwTAMSmBM0zS5bhgQLB5FU3AOUS4XvNn3vVKgAACCIMA0TbFpGsyyDJMkefdFUWAcx1hVFeZ5jlEUoed5qPEI7KDrOhiG8e6llNC27Zcz77FW+L6Pruv+WKtGIzfgR39umv/UHOJgAMlO/BPOXCQDD5p3r2ma8lvHNU9BcWPg0HXdhRZbOhRT8aSXVO9U/ZcAAwAsmjsSQcM0lwAAAABJRU5ErkJggg==) " ";}
.successful.label th:first-child:before, .successful.label td:first-child:before {content:url(data:image/png;base64,iVBORw0KGgoAAAANSUhEUgAAAAwAAAAMCAYAAABWdVznAAAAGXRFWHRTb2Z0d2FyZQBBZG9iZSBJbWFnZVJlYWR5ccllPAAAA2ZpVFh0WE1MOmNvbS5hZG9iZS54bXAAAAAAADw/eHBhY2tldCBiZWdpbj0i77u/IiBpZD0iVzVNME1wQ2VoaUh6cmVTek5UY3prYzlkIj8+IDx4OnhtcG1ldGEgeG1sbnM6eD0iYWRvYmU6bnM6bWV0YS8iIHg6eG1wdGs9IkFkb2JlIFhNUCBDb3JlIDUuMy1jMDExIDY2LjE0NTY2MSwgMjAxMi8wMi8wNi0xNDo1NjoyNyAgICAgICAgIj4gPHJkZjpSREYgeG1sbnM6cmRmPSJodHRwOi8vd3d3LnczLm9yZy8xOTk5LzAyLzIyLXJkZi1zeW50YXgtbnMjIj4gPHJkZjpEZXNjcmlwdGlvbiByZGY6YWJvdXQ9IiIgeG1sbnM6eG1wTU09Imh0dHA6Ly9ucy5hZG9iZS5jb20veGFwLzEuMC9tbS8iIHhtbG5zOnN0UmVmPSJodHRwOi8vbnMuYWRvYmUuY29tL3hhcC8xLjAvc1R5cGUvUmVzb3VyY2VSZWYjIiB4bWxuczp4bXA9Imh0dHA6Ly9ucy5hZG9iZS5jb20veGFwLzEuMC8iIHhtcE1NOk9yaWdpbmFsRG9jdW1lbnRJRD0ieG1wLmRpZDpCQjU0NjU4QjIyQTNFMTExQkI5Rjk5QkQ4RkQ5RUJFQiIgeG1wTU06RG9jdW1lbnRJRD0ieG1wLmRpZDpEMDVBNThBQUEzRDUxMUUxQjdCQkM2QUNBMTNBMDExNiIgeG1wTU06SW5zdGFuY2VJRD0ieG1wLmlpZDpEMDVBNThBOUEzRDUxMUUxQjdCQkM2QUNBMTNBMDExNiIgeG1wOkNyZWF0b3JUb29sPSJBZG9iZSBQaG90b3Nob3AgQ1M2IChXaW5kb3dzKSI+IDx4bXBNTTpEZXJpdmVkRnJvbSBzdFJlZjppbnN0YW5jZUlEPSJ4bXAuaWlkOjQ4MTZDRTNCRDVBM0UxMTFBQTI2QTBCMjZENzg1Qzg5IiBzdFJlZjpkb2N1bWVudElEPSJ4bXAuZGlkOkJCNTQ2NThCMjJBM0UxMTFCQjlGOTlCRDhGRDlFQkVCIi8+IDwvcmRmOkRlc2NyaXB0aW9uPiA8L3JkZjpSREY+IDwveDp4bXBtZXRhPiA8P3hwYWNrZXQgZW5kPSJyIj8+xJ3YrgAAAYBJREFUeNpsUrtKA1EQPZtdY4gEQiD4QCsLEVGX4CP4AykEq1hYiGghCDZ+gBZWVtrZ+EAjaGOhfoAkNiaKhYWICilMEQNqoYjZ5O4d5+6ucQuLM3funDNzD7OrLe229YBwSKAEnyAP/pyIbL5fcz5rcNiLtuqJSEz3ickn5ruE/vFmJ9/LYjvAldGWqA7bJkgPtoAHQrS5G6NdiwhFWCoxHOCgKUL+iurkCBVawyamE8d4qmSZ51clBZUlh+RG14JzEsJNcaTNLVwWd1B6vXXqkmGoYNeVUPnW3JNr4+YarPoncvebEAKNekAlokaY6N/A1NA+SBgY6Eijtz2Fs5sVWNWawysorWNJsO+q9QWzaxLTYwfojA3isZzDfSnrWvTsNiyp7pOrZURC7ejrTDEpcVpY9ab+NSioLZEiapZA5nwBxZcC8g9HeK7ccYM7TDnwmoU2vx6/NIJaUjc0b0u8YvJNle5HdJvlhbI0Y31ThqsjTGr0/+8hOOQ5nfsRYACtHiy+FDd82wAAAABJRU5ErkJggg==) " "}
/*.successful.label a:before {content:url(data:image/png;base64,iVBORw0KGgoAAAANSUhEUgAAAAwAAAAMCAYAAABWdVznAAAAGXRFWHRTb2Z0d2FyZQBBZG9iZSBJbWFnZVJlYWR5ccllPAAAA2ZpVFh0WE1MOmNvbS5hZG9iZS54bXAAAAAAADw/eHBhY2tldCBiZWdpbj0i77u/IiBpZD0iVzVNME1wQ2VoaUh6cmVTek5UY3prYzlkIj8+IDx4OnhtcG1ldGEgeG1sbnM6eD0iYWRvYmU6bnM6bWV0YS8iIHg6eG1wdGs9IkFkb2JlIFhNUCBDb3JlIDUuMy1jMDExIDY2LjE0NTY2MSwgMjAxMi8wMi8wNi0xNDo1NjoyNyAgICAgICAgIj4gPHJkZjpSREYgeG1sbnM6cmRmPSJodHRwOi8vd3d3LnczLm9yZy8xOTk5LzAyLzIyLXJkZi1zeW50YXgtbnMjIj4gPHJkZjpEZXNjcmlwdGlvbiByZGY6YWJvdXQ9IiIgeG1sbnM6eG1wTU09Imh0dHA6Ly9ucy5hZG9iZS5jb20veGFwLzEuMC9tbS8iIHhtbG5zOnN0UmVmPSJodHRwOi8vbnMuYWRvYmUuY29tL3hhcC8xLjAvc1R5cGUvUmVzb3VyY2VSZWYjIiB4bWxuczp4bXA9Imh0dHA6Ly9ucy5hZG9iZS5jb20veGFwLzEuMC8iIHhtcE1NOk9yaWdpbmFsRG9jdW1lbnRJRD0ieG1wLmRpZDpCQjU0NjU4QjIyQTNFMTExQkI5Rjk5QkQ4RkQ5RUJFQiIgeG1wTU06RG9jdW1lbnRJRD0ieG1wLmRpZDpEMDVBNThBQUEzRDUxMUUxQjdCQkM2QUNBMTNBMDExNiIgeG1wTU06SW5zdGFuY2VJRD0ieG1wLmlpZDpEMDVBNThBOUEzRDUxMUUxQjdCQkM2QUNBMTNBMDExNiIgeG1wOkNyZWF0b3JUb29sPSJBZG9iZSBQaG90b3Nob3AgQ1M2IChXaW5kb3dzKSI+IDx4bXBNTTpEZXJpdmVkRnJvbSBzdFJlZjppbnN0YW5jZUlEPSJ4bXAuaWlkOjQ4MTZDRTNCRDVBM0UxMTFBQTI2QTBCMjZENzg1Qzg5IiBzdFJlZjpkb2N1bWVudElEPSJ4bXAuZGlkOkJCNTQ2NThCMjJBM0UxMTFCQjlGOTlCRDhGRDlFQkVCIi8+IDwvcmRmOkRlc2NyaXB0aW9uPiA8L3JkZjpSREY+IDwveDp4bXBtZXRhPiA8P3hwYWNrZXQgZW5kPSJyIj8+xJ3YrgAAAYBJREFUeNpsUrtKA1EQPZtdY4gEQiD4QCsLEVGX4CP4AykEq1hYiGghCDZ+gBZWVtrZ+EAjaGOhfoAkNiaKhYWICilMEQNqoYjZ5O4d5+6ucQuLM3funDNzD7OrLe229YBwSKAEnyAP/pyIbL5fcz5rcNiLtuqJSEz3ickn5ruE/vFmJ9/LYjvAldGWqA7bJkgPtoAHQrS5G6NdiwhFWCoxHOCgKUL+iurkCBVawyamE8d4qmSZ51clBZUlh+RG14JzEsJNcaTNLVwWd1B6vXXqkmGoYNeVUPnW3JNr4+YarPoncvebEAKNekAlokaY6N/A1NA+SBgY6Eijtz2Fs5sVWNWawysorWNJsO+q9QWzaxLTYwfojA3isZzDfSnrWvTsNiyp7pOrZURC7ejrTDEpcVpY9ab+NSioLZEiapZA5nwBxZcC8g9HeK7ccYM7TDnwmoU2vx6/NIJaUjc0b0u8YvJNle5HdJvlhbI0Y31ThqsjTGr0/+8hOOQ5nfsRYACtHiy+FDd82wAAAABJRU5ErkJggg==) " "}*/

.xspecResult { width: 90%; table-layout: fixed; }

.xspecResult td,
.xspecResult th { width: 50%; }

/*.xspecResult pre { 
  margin-left: 0; 
  padding: 0.5em; 
  overflow: auto; 
  border: 1px #999 dotted;
}*/

span.scenario-totals {float: right; width: 14.5%; text-align: left}

/* OXYGEN */
span.scenario-totals {float: right; width: 34.5%; text-align: right}

h2.failed {
    background-color: #FCC;
}

h1, h2 {
    width: 86%;
    /*margin-left: 3%;*/
    
    font-size:1.4em;
    font-weight:bold;
    text-align:left;
    margin-top:1.4em;
    margin-bottom:0.7em;
    color:#333333;
    background-color:inherit;
}

h1 {
    font-size:1.7em;
}

body &gt; h1:first-child:before {
    content:"XSLT UNIT ";
}

body &gt; h2:first-of-type {
    font-size:1.7em;
}

div &gt; table &gt; tbody &gt; tr &gt; th:first-child {
    font-weight:bold;
}

div &gt; h3 {
    font-weight:bold;
    /*margin-left: 3%;*/
}

div &gt; h4 {
    font-weight:normal;
    /*margin-left: 4%;*/
}

th.result { text-align: center; }
/* OXYGEN */


/* ------------------------------------------------------------------------ */
/*  DO NOT ALTER OR REMOVE COPYRIGHT NOTICES OR THIS COMMENT.               */
/*                                                                          */
/*  Copyright (c) 2008, 2010 Jeni Tennsion                                  */
/*                                                                          */
/*  The contents of this file are subject to the MIT License (see the URI   */
/*  http://www.opensource.org/licenses/mit-license.php for details).        */
/*                                                                          */
/*  Permission is hereby granted, free of charge, to any person obtaining   */
/*  a copy of this software and associated documentation files (the         */
/*  "Software"), to deal in the Software without restriction, including     */
/*  without limitation the rights to use, copy, modify, merge, publish,     */
/*  distribute, sublicense, and/or sell copies of the Software, and to      */
/*  permit persons to whom the Software is furnished to do so, subject to   */
/*  the following conditions:                                               */
/*                                                                          */
/*  The above copyright notice and this permission notice shall be          */
/*  included in all copies or substantial portions of the Software.         */
/*                                                                          */
/*  THE SOFTWARE IS PROVIDED "AS IS", WITHOUT WARRANTY OF ANY KIND,         */
/*  EXPRESS OR IMPLIED, INCLUDING BUT NOT LIMITED TO THE WARRANTIES OF      */
/*  MERCHANTABILITY, FITNESS FOR A PARTICULAR PURPOSE AND NONINFRINGEMENT.  */
/*  IN NO EVENT SHALL THE AUTHORS OR COPYRIGHT HOLDERS BE LIABLE FOR ANY    */
/*  CLAIM, DAMAGES OR OTHER LIABILITY, WHETHER IN AN ACTION OF CONTRACT,    */
/*  TORT OR OTHERWISE, ARISING FROM, OUT OF OR IN CONNECTION WITH THE       */
/*  SOFTWARE OR THE USE OR OTHER DEALINGS IN THE SOFTWARE.                  */
/* ------------------------------------------------------------------------ */

.nobr { white-space: nowrap; }
.scenario-label { text-indent: 0px; }
.context-label { text-indent: 10px; }
.test-label { text-indent: 20px; }
.pending-label { text-indent: 30px; }


        /**/</style>
    </head><body><h1>Test Report</h1><p>Script: <a href="file:/home/jostein/xprocspec/xprocspec/src/test/xprocspec/tests/document-1.xprocspec">file:/home/jostein/xprocspec/xprocspec/src/test/xprocspec/tests/document-1.xprocspec</a></p><p>Tested: 2013-12-02T14:36:17.903+01:00</p><h2>Contents</h2><table class="xspec"><col width="75%"/><col width="5%"/><col width="5%"/><col width="5%"/><col width="5%"/><col width="5%"/><thead><tr><th/><th class="result">passed:22</th><th class="result">pending:0</th><th class="result">failed:0</th><th class="result">errors:0</th><th class="result">total:22</th></tr></thead><tbody><tr class="successful label"><th><a href="#step1">ex:identity</a></th><th class="result">22</th><th class="result">0</th><th class="result">0</th><th class="result">0</th><th class="result">22</th></tr></tbody></table><div id="step1"><h2 class="successful">Calling: <a href="file:/home/jostein/xprocspec/xprocspec/src/test/xprocspec/steps/identity.xpl">ex:identity</a><span class="scenario-totals">passed:22 / pending:0 /
                                        failed:0 / errors:0 / total:22</span></h2><table class="xspec"><col width="80%"/><col width="20%"/><tbody><tr class="successful label"><th class="scenario-label">identity</th><th class="nobr">passed:22 / pending:0 / failed:0 / errors:0 / total:22</th></tr><tr class="successful label"><th class="context-label">the options</th><th class="nobr">passed:1 / pending:0 / failed:0 / errors:0 / total:1</th></tr><tr class="successful label"><td class="test-label">There should be a single document on the options port</td><td>Success</td></tr><tr class="successful label"><th class="context-label">the primary input port</th><th class="nobr">passed:1 / pending:0 / failed:0 / errors:0 / total:1</th></tr><tr class="successful label"><td class="test-label">There should be a single document on the primary input port</td><td>Success</td></tr><tr class="successful label"><th class="context-label">the errors</th><th class="nobr">passed:1 / pending:0 / failed:0 / errors:0 / total:1</th></tr><tr class="successful label"><td class="test-label">There should be no errors</td><td>Success</td></tr><tr class="successful label"><th class="context-label">the xprocspec test document</th><th class="nobr">passed:1 / pending:0 / failed:0 / errors:0 / total:1</th></tr><tr class="successful label"><td class="test-label">The loaded document should be itself (x:description as root element)</td><td>Success</td></tr><tr class="successful label"><th class="context-label">an inline 'test' element</th><th class="nobr">passed:3 / pending:0 / failed:0 / errors:0 / total:3</th></tr><tr class="successful label"><td class="test-label">There should be one inline document</td><td>Success</td></tr><tr class="successful label"><td class="test-label">The inline document should have a 'test' root element</td><td>Success</td></tr><tr class="successful label"><td class="test-label">The base URI should be that of the xprocspec test document</td><td>Success</td></tr><tr class="successful label"><th class="context-label">an inline 'test' element with base-uri set to 'temp-dir'</th><th class="nobr">passed:1 / pending:0 / failed:0 / errors:0 / total:1</th></tr><tr class="successful label"><td class="test-label">The base URI should be that of the temporary directory</td><td>Success</td></tr><tr class="successful label"><th class="context-label">an inline 'test' element with base-uri set to 'temp-dir' and the document element having a relative xml:base</th><th class="nobr">passed:1 / pending:0 / failed:0 / errors:0 / total:1</th></tr><tr class="successful label"><td class="test-label">The base URI should be that of the temporary directory</td><td>Success</td></tr><tr class="successful label"><th class="context-label">the './document-1.resources/' directory; non-recursive</th><th class="nobr">passed:1 / pending:0 / failed:0 / errors:0 / total:1</th></tr><tr class="successful label"><td class="test-label">The directory listing should equal the predefined non-recursive directory listing</td><td>Success</td></tr><tr class="successful label"><th class="context-label">the './document-1.resources/' directory; recursive</th><th class="nobr">passed:1 / pending:0 / failed:0 / errors:0 / total:1</th></tr><tr class="successful label"><td class="test-label">The directory listing should equal the predefined recursive directory listing</td><td>Success</td></tr><tr class="successful label"><th class="context-label">The [doc1,doc2] sequence: position=1</th><th class="nobr">passed:1 / pending:0 / failed:0 / errors:0 / total:1</th></tr><tr class="successful label"><td class="test-label">Should be doc1</td><td>Success</td></tr><tr class="successful label"><th class="context-label">The [doc1,doc2] sequence: position=2</th><th class="nobr">passed:1 / pending:0 / failed:0 / errors:0 / total:1</th></tr><tr class="successful label"><td class="test-label">Should be doc2</td><td>Success</td></tr><tr class="successful label"><th class="context-label">The [doc1,doc2] sequence: position=all</th><th class="nobr">passed:1 / pending:0 / failed:0 / errors:0 / total:1</th></tr><tr class="successful label"><td class="test-label">Should be both doc1 and doc2</td><td>Success</td></tr><tr class="successful label"><th class="context-label">The [doc1,doc2] sequence: position=last</th><th class="nobr">passed:1 / pending:0 / failed:0 / errors:0 / total:1</th></tr><tr class="successful label"><td class="test-label">Should be doc2</td><td>Success</td></tr><tr class="successful label"><th class="context-label">A text file</th><th class="nobr">passed:1 / pending:0 / failed:0 / errors:0 / total:1</th></tr><tr class="successful label"><td class="test-label">Should contain the expected text</td><td>Success</td></tr><tr class="successful label"><th class="context-label">A binary file (image file)</th><th class="nobr">passed:1 / pending:0 / failed:0 / errors:0 / total:1</th></tr><tr class="successful label"><td class="test-label">Should contain the expected bytes</td><td>Success</td></tr><tr class="successful label"><th class="context-label">An XHTML5 file (well-formed XML)</th><th class="nobr">passed:1 / pending:0 / failed:0 / errors:0 / total:1</th></tr><tr class="successful label"><td class="test-label">Should contain the expected content</td><td>Success</td></tr><tr class="successful label"><th class="context-label">An HTML5 file (not well-formed XML)</th><th class="nobr">passed:1 / pending:0 / failed:0 / errors:0 / total:1</th></tr><tr class="successful label"><td class="test-label">Should contain the expected content</td><td>Success</td></tr><tr class="successful label"><th class="context-label">Portions of an XML document selected using the select attribute</th><th class="nobr">passed:1 / pending:0 / failed:0 / errors:0 / total:1</th></tr><tr class="successful label"><td class="test-label">There should be a sequence of five spans (id=1,2,3,4,5)</td><td>Success</td></tr><tr class="successful label"><th class="context-label">Portions of an XML document selected using the select attribute which references a namespace using a namespace prefix</th><th class="nobr">passed:1 / pending:0 / failed:0 / errors:0 / total:1</th></tr><tr class="successful label"><td class="test-label">There should be a sequence of two `xyz:element` elements</td><td>Success</td></tr><tr class="successful label"><th class="context-label">Portions of an XML document selected using the select attribute which references a namespace using the default namespace (xmlns='...')</th><th class="nobr">passed:1 / pending:0 / failed:0 / errors:0 / total:1</th></tr><tr class="successful label"><td class="test-label">There should be a sequence of two `element` elements</td><td>Success</td></tr></tbody></table></div><h2>Execution log</h2><table><thead><tr><th>Time</th><th>Severity</th><th>Message</th></tr></thead><tbody><tr style=""><td>0.000</td><td style="padding-left:0%;">INFO</td><td><code><pre>#### file:/home/jostein/xprocspec/xprocspec/src/test/xprocspec/tests/document-1.xprocspec ####</pre></code></td></tr><tr style=""><td>0.013</td><td style="padding-left:0%;">INFO</td><td><code><pre> * temporary directory: file:/tmp/xprocspec-20131202143557583/</pre></code></td></tr><tr style=""><td>0.018</td><td style="padding-left:0%;">INFO</td><td><code><pre>preprocessing...</pre></code></td></tr><tr style=""><td>0.036</td><td style="padding-left:0%;">INFO</td><td><code><pre> * checking for imports</pre></code></td></tr><tr style=""><td>0.042</td><td style="padding-left:0%;">INFO</td><td><code><pre> * checking file:/home/jostein/xprocspec/xprocspec/src/test/xprocspec/tests/document-1.xprocspec for imports</pre></code></td></tr><tr style=""><td>0.049</td><td style="padding-left:0%;">INFO</td><td><code><pre> * extracting step declarations from file:/home/jostein/xprocspec/xprocspec/src/test/xprocspec/steps/identity.xpl</pre></code></td></tr><tr style=""><td>0.055</td><td style="padding-left:0%;">INFO</td><td><code><pre> * tests reference 1 step</pre></code></td></tr><tr style=""><td>0.060</td><td style="padding-left:0%;">INFO</td><td><code><pre>   * step: e:identity</pre></code></td></tr><tr style=""><td>0.066</td><td style="padding-left:0%;">INFO</td><td><code><pre> * trying to load: file:/home/jostein/xprocspec/xprocspec/src/test/xprocspec/steps/identity.xpl</pre></code></td></tr><tr style=""><td>0.072</td><td style="padding-left:0%;">INFO</td><td><code><pre>   * success!</pre></code></td></tr><tr style=""><td>0.080</td><td style="padding-left:0%;">INFO</td><td><code><pre> * trying to extract the step declaration for {http://example.net/ns}identity from file:/home/jostein/xprocspec/xprocspec/src/test/xprocspec/steps/identity.xpl</pre></code></td></tr><tr style=""><td>0.095</td><td style="padding-left:0%;">INFO</td><td><code><pre> * creating a new x:description document for each x:scenario element with inferred inputs, options and parameters</pre></code></td></tr><tr style=""><td>0.121</td><td style="padding-left:0%;">INFO</td><td><code><pre> * validating output grammar</pre></code></td></tr><tr style=""><td>0.130</td><td style="padding-left:0%;">INFO</td><td><code><pre>compiling...</pre></code></td></tr><tr style=""><td>0.138</td><td style="padding-left:0%;">INFO</td><td><code><pre> * created directory using Calabash's cxf:mkdir</pre></code></td></tr><tr style=""><td>0.144</td><td style="padding-left:0%;">INFO</td><td><code><pre> * converting test 'test1' to XProc</pre></code></td></tr><tr style=""><td>0.160</td><td style="padding-left:0%;">INFO</td><td><code><pre>   * done</pre></code></td></tr><tr style=""><td>0.168</td><td style="padding-left:0%;">INFO</td><td><code><pre> * validating output grammar for file:/home/jostein/xprocspec/xprocspec/src/test/xprocspec/tests/document-1.xprocspec</pre></code></td></tr><tr style=""><td>0.175</td><td style="padding-left:0%;">INFO</td><td><code><pre>   * done!</pre></code></td></tr><tr style=""><td>0.183</td><td style="padding-left:0%;">INFO</td><td><code><pre> * using as temporary directory: file:/tmp/xprocspec-20131202143557583/xprocspec-20131202143616067/</pre></code></td></tr><tr style=""><td>0.189</td><td style="padding-left:0%;">INFO</td><td><code><pre>storing...</pre></code></td></tr><tr style=""><td>0.200</td><td style="padding-left:0%;">INFO</td><td><code><pre>running...</pre></code></td></tr><tr style=""><td>0.342</td><td style="padding-left:0%;">INFO</td><td><code><pre>   * loading 'file:/tmp/xprocspec-20131202143557583/test1.xpl'</pre></code></td></tr><tr style=""><td>0.408</td><td style="padding-left:0%;">INFO</td><td><code><pre>evaluating...</pre></code></td></tr><tr style=""><td>0.420</td><td style="padding-left:0%;">INFO</td><td><code><pre> * evaluating scenario 'identity' (file:/home/jostein/xprocspec/xprocspec/src/test/xprocspec/tests/document-1.xprocspec)</pre></code></td></tr><tr style=""><td>0.429</td><td style="padding-left:0%;">INFO</td><td><code><pre>   * resolving x:document elements...</pre></code></td></tr><tr style=""><td>0.459</td><td style="padding-left:0%;">INFO</td><td><code><pre>    * no errors occured</pre></code></td></tr><tr style=""><td>0.468</td><td style="padding-left:0%;">INFO</td><td><code><pre>loading "file:/home/jostein/xprocspec/xprocspec/src/test/xprocspec/tests/document-1.xprocspec"</pre></code></td></tr><tr style=""><td>0.570</td><td style="padding-left:0%;">INFO</td><td><code><pre>loading "file:/home/jostein/xprocspec/xprocspec/src/test/xprocspec/tests/document-1.resources/text.txt"</pre></code></td></tr><tr style=""><td>0.585</td><td style="padding-left:0%;">INFO</td><td><code><pre>loading "file:/home/jostein/xprocspec/xprocspec/src/test/xprocspec/tests/document-1.resources/image.png"</pre></code></td></tr><tr style=""><td>0.600</td><td style="padding-left:0%;">INFO</td><td><code><pre>loading "file:/home/jostein/xprocspec/xprocspec/src/test/xprocspec/tests/document-1.resources/xhtml5.html"</pre></code></td></tr><tr style=""><td>0.619</td><td style="padding-left:0%;">INFO</td><td><code><pre>loading "file:/home/jostein/xprocspec/xprocspec/src/test/xprocspec/tests/document-1.resources/html5.html"</pre></code></td></tr><tr style=""><td>0.744</td><td style="padding-left:0%;">INFO</td><td><code><pre>   * grouping x:expect elements with their x:context...</pre></code></td></tr><tr style=""><td>0.758</td><td style="padding-left:0%;">INFO</td><td><code><pre>   * evaluating each context/expect group...</pre></code></td></tr><tr style=""><td>0.766</td><td style="padding-left:0%;">INFO</td><td><code><pre>     * setting context to 'the options'</pre></code></td></tr><tr style=""><td>0.774</td><td style="padding-left:0%;">INFO</td><td><code><pre>       * testing assertion 'There should be a single document on the options port'</pre></code></td></tr><tr style=""><td>0.782</td><td style="padding-left:0%;">INFO</td><td><code><pre>         * is document count assertion</pre></code></td></tr><tr style=""><td>0.789</td><td style="padding-left:0%;">INFO</td><td><code><pre>         * assertion passed</pre></code></td></tr><tr style=""><td>0.800</td><td style="padding-left:0%;">INFO</td><td><code><pre>     * setting context to 'the primary input port'</pre></code></td></tr><tr style=""><td>0.808</td><td style="padding-left:0%;">INFO</td><td><code><pre>       * testing assertion 'There should be a single document on the primary input port'</pre></code></td></tr><tr style=""><td>0.817</td><td style="padding-left:0%;">INFO</td><td><code><pre>         * is document count assertion</pre></code></td></tr><tr style=""><td>0.826</td><td style="padding-left:0%;">INFO</td><td><code><pre>         * assertion passed</pre></code></td></tr><tr style=""><td>0.835</td><td style="padding-left:0%;">INFO</td><td><code><pre>     * setting context to 'the errors'</pre></code></td></tr><tr style=""><td>0.842</td><td style="padding-left:0%;">INFO</td><td><code><pre>       * testing assertion 'There should be no errors'</pre></code></td></tr><tr style=""><td>0.851</td><td style="padding-left:0%;">INFO</td><td><code><pre>         * is document count assertion</pre></code></td></tr><tr style=""><td>0.858</td><td style="padding-left:0%;">INFO</td><td><code><pre>         * assertion passed</pre></code></td></tr><tr style=""><td>0.868</td><td style="padding-left:0%;">INFO</td><td><code><pre>     * setting context to 'the xprocspec test document'</pre></code></td></tr><tr style=""><td>0.877</td><td style="padding-left:0%;">INFO</td><td><code><pre>       * testing assertion 'The loaded document should be itself (x:description as root element)'</pre></code></td></tr><tr style=""><td>0.888</td><td style="padding-left:0%;">INFO</td><td><code><pre>         * is xpath assertion</pre></code></td></tr><tr style=""><td>0.900</td><td style="padding-left:0%;">INFO</td><td><code><pre>     * setting context to 'an inline 'test' element'</pre></code></td></tr><tr style=""><td>0.909</td><td style="padding-left:0%;">INFO</td><td><code><pre>       * testing assertion 'There should be one inline document'</pre></code></td></tr><tr style=""><td>0.918</td><td style="padding-left:0%;">INFO</td><td><code><pre>         * is document count assertion</pre></code></td></tr><tr style=""><td>0.926</td><td style="padding-left:0%;">INFO</td><td><code><pre>         * assertion passed</pre></code></td></tr><tr style=""><td>0.936</td><td style="padding-left:0%;">INFO</td><td><code><pre>       * testing assertion 'The inline document should have a 'test' root element'</pre></code></td></tr><tr style=""><td>0.945</td><td style="padding-left:0%;">INFO</td><td><code><pre>         * is xpath assertion</pre></code></td></tr><tr style=""><td>0.956</td><td style="padding-left:0%;">INFO</td><td><code><pre>       * testing assertion 'The base URI should be that of the xprocspec test document'</pre></code></td></tr><tr style=""><td>0.966</td><td style="padding-left:0%;">INFO</td><td><code><pre>         * is xpath assertion</pre></code></td></tr><tr style=""><td>0.977</td><td style="padding-left:0%;">INFO</td><td><code><pre>     * setting context to 'an inline 'test' element with base-uri set to 'temp-dir''</pre></code></td></tr><tr style=""><td>0.986</td><td style="padding-left:0%;">INFO</td><td><code><pre>       * testing assertion 'The base URI should be that of the temporary directory'</pre></code></td></tr><tr style=""><td>0.997</td><td style="padding-left:0%;">INFO</td><td><code><pre>         * is xpath assertion</pre></code></td></tr><tr style=""><td>1.008</td><td style="padding-left:0%;">INFO</td><td><code><pre>     * setting context to 'an inline 'test' element with base-uri set to 'temp-dir' and the document element having a relative xml:base'</pre></code></td></tr><tr style=""><td>1.017</td><td style="padding-left:0%;">INFO</td><td><code><pre>       * testing assertion 'The base URI should be that of the temporary directory'</pre></code></td></tr><tr style=""><td>1.027</td><td style="padding-left:0%;">INFO</td><td><code><pre>         * is xpath assertion</pre></code></td></tr><tr style=""><td>1.039</td><td style="padding-left:0%;">INFO</td><td><code><pre>     * setting context to 'the './document-1.resources/' directory; non-recursive'</pre></code></td></tr><tr style=""><td>1.048</td><td style="padding-left:0%;">INFO</td><td><code><pre>       * testing assertion 'The directory listing should equal the predefined non-recursive directory listing'</pre></code></td></tr><tr style=""><td>1.057</td><td style="padding-left:0%;">INFO</td><td><code><pre>         * is document comparison</pre></code></td></tr><tr style=""><td>1.069</td><td style="padding-left:0%;">INFO</td><td><code><pre>         * assertion passed</pre></code></td></tr><tr style=""><td>1.079</td><td style="padding-left:0%;">INFO</td><td><code><pre>     * setting context to 'the './document-1.resources/' directory; recursive'</pre></code></td></tr><tr style=""><td>1.089</td><td style="padding-left:0%;">INFO</td><td><code><pre>       * testing assertion 'The directory listing should equal the predefined recursive directory listing'</pre></code></td></tr><tr style=""><td>1.099</td><td style="padding-left:0%;">INFO</td><td><code><pre>         * is document comparison</pre></code></td></tr><tr style=""><td>1.113</td><td style="padding-left:0%;">INFO</td><td><code><pre>         * assertion passed</pre></code></td></tr><tr style=""><td>1.124</td><td style="padding-left:0%;">INFO</td><td><code><pre>     * setting context to 'The [doc1,doc2] sequence: position=1'</pre></code></td></tr><tr style=""><td>1.134</td><td style="padding-left:0%;">INFO</td><td><code><pre>       * testing assertion 'Should be doc1'</pre></code></td></tr><tr style=""><td>1.145</td><td style="padding-left:0%;">INFO</td><td><code><pre>         * is document comparison</pre></code></td></tr><tr style=""><td>1.157</td><td style="padding-left:0%;">INFO</td><td><code><pre>         * assertion passed</pre></code></td></tr><tr style=""><td>1.168</td><td style="padding-left:0%;">INFO</td><td><code><pre>     * setting context to 'The [doc1,doc2] sequence: position=2'</pre></code></td></tr><tr style=""><td>1.178</td><td style="padding-left:0%;">INFO</td><td><code><pre>       * testing assertion 'Should be doc2'</pre></code></td></tr><tr style=""><td>1.189</td><td style="padding-left:0%;">INFO</td><td><code><pre>         * is document comparison</pre></code></td></tr><tr style=""><td>1.201</td><td style="padding-left:0%;">INFO</td><td><code><pre>         * assertion passed</pre></code></td></tr><tr style=""><td>1.216</td><td style="padding-left:0%;">INFO</td><td><code><pre>     * setting context to 'The [doc1,doc2] sequence: position=all'</pre></code></td></tr><tr style=""><td>1.226</td><td style="padding-left:0%;">INFO</td><td><code><pre>       * testing assertion 'Should be both doc1 and doc2'</pre></code></td></tr><tr style=""><td>1.236</td><td style="padding-left:0%;">INFO</td><td><code><pre>         * is document comparison</pre></code></td></tr><tr style=""><td>1.248</td><td style="padding-left:0%;">INFO</td><td><code><pre>         * assertion passed</pre></code></td></tr><tr style=""><td>1.259</td><td style="padding-left:0%;">INFO</td><td><code><pre>     * setting context to 'The [doc1,doc2] sequence: position=last'</pre></code></td></tr><tr style=""><td>1.269</td><td style="padding-left:0%;">INFO</td><td><code><pre>       * testing assertion 'Should be doc2'</pre></code></td></tr><tr style=""><td>1.279</td><td style="padding-left:0%;">INFO</td><td><code><pre>         * is document comparison</pre></code></td></tr><tr style=""><td>1.291</td><td style="padding-left:0%;">INFO</td><td><code><pre>         * assertion passed</pre></code></td></tr><tr style=""><td>1.302</td><td style="padding-left:0%;">INFO</td><td><code><pre>     * setting context to 'A text file'</pre></code></td></tr><tr style=""><td>1.444</td><td style="padding-left:0%;">INFO</td><td><code><pre>       * testing assertion 'Should contain the expected text'</pre></code></td></tr><tr style=""><td>1.455</td><td style="padding-left:0%;">INFO</td><td><code><pre>         * is document comparison</pre></code></td></tr><tr style=""><td>1.468</td><td style="padding-left:0%;">INFO</td><td><code><pre>         * assertion passed</pre></code></td></tr><tr style=""><td>1.479</td><td style="padding-left:0%;">INFO</td><td><code><pre>     * setting context to 'A binary file (image file)'</pre></code></td></tr><tr style=""><td>1.490</td><td style="padding-left:0%;">INFO</td><td><code><pre>       * testing assertion 'Should contain the expected bytes'</pre></code></td></tr><tr style=""><td>1.500</td><td style="padding-left:0%;">INFO</td><td><code><pre>         * is document comparison</pre></code></td></tr><tr style=""><td>1.513</td><td style="padding-left:0%;">INFO</td><td><code><pre>         * assertion passed</pre></code></td></tr><tr style=""><td>1.524</td><td style="padding-left:0%;">INFO</td><td><code><pre>     * setting context to 'An XHTML5 file (well-formed XML)'</pre></code></td></tr><tr style=""><td>1.535</td><td style="padding-left:0%;">INFO</td><td><code><pre>       * testing assertion 'Should contain the expected content'</pre></code></td></tr><tr style=""><td>1.545</td><td style="padding-left:0%;">INFO</td><td><code><pre>         * is document comparison</pre></code></td></tr><tr style=""><td>1.559</td><td style="padding-left:0%;">INFO</td><td><code><pre>         * assertion passed</pre></code></td></tr><tr style=""><td>1.570</td><td style="padding-left:0%;">INFO</td><td><code><pre>     * setting context to 'An HTML5 file (not well-formed XML)'</pre></code></td></tr><tr style=""><td>1.581</td><td style="padding-left:0%;">INFO</td><td><code><pre>       * testing assertion 'Should contain the expected content'</pre></code></td></tr><tr style=""><td>1.592</td><td style="padding-left:0%;">INFO</td><td><code><pre>         * is document comparison</pre></code></td></tr><tr style=""><td>1.606</td><td style="padding-left:0%;">INFO</td><td><code><pre>         * assertion passed</pre></code></td></tr><tr style=""><td>1.618</td><td style="padding-left:0%;">INFO</td><td><code><pre>     * setting context to 'Portions of an XML document selected using the select attribute'</pre></code></td></tr><tr style=""><td>1.630</td><td style="padding-left:0%;">INFO</td><td><code><pre>       * testing assertion 'There should be a sequence of five spans (id=1,2,3,4,5)'</pre></code></td></tr><tr style=""><td>1.641</td><td style="padding-left:0%;">INFO</td><td><code><pre>         * is document comparison</pre></code></td></tr><tr style=""><td>1.655</td><td style="padding-left:0%;">INFO</td><td><code><pre>         * assertion passed</pre></code></td></tr><tr style=""><td>1.666</td><td style="padding-left:0%;">INFO</td><td><code><pre>     * setting context to 'Portions of an XML document selected using the select attribute which references a namespace using a namespace prefix'</pre></code></td></tr><tr style=""><td>1.678</td><td style="padding-left:0%;">INFO</td><td><code><pre>       * testing assertion 'There should be a sequence of two `xyz:element` elements'</pre></code></td></tr><tr style=""><td>1.689</td><td style="padding-left:0%;">INFO</td><td><code><pre>         * is document comparison</pre></code></td></tr><tr style=""><td>1.703</td><td style="padding-left:0%;">INFO</td><td><code><pre>         * assertion passed</pre></code></td></tr><tr style=""><td>1.715</td><td style="padding-left:0%;">INFO</td><td><code><pre>     * setting context to 'Portions of an XML document selected using the select attribute which references a namespace using the default namespace (xmlns='...')'</pre></code></td></tr><tr style=""><td>1.727</td><td style="padding-left:0%;">INFO</td><td><code><pre>       * testing assertion 'There should be a sequence of two `element` elements'</pre></code></td></tr><tr style=""><td>1.738</td><td style="padding-left:0%;">INFO</td><td><code><pre>         * is document comparison</pre></code></td></tr><tr style=""><td>1.752</td><td style="padding-left:0%;">INFO</td><td><code><pre>         * assertion passed</pre></code></td></tr><tr style=""><td>1.786</td><td style="padding-left:0%;">INFO</td><td><code><pre>reporting...</pre></code></td></tr></tbody></table><link rel="stylesheet" href="http://yandex.st/highlightjs/7.3/styles/default.min.css"/><script type="text/javascript" src="http://yandex.st/highlightjs/7.3/highlight.min.js" xml:space="preserve"> </script><script type="text/javascript">hljs.initHighlightingOnLoad();</script></body></html></x:document></x:output><x:output port="junit"><x:document xml:base="file:/home/jostein/xprocspec/xprocspec/src/main/resources/content/xml/xproc/report/report.xpl" xml:space="preserve" type="inline"><testsuites tests="22" failures="0" time="1.798" errors="0" name="document1"><testsuite timestamp="2013-12-02T13:36:17.749Z" hostname="localhost" tests="22" errors="0" failures="0" skipped="0" id="d37677e1" name="identity" package="http://example.net/ns" time="0.01">
<properties><property name="input: source.document.secondary.sequence" value="&lt;doc1 xmlns=&#34;&#34; .../&gt; (Base URI: file:/home/jostein/xprocspec/xprocspec/src/test/xprocspec/tests/document-1.xprocspec)&#xA;&lt;doc2 xmlns=&#34;&#34; .../&gt; (Base URI: file:/home/jostein/xprocspec/xprocspec/src/test/xprocspec/tests/document-1.xprocspec)"/>

<property name="option: option.required" value=""/>

</properties>
<testcase name="ThereShouldBeASingleDocumentOnTheOptionsPort" classname="identity" assertions="1" time="0" status="SUCCESS"><system-out>There should be a single document on the options port: SUCCESS</system-out>
<system-err/></testcase><testcase name="ThereShouldBeASingleDocumentOnThePrimaryInputPort" classname="identity" assertions="1" time="0" status="SUCCESS"><system-out>There should be a single document on the primary input port: SUCCESS</system-out>
<system-err/></testcase><testcase name="ThereShouldBeNoErrors" classname="identity" assertions="1" time="0" status="SUCCESS"><system-out>There should be no errors: SUCCESS</system-out>
<system-err/></testcase><testcase name="TheLoadedDocumentShouldBeItselfXdescriptionAsRootElement" classname="identity" assertions="1" time="0" status="SUCCESS"><system-out>The loaded document should be itself (x:description as root element): SUCCESS</system-out>
<system-err/></testcase><testcase name="ThereShouldBeOneInlineDocument" classname="identity" assertions="1" time="0" status="SUCCESS"><system-out>There should be one inline document: SUCCESS</system-out>
<system-err/></testcase><testcase name="TheInlineDocumentShouldHaveATestRootElement" classname="identity" assertions="1" time="0" status="SUCCESS"><system-out>The inline document should have a 'test' root element: SUCCESS</system-out>
<system-err/></testcase><testcase name="TheBaseURIShouldBeThatOfTheXprocspecTestDocument" classname="identity" assertions="1" time="0" status="SUCCESS"><system-out>The base URI should be that of the xprocspec test document: SUCCESS</system-out>
<system-err/></testcase><testcase name="TheBaseURIShouldBeThatOfTheTemporaryDirectory" classname="identity" assertions="1" time="0" status="SUCCESS"><system-out>The base URI should be that of the temporary directory: SUCCESS</system-out>
<system-err/></testcase><testcase name="TheBaseURIShouldBeThatOfTheTemporaryDirectory" classname="identity" assertions="1" time="0" status="SUCCESS"><system-out>The base URI should be that of the temporary directory: SUCCESS</system-out>
<system-err/></testcase><testcase name="TheDirectoryListingShouldEqualThePredefinedNonrecursiveDirectoryListing" classname="identity" assertions="1" time="0" status="SUCCESS"><system-out>The directory listing should equal the predefined non-recursive directory listing: SUCCESS</system-out>
<system-err/></testcase><testcase name="TheDirectoryListingShouldEqualThePredefinedRecursiveDirectoryListing" classname="identity" assertions="1" time="0" status="SUCCESS"><system-out>The directory listing should equal the predefined recursive directory listing: SUCCESS</system-out>
<system-err/></testcase><testcase name="ShouldBeDoc1" classname="identity" assertions="1" time="0" status="SUCCESS"><system-out>Should be doc1: SUCCESS</system-out>
<system-err/></testcase><testcase name="ShouldBeDoc2" classname="identity" assertions="1" time="0" status="SUCCESS"><system-out>Should be doc2: SUCCESS</system-out>
<system-err/></testcase><testcase name="ShouldBeBothDoc1AndDoc2" classname="identity" assertions="1" time="0" status="SUCCESS"><system-out>Should be both doc1 and doc2: SUCCESS</system-out>
<system-err/></testcase><testcase name="ShouldBeDoc2" classname="identity" assertions="1" time="0" status="SUCCESS"><system-out>Should be doc2: SUCCESS</system-out>
<system-err/></testcase><testcase name="ShouldContainTheExpectedText" classname="identity" assertions="1" time="0" status="SUCCESS"><system-out>Should contain the expected text: SUCCESS</system-out>
<system-err/></testcase><testcase name="ShouldContainTheExpectedBytes" classname="identity" assertions="1" time="0" status="SUCCESS"><system-out>Should contain the expected bytes: SUCCESS</system-out>
<system-err/></testcase><testcase name="ShouldContainTheExpectedContent" classname="identity" assertions="1" time="0" status="SUCCESS"><system-out>Should contain the expected content: SUCCESS</system-out>
<system-err/></testcase><testcase name="ShouldContainTheExpectedContent" classname="identity" assertions="1" time="0" status="SUCCESS"><system-out>Should contain the expected content: SUCCESS</system-out>
<system-err/></testcase><testcase name="ThereShouldBeASequenceOfFiveSpansId=12345" classname="identity" assertions="1" time="0" status="SUCCESS"><system-out>There should be a sequence of five spans (id=1,2,3,4,5): SUCCESS</system-out>
<system-err/></testcase><testcase name="ThereShouldBeASequenceOfTwo`xyzelement`Elements" classname="identity" assertions="1" time="0" status="SUCCESS"><system-out>There should be a sequence of two `xyz:element` elements: SUCCESS</system-out>
<system-err/></testcase><testcase name="ThereShouldBeASequenceOfTwo`element`Elements" classname="identity" assertions="1" time="0" status="SUCCESS"><system-out>There should be a sequence of two `element` elements: SUCCESS</system-out>
<system-err/></testcase></testsuite></testsuites></x:document></x:output><x:test-result type="count" label="the step should execute successfully without throwing any errors" max="0" contextref="errors" result="passed">
                                                        <x:expected>At most 0 documents.</x:expected>
                                                    <x:was>0</x:was></x:test-result><x:test-result label="there should be at least one test, and none of the tests should fail" type="xpath" test="not(/*/@tests='0') and /*/@failures='0' and /*/@errors='0'" contextref="context15" result="passed"><x:expected xml:space="preserve">XPath: true()
Value: true</x:expected><x:was xml:space="preserve">XPath: not(/*/@tests='0') and /*/@failures='0' and /*/@errors='0'
Value: true</x:was></x:test-result></x:description><x:description xmlns:cx="http://xmlcalabash.com/ns/extensions" xmlns:c="http://www.w3.org/ns/xproc-step" xml:base="file:/home/jostein/xprocspec/xprocspec/src/test/xprocspec/test.xprocspec" test-base-uri="file:/home/jostein/xprocspec/xprocspec/src/test/xprocspec/test.xprocspec" script="file:/home/jostein/xprocspec/xprocspec/src/main/resources/content/xml/xproc/xprocspec.xpl" test-grammar="xprocspec" temp-dir="file:/tmp/xprocspec-20131202143557583/"><x:step-declaration><p:declare-step xmlns:p="http://www.w3.org/ns/xproc" xmlns:px="http://www.daisy.org/ns/xprocspec" xmlns:pxi="http://www.daisy.org/ns/xprocspec/xproc-internal/" xmlns:pkg="http://expath.org/ns/pkg" type="px:xprocspec" name="main" version="1.0" xpath-version="2.0" pkg:import-uri="http://www.daisy.org/ns/xprocspec/xprocspec.xpl" x:type="{http://www.daisy.org/ns/xprocspec}xprocspec"><p:input port="source" kind="document" sequence="false" primary="true"/><p:output port="result" kind="document" sequence="false" primary="false"><p:pipe port="result" step="report"/></p:output><p:output port="html" kind="document" sequence="false" primary="false"><p:pipe port="html" step="report"/></p:output><p:output port="junit" kind="document" sequence="false" primary="false"><p:pipe port="junit" step="report"/></p:output><p:option name="temp-dir" select="'file:/tmp/'"/><p:option name="step-available-rng" select="'false'"/></p:declare-step></x:step-declaration><x:scenario end-time="2013-12-02T13:36:18.864Z" label="the document element - the 'errors' type" start-time="2013-12-02T13:36:18.336Z"><x:call x:type="{http://www.daisy.org/ns/xprocspec}xprocspec" step="x:xprocspec"><x:option select="$temp-dir" name="temp-dir" value="file:/tmp/xprocspec-20131202143557583/"/><x:input port="source">
                    <x:document xml:base="file:/home/jostein/xprocspec/xprocspec/src/test/xprocspec/test.xprocspec" xml:space="preserve" type="inline"><?xml-model href="http://www.daisy.org/ns/xprocspec/xprocspec.rng" type="application/xml" schematypens="http://relaxng.org/ns/structure/1.0"?><x:description xmlns:e="http://example.net/ns" script="../steps/error.xpl">

    <x:scenario label="error">
        <x:call step="e:error"/>

        <!-- test getting errors document (should be c:errors when errors) -->
        <x:context label="the error document">
            <x:document type="errors"/>
        </x:context>
        <x:expect label="the error document must have c:errors as its root element" type="xpath" test="/c:errors"/>
        <x:expect label="the error document must match the expected error document" type="compare" pending="this does not work in the current version of calabash; catching errors that are thrown from invoked             steps does not work properly, only errors that are thrown directly inside the try/group-element.             See if it works in the newest version of calabash before submitting an issue report.">
            <x:document type="inline">
                <c:errors>
                    <c:error code="ex:TODO"/>
                </c:errors>
            </x:document>
        </x:expect>
    </x:scenario>

</x:description></x:document>
                </x:input></x:call>
                                                <x:context label="errors" id="errors">
                                                    
                                                </x:context>
                                            
                                                <x:expect type="count" label="the step should execute successfully without throwing any errors" max="0" contextref="errors"/>
                                            <x:context label="the junit output port" id="context16">
                <x:document xml:base="file:/home/jostein/xprocspec/xprocspec/src/main/resources/content/xml/xproc/report/report.xpl" xml:space="preserve" type="inline"><testsuites tests="2" failures="0" time="0.456" errors="0" name="document2"><testsuite timestamp="2013-12-02T13:36:18.805Z" hostname="localhost" tests="2" errors="0" failures="0" skipped="1" id="d39174e1" name="error" package="http://example.net/ns" time="0.003">
<properties>


</properties>
<testcase name="theErrorDocumentMustHaveCerrorsAsItsRootElement" classname="error" assertions="1" time="0" status="SUCCESS"><system-out>the error document must have c:errors as its root element: SUCCESS</system-out>
<system-err/></testcase><testcase name="theErrorDocumentMustMatchTheExpectedErrorDocument" classname="error" assertions="1" time="0"><skipped type="xprocspec.skip" message="this does not work in the current version of calabash; catching errors that are thrown from invoked             steps does not work properly, only errors that are thrown directly inside the try/group-element.             See if it works in the newest version of calabash before submitting an issue report.">this does not work in the current version of calabash; catching errors that are thrown from invoked             steps does not work properly, only errors that are thrown directly inside the try/group-element.             See if it works in the newest version of calabash before submitting an issue report.</skipped><system-out>the error document must match the expected error document: SKIPPED</system-out>
<system-err/></testcase></testsuite></testsuites></x:document>
            </x:context><x:expect label="there should be at least one test, and none of the tests should fail" type="xpath" test="not(/*/@tests='0') and /*/@failures='0' and /*/@errors='0'" contextref="context16"/></x:scenario><x:output port="result"><x:document xml:base="file:/home/jostein/xprocspec/xprocspec/src/main/resources/content/xml/xproc/report/report.xpl" xml:space="preserve" type="inline"><x:test-report><x:description xml:base="file:/home/jostein/xprocspec/xprocspec/src/test/xprocspec/tests/document-2.xprocspec" test-base-uri="file:/home/jostein/xprocspec/xprocspec/src/test/xprocspec/tests/document-2.xprocspec" script="file:/home/jostein/xprocspec/xprocspec/src/test/xprocspec/steps/error.xpl" test-grammar="xprocspec" temp-dir="file:/tmp/xprocspec-20131202143557583/xprocspec-20131202143618583/"><x:step-declaration><p:declare-step xmlns:p="http://www.w3.org/ns/xproc" xmlns:ex="http://example.net/ns" name="main" type="ex:error" version="1.0" x:type="{http://example.net/ns}error"><p:output port="result" kind="document" sequence="false" primary="true"/></p:declare-step></x:step-declaration><x:scenario xmlns:e="http://example.net/ns" end-time="2013-12-02T13:36:18.671Z" label="error" start-time="2013-12-02T13:36:18.668Z"><x:call x:type="{http://example.net/ns}error" step="e:error"/><x:context label="the error document" id="context0">
            <x:document xml:base="file:/home/jostein/xprocspec/xprocspec/src/test/xprocspec/tests/document-2.xprocspec" xml:space="preserve" type="inline"><c:errors test-base-uri="file:/home/jostein/xprocspec/xprocspec/src/test/xprocspec/tests/document-2.xprocspec" error-location="running the script"/></x:document>
        </x:context><x:expect label="the error document must have c:errors as its root element" type="xpath" test="/c:errors" contextref="context0"/><x:expect label="the error document must match the expected error document" type="compare" pending="this does not work in the current version of calabash; catching errors that are thrown from invoked             steps does not work properly, only errors that are thrown directly inside the try/group-element.             See if it works in the newest version of calabash before submitting an issue report." normalize-space="true" contextref="context0">
            
        </x:expect></x:scenario><c:errors test-base-uri="file:/home/jostein/xprocspec/xprocspec/src/test/xprocspec/tests/document-2.xprocspec" error-location="running the script"/><x:test-result xmlns:e="http://example.net/ns" label="the error document must have c:errors as its root element" type="xpath" test="/c:errors" contextref="context0" result="passed"><x:expected xml:space="preserve">XPath: true()
Value: true</x:expected><x:was xml:space="preserve">XPath: /c:errors
Value: </x:was></x:test-result>
                                                    <x:test-result xmlns:e="http://example.net/ns" label="the error document must match the expected error document" type="compare" pending="this does not work in the current version of calabash; catching errors that are thrown from invoked             steps does not work properly, only errors that are thrown directly inside the try/group-element.             See if it works in the newest version of calabash before submitting an issue report." normalize-space="true" contextref="context0" result="skipped"/>
                                                </x:description></x:test-report></x:document></x:output><x:output port="html"><x:document xml:base="file:/home/jostein/xprocspec/xprocspec/src/main/resources/content/xml/xproc/report/report-template.xhtml" xml:space="preserve" type="inline"><html xmlns="http://www.w3.org/1999/xhtml"><head><title>Test Report for file:/home/jostein/xprocspec/xprocspec/src/test/xprocspec/tests/document-2.xprocspec (passed:1 / pending:1 / failed:0 / errors:0 / total:2)</title>
        <meta charset="utf-8"/>
        <style type="text/css" xml:space="preserve">/**/
/****************************************************************************/
/*  File:       test-report.css                                             */
/*  Author:     Jeni Tennsion                                               */
/*  URI:        http://xspec.googlecode.com/                                */
/*  Tags:                                                                   */
/*    Copyright (c) 2008, 2010 Jeni Tennsion (see end of file.)             */
/* ------------------------------------------------------------------------ */


/* test */

/* box model */

body {
	margin-right: 1em;
	/*margin-left: 10%;*/
	}

h1 {
	padding: 0.3em 0.5em 0.3em 0.5em;
	position: relative;
	}

h2 {
	padding: 0.1em 0.5em 0.2em 0.5em;
	}

h3 {
	padding-left: 0.6em;
	}

h4 {
	padding-left: 0.8em;
	}

p, table {
	/*margin-left: 5%;*/
	}

dd ul, dd ol {
	margin-left: 0%;
	}

li ul, li ol {
	/*margin-left: 5%;*/
	}

dl, ul, ol, blockquote {
	/*margin-left: 10%;*/
	}

dt {
  padding-top: 3px;
  padding-bottom: 3px;
	clear: both;
	}

dd p {
	/*margin-left: -5px;*/
	margin-top: 5px;
	clear: both;
	}

p.link {
	margin-top: 4px;
	margin-bottom: 0px;
	clear: both;
	}

tr td, td p, li, li p {
	margin-left: 0%;
	}

td:nth-child(2) {
	padding-left: 5%;
	}

.link img, dt img {
	vertical-align: middle;
	position: relative;
	top: -5px;
	}

img {
	position: relative;
	}

#xml-link {
	position: absolute;
	left: 5px;
	top: 5px;
	width: 10%;
	margin-left: 0%;
	}

#link-up {
	position: absolute;
	left: 93%;
	right: 2em;
	top: 0.3em;
	}

#link-top {
	position: absolute;
	left: 89%;
	right: 4em;
	top: 0.3em;
	}
	
.popup {
	display: block;
	visibility: hidden;
	float: right;
	position: absolute;
	top: 5px;
	left: -200px;
	z-index: 1;
	padding: 0.3em;
	width: 220px;
	}

.note {
	position: relative;
	}

.post {
	/*margin-left: 5%;*/
	padding-top: 1em;
	}
	
.example, .sidebar {
  /*margin-left: 5%;*/
  margin-top: 1em;
  margin-bottom: 1em;
  }

/*pre {
	padding-left: 5%;
	margin-left: 5%;
	}*/

/*dd pre, li pre {
	padding-left: 5%;
	}*/

/* fonts */
/* Oxygen  */
body, table {
    font-family:arial, helvetica, sans-serif;
    font-size:12px;
}
/* Oxygen  */

/*body {
	font-family: Verdana, arial, sans-serif;
	font-size: small;
	}*/	

/*h1, h2, h3, h4, h5, h6 {
	font-family: 'trebuchet MS', arial, sans-serif;
	}*/

h1 {
	font-size: 173%;
	font-weight: bold;
	}

h2 {
	font-size: 144%;
	font-weight: normal;
	}

h3 {
	font-size: 120%;
	font-weight: normal;
	}

h4 {
  font-size: 100%;
  font-weight: bold;
}

dt {
	font-weight: bold;
	}

a:link, a:visited, a:active, a:hover {
	font-weight: bold;
	}

a.offsite:link, a.offsite:visited, a.offsite:active, a.offsite:hover {
	font-weight: normal;
	}

/* suppress the normal italics */
address {
	font-style: normal;
	}

div.example, .sidebar {
  font-family: Verdana, arial, sans-serif;
  font-size: 100%;
  }


.note, .link {
	font-family: Verdana, arial, sans-serif;
	/*font-size: 83%;*/
	}

/*.example, .string, .rtf, .code, pre, code {
	font-family: "Lucida Console", "Courier New", monospace;*/
  /*font-size: 83%;*/
/*	}*/

.boolean {
	font-style: italic;
	}

#colophon, #xml-link {
	font-size: 69%;
	}

.question, .title {
	font-weight: bold;
	}

/* colours */
body {
	background-color: white;
	color: black;
	border: 0px none black;
	}

/* this is to make Navigator fill the entire line */
h1, h2 {
	border: 1px solid white;
	width: auto;
	}

h1 {
	/*background: #606;*/
	/*color: #6F6;*/
	}

h2 {
	color: #606;
	/*background: #CFC;*/
	}

hr {
	color: #606;
	background: white;
	}

img, a:link img, a:visited img, a:hover img, a:active img, #link-up img, #link-top img {
	border: 0px none white;
	background: transparent;
	}

/* OXYGEN */
a, a:visited {
    color:rgb(0, 0, 150);
    background-color:inherit;
    font-weight: bold;
}
a:link, a:visited {
    text-decoration:none; 
}
a:hover {
    text-decoration:underline;
}

/* OXYGEN */

a.img:hover, a.img:active {
	background: transparent;
	}

#colophon, #xml-link, .note {
	color: #666;
	}

#colophon a:link, #colophon a:visited, #colophon a:hover,
#xml-link a:link, #xml-link a:visited, #xml-link a:hover,
.note a:link, .note a:visited, .note a:hover {
	color: #969;
	background: transparent;
	}

#colophon a:hover, #xml-link a:hover, .note a:hover {
	background: #CFC;
	color: #969;
	}

.popup {
	background: white;
	border: 1px solid #606;
	}

.post {
	border-top: 2px solid #606;
	}
	
.example {
  border-top: 2px solid #606;
  border-bottom: 2px solid #606;
  }
  
.sidebar {
  border-top: 2px solid #090;
  border-bottom: 2px solid #090;
  }
  
.rng {
  border-left: 2px solid #666;
  }

.same {
  background-color: rgb(206, 239, 174);
}

.diff {
  background-color: #FCC;
}

.whitespace {
	font-style: italic;
	color: #999;
	background: white;
}

.ignored {
  font-style: italic;
  color: #999;
  background: white;
}

.hit {
}

.missed {
  background-color: #A33;
  color: white;
}

/* text */
ol ol li {
	list-style: lower-alpha;
	}

th {
	text-align: left;
	}

td {
	vertical-align: top;
	}

h1 {
	text-transform: uppercase;
	}

h2, h3 {
	/*text-transform: capitalize;*/
	}

.question {
	text-indent: -33px;
	}

.byline {
	text-align: right;
	}

#link-top, #link-up {
	text-align: right;
	}

a {
	text-decoration: none;
	}

table { width: 85%;
        /* border: collapse; */ }

th { text-align: left; }

.xspec tbody th { font-weight: normal; /*font-size: 0.8em;*/ border-top: 1px #666 solid; }
.xspec tbody td { /*font-size: 0.8em;*/ color: #666; }

.successful.label th, .successful.label td { background-color: #CFC; }
.pending.label th, .pending.label td { background-color: #DDD; color: #666; }
.failed.label th, .failed.label td { background-color: #FCC; }
.error.label th, .error.label td { background-color: #FAA; }
/*body &gt; table tbody .failed.label th:first-child:before {content:url(data:image/png;base64,iVBORw0KGgoAAAANSUhEUgAAAAwAAAAMCAYAAABWdVznAAAAGXRFWHRTb2Z0d2FyZQBBZG9iZSBJbWFnZVJlYWR5ccllPAAAA2ZpVFh0WE1MOmNvbS5hZG9iZS54bXAAAAAAADw/eHBhY2tldCBiZWdpbj0i77u/IiBpZD0iVzVNME1wQ2VoaUh6cmVTek5UY3prYzlkIj8+IDx4OnhtcG1ldGEgeG1sbnM6eD0iYWRvYmU6bnM6bWV0YS8iIHg6eG1wdGs9IkFkb2JlIFhNUCBDb3JlIDUuMy1jMDExIDY2LjE0NTY2MSwgMjAxMi8wMi8wNi0xNDo1NjoyNyAgICAgICAgIj4gPHJkZjpSREYgeG1sbnM6cmRmPSJodHRwOi8vd3d3LnczLm9yZy8xOTk5LzAyLzIyLXJkZi1zeW50YXgtbnMjIj4gPHJkZjpEZXNjcmlwdGlvbiByZGY6YWJvdXQ9IiIgeG1sbnM6eG1wTU09Imh0dHA6Ly9ucy5hZG9iZS5jb20veGFwLzEuMC9tbS8iIHhtbG5zOnN0UmVmPSJodHRwOi8vbnMuYWRvYmUuY29tL3hhcC8xLjAvc1R5cGUvUmVzb3VyY2VSZWYjIiB4bWxuczp4bXA9Imh0dHA6Ly9ucy5hZG9iZS5jb20veGFwLzEuMC8iIHhtcE1NOk9yaWdpbmFsRG9jdW1lbnRJRD0ieG1wLmRpZDpCQjU0NjU4QjIyQTNFMTExQkI5Rjk5QkQ4RkQ5RUJFQiIgeG1wTU06RG9jdW1lbnRJRD0ieG1wLmRpZDpEQTUyOTdBQUEzRDUxMUUxQTQwN0YzMUI0Nzg3NDU1RSIgeG1wTU06SW5zdGFuY2VJRD0ieG1wLmlpZDpEQTUyOTdBOUEzRDUxMUUxQTQwN0YzMUI0Nzg3NDU1RSIgeG1wOkNyZWF0b3JUb29sPSJBZG9iZSBQaG90b3Nob3AgQ1M2IChXaW5kb3dzKSI+IDx4bXBNTTpEZXJpdmVkRnJvbSBzdFJlZjppbnN0YW5jZUlEPSJ4bXAuaWlkOjQ4MTZDRTNCRDVBM0UxMTFBQTI2QTBCMjZENzg1Qzg5IiBzdFJlZjpkb2N1bWVudElEPSJ4bXAuZGlkOkJCNTQ2NThCMjJBM0UxMTFCQjlGOTlCRDhGRDlFQkVCIi8+IDwvcmRmOkRlc2NyaXB0aW9uPiA8L3JkZjpSREY+IDwveDp4bXBtZXRhPiA8P3hwYWNrZXQgZW5kPSJyIj8+aHNJrgAAAZ1JREFUeNpsUssrRGEU/907985YMDPNYlh4hbKZPMdgR3aysrGSSFIeKyUKpewoRTYkmcgCf4MsMI2FPDYGKeUZSoru4/uc82VC+W7fOeee+zvn/M45V1uuyCmVwDogq0hDklD6jy1dspNkdxokVrIzPFUh0/MD5OdXoJDwPFtu3d2ns6TTp9oggTlFZlmN0o4AHMmXfJGo0lmGzoE1OgmNHf5YA8rmN5HfM6wADmUuHphA9cIW/JX1yiek9DIlyijxkNjBzXYche19gNcHzfShoLUdVxtLuD/cYzCoMAzCwqYrhMDx9Chs20JRWzf4nMcXcDI3pYAqQHIAtWUJbpKursMMhpA+RiAEGzpc4X5XkDB4GjaHmiZik/PIa2rBEWVlSuW9Q+T3YndskBi46QpQFcLltchtbEZyZhxna4uKhmV9Ito/gtPNOG4P99WItdlIWARNXWOAv6AEr9cplel7/ggUleDlMqUSvNnCobHKxDsNnqs8XaWUZopp/XhxTkOR+HDVOveYUge9rNLyY9SU9v+vwXuUB2R0fQkwABfn/VKSjTLBAAAAAElFTkSuQmCC) " "}*/
/*body &gt; table tbody .error.label th:first-child:before {content:url(data:image/png;base64,iVBORw0KGgoAAAANSUhEUgAAAAwAAAAMCAYAAABWdVznAAAABmJLR0QAAAAAAAD5Q7t/AAAACXBIWXMAAAsTAAALEwEAmpwYAAAAB3RJTUUH3QcKER4AdkxvvQAAAdVJREFUKM89kM9KG0EAh7/JTHazZInEQwJ68KIWLx6Etj6EjxAobYSsD+BjCJ682EOp0FMueYmS0FMICF4i6tFNzJ/dyRh2Znoo6Xf+Pn7wEzc3Nx/W6/UvY8xJnudkWYa1Fu893nviOCaKIhuG4R/v/Ve1Xq9/bG1tnezs7JDnOVpr3t/fcc4hpaRSqVCpVORqtTp9e3v7rrTWn5vNJpPJhHK5zHg8JssyvPeEYcjR0RFpmlKr1ZjP5x9Li8VCbOR2u83BwQEvLy88PT1xfHzMxcUFQgjSNCXLskDlec5sNuPx8REpJZ1Oh+fnZ4QQnJ+fc319Tb/fZ29vD601SmvNdDplsVhwe3vLaDTi6uoKgCRJGAwGNBoNXl9fMcZQcs5hjGG1WpHnObVajQ3VahWtNcYYjDE451Cb+7z3JElCkiScnZ0hpaTX67G7u0u328V7/y+oVqsIITg8PKTT6dBqtRgOhzjnaLVa3N3dcX9/z3K5JI5jxOXlpSuKQqRpirWWh4eH//Plcpn9/X2cc2xvb1MqlQqllBpYa0/jOGYymdBsNsmyDOccURRRFAX1eh2lFGEY/lZBEHyx1v703n8KgkBEUYSUEu/9RkIIUQRB0A/D8NtflUT+nn4OS+0AAAAASUVORK5CYII=) " "}*/
.failed.label th:first-child:before, .failed.label td:first-child:before {content:url(data:image/png;base64,iVBORw0KGgoAAAANSUhEUgAAAAwAAAAMCAYAAABWdVznAAAAGXRFWHRTb2Z0d2FyZQBBZG9iZSBJbWFnZVJlYWR5ccllPAAAA2ZpVFh0WE1MOmNvbS5hZG9iZS54bXAAAAAAADw/eHBhY2tldCBiZWdpbj0i77u/IiBpZD0iVzVNME1wQ2VoaUh6cmVTek5UY3prYzlkIj8+IDx4OnhtcG1ldGEgeG1sbnM6eD0iYWRvYmU6bnM6bWV0YS8iIHg6eG1wdGs9IkFkb2JlIFhNUCBDb3JlIDUuMy1jMDExIDY2LjE0NTY2MSwgMjAxMi8wMi8wNi0xNDo1NjoyNyAgICAgICAgIj4gPHJkZjpSREYgeG1sbnM6cmRmPSJodHRwOi8vd3d3LnczLm9yZy8xOTk5LzAyLzIyLXJkZi1zeW50YXgtbnMjIj4gPHJkZjpEZXNjcmlwdGlvbiByZGY6YWJvdXQ9IiIgeG1sbnM6eG1wTU09Imh0dHA6Ly9ucy5hZG9iZS5jb20veGFwLzEuMC9tbS8iIHhtbG5zOnN0UmVmPSJodHRwOi8vbnMuYWRvYmUuY29tL3hhcC8xLjAvc1R5cGUvUmVzb3VyY2VSZWYjIiB4bWxuczp4bXA9Imh0dHA6Ly9ucy5hZG9iZS5jb20veGFwLzEuMC8iIHhtcE1NOk9yaWdpbmFsRG9jdW1lbnRJRD0ieG1wLmRpZDpCQjU0NjU4QjIyQTNFMTExQkI5Rjk5QkQ4RkQ5RUJFQiIgeG1wTU06RG9jdW1lbnRJRD0ieG1wLmRpZDpEQTUyOTdBQUEzRDUxMUUxQTQwN0YzMUI0Nzg3NDU1RSIgeG1wTU06SW5zdGFuY2VJRD0ieG1wLmlpZDpEQTUyOTdBOUEzRDUxMUUxQTQwN0YzMUI0Nzg3NDU1RSIgeG1wOkNyZWF0b3JUb29sPSJBZG9iZSBQaG90b3Nob3AgQ1M2IChXaW5kb3dzKSI+IDx4bXBNTTpEZXJpdmVkRnJvbSBzdFJlZjppbnN0YW5jZUlEPSJ4bXAuaWlkOjQ4MTZDRTNCRDVBM0UxMTFBQTI2QTBCMjZENzg1Qzg5IiBzdFJlZjpkb2N1bWVudElEPSJ4bXAuZGlkOkJCNTQ2NThCMjJBM0UxMTFCQjlGOTlCRDhGRDlFQkVCIi8+IDwvcmRmOkRlc2NyaXB0aW9uPiA8L3JkZjpSREY+IDwveDp4bXBtZXRhPiA8P3hwYWNrZXQgZW5kPSJyIj8+aHNJrgAAAZ1JREFUeNpsUssrRGEU/907985YMDPNYlh4hbKZPMdgR3aysrGSSFIeKyUKpewoRTYkmcgCf4MsMI2FPDYGKeUZSoru4/uc82VC+W7fOeee+zvn/M45V1uuyCmVwDogq0hDklD6jy1dspNkdxokVrIzPFUh0/MD5OdXoJDwPFtu3d2ns6TTp9oggTlFZlmN0o4AHMmXfJGo0lmGzoE1OgmNHf5YA8rmN5HfM6wADmUuHphA9cIW/JX1yiek9DIlyijxkNjBzXYche19gNcHzfShoLUdVxtLuD/cYzCoMAzCwqYrhMDx9Chs20JRWzf4nMcXcDI3pYAqQHIAtWUJbpKursMMhpA+RiAEGzpc4X5XkDB4GjaHmiZik/PIa2rBEWVlSuW9Q+T3YndskBi46QpQFcLltchtbEZyZhxna4uKhmV9Ito/gtPNOG4P99WItdlIWARNXWOAv6AEr9cplel7/ggUleDlMqUSvNnCobHKxDsNnqs8XaWUZopp/XhxTkOR+HDVOveYUge9rNLyY9SU9v+vwXuUB2R0fQkwABfn/VKSjTLBAAAAAElFTkSuQmCC) " "}
.error.label th:first-child:before, .error.label td:first-child:before {content:url(data:image/png;base64,iVBORw0KGgoAAAANSUhEUgAAAAwAAAAMCAYAAABWdVznAAAABmJLR0QAAAAAAAD5Q7t/AAAACXBIWXMAAAsTAAALEwEAmpwYAAAAB3RJTUUH3QcKER4AdkxvvQAAAdVJREFUKM89kM9KG0EAh7/JTHazZInEQwJ68KIWLx6Etj6EjxAobYSsD+BjCJ682EOp0FMueYmS0FMICF4i6tFNzJ/dyRh2Znoo6Xf+Pn7wEzc3Nx/W6/UvY8xJnudkWYa1Fu893nviOCaKIhuG4R/v/Ve1Xq9/bG1tnezs7JDnOVpr3t/fcc4hpaRSqVCpVORqtTp9e3v7rrTWn5vNJpPJhHK5zHg8JssyvPeEYcjR0RFpmlKr1ZjP5x9Li8VCbOR2u83BwQEvLy88PT1xfHzMxcUFQgjSNCXLskDlec5sNuPx8REpJZ1Oh+fnZ4QQnJ+fc319Tb/fZ29vD601SmvNdDplsVhwe3vLaDTi6uoKgCRJGAwGNBoNXl9fMcZQcs5hjGG1WpHnObVajQ3VahWtNcYYjDE451Cb+7z3JElCkiScnZ0hpaTX67G7u0u328V7/y+oVqsIITg8PKTT6dBqtRgOhzjnaLVa3N3dcX9/z3K5JI5jxOXlpSuKQqRpirWWh4eH//Plcpn9/X2cc2xvb1MqlQqllBpYa0/jOGYymdBsNsmyDOccURRRFAX1eh2lFGEY/lZBEHyx1v703n8KgkBEUYSUEu/9RkIIUQRB0A/D8NtflUT+nn4OS+0AAAAASUVORK5CYII=) " "}
.pending.label th:first-child:before, .pending.label td:first-child:before {content:url(data:image/png;base64,iVBORw0KGgoAAAANSUhEUgAAAAwAAAAMCAYAAABWdVznAAAAGXRFWHRTb2Z0d2FyZQBBZG9iZSBJbWFnZVJlYWR5ccllPAAAA2ZpVFh0WE1MOmNvbS5hZG9iZS54bXAAAAAAADw/eHBhY2tldCBiZWdpbj0i77u/IiBpZD0iVzVNME1wQ2VoaUh6cmVTek5UY3prYzlkIj8+IDx4OnhtcG1ldGEgeG1sbnM6eD0iYWRvYmU6bnM6bWV0YS8iIHg6eG1wdGs9IkFkb2JlIFhNUCBDb3JlIDUuMy1jMDExIDY2LjE0NTY2MSwgMjAxMi8wMi8wNi0xNDo1NjoyNyAgICAgICAgIj4gPHJkZjpSREYgeG1sbnM6cmRmPSJodHRwOi8vd3d3LnczLm9yZy8xOTk5LzAyLzIyLXJkZi1zeW50YXgtbnMjIj4gPHJkZjpEZXNjcmlwdGlvbiByZGY6YWJvdXQ9IiIgeG1sbnM6eG1wTU09Imh0dHA6Ly9ucy5hZG9iZS5jb20veGFwLzEuMC9tbS8iIHhtbG5zOnN0UmVmPSJodHRwOi8vbnMuYWRvYmUuY29tL3hhcC8xLjAvc1R5cGUvUmVzb3VyY2VSZWYjIiB4bWxuczp4bXA9Imh0dHA6Ly9ucy5hZG9iZS5jb20veGFwLzEuMC8iIHhtcE1NOk9yaWdpbmFsRG9jdW1lbnRJRD0ieG1wLmRpZDpCQjU0NjU4QjIyQTNFMTExQkI5Rjk5QkQ4RkQ5RUJFQiIgeG1wTU06RG9jdW1lbnRJRD0ieG1wLmRpZDpDODdDM0Y0QUEzRDUxMUUxQjk5N0MzQjVFRDMyQUE1MiIgeG1wTU06SW5zdGFuY2VJRD0ieG1wLmlpZDpDODdDM0Y0OUEzRDUxMUUxQjk5N0MzQjVFRDMyQUE1MiIgeG1wOkNyZWF0b3JUb29sPSJBZG9iZSBQaG90b3Nob3AgQ1M2IChXaW5kb3dzKSI+IDx4bXBNTTpEZXJpdmVkRnJvbSBzdFJlZjppbnN0YW5jZUlEPSJ4bXAuaWlkOjQ4MTZDRTNCRDVBM0UxMTFBQTI2QTBCMjZENzg1Qzg5IiBzdFJlZjpkb2N1bWVudElEPSJ4bXAuZGlkOkJCNTQ2NThCMjJBM0UxMTFCQjlGOTlCRDhGRDlFQkVCIi8+IDwvcmRmOkRlc2NyaXB0aW9uPiA8L3JkZjpSREY+IDwveDp4bXBtZXRhPiA8P3hwYWNrZXQgZW5kPSJyIj8+yj6RYgAAAPZJREFUeNp0kM8KgkAQxmc1E0Wfo3vQn5eRSDx4EUHwbTpEhx4lil7DiydBQUFXp5nAMNsGhpnd/X77za4Iw3CFiFcAWFMFDkXtKZ/UHhfUnB3HWdu2/REpAL2u631ZlicGdpZlwTAMSmBM0zS5bhgQLB5FU3AOUS4XvNn3vVKgAACCIMA0TbFpGsyyDJMkefdFUWAcx1hVFeZ5jlEUoed5qPEI7KDrOhiG8e6llNC27Zcz77FW+L6Pruv+WKtGIzfgR39umv/UHOJgAMlO/BPOXCQDD5p3r2ma8lvHNU9BcWPg0HXdhRZbOhRT8aSXVO9U/ZcAAwAsmjsSQcM0lwAAAABJRU5ErkJggg==) " ";}
.successful.label th:first-child:before, .successful.label td:first-child:before {content:url(data:image/png;base64,iVBORw0KGgoAAAANSUhEUgAAAAwAAAAMCAYAAABWdVznAAAAGXRFWHRTb2Z0d2FyZQBBZG9iZSBJbWFnZVJlYWR5ccllPAAAA2ZpVFh0WE1MOmNvbS5hZG9iZS54bXAAAAAAADw/eHBhY2tldCBiZWdpbj0i77u/IiBpZD0iVzVNME1wQ2VoaUh6cmVTek5UY3prYzlkIj8+IDx4OnhtcG1ldGEgeG1sbnM6eD0iYWRvYmU6bnM6bWV0YS8iIHg6eG1wdGs9IkFkb2JlIFhNUCBDb3JlIDUuMy1jMDExIDY2LjE0NTY2MSwgMjAxMi8wMi8wNi0xNDo1NjoyNyAgICAgICAgIj4gPHJkZjpSREYgeG1sbnM6cmRmPSJodHRwOi8vd3d3LnczLm9yZy8xOTk5LzAyLzIyLXJkZi1zeW50YXgtbnMjIj4gPHJkZjpEZXNjcmlwdGlvbiByZGY6YWJvdXQ9IiIgeG1sbnM6eG1wTU09Imh0dHA6Ly9ucy5hZG9iZS5jb20veGFwLzEuMC9tbS8iIHhtbG5zOnN0UmVmPSJodHRwOi8vbnMuYWRvYmUuY29tL3hhcC8xLjAvc1R5cGUvUmVzb3VyY2VSZWYjIiB4bWxuczp4bXA9Imh0dHA6Ly9ucy5hZG9iZS5jb20veGFwLzEuMC8iIHhtcE1NOk9yaWdpbmFsRG9jdW1lbnRJRD0ieG1wLmRpZDpCQjU0NjU4QjIyQTNFMTExQkI5Rjk5QkQ4RkQ5RUJFQiIgeG1wTU06RG9jdW1lbnRJRD0ieG1wLmRpZDpEMDVBNThBQUEzRDUxMUUxQjdCQkM2QUNBMTNBMDExNiIgeG1wTU06SW5zdGFuY2VJRD0ieG1wLmlpZDpEMDVBNThBOUEzRDUxMUUxQjdCQkM2QUNBMTNBMDExNiIgeG1wOkNyZWF0b3JUb29sPSJBZG9iZSBQaG90b3Nob3AgQ1M2IChXaW5kb3dzKSI+IDx4bXBNTTpEZXJpdmVkRnJvbSBzdFJlZjppbnN0YW5jZUlEPSJ4bXAuaWlkOjQ4MTZDRTNCRDVBM0UxMTFBQTI2QTBCMjZENzg1Qzg5IiBzdFJlZjpkb2N1bWVudElEPSJ4bXAuZGlkOkJCNTQ2NThCMjJBM0UxMTFCQjlGOTlCRDhGRDlFQkVCIi8+IDwvcmRmOkRlc2NyaXB0aW9uPiA8L3JkZjpSREY+IDwveDp4bXBtZXRhPiA8P3hwYWNrZXQgZW5kPSJyIj8+xJ3YrgAAAYBJREFUeNpsUrtKA1EQPZtdY4gEQiD4QCsLEVGX4CP4AykEq1hYiGghCDZ+gBZWVtrZ+EAjaGOhfoAkNiaKhYWICilMEQNqoYjZ5O4d5+6ucQuLM3funDNzD7OrLe229YBwSKAEnyAP/pyIbL5fcz5rcNiLtuqJSEz3ickn5ruE/vFmJ9/LYjvAldGWqA7bJkgPtoAHQrS5G6NdiwhFWCoxHOCgKUL+iurkCBVawyamE8d4qmSZ51clBZUlh+RG14JzEsJNcaTNLVwWd1B6vXXqkmGoYNeVUPnW3JNr4+YarPoncvebEAKNekAlokaY6N/A1NA+SBgY6Eijtz2Fs5sVWNWawysorWNJsO+q9QWzaxLTYwfojA3isZzDfSnrWvTsNiyp7pOrZURC7ejrTDEpcVpY9ab+NSioLZEiapZA5nwBxZcC8g9HeK7ccYM7TDnwmoU2vx6/NIJaUjc0b0u8YvJNle5HdJvlhbI0Y31ThqsjTGr0/+8hOOQ5nfsRYACtHiy+FDd82wAAAABJRU5ErkJggg==) " "}
/*.successful.label a:before {content:url(data:image/png;base64,iVBORw0KGgoAAAANSUhEUgAAAAwAAAAMCAYAAABWdVznAAAAGXRFWHRTb2Z0d2FyZQBBZG9iZSBJbWFnZVJlYWR5ccllPAAAA2ZpVFh0WE1MOmNvbS5hZG9iZS54bXAAAAAAADw/eHBhY2tldCBiZWdpbj0i77u/IiBpZD0iVzVNME1wQ2VoaUh6cmVTek5UY3prYzlkIj8+IDx4OnhtcG1ldGEgeG1sbnM6eD0iYWRvYmU6bnM6bWV0YS8iIHg6eG1wdGs9IkFkb2JlIFhNUCBDb3JlIDUuMy1jMDExIDY2LjE0NTY2MSwgMjAxMi8wMi8wNi0xNDo1NjoyNyAgICAgICAgIj4gPHJkZjpSREYgeG1sbnM6cmRmPSJodHRwOi8vd3d3LnczLm9yZy8xOTk5LzAyLzIyLXJkZi1zeW50YXgtbnMjIj4gPHJkZjpEZXNjcmlwdGlvbiByZGY6YWJvdXQ9IiIgeG1sbnM6eG1wTU09Imh0dHA6Ly9ucy5hZG9iZS5jb20veGFwLzEuMC9tbS8iIHhtbG5zOnN0UmVmPSJodHRwOi8vbnMuYWRvYmUuY29tL3hhcC8xLjAvc1R5cGUvUmVzb3VyY2VSZWYjIiB4bWxuczp4bXA9Imh0dHA6Ly9ucy5hZG9iZS5jb20veGFwLzEuMC8iIHhtcE1NOk9yaWdpbmFsRG9jdW1lbnRJRD0ieG1wLmRpZDpCQjU0NjU4QjIyQTNFMTExQkI5Rjk5QkQ4RkQ5RUJFQiIgeG1wTU06RG9jdW1lbnRJRD0ieG1wLmRpZDpEMDVBNThBQUEzRDUxMUUxQjdCQkM2QUNBMTNBMDExNiIgeG1wTU06SW5zdGFuY2VJRD0ieG1wLmlpZDpEMDVBNThBOUEzRDUxMUUxQjdCQkM2QUNBMTNBMDExNiIgeG1wOkNyZWF0b3JUb29sPSJBZG9iZSBQaG90b3Nob3AgQ1M2IChXaW5kb3dzKSI+IDx4bXBNTTpEZXJpdmVkRnJvbSBzdFJlZjppbnN0YW5jZUlEPSJ4bXAuaWlkOjQ4MTZDRTNCRDVBM0UxMTFBQTI2QTBCMjZENzg1Qzg5IiBzdFJlZjpkb2N1bWVudElEPSJ4bXAuZGlkOkJCNTQ2NThCMjJBM0UxMTFCQjlGOTlCRDhGRDlFQkVCIi8+IDwvcmRmOkRlc2NyaXB0aW9uPiA8L3JkZjpSREY+IDwveDp4bXBtZXRhPiA8P3hwYWNrZXQgZW5kPSJyIj8+xJ3YrgAAAYBJREFUeNpsUrtKA1EQPZtdY4gEQiD4QCsLEVGX4CP4AykEq1hYiGghCDZ+gBZWVtrZ+EAjaGOhfoAkNiaKhYWICilMEQNqoYjZ5O4d5+6ucQuLM3funDNzD7OrLe229YBwSKAEnyAP/pyIbL5fcz5rcNiLtuqJSEz3ickn5ruE/vFmJ9/LYjvAldGWqA7bJkgPtoAHQrS5G6NdiwhFWCoxHOCgKUL+iurkCBVawyamE8d4qmSZ51clBZUlh+RG14JzEsJNcaTNLVwWd1B6vXXqkmGoYNeVUPnW3JNr4+YarPoncvebEAKNekAlokaY6N/A1NA+SBgY6Eijtz2Fs5sVWNWawysorWNJsO+q9QWzaxLTYwfojA3isZzDfSnrWvTsNiyp7pOrZURC7ejrTDEpcVpY9ab+NSioLZEiapZA5nwBxZcC8g9HeK7ccYM7TDnwmoU2vx6/NIJaUjc0b0u8YvJNle5HdJvlhbI0Y31ThqsjTGr0/+8hOOQ5nfsRYACtHiy+FDd82wAAAABJRU5ErkJggg==) " "}*/

.xspecResult { width: 90%; table-layout: fixed; }

.xspecResult td,
.xspecResult th { width: 50%; }

/*.xspecResult pre { 
  margin-left: 0; 
  padding: 0.5em; 
  overflow: auto; 
  border: 1px #999 dotted;
}*/

span.scenario-totals {float: right; width: 14.5%; text-align: left}

/* OXYGEN */
span.scenario-totals {float: right; width: 34.5%; text-align: right}

h2.failed {
    background-color: #FCC;
}

h1, h2 {
    width: 86%;
    /*margin-left: 3%;*/
    
    font-size:1.4em;
    font-weight:bold;
    text-align:left;
    margin-top:1.4em;
    margin-bottom:0.7em;
    color:#333333;
    background-color:inherit;
}

h1 {
    font-size:1.7em;
}

body &gt; h1:first-child:before {
    content:"XSLT UNIT ";
}

body &gt; h2:first-of-type {
    font-size:1.7em;
}

div &gt; table &gt; tbody &gt; tr &gt; th:first-child {
    font-weight:bold;
}

div &gt; h3 {
    font-weight:bold;
    /*margin-left: 3%;*/
}

div &gt; h4 {
    font-weight:normal;
    /*margin-left: 4%;*/
}

th.result { text-align: center; }
/* OXYGEN */


/* ------------------------------------------------------------------------ */
/*  DO NOT ALTER OR REMOVE COPYRIGHT NOTICES OR THIS COMMENT.               */
/*                                                                          */
/*  Copyright (c) 2008, 2010 Jeni Tennsion                                  */
/*                                                                          */
/*  The contents of this file are subject to the MIT License (see the URI   */
/*  http://www.opensource.org/licenses/mit-license.php for details).        */
/*                                                                          */
/*  Permission is hereby granted, free of charge, to any person obtaining   */
/*  a copy of this software and associated documentation files (the         */
/*  "Software"), to deal in the Software without restriction, including     */
/*  without limitation the rights to use, copy, modify, merge, publish,     */
/*  distribute, sublicense, and/or sell copies of the Software, and to      */
/*  permit persons to whom the Software is furnished to do so, subject to   */
/*  the following conditions:                                               */
/*                                                                          */
/*  The above copyright notice and this permission notice shall be          */
/*  included in all copies or substantial portions of the Software.         */
/*                                                                          */
/*  THE SOFTWARE IS PROVIDED "AS IS", WITHOUT WARRANTY OF ANY KIND,         */
/*  EXPRESS OR IMPLIED, INCLUDING BUT NOT LIMITED TO THE WARRANTIES OF      */
/*  MERCHANTABILITY, FITNESS FOR A PARTICULAR PURPOSE AND NONINFRINGEMENT.  */
/*  IN NO EVENT SHALL THE AUTHORS OR COPYRIGHT HOLDERS BE LIABLE FOR ANY    */
/*  CLAIM, DAMAGES OR OTHER LIABILITY, WHETHER IN AN ACTION OF CONTRACT,    */
/*  TORT OR OTHERWISE, ARISING FROM, OUT OF OR IN CONNECTION WITH THE       */
/*  SOFTWARE OR THE USE OR OTHER DEALINGS IN THE SOFTWARE.                  */
/* ------------------------------------------------------------------------ */

.nobr { white-space: nowrap; }
.scenario-label { text-indent: 0px; }
.context-label { text-indent: 10px; }
.test-label { text-indent: 20px; }
.pending-label { text-indent: 30px; }


        /**/</style>
    </head><body><h1>Test Report</h1><p>Script: <a href="file:/home/jostein/xprocspec/xprocspec/src/test/xprocspec/tests/document-2.xprocspec">file:/home/jostein/xprocspec/xprocspec/src/test/xprocspec/tests/document-2.xprocspec</a></p><p>Tested: 2013-12-02T14:36:18.835+01:00</p><h2>Contents</h2><table class="xspec"><col width="75%"/><col width="5%"/><col width="5%"/><col width="5%"/><col width="5%"/><col width="5%"/><thead><tr><th/><th class="result">passed:1</th><th class="result">pending:1</th><th class="result">failed:0</th><th class="result">errors:0</th><th class="result">total:2</th></tr></thead><tbody><tr class="pending label"><th><a href="#step1">ex:error</a></th><th class="result">1</th><th class="result">1</th><th class="result">0</th><th class="result">0</th><th class="result">2</th></tr></tbody></table><div id="step1"><h2 class="pending">Calling: <a href="file:/home/jostein/xprocspec/xprocspec/src/test/xprocspec/steps/error.xpl">ex:error</a><span class="scenario-totals">passed:1 / pending:1 /
                                        failed:0 / errors:0 / total:2</span></h2><table class="xspec"><col width="80%"/><col width="20%"/><tbody><tr class="pending label"><th class="scenario-label">error</th><th class="nobr">passed:1 / pending:1 / failed:0 / errors:0 / total:2</th></tr><tr class="pending label"><th class="context-label">the error document</th><th class="nobr">passed:1 / pending:1 / failed:0 / errors:0 / total:2</th></tr><tr class="successful label"><td class="test-label">the error document must have c:errors as its root element</td><td>Success</td></tr><tr class="pending label"><td class="test-label">the error document must match the expected error document</td><td>Pending</td></tr><tr class="pending"><td class="pending-label">this does not work in the current version of calabash; catching errors that are thrown from invoked             steps does not work properly, only errors that are thrown directly inside the try/group-element.             See if it works in the newest version of calabash before submitting an issue report.</td><td/></tr></tbody></table></div><h2>Execution log</h2><table><thead><tr><th>Time</th><th>Severity</th><th>Message</th></tr></thead><tbody><tr style=""><td>0.000</td><td style="padding-left:0%;">INFO</td><td><code><pre>#### file:/home/jostein/xprocspec/xprocspec/src/test/xprocspec/tests/document-2.xprocspec ####</pre></code></td></tr><tr style=""><td>0.005</td><td style="padding-left:0%;">INFO</td><td><code><pre> * temporary directory: file:/tmp/xprocspec-20131202143557583/</pre></code></td></tr><tr style=""><td>0.010</td><td style="padding-left:0%;">INFO</td><td><code><pre>preprocessing...</pre></code></td></tr><tr style=""><td>0.161</td><td style="padding-left:0%;">INFO</td><td><code><pre> * checking for imports</pre></code></td></tr><tr style=""><td>0.168</td><td style="padding-left:0%;">INFO</td><td><code><pre> * checking file:/home/jostein/xprocspec/xprocspec/src/test/xprocspec/tests/document-2.xprocspec for imports</pre></code></td></tr><tr style=""><td>0.174</td><td style="padding-left:0%;">INFO</td><td><code><pre> * extracting step declarations from file:/home/jostein/xprocspec/xprocspec/src/test/xprocspec/steps/error.xpl</pre></code></td></tr><tr style=""><td>0.180</td><td style="padding-left:0%;">INFO</td><td><code><pre> * tests reference 1 step</pre></code></td></tr><tr style=""><td>0.185</td><td style="padding-left:0%;">INFO</td><td><code><pre>   * step: e:error</pre></code></td></tr><tr style=""><td>0.190</td><td style="padding-left:0%;">INFO</td><td><code><pre> * trying to load: file:/home/jostein/xprocspec/xprocspec/src/test/xprocspec/steps/error.xpl</pre></code></td></tr><tr style=""><td>0.197</td><td style="padding-left:0%;">INFO</td><td><code><pre>   * success!</pre></code></td></tr><tr style=""><td>0.205</td><td style="padding-left:0%;">INFO</td><td><code><pre> * trying to extract the step declaration for {http://example.net/ns}error from file:/home/jostein/xprocspec/xprocspec/src/test/xprocspec/steps/error.xpl</pre></code></td></tr><tr style=""><td>0.215</td><td style="padding-left:0%;">INFO</td><td><code><pre> * creating a new x:description document for each x:scenario element with inferred inputs, options and parameters</pre></code></td></tr><tr style=""><td>0.229</td><td style="padding-left:0%;">INFO</td><td><code><pre> * validating output grammar</pre></code></td></tr><tr style=""><td>0.237</td><td style="padding-left:0%;">INFO</td><td><code><pre>compiling...</pre></code></td></tr><tr style=""><td>0.245</td><td style="padding-left:0%;">INFO</td><td><code><pre> * created directory using Calabash's cxf:mkdir</pre></code></td></tr><tr style=""><td>0.251</td><td style="padding-left:0%;">INFO</td><td><code><pre> * converting test 'test1' to XProc</pre></code></td></tr><tr style=""><td>0.264</td><td style="padding-left:0%;">INFO</td><td><code><pre>   * done</pre></code></td></tr><tr style=""><td>0.271</td><td style="padding-left:0%;">INFO</td><td><code><pre> * validating output grammar for file:/home/jostein/xprocspec/xprocspec/src/test/xprocspec/tests/document-2.xprocspec</pre></code></td></tr><tr style=""><td>0.278</td><td style="padding-left:0%;">INFO</td><td><code><pre>   * done!</pre></code></td></tr><tr style=""><td>0.285</td><td style="padding-left:0%;">INFO</td><td><code><pre> * using as temporary directory: file:/tmp/xprocspec-20131202143557583/xprocspec-20131202143618583/</pre></code></td></tr><tr style=""><td>0.291</td><td style="padding-left:0%;">INFO</td><td><code><pre>storing...</pre></code></td></tr><tr style=""><td>0.298</td><td style="padding-left:0%;">INFO</td><td><code><pre>running...</pre></code></td></tr><tr style=""><td>0.306</td><td style="padding-left:0%;">INFO</td><td><code><pre>   * loading 'file:/tmp/xprocspec-20131202143557583/test1.xpl'</pre></code></td></tr><tr style=""><td>0.352</td><td style="padding-left:0%;">INFO</td><td><code><pre>evaluating...</pre></code></td></tr><tr style=""><td>0.363</td><td style="padding-left:0%;">INFO</td><td><code><pre> * evaluating scenario 'error' (file:/home/jostein/xprocspec/xprocspec/src/test/xprocspec/tests/document-2.xprocspec)</pre></code></td></tr><tr style=""><td>0.370</td><td style="padding-left:0%;">INFO</td><td><code><pre>   * resolving x:document elements...</pre></code></td></tr><tr style=""><td>0.383</td><td style="padding-left:0%;">INFO</td><td><code><pre>   * grouping x:expect elements with their x:context...</pre></code></td></tr><tr style=""><td>0.392</td><td style="padding-left:0%;">INFO</td><td><code><pre>   * evaluating each context/expect group...</pre></code></td></tr><tr style=""><td>0.399</td><td style="padding-left:0%;">INFO</td><td><code><pre>     * setting context to 'the error document'</pre></code></td></tr><tr style=""><td>0.406</td><td style="padding-left:0%;">INFO</td><td><code><pre>       * testing assertion 'the error document must have c:errors as its root element'</pre></code></td></tr><tr style=""><td>0.416</td><td style="padding-left:0%;">INFO</td><td><code><pre>         * is xpath assertion</pre></code></td></tr><tr style=""><td>0.428</td><td style="padding-left:0%;">INFO</td><td><code><pre>       * testing assertion 'the error document must match the expected error document'</pre></code></td></tr><tr style=""><td>0.435</td><td style="padding-left:0%;">INFO</td><td><code><pre>         * assertion skipped</pre></code></td></tr><tr style=""><td>0.448</td><td style="padding-left:0%;">INFO</td><td><code><pre>reporting...</pre></code></td></tr></tbody></table><link rel="stylesheet" href="http://yandex.st/highlightjs/7.3/styles/default.min.css"/><script type="text/javascript" src="http://yandex.st/highlightjs/7.3/highlight.min.js" xml:space="preserve"> </script><script type="text/javascript">hljs.initHighlightingOnLoad();</script></body></html></x:document></x:output><x:output port="junit"><x:document xml:base="file:/home/jostein/xprocspec/xprocspec/src/main/resources/content/xml/xproc/report/report.xpl" xml:space="preserve" type="inline"><testsuites tests="2" failures="0" time="0.456" errors="0" name="document2"><testsuite timestamp="2013-12-02T13:36:18.805Z" hostname="localhost" tests="2" errors="0" failures="0" skipped="1" id="d39174e1" name="error" package="http://example.net/ns" time="0.003">
<properties>


</properties>
<testcase name="theErrorDocumentMustHaveCerrorsAsItsRootElement" classname="error" assertions="1" time="0" status="SUCCESS"><system-out>the error document must have c:errors as its root element: SUCCESS</system-out>
<system-err/></testcase><testcase name="theErrorDocumentMustMatchTheExpectedErrorDocument" classname="error" assertions="1" time="0"><skipped type="xprocspec.skip" message="this does not work in the current version of calabash; catching errors that are thrown from invoked             steps does not work properly, only errors that are thrown directly inside the try/group-element.             See if it works in the newest version of calabash before submitting an issue report.">this does not work in the current version of calabash; catching errors that are thrown from invoked             steps does not work properly, only errors that are thrown directly inside the try/group-element.             See if it works in the newest version of calabash before submitting an issue report.</skipped><system-out>the error document must match the expected error document: SKIPPED</system-out>
<system-err/></testcase></testsuite></testsuites></x:document></x:output><x:test-result type="count" label="the step should execute successfully without throwing any errors" max="0" contextref="errors" result="passed">
                                                        <x:expected>At most 0 documents.</x:expected>
                                                    <x:was>0</x:was></x:test-result><x:test-result label="there should be at least one test, and none of the tests should fail" type="xpath" test="not(/*/@tests='0') and /*/@failures='0' and /*/@errors='0'" contextref="context16" result="passed"><x:expected xml:space="preserve">XPath: true()
Value: true</x:expected><x:was xml:space="preserve">XPath: not(/*/@tests='0') and /*/@failures='0' and /*/@errors='0'
Value: true</x:was></x:test-result></x:description><x:description xmlns:cx="http://xmlcalabash.com/ns/extensions" xmlns:c="http://www.w3.org/ns/xproc-step" xml:base="file:/home/jostein/xprocspec/xprocspec/src/test/xprocspec/test.xprocspec" test-base-uri="file:/home/jostein/xprocspec/xprocspec/src/test/xprocspec/test.xprocspec" script="file:/home/jostein/xprocspec/xprocspec/src/main/resources/content/xml/xproc/xprocspec.xpl" test-grammar="xprocspec" temp-dir="file:/tmp/xprocspec-20131202143557583/"><x:step-declaration><p:declare-step xmlns:p="http://www.w3.org/ns/xproc" xmlns:px="http://www.daisy.org/ns/xprocspec" xmlns:pxi="http://www.daisy.org/ns/xprocspec/xproc-internal/" xmlns:pkg="http://expath.org/ns/pkg" type="px:xprocspec" name="main" version="1.0" xpath-version="2.0" pkg:import-uri="http://www.daisy.org/ns/xprocspec/xprocspec.xpl" x:type="{http://www.daisy.org/ns/xprocspec}xprocspec"><p:input port="source" kind="document" sequence="false" primary="true"/><p:output port="result" kind="document" sequence="false" primary="false"><p:pipe port="result" step="report"/></p:output><p:output port="html" kind="document" sequence="false" primary="false"><p:pipe port="html" step="report"/></p:output><p:output port="junit" kind="document" sequence="false" primary="false"><p:pipe port="junit" step="report"/></p:output><p:option name="temp-dir" select="'file:/tmp/'"/><p:option name="step-available-rng" select="'false'"/></p:declare-step></x:step-declaration><x:scenario end-time="2013-12-02T13:36:19.902Z" label="the pending element" start-time="2013-12-02T13:36:19.149Z"><x:call x:type="{http://www.daisy.org/ns/xprocspec}xprocspec" step="x:xprocspec"><x:option select="$temp-dir" name="temp-dir" value="file:/tmp/xprocspec-20131202143557583/"/><x:input port="source">
                <x:document xml:base="file:/home/jostein/xprocspec/xprocspec/src/test/xprocspec/test.xprocspec" xml:space="preserve" type="inline"><?xml-model href="http://www.daisy.org/ns/xprocspec/xprocspec.rng" type="application/xml" schematypens="http://relaxng.org/ns/structure/1.0"?><x:description xmlns:e="http://example.net/ns" script="../steps/identity.xpl">

    <x:scenario label="identity - wrapped context+expect">
        <x:call step="e:identity">
            <x:option name="option.required" select="''"/>
        </x:call>

        <x:pending>
            <!-- output port -->
            <x:context label="the options">
                <x:document type="port" port="options"/>
            </x:context>
            <x:expect type="count" label="There should be a single document on the options port" min="1" max="1"/>
        </x:pending>
    </x:scenario>

    <x:pending>
        <x:scenario label="identity - scenario wrapped in x:pending">
            <x:call step="e:identity">
                <x:option name="option.required" select="''"/>
            </x:call>

            <!-- output port -->
            <x:context label="the options">
                <x:document type="port" port="options"/>
            </x:context>
            <x:expect type="count" label="There should be a single document on the options port" min="1" max="1"/>
        </x:scenario>
    </x:pending>

</x:description></x:document>
            </x:input></x:call>
                                                <x:context label="errors" id="errors">
                                                    
                                                </x:context>
                                            
                                                <x:expect type="count" label="the step should execute successfully without throwing any errors" max="0" contextref="errors"/>
                                            <x:context label="the junit output port" id="context17">
            <x:document xml:base="file:/home/jostein/xprocspec/xprocspec/src/main/resources/content/xml/xproc/report/report.xpl" xml:space="preserve" type="inline"><testsuites tests="3" failures="0" time="0.641" errors="0" name="pending1"><testsuite timestamp="2013-12-02T13:36:19.805Z" hostname="localhost" tests="2" errors="0" failures="0" skipped="1" id="d40797e1" name="identityWrappedContext+expect" package="http://example.net/ns" time="0.008">
<properties>

<property name="option: option.required" value=""/>

</properties>
<testcase name="theStepShouldExecuteSuccessfullyWithoutThrowingAnyErrors" classname="identity" assertions="1" time="0" status="SUCCESS"><system-out>the step should execute successfully without throwing any errors: SUCCESS</system-out>
<system-err/></testcase><testcase name="ThereShouldBeASingleDocumentOnTheOptionsPort" classname="identity" assertions="1" time="0"><skipped type="xprocspec.skip" message="Not implemented">Not implemented</skipped><system-out>There should be a single document on the options port: SKIPPED</system-out>
<system-err/></testcase></testsuite><testsuite timestamp="2013-12-02T13:36:19.814Z" hostname="localhost" tests="1" errors="0" failures="0" skipped="1" id="d40803e1" name="identityScenarioWrappedInXpending" time="0.001">
<properties>


</properties>
<testcase name="pendingScenario-identityScenarioWrappedInXpending" classname="pendingScenario" assertions="1" time="0"><skipped type="xprocspec.skip" message="Not implemented">Not implemented</skipped><system-out>identity - scenario wrapped in x:pending: SKIPPED</system-out></testcase></testsuite></testsuites></x:document>
        </x:context><x:expect label="there should be at least one test, and none of the tests should fail" type="xpath" test="not(/*/@tests='0') and /*/@failures='0' and /*/@errors='0'" contextref="context17"/><x:expect label="one of the test cases should be successful ('the step should execute successfully')" type="xpath" test="count(/testsuites/testsuite/testcase[@status='SUCCESS'])" equals="1" contextref="context17"/><x:expect label="other than the 'execute successfully' test, all tests should be skipped" type="xpath" test="sum(/testsuites/testsuite/number(@skipped))" equals="/testsuites/number(@tests) - 1" contextref="context17"/></x:scenario><x:output port="result"><x:document xml:base="file:/home/jostein/xprocspec/xprocspec/src/main/resources/content/xml/xproc/report/report.xpl" xml:space="preserve" type="inline"><x:test-report><x:description xml:base="file:/home/jostein/xprocspec/xprocspec/src/test/xprocspec/tests/pending-1.xprocspec" test-base-uri="file:/home/jostein/xprocspec/xprocspec/src/test/xprocspec/tests/pending-1.xprocspec" script="file:/home/jostein/xprocspec/xprocspec/src/test/xprocspec/steps/identity.xpl" test-grammar="xprocspec" temp-dir="file:/tmp/xprocspec-20131202143557583/xprocspec-20131202143619275/"><x:step-declaration><p:declare-step xmlns:p="http://www.w3.org/ns/xproc" xmlns:ex="http://example.net/ns" name="main" type="ex:identity" version="1.0" x:type="{http://example.net/ns}identity"><p:input port="source.document.primary" kind="document" primary="true" sequence="false"><p:inline>
            <source.document.primary.default/>
        </p:inline></p:input><p:input port="source.document.secondary.sequence" kind="document" sequence="true" primary="false"><p:inline>
            <source.document.secondary.sequence/>
        </p:inline></p:input><p:input select="/*/*" port="source.document.secondary.select-children" kind="document" sequence="true" primary="false"><p:inline>
            <default>
                <default/>
                <default/>
            </default>
        </p:inline></p:input><p:input port="source.parameter.primary.sequence" primary="true" kind="parameter" sequence="true"/><p:output port="result.document.primary" kind="document" primary="true" sequence="false"><p:pipe port="source.document.primary" step="main"/></p:output><p:output port="result.document.secondary.sequence" kind="document" sequence="true" primary="false"><p:pipe port="source.document.secondary.sequence" step="main"/></p:output><p:output port="result.document.secondary.select-children" kind="document" sequence="true" primary="false"><p:pipe port="source.document.secondary.select-children" step="main"/></p:output><p:output port="result.parameter.primary" kind="document" sequence="false" primary="false"><p:pipe port="result" step="parameters"/></p:output><p:output port="options" kind="document" sequence="false" primary="false"><p:pipe port="result" step="options"/></p:output><p:option name="option"/><p:option name="option.required" required="true"/><p:option name="option.default" select="'default'"/></p:declare-step></x:step-declaration><x:scenario xmlns:e="http://example.net/ns" end-time="2013-12-02T13:36:19.412Z" label="identity - wrapped context+expect" start-time="2013-12-02T13:36:19.404Z"><x:call x:type="{http://example.net/ns}identity" step="e:identity"><x:option select="''" name="option.required" value=""/></x:call>
                                                <x:context label="errors" id="errors">
                                                    
                                                </x:context>
                                            
                                                <x:expect type="count" label="the step should execute successfully without throwing any errors" max="0" contextref="errors"/>
                                            
            
            <x:context label="the options" pending="Not implemented" id="context0">
                
            </x:context>
            <x:expect type="count" label="There should be a single document on the options port" min="1" max="1" pending="Not implemented" contextref="context0"/>
        </x:scenario><x:output port="result.document.primary"><x:document xml:base="file:/home/jostein/xprocspec/xprocspec/src/test/xprocspec/tests/pending-1.xprocspec" xml:space="preserve" type="inline">
            <source.document.primary.default xmlns:ex="http://example.net/ns"/>
        </x:document></x:output><x:output port="result.document.secondary.sequence"><x:document xml:base="file:/home/jostein/xprocspec/xprocspec/src/test/xprocspec/steps/identity.xpl" xml:space="preserve" type="inline">
            <source.document.secondary.sequence xmlns:ex="http://example.net/ns"/>
        </x:document></x:output><x:output port="result.document.secondary.select-children"><x:document xml:base="file:/home/jostein/xprocspec/xprocspec/src/test/xprocspec/steps/identity.xpl" xml:space="preserve" type="inline"><default xmlns:ex="http://example.net/ns"/></x:document><x:document xml:base="file:/home/jostein/xprocspec/xprocspec/src/test/xprocspec/steps/identity.xpl" xml:space="preserve" type="inline"><default xmlns:ex="http://example.net/ns"/></x:document></x:output><x:output port="result.parameter.primary"><x:document xml:base="file:/home/jostein/xprocspec/xprocspec/src/test/xprocspec/steps/identity.xpl" xml:space="preserve" type="inline"><c:param-set/></x:document></x:output><x:output port="options"><x:document xml:base="file:/home/jostein/xprocspec/xprocspec/src/test/xprocspec/steps/identity.xpl" xml:space="preserve" type="inline">
                <c:options xmlns:ex="http://example.net/ns">
                    
                    <c:option name="option.required" value=""/>
                    <c:option name="option.default" value="default"/>
                </c:options>
            </x:document></x:output><x:test-result xmlns:e="http://example.net/ns" type="count" label="the step should execute successfully without throwing any errors" max="0" contextref="errors" result="passed">
                                                        <x:expected>At most 0 documents.</x:expected>
                                                    <x:was>0</x:was></x:test-result>
                                                    <x:test-result xmlns:e="http://example.net/ns" type="count" label="There should be a single document on the options port" min="1" max="1" pending="Not implemented" contextref="context0" result="skipped"/>
                                                </x:description><x:description xml:base="file:/home/jostein/xprocspec/xprocspec/src/test/xprocspec/tests/pending-1.xprocspec" test-base-uri="file:/home/jostein/xprocspec/xprocspec/src/test/xprocspec/tests/pending-1.xprocspec" script="file:/home/jostein/xprocspec/xprocspec/src/test/xprocspec/steps/identity.xpl" test-grammar="xprocspec" temp-dir="file:/tmp/xprocspec-20131202143557583/xprocspec-20131202143619275/"><x:step-declaration><p:declare-step xmlns:p="http://www.w3.org/ns/xproc" xmlns:ex="http://example.net/ns" name="main" type="ex:identity" version="1.0" x:type="{http://example.net/ns}identity"><p:input port="source.document.primary" kind="document" primary="true" sequence="false"><p:inline>
            <source.document.primary.default/>
        </p:inline></p:input><p:input port="source.document.secondary.sequence" kind="document" sequence="true" primary="false"><p:inline>
            <source.document.secondary.sequence/>
        </p:inline></p:input><p:input select="/*/*" port="source.document.secondary.select-children" kind="document" sequence="true" primary="false"><p:inline>
            <default>
                <default/>
                <default/>
            </default>
        </p:inline></p:input><p:input port="source.parameter.primary.sequence" primary="true" kind="parameter" sequence="true"/><p:output port="result.document.primary" kind="document" primary="true" sequence="false"><p:pipe port="source.document.primary" step="main"/></p:output><p:output port="result.document.secondary.sequence" kind="document" sequence="true" primary="false"><p:pipe port="source.document.secondary.sequence" step="main"/></p:output><p:output port="result.document.secondary.select-children" kind="document" sequence="true" primary="false"><p:pipe port="source.document.secondary.select-children" step="main"/></p:output><p:output port="result.parameter.primary" kind="document" sequence="false" primary="false"><p:pipe port="result" step="parameters"/></p:output><p:output port="options" kind="document" sequence="false" primary="false"><p:pipe port="result" step="options"/></p:output><p:option name="option"/><p:option name="option.required" required="true"/><p:option name="option.default" select="'default'"/></p:declare-step></x:step-declaration><x:scenario xmlns:e="http://example.net/ns" end-time="2013-12-02T13:36:19.458Z" pending="Not implemented" label="identity - scenario wrapped in x:pending" start-time="2013-12-02T13:36:19.457Z"><x:call x:type="{http://example.net/ns}identity" step="e:identity"><x:option select="''" name="option.required" value=""/></x:call><x:context label="the options" pending="Not implemented" id="context1">
                
            </x:context><x:expect type="count" label="There should be a single document on the options port" min="1" max="1" pending="Not implemented" contextref="context1"/></x:scenario>
                                                    <x:test-result xmlns:e="http://example.net/ns" type="count" label="There should be a single document on the options port" min="1" max="1" pending="Not implemented" contextref="context1" result="skipped"/>
                                                </x:description></x:test-report></x:document></x:output><x:output port="html"><x:document xml:base="file:/home/jostein/xprocspec/xprocspec/src/main/resources/content/xml/xproc/report/report-template.xhtml" xml:space="preserve" type="inline"><html xmlns="http://www.w3.org/1999/xhtml"><head><title>Test Report for file:/home/jostein/xprocspec/xprocspec/src/test/xprocspec/tests/pending-1.xprocspec (passed:1 / pending:2 / failed:0 / errors:0 / total:3)</title>
        <meta charset="utf-8"/>
        <style type="text/css" xml:space="preserve">/**/
/****************************************************************************/
/*  File:       test-report.css                                             */
/*  Author:     Jeni Tennsion                                               */
/*  URI:        http://xspec.googlecode.com/                                */
/*  Tags:                                                                   */
/*    Copyright (c) 2008, 2010 Jeni Tennsion (see end of file.)             */
/* ------------------------------------------------------------------------ */


/* test */

/* box model */

body {
	margin-right: 1em;
	/*margin-left: 10%;*/
	}

h1 {
	padding: 0.3em 0.5em 0.3em 0.5em;
	position: relative;
	}

h2 {
	padding: 0.1em 0.5em 0.2em 0.5em;
	}

h3 {
	padding-left: 0.6em;
	}

h4 {
	padding-left: 0.8em;
	}

p, table {
	/*margin-left: 5%;*/
	}

dd ul, dd ol {
	margin-left: 0%;
	}

li ul, li ol {
	/*margin-left: 5%;*/
	}

dl, ul, ol, blockquote {
	/*margin-left: 10%;*/
	}

dt {
  padding-top: 3px;
  padding-bottom: 3px;
	clear: both;
	}

dd p {
	/*margin-left: -5px;*/
	margin-top: 5px;
	clear: both;
	}

p.link {
	margin-top: 4px;
	margin-bottom: 0px;
	clear: both;
	}

tr td, td p, li, li p {
	margin-left: 0%;
	}

td:nth-child(2) {
	padding-left: 5%;
	}

.link img, dt img {
	vertical-align: middle;
	position: relative;
	top: -5px;
	}

img {
	position: relative;
	}

#xml-link {
	position: absolute;
	left: 5px;
	top: 5px;
	width: 10%;
	margin-left: 0%;
	}

#link-up {
	position: absolute;
	left: 93%;
	right: 2em;
	top: 0.3em;
	}

#link-top {
	position: absolute;
	left: 89%;
	right: 4em;
	top: 0.3em;
	}
	
.popup {
	display: block;
	visibility: hidden;
	float: right;
	position: absolute;
	top: 5px;
	left: -200px;
	z-index: 1;
	padding: 0.3em;
	width: 220px;
	}

.note {
	position: relative;
	}

.post {
	/*margin-left: 5%;*/
	padding-top: 1em;
	}
	
.example, .sidebar {
  /*margin-left: 5%;*/
  margin-top: 1em;
  margin-bottom: 1em;
  }

/*pre {
	padding-left: 5%;
	margin-left: 5%;
	}*/

/*dd pre, li pre {
	padding-left: 5%;
	}*/

/* fonts */
/* Oxygen  */
body, table {
    font-family:arial, helvetica, sans-serif;
    font-size:12px;
}
/* Oxygen  */

/*body {
	font-family: Verdana, arial, sans-serif;
	font-size: small;
	}*/	

/*h1, h2, h3, h4, h5, h6 {
	font-family: 'trebuchet MS', arial, sans-serif;
	}*/

h1 {
	font-size: 173%;
	font-weight: bold;
	}

h2 {
	font-size: 144%;
	font-weight: normal;
	}

h3 {
	font-size: 120%;
	font-weight: normal;
	}

h4 {
  font-size: 100%;
  font-weight: bold;
}

dt {
	font-weight: bold;
	}

a:link, a:visited, a:active, a:hover {
	font-weight: bold;
	}

a.offsite:link, a.offsite:visited, a.offsite:active, a.offsite:hover {
	font-weight: normal;
	}

/* suppress the normal italics */
address {
	font-style: normal;
	}

div.example, .sidebar {
  font-family: Verdana, arial, sans-serif;
  font-size: 100%;
  }


.note, .link {
	font-family: Verdana, arial, sans-serif;
	/*font-size: 83%;*/
	}

/*.example, .string, .rtf, .code, pre, code {
	font-family: "Lucida Console", "Courier New", monospace;*/
  /*font-size: 83%;*/
/*	}*/

.boolean {
	font-style: italic;
	}

#colophon, #xml-link {
	font-size: 69%;
	}

.question, .title {
	font-weight: bold;
	}

/* colours */
body {
	background-color: white;
	color: black;
	border: 0px none black;
	}

/* this is to make Navigator fill the entire line */
h1, h2 {
	border: 1px solid white;
	width: auto;
	}

h1 {
	/*background: #606;*/
	/*color: #6F6;*/
	}

h2 {
	color: #606;
	/*background: #CFC;*/
	}

hr {
	color: #606;
	background: white;
	}

img, a:link img, a:visited img, a:hover img, a:active img, #link-up img, #link-top img {
	border: 0px none white;
	background: transparent;
	}

/* OXYGEN */
a, a:visited {
    color:rgb(0, 0, 150);
    background-color:inherit;
    font-weight: bold;
}
a:link, a:visited {
    text-decoration:none; 
}
a:hover {
    text-decoration:underline;
}

/* OXYGEN */

a.img:hover, a.img:active {
	background: transparent;
	}

#colophon, #xml-link, .note {
	color: #666;
	}

#colophon a:link, #colophon a:visited, #colophon a:hover,
#xml-link a:link, #xml-link a:visited, #xml-link a:hover,
.note a:link, .note a:visited, .note a:hover {
	color: #969;
	background: transparent;
	}

#colophon a:hover, #xml-link a:hover, .note a:hover {
	background: #CFC;
	color: #969;
	}

.popup {
	background: white;
	border: 1px solid #606;
	}

.post {
	border-top: 2px solid #606;
	}
	
.example {
  border-top: 2px solid #606;
  border-bottom: 2px solid #606;
  }
  
.sidebar {
  border-top: 2px solid #090;
  border-bottom: 2px solid #090;
  }
  
.rng {
  border-left: 2px solid #666;
  }

.same {
  background-color: rgb(206, 239, 174);
}

.diff {
  background-color: #FCC;
}

.whitespace {
	font-style: italic;
	color: #999;
	background: white;
}

.ignored {
  font-style: italic;
  color: #999;
  background: white;
}

.hit {
}

.missed {
  background-color: #A33;
  color: white;
}

/* text */
ol ol li {
	list-style: lower-alpha;
	}

th {
	text-align: left;
	}

td {
	vertical-align: top;
	}

h1 {
	text-transform: uppercase;
	}

h2, h3 {
	/*text-transform: capitalize;*/
	}

.question {
	text-indent: -33px;
	}

.byline {
	text-align: right;
	}

#link-top, #link-up {
	text-align: right;
	}

a {
	text-decoration: none;
	}

table { width: 85%;
        /* border: collapse; */ }

th { text-align: left; }

.xspec tbody th { font-weight: normal; /*font-size: 0.8em;*/ border-top: 1px #666 solid; }
.xspec tbody td { /*font-size: 0.8em;*/ color: #666; }

.successful.label th, .successful.label td { background-color: #CFC; }
.pending.label th, .pending.label td { background-color: #DDD; color: #666; }
.failed.label th, .failed.label td { background-color: #FCC; }
.error.label th, .error.label td { background-color: #FAA; }
/*body &gt; table tbody .failed.label th:first-child:before {content:url(data:image/png;base64,iVBORw0KGgoAAAANSUhEUgAAAAwAAAAMCAYAAABWdVznAAAAGXRFWHRTb2Z0d2FyZQBBZG9iZSBJbWFnZVJlYWR5ccllPAAAA2ZpVFh0WE1MOmNvbS5hZG9iZS54bXAAAAAAADw/eHBhY2tldCBiZWdpbj0i77u/IiBpZD0iVzVNME1wQ2VoaUh6cmVTek5UY3prYzlkIj8+IDx4OnhtcG1ldGEgeG1sbnM6eD0iYWRvYmU6bnM6bWV0YS8iIHg6eG1wdGs9IkFkb2JlIFhNUCBDb3JlIDUuMy1jMDExIDY2LjE0NTY2MSwgMjAxMi8wMi8wNi0xNDo1NjoyNyAgICAgICAgIj4gPHJkZjpSREYgeG1sbnM6cmRmPSJodHRwOi8vd3d3LnczLm9yZy8xOTk5LzAyLzIyLXJkZi1zeW50YXgtbnMjIj4gPHJkZjpEZXNjcmlwdGlvbiByZGY6YWJvdXQ9IiIgeG1sbnM6eG1wTU09Imh0dHA6Ly9ucy5hZG9iZS5jb20veGFwLzEuMC9tbS8iIHhtbG5zOnN0UmVmPSJodHRwOi8vbnMuYWRvYmUuY29tL3hhcC8xLjAvc1R5cGUvUmVzb3VyY2VSZWYjIiB4bWxuczp4bXA9Imh0dHA6Ly9ucy5hZG9iZS5jb20veGFwLzEuMC8iIHhtcE1NOk9yaWdpbmFsRG9jdW1lbnRJRD0ieG1wLmRpZDpCQjU0NjU4QjIyQTNFMTExQkI5Rjk5QkQ4RkQ5RUJFQiIgeG1wTU06RG9jdW1lbnRJRD0ieG1wLmRpZDpEQTUyOTdBQUEzRDUxMUUxQTQwN0YzMUI0Nzg3NDU1RSIgeG1wTU06SW5zdGFuY2VJRD0ieG1wLmlpZDpEQTUyOTdBOUEzRDUxMUUxQTQwN0YzMUI0Nzg3NDU1RSIgeG1wOkNyZWF0b3JUb29sPSJBZG9iZSBQaG90b3Nob3AgQ1M2IChXaW5kb3dzKSI+IDx4bXBNTTpEZXJpdmVkRnJvbSBzdFJlZjppbnN0YW5jZUlEPSJ4bXAuaWlkOjQ4MTZDRTNCRDVBM0UxMTFBQTI2QTBCMjZENzg1Qzg5IiBzdFJlZjpkb2N1bWVudElEPSJ4bXAuZGlkOkJCNTQ2NThCMjJBM0UxMTFCQjlGOTlCRDhGRDlFQkVCIi8+IDwvcmRmOkRlc2NyaXB0aW9uPiA8L3JkZjpSREY+IDwveDp4bXBtZXRhPiA8P3hwYWNrZXQgZW5kPSJyIj8+aHNJrgAAAZ1JREFUeNpsUssrRGEU/907985YMDPNYlh4hbKZPMdgR3aysrGSSFIeKyUKpewoRTYkmcgCf4MsMI2FPDYGKeUZSoru4/uc82VC+W7fOeee+zvn/M45V1uuyCmVwDogq0hDklD6jy1dspNkdxokVrIzPFUh0/MD5OdXoJDwPFtu3d2ns6TTp9oggTlFZlmN0o4AHMmXfJGo0lmGzoE1OgmNHf5YA8rmN5HfM6wADmUuHphA9cIW/JX1yiek9DIlyijxkNjBzXYche19gNcHzfShoLUdVxtLuD/cYzCoMAzCwqYrhMDx9Chs20JRWzf4nMcXcDI3pYAqQHIAtWUJbpKursMMhpA+RiAEGzpc4X5XkDB4GjaHmiZik/PIa2rBEWVlSuW9Q+T3YndskBi46QpQFcLltchtbEZyZhxna4uKhmV9Ito/gtPNOG4P99WItdlIWARNXWOAv6AEr9cplel7/ggUleDlMqUSvNnCobHKxDsNnqs8XaWUZopp/XhxTkOR+HDVOveYUge9rNLyY9SU9v+vwXuUB2R0fQkwABfn/VKSjTLBAAAAAElFTkSuQmCC) " "}*/
/*body &gt; table tbody .error.label th:first-child:before {content:url(data:image/png;base64,iVBORw0KGgoAAAANSUhEUgAAAAwAAAAMCAYAAABWdVznAAAABmJLR0QAAAAAAAD5Q7t/AAAACXBIWXMAAAsTAAALEwEAmpwYAAAAB3RJTUUH3QcKER4AdkxvvQAAAdVJREFUKM89kM9KG0EAh7/JTHazZInEQwJ68KIWLx6Etj6EjxAobYSsD+BjCJ682EOp0FMueYmS0FMICF4i6tFNzJ/dyRh2Znoo6Xf+Pn7wEzc3Nx/W6/UvY8xJnudkWYa1Fu893nviOCaKIhuG4R/v/Ve1Xq9/bG1tnezs7JDnOVpr3t/fcc4hpaRSqVCpVORqtTp9e3v7rrTWn5vNJpPJhHK5zHg8JssyvPeEYcjR0RFpmlKr1ZjP5x9Li8VCbOR2u83BwQEvLy88PT1xfHzMxcUFQgjSNCXLskDlec5sNuPx8REpJZ1Oh+fnZ4QQnJ+fc319Tb/fZ29vD601SmvNdDplsVhwe3vLaDTi6uoKgCRJGAwGNBoNXl9fMcZQcs5hjGG1WpHnObVajQ3VahWtNcYYjDE451Cb+7z3JElCkiScnZ0hpaTX67G7u0u328V7/y+oVqsIITg8PKTT6dBqtRgOhzjnaLVa3N3dcX9/z3K5JI5jxOXlpSuKQqRpirWWh4eH//Plcpn9/X2cc2xvb1MqlQqllBpYa0/jOGYymdBsNsmyDOccURRRFAX1eh2lFGEY/lZBEHyx1v703n8KgkBEUYSUEu/9RkIIUQRB0A/D8NtflUT+nn4OS+0AAAAASUVORK5CYII=) " "}*/
.failed.label th:first-child:before, .failed.label td:first-child:before {content:url(data:image/png;base64,iVBORw0KGgoAAAANSUhEUgAAAAwAAAAMCAYAAABWdVznAAAAGXRFWHRTb2Z0d2FyZQBBZG9iZSBJbWFnZVJlYWR5ccllPAAAA2ZpVFh0WE1MOmNvbS5hZG9iZS54bXAAAAAAADw/eHBhY2tldCBiZWdpbj0i77u/IiBpZD0iVzVNME1wQ2VoaUh6cmVTek5UY3prYzlkIj8+IDx4OnhtcG1ldGEgeG1sbnM6eD0iYWRvYmU6bnM6bWV0YS8iIHg6eG1wdGs9IkFkb2JlIFhNUCBDb3JlIDUuMy1jMDExIDY2LjE0NTY2MSwgMjAxMi8wMi8wNi0xNDo1NjoyNyAgICAgICAgIj4gPHJkZjpSREYgeG1sbnM6cmRmPSJodHRwOi8vd3d3LnczLm9yZy8xOTk5LzAyLzIyLXJkZi1zeW50YXgtbnMjIj4gPHJkZjpEZXNjcmlwdGlvbiByZGY6YWJvdXQ9IiIgeG1sbnM6eG1wTU09Imh0dHA6Ly9ucy5hZG9iZS5jb20veGFwLzEuMC9tbS8iIHhtbG5zOnN0UmVmPSJodHRwOi8vbnMuYWRvYmUuY29tL3hhcC8xLjAvc1R5cGUvUmVzb3VyY2VSZWYjIiB4bWxuczp4bXA9Imh0dHA6Ly9ucy5hZG9iZS5jb20veGFwLzEuMC8iIHhtcE1NOk9yaWdpbmFsRG9jdW1lbnRJRD0ieG1wLmRpZDpCQjU0NjU4QjIyQTNFMTExQkI5Rjk5QkQ4RkQ5RUJFQiIgeG1wTU06RG9jdW1lbnRJRD0ieG1wLmRpZDpEQTUyOTdBQUEzRDUxMUUxQTQwN0YzMUI0Nzg3NDU1RSIgeG1wTU06SW5zdGFuY2VJRD0ieG1wLmlpZDpEQTUyOTdBOUEzRDUxMUUxQTQwN0YzMUI0Nzg3NDU1RSIgeG1wOkNyZWF0b3JUb29sPSJBZG9iZSBQaG90b3Nob3AgQ1M2IChXaW5kb3dzKSI+IDx4bXBNTTpEZXJpdmVkRnJvbSBzdFJlZjppbnN0YW5jZUlEPSJ4bXAuaWlkOjQ4MTZDRTNCRDVBM0UxMTFBQTI2QTBCMjZENzg1Qzg5IiBzdFJlZjpkb2N1bWVudElEPSJ4bXAuZGlkOkJCNTQ2NThCMjJBM0UxMTFCQjlGOTlCRDhGRDlFQkVCIi8+IDwvcmRmOkRlc2NyaXB0aW9uPiA8L3JkZjpSREY+IDwveDp4bXBtZXRhPiA8P3hwYWNrZXQgZW5kPSJyIj8+aHNJrgAAAZ1JREFUeNpsUssrRGEU/907985YMDPNYlh4hbKZPMdgR3aysrGSSFIeKyUKpewoRTYkmcgCf4MsMI2FPDYGKeUZSoru4/uc82VC+W7fOeee+zvn/M45V1uuyCmVwDogq0hDklD6jy1dspNkdxokVrIzPFUh0/MD5OdXoJDwPFtu3d2ns6TTp9oggTlFZlmN0o4AHMmXfJGo0lmGzoE1OgmNHf5YA8rmN5HfM6wADmUuHphA9cIW/JX1yiek9DIlyijxkNjBzXYche19gNcHzfShoLUdVxtLuD/cYzCoMAzCwqYrhMDx9Chs20JRWzf4nMcXcDI3pYAqQHIAtWUJbpKursMMhpA+RiAEGzpc4X5XkDB4GjaHmiZik/PIa2rBEWVlSuW9Q+T3YndskBi46QpQFcLltchtbEZyZhxna4uKhmV9Ito/gtPNOG4P99WItdlIWARNXWOAv6AEr9cplel7/ggUleDlMqUSvNnCobHKxDsNnqs8XaWUZopp/XhxTkOR+HDVOveYUge9rNLyY9SU9v+vwXuUB2R0fQkwABfn/VKSjTLBAAAAAElFTkSuQmCC) " "}
.error.label th:first-child:before, .error.label td:first-child:before {content:url(data:image/png;base64,iVBORw0KGgoAAAANSUhEUgAAAAwAAAAMCAYAAABWdVznAAAABmJLR0QAAAAAAAD5Q7t/AAAACXBIWXMAAAsTAAALEwEAmpwYAAAAB3RJTUUH3QcKER4AdkxvvQAAAdVJREFUKM89kM9KG0EAh7/JTHazZInEQwJ68KIWLx6Etj6EjxAobYSsD+BjCJ682EOp0FMueYmS0FMICF4i6tFNzJ/dyRh2Znoo6Xf+Pn7wEzc3Nx/W6/UvY8xJnudkWYa1Fu893nviOCaKIhuG4R/v/Ve1Xq9/bG1tnezs7JDnOVpr3t/fcc4hpaRSqVCpVORqtTp9e3v7rrTWn5vNJpPJhHK5zHg8JssyvPeEYcjR0RFpmlKr1ZjP5x9Li8VCbOR2u83BwQEvLy88PT1xfHzMxcUFQgjSNCXLskDlec5sNuPx8REpJZ1Oh+fnZ4QQnJ+fc319Tb/fZ29vD601SmvNdDplsVhwe3vLaDTi6uoKgCRJGAwGNBoNXl9fMcZQcs5hjGG1WpHnObVajQ3VahWtNcYYjDE451Cb+7z3JElCkiScnZ0hpaTX67G7u0u328V7/y+oVqsIITg8PKTT6dBqtRgOhzjnaLVa3N3dcX9/z3K5JI5jxOXlpSuKQqRpirWWh4eH//Plcpn9/X2cc2xvb1MqlQqllBpYa0/jOGYymdBsNsmyDOccURRRFAX1eh2lFGEY/lZBEHyx1v703n8KgkBEUYSUEu/9RkIIUQRB0A/D8NtflUT+nn4OS+0AAAAASUVORK5CYII=) " "}
.pending.label th:first-child:before, .pending.label td:first-child:before {content:url(data:image/png;base64,iVBORw0KGgoAAAANSUhEUgAAAAwAAAAMCAYAAABWdVznAAAAGXRFWHRTb2Z0d2FyZQBBZG9iZSBJbWFnZVJlYWR5ccllPAAAA2ZpVFh0WE1MOmNvbS5hZG9iZS54bXAAAAAAADw/eHBhY2tldCBiZWdpbj0i77u/IiBpZD0iVzVNME1wQ2VoaUh6cmVTek5UY3prYzlkIj8+IDx4OnhtcG1ldGEgeG1sbnM6eD0iYWRvYmU6bnM6bWV0YS8iIHg6eG1wdGs9IkFkb2JlIFhNUCBDb3JlIDUuMy1jMDExIDY2LjE0NTY2MSwgMjAxMi8wMi8wNi0xNDo1NjoyNyAgICAgICAgIj4gPHJkZjpSREYgeG1sbnM6cmRmPSJodHRwOi8vd3d3LnczLm9yZy8xOTk5LzAyLzIyLXJkZi1zeW50YXgtbnMjIj4gPHJkZjpEZXNjcmlwdGlvbiByZGY6YWJvdXQ9IiIgeG1sbnM6eG1wTU09Imh0dHA6Ly9ucy5hZG9iZS5jb20veGFwLzEuMC9tbS8iIHhtbG5zOnN0UmVmPSJodHRwOi8vbnMuYWRvYmUuY29tL3hhcC8xLjAvc1R5cGUvUmVzb3VyY2VSZWYjIiB4bWxuczp4bXA9Imh0dHA6Ly9ucy5hZG9iZS5jb20veGFwLzEuMC8iIHhtcE1NOk9yaWdpbmFsRG9jdW1lbnRJRD0ieG1wLmRpZDpCQjU0NjU4QjIyQTNFMTExQkI5Rjk5QkQ4RkQ5RUJFQiIgeG1wTU06RG9jdW1lbnRJRD0ieG1wLmRpZDpDODdDM0Y0QUEzRDUxMUUxQjk5N0MzQjVFRDMyQUE1MiIgeG1wTU06SW5zdGFuY2VJRD0ieG1wLmlpZDpDODdDM0Y0OUEzRDUxMUUxQjk5N0MzQjVFRDMyQUE1MiIgeG1wOkNyZWF0b3JUb29sPSJBZG9iZSBQaG90b3Nob3AgQ1M2IChXaW5kb3dzKSI+IDx4bXBNTTpEZXJpdmVkRnJvbSBzdFJlZjppbnN0YW5jZUlEPSJ4bXAuaWlkOjQ4MTZDRTNCRDVBM0UxMTFBQTI2QTBCMjZENzg1Qzg5IiBzdFJlZjpkb2N1bWVudElEPSJ4bXAuZGlkOkJCNTQ2NThCMjJBM0UxMTFCQjlGOTlCRDhGRDlFQkVCIi8+IDwvcmRmOkRlc2NyaXB0aW9uPiA8L3JkZjpSREY+IDwveDp4bXBtZXRhPiA8P3hwYWNrZXQgZW5kPSJyIj8+yj6RYgAAAPZJREFUeNp0kM8KgkAQxmc1E0Wfo3vQn5eRSDx4EUHwbTpEhx4lil7DiydBQUFXp5nAMNsGhpnd/X77za4Iw3CFiFcAWFMFDkXtKZ/UHhfUnB3HWdu2/REpAL2u631ZlicGdpZlwTAMSmBM0zS5bhgQLB5FU3AOUS4XvNn3vVKgAACCIMA0TbFpGsyyDJMkefdFUWAcx1hVFeZ5jlEUoed5qPEI7KDrOhiG8e6llNC27Zcz77FW+L6Pruv+WKtGIzfgR39umv/UHOJgAMlO/BPOXCQDD5p3r2ma8lvHNU9BcWPg0HXdhRZbOhRT8aSXVO9U/ZcAAwAsmjsSQcM0lwAAAABJRU5ErkJggg==) " ";}
.successful.label th:first-child:before, .successful.label td:first-child:before {content:url(data:image/png;base64,iVBORw0KGgoAAAANSUhEUgAAAAwAAAAMCAYAAABWdVznAAAAGXRFWHRTb2Z0d2FyZQBBZG9iZSBJbWFnZVJlYWR5ccllPAAAA2ZpVFh0WE1MOmNvbS5hZG9iZS54bXAAAAAAADw/eHBhY2tldCBiZWdpbj0i77u/IiBpZD0iVzVNME1wQ2VoaUh6cmVTek5UY3prYzlkIj8+IDx4OnhtcG1ldGEgeG1sbnM6eD0iYWRvYmU6bnM6bWV0YS8iIHg6eG1wdGs9IkFkb2JlIFhNUCBDb3JlIDUuMy1jMDExIDY2LjE0NTY2MSwgMjAxMi8wMi8wNi0xNDo1NjoyNyAgICAgICAgIj4gPHJkZjpSREYgeG1sbnM6cmRmPSJodHRwOi8vd3d3LnczLm9yZy8xOTk5LzAyLzIyLXJkZi1zeW50YXgtbnMjIj4gPHJkZjpEZXNjcmlwdGlvbiByZGY6YWJvdXQ9IiIgeG1sbnM6eG1wTU09Imh0dHA6Ly9ucy5hZG9iZS5jb20veGFwLzEuMC9tbS8iIHhtbG5zOnN0UmVmPSJodHRwOi8vbnMuYWRvYmUuY29tL3hhcC8xLjAvc1R5cGUvUmVzb3VyY2VSZWYjIiB4bWxuczp4bXA9Imh0dHA6Ly9ucy5hZG9iZS5jb20veGFwLzEuMC8iIHhtcE1NOk9yaWdpbmFsRG9jdW1lbnRJRD0ieG1wLmRpZDpCQjU0NjU4QjIyQTNFMTExQkI5Rjk5QkQ4RkQ5RUJFQiIgeG1wTU06RG9jdW1lbnRJRD0ieG1wLmRpZDpEMDVBNThBQUEzRDUxMUUxQjdCQkM2QUNBMTNBMDExNiIgeG1wTU06SW5zdGFuY2VJRD0ieG1wLmlpZDpEMDVBNThBOUEzRDUxMUUxQjdCQkM2QUNBMTNBMDExNiIgeG1wOkNyZWF0b3JUb29sPSJBZG9iZSBQaG90b3Nob3AgQ1M2IChXaW5kb3dzKSI+IDx4bXBNTTpEZXJpdmVkRnJvbSBzdFJlZjppbnN0YW5jZUlEPSJ4bXAuaWlkOjQ4MTZDRTNCRDVBM0UxMTFBQTI2QTBCMjZENzg1Qzg5IiBzdFJlZjpkb2N1bWVudElEPSJ4bXAuZGlkOkJCNTQ2NThCMjJBM0UxMTFCQjlGOTlCRDhGRDlFQkVCIi8+IDwvcmRmOkRlc2NyaXB0aW9uPiA8L3JkZjpSREY+IDwveDp4bXBtZXRhPiA8P3hwYWNrZXQgZW5kPSJyIj8+xJ3YrgAAAYBJREFUeNpsUrtKA1EQPZtdY4gEQiD4QCsLEVGX4CP4AykEq1hYiGghCDZ+gBZWVtrZ+EAjaGOhfoAkNiaKhYWICilMEQNqoYjZ5O4d5+6ucQuLM3funDNzD7OrLe229YBwSKAEnyAP/pyIbL5fcz5rcNiLtuqJSEz3ickn5ruE/vFmJ9/LYjvAldGWqA7bJkgPtoAHQrS5G6NdiwhFWCoxHOCgKUL+iurkCBVawyamE8d4qmSZ51clBZUlh+RG14JzEsJNcaTNLVwWd1B6vXXqkmGoYNeVUPnW3JNr4+YarPoncvebEAKNekAlokaY6N/A1NA+SBgY6Eijtz2Fs5sVWNWawysorWNJsO+q9QWzaxLTYwfojA3isZzDfSnrWvTsNiyp7pOrZURC7ejrTDEpcVpY9ab+NSioLZEiapZA5nwBxZcC8g9HeK7ccYM7TDnwmoU2vx6/NIJaUjc0b0u8YvJNle5HdJvlhbI0Y31ThqsjTGr0/+8hOOQ5nfsRYACtHiy+FDd82wAAAABJRU5ErkJggg==) " "}
/*.successful.label a:before {content:url(data:image/png;base64,iVBORw0KGgoAAAANSUhEUgAAAAwAAAAMCAYAAABWdVznAAAAGXRFWHRTb2Z0d2FyZQBBZG9iZSBJbWFnZVJlYWR5ccllPAAAA2ZpVFh0WE1MOmNvbS5hZG9iZS54bXAAAAAAADw/eHBhY2tldCBiZWdpbj0i77u/IiBpZD0iVzVNME1wQ2VoaUh6cmVTek5UY3prYzlkIj8+IDx4OnhtcG1ldGEgeG1sbnM6eD0iYWRvYmU6bnM6bWV0YS8iIHg6eG1wdGs9IkFkb2JlIFhNUCBDb3JlIDUuMy1jMDExIDY2LjE0NTY2MSwgMjAxMi8wMi8wNi0xNDo1NjoyNyAgICAgICAgIj4gPHJkZjpSREYgeG1sbnM6cmRmPSJodHRwOi8vd3d3LnczLm9yZy8xOTk5LzAyLzIyLXJkZi1zeW50YXgtbnMjIj4gPHJkZjpEZXNjcmlwdGlvbiByZGY6YWJvdXQ9IiIgeG1sbnM6eG1wTU09Imh0dHA6Ly9ucy5hZG9iZS5jb20veGFwLzEuMC9tbS8iIHhtbG5zOnN0UmVmPSJodHRwOi8vbnMuYWRvYmUuY29tL3hhcC8xLjAvc1R5cGUvUmVzb3VyY2VSZWYjIiB4bWxuczp4bXA9Imh0dHA6Ly9ucy5hZG9iZS5jb20veGFwLzEuMC8iIHhtcE1NOk9yaWdpbmFsRG9jdW1lbnRJRD0ieG1wLmRpZDpCQjU0NjU4QjIyQTNFMTExQkI5Rjk5QkQ4RkQ5RUJFQiIgeG1wTU06RG9jdW1lbnRJRD0ieG1wLmRpZDpEMDVBNThBQUEzRDUxMUUxQjdCQkM2QUNBMTNBMDExNiIgeG1wTU06SW5zdGFuY2VJRD0ieG1wLmlpZDpEMDVBNThBOUEzRDUxMUUxQjdCQkM2QUNBMTNBMDExNiIgeG1wOkNyZWF0b3JUb29sPSJBZG9iZSBQaG90b3Nob3AgQ1M2IChXaW5kb3dzKSI+IDx4bXBNTTpEZXJpdmVkRnJvbSBzdFJlZjppbnN0YW5jZUlEPSJ4bXAuaWlkOjQ4MTZDRTNCRDVBM0UxMTFBQTI2QTBCMjZENzg1Qzg5IiBzdFJlZjpkb2N1bWVudElEPSJ4bXAuZGlkOkJCNTQ2NThCMjJBM0UxMTFCQjlGOTlCRDhGRDlFQkVCIi8+IDwvcmRmOkRlc2NyaXB0aW9uPiA8L3JkZjpSREY+IDwveDp4bXBtZXRhPiA8P3hwYWNrZXQgZW5kPSJyIj8+xJ3YrgAAAYBJREFUeNpsUrtKA1EQPZtdY4gEQiD4QCsLEVGX4CP4AykEq1hYiGghCDZ+gBZWVtrZ+EAjaGOhfoAkNiaKhYWICilMEQNqoYjZ5O4d5+6ucQuLM3funDNzD7OrLe229YBwSKAEnyAP/pyIbL5fcz5rcNiLtuqJSEz3ickn5ruE/vFmJ9/LYjvAldGWqA7bJkgPtoAHQrS5G6NdiwhFWCoxHOCgKUL+iurkCBVawyamE8d4qmSZ51clBZUlh+RG14JzEsJNcaTNLVwWd1B6vXXqkmGoYNeVUPnW3JNr4+YarPoncvebEAKNekAlokaY6N/A1NA+SBgY6Eijtz2Fs5sVWNWawysorWNJsO+q9QWzaxLTYwfojA3isZzDfSnrWvTsNiyp7pOrZURC7ejrTDEpcVpY9ab+NSioLZEiapZA5nwBxZcC8g9HeK7ccYM7TDnwmoU2vx6/NIJaUjc0b0u8YvJNle5HdJvlhbI0Y31ThqsjTGr0/+8hOOQ5nfsRYACtHiy+FDd82wAAAABJRU5ErkJggg==) " "}*/

.xspecResult { width: 90%; table-layout: fixed; }

.xspecResult td,
.xspecResult th { width: 50%; }

/*.xspecResult pre { 
  margin-left: 0; 
  padding: 0.5em; 
  overflow: auto; 
  border: 1px #999 dotted;
}*/

span.scenario-totals {float: right; width: 14.5%; text-align: left}

/* OXYGEN */
span.scenario-totals {float: right; width: 34.5%; text-align: right}

h2.failed {
    background-color: #FCC;
}

h1, h2 {
    width: 86%;
    /*margin-left: 3%;*/
    
    font-size:1.4em;
    font-weight:bold;
    text-align:left;
    margin-top:1.4em;
    margin-bottom:0.7em;
    color:#333333;
    background-color:inherit;
}

h1 {
    font-size:1.7em;
}

body &gt; h1:first-child:before {
    content:"XSLT UNIT ";
}

body &gt; h2:first-of-type {
    font-size:1.7em;
}

div &gt; table &gt; tbody &gt; tr &gt; th:first-child {
    font-weight:bold;
}

div &gt; h3 {
    font-weight:bold;
    /*margin-left: 3%;*/
}

div &gt; h4 {
    font-weight:normal;
    /*margin-left: 4%;*/
}

th.result { text-align: center; }
/* OXYGEN */


/* ------------------------------------------------------------------------ */
/*  DO NOT ALTER OR REMOVE COPYRIGHT NOTICES OR THIS COMMENT.               */
/*                                                                          */
/*  Copyright (c) 2008, 2010 Jeni Tennsion                                  */
/*                                                                          */
/*  The contents of this file are subject to the MIT License (see the URI   */
/*  http://www.opensource.org/licenses/mit-license.php for details).        */
/*                                                                          */
/*  Permission is hereby granted, free of charge, to any person obtaining   */
/*  a copy of this software and associated documentation files (the         */
/*  "Software"), to deal in the Software without restriction, including     */
/*  without limitation the rights to use, copy, modify, merge, publish,     */
/*  distribute, sublicense, and/or sell copies of the Software, and to      */
/*  permit persons to whom the Software is furnished to do so, subject to   */
/*  the following conditions:                                               */
/*                                                                          */
/*  The above copyright notice and this permission notice shall be          */
/*  included in all copies or substantial portions of the Software.         */
/*                                                                          */
/*  THE SOFTWARE IS PROVIDED "AS IS", WITHOUT WARRANTY OF ANY KIND,         */
/*  EXPRESS OR IMPLIED, INCLUDING BUT NOT LIMITED TO THE WARRANTIES OF      */
/*  MERCHANTABILITY, FITNESS FOR A PARTICULAR PURPOSE AND NONINFRINGEMENT.  */
/*  IN NO EVENT SHALL THE AUTHORS OR COPYRIGHT HOLDERS BE LIABLE FOR ANY    */
/*  CLAIM, DAMAGES OR OTHER LIABILITY, WHETHER IN AN ACTION OF CONTRACT,    */
/*  TORT OR OTHERWISE, ARISING FROM, OUT OF OR IN CONNECTION WITH THE       */
/*  SOFTWARE OR THE USE OR OTHER DEALINGS IN THE SOFTWARE.                  */
/* ------------------------------------------------------------------------ */

.nobr { white-space: nowrap; }
.scenario-label { text-indent: 0px; }
.context-label { text-indent: 10px; }
.test-label { text-indent: 20px; }
.pending-label { text-indent: 30px; }


        /**/</style>
    </head><body><h1>Test Report</h1><p>Script: <a href="file:/home/jostein/xprocspec/xprocspec/src/test/xprocspec/tests/pending-1.xprocspec">file:/home/jostein/xprocspec/xprocspec/src/test/xprocspec/tests/pending-1.xprocspec</a></p><p>Tested: 2013-12-02T14:36:19.855+01:00</p><h2>Contents</h2><table class="xspec"><col width="75%"/><col width="5%"/><col width="5%"/><col width="5%"/><col width="5%"/><col width="5%"/><thead><tr><th/><th class="result">passed:1</th><th class="result">pending:2</th><th class="result">failed:0</th><th class="result">errors:0</th><th class="result">total:3</th></tr></thead><tbody><tr class="pending label"><th><a href="#step1">ex:identity</a></th><th class="result">1</th><th class="result">1</th><th class="result">0</th><th class="result">0</th><th class="result">2</th></tr><tr class="pending label"><th><a href="#pending-1">Not calling: ex:identity</a></th><th class="result">0</th><th class="result">1</th><th class="result">0</th><th class="result">0</th><th class="result">1</th></tr></tbody></table><div id="step1"><h2 class="pending">Calling: <a href="file:/home/jostein/xprocspec/xprocspec/src/test/xprocspec/steps/identity.xpl">ex:identity</a><span class="scenario-totals">passed:1 / pending:1 /
                                        failed:0 / errors:0 / total:2</span></h2><table class="xspec"><col width="80%"/><col width="20%"/><tbody><tr class="pending label"><th class="scenario-label">identity - wrapped context+expect</th><th class="nobr">passed:1 / pending:1 / failed:0 / errors:0 / total:2</th></tr><tr class="successful label"><th class="context-label">errors</th><th class="nobr">passed:1 / pending:0 / failed:0 / errors:0 / total:1</th></tr><tr class="successful label"><td class="test-label">the step should execute successfully without throwing any errors</td><td>Success</td></tr><tr class="pending label"><th class="context-label">the options</th><th class="nobr">passed:0 / pending:1 / failed:0 / errors:0 / total:1</th></tr><tr class="pending label"><td class="test-label">There should be a single document on the options port</td><td>Pending</td></tr><tr class="pending"><td class="pending-label">Not implemented</td><td/></tr></tbody></table></div><div id="pending-1"><h2 class="pending">Not calling: <a href="file:/home/jostein/xprocspec/xprocspec/src/test/xprocspec/steps/identity.xpl">ex:identity</a><span class="scenario-totals">passed:0 / pending:1 / failed:0 /
                                    errors:0 / total:1</span></h2><table class="xspec"><col width="80%"/><col width="20%"/><tbody><tr class="pending label"><th class="scenario-label">identity - scenario wrapped in x:pending</th><th class="nobr">passed:0 / pending:1 / failed:0 / errors:0 / total:1</th></tr><tr class="pending"><td>Not implemented</td><td>Pending</td></tr></tbody></table></div><h2>Execution log</h2><table><thead><tr><th>Time</th><th>Severity</th><th>Message</th></tr></thead><tbody><tr style=""><td>0.000</td><td style="padding-left:0%;">INFO</td><td><code><pre>#### file:/home/jostein/xprocspec/xprocspec/src/test/xprocspec/tests/pending-1.xprocspec ####</pre></code></td></tr><tr style=""><td>0.005</td><td style="padding-left:0%;">INFO</td><td><code><pre> * temporary directory: file:/tmp/xprocspec-20131202143557583/</pre></code></td></tr><tr style=""><td>0.010</td><td style="padding-left:0%;">INFO</td><td><code><pre>preprocessing...</pre></code></td></tr><tr style=""><td>0.025</td><td style="padding-left:0%;">INFO</td><td><code><pre> * checking for imports</pre></code></td></tr><tr style=""><td>0.031</td><td style="padding-left:0%;">INFO</td><td><code><pre> * checking file:/home/jostein/xprocspec/xprocspec/src/test/xprocspec/tests/pending-1.xprocspec for imports</pre></code></td></tr><tr style=""><td>0.037</td><td style="padding-left:0%;">INFO</td><td><code><pre> * extracting step declarations from file:/home/jostein/xprocspec/xprocspec/src/test/xprocspec/steps/identity.xpl</pre></code></td></tr><tr style=""><td>0.044</td><td style="padding-left:0%;">INFO</td><td><code><pre> * tests reference 1 step</pre></code></td></tr><tr style=""><td>0.049</td><td style="padding-left:0%;">INFO</td><td><code><pre>   * step: e:identity</pre></code></td></tr><tr style=""><td>0.055</td><td style="padding-left:0%;">INFO</td><td><code><pre> * trying to load: file:/home/jostein/xprocspec/xprocspec/src/test/xprocspec/steps/identity.xpl</pre></code></td></tr><tr style=""><td>0.061</td><td style="padding-left:0%;">INFO</td><td><code><pre>   * success!</pre></code></td></tr><tr style=""><td>0.069</td><td style="padding-left:0%;">INFO</td><td><code><pre> * trying to extract the step declaration for {http://example.net/ns}identity from file:/home/jostein/xprocspec/xprocspec/src/test/xprocspec/steps/identity.xpl</pre></code></td></tr><tr style=""><td>0.082</td><td style="padding-left:0%;">INFO</td><td><code><pre> * creating a new x:description document for each x:scenario element with inferred inputs, options and parameters</pre></code></td></tr><tr style=""><td>0.100</td><td style="padding-left:0%;">INFO</td><td><code><pre> * validating output grammar</pre></code></td></tr><tr style=""><td>0.108</td><td style="padding-left:0%;">INFO</td><td><code><pre> * validating output grammar</pre></code></td></tr><tr style=""><td>0.115</td><td style="padding-left:0%;">INFO</td><td><code><pre>compiling...</pre></code></td></tr><tr style=""><td>0.123</td><td style="padding-left:0%;">INFO</td><td><code><pre> * created directory using Calabash's cxf:mkdir</pre></code></td></tr><tr style=""><td>0.129</td><td style="padding-left:0%;">INFO</td><td><code><pre> * converting test 'test1' to XProc</pre></code></td></tr><tr style=""><td>0.144</td><td style="padding-left:0%;">INFO</td><td><code><pre>   * done</pre></code></td></tr><tr style=""><td>0.151</td><td style="padding-left:0%;">INFO</td><td><code><pre> * validating output grammar for file:/home/jostein/xprocspec/xprocspec/src/test/xprocspec/tests/pending-1.xprocspec</pre></code></td></tr><tr style=""><td>0.158</td><td style="padding-left:0%;">INFO</td><td><code><pre>   * done!</pre></code></td></tr><tr style=""><td>0.166</td><td style="padding-left:0%;">INFO</td><td><code><pre> * converting test 'test2' to XProc</pre></code></td></tr><tr style=""><td>0.178</td><td style="padding-left:0%;">INFO</td><td><code><pre>   * done</pre></code></td></tr><tr style=""><td>0.185</td><td style="padding-left:0%;">INFO</td><td><code><pre> * validating output grammar for file:/home/jostein/xprocspec/xprocspec/src/test/xprocspec/tests/pending-1.xprocspec</pre></code></td></tr><tr style=""><td>0.191</td><td style="padding-left:0%;">INFO</td><td><code><pre>   * done!</pre></code></td></tr><tr style=""><td>0.198</td><td style="padding-left:0%;">INFO</td><td><code><pre> * using as temporary directory: file:/tmp/xprocspec-20131202143557583/xprocspec-20131202143619275/</pre></code></td></tr><tr style=""><td>0.205</td><td style="padding-left:0%;">INFO</td><td><code><pre>storing...</pre></code></td></tr><tr style=""><td>0.215</td><td style="padding-left:0%;">INFO</td><td><code><pre>running...</pre></code></td></tr><tr style=""><td>0.224</td><td style="padding-left:0%;">INFO</td><td><code><pre>   * loading 'file:/tmp/xprocspec-20131202143557583/test1.xpl'</pre></code></td></tr><tr style=""><td>0.281</td><td style="padding-left:0%;">INFO</td><td><code><pre>   * loading 'file:/tmp/xprocspec-20131202143557583/test2.xpl'</pre></code></td></tr><tr style=""><td>0.323</td><td style="padding-left:0%;">INFO</td><td><code><pre>evaluating...</pre></code></td></tr><tr style=""><td>0.335</td><td style="padding-left:0%;">INFO</td><td><code><pre> * evaluating scenario 'identity - wrapped context+expect' (file:/home/jostein/xprocspec/xprocspec/src/test/xprocspec/tests/pending-1.xprocspec)</pre></code></td></tr><tr style=""><td>0.343</td><td style="padding-left:0%;">INFO</td><td><code><pre>   * resolving x:document elements...</pre></code></td></tr><tr style=""><td>0.353</td><td style="padding-left:0%;">INFO</td><td><code><pre>    * no errors occured</pre></code></td></tr><tr style=""><td>0.380</td><td style="padding-left:0%;">INFO</td><td><code><pre>   * grouping x:expect elements with their x:context...</pre></code></td></tr><tr style=""><td>0.389</td><td style="padding-left:0%;">INFO</td><td><code><pre>   * evaluating each context/expect group...</pre></code></td></tr><tr style=""><td>0.396</td><td style="padding-left:0%;">INFO</td><td><code><pre>     * setting context to 'errors'</pre></code></td></tr><tr style=""><td>0.404</td><td style="padding-left:0%;">INFO</td><td><code><pre>       * testing assertion 'the step should execute successfully without throwing any errors'</pre></code></td></tr><tr style=""><td>0.411</td><td style="padding-left:0%;">INFO</td><td><code><pre>         * is document count assertion</pre></code></td></tr><tr style=""><td>0.419</td><td style="padding-left:0%;">INFO</td><td><code><pre>         * assertion passed</pre></code></td></tr><tr style=""><td>0.429</td><td style="padding-left:0%;">INFO</td><td><code><pre>     * setting context to 'the options'</pre></code></td></tr><tr style=""><td>0.436</td><td style="padding-left:0%;">INFO</td><td><code><pre>       * testing assertion 'There should be a single document on the options port'</pre></code></td></tr><tr style=""><td>0.444</td><td style="padding-left:0%;">INFO</td><td><code><pre>         * assertion skipped</pre></code></td></tr><tr style=""><td>0.459</td><td style="padding-left:0%;">INFO</td><td><code><pre> * evaluating scenario 'identity - scenario wrapped in x:pending' (file:/home/jostein/xprocspec/xprocspec/src/test/xprocspec/tests/pending-1.xprocspec)</pre></code></td></tr><tr style=""><td>0.579</td><td style="padding-left:0%;">INFO</td><td><code><pre>   * resolving x:document elements...</pre></code></td></tr><tr style=""><td>0.587</td><td style="padding-left:0%;">INFO</td><td><code><pre>   * grouping x:expect elements with their x:context...</pre></code></td></tr><tr style=""><td>0.596</td><td style="padding-left:0%;">INFO</td><td><code><pre>   * evaluating each context/expect group...</pre></code></td></tr><tr style=""><td>0.604</td><td style="padding-left:0%;">INFO</td><td><code><pre>     * setting context to 'the options'</pre></code></td></tr><tr style=""><td>0.612</td><td style="padding-left:0%;">INFO</td><td><code><pre>       * testing assertion 'There should be a single document on the options port'</pre></code></td></tr><tr style=""><td>0.620</td><td style="padding-left:0%;">INFO</td><td><code><pre>         * assertion skipped</pre></code></td></tr><tr style=""><td>0.631</td><td style="padding-left:0%;">INFO</td><td><code><pre>reporting...</pre></code></td></tr></tbody></table><link rel="stylesheet" href="http://yandex.st/highlightjs/7.3/styles/default.min.css"/><script type="text/javascript" src="http://yandex.st/highlightjs/7.3/highlight.min.js" xml:space="preserve"> </script><script type="text/javascript">hljs.initHighlightingOnLoad();</script></body></html></x:document></x:output><x:output port="junit"><x:document xml:base="file:/home/jostein/xprocspec/xprocspec/src/main/resources/content/xml/xproc/report/report.xpl" xml:space="preserve" type="inline"><testsuites tests="3" failures="0" time="0.641" errors="0" name="pending1"><testsuite timestamp="2013-12-02T13:36:19.805Z" hostname="localhost" tests="2" errors="0" failures="0" skipped="1" id="d40797e1" name="identityWrappedContext+expect" package="http://example.net/ns" time="0.008">
<properties>

<property name="option: option.required" value=""/>

</properties>
<testcase name="theStepShouldExecuteSuccessfullyWithoutThrowingAnyErrors" classname="identity" assertions="1" time="0" status="SUCCESS"><system-out>the step should execute successfully without throwing any errors: SUCCESS</system-out>
<system-err/></testcase><testcase name="ThereShouldBeASingleDocumentOnTheOptionsPort" classname="identity" assertions="1" time="0"><skipped type="xprocspec.skip" message="Not implemented">Not implemented</skipped><system-out>There should be a single document on the options port: SKIPPED</system-out>
<system-err/></testcase></testsuite><testsuite timestamp="2013-12-02T13:36:19.814Z" hostname="localhost" tests="1" errors="0" failures="0" skipped="1" id="d40803e1" name="identityScenarioWrappedInXpending" time="0.001">
<properties>


</properties>
<testcase name="pendingScenario-identityScenarioWrappedInXpending" classname="pendingScenario" assertions="1" time="0"><skipped type="xprocspec.skip" message="Not implemented">Not implemented</skipped><system-out>identity - scenario wrapped in x:pending: SKIPPED</system-out></testcase></testsuite></testsuites></x:document></x:output><x:test-result type="count" label="the step should execute successfully without throwing any errors" max="0" contextref="errors" result="passed">
                                                        <x:expected>At most 0 documents.</x:expected>
                                                    <x:was>0</x:was></x:test-result><x:test-result label="there should be at least one test, and none of the tests should fail" type="xpath" test="not(/*/@tests='0') and /*/@failures='0' and /*/@errors='0'" contextref="context17" result="passed"><x:expected xml:space="preserve">XPath: true()
Value: true</x:expected><x:was xml:space="preserve">XPath: not(/*/@tests='0') and /*/@failures='0' and /*/@errors='0'
Value: true</x:was></x:test-result><x:test-result label="one of the test cases should be successful ('the step should execute successfully')" type="xpath" test="count(/testsuites/testsuite/testcase[@status='SUCCESS'])" equals="1" contextref="context17" result="passed"><x:expected xml:space="preserve">XPath: 1
Value: 1</x:expected><x:was xml:space="preserve">XPath: count(/testsuites/testsuite/testcase[@status='SUCCESS'])
Value: 1</x:was></x:test-result><x:test-result label="other than the 'execute successfully' test, all tests should be skipped" type="xpath" test="sum(/testsuites/testsuite/number(@skipped))" equals="/testsuites/number(@tests) - 1" contextref="context17" result="passed"><x:expected xml:space="preserve">XPath: /testsuites/number(@tests) - 1
Value: 2</x:expected><x:was xml:space="preserve">XPath: sum(/testsuites/testsuite/number(@skipped))
Value: 2</x:was></x:test-result></x:description><x:description xmlns:cx="http://xmlcalabash.com/ns/extensions" xmlns:c="http://www.w3.org/ns/xproc-step" xml:base="file:/home/jostein/xprocspec/xprocspec/src/test/xprocspec/test.xprocspec" test-base-uri="file:/home/jostein/xprocspec/xprocspec/src/test/xprocspec/test.xprocspec" script="file:/home/jostein/xprocspec/xprocspec/src/main/resources/content/xml/xproc/xprocspec.xpl" test-grammar="xprocspec" temp-dir="file:/tmp/xprocspec-20131202143557583/"><x:step-declaration><p:declare-step xmlns:p="http://www.w3.org/ns/xproc" xmlns:px="http://www.daisy.org/ns/xprocspec" xmlns:pxi="http://www.daisy.org/ns/xprocspec/xproc-internal/" xmlns:pkg="http://expath.org/ns/pkg" type="px:xprocspec" name="main" version="1.0" xpath-version="2.0" pkg:import-uri="http://www.daisy.org/ns/xprocspec/xprocspec.xpl" x:type="{http://www.daisy.org/ns/xprocspec}xprocspec"><p:input port="source" kind="document" sequence="false" primary="true"/><p:output port="result" kind="document" sequence="false" primary="false"><p:pipe port="result" step="report"/></p:output><p:output port="html" kind="document" sequence="false" primary="false"><p:pipe port="html" step="report"/></p:output><p:output port="junit" kind="document" sequence="false" primary="false"><p:pipe port="junit" step="report"/></p:output><p:option name="temp-dir" select="'file:/tmp/'"/><p:option name="step-available-rng" select="'false'"/></p:declare-step></x:step-declaration><x:scenario end-time="2013-12-02T13:36:20.639Z" label="regression tests - on elements in the xproc namespace: allow attributes from other namespaces" start-time="2013-12-02T13:36:20.194Z"><x:call x:type="{http://www.daisy.org/ns/xprocspec}xprocspec" step="x:xprocspec"><x:option select="$temp-dir" name="temp-dir" value="file:/tmp/xprocspec-20131202143557583/"/><x:input port="source">
                    <x:document xml:base="file:/home/jostein/xprocspec/xprocspec/src/test/xprocspec/test.xprocspec" xml:space="preserve" type="inline"><?xml-model href="http://www.daisy.org/ns/xprocspec/xprocspec.rng" type="application/xml" schematypens="http://relaxng.org/ns/structure/1.0"?><x:description xmlns:e="http://example.net/ns" script="../../steps/identity-with-foreign-namespace.xpl">
    
    <x:scenario label="identity">
        <x:call step="e:identity-with-foreign-namespaces">
            <x:option name="option" select="'option'"/>
            <x:input port="source">
                <x:document type="inline">
                    <doc/>
                </x:document>
            </x:input>
        </x:call>
        <x:context label="the result">
            <x:document type="port" port="result"/>
        </x:context>
        <x:expect type="count" label="there should be one document on the result port" min="1" max="1"/>
    </x:scenario>
    
</x:description></x:document>
                </x:input></x:call>
                                                <x:context label="errors" id="errors">
                                                    
                                                </x:context>
                                            
                                                <x:expect type="count" label="the step should execute successfully without throwing any errors" max="0" contextref="errors"/>
                                            <x:context label="the junit output port" id="context18">
                <x:document xml:base="file:/home/jostein/xprocspec/xprocspec/src/main/resources/content/xml/xproc/report/report.xpl" xml:space="preserve" type="inline"><testsuites tests="2" failures="0" time="0.362" errors="0" name="regression1attributesfromforeignnamespacesonxprocelements"><testsuite timestamp="2013-12-02T13:36:20.57Z" hostname="localhost" tests="2" errors="0" failures="0" skipped="0" id="d42075e1" name="identity" package="http://example.net/ns" time="0.002">
<properties><property name="input: source" value="&lt;doc xmlns=&#34;&#34; .../&gt; (Base URI: file:/home/jostein/xprocspec/xprocspec/src/test/xprocspec/tests/regression-tests/regression-1_attributes-from-foreign-namespaces-on-xproc-elements.xprocspec)"/>

<property name="option: option" value="option"/>

</properties>
<testcase name="theStepShouldExecuteSuccessfullyWithoutThrowingAnyErrors" classname="identity-with-foreign-namespaces" assertions="1" time="0" status="SUCCESS"><system-out>the step should execute successfully without throwing any errors: SUCCESS</system-out>
<system-err/></testcase><testcase name="thereShouldBeOneDocumentOnTheResultPort" classname="identity-with-foreign-namespaces" assertions="1" time="0" status="SUCCESS"><system-out>there should be one document on the result port: SUCCESS</system-out>
<system-err/></testcase></testsuite></testsuites></x:document>
            </x:context><x:expect label="there should be at least one test, and none of the tests should fail" type="xpath" test="not(/*/@tests='0') and /*/@failures='0' and /*/@errors='0'" contextref="context18"/></x:scenario><x:output port="result"><x:document xml:base="file:/home/jostein/xprocspec/xprocspec/src/main/resources/content/xml/xproc/report/report.xpl" xml:space="preserve" type="inline"><x:test-report><x:description xml:base="file:/home/jostein/xprocspec/xprocspec/src/test/xprocspec/tests/regression-tests/regression-1_attributes-from-foreign-namespaces-on-xproc-elements.xprocspec" test-base-uri="file:/home/jostein/xprocspec/xprocspec/src/test/xprocspec/tests/regression-tests/regression-1_attributes-from-foreign-namespaces-on-xproc-elements.xprocspec" script="file:/home/jostein/xprocspec/xprocspec/src/test/xprocspec/steps/identity-with-foreign-namespace.xpl" test-grammar="xprocspec" temp-dir="file:/tmp/xprocspec-20131202143557583/xprocspec-20131202143620306/"><x:step-declaration><p:declare-step xmlns:p="http://www.w3.org/ns/xproc" xmlns:ex="http://example.net/ns" xmlns:px="http://example.net/foreign" name="main" type="ex:identity-with-foreign-namespaces" version="1.0" px:attribute="foo" x:type="{http://example.net/ns}identity-with-foreign-namespaces"><p:input port="source" kind="document" px:attribute="foo" sequence="false" primary="true"/><p:output port="result" kind="document" px:attribute="foo" sequence="false" primary="true"/><p:option name="option" px:attribute="foo"/></p:declare-step></x:step-declaration><x:scenario xmlns:e="http://example.net/ns" end-time="2013-12-02T13:36:20.397Z" label="identity" start-time="2013-12-02T13:36:20.395Z"><x:call x:type="{http://example.net/ns}identity-with-foreign-namespaces" step="e:identity-with-foreign-namespaces"><x:option select="'option'" name="option" value=""/><x:input port="source">
                <x:document xml:base="file:/home/jostein/xprocspec/xprocspec/src/test/xprocspec/tests/regression-tests/regression-1_attributes-from-foreign-namespaces-on-xproc-elements.xprocspec" xml:space="preserve" type="inline">
                    <doc/>
                </x:document>
            </x:input></x:call>
                                                <x:context label="errors" id="errors">
                                                    
                                                </x:context>
                                            
                                                <x:expect type="count" label="the step should execute successfully without throwing any errors" max="0" contextref="errors"/>
                                            <x:context label="the result" id="context0">
            <x:document xml:base="file:/home/jostein/xprocspec/xprocspec/src/test/xprocspec/tests/regression-tests/regression-1_attributes-from-foreign-namespaces-on-xproc-elements.xprocspec" xml:space="preserve" type="inline"><doc xmlns:ex="http://example.net/ns"/></x:document>
        </x:context><x:expect type="count" label="there should be one document on the result port" min="1" max="1" contextref="context0"/></x:scenario><x:output port="result"><x:document xml:base="file:/home/jostein/xprocspec/xprocspec/src/test/xprocspec/tests/regression-tests/regression-1_attributes-from-foreign-namespaces-on-xproc-elements.xprocspec" xml:space="preserve" type="inline"><doc xmlns:e="http://example.net/ns" xmlns:ex="http://example.net/ns"/></x:document></x:output><x:test-result xmlns:e="http://example.net/ns" type="count" label="the step should execute successfully without throwing any errors" max="0" contextref="errors" result="passed">
                                                        <x:expected>At most 0 documents.</x:expected>
                                                    <x:was>0</x:was></x:test-result><x:test-result xmlns:e="http://example.net/ns" type="count" label="there should be one document on the result port" min="1" max="1" contextref="context0" result="passed">
                                                        <x:expected>At least 1 and at most 1 documents.</x:expected>
                                                    <x:was>1</x:was></x:test-result></x:description></x:test-report></x:document></x:output><x:output port="html"><x:document xml:base="file:/home/jostein/xprocspec/xprocspec/src/main/resources/content/xml/xproc/report/report-template.xhtml" xml:space="preserve" type="inline"><html xmlns="http://www.w3.org/1999/xhtml"><head><title>Test Report for file:/home/jostein/xprocspec/xprocspec/src/test/xprocspec/tests/regression-tests/regression-1_attributes-from-foreign-namespaces-on-xproc-elements.xprocspec (passed:2 / pending:0 / failed:0 / errors:0 / total:2)</title>
        <meta charset="utf-8"/>
        <style type="text/css" xml:space="preserve">/**/
/****************************************************************************/
/*  File:       test-report.css                                             */
/*  Author:     Jeni Tennsion                                               */
/*  URI:        http://xspec.googlecode.com/                                */
/*  Tags:                                                                   */
/*    Copyright (c) 2008, 2010 Jeni Tennsion (see end of file.)             */
/* ------------------------------------------------------------------------ */


/* test */

/* box model */

body {
	margin-right: 1em;
	/*margin-left: 10%;*/
	}

h1 {
	padding: 0.3em 0.5em 0.3em 0.5em;
	position: relative;
	}

h2 {
	padding: 0.1em 0.5em 0.2em 0.5em;
	}

h3 {
	padding-left: 0.6em;
	}

h4 {
	padding-left: 0.8em;
	}

p, table {
	/*margin-left: 5%;*/
	}

dd ul, dd ol {
	margin-left: 0%;
	}

li ul, li ol {
	/*margin-left: 5%;*/
	}

dl, ul, ol, blockquote {
	/*margin-left: 10%;*/
	}

dt {
  padding-top: 3px;
  padding-bottom: 3px;
	clear: both;
	}

dd p {
	/*margin-left: -5px;*/
	margin-top: 5px;
	clear: both;
	}

p.link {
	margin-top: 4px;
	margin-bottom: 0px;
	clear: both;
	}

tr td, td p, li, li p {
	margin-left: 0%;
	}

td:nth-child(2) {
	padding-left: 5%;
	}

.link img, dt img {
	vertical-align: middle;
	position: relative;
	top: -5px;
	}

img {
	position: relative;
	}

#xml-link {
	position: absolute;
	left: 5px;
	top: 5px;
	width: 10%;
	margin-left: 0%;
	}

#link-up {
	position: absolute;
	left: 93%;
	right: 2em;
	top: 0.3em;
	}

#link-top {
	position: absolute;
	left: 89%;
	right: 4em;
	top: 0.3em;
	}
	
.popup {
	display: block;
	visibility: hidden;
	float: right;
	position: absolute;
	top: 5px;
	left: -200px;
	z-index: 1;
	padding: 0.3em;
	width: 220px;
	}

.note {
	position: relative;
	}

.post {
	/*margin-left: 5%;*/
	padding-top: 1em;
	}
	
.example, .sidebar {
  /*margin-left: 5%;*/
  margin-top: 1em;
  margin-bottom: 1em;
  }

/*pre {
	padding-left: 5%;
	margin-left: 5%;
	}*/

/*dd pre, li pre {
	padding-left: 5%;
	}*/

/* fonts */
/* Oxygen  */
body, table {
    font-family:arial, helvetica, sans-serif;
    font-size:12px;
}
/* Oxygen  */

/*body {
	font-family: Verdana, arial, sans-serif;
	font-size: small;
	}*/	

/*h1, h2, h3, h4, h5, h6 {
	font-family: 'trebuchet MS', arial, sans-serif;
	}*/

h1 {
	font-size: 173%;
	font-weight: bold;
	}

h2 {
	font-size: 144%;
	font-weight: normal;
	}

h3 {
	font-size: 120%;
	font-weight: normal;
	}

h4 {
  font-size: 100%;
  font-weight: bold;
}

dt {
	font-weight: bold;
	}

a:link, a:visited, a:active, a:hover {
	font-weight: bold;
	}

a.offsite:link, a.offsite:visited, a.offsite:active, a.offsite:hover {
	font-weight: normal;
	}

/* suppress the normal italics */
address {
	font-style: normal;
	}

div.example, .sidebar {
  font-family: Verdana, arial, sans-serif;
  font-size: 100%;
  }


.note, .link {
	font-family: Verdana, arial, sans-serif;
	/*font-size: 83%;*/
	}

/*.example, .string, .rtf, .code, pre, code {
	font-family: "Lucida Console", "Courier New", monospace;*/
  /*font-size: 83%;*/
/*	}*/

.boolean {
	font-style: italic;
	}

#colophon, #xml-link {
	font-size: 69%;
	}

.question, .title {
	font-weight: bold;
	}

/* colours */
body {
	background-color: white;
	color: black;
	border: 0px none black;
	}

/* this is to make Navigator fill the entire line */
h1, h2 {
	border: 1px solid white;
	width: auto;
	}

h1 {
	/*background: #606;*/
	/*color: #6F6;*/
	}

h2 {
	color: #606;
	/*background: #CFC;*/
	}

hr {
	color: #606;
	background: white;
	}

img, a:link img, a:visited img, a:hover img, a:active img, #link-up img, #link-top img {
	border: 0px none white;
	background: transparent;
	}

/* OXYGEN */
a, a:visited {
    color:rgb(0, 0, 150);
    background-color:inherit;
    font-weight: bold;
}
a:link, a:visited {
    text-decoration:none; 
}
a:hover {
    text-decoration:underline;
}

/* OXYGEN */

a.img:hover, a.img:active {
	background: transparent;
	}

#colophon, #xml-link, .note {
	color: #666;
	}

#colophon a:link, #colophon a:visited, #colophon a:hover,
#xml-link a:link, #xml-link a:visited, #xml-link a:hover,
.note a:link, .note a:visited, .note a:hover {
	color: #969;
	background: transparent;
	}

#colophon a:hover, #xml-link a:hover, .note a:hover {
	background: #CFC;
	color: #969;
	}

.popup {
	background: white;
	border: 1px solid #606;
	}

.post {
	border-top: 2px solid #606;
	}
	
.example {
  border-top: 2px solid #606;
  border-bottom: 2px solid #606;
  }
  
.sidebar {
  border-top: 2px solid #090;
  border-bottom: 2px solid #090;
  }
  
.rng {
  border-left: 2px solid #666;
  }

.same {
  background-color: rgb(206, 239, 174);
}

.diff {
  background-color: #FCC;
}

.whitespace {
	font-style: italic;
	color: #999;
	background: white;
}

.ignored {
  font-style: italic;
  color: #999;
  background: white;
}

.hit {
}

.missed {
  background-color: #A33;
  color: white;
}

/* text */
ol ol li {
	list-style: lower-alpha;
	}

th {
	text-align: left;
	}

td {
	vertical-align: top;
	}

h1 {
	text-transform: uppercase;
	}

h2, h3 {
	/*text-transform: capitalize;*/
	}

.question {
	text-indent: -33px;
	}

.byline {
	text-align: right;
	}

#link-top, #link-up {
	text-align: right;
	}

a {
	text-decoration: none;
	}

table { width: 85%;
        /* border: collapse; */ }

th { text-align: left; }

.xspec tbody th { font-weight: normal; /*font-size: 0.8em;*/ border-top: 1px #666 solid; }
.xspec tbody td { /*font-size: 0.8em;*/ color: #666; }

.successful.label th, .successful.label td { background-color: #CFC; }
.pending.label th, .pending.label td { background-color: #DDD; color: #666; }
.failed.label th, .failed.label td { background-color: #FCC; }
.error.label th, .error.label td { background-color: #FAA; }
/*body &gt; table tbody .failed.label th:first-child:before {content:url(data:image/png;base64,iVBORw0KGgoAAAANSUhEUgAAAAwAAAAMCAYAAABWdVznAAAAGXRFWHRTb2Z0d2FyZQBBZG9iZSBJbWFnZVJlYWR5ccllPAAAA2ZpVFh0WE1MOmNvbS5hZG9iZS54bXAAAAAAADw/eHBhY2tldCBiZWdpbj0i77u/IiBpZD0iVzVNME1wQ2VoaUh6cmVTek5UY3prYzlkIj8+IDx4OnhtcG1ldGEgeG1sbnM6eD0iYWRvYmU6bnM6bWV0YS8iIHg6eG1wdGs9IkFkb2JlIFhNUCBDb3JlIDUuMy1jMDExIDY2LjE0NTY2MSwgMjAxMi8wMi8wNi0xNDo1NjoyNyAgICAgICAgIj4gPHJkZjpSREYgeG1sbnM6cmRmPSJodHRwOi8vd3d3LnczLm9yZy8xOTk5LzAyLzIyLXJkZi1zeW50YXgtbnMjIj4gPHJkZjpEZXNjcmlwdGlvbiByZGY6YWJvdXQ9IiIgeG1sbnM6eG1wTU09Imh0dHA6Ly9ucy5hZG9iZS5jb20veGFwLzEuMC9tbS8iIHhtbG5zOnN0UmVmPSJodHRwOi8vbnMuYWRvYmUuY29tL3hhcC8xLjAvc1R5cGUvUmVzb3VyY2VSZWYjIiB4bWxuczp4bXA9Imh0dHA6Ly9ucy5hZG9iZS5jb20veGFwLzEuMC8iIHhtcE1NOk9yaWdpbmFsRG9jdW1lbnRJRD0ieG1wLmRpZDpCQjU0NjU4QjIyQTNFMTExQkI5Rjk5QkQ4RkQ5RUJFQiIgeG1wTU06RG9jdW1lbnRJRD0ieG1wLmRpZDpEQTUyOTdBQUEzRDUxMUUxQTQwN0YzMUI0Nzg3NDU1RSIgeG1wTU06SW5zdGFuY2VJRD0ieG1wLmlpZDpEQTUyOTdBOUEzRDUxMUUxQTQwN0YzMUI0Nzg3NDU1RSIgeG1wOkNyZWF0b3JUb29sPSJBZG9iZSBQaG90b3Nob3AgQ1M2IChXaW5kb3dzKSI+IDx4bXBNTTpEZXJpdmVkRnJvbSBzdFJlZjppbnN0YW5jZUlEPSJ4bXAuaWlkOjQ4MTZDRTNCRDVBM0UxMTFBQTI2QTBCMjZENzg1Qzg5IiBzdFJlZjpkb2N1bWVudElEPSJ4bXAuZGlkOkJCNTQ2NThCMjJBM0UxMTFCQjlGOTlCRDhGRDlFQkVCIi8+IDwvcmRmOkRlc2NyaXB0aW9uPiA8L3JkZjpSREY+IDwveDp4bXBtZXRhPiA8P3hwYWNrZXQgZW5kPSJyIj8+aHNJrgAAAZ1JREFUeNpsUssrRGEU/907985YMDPNYlh4hbKZPMdgR3aysrGSSFIeKyUKpewoRTYkmcgCf4MsMI2FPDYGKeUZSoru4/uc82VC+W7fOeee+zvn/M45V1uuyCmVwDogq0hDklD6jy1dspNkdxokVrIzPFUh0/MD5OdXoJDwPFtu3d2ns6TTp9oggTlFZlmN0o4AHMmXfJGo0lmGzoE1OgmNHf5YA8rmN5HfM6wADmUuHphA9cIW/JX1yiek9DIlyijxkNjBzXYche19gNcHzfShoLUdVxtLuD/cYzCoMAzCwqYrhMDx9Chs20JRWzf4nMcXcDI3pYAqQHIAtWUJbpKursMMhpA+RiAEGzpc4X5XkDB4GjaHmiZik/PIa2rBEWVlSuW9Q+T3YndskBi46QpQFcLltchtbEZyZhxna4uKhmV9Ito/gtPNOG4P99WItdlIWARNXWOAv6AEr9cplel7/ggUleDlMqUSvNnCobHKxDsNnqs8XaWUZopp/XhxTkOR+HDVOveYUge9rNLyY9SU9v+vwXuUB2R0fQkwABfn/VKSjTLBAAAAAElFTkSuQmCC) " "}*/
/*body &gt; table tbody .error.label th:first-child:before {content:url(data:image/png;base64,iVBORw0KGgoAAAANSUhEUgAAAAwAAAAMCAYAAABWdVznAAAABmJLR0QAAAAAAAD5Q7t/AAAACXBIWXMAAAsTAAALEwEAmpwYAAAAB3RJTUUH3QcKER4AdkxvvQAAAdVJREFUKM89kM9KG0EAh7/JTHazZInEQwJ68KIWLx6Etj6EjxAobYSsD+BjCJ682EOp0FMueYmS0FMICF4i6tFNzJ/dyRh2Znoo6Xf+Pn7wEzc3Nx/W6/UvY8xJnudkWYa1Fu893nviOCaKIhuG4R/v/Ve1Xq9/bG1tnezs7JDnOVpr3t/fcc4hpaRSqVCpVORqtTp9e3v7rrTWn5vNJpPJhHK5zHg8JssyvPeEYcjR0RFpmlKr1ZjP5x9Li8VCbOR2u83BwQEvLy88PT1xfHzMxcUFQgjSNCXLskDlec5sNuPx8REpJZ1Oh+fnZ4QQnJ+fc319Tb/fZ29vD601SmvNdDplsVhwe3vLaDTi6uoKgCRJGAwGNBoNXl9fMcZQcs5hjGG1WpHnObVajQ3VahWtNcYYjDE451Cb+7z3JElCkiScnZ0hpaTX67G7u0u328V7/y+oVqsIITg8PKTT6dBqtRgOhzjnaLVa3N3dcX9/z3K5JI5jxOXlpSuKQqRpirWWh4eH//Plcpn9/X2cc2xvb1MqlQqllBpYa0/jOGYymdBsNsmyDOccURRRFAX1eh2lFGEY/lZBEHyx1v703n8KgkBEUYSUEu/9RkIIUQRB0A/D8NtflUT+nn4OS+0AAAAASUVORK5CYII=) " "}*/
.failed.label th:first-child:before, .failed.label td:first-child:before {content:url(data:image/png;base64,iVBORw0KGgoAAAANSUhEUgAAAAwAAAAMCAYAAABWdVznAAAAGXRFWHRTb2Z0d2FyZQBBZG9iZSBJbWFnZVJlYWR5ccllPAAAA2ZpVFh0WE1MOmNvbS5hZG9iZS54bXAAAAAAADw/eHBhY2tldCBiZWdpbj0i77u/IiBpZD0iVzVNME1wQ2VoaUh6cmVTek5UY3prYzlkIj8+IDx4OnhtcG1ldGEgeG1sbnM6eD0iYWRvYmU6bnM6bWV0YS8iIHg6eG1wdGs9IkFkb2JlIFhNUCBDb3JlIDUuMy1jMDExIDY2LjE0NTY2MSwgMjAxMi8wMi8wNi0xNDo1NjoyNyAgICAgICAgIj4gPHJkZjpSREYgeG1sbnM6cmRmPSJodHRwOi8vd3d3LnczLm9yZy8xOTk5LzAyLzIyLXJkZi1zeW50YXgtbnMjIj4gPHJkZjpEZXNjcmlwdGlvbiByZGY6YWJvdXQ9IiIgeG1sbnM6eG1wTU09Imh0dHA6Ly9ucy5hZG9iZS5jb20veGFwLzEuMC9tbS8iIHhtbG5zOnN0UmVmPSJodHRwOi8vbnMuYWRvYmUuY29tL3hhcC8xLjAvc1R5cGUvUmVzb3VyY2VSZWYjIiB4bWxuczp4bXA9Imh0dHA6Ly9ucy5hZG9iZS5jb20veGFwLzEuMC8iIHhtcE1NOk9yaWdpbmFsRG9jdW1lbnRJRD0ieG1wLmRpZDpCQjU0NjU4QjIyQTNFMTExQkI5Rjk5QkQ4RkQ5RUJFQiIgeG1wTU06RG9jdW1lbnRJRD0ieG1wLmRpZDpEQTUyOTdBQUEzRDUxMUUxQTQwN0YzMUI0Nzg3NDU1RSIgeG1wTU06SW5zdGFuY2VJRD0ieG1wLmlpZDpEQTUyOTdBOUEzRDUxMUUxQTQwN0YzMUI0Nzg3NDU1RSIgeG1wOkNyZWF0b3JUb29sPSJBZG9iZSBQaG90b3Nob3AgQ1M2IChXaW5kb3dzKSI+IDx4bXBNTTpEZXJpdmVkRnJvbSBzdFJlZjppbnN0YW5jZUlEPSJ4bXAuaWlkOjQ4MTZDRTNCRDVBM0UxMTFBQTI2QTBCMjZENzg1Qzg5IiBzdFJlZjpkb2N1bWVudElEPSJ4bXAuZGlkOkJCNTQ2NThCMjJBM0UxMTFCQjlGOTlCRDhGRDlFQkVCIi8+IDwvcmRmOkRlc2NyaXB0aW9uPiA8L3JkZjpSREY+IDwveDp4bXBtZXRhPiA8P3hwYWNrZXQgZW5kPSJyIj8+aHNJrgAAAZ1JREFUeNpsUssrRGEU/907985YMDPNYlh4hbKZPMdgR3aysrGSSFIeKyUKpewoRTYkmcgCf4MsMI2FPDYGKeUZSoru4/uc82VC+W7fOeee+zvn/M45V1uuyCmVwDogq0hDklD6jy1dspNkdxokVrIzPFUh0/MD5OdXoJDwPFtu3d2ns6TTp9oggTlFZlmN0o4AHMmXfJGo0lmGzoE1OgmNHf5YA8rmN5HfM6wADmUuHphA9cIW/JX1yiek9DIlyijxkNjBzXYche19gNcHzfShoLUdVxtLuD/cYzCoMAzCwqYrhMDx9Chs20JRWzf4nMcXcDI3pYAqQHIAtWUJbpKursMMhpA+RiAEGzpc4X5XkDB4GjaHmiZik/PIa2rBEWVlSuW9Q+T3YndskBi46QpQFcLltchtbEZyZhxna4uKhmV9Ito/gtPNOG4P99WItdlIWARNXWOAv6AEr9cplel7/ggUleDlMqUSvNnCobHKxDsNnqs8XaWUZopp/XhxTkOR+HDVOveYUge9rNLyY9SU9v+vwXuUB2R0fQkwABfn/VKSjTLBAAAAAElFTkSuQmCC) " "}
.error.label th:first-child:before, .error.label td:first-child:before {content:url(data:image/png;base64,iVBORw0KGgoAAAANSUhEUgAAAAwAAAAMCAYAAABWdVznAAAABmJLR0QAAAAAAAD5Q7t/AAAACXBIWXMAAAsTAAALEwEAmpwYAAAAB3RJTUUH3QcKER4AdkxvvQAAAdVJREFUKM89kM9KG0EAh7/JTHazZInEQwJ68KIWLx6Etj6EjxAobYSsD+BjCJ682EOp0FMueYmS0FMICF4i6tFNzJ/dyRh2Znoo6Xf+Pn7wEzc3Nx/W6/UvY8xJnudkWYa1Fu893nviOCaKIhuG4R/v/Ve1Xq9/bG1tnezs7JDnOVpr3t/fcc4hpaRSqVCpVORqtTp9e3v7rrTWn5vNJpPJhHK5zHg8JssyvPeEYcjR0RFpmlKr1ZjP5x9Li8VCbOR2u83BwQEvLy88PT1xfHzMxcUFQgjSNCXLskDlec5sNuPx8REpJZ1Oh+fnZ4QQnJ+fc319Tb/fZ29vD601SmvNdDplsVhwe3vLaDTi6uoKgCRJGAwGNBoNXl9fMcZQcs5hjGG1WpHnObVajQ3VahWtNcYYjDE451Cb+7z3JElCkiScnZ0hpaTX67G7u0u328V7/y+oVqsIITg8PKTT6dBqtRgOhzjnaLVa3N3dcX9/z3K5JI5jxOXlpSuKQqRpirWWh4eH//Plcpn9/X2cc2xvb1MqlQqllBpYa0/jOGYymdBsNsmyDOccURRRFAX1eh2lFGEY/lZBEHyx1v703n8KgkBEUYSUEu/9RkIIUQRB0A/D8NtflUT+nn4OS+0AAAAASUVORK5CYII=) " "}
.pending.label th:first-child:before, .pending.label td:first-child:before {content:url(data:image/png;base64,iVBORw0KGgoAAAANSUhEUgAAAAwAAAAMCAYAAABWdVznAAAAGXRFWHRTb2Z0d2FyZQBBZG9iZSBJbWFnZVJlYWR5ccllPAAAA2ZpVFh0WE1MOmNvbS5hZG9iZS54bXAAAAAAADw/eHBhY2tldCBiZWdpbj0i77u/IiBpZD0iVzVNME1wQ2VoaUh6cmVTek5UY3prYzlkIj8+IDx4OnhtcG1ldGEgeG1sbnM6eD0iYWRvYmU6bnM6bWV0YS8iIHg6eG1wdGs9IkFkb2JlIFhNUCBDb3JlIDUuMy1jMDExIDY2LjE0NTY2MSwgMjAxMi8wMi8wNi0xNDo1NjoyNyAgICAgICAgIj4gPHJkZjpSREYgeG1sbnM6cmRmPSJodHRwOi8vd3d3LnczLm9yZy8xOTk5LzAyLzIyLXJkZi1zeW50YXgtbnMjIj4gPHJkZjpEZXNjcmlwdGlvbiByZGY6YWJvdXQ9IiIgeG1sbnM6eG1wTU09Imh0dHA6Ly9ucy5hZG9iZS5jb20veGFwLzEuMC9tbS8iIHhtbG5zOnN0UmVmPSJodHRwOi8vbnMuYWRvYmUuY29tL3hhcC8xLjAvc1R5cGUvUmVzb3VyY2VSZWYjIiB4bWxuczp4bXA9Imh0dHA6Ly9ucy5hZG9iZS5jb20veGFwLzEuMC8iIHhtcE1NOk9yaWdpbmFsRG9jdW1lbnRJRD0ieG1wLmRpZDpCQjU0NjU4QjIyQTNFMTExQkI5Rjk5QkQ4RkQ5RUJFQiIgeG1wTU06RG9jdW1lbnRJRD0ieG1wLmRpZDpDODdDM0Y0QUEzRDUxMUUxQjk5N0MzQjVFRDMyQUE1MiIgeG1wTU06SW5zdGFuY2VJRD0ieG1wLmlpZDpDODdDM0Y0OUEzRDUxMUUxQjk5N0MzQjVFRDMyQUE1MiIgeG1wOkNyZWF0b3JUb29sPSJBZG9iZSBQaG90b3Nob3AgQ1M2IChXaW5kb3dzKSI+IDx4bXBNTTpEZXJpdmVkRnJvbSBzdFJlZjppbnN0YW5jZUlEPSJ4bXAuaWlkOjQ4MTZDRTNCRDVBM0UxMTFBQTI2QTBCMjZENzg1Qzg5IiBzdFJlZjpkb2N1bWVudElEPSJ4bXAuZGlkOkJCNTQ2NThCMjJBM0UxMTFCQjlGOTlCRDhGRDlFQkVCIi8+IDwvcmRmOkRlc2NyaXB0aW9uPiA8L3JkZjpSREY+IDwveDp4bXBtZXRhPiA8P3hwYWNrZXQgZW5kPSJyIj8+yj6RYgAAAPZJREFUeNp0kM8KgkAQxmc1E0Wfo3vQn5eRSDx4EUHwbTpEhx4lil7DiydBQUFXp5nAMNsGhpnd/X77za4Iw3CFiFcAWFMFDkXtKZ/UHhfUnB3HWdu2/REpAL2u631ZlicGdpZlwTAMSmBM0zS5bhgQLB5FU3AOUS4XvNn3vVKgAACCIMA0TbFpGsyyDJMkefdFUWAcx1hVFeZ5jlEUoed5qPEI7KDrOhiG8e6llNC27Zcz77FW+L6Pruv+WKtGIzfgR39umv/UHOJgAMlO/BPOXCQDD5p3r2ma8lvHNU9BcWPg0HXdhRZbOhRT8aSXVO9U/ZcAAwAsmjsSQcM0lwAAAABJRU5ErkJggg==) " ";}
.successful.label th:first-child:before, .successful.label td:first-child:before {content:url(data:image/png;base64,iVBORw0KGgoAAAANSUhEUgAAAAwAAAAMCAYAAABWdVznAAAAGXRFWHRTb2Z0d2FyZQBBZG9iZSBJbWFnZVJlYWR5ccllPAAAA2ZpVFh0WE1MOmNvbS5hZG9iZS54bXAAAAAAADw/eHBhY2tldCBiZWdpbj0i77u/IiBpZD0iVzVNME1wQ2VoaUh6cmVTek5UY3prYzlkIj8+IDx4OnhtcG1ldGEgeG1sbnM6eD0iYWRvYmU6bnM6bWV0YS8iIHg6eG1wdGs9IkFkb2JlIFhNUCBDb3JlIDUuMy1jMDExIDY2LjE0NTY2MSwgMjAxMi8wMi8wNi0xNDo1NjoyNyAgICAgICAgIj4gPHJkZjpSREYgeG1sbnM6cmRmPSJodHRwOi8vd3d3LnczLm9yZy8xOTk5LzAyLzIyLXJkZi1zeW50YXgtbnMjIj4gPHJkZjpEZXNjcmlwdGlvbiByZGY6YWJvdXQ9IiIgeG1sbnM6eG1wTU09Imh0dHA6Ly9ucy5hZG9iZS5jb20veGFwLzEuMC9tbS8iIHhtbG5zOnN0UmVmPSJodHRwOi8vbnMuYWRvYmUuY29tL3hhcC8xLjAvc1R5cGUvUmVzb3VyY2VSZWYjIiB4bWxuczp4bXA9Imh0dHA6Ly9ucy5hZG9iZS5jb20veGFwLzEuMC8iIHhtcE1NOk9yaWdpbmFsRG9jdW1lbnRJRD0ieG1wLmRpZDpCQjU0NjU4QjIyQTNFMTExQkI5Rjk5QkQ4RkQ5RUJFQiIgeG1wTU06RG9jdW1lbnRJRD0ieG1wLmRpZDpEMDVBNThBQUEzRDUxMUUxQjdCQkM2QUNBMTNBMDExNiIgeG1wTU06SW5zdGFuY2VJRD0ieG1wLmlpZDpEMDVBNThBOUEzRDUxMUUxQjdCQkM2QUNBMTNBMDExNiIgeG1wOkNyZWF0b3JUb29sPSJBZG9iZSBQaG90b3Nob3AgQ1M2IChXaW5kb3dzKSI+IDx4bXBNTTpEZXJpdmVkRnJvbSBzdFJlZjppbnN0YW5jZUlEPSJ4bXAuaWlkOjQ4MTZDRTNCRDVBM0UxMTFBQTI2QTBCMjZENzg1Qzg5IiBzdFJlZjpkb2N1bWVudElEPSJ4bXAuZGlkOkJCNTQ2NThCMjJBM0UxMTFCQjlGOTlCRDhGRDlFQkVCIi8+IDwvcmRmOkRlc2NyaXB0aW9uPiA8L3JkZjpSREY+IDwveDp4bXBtZXRhPiA8P3hwYWNrZXQgZW5kPSJyIj8+xJ3YrgAAAYBJREFUeNpsUrtKA1EQPZtdY4gEQiD4QCsLEVGX4CP4AykEq1hYiGghCDZ+gBZWVtrZ+EAjaGOhfoAkNiaKhYWICilMEQNqoYjZ5O4d5+6ucQuLM3funDNzD7OrLe229YBwSKAEnyAP/pyIbL5fcz5rcNiLtuqJSEz3ickn5ruE/vFmJ9/LYjvAldGWqA7bJkgPtoAHQrS5G6NdiwhFWCoxHOCgKUL+iurkCBVawyamE8d4qmSZ51clBZUlh+RG14JzEsJNcaTNLVwWd1B6vXXqkmGoYNeVUPnW3JNr4+YarPoncvebEAKNekAlokaY6N/A1NA+SBgY6Eijtz2Fs5sVWNWawysorWNJsO+q9QWzaxLTYwfojA3isZzDfSnrWvTsNiyp7pOrZURC7ejrTDEpcVpY9ab+NSioLZEiapZA5nwBxZcC8g9HeK7ccYM7TDnwmoU2vx6/NIJaUjc0b0u8YvJNle5HdJvlhbI0Y31ThqsjTGr0/+8hOOQ5nfsRYACtHiy+FDd82wAAAABJRU5ErkJggg==) " "}
/*.successful.label a:before {content:url(data:image/png;base64,iVBORw0KGgoAAAANSUhEUgAAAAwAAAAMCAYAAABWdVznAAAAGXRFWHRTb2Z0d2FyZQBBZG9iZSBJbWFnZVJlYWR5ccllPAAAA2ZpVFh0WE1MOmNvbS5hZG9iZS54bXAAAAAAADw/eHBhY2tldCBiZWdpbj0i77u/IiBpZD0iVzVNME1wQ2VoaUh6cmVTek5UY3prYzlkIj8+IDx4OnhtcG1ldGEgeG1sbnM6eD0iYWRvYmU6bnM6bWV0YS8iIHg6eG1wdGs9IkFkb2JlIFhNUCBDb3JlIDUuMy1jMDExIDY2LjE0NTY2MSwgMjAxMi8wMi8wNi0xNDo1NjoyNyAgICAgICAgIj4gPHJkZjpSREYgeG1sbnM6cmRmPSJodHRwOi8vd3d3LnczLm9yZy8xOTk5LzAyLzIyLXJkZi1zeW50YXgtbnMjIj4gPHJkZjpEZXNjcmlwdGlvbiByZGY6YWJvdXQ9IiIgeG1sbnM6eG1wTU09Imh0dHA6Ly9ucy5hZG9iZS5jb20veGFwLzEuMC9tbS8iIHhtbG5zOnN0UmVmPSJodHRwOi8vbnMuYWRvYmUuY29tL3hhcC8xLjAvc1R5cGUvUmVzb3VyY2VSZWYjIiB4bWxuczp4bXA9Imh0dHA6Ly9ucy5hZG9iZS5jb20veGFwLzEuMC8iIHhtcE1NOk9yaWdpbmFsRG9jdW1lbnRJRD0ieG1wLmRpZDpCQjU0NjU4QjIyQTNFMTExQkI5Rjk5QkQ4RkQ5RUJFQiIgeG1wTU06RG9jdW1lbnRJRD0ieG1wLmRpZDpEMDVBNThBQUEzRDUxMUUxQjdCQkM2QUNBMTNBMDExNiIgeG1wTU06SW5zdGFuY2VJRD0ieG1wLmlpZDpEMDVBNThBOUEzRDUxMUUxQjdCQkM2QUNBMTNBMDExNiIgeG1wOkNyZWF0b3JUb29sPSJBZG9iZSBQaG90b3Nob3AgQ1M2IChXaW5kb3dzKSI+IDx4bXBNTTpEZXJpdmVkRnJvbSBzdFJlZjppbnN0YW5jZUlEPSJ4bXAuaWlkOjQ4MTZDRTNCRDVBM0UxMTFBQTI2QTBCMjZENzg1Qzg5IiBzdFJlZjpkb2N1bWVudElEPSJ4bXAuZGlkOkJCNTQ2NThCMjJBM0UxMTFCQjlGOTlCRDhGRDlFQkVCIi8+IDwvcmRmOkRlc2NyaXB0aW9uPiA8L3JkZjpSREY+IDwveDp4bXBtZXRhPiA8P3hwYWNrZXQgZW5kPSJyIj8+xJ3YrgAAAYBJREFUeNpsUrtKA1EQPZtdY4gEQiD4QCsLEVGX4CP4AykEq1hYiGghCDZ+gBZWVtrZ+EAjaGOhfoAkNiaKhYWICilMEQNqoYjZ5O4d5+6ucQuLM3funDNzD7OrLe229YBwSKAEnyAP/pyIbL5fcz5rcNiLtuqJSEz3ickn5ruE/vFmJ9/LYjvAldGWqA7bJkgPtoAHQrS5G6NdiwhFWCoxHOCgKUL+iurkCBVawyamE8d4qmSZ51clBZUlh+RG14JzEsJNcaTNLVwWd1B6vXXqkmGoYNeVUPnW3JNr4+YarPoncvebEAKNekAlokaY6N/A1NA+SBgY6Eijtz2Fs5sVWNWawysorWNJsO+q9QWzaxLTYwfojA3isZzDfSnrWvTsNiyp7pOrZURC7ejrTDEpcVpY9ab+NSioLZEiapZA5nwBxZcC8g9HeK7ccYM7TDnwmoU2vx6/NIJaUjc0b0u8YvJNle5HdJvlhbI0Y31ThqsjTGr0/+8hOOQ5nfsRYACtHiy+FDd82wAAAABJRU5ErkJggg==) " "}*/

.xspecResult { width: 90%; table-layout: fixed; }

.xspecResult td,
.xspecResult th { width: 50%; }

/*.xspecResult pre { 
  margin-left: 0; 
  padding: 0.5em; 
  overflow: auto; 
  border: 1px #999 dotted;
}*/

span.scenario-totals {float: right; width: 14.5%; text-align: left}

/* OXYGEN */
span.scenario-totals {float: right; width: 34.5%; text-align: right}

h2.failed {
    background-color: #FCC;
}

h1, h2 {
    width: 86%;
    /*margin-left: 3%;*/
    
    font-size:1.4em;
    font-weight:bold;
    text-align:left;
    margin-top:1.4em;
    margin-bottom:0.7em;
    color:#333333;
    background-color:inherit;
}

h1 {
    font-size:1.7em;
}

body &gt; h1:first-child:before {
    content:"XSLT UNIT ";
}

body &gt; h2:first-of-type {
    font-size:1.7em;
}

div &gt; table &gt; tbody &gt; tr &gt; th:first-child {
    font-weight:bold;
}

div &gt; h3 {
    font-weight:bold;
    /*margin-left: 3%;*/
}

div &gt; h4 {
    font-weight:normal;
    /*margin-left: 4%;*/
}

th.result { text-align: center; }
/* OXYGEN */


/* ------------------------------------------------------------------------ */
/*  DO NOT ALTER OR REMOVE COPYRIGHT NOTICES OR THIS COMMENT.               */
/*                                                                          */
/*  Copyright (c) 2008, 2010 Jeni Tennsion                                  */
/*                                                                          */
/*  The contents of this file are subject to the MIT License (see the URI   */
/*  http://www.opensource.org/licenses/mit-license.php for details).        */
/*                                                                          */
/*  Permission is hereby granted, free of charge, to any person obtaining   */
/*  a copy of this software and associated documentation files (the         */
/*  "Software"), to deal in the Software without restriction, including     */
/*  without limitation the rights to use, copy, modify, merge, publish,     */
/*  distribute, sublicense, and/or sell copies of the Software, and to      */
/*  permit persons to whom the Software is furnished to do so, subject to   */
/*  the following conditions:                                               */
/*                                                                          */
/*  The above copyright notice and this permission notice shall be          */
/*  included in all copies or substantial portions of the Software.         */
/*                                                                          */
/*  THE SOFTWARE IS PROVIDED "AS IS", WITHOUT WARRANTY OF ANY KIND,         */
/*  EXPRESS OR IMPLIED, INCLUDING BUT NOT LIMITED TO THE WARRANTIES OF      */
/*  MERCHANTABILITY, FITNESS FOR A PARTICULAR PURPOSE AND NONINFRINGEMENT.  */
/*  IN NO EVENT SHALL THE AUTHORS OR COPYRIGHT HOLDERS BE LIABLE FOR ANY    */
/*  CLAIM, DAMAGES OR OTHER LIABILITY, WHETHER IN AN ACTION OF CONTRACT,    */
/*  TORT OR OTHERWISE, ARISING FROM, OUT OF OR IN CONNECTION WITH THE       */
/*  SOFTWARE OR THE USE OR OTHER DEALINGS IN THE SOFTWARE.                  */
/* ------------------------------------------------------------------------ */

.nobr { white-space: nowrap; }
.scenario-label { text-indent: 0px; }
.context-label { text-indent: 10px; }
.test-label { text-indent: 20px; }
.pending-label { text-indent: 30px; }


        /**/</style>
    </head><body><h1>Test Report</h1><p>Script: <a href="file:/home/jostein/xprocspec/xprocspec/src/test/xprocspec/tests/regression-tests/regression-1_attributes-from-foreign-namespaces-on-xproc-elements.xprocspec">file:/home/jostein/xprocspec/xprocspec/src/test/xprocspec/tests/regression-tests/regression-1_attributes-from-foreign-namespaces-on-xproc-elements.xprocspec</a></p><p>Tested: 2013-12-02T14:36:20.607+01:00</p><h2>Contents</h2><table class="xspec"><col width="75%"/><col width="5%"/><col width="5%"/><col width="5%"/><col width="5%"/><col width="5%"/><thead><tr><th/><th class="result">passed:2</th><th class="result">pending:0</th><th class="result">failed:0</th><th class="result">errors:0</th><th class="result">total:2</th></tr></thead><tbody><tr class="successful label"><th><a href="#step1">ex:identity-with-foreign-namespaces</a></th><th class="result">2</th><th class="result">0</th><th class="result">0</th><th class="result">0</th><th class="result">2</th></tr></tbody></table><div id="step1"><h2 class="successful">Calling: <a href="file:/home/jostein/xprocspec/xprocspec/src/test/xprocspec/steps/identity-with-foreign-namespace.xpl">ex:identity-with-foreign-namespaces</a><span class="scenario-totals">passed:2 / pending:0 /
                                        failed:0 / errors:0 / total:2</span></h2><table class="xspec"><col width="80%"/><col width="20%"/><tbody><tr class="successful label"><th class="scenario-label">identity</th><th class="nobr">passed:2 / pending:0 / failed:0 / errors:0 / total:2</th></tr><tr class="successful label"><th class="context-label">errors</th><th class="nobr">passed:1 / pending:0 / failed:0 / errors:0 / total:1</th></tr><tr class="successful label"><td class="test-label">the step should execute successfully without throwing any errors</td><td>Success</td></tr><tr class="successful label"><th class="context-label">the result</th><th class="nobr">passed:1 / pending:0 / failed:0 / errors:0 / total:1</th></tr><tr class="successful label"><td class="test-label">there should be one document on the result port</td><td>Success</td></tr></tbody></table></div><h2>Execution log</h2><table><thead><tr><th>Time</th><th>Severity</th><th>Message</th></tr></thead><tbody><tr style=""><td>0.000</td><td style="padding-left:0%;">INFO</td><td><code><pre>#### file:/home/jostein/xprocspec/xprocspec/src/test/xprocspec/tests/regression-tests/regression-1_attributes-from-foreign-namespaces-on-xproc-elements.xprocspec ####</pre></code></td></tr><tr style=""><td>0.004</td><td style="padding-left:0%;">INFO</td><td><code><pre> * temporary directory: file:/tmp/xprocspec-20131202143557583/</pre></code></td></tr><tr style=""><td>0.010</td><td style="padding-left:0%;">INFO</td><td><code><pre>preprocessing...</pre></code></td></tr><tr style=""><td>0.025</td><td style="padding-left:0%;">INFO</td><td><code><pre> * checking for imports</pre></code></td></tr><tr style=""><td>0.031</td><td style="padding-left:0%;">INFO</td><td><code><pre> * checking file:/home/jostein/xprocspec/xprocspec/src/test/xprocspec/tests/regression-tests/regression-1_attributes-from-foreign-namespaces-on-xproc-elements.xprocspec for imports</pre></code></td></tr><tr style=""><td>0.037</td><td style="padding-left:0%;">INFO</td><td><code><pre> * extracting step declarations from file:/home/jostein/xprocspec/xprocspec/src/test/xprocspec/steps/identity-with-foreign-namespace.xpl</pre></code></td></tr><tr style=""><td>0.043</td><td style="padding-left:0%;">INFO</td><td><code><pre> * tests reference 1 step</pre></code></td></tr><tr style=""><td>0.048</td><td style="padding-left:0%;">INFO</td><td><code><pre>   * step: e:identity-with-foreign-namespaces</pre></code></td></tr><tr style=""><td>0.054</td><td style="padding-left:0%;">INFO</td><td><code><pre> * trying to load: file:/home/jostein/xprocspec/xprocspec/src/test/xprocspec/steps/identity-with-foreign-namespace.xpl</pre></code></td></tr><tr style=""><td>0.060</td><td style="padding-left:0%;">INFO</td><td><code><pre>   * success!</pre></code></td></tr><tr style=""><td>0.068</td><td style="padding-left:0%;">INFO</td><td><code><pre> * trying to extract the step declaration for {http://example.net/ns}identity-with-foreign-namespaces from file:/home/jostein/xprocspec/xprocspec/src/test/xprocspec/steps/identity-with-foreign-namespace.xpl</pre></code></td></tr><tr style=""><td>0.079</td><td style="padding-left:0%;">INFO</td><td><code><pre> * creating a new x:description document for each x:scenario element with inferred inputs, options and parameters</pre></code></td></tr><tr style=""><td>0.093</td><td style="padding-left:0%;">INFO</td><td><code><pre> * validating output grammar</pre></code></td></tr><tr style=""><td>0.101</td><td style="padding-left:0%;">INFO</td><td><code><pre>compiling...</pre></code></td></tr><tr style=""><td>0.109</td><td style="padding-left:0%;">INFO</td><td><code><pre> * created directory using Calabash's cxf:mkdir</pre></code></td></tr><tr style=""><td>0.115</td><td style="padding-left:0%;">INFO</td><td><code><pre> * converting test 'test1' to XProc</pre></code></td></tr><tr style=""><td>0.129</td><td style="padding-left:0%;">INFO</td><td><code><pre>   * done</pre></code></td></tr><tr style=""><td>0.136</td><td style="padding-left:0%;">INFO</td><td><code><pre> * validating output grammar for file:/home/jostein/xprocspec/xprocspec/src/test/xprocspec/tests/regression-tests/regression-1_attributes-from-foreign-namespaces-on-xproc-elements.xprocspec</pre></code></td></tr><tr style=""><td>0.143</td><td style="padding-left:0%;">INFO</td><td><code><pre>   * done!</pre></code></td></tr><tr style=""><td>0.150</td><td style="padding-left:0%;">INFO</td><td><code><pre> * using as temporary directory: file:/tmp/xprocspec-20131202143557583/xprocspec-20131202143620306/</pre></code></td></tr><tr style=""><td>0.156</td><td style="padding-left:0%;">INFO</td><td><code><pre>storing...</pre></code></td></tr><tr style=""><td>0.164</td><td style="padding-left:0%;">INFO</td><td><code><pre>running...</pre></code></td></tr><tr style=""><td>0.172</td><td style="padding-left:0%;">INFO</td><td><code><pre>   * loading 'file:/tmp/xprocspec-20131202143557583/test1.xpl'</pre></code></td></tr><tr style=""><td>0.220</td><td style="padding-left:0%;">INFO</td><td><code><pre>evaluating...</pre></code></td></tr><tr style=""><td>0.232</td><td style="padding-left:0%;">INFO</td><td><code><pre> * evaluating scenario 'identity' (file:/home/jostein/xprocspec/xprocspec/src/test/xprocspec/tests/regression-tests/regression-1_attributes-from-foreign-namespaces-on-xproc-elements.xprocspec)</pre></code></td></tr><tr style=""><td>0.239</td><td style="padding-left:0%;">INFO</td><td><code><pre>   * resolving x:document elements...</pre></code></td></tr><tr style=""><td>0.252</td><td style="padding-left:0%;">INFO</td><td><code><pre>    * no errors occured</pre></code></td></tr><tr style=""><td>0.269</td><td style="padding-left:0%;">INFO</td><td><code><pre>   * grouping x:expect elements with their x:context...</pre></code></td></tr><tr style=""><td>0.278</td><td style="padding-left:0%;">INFO</td><td><code><pre>   * evaluating each context/expect group...</pre></code></td></tr><tr style=""><td>0.284</td><td style="padding-left:0%;">INFO</td><td><code><pre>     * setting context to 'errors'</pre></code></td></tr><tr style=""><td>0.291</td><td style="padding-left:0%;">INFO</td><td><code><pre>       * testing assertion 'the step should execute successfully without throwing any errors'</pre></code></td></tr><tr style=""><td>0.299</td><td style="padding-left:0%;">INFO</td><td><code><pre>         * is document count assertion</pre></code></td></tr><tr style=""><td>0.306</td><td style="padding-left:0%;">INFO</td><td><code><pre>         * assertion passed</pre></code></td></tr><tr style=""><td>0.315</td><td style="padding-left:0%;">INFO</td><td><code><pre>     * setting context to 'the result'</pre></code></td></tr><tr style=""><td>0.323</td><td style="padding-left:0%;">INFO</td><td><code><pre>       * testing assertion 'there should be one document on the result port'</pre></code></td></tr><tr style=""><td>0.330</td><td style="padding-left:0%;">INFO</td><td><code><pre>         * is document count assertion</pre></code></td></tr><tr style=""><td>0.338</td><td style="padding-left:0%;">INFO</td><td><code><pre>         * assertion passed</pre></code></td></tr><tr style=""><td>0.353</td><td style="padding-left:0%;">INFO</td><td><code><pre>reporting...</pre></code></td></tr></tbody></table><link rel="stylesheet" href="http://yandex.st/highlightjs/7.3/styles/default.min.css"/><script type="text/javascript" src="http://yandex.st/highlightjs/7.3/highlight.min.js" xml:space="preserve"> </script><script type="text/javascript">hljs.initHighlightingOnLoad();</script></body></html></x:document></x:output><x:output port="junit"><x:document xml:base="file:/home/jostein/xprocspec/xprocspec/src/main/resources/content/xml/xproc/report/report.xpl" xml:space="preserve" type="inline"><testsuites tests="2" failures="0" time="0.362" errors="0" name="regression1attributesfromforeignnamespacesonxprocelements"><testsuite timestamp="2013-12-02T13:36:20.57Z" hostname="localhost" tests="2" errors="0" failures="0" skipped="0" id="d42075e1" name="identity" package="http://example.net/ns" time="0.002">
<properties><property name="input: source" value="&lt;doc xmlns=&#34;&#34; .../&gt; (Base URI: file:/home/jostein/xprocspec/xprocspec/src/test/xprocspec/tests/regression-tests/regression-1_attributes-from-foreign-namespaces-on-xproc-elements.xprocspec)"/>

<property name="option: option" value="option"/>

</properties>
<testcase name="theStepShouldExecuteSuccessfullyWithoutThrowingAnyErrors" classname="identity-with-foreign-namespaces" assertions="1" time="0" status="SUCCESS"><system-out>the step should execute successfully without throwing any errors: SUCCESS</system-out>
<system-err/></testcase><testcase name="thereShouldBeOneDocumentOnTheResultPort" classname="identity-with-foreign-namespaces" assertions="1" time="0" status="SUCCESS"><system-out>there should be one document on the result port: SUCCESS</system-out>
<system-err/></testcase></testsuite></testsuites></x:document></x:output><x:test-result type="count" label="the step should execute successfully without throwing any errors" max="0" contextref="errors" result="passed">
                                                        <x:expected>At most 0 documents.</x:expected>
                                                    <x:was>0</x:was></x:test-result><x:test-result label="there should be at least one test, and none of the tests should fail" type="xpath" test="not(/*/@tests='0') and /*/@failures='0' and /*/@errors='0'" contextref="context18" result="passed"><x:expected xml:space="preserve">XPath: true()
Value: true</x:expected><x:was xml:space="preserve">XPath: not(/*/@tests='0') and /*/@failures='0' and /*/@errors='0'
Value: true</x:was></x:test-result></x:description><x:description xmlns:cx="http://xmlcalabash.com/ns/extensions" xmlns:c="http://www.w3.org/ns/xproc-step" xml:base="file:/home/jostein/xprocspec/xprocspec/src/test/xprocspec/test.xprocspec" test-base-uri="file:/home/jostein/xprocspec/xprocspec/src/test/xprocspec/test.xprocspec" script="file:/home/jostein/xprocspec/xprocspec/src/main/resources/content/xml/xproc/xprocspec.xpl" test-grammar="xprocspec" temp-dir="file:/tmp/xprocspec-20131202143557583/"><x:step-declaration><p:declare-step xmlns:p="http://www.w3.org/ns/xproc" xmlns:px="http://www.daisy.org/ns/xprocspec" xmlns:pxi="http://www.daisy.org/ns/xprocspec/xproc-internal/" xmlns:pkg="http://expath.org/ns/pkg" type="px:xprocspec" name="main" version="1.0" xpath-version="2.0" pkg:import-uri="http://www.daisy.org/ns/xprocspec/xprocspec.xpl" x:type="{http://www.daisy.org/ns/xprocspec}xprocspec"><p:input port="source" kind="document" sequence="false" primary="true"/><p:output port="result" kind="document" sequence="false" primary="false"><p:pipe port="result" step="report"/></p:output><p:output port="html" kind="document" sequence="false" primary="false"><p:pipe port="html" step="report"/></p:output><p:output port="junit" kind="document" sequence="false" primary="false"><p:pipe port="junit" step="report"/></p:output><p:option name="temp-dir" select="'file:/tmp/'"/><p:option name="step-available-rng" select="'false'"/></p:declare-step></x:step-declaration><x:scenario end-time="2013-12-02T13:36:21.617Z" label="regression tests - attributes on x:expect/x:document[@type='inline'] should not be deleted" start-time="2013-12-02T13:36:21.012Z"><x:call x:type="{http://www.daisy.org/ns/xprocspec}xprocspec" step="x:xprocspec"><x:option select="$temp-dir" name="temp-dir" value="file:/tmp/xprocspec-20131202143557583/"/><x:input port="source">
                    <x:document xml:base="file:/home/jostein/xprocspec/xprocspec/src/test/xprocspec/test.xprocspec" xml:space="preserve" type="inline"><?xml-model href="http://www.daisy.org/ns/xprocspec/xprocspec.rng" type="application/xml" schematypens="http://relaxng.org/ns/structure/1.0"?><x:description xmlns:e="http://example.net/ns" xmlns:f="foreign" script="../../steps/identity-with-foreign-namespace.xpl">
    
    <x:scenario label="identity">
        <x:call step="e:identity-with-foreign-namespaces">
            <x:option name="option" select="'option'"/>
            <x:input port="source">
                <x:document type="inline">
                    <doc a1="v1" f:f1="fv1">
                        <element a2="v2" f:f2="fv2"/>
                        <element a3="v3" f:f3="fv3"/>
                    </doc>
                </x:document>
            </x:input>
        </x:call>
        
        <x:context label="the result">
            <x:document type="port" port="result"/>
        </x:context>
        <x:expect type="compare" label="the document should equal the expected document">
            <x:document type="inline">
                <doc a1="v1" f:f1="fv1">
                    <element a2="v2" f:f2="fv2"/>
                    <element a3="v3" f:f3="fv3"/>
                </doc>
            </x:document>
        </x:expect>
        <x:expect type="xpath" label="/doc/@a1 should be 'v1'" test="/doc/@a1" equals="'v1'"/>
        <x:expect type="xpath" label="/doc/element/@a2 should be 'v2'" test="/doc/element/@a2" equals="'v2'"/>
        <x:expect type="xpath" label="/doc/element/@a3 should be 'v3'" test="/doc/element/@a3" equals="'v3'"/>
        <x:expect type="xpath" label="/doc/@f:f1 should be 'fv1'" test="/doc/@f:f1" equals="'fv1'"/>
        <x:expect type="xpath" label="/doc/element/@f:f2 should be 'fv2'" test="/doc/element/@f:f2" equals="'fv2'"/>
        <x:expect type="xpath" label="/doc/element/@f:f3 should be 'fv3'" test="/doc/element/@f:f3" equals="'fv3'"/>
    </x:scenario>
    
</x:description></x:document>
                </x:input></x:call>
                                                <x:context label="errors" id="errors">
                                                    
                                                </x:context>
                                            
                                                <x:expect type="count" label="the step should execute successfully without throwing any errors" max="0" contextref="errors"/>
                                            <x:context label="the junit output port" id="context19">
                <x:document xml:base="file:/home/jostein/xprocspec/xprocspec/src/main/resources/content/xml/xproc/report/report.xpl" xml:space="preserve" type="inline"><testsuites tests="8" failures="0" time="0.489" errors="0" name="regression1attributesoninlinedocumentshouldnotbedeleted"><testsuite timestamp="2013-12-02T13:36:21.518Z" hostname="localhost" tests="8" errors="0" failures="0" skipped="0" id="d43682e1" name="identity" package="http://example.net/ns" time="0.003">
<properties><property name="input: source" value="&lt;doc xmlns=&#34;&#34; ...&gt;...&lt;/doc&gt; (Base URI: file:/home/jostein/xprocspec/xprocspec/src/test/xprocspec/tests/regression-tests/regression-1_attributes-on-inline-document-should-not-be-deleted.xprocspec)"/>

<property name="option: option" value="option"/>

</properties>
<testcase name="theStepShouldExecuteSuccessfullyWithoutThrowingAnyErrors" classname="identity-with-foreign-namespaces" assertions="1" time="0" status="SUCCESS"><system-out>the step should execute successfully without throwing any errors: SUCCESS</system-out>
<system-err/></testcase><testcase name="theDocumentShouldEqualTheExpectedDocument" classname="identity-with-foreign-namespaces" assertions="1" time="0" status="SUCCESS"><system-out>the document should equal the expected document: SUCCESS</system-out>
<system-err/></testcase><testcase name="doca1ShouldBeV1" classname="identity-with-foreign-namespaces" assertions="1" time="0" status="SUCCESS"><system-out>/doc/@a1 should be 'v1': SUCCESS</system-out>
<system-err/></testcase><testcase name="docelementa2ShouldBeV2" classname="identity-with-foreign-namespaces" assertions="1" time="0" status="SUCCESS"><system-out>/doc/element/@a2 should be 'v2': SUCCESS</system-out>
<system-err/></testcase><testcase name="docelementa3ShouldBeV3" classname="identity-with-foreign-namespaces" assertions="1" time="0" status="SUCCESS"><system-out>/doc/element/@a3 should be 'v3': SUCCESS</system-out>
<system-err/></testcase><testcase name="docff1ShouldBeFv1" classname="identity-with-foreign-namespaces" assertions="1" time="0" status="SUCCESS"><system-out>/doc/@f:f1 should be 'fv1': SUCCESS</system-out>
<system-err/></testcase><testcase name="docelementff2ShouldBeFv2" classname="identity-with-foreign-namespaces" assertions="1" time="0" status="SUCCESS"><system-out>/doc/element/@f:f2 should be 'fv2': SUCCESS</system-out>
<system-err/></testcase><testcase name="docelementff3ShouldBeFv3" classname="identity-with-foreign-namespaces" assertions="1" time="0" status="SUCCESS"><system-out>/doc/element/@f:f3 should be 'fv3': SUCCESS</system-out>
<system-err/></testcase></testsuite></testsuites></x:document>
            </x:context><x:expect label="there should be at least one test, and none of the tests should fail" type="xpath" test="not(/*/@tests='0') and /*/@failures='0' and /*/@errors='0'" contextref="context19"/></x:scenario><x:output port="result"><x:document xml:base="file:/home/jostein/xprocspec/xprocspec/src/main/resources/content/xml/xproc/report/report.xpl" xml:space="preserve" type="inline"><x:test-report><x:description xml:base="file:/home/jostein/xprocspec/xprocspec/src/test/xprocspec/tests/regression-tests/regression-1_attributes-on-inline-document-should-not-be-deleted.xprocspec" test-base-uri="file:/home/jostein/xprocspec/xprocspec/src/test/xprocspec/tests/regression-tests/regression-1_attributes-on-inline-document-should-not-be-deleted.xprocspec" script="file:/home/jostein/xprocspec/xprocspec/src/test/xprocspec/steps/identity-with-foreign-namespace.xpl" test-grammar="xprocspec" temp-dir="file:/tmp/xprocspec-20131202143557583/xprocspec-20131202143621125/"><x:step-declaration><p:declare-step xmlns:p="http://www.w3.org/ns/xproc" xmlns:ex="http://example.net/ns" xmlns:px="http://example.net/foreign" name="main" type="ex:identity-with-foreign-namespaces" version="1.0" px:attribute="foo" x:type="{http://example.net/ns}identity-with-foreign-namespaces"><p:input port="source" kind="document" px:attribute="foo" sequence="false" primary="true"/><p:output port="result" kind="document" px:attribute="foo" sequence="false" primary="true"/><p:option name="option" px:attribute="foo"/></p:declare-step></x:step-declaration><x:scenario xmlns:e="http://example.net/ns" xmlns:f="foreign" end-time="2013-12-02T13:36:21.216Z" label="identity" start-time="2013-12-02T13:36:21.213Z"><x:call x:type="{http://example.net/ns}identity-with-foreign-namespaces" step="e:identity-with-foreign-namespaces"><x:option select="'option'" name="option" value=""/><x:input port="source">
                <x:document xml:base="file:/home/jostein/xprocspec/xprocspec/src/test/xprocspec/tests/regression-tests/regression-1_attributes-on-inline-document-should-not-be-deleted.xprocspec" xml:space="preserve" type="inline">
                    <doc a1="v1" f:f1="fv1">
                        <element a2="v2" f:f2="fv2"/>
                        <element a3="v3" f:f3="fv3"/>
                    </doc>
                </x:document>
            </x:input></x:call>
                                                <x:context label="errors" id="errors">
                                                    
                                                </x:context>
                                            
                                                <x:expect type="count" label="the step should execute successfully without throwing any errors" max="0" contextref="errors"/>
                                            <x:context label="the result" id="context0">
            <x:document xml:base="file:/home/jostein/xprocspec/xprocspec/src/test/xprocspec/tests/regression-tests/regression-1_attributes-on-inline-document-should-not-be-deleted.xprocspec" xml:space="preserve" type="inline"><doc xmlns:ex="http://example.net/ns" a1="v1" f:f1="fv1">
                        <element a2="v2" f:f2="fv2"/>
                        <element a3="v3" f:f3="fv3"/>
                    </doc></x:document>
        </x:context><x:expect type="compare" label="the document should equal the expected document" normalize-space="true" contextref="context0">
            <x:document xml:base="file:/home/jostein/xprocspec/xprocspec/src/test/xprocspec/tests/regression-tests/regression-1_attributes-on-inline-document-should-not-be-deleted.xprocspec" xml:space="preserve" type="inline">
                <doc a1="v1" f:f1="fv1">
                    <element a2="v2" f:f2="fv2"/>
                    <element a3="v3" f:f3="fv3"/>
                </doc>
            </x:document>
        </x:expect><x:expect type="xpath" label="/doc/@a1 should be 'v1'" test="/doc/@a1" equals="'v1'" contextref="context0"/><x:expect type="xpath" label="/doc/element/@a2 should be 'v2'" test="/doc/element/@a2" equals="'v2'" contextref="context0"/><x:expect type="xpath" label="/doc/element/@a3 should be 'v3'" test="/doc/element/@a3" equals="'v3'" contextref="context0"/><x:expect type="xpath" label="/doc/@f:f1 should be 'fv1'" test="/doc/@f:f1" equals="'fv1'" contextref="context0"/><x:expect type="xpath" label="/doc/element/@f:f2 should be 'fv2'" test="/doc/element/@f:f2" equals="'fv2'" contextref="context0"/><x:expect type="xpath" label="/doc/element/@f:f3 should be 'fv3'" test="/doc/element/@f:f3" equals="'fv3'" contextref="context0"/></x:scenario><x:output port="result"><x:document xml:base="file:/home/jostein/xprocspec/xprocspec/src/test/xprocspec/tests/regression-tests/regression-1_attributes-on-inline-document-should-not-be-deleted.xprocspec" xml:space="preserve" type="inline"><doc xmlns:e="http://example.net/ns" xmlns:f="foreign" xmlns:ex="http://example.net/ns" a1="v1" f:f1="fv1">
                        <element a2="v2" f:f2="fv2"/>
                        <element a3="v3" f:f3="fv3"/>
                    </doc></x:document></x:output><x:test-result xmlns:e="http://example.net/ns" xmlns:f="foreign" type="count" label="the step should execute successfully without throwing any errors" max="0" contextref="errors" result="passed">
                                                        <x:expected>At most 0 documents.</x:expected>
                                                    <x:was>0</x:was></x:test-result><x:test-result xmlns:e="http://example.net/ns" xmlns:f="foreign" type="compare" label="the document should equal the expected document" normalize-space="true" contextref="context0" result="passed"/><x:test-result xmlns:e="http://example.net/ns" xmlns:f="foreign" type="xpath" label="/doc/@a1 should be 'v1'" test="/doc/@a1" equals="'v1'" contextref="context0" result="passed"><x:expected xml:space="preserve">XPath: 'v1'
Value: v1</x:expected><x:was xml:space="preserve">XPath: /doc/@a1
Value: v1</x:was></x:test-result><x:test-result xmlns:e="http://example.net/ns" xmlns:f="foreign" type="xpath" label="/doc/element/@a2 should be 'v2'" test="/doc/element/@a2" equals="'v2'" contextref="context0" result="passed"><x:expected xml:space="preserve">XPath: 'v2'
Value: v2</x:expected><x:was xml:space="preserve">XPath: /doc/element/@a2
Value: v2</x:was></x:test-result><x:test-result xmlns:e="http://example.net/ns" xmlns:f="foreign" type="xpath" label="/doc/element/@a3 should be 'v3'" test="/doc/element/@a3" equals="'v3'" contextref="context0" result="passed"><x:expected xml:space="preserve">XPath: 'v3'
Value: v3</x:expected><x:was xml:space="preserve">XPath: /doc/element/@a3
Value: v3</x:was></x:test-result><x:test-result xmlns:e="http://example.net/ns" xmlns:f="foreign" type="xpath" label="/doc/@f:f1 should be 'fv1'" test="/doc/@f:f1" equals="'fv1'" contextref="context0" result="passed"><x:expected xml:space="preserve">XPath: 'fv1'
Value: fv1</x:expected><x:was xml:space="preserve">XPath: /doc/@f:f1
Value: fv1</x:was></x:test-result><x:test-result xmlns:e="http://example.net/ns" xmlns:f="foreign" type="xpath" label="/doc/element/@f:f2 should be 'fv2'" test="/doc/element/@f:f2" equals="'fv2'" contextref="context0" result="passed"><x:expected xml:space="preserve">XPath: 'fv2'
Value: fv2</x:expected><x:was xml:space="preserve">XPath: /doc/element/@f:f2
Value: fv2</x:was></x:test-result><x:test-result xmlns:e="http://example.net/ns" xmlns:f="foreign" type="xpath" label="/doc/element/@f:f3 should be 'fv3'" test="/doc/element/@f:f3" equals="'fv3'" contextref="context0" result="passed"><x:expected xml:space="preserve">XPath: 'fv3'
Value: fv3</x:expected><x:was xml:space="preserve">XPath: /doc/element/@f:f3
Value: fv3</x:was></x:test-result></x:description></x:test-report></x:document></x:output><x:output port="html"><x:document xml:base="file:/home/jostein/xprocspec/xprocspec/src/main/resources/content/xml/xproc/report/report-template.xhtml" xml:space="preserve" type="inline"><html xmlns="http://www.w3.org/1999/xhtml"><head><title>Test Report for file:/home/jostein/xprocspec/xprocspec/src/test/xprocspec/tests/regression-tests/regression-1_attributes-on-inline-document-should-not-be-deleted.xprocspec (passed:8 / pending:0 / failed:0 / errors:0 / total:8)</title>
        <meta charset="utf-8"/>
        <style type="text/css" xml:space="preserve">/**/
/****************************************************************************/
/*  File:       test-report.css                                             */
/*  Author:     Jeni Tennsion                                               */
/*  URI:        http://xspec.googlecode.com/                                */
/*  Tags:                                                                   */
/*    Copyright (c) 2008, 2010 Jeni Tennsion (see end of file.)             */
/* ------------------------------------------------------------------------ */


/* test */

/* box model */

body {
	margin-right: 1em;
	/*margin-left: 10%;*/
	}

h1 {
	padding: 0.3em 0.5em 0.3em 0.5em;
	position: relative;
	}

h2 {
	padding: 0.1em 0.5em 0.2em 0.5em;
	}

h3 {
	padding-left: 0.6em;
	}

h4 {
	padding-left: 0.8em;
	}

p, table {
	/*margin-left: 5%;*/
	}

dd ul, dd ol {
	margin-left: 0%;
	}

li ul, li ol {
	/*margin-left: 5%;*/
	}

dl, ul, ol, blockquote {
	/*margin-left: 10%;*/
	}

dt {
  padding-top: 3px;
  padding-bottom: 3px;
	clear: both;
	}

dd p {
	/*margin-left: -5px;*/
	margin-top: 5px;
	clear: both;
	}

p.link {
	margin-top: 4px;
	margin-bottom: 0px;
	clear: both;
	}

tr td, td p, li, li p {
	margin-left: 0%;
	}

td:nth-child(2) {
	padding-left: 5%;
	}

.link img, dt img {
	vertical-align: middle;
	position: relative;
	top: -5px;
	}

img {
	position: relative;
	}

#xml-link {
	position: absolute;
	left: 5px;
	top: 5px;
	width: 10%;
	margin-left: 0%;
	}

#link-up {
	position: absolute;
	left: 93%;
	right: 2em;
	top: 0.3em;
	}

#link-top {
	position: absolute;
	left: 89%;
	right: 4em;
	top: 0.3em;
	}
	
.popup {
	display: block;
	visibility: hidden;
	float: right;
	position: absolute;
	top: 5px;
	left: -200px;
	z-index: 1;
	padding: 0.3em;
	width: 220px;
	}

.note {
	position: relative;
	}

.post {
	/*margin-left: 5%;*/
	padding-top: 1em;
	}
	
.example, .sidebar {
  /*margin-left: 5%;*/
  margin-top: 1em;
  margin-bottom: 1em;
  }

/*pre {
	padding-left: 5%;
	margin-left: 5%;
	}*/

/*dd pre, li pre {
	padding-left: 5%;
	}*/

/* fonts */
/* Oxygen  */
body, table {
    font-family:arial, helvetica, sans-serif;
    font-size:12px;
}
/* Oxygen  */

/*body {
	font-family: Verdana, arial, sans-serif;
	font-size: small;
	}*/	

/*h1, h2, h3, h4, h5, h6 {
	font-family: 'trebuchet MS', arial, sans-serif;
	}*/

h1 {
	font-size: 173%;
	font-weight: bold;
	}

h2 {
	font-size: 144%;
	font-weight: normal;
	}

h3 {
	font-size: 120%;
	font-weight: normal;
	}

h4 {
  font-size: 100%;
  font-weight: bold;
}

dt {
	font-weight: bold;
	}

a:link, a:visited, a:active, a:hover {
	font-weight: bold;
	}

a.offsite:link, a.offsite:visited, a.offsite:active, a.offsite:hover {
	font-weight: normal;
	}

/* suppress the normal italics */
address {
	font-style: normal;
	}

div.example, .sidebar {
  font-family: Verdana, arial, sans-serif;
  font-size: 100%;
  }


.note, .link {
	font-family: Verdana, arial, sans-serif;
	/*font-size: 83%;*/
	}

/*.example, .string, .rtf, .code, pre, code {
	font-family: "Lucida Console", "Courier New", monospace;*/
  /*font-size: 83%;*/
/*	}*/

.boolean {
	font-style: italic;
	}

#colophon, #xml-link {
	font-size: 69%;
	}

.question, .title {
	font-weight: bold;
	}

/* colours */
body {
	background-color: white;
	color: black;
	border: 0px none black;
	}

/* this is to make Navigator fill the entire line */
h1, h2 {
	border: 1px solid white;
	width: auto;
	}

h1 {
	/*background: #606;*/
	/*color: #6F6;*/
	}

h2 {
	color: #606;
	/*background: #CFC;*/
	}

hr {
	color: #606;
	background: white;
	}

img, a:link img, a:visited img, a:hover img, a:active img, #link-up img, #link-top img {
	border: 0px none white;
	background: transparent;
	}

/* OXYGEN */
a, a:visited {
    color:rgb(0, 0, 150);
    background-color:inherit;
    font-weight: bold;
}
a:link, a:visited {
    text-decoration:none; 
}
a:hover {
    text-decoration:underline;
}

/* OXYGEN */

a.img:hover, a.img:active {
	background: transparent;
	}

#colophon, #xml-link, .note {
	color: #666;
	}

#colophon a:link, #colophon a:visited, #colophon a:hover,
#xml-link a:link, #xml-link a:visited, #xml-link a:hover,
.note a:link, .note a:visited, .note a:hover {
	color: #969;
	background: transparent;
	}

#colophon a:hover, #xml-link a:hover, .note a:hover {
	background: #CFC;
	color: #969;
	}

.popup {
	background: white;
	border: 1px solid #606;
	}

.post {
	border-top: 2px solid #606;
	}
	
.example {
  border-top: 2px solid #606;
  border-bottom: 2px solid #606;
  }
  
.sidebar {
  border-top: 2px solid #090;
  border-bottom: 2px solid #090;
  }
  
.rng {
  border-left: 2px solid #666;
  }

.same {
  background-color: rgb(206, 239, 174);
}

.diff {
  background-color: #FCC;
}

.whitespace {
	font-style: italic;
	color: #999;
	background: white;
}

.ignored {
  font-style: italic;
  color: #999;
  background: white;
}

.hit {
}

.missed {
  background-color: #A33;
  color: white;
}

/* text */
ol ol li {
	list-style: lower-alpha;
	}

th {
	text-align: left;
	}

td {
	vertical-align: top;
	}

h1 {
	text-transform: uppercase;
	}

h2, h3 {
	/*text-transform: capitalize;*/
	}

.question {
	text-indent: -33px;
	}

.byline {
	text-align: right;
	}

#link-top, #link-up {
	text-align: right;
	}

a {
	text-decoration: none;
	}

table { width: 85%;
        /* border: collapse; */ }

th { text-align: left; }

.xspec tbody th { font-weight: normal; /*font-size: 0.8em;*/ border-top: 1px #666 solid; }
.xspec tbody td { /*font-size: 0.8em;*/ color: #666; }

.successful.label th, .successful.label td { background-color: #CFC; }
.pending.label th, .pending.label td { background-color: #DDD; color: #666; }
.failed.label th, .failed.label td { background-color: #FCC; }
.error.label th, .error.label td { background-color: #FAA; }
/*body &gt; table tbody .failed.label th:first-child:before {content:url(data:image/png;base64,iVBORw0KGgoAAAANSUhEUgAAAAwAAAAMCAYAAABWdVznAAAAGXRFWHRTb2Z0d2FyZQBBZG9iZSBJbWFnZVJlYWR5ccllPAAAA2ZpVFh0WE1MOmNvbS5hZG9iZS54bXAAAAAAADw/eHBhY2tldCBiZWdpbj0i77u/IiBpZD0iVzVNME1wQ2VoaUh6cmVTek5UY3prYzlkIj8+IDx4OnhtcG1ldGEgeG1sbnM6eD0iYWRvYmU6bnM6bWV0YS8iIHg6eG1wdGs9IkFkb2JlIFhNUCBDb3JlIDUuMy1jMDExIDY2LjE0NTY2MSwgMjAxMi8wMi8wNi0xNDo1NjoyNyAgICAgICAgIj4gPHJkZjpSREYgeG1sbnM6cmRmPSJodHRwOi8vd3d3LnczLm9yZy8xOTk5LzAyLzIyLXJkZi1zeW50YXgtbnMjIj4gPHJkZjpEZXNjcmlwdGlvbiByZGY6YWJvdXQ9IiIgeG1sbnM6eG1wTU09Imh0dHA6Ly9ucy5hZG9iZS5jb20veGFwLzEuMC9tbS8iIHhtbG5zOnN0UmVmPSJodHRwOi8vbnMuYWRvYmUuY29tL3hhcC8xLjAvc1R5cGUvUmVzb3VyY2VSZWYjIiB4bWxuczp4bXA9Imh0dHA6Ly9ucy5hZG9iZS5jb20veGFwLzEuMC8iIHhtcE1NOk9yaWdpbmFsRG9jdW1lbnRJRD0ieG1wLmRpZDpCQjU0NjU4QjIyQTNFMTExQkI5Rjk5QkQ4RkQ5RUJFQiIgeG1wTU06RG9jdW1lbnRJRD0ieG1wLmRpZDpEQTUyOTdBQUEzRDUxMUUxQTQwN0YzMUI0Nzg3NDU1RSIgeG1wTU06SW5zdGFuY2VJRD0ieG1wLmlpZDpEQTUyOTdBOUEzRDUxMUUxQTQwN0YzMUI0Nzg3NDU1RSIgeG1wOkNyZWF0b3JUb29sPSJBZG9iZSBQaG90b3Nob3AgQ1M2IChXaW5kb3dzKSI+IDx4bXBNTTpEZXJpdmVkRnJvbSBzdFJlZjppbnN0YW5jZUlEPSJ4bXAuaWlkOjQ4MTZDRTNCRDVBM0UxMTFBQTI2QTBCMjZENzg1Qzg5IiBzdFJlZjpkb2N1bWVudElEPSJ4bXAuZGlkOkJCNTQ2NThCMjJBM0UxMTFCQjlGOTlCRDhGRDlFQkVCIi8+IDwvcmRmOkRlc2NyaXB0aW9uPiA8L3JkZjpSREY+IDwveDp4bXBtZXRhPiA8P3hwYWNrZXQgZW5kPSJyIj8+aHNJrgAAAZ1JREFUeNpsUssrRGEU/907985YMDPNYlh4hbKZPMdgR3aysrGSSFIeKyUKpewoRTYkmcgCf4MsMI2FPDYGKeUZSoru4/uc82VC+W7fOeee+zvn/M45V1uuyCmVwDogq0hDklD6jy1dspNkdxokVrIzPFUh0/MD5OdXoJDwPFtu3d2ns6TTp9oggTlFZlmN0o4AHMmXfJGo0lmGzoE1OgmNHf5YA8rmN5HfM6wADmUuHphA9cIW/JX1yiek9DIlyijxkNjBzXYche19gNcHzfShoLUdVxtLuD/cYzCoMAzCwqYrhMDx9Chs20JRWzf4nMcXcDI3pYAqQHIAtWUJbpKursMMhpA+RiAEGzpc4X5XkDB4GjaHmiZik/PIa2rBEWVlSuW9Q+T3YndskBi46QpQFcLltchtbEZyZhxna4uKhmV9Ito/gtPNOG4P99WItdlIWARNXWOAv6AEr9cplel7/ggUleDlMqUSvNnCobHKxDsNnqs8XaWUZopp/XhxTkOR+HDVOveYUge9rNLyY9SU9v+vwXuUB2R0fQkwABfn/VKSjTLBAAAAAElFTkSuQmCC) " "}*/
/*body &gt; table tbody .error.label th:first-child:before {content:url(data:image/png;base64,iVBORw0KGgoAAAANSUhEUgAAAAwAAAAMCAYAAABWdVznAAAABmJLR0QAAAAAAAD5Q7t/AAAACXBIWXMAAAsTAAALEwEAmpwYAAAAB3RJTUUH3QcKER4AdkxvvQAAAdVJREFUKM89kM9KG0EAh7/JTHazZInEQwJ68KIWLx6Etj6EjxAobYSsD+BjCJ682EOp0FMueYmS0FMICF4i6tFNzJ/dyRh2Znoo6Xf+Pn7wEzc3Nx/W6/UvY8xJnudkWYa1Fu893nviOCaKIhuG4R/v/Ve1Xq9/bG1tnezs7JDnOVpr3t/fcc4hpaRSqVCpVORqtTp9e3v7rrTWn5vNJpPJhHK5zHg8JssyvPeEYcjR0RFpmlKr1ZjP5x9Li8VCbOR2u83BwQEvLy88PT1xfHzMxcUFQgjSNCXLskDlec5sNuPx8REpJZ1Oh+fnZ4QQnJ+fc319Tb/fZ29vD601SmvNdDplsVhwe3vLaDTi6uoKgCRJGAwGNBoNXl9fMcZQcs5hjGG1WpHnObVajQ3VahWtNcYYjDE451Cb+7z3JElCkiScnZ0hpaTX67G7u0u328V7/y+oVqsIITg8PKTT6dBqtRgOhzjnaLVa3N3dcX9/z3K5JI5jxOXlpSuKQqRpirWWh4eH//Plcpn9/X2cc2xvb1MqlQqllBpYa0/jOGYymdBsNsmyDOccURRRFAX1eh2lFGEY/lZBEHyx1v703n8KgkBEUYSUEu/9RkIIUQRB0A/D8NtflUT+nn4OS+0AAAAASUVORK5CYII=) " "}*/
.failed.label th:first-child:before, .failed.label td:first-child:before {content:url(data:image/png;base64,iVBORw0KGgoAAAANSUhEUgAAAAwAAAAMCAYAAABWdVznAAAAGXRFWHRTb2Z0d2FyZQBBZG9iZSBJbWFnZVJlYWR5ccllPAAAA2ZpVFh0WE1MOmNvbS5hZG9iZS54bXAAAAAAADw/eHBhY2tldCBiZWdpbj0i77u/IiBpZD0iVzVNME1wQ2VoaUh6cmVTek5UY3prYzlkIj8+IDx4OnhtcG1ldGEgeG1sbnM6eD0iYWRvYmU6bnM6bWV0YS8iIHg6eG1wdGs9IkFkb2JlIFhNUCBDb3JlIDUuMy1jMDExIDY2LjE0NTY2MSwgMjAxMi8wMi8wNi0xNDo1NjoyNyAgICAgICAgIj4gPHJkZjpSREYgeG1sbnM6cmRmPSJodHRwOi8vd3d3LnczLm9yZy8xOTk5LzAyLzIyLXJkZi1zeW50YXgtbnMjIj4gPHJkZjpEZXNjcmlwdGlvbiByZGY6YWJvdXQ9IiIgeG1sbnM6eG1wTU09Imh0dHA6Ly9ucy5hZG9iZS5jb20veGFwLzEuMC9tbS8iIHhtbG5zOnN0UmVmPSJodHRwOi8vbnMuYWRvYmUuY29tL3hhcC8xLjAvc1R5cGUvUmVzb3VyY2VSZWYjIiB4bWxuczp4bXA9Imh0dHA6Ly9ucy5hZG9iZS5jb20veGFwLzEuMC8iIHhtcE1NOk9yaWdpbmFsRG9jdW1lbnRJRD0ieG1wLmRpZDpCQjU0NjU4QjIyQTNFMTExQkI5Rjk5QkQ4RkQ5RUJFQiIgeG1wTU06RG9jdW1lbnRJRD0ieG1wLmRpZDpEQTUyOTdBQUEzRDUxMUUxQTQwN0YzMUI0Nzg3NDU1RSIgeG1wTU06SW5zdGFuY2VJRD0ieG1wLmlpZDpEQTUyOTdBOUEzRDUxMUUxQTQwN0YzMUI0Nzg3NDU1RSIgeG1wOkNyZWF0b3JUb29sPSJBZG9iZSBQaG90b3Nob3AgQ1M2IChXaW5kb3dzKSI+IDx4bXBNTTpEZXJpdmVkRnJvbSBzdFJlZjppbnN0YW5jZUlEPSJ4bXAuaWlkOjQ4MTZDRTNCRDVBM0UxMTFBQTI2QTBCMjZENzg1Qzg5IiBzdFJlZjpkb2N1bWVudElEPSJ4bXAuZGlkOkJCNTQ2NThCMjJBM0UxMTFCQjlGOTlCRDhGRDlFQkVCIi8+IDwvcmRmOkRlc2NyaXB0aW9uPiA8L3JkZjpSREY+IDwveDp4bXBtZXRhPiA8P3hwYWNrZXQgZW5kPSJyIj8+aHNJrgAAAZ1JREFUeNpsUssrRGEU/907985YMDPNYlh4hbKZPMdgR3aysrGSSFIeKyUKpewoRTYkmcgCf4MsMI2FPDYGKeUZSoru4/uc82VC+W7fOeee+zvn/M45V1uuyCmVwDogq0hDklD6jy1dspNkdxokVrIzPFUh0/MD5OdXoJDwPFtu3d2ns6TTp9oggTlFZlmN0o4AHMmXfJGo0lmGzoE1OgmNHf5YA8rmN5HfM6wADmUuHphA9cIW/JX1yiek9DIlyijxkNjBzXYche19gNcHzfShoLUdVxtLuD/cYzCoMAzCwqYrhMDx9Chs20JRWzf4nMcXcDI3pYAqQHIAtWUJbpKursMMhpA+RiAEGzpc4X5XkDB4GjaHmiZik/PIa2rBEWVlSuW9Q+T3YndskBi46QpQFcLltchtbEZyZhxna4uKhmV9Ito/gtPNOG4P99WItdlIWARNXWOAv6AEr9cplel7/ggUleDlMqUSvNnCobHKxDsNnqs8XaWUZopp/XhxTkOR+HDVOveYUge9rNLyY9SU9v+vwXuUB2R0fQkwABfn/VKSjTLBAAAAAElFTkSuQmCC) " "}
.error.label th:first-child:before, .error.label td:first-child:before {content:url(data:image/png;base64,iVBORw0KGgoAAAANSUhEUgAAAAwAAAAMCAYAAABWdVznAAAABmJLR0QAAAAAAAD5Q7t/AAAACXBIWXMAAAsTAAALEwEAmpwYAAAAB3RJTUUH3QcKER4AdkxvvQAAAdVJREFUKM89kM9KG0EAh7/JTHazZInEQwJ68KIWLx6Etj6EjxAobYSsD+BjCJ682EOp0FMueYmS0FMICF4i6tFNzJ/dyRh2Znoo6Xf+Pn7wEzc3Nx/W6/UvY8xJnudkWYa1Fu893nviOCaKIhuG4R/v/Ve1Xq9/bG1tnezs7JDnOVpr3t/fcc4hpaRSqVCpVORqtTp9e3v7rrTWn5vNJpPJhHK5zHg8JssyvPeEYcjR0RFpmlKr1ZjP5x9Li8VCbOR2u83BwQEvLy88PT1xfHzMxcUFQgjSNCXLskDlec5sNuPx8REpJZ1Oh+fnZ4QQnJ+fc319Tb/fZ29vD601SmvNdDplsVhwe3vLaDTi6uoKgCRJGAwGNBoNXl9fMcZQcs5hjGG1WpHnObVajQ3VahWtNcYYjDE451Cb+7z3JElCkiScnZ0hpaTX67G7u0u328V7/y+oVqsIITg8PKTT6dBqtRgOhzjnaLVa3N3dcX9/z3K5JI5jxOXlpSuKQqRpirWWh4eH//Plcpn9/X2cc2xvb1MqlQqllBpYa0/jOGYymdBsNsmyDOccURRRFAX1eh2lFGEY/lZBEHyx1v703n8KgkBEUYSUEu/9RkIIUQRB0A/D8NtflUT+nn4OS+0AAAAASUVORK5CYII=) " "}
.pending.label th:first-child:before, .pending.label td:first-child:before {content:url(data:image/png;base64,iVBORw0KGgoAAAANSUhEUgAAAAwAAAAMCAYAAABWdVznAAAAGXRFWHRTb2Z0d2FyZQBBZG9iZSBJbWFnZVJlYWR5ccllPAAAA2ZpVFh0WE1MOmNvbS5hZG9iZS54bXAAAAAAADw/eHBhY2tldCBiZWdpbj0i77u/IiBpZD0iVzVNME1wQ2VoaUh6cmVTek5UY3prYzlkIj8+IDx4OnhtcG1ldGEgeG1sbnM6eD0iYWRvYmU6bnM6bWV0YS8iIHg6eG1wdGs9IkFkb2JlIFhNUCBDb3JlIDUuMy1jMDExIDY2LjE0NTY2MSwgMjAxMi8wMi8wNi0xNDo1NjoyNyAgICAgICAgIj4gPHJkZjpSREYgeG1sbnM6cmRmPSJodHRwOi8vd3d3LnczLm9yZy8xOTk5LzAyLzIyLXJkZi1zeW50YXgtbnMjIj4gPHJkZjpEZXNjcmlwdGlvbiByZGY6YWJvdXQ9IiIgeG1sbnM6eG1wTU09Imh0dHA6Ly9ucy5hZG9iZS5jb20veGFwLzEuMC9tbS8iIHhtbG5zOnN0UmVmPSJodHRwOi8vbnMuYWRvYmUuY29tL3hhcC8xLjAvc1R5cGUvUmVzb3VyY2VSZWYjIiB4bWxuczp4bXA9Imh0dHA6Ly9ucy5hZG9iZS5jb20veGFwLzEuMC8iIHhtcE1NOk9yaWdpbmFsRG9jdW1lbnRJRD0ieG1wLmRpZDpCQjU0NjU4QjIyQTNFMTExQkI5Rjk5QkQ4RkQ5RUJFQiIgeG1wTU06RG9jdW1lbnRJRD0ieG1wLmRpZDpDODdDM0Y0QUEzRDUxMUUxQjk5N0MzQjVFRDMyQUE1MiIgeG1wTU06SW5zdGFuY2VJRD0ieG1wLmlpZDpDODdDM0Y0OUEzRDUxMUUxQjk5N0MzQjVFRDMyQUE1MiIgeG1wOkNyZWF0b3JUb29sPSJBZG9iZSBQaG90b3Nob3AgQ1M2IChXaW5kb3dzKSI+IDx4bXBNTTpEZXJpdmVkRnJvbSBzdFJlZjppbnN0YW5jZUlEPSJ4bXAuaWlkOjQ4MTZDRTNCRDVBM0UxMTFBQTI2QTBCMjZENzg1Qzg5IiBzdFJlZjpkb2N1bWVudElEPSJ4bXAuZGlkOkJCNTQ2NThCMjJBM0UxMTFCQjlGOTlCRDhGRDlFQkVCIi8+IDwvcmRmOkRlc2NyaXB0aW9uPiA8L3JkZjpSREY+IDwveDp4bXBtZXRhPiA8P3hwYWNrZXQgZW5kPSJyIj8+yj6RYgAAAPZJREFUeNp0kM8KgkAQxmc1E0Wfo3vQn5eRSDx4EUHwbTpEhx4lil7DiydBQUFXp5nAMNsGhpnd/X77za4Iw3CFiFcAWFMFDkXtKZ/UHhfUnB3HWdu2/REpAL2u631ZlicGdpZlwTAMSmBM0zS5bhgQLB5FU3AOUS4XvNn3vVKgAACCIMA0TbFpGsyyDJMkefdFUWAcx1hVFeZ5jlEUoed5qPEI7KDrOhiG8e6llNC27Zcz77FW+L6Pruv+WKtGIzfgR39umv/UHOJgAMlO/BPOXCQDD5p3r2ma8lvHNU9BcWPg0HXdhRZbOhRT8aSXVO9U/ZcAAwAsmjsSQcM0lwAAAABJRU5ErkJggg==) " ";}
.successful.label th:first-child:before, .successful.label td:first-child:before {content:url(data:image/png;base64,iVBORw0KGgoAAAANSUhEUgAAAAwAAAAMCAYAAABWdVznAAAAGXRFWHRTb2Z0d2FyZQBBZG9iZSBJbWFnZVJlYWR5ccllPAAAA2ZpVFh0WE1MOmNvbS5hZG9iZS54bXAAAAAAADw/eHBhY2tldCBiZWdpbj0i77u/IiBpZD0iVzVNME1wQ2VoaUh6cmVTek5UY3prYzlkIj8+IDx4OnhtcG1ldGEgeG1sbnM6eD0iYWRvYmU6bnM6bWV0YS8iIHg6eG1wdGs9IkFkb2JlIFhNUCBDb3JlIDUuMy1jMDExIDY2LjE0NTY2MSwgMjAxMi8wMi8wNi0xNDo1NjoyNyAgICAgICAgIj4gPHJkZjpSREYgeG1sbnM6cmRmPSJodHRwOi8vd3d3LnczLm9yZy8xOTk5LzAyLzIyLXJkZi1zeW50YXgtbnMjIj4gPHJkZjpEZXNjcmlwdGlvbiByZGY6YWJvdXQ9IiIgeG1sbnM6eG1wTU09Imh0dHA6Ly9ucy5hZG9iZS5jb20veGFwLzEuMC9tbS8iIHhtbG5zOnN0UmVmPSJodHRwOi8vbnMuYWRvYmUuY29tL3hhcC8xLjAvc1R5cGUvUmVzb3VyY2VSZWYjIiB4bWxuczp4bXA9Imh0dHA6Ly9ucy5hZG9iZS5jb20veGFwLzEuMC8iIHhtcE1NOk9yaWdpbmFsRG9jdW1lbnRJRD0ieG1wLmRpZDpCQjU0NjU4QjIyQTNFMTExQkI5Rjk5QkQ4RkQ5RUJFQiIgeG1wTU06RG9jdW1lbnRJRD0ieG1wLmRpZDpEMDVBNThBQUEzRDUxMUUxQjdCQkM2QUNBMTNBMDExNiIgeG1wTU06SW5zdGFuY2VJRD0ieG1wLmlpZDpEMDVBNThBOUEzRDUxMUUxQjdCQkM2QUNBMTNBMDExNiIgeG1wOkNyZWF0b3JUb29sPSJBZG9iZSBQaG90b3Nob3AgQ1M2IChXaW5kb3dzKSI+IDx4bXBNTTpEZXJpdmVkRnJvbSBzdFJlZjppbnN0YW5jZUlEPSJ4bXAuaWlkOjQ4MTZDRTNCRDVBM0UxMTFBQTI2QTBCMjZENzg1Qzg5IiBzdFJlZjpkb2N1bWVudElEPSJ4bXAuZGlkOkJCNTQ2NThCMjJBM0UxMTFCQjlGOTlCRDhGRDlFQkVCIi8+IDwvcmRmOkRlc2NyaXB0aW9uPiA8L3JkZjpSREY+IDwveDp4bXBtZXRhPiA8P3hwYWNrZXQgZW5kPSJyIj8+xJ3YrgAAAYBJREFUeNpsUrtKA1EQPZtdY4gEQiD4QCsLEVGX4CP4AykEq1hYiGghCDZ+gBZWVtrZ+EAjaGOhfoAkNiaKhYWICilMEQNqoYjZ5O4d5+6ucQuLM3funDNzD7OrLe229YBwSKAEnyAP/pyIbL5fcz5rcNiLtuqJSEz3ickn5ruE/vFmJ9/LYjvAldGWqA7bJkgPtoAHQrS5G6NdiwhFWCoxHOCgKUL+iurkCBVawyamE8d4qmSZ51clBZUlh+RG14JzEsJNcaTNLVwWd1B6vXXqkmGoYNeVUPnW3JNr4+YarPoncvebEAKNekAlokaY6N/A1NA+SBgY6Eijtz2Fs5sVWNWawysorWNJsO+q9QWzaxLTYwfojA3isZzDfSnrWvTsNiyp7pOrZURC7ejrTDEpcVpY9ab+NSioLZEiapZA5nwBxZcC8g9HeK7ccYM7TDnwmoU2vx6/NIJaUjc0b0u8YvJNle5HdJvlhbI0Y31ThqsjTGr0/+8hOOQ5nfsRYACtHiy+FDd82wAAAABJRU5ErkJggg==) " "}
/*.successful.label a:before {content:url(data:image/png;base64,iVBORw0KGgoAAAANSUhEUgAAAAwAAAAMCAYAAABWdVznAAAAGXRFWHRTb2Z0d2FyZQBBZG9iZSBJbWFnZVJlYWR5ccllPAAAA2ZpVFh0WE1MOmNvbS5hZG9iZS54bXAAAAAAADw/eHBhY2tldCBiZWdpbj0i77u/IiBpZD0iVzVNME1wQ2VoaUh6cmVTek5UY3prYzlkIj8+IDx4OnhtcG1ldGEgeG1sbnM6eD0iYWRvYmU6bnM6bWV0YS8iIHg6eG1wdGs9IkFkb2JlIFhNUCBDb3JlIDUuMy1jMDExIDY2LjE0NTY2MSwgMjAxMi8wMi8wNi0xNDo1NjoyNyAgICAgICAgIj4gPHJkZjpSREYgeG1sbnM6cmRmPSJodHRwOi8vd3d3LnczLm9yZy8xOTk5LzAyLzIyLXJkZi1zeW50YXgtbnMjIj4gPHJkZjpEZXNjcmlwdGlvbiByZGY6YWJvdXQ9IiIgeG1sbnM6eG1wTU09Imh0dHA6Ly9ucy5hZG9iZS5jb20veGFwLzEuMC9tbS8iIHhtbG5zOnN0UmVmPSJodHRwOi8vbnMuYWRvYmUuY29tL3hhcC8xLjAvc1R5cGUvUmVzb3VyY2VSZWYjIiB4bWxuczp4bXA9Imh0dHA6Ly9ucy5hZG9iZS5jb20veGFwLzEuMC8iIHhtcE1NOk9yaWdpbmFsRG9jdW1lbnRJRD0ieG1wLmRpZDpCQjU0NjU4QjIyQTNFMTExQkI5Rjk5QkQ4RkQ5RUJFQiIgeG1wTU06RG9jdW1lbnRJRD0ieG1wLmRpZDpEMDVBNThBQUEzRDUxMUUxQjdCQkM2QUNBMTNBMDExNiIgeG1wTU06SW5zdGFuY2VJRD0ieG1wLmlpZDpEMDVBNThBOUEzRDUxMUUxQjdCQkM2QUNBMTNBMDExNiIgeG1wOkNyZWF0b3JUb29sPSJBZG9iZSBQaG90b3Nob3AgQ1M2IChXaW5kb3dzKSI+IDx4bXBNTTpEZXJpdmVkRnJvbSBzdFJlZjppbnN0YW5jZUlEPSJ4bXAuaWlkOjQ4MTZDRTNCRDVBM0UxMTFBQTI2QTBCMjZENzg1Qzg5IiBzdFJlZjpkb2N1bWVudElEPSJ4bXAuZGlkOkJCNTQ2NThCMjJBM0UxMTFCQjlGOTlCRDhGRDlFQkVCIi8+IDwvcmRmOkRlc2NyaXB0aW9uPiA8L3JkZjpSREY+IDwveDp4bXBtZXRhPiA8P3hwYWNrZXQgZW5kPSJyIj8+xJ3YrgAAAYBJREFUeNpsUrtKA1EQPZtdY4gEQiD4QCsLEVGX4CP4AykEq1hYiGghCDZ+gBZWVtrZ+EAjaGOhfoAkNiaKhYWICilMEQNqoYjZ5O4d5+6ucQuLM3funDNzD7OrLe229YBwSKAEnyAP/pyIbL5fcz5rcNiLtuqJSEz3ickn5ruE/vFmJ9/LYjvAldGWqA7bJkgPtoAHQrS5G6NdiwhFWCoxHOCgKUL+iurkCBVawyamE8d4qmSZ51clBZUlh+RG14JzEsJNcaTNLVwWd1B6vXXqkmGoYNeVUPnW3JNr4+YarPoncvebEAKNekAlokaY6N/A1NA+SBgY6Eijtz2Fs5sVWNWawysorWNJsO+q9QWzaxLTYwfojA3isZzDfSnrWvTsNiyp7pOrZURC7ejrTDEpcVpY9ab+NSioLZEiapZA5nwBxZcC8g9HeK7ccYM7TDnwmoU2vx6/NIJaUjc0b0u8YvJNle5HdJvlhbI0Y31ThqsjTGr0/+8hOOQ5nfsRYACtHiy+FDd82wAAAABJRU5ErkJggg==) " "}*/

.xspecResult { width: 90%; table-layout: fixed; }

.xspecResult td,
.xspecResult th { width: 50%; }

/*.xspecResult pre { 
  margin-left: 0; 
  padding: 0.5em; 
  overflow: auto; 
  border: 1px #999 dotted;
}*/

span.scenario-totals {float: right; width: 14.5%; text-align: left}

/* OXYGEN */
span.scenario-totals {float: right; width: 34.5%; text-align: right}

h2.failed {
    background-color: #FCC;
}

h1, h2 {
    width: 86%;
    /*margin-left: 3%;*/
    
    font-size:1.4em;
    font-weight:bold;
    text-align:left;
    margin-top:1.4em;
    margin-bottom:0.7em;
    color:#333333;
    background-color:inherit;
}

h1 {
    font-size:1.7em;
}

body &gt; h1:first-child:before {
    content:"XSLT UNIT ";
}

body &gt; h2:first-of-type {
    font-size:1.7em;
}

div &gt; table &gt; tbody &gt; tr &gt; th:first-child {
    font-weight:bold;
}

div &gt; h3 {
    font-weight:bold;
    /*margin-left: 3%;*/
}

div &gt; h4 {
    font-weight:normal;
    /*margin-left: 4%;*/
}

th.result { text-align: center; }
/* OXYGEN */


/* ------------------------------------------------------------------------ */
/*  DO NOT ALTER OR REMOVE COPYRIGHT NOTICES OR THIS COMMENT.               */
/*                                                                          */
/*  Copyright (c) 2008, 2010 Jeni Tennsion                                  */
/*                                                                          */
/*  The contents of this file are subject to the MIT License (see the URI   */
/*  http://www.opensource.org/licenses/mit-license.php for details).        */
/*                                                                          */
/*  Permission is hereby granted, free of charge, to any person obtaining   */
/*  a copy of this software and associated documentation files (the         */
/*  "Software"), to deal in the Software without restriction, including     */
/*  without limitation the rights to use, copy, modify, merge, publish,     */
/*  distribute, sublicense, and/or sell copies of the Software, and to      */
/*  permit persons to whom the Software is furnished to do so, subject to   */
/*  the following conditions:                                               */
/*                                                                          */
/*  The above copyright notice and this permission notice shall be          */
/*  included in all copies or substantial portions of the Software.         */
/*                                                                          */
/*  THE SOFTWARE IS PROVIDED "AS IS", WITHOUT WARRANTY OF ANY KIND,         */
/*  EXPRESS OR IMPLIED, INCLUDING BUT NOT LIMITED TO THE WARRANTIES OF      */
/*  MERCHANTABILITY, FITNESS FOR A PARTICULAR PURPOSE AND NONINFRINGEMENT.  */
/*  IN NO EVENT SHALL THE AUTHORS OR COPYRIGHT HOLDERS BE LIABLE FOR ANY    */
/*  CLAIM, DAMAGES OR OTHER LIABILITY, WHETHER IN AN ACTION OF CONTRACT,    */
/*  TORT OR OTHERWISE, ARISING FROM, OUT OF OR IN CONNECTION WITH THE       */
/*  SOFTWARE OR THE USE OR OTHER DEALINGS IN THE SOFTWARE.                  */
/* ------------------------------------------------------------------------ */

.nobr { white-space: nowrap; }
.scenario-label { text-indent: 0px; }
.context-label { text-indent: 10px; }
.test-label { text-indent: 20px; }
.pending-label { text-indent: 30px; }


        /**/</style>
    </head><body><h1>Test Report</h1><p>Script: <a href="file:/home/jostein/xprocspec/xprocspec/src/test/xprocspec/tests/regression-tests/regression-1_attributes-on-inline-document-should-not-be-deleted.xprocspec">file:/home/jostein/xprocspec/xprocspec/src/test/xprocspec/tests/regression-tests/regression-1_attributes-on-inline-document-should-not-be-deleted.xprocspec</a></p><p>Tested: 2013-12-02T14:36:21.576+01:00</p><h2>Contents</h2><table class="xspec"><col width="75%"/><col width="5%"/><col width="5%"/><col width="5%"/><col width="5%"/><col width="5%"/><thead><tr><th/><th class="result">passed:8</th><th class="result">pending:0</th><th class="result">failed:0</th><th class="result">errors:0</th><th class="result">total:8</th></tr></thead><tbody><tr class="successful label"><th><a href="#step1">ex:identity-with-foreign-namespaces</a></th><th class="result">8</th><th class="result">0</th><th class="result">0</th><th class="result">0</th><th class="result">8</th></tr></tbody></table><div id="step1"><h2 class="successful">Calling: <a href="file:/home/jostein/xprocspec/xprocspec/src/test/xprocspec/steps/identity-with-foreign-namespace.xpl">ex:identity-with-foreign-namespaces</a><span class="scenario-totals">passed:8 / pending:0 /
                                        failed:0 / errors:0 / total:8</span></h2><table class="xspec"><col width="80%"/><col width="20%"/><tbody><tr class="successful label"><th class="scenario-label">identity</th><th class="nobr">passed:8 / pending:0 / failed:0 / errors:0 / total:8</th></tr><tr class="successful label"><th class="context-label">errors</th><th class="nobr">passed:1 / pending:0 / failed:0 / errors:0 / total:1</th></tr><tr class="successful label"><td class="test-label">the step should execute successfully without throwing any errors</td><td>Success</td></tr><tr class="successful label"><th class="context-label">the result</th><th class="nobr">passed:7 / pending:0 / failed:0 / errors:0 / total:7</th></tr><tr class="successful label"><td class="test-label">the document should equal the expected document</td><td>Success</td></tr><tr class="successful label"><td class="test-label">/doc/@a1 should be 'v1'</td><td>Success</td></tr><tr class="successful label"><td class="test-label">/doc/element/@a2 should be 'v2'</td><td>Success</td></tr><tr class="successful label"><td class="test-label">/doc/element/@a3 should be 'v3'</td><td>Success</td></tr><tr class="successful label"><td class="test-label">/doc/@f:f1 should be 'fv1'</td><td>Success</td></tr><tr class="successful label"><td class="test-label">/doc/element/@f:f2 should be 'fv2'</td><td>Success</td></tr><tr class="successful label"><td class="test-label">/doc/element/@f:f3 should be 'fv3'</td><td>Success</td></tr></tbody></table></div><h2>Execution log</h2><table><thead><tr><th>Time</th><th>Severity</th><th>Message</th></tr></thead><tbody><tr style=""><td>0.000</td><td style="padding-left:0%;">INFO</td><td><code><pre>#### file:/home/jostein/xprocspec/xprocspec/src/test/xprocspec/tests/regression-tests/regression-1_attributes-on-inline-document-should-not-be-deleted.xprocspec ####</pre></code></td></tr><tr style=""><td>0.006</td><td style="padding-left:0%;">INFO</td><td><code><pre> * temporary directory: file:/tmp/xprocspec-20131202143557583/</pre></code></td></tr><tr style=""><td>0.011</td><td style="padding-left:0%;">INFO</td><td><code><pre>preprocessing...</pre></code></td></tr><tr style=""><td>0.026</td><td style="padding-left:0%;">INFO</td><td><code><pre> * checking for imports</pre></code></td></tr><tr style=""><td>0.032</td><td style="padding-left:0%;">INFO</td><td><code><pre> * checking file:/home/jostein/xprocspec/xprocspec/src/test/xprocspec/tests/regression-tests/regression-1_attributes-on-inline-document-should-not-be-deleted.xprocspec for imports</pre></code></td></tr><tr style=""><td>0.038</td><td style="padding-left:0%;">INFO</td><td><code><pre> * extracting step declarations from file:/home/jostein/xprocspec/xprocspec/src/test/xprocspec/steps/identity-with-foreign-namespace.xpl</pre></code></td></tr><tr style=""><td>0.044</td><td style="padding-left:0%;">INFO</td><td><code><pre> * tests reference 1 step</pre></code></td></tr><tr style=""><td>0.049</td><td style="padding-left:0%;">INFO</td><td><code><pre>   * step: e:identity-with-foreign-namespaces</pre></code></td></tr><tr style=""><td>0.055</td><td style="padding-left:0%;">INFO</td><td><code><pre> * trying to load: file:/home/jostein/xprocspec/xprocspec/src/test/xprocspec/steps/identity-with-foreign-namespace.xpl</pre></code></td></tr><tr style=""><td>0.061</td><td style="padding-left:0%;">INFO</td><td><code><pre>   * success!</pre></code></td></tr><tr style=""><td>0.069</td><td style="padding-left:0%;">INFO</td><td><code><pre> * trying to extract the step declaration for {http://example.net/ns}identity-with-foreign-namespaces from file:/home/jostein/xprocspec/xprocspec/src/test/xprocspec/steps/identity-with-foreign-namespace.xpl</pre></code></td></tr><tr style=""><td>0.080</td><td style="padding-left:0%;">INFO</td><td><code><pre> * creating a new x:description document for each x:scenario element with inferred inputs, options and parameters</pre></code></td></tr><tr style=""><td>0.096</td><td style="padding-left:0%;">INFO</td><td><code><pre> * validating output grammar</pre></code></td></tr><tr style=""><td>0.104</td><td style="padding-left:0%;">INFO</td><td><code><pre>compiling...</pre></code></td></tr><tr style=""><td>0.111</td><td style="padding-left:0%;">INFO</td><td><code><pre> * created directory using Calabash's cxf:mkdir</pre></code></td></tr><tr style=""><td>0.118</td><td style="padding-left:0%;">INFO</td><td><code><pre> * converting test 'test1' to XProc</pre></code></td></tr><tr style=""><td>0.131</td><td style="padding-left:0%;">INFO</td><td><code><pre>   * done</pre></code></td></tr><tr style=""><td>0.138</td><td style="padding-left:0%;">INFO</td><td><code><pre> * validating output grammar for file:/home/jostein/xprocspec/xprocspec/src/test/xprocspec/tests/regression-tests/regression-1_attributes-on-inline-document-should-not-be-deleted.xprocspec</pre></code></td></tr><tr style=""><td>0.146</td><td style="padding-left:0%;">INFO</td><td><code><pre>   * done!</pre></code></td></tr><tr style=""><td>0.153</td><td style="padding-left:0%;">INFO</td><td><code><pre> * using as temporary directory: file:/tmp/xprocspec-20131202143557583/xprocspec-20131202143621125/</pre></code></td></tr><tr style=""><td>0.158</td><td style="padding-left:0%;">INFO</td><td><code><pre>storing...</pre></code></td></tr><tr style=""><td>0.167</td><td style="padding-left:0%;">INFO</td><td><code><pre>running...</pre></code></td></tr><tr style=""><td>0.175</td><td style="padding-left:0%;">INFO</td><td><code><pre>   * loading 'file:/tmp/xprocspec-20131202143557583/test1.xpl'</pre></code></td></tr><tr style=""><td>0.223</td><td style="padding-left:0%;">INFO</td><td><code><pre>evaluating...</pre></code></td></tr><tr style=""><td>0.234</td><td style="padding-left:0%;">INFO</td><td><code><pre> * evaluating scenario 'identity' (file:/home/jostein/xprocspec/xprocspec/src/test/xprocspec/tests/regression-tests/regression-1_attributes-on-inline-document-should-not-be-deleted.xprocspec)</pre></code></td></tr><tr style=""><td>0.241</td><td style="padding-left:0%;">INFO</td><td><code><pre>   * resolving x:document elements...</pre></code></td></tr><tr style=""><td>0.254</td><td style="padding-left:0%;">INFO</td><td><code><pre>    * no errors occured</pre></code></td></tr><tr style=""><td>0.275</td><td style="padding-left:0%;">INFO</td><td><code><pre>   * grouping x:expect elements with their x:context...</pre></code></td></tr><tr style=""><td>0.284</td><td style="padding-left:0%;">INFO</td><td><code><pre>   * evaluating each context/expect group...</pre></code></td></tr><tr style=""><td>0.291</td><td style="padding-left:0%;">INFO</td><td><code><pre>     * setting context to 'errors'</pre></code></td></tr><tr style=""><td>0.298</td><td style="padding-left:0%;">INFO</td><td><code><pre>       * testing assertion 'the step should execute successfully without throwing any errors'</pre></code></td></tr><tr style=""><td>0.306</td><td style="padding-left:0%;">INFO</td><td><code><pre>         * is document count assertion</pre></code></td></tr><tr style=""><td>0.313</td><td style="padding-left:0%;">INFO</td><td><code><pre>         * assertion passed</pre></code></td></tr><tr style=""><td>0.322</td><td style="padding-left:0%;">INFO</td><td><code><pre>     * setting context to 'the result'</pre></code></td></tr><tr style=""><td>0.329</td><td style="padding-left:0%;">INFO</td><td><code><pre>       * testing assertion 'the document should equal the expected document'</pre></code></td></tr><tr style=""><td>0.337</td><td style="padding-left:0%;">INFO</td><td><code><pre>         * is document comparison</pre></code></td></tr><tr style=""><td>0.346</td><td style="padding-left:0%;">INFO</td><td><code><pre>         * assertion passed</pre></code></td></tr><tr style=""><td>0.354</td><td style="padding-left:0%;">INFO</td><td><code><pre>       * testing assertion '/doc/@a1 should be 'v1''</pre></code></td></tr><tr style=""><td>0.365</td><td style="padding-left:0%;">INFO</td><td><code><pre>         * is xpath assertion</pre></code></td></tr><tr style=""><td>0.377</td><td style="padding-left:0%;">INFO</td><td><code><pre>       * testing assertion '/doc/element/@a2 should be 'v2''</pre></code></td></tr><tr style=""><td>0.386</td><td style="padding-left:0%;">INFO</td><td><code><pre>         * is xpath assertion</pre></code></td></tr><tr style=""><td>0.396</td><td style="padding-left:0%;">INFO</td><td><code><pre>       * testing assertion '/doc/element/@a3 should be 'v3''</pre></code></td></tr><tr style=""><td>0.405</td><td style="padding-left:0%;">INFO</td><td><code><pre>         * is xpath assertion</pre></code></td></tr><tr style=""><td>0.415</td><td style="padding-left:0%;">INFO</td><td><code><pre>       * testing assertion '/doc/@f:f1 should be 'fv1''</pre></code></td></tr><tr style=""><td>0.424</td><td style="padding-left:0%;">INFO</td><td><code><pre>         * is xpath assertion</pre></code></td></tr><tr style=""><td>0.434</td><td style="padding-left:0%;">INFO</td><td><code><pre>       * testing assertion '/doc/element/@f:f2 should be 'fv2''</pre></code></td></tr><tr style=""><td>0.443</td><td style="padding-left:0%;">INFO</td><td><code><pre>         * is xpath assertion</pre></code></td></tr><tr style=""><td>0.454</td><td style="padding-left:0%;">INFO</td><td><code><pre>       * testing assertion '/doc/element/@f:f3 should be 'fv3''</pre></code></td></tr><tr style=""><td>0.463</td><td style="padding-left:0%;">INFO</td><td><code><pre>         * is xpath assertion</pre></code></td></tr><tr style=""><td>0.481</td><td style="padding-left:0%;">INFO</td><td><code><pre>reporting...</pre></code></td></tr></tbody></table><link rel="stylesheet" href="http://yandex.st/highlightjs/7.3/styles/default.min.css"/><script type="text/javascript" src="http://yandex.st/highlightjs/7.3/highlight.min.js" xml:space="preserve"> </script><script type="text/javascript">hljs.initHighlightingOnLoad();</script></body></html></x:document></x:output><x:output port="junit"><x:document xml:base="file:/home/jostein/xprocspec/xprocspec/src/main/resources/content/xml/xproc/report/report.xpl" xml:space="preserve" type="inline"><testsuites tests="8" failures="0" time="0.489" errors="0" name="regression1attributesoninlinedocumentshouldnotbedeleted"><testsuite timestamp="2013-12-02T13:36:21.518Z" hostname="localhost" tests="8" errors="0" failures="0" skipped="0" id="d43682e1" name="identity" package="http://example.net/ns" time="0.003">
<properties><property name="input: source" value="&lt;doc xmlns=&#34;&#34; ...&gt;...&lt;/doc&gt; (Base URI: file:/home/jostein/xprocspec/xprocspec/src/test/xprocspec/tests/regression-tests/regression-1_attributes-on-inline-document-should-not-be-deleted.xprocspec)"/>

<property name="option: option" value="option"/>

</properties>
<testcase name="theStepShouldExecuteSuccessfullyWithoutThrowingAnyErrors" classname="identity-with-foreign-namespaces" assertions="1" time="0" status="SUCCESS"><system-out>the step should execute successfully without throwing any errors: SUCCESS</system-out>
<system-err/></testcase><testcase name="theDocumentShouldEqualTheExpectedDocument" classname="identity-with-foreign-namespaces" assertions="1" time="0" status="SUCCESS"><system-out>the document should equal the expected document: SUCCESS</system-out>
<system-err/></testcase><testcase name="doca1ShouldBeV1" classname="identity-with-foreign-namespaces" assertions="1" time="0" status="SUCCESS"><system-out>/doc/@a1 should be 'v1': SUCCESS</system-out>
<system-err/></testcase><testcase name="docelementa2ShouldBeV2" classname="identity-with-foreign-namespaces" assertions="1" time="0" status="SUCCESS"><system-out>/doc/element/@a2 should be 'v2': SUCCESS</system-out>
<system-err/></testcase><testcase name="docelementa3ShouldBeV3" classname="identity-with-foreign-namespaces" assertions="1" time="0" status="SUCCESS"><system-out>/doc/element/@a3 should be 'v3': SUCCESS</system-out>
<system-err/></testcase><testcase name="docff1ShouldBeFv1" classname="identity-with-foreign-namespaces" assertions="1" time="0" status="SUCCESS"><system-out>/doc/@f:f1 should be 'fv1': SUCCESS</system-out>
<system-err/></testcase><testcase name="docelementff2ShouldBeFv2" classname="identity-with-foreign-namespaces" assertions="1" time="0" status="SUCCESS"><system-out>/doc/element/@f:f2 should be 'fv2': SUCCESS</system-out>
<system-err/></testcase><testcase name="docelementff3ShouldBeFv3" classname="identity-with-foreign-namespaces" assertions="1" time="0" status="SUCCESS"><system-out>/doc/element/@f:f3 should be 'fv3': SUCCESS</system-out>
<system-err/></testcase></testsuite></testsuites></x:document></x:output><x:test-result type="count" label="the step should execute successfully without throwing any errors" max="0" contextref="errors" result="passed">
                                                        <x:expected>At most 0 documents.</x:expected>
                                                    <x:was>0</x:was></x:test-result><x:test-result label="there should be at least one test, and none of the tests should fail" type="xpath" test="not(/*/@tests='0') and /*/@failures='0' and /*/@errors='0'" contextref="context19" result="passed"><x:expected xml:space="preserve">XPath: true()
Value: true</x:expected><x:was xml:space="preserve">XPath: not(/*/@tests='0') and /*/@failures='0' and /*/@errors='0'
Value: true</x:was></x:test-result></x:description></x:test-report>