<testsuites tests="11" failures="0" time="13.97" errors="0" name="test"><testsuite timestamp="2015-02-23T07:49:44.678Z" hostname="localhost" tests="2" errors="0" failures="0" skipped="0" id="d4232e1" name="installPackage" package="https://github.com/depify" time="4.996">
<properties><property name="input: source" value="&lt;test xmlns=&#34;&#34; .../&gt; (Base URI: file:///Users/jfuller/Source/2_webcomposite/depify-client/test/test.xprocspec)"/><property name="input: packages" value="&lt; xmlns=&#34;&#34; .../&gt; (Base URI: file:///Users/jfuller/Source/2_webcomposite/depify-client/test/test.xprocspec)"/>

<property name="option: command" value="install"/>
<property name="option: package" value="transform.xq"/>
<property name="option: version" value="1.0"/>
<property name="option: app_dir" value="."/>
<property name="option: app_dir_lib" value="lib"/>

</properties>
<testcase name="theStepShouldExecuteSuccessfullyWithoutThrowingAnyErrors" classname="depify" assertions="1" time="0" status="SUCCESS"><system-out>the step should execute successfully without throwing any errors: SUCCESS</system-out>
<system-err/></testcase><testcase name="ThePackageNameShouldBeTransformXq" classname="depify" assertions="1" time="0" status="SUCCESS"><system-out>The package name should be transform.xq: SUCCESS</system-out>
<system-err/></testcase></testsuite><testsuite timestamp="2015-02-23T07:49:44.73Z" hostname="localhost" tests="2" errors="0" failures="0" skipped="0" id="d4240e1" name="repeatInstallPackageWithDefaults" package="https://github.com/depify" time="1.603">
<properties><property name="input: source" value="&lt;depify xmlns=&#34;https://github.com/depify&#34; .../&gt; (Base URI: file:///Users/jfuller/Source/2_webcomposite/depify-client/test/test.xprocspec)"/><property name="input: packages" value="&lt; xmlns=&#34;&#34; .../&gt; (Base URI: file:///Users/jfuller/Source/2_webcomposite/depify-client/test/test.xprocspec)"/>

<property name="option: command" value="install"/>
<property name="option: package" value="transform.xq"/>
<property name="option: version" value="1.0"/>

</properties>
<testcase name="theStepShouldExecuteSuccessfullyWithoutThrowingAnyErrors" classname="depify" assertions="1" time="0" status="SUCCESS"><system-out>the step should execute successfully without throwing any errors: SUCCESS</system-out>
<system-err/></testcase><testcase name="ThePackageNameShouldBeTransformXq" classname="depify" assertions="1" time="0" status="SUCCESS"><system-out>The package name should be transform.xq': SUCCESS</system-out>
<system-err/></testcase></testsuite><testsuite timestamp="2015-02-23T07:49:44.774Z" hostname="localhost" tests="2" errors="0" failures="0" skipped="0" id="d4247e1" name="removePackage" package="https://github.com/depify" time="0.036">
<properties><property name="input: source" value="&lt;depify xmlns=&#34;https://github.com/depify&#34; ...&gt;...&lt;/depify&gt; (Base URI: file:///Users/jfuller/Source/2_webcomposite/depify-client/test/test.xprocspec)"/><property name="input: packages" value="&lt; xmlns=&#34;&#34; .../&gt; (Base URI: file:///Users/jfuller/Source/2_webcomposite/depify-client/test/test.xprocspec)"/>

<property name="option: command" value="remove"/>
<property name="option: package" value="transform.xq"/>
<property name="option: version" value="1.0"/>
<property name="option: app_dir" value="."/>
<property name="option: app_dir_lib" value="lib"/>

</properties>
<testcase name="theStepShouldExecuteSuccessfullyWithoutThrowingAnyErrors" classname="depify" assertions="1" time="0" status="SUCCESS"><system-out>the step should execute successfully without throwing any errors: SUCCESS</system-out>
<system-err/></testcase><testcase name="ThePackageTransformXqShouldNotExist" classname="depify" assertions="1" time="0" status="SUCCESS"><system-out>The package transform.xq' should not exist: SUCCESS</system-out>
<system-err/></testcase></testsuite><testsuite timestamp="2015-02-23T07:49:44.811Z" hostname="localhost" tests="2" errors="0" failures="0" skipped="0" id="d4254e1" name="listInstalledPackages" package="https://github.com/depify" time="0.04">
<properties><property name="input: source" value="&lt;depify xmlns=&#34;https://github.com/depify&#34; ...&gt;...&lt;/depify&gt; (Base URI: file:///Users/jfuller/Source/2_webcomposite/depify-client/test/test.xprocspec)"/><property name="input: packages" value="&lt; xmlns=&#34;&#34; .../&gt; (Base URI: file:///Users/jfuller/Source/2_webcomposite/depify-client/test/test.xprocspec)"/>

<property name="option: command" value="list"/>
<property name="option: app_dir" value="."/>
<property name="option: app_dir_lib" value="lib"/>

</properties>
<testcase name="theStepShouldExecuteSuccessfullyWithoutThrowingAnyErrors" classname="depify" assertions="1" time="0" status="SUCCESS"><system-out>the step should execute successfully without throwing any errors: SUCCESS</system-out>
<system-err/></testcase><testcase name="ThePackageTransformXqShouldNotExist" classname="depify" assertions="1" time="0" status="SUCCESS"><system-out>The package transform.xq' should not exist: SUCCESS</system-out>
<system-err/></testcase></testsuite><testsuite timestamp="2015-02-23T07:49:44.848Z" hostname="localhost" tests="2" errors="0" failures="0" skipped="0" id="d4261e1" name="packageInfo" package="https://github.com/depify" time="0.034">
<properties><property name="input: source" value="&lt;depify xmlns=&#34;https://github.com/depify&#34; ...&gt;...&lt;/depify&gt; (Base URI: file:///Users/jfuller/Source/2_webcomposite/depify-client/test/test.xprocspec)"/><property name="input: packages" value="&lt; xmlns=&#34;&#34; .../&gt; (Base URI: file:///Users/jfuller/Source/2_webcomposite/depify-client/test/test.xprocspec)"/>

<property name="option: command" value="info"/>
<property name="option: package" value="js.ecmascript.qunit"/>
<property name="option: version" value="1.0"/>
<property name="option: app_dir" value="."/>
<property name="option: app_dir_lib" value="lib"/>

</properties>
<testcase name="theStepShouldExecuteSuccessfullyWithoutThrowingAnyErrors" classname="depify" assertions="1" time="0" status="SUCCESS"><system-out>the step should execute successfully without throwing any errors: SUCCESS</system-out>
<system-err/></testcase><testcase name="ThePackageJsEcmascriptQunitShouldBePresent" classname="depify" assertions="1" time="0" status="SUCCESS"><system-out>The package js.ecmascript.qunit should be present: SUCCESS</system-out>
<system-err/></testcase></testsuite><testsuite timestamp="2015-02-23T07:49:44.886Z" hostname="localhost" tests="1" errors="0" failures="0" skipped="0" id="d4268e1" name="installPackages" package="https://github.com/depify" time="0.039">
<properties><property name="input: source" value="&lt;depify xmlns=&#34;https://github.com/depify&#34; .../&gt; (Base URI: file:///Users/jfuller/Source/2_webcomposite/depify-client/test/test.xprocspec)"/><property name="input: packages" value="&lt; xmlns=&#34;&#34; .../&gt; (Base URI: file:///Users/jfuller/Source/2_webcomposite/depify-client/test/test.xprocspec)"/>

<property name="option: command" value="install"/>
<property name="option: package" value=""/>
<property name="option: version" value=""/>
<property name="option: app_dir" value="/tmp"/>
<property name="option: app_dir_lib" value="lib"/>

</properties>
<testcase name="theStepShouldExecuteSuccessfullyWithoutThrowingAnyErrors" classname="depify" assertions="1" time="0" status="SUCCESS"><system-out>the step should execute successfully without throwing any errors: SUCCESS</system-out>
<system-err/></testcase></testsuite></testsuites>