<t:test-suite xmlns:t='http://xproc.org/ns/testsuite'>
<t:title>Required tests (Revision 627)</t:title>
<t:test href='add-attribute-001.xml'/>
<t:test href='add-attribute-002.xml'/>
<t:test href='add-attribute-003.xml'/>
<t:test href='add-attribute-004.xml'/>
<t:test href='add-attribute-005.xml'/>
<t:test href='add-attribute-006.xml'/>
<t:test href='add-attribute-007.xml'/>
<t:test href='add-xml-base-001.xml'/>
<t:test href='add-xml-base-002.xml'/>
<t:test href='add-xml-base-003.xml'/>
<t:test href='add-xml-base-004.xml'/>
<t:test href='add-xml-base-005.xml'/>
<t:test href='add-xml-base-006.xml'/>
<t:test href='base-uri-001.xml'/>
<t:test href='base-uri-002.xml'/>
<t:test href='base-uri-003.xml'/>
<t:test href='choose-001.xml'/>
<t:test href='choose-002.xml'/>
<t:test href='choose-003.xml'/>
<t:test href='choose-004.xml'/>
<t:test href='choose-005.xml'/>
<t:test href='choose-006.xml'/>
<t:test href='choose-007.xml'/>
<t:test href='choose-008.xml'/>
<t:test href='compare-001.xml'/>
<t:test href='compare-002.xml'/>
<t:test href='compare-003.xml'/>
<t:test href='compare-004.xml'/>
<t:test href='compare-005.xml'/>
<t:test href='count-001.xml'/>
<t:test href='count-002.xml'/>
<t:test href='count-003.xml'/>
<t:test href='count-004.xml'/>
<t:test href='data-001.xml'/>
<t:test href='data-002.xml'/>
<t:test href='data-003.xml'/>
<t:test href='data-004.xml'/>
<t:test href='data-005.xml'/>
<t:test href='data-006.xml'/>
<t:test href='data-007.xml'/>
<t:test href='data-008.xml'/>
<t:test href='declare-step-001.xml'/>
<t:test href='declare-step-002.xml'/>
<t:test href='declare-step-003.xml'/>
<t:test href='declare-step-004.xml'/>
<t:test href='declare-step-005.xml'/>
<t:test href='declare-step-006.xml'/>
<t:test href='declare-step-007.xml'/>
<t:test href='declare-step-008.xml'/>
<t:test href='declare-step-009.xml'/>
<t:test href='declare-step-010.xml'/>
<t:test href='declare-step-011.xml'/>
<t:test href='delete-001.xml'/>
<t:test href='delete-002.xml'/>
<t:test href='delete-003.xml'/>
<t:test href='delete-004.xml'/>
<t:test href='delete-005.xml'/>
<t:test href='directory-list-001.xml'/>
<t:test href='directory-list-002.xml'/>
<t:test href='document-001.xml'/>
<t:test href='ebv-001.xml'/>
<t:test href='ebv-002.xml'/>
<t:test href='err-c0002-001.xml'/>
<t:test href='err-c0003-001.xml'/>
<t:test href='err-c0003-002.xml'/>
<t:test href='err-c0004-001.xml'/>
<t:test href='err-c0005-001.xml'/>
<t:test href='err-c0005-002.xml'/>
<t:test href='err-c0006-001.xml'/>
<t:test href='err-c0010-001.xml'/>
<t:test href='err-c0010-002.xml'/>
<t:test href='err-c0012-001.xml'/>
<t:test href='err-c0013-001.xml'/>
<t:test href='err-c0014-001.xml'/>
<t:test href='err-c0014-002.xml'/>
<t:test href='err-c0017-001.xml'/>
<t:test href='err-c0019-001.xml'/>
<t:test href='err-c0020-001.xml'/>
<t:test href='err-c0020-003.xml'/>
<t:test href='err-c0020-004.xml'/>
<t:test href='err-c0020-005.xml'/>
<t:test href='err-c0020-006.xml'/>
<t:test href='err-c0020-007.xml'/>
<t:test href='err-c0022-001.xml'/>
<t:test href='err-c0023-001.xml'/>
<t:test href='err-c0023-002.xml'/>
<t:test href='err-c0023-003.xml'/>
<t:test href='err-c0023-004.xml'/>
<t:test href='err-c0023-005.xml'/>
<t:test href='err-c0023-006.xml'/>
<t:test href='err-c0023-007.xml'/>
<t:test href='err-c0023-008.xml'/>
<t:test href='err-c0023-009.xml'/>
<t:test href='err-c0025-001.xml'/>
<t:test href='err-c0025-002.xml'/>
<t:test href='err-c0027-001.xml'/>
<t:test href='err-c0027-002.xml'/>
<t:test href='err-c0027-003.xml'/>
<t:test href='err-c0028-001.xml'/>
<t:test href='err-c0029-001.xml'/>
<t:test href='err-c0029-002.xml'/>
<t:test href='err-c0030-001.xml'/>
<t:test href='err-c0039-001.xml'/>
<t:test href='err-c0040-001.xml'/>
<t:test href='err-c0050-001.xml'/>
<t:test href='err-c0051-001.xml'/>
<t:test href='err-c0052-001.xml'/>
<t:test href='err-c0052-002.xml'/>
<t:test href='err-c0056-001.xml'/>
<t:test href='err-c0056-002.xml'/>
<t:test href='err-c0058-001.xml'/>
<t:test href='err-c0059-001.xml'/>
<t:test href='err-c0059-002.xml'/>
<t:test href='err-c0062-001.xml'/>
<t:test href='err-d0001-001.xml'/>
<t:test href='err-d0001-002.xml'/>
<t:test href='err-d0003-001.xml'/>
<t:test href='err-d0004-001.xml'/>
<t:test href='err-d0005-001.xml'/>
<t:test href='err-d0006-001.xml'/>
<t:test href='err-d0007-001.xml'/>
<t:test href='err-d0007-002.xml'/>
<t:test href='err-d0007-003.xml'/>
<t:test href='err-d0007-004.xml'/>
<t:test href='err-d0008-001.xml'/>
<t:test href='err-d0009-001.xml'/>
<t:test href='err-d0009-002.xml'/>
<t:test href='err-d0010-001.xml'/>
<t:test href='err-d0011-001.xml'/>
<t:test href='err-d0011-002.xml'/>
<t:test href='err-d0011-003.xml'/>
<t:test href='err-d0012-001.xml'/>
<t:test href='err-d0012-002.xml'/>
<t:test href='err-d0012-003.xml'/>
<t:test href='err-d0013-001.xml'/>
<t:test href='err-d0013-002.xml'/>
<t:test href='err-d0014-001.xml'/>
<t:test href='err-d0014-002.xml'/>
<t:test href='err-d0015-001.xml'/>
<t:test href='err-d0016-001.xml'/>
<t:test href='err-d0016-002.xml'/>
<t:test href='err-d0018-001.xml'/>
<t:test href='err-d0019-001.xml'/>
<t:test href='err-d0019-002.xml'/>
<t:test href='err-d0020-001.xml'/>
<t:test href='err-d0020-002.xml'/>
<t:test href='err-d0021-001.xml'/>
<t:test href='err-d0021-002.xml'/>
<t:test href='err-d0022-001.xml'/>
<t:test href='err-d0023-001.xml'/>
<t:test href='err-d0023-002.xml'/>
<t:test href='err-d0023-003.xml'/>
<t:test href='err-d0023-004.xml'/>
<t:test href='err-d0023-005.xml'/>
<t:test href='err-d0023-006.xml'/>
<t:test href='err-d0023-007.xml'/>
<t:test href='err-d0023-008.xml'/>
<t:test href='err-d0023-009.xml'/>
<t:test href='err-d0025-001.xml'/>
<t:test href='err-d0026-001.xml'/>
<t:test href='err-d0026-002.xml'/>
<t:test href='err-d0026-003.xml'/>
<t:test href='err-d0026-004.xml'/>
<t:test href='err-d0026-005.xml'/>
<t:test href='err-d0027-001.xml'/>
<t:test href='err-d0028-001.xml'/>
<t:test href='err-d0028-002.xml'/>
<t:test href='err-d0028-003.xml'/>
<t:test href='err-d0028-004.xml'/>
<t:test href='err-d0029-001.xml'/>
<t:test href='err-d0029-002.xml'/>
<t:test href='err-d0030-001.xml'/>
<t:test href='err-d0030-002.xml'/>
<t:test href='err-d0031-001.xml'/>
<t:test href='err-d0031-002.xml'/>
<t:test href='err-d0033-001.xml'/>
<t:test href='err-d0033-002.xml'/>
<t:test href='err-d0034-001.xml'/>
<t:test href='err-d0034-002.xml'/>
<t:test href='err-d0034-003.xml'/>
<t:test href='err-d0034-004.xml'/>
<t:test href='err-d0034-005.xml'/>
<t:test href='err-d0034-006.xml'/>
<t:test href='err-d0034-007.xml'/>
<t:test href='err-d0034-008.xml'/>
<t:test href='err-d0034-009.xml'/>
<t:test href='err-d0034-010.xml'/>
<t:test href='err-d0034-011.xml'/>
<t:test href='err-d0034-012.xml'/>
<t:test href='err-d0034-013.xml'/>
<t:test href='err-d0034-014.xml'/>
<t:test href='err-d0034-015.xml'/>
<t:test href='err-d0034-016.xml'/>
<t:test href='err-d0034-017.xml'/>
<t:test href='err-d0034-018.xml'/>
<t:test href='err-primary-001.xml'/>
<t:test href='err-s0001-001.xml'/>
<t:test href='err-s0001-002.xml'/>
<t:test href='err-s0001-003.xml'/>
<t:test href='err-s0001-004.xml'/>
<t:test href='err-s0001-005.xml'/>
<t:test href='err-s0001-006.xml'/>
<t:test href='err-s0001-007.xml'/>
<t:test href='err-s0001-008.xml'/>
<t:test href='err-s0001-010.xml'/>
<t:test href='err-s0001-011.xml'/>
<t:test href='err-s0002-001.xml'/>
<t:test href='err-s0002-002.xml'/>
<t:test href='err-s0003-001.xml'/>
<t:test href='err-s0003-002.xml'/>
<t:test href='err-s0003-004.xml'/>
<t:test href='err-s0004-001.xml'/>
<t:test href='err-s0004-002.xml'/>
<t:test href='err-s0004-003.xml'/>
<t:test href='err-s0004-004.xml'/>
<t:test href='err-s0005-001.xml'/>
<t:test href='err-s0005-002.xml'/>
<t:test href='err-s0005-003.xml'/>
<t:test href='err-s0005-004.xml'/>
<t:test href='err-s0005-005.xml'/>
<t:test href='err-s0005-006.xml'/>
<t:test href='err-s0005-007.xml'/>
<t:test href='err-s0005-008.xml'/>
<t:test href='err-s0005-009.xml'/>
<t:test href='err-s0005-010.xml'/>
<t:test href='err-s0005-011.xml'/>
<t:test href='err-s0005-012.xml'/>
<t:test href='err-s0005-013.xml'/>
<t:test href='err-s0006-001.xml'/>
<t:test href='err-s0007-001.xml'/>
<t:test href='err-s0007-002.xml'/>
<t:test href='err-s0007-003.xml'/>
<t:test href='err-s0008-001.xml'/>
<t:test href='err-s0009-001.xml'/>
<t:test href='err-s0009-002.xml'/>
<t:test href='err-s0009-004.xml'/>
<t:test href='err-s0009-005.xml'/>
<t:test href='err-s0010-001.xml'/>
<t:test href='err-s0010-002.xml'/>
<t:test href='err-s0010-003.xml'/>
<t:test href='err-s0011-001.xml'/>
<t:test href='err-s0011-002.xml'/>
<t:test href='err-s0011-003.xml'/>
<t:test href='err-s0011-004.xml'/>
<t:test href='err-s0014-001.xml'/>
<t:test href='err-s0015-001.xml'/>
<t:test href='err-s0017-001.xml'/>
<t:test href='err-s0018-001.xml'/>
<t:test href='err-s0018-002.xml'/>
<t:test href='err-s0018-003.xml'/>
<t:test href='err-s0019-001.xml'/>
<t:test href='err-s0020-001.xml'/>
<t:test href='err-s0020-002.xml'/>
<t:test href='err-s0020-003.xml'/>
<t:test href='err-s0022-001.xml'/>
<t:test href='err-s0022-002.xml'/>
<t:test href='err-s0022-003.xml'/>
<t:test href='err-s0022-004.xml'/>
<t:test href='err-s0022-005.xml'/>
<t:test href='err-s0022-006.xml'/>
<t:test href='err-s0024-001.xml'/>
<t:test href='err-s0024-002.xml'/>
<t:test href='err-s0025-001.xml'/>
<t:test href='err-s0025-002.xml'/>
<t:test href='err-s0025-003.xml'/>
<t:test href='err-s0025-004.xml'/>
<t:test href='err-s0026-001.xml'/>
<t:test href='err-s0026-002.xml'/>
<t:test href='err-s0027-001.xml'/>
<t:test href='err-s0028-001.xml'/>
<t:test href='err-s0028-002.xml'/>
<t:test href='err-s0029-001.xml'/>
<t:test href='err-s0030-001.xml'/>
<t:test href='err-s0031-001.xml'/>
<t:test href='err-s0031-002.xml'/>
<t:test href='err-s0032-001.xml'/>
<t:test href='err-s0033-001.xml'/>
<t:test href='err-s0034-001.xml'/>
<t:test href='err-s0034-002.xml'/>
<t:test href='err-s0035-001.xml'/>
<t:test href='err-s0035-002.xml'/>
<t:test href='err-s0036-001.xml'/>
<t:test href='err-s0036-002.xml'/>
<t:test href='err-s0036-003.xml'/>
<t:test href='err-s0036-004.xml'/>
<t:test href='err-s0036-005.xml'/>
<t:test href='err-s0037-001.xml'/>
<t:test href='err-s0037-002.xml'/>
<t:test href='err-s0037-003.xml'/>
<t:test href='err-s0038-001.xml'/>
<t:test href='err-s0038-002.xml'/>
<t:test href='err-s0039-001.xml'/>
<t:test href='err-s0039-002.xml'/>
<t:test href='err-s0040-001.xml'/>
<t:test href='err-s0041-001.xml'/>
<t:test href='err-s0042-001.xml'/>
<t:test href='err-s0044-001.xml'/>
<t:test href='err-s0044-002.xml'/>
<t:test href='err-s0044-003.xml'/>
<t:test href='err-s0048-001.xml'/>
<t:test href='err-s0051-001.xml'/>
<t:test href='err-s0051-002.xml'/>
<t:test href='err-s0052-001.xml'/>
<t:test href='err-s0052-002.xml'/>
<t:test href='err-s0053-001.xml'/>
<t:test href='err-s0055-001.xml'/>
<t:test href='err-s0055-002.xml'/>
<t:test href='err-s0057-001.xml'/>
<t:test href='err-s0057-002.xml'/>
<t:test href='err-s0058-001.xml'/>
<t:test href='err-s0059-001.xml'/>
<t:test href='err-s0061-001.xml'/>
<t:test href='err-s0062-001.xml'/>
<t:test href='err-s0062-002.xml'/>
<t:test href='err-s0063-001.xml'/>
<t:test href='error-001.xml'/>
<t:test href='error-002.xml'/>
<t:test href='error-003.xml'/>
<t:test href='escape-markup-001.xml'/>
<t:test href='evaluation-order-001.xml'/>
<t:test href='evaluation-order-002.xml'/>
<t:test href='evaluation-order-003.xml'/>
<t:test href='exclude-inline-prefixes-001.xml'/>
<t:test href='exclude-inline-prefixes-002.xml'/>
<t:test href='exclude-inline-prefixes-003.xml'/>
<t:test href='exclude-inline-prefixes-004.xml'/>
<t:test href='exclude-inline-prefixes-005.xml'/>
<t:test href='exclude-inline-prefixes-006.xml'/>
<t:test href='exclude-inline-prefixes-007.xml'/>
<t:test href='exclude-inline-prefixes-008.xml'/>
<t:test href='exclude-inline-prefixes-009.xml'/>
<t:test href='exclude-inline-prefixes-010.xml'/>
<t:test href='fibonacci.xml'/>
<t:test href='filter-001.xml'/>
<t:test href='filter-002.xml'/>
<t:test href='filter-003.xml'/>
<t:test href='for-each-001.xml'/>
<t:test href='for-each-002.xml'/>
<t:test href='for-each-003.xml'/>
<t:test href='for-each-004.xml'/>
<t:test href='for-each-005.xml'/>
<t:test href='for-each-006.xml'/>
<t:test href='for-each-007.xml'/>
<t:test href='for-each-008.xml'/>
<t:test href='for-each-009.xml'/>
<t:test href='for-each-010.xml'/>
<t:test href='for-each-011.xml'/>
<t:test href='for-each-012.xml'/>
<t:test href='group-001.xml'/>
<t:test href='group-002.xml'/>
<t:test href='group-003.xml'/>
<t:test href='http-request-001.xml'/>
<t:test href='http-request-002.xml'/>
<t:test href='http-request-003.xml'/>
<t:test href='http-request-004.xml'/>
<t:test href='http-request-005.xml'/>
<t:test href='http-request-006.xml'/>
<t:test href='http-request-007.xml'/>
<t:test href='http-request-008.xml'/>
<t:test href='http-request-009.xml'/>
<t:test href='http-request-010.xml'/>
<t:test href='http-request-011.xml'/>
<t:test href='http-request-012.xml'/>
<t:test href='http-request-013.xml'/>
<t:test href='http-request-014.xml'/>
<t:test href='identity-001.xml'/>
<t:test href='identity-002.xml'/>
<t:test href='identity-003.xml'/>
<t:test href='identity-004.xml'/>
<t:test href='identity-005.xml'/>
<t:test href='import-001.xml'/>
<t:test href='import-002.xml'/>
<t:test href='import-003.xml'/>
<t:test href='import-004.xml'/>
<t:test href='import-005.xml'/>
<t:test href='import-006.xml'/>
<t:test href='import-007.xml'/>
<t:test href='import-008.xml'/>
<t:test href='import-009.xml'/>
<t:test href='import-010.xml'/>
<t:test href='import-011.xml'/>
<t:test href='input-001.xml'/>
<t:test href='input-002.xml'/>
<t:test href='input-003.xml'/>
<t:test href='input-004.xml'/>
<t:test href='input-005.xml'/>
<t:test href='input-006.xml'/>
<t:test href='input-007.xml'/>
<t:test href='input-008.xml'/>
<t:test href='input-009.xml'/>
<t:test href='input-010.xml'/>
<t:test href='input-011.xml'/>
<t:test href='input-012.xml'/>
<t:test href='insert-001.xml'/>
<t:test href='insert-002.xml'/>
<t:test href='insert-003.xml'/>
<t:test href='insert-004.xml'/>
<t:test href='insert-005.xml'/>
<t:test href='insert-006.xml'/>
<t:test href='insert-007.xml'/>
<t:test href='insert-008.xml'/>
<t:test href='insert-009.xml'/>
<t:test href='insert-010.xml'/>
<t:test href='iteration-001.xml'/>
<t:test href='iteration-002.xml'/>
<t:test href='labelelements-001.xml'/>
<t:test href='labelelements-002.xml'/>
<t:test href='labelelements-003.xml'/>
<t:test href='labelelements-004.xml'/>
<t:test href='labelelements-005.xml'/>
<t:test href='labelelements-006.xml'/>
<t:test href='labelelements-007.xml'/>
<t:test href='labelelements-008.xml'/>
<t:test href='labelelements-009.xml'/>
<t:test href='labelelements-010.xml'/>
<t:test href='labelelements-011.xml'/>
<t:test href='load-001.xml'/>
<t:test href='load-002.xml'/>
<t:test href='load-003.xml'/>
<t:test href='load-004.xml'/>
<t:test href='log-001.xml'/>
<t:test href='log-002.xml'/>
<t:test href='make-absolute-uris-001.xml'/>
<t:test href='make-absolute-uris-002.xml'/>
<t:test href='make-absolute-uris-003.xml'/>
<t:test href='make-sequence.xml'/>
<t:test href='multipart-001.xml'/>
<t:test href='multipart-002.xml'/>
<t:test href='multipart-003.xml'/>
<t:test href='multipart-004.xml'/>
<t:test href='multipart-005.xml'/>
<t:test href='namespace-rename-001.xml'/>
<t:test href='namespace-rename-002.xml'/>
<t:test href='namespace-rename-003.xml'/>
<t:test href='namespace-rename-004.xml'/>
<t:test href='namespace-rename-005.xml'/>
<t:test href='namespace-rename-006.xml'/>
<t:test href='namespace-rename-007.xml'/>
<t:test href='namespace-rename-008.xml'/>
<t:test href='namespace-rename-009.xml'/>
<t:test href='namespace-rename-010.xml'/>
<t:test href='namespace-rename-011.xml'/>
<t:test href='namespace-rename-012.xml'/>
<t:test href='namespace-rename-013.xml'/>
<t:test href='namespace-rename-014.xml'/>
<t:test href='namespace-rename-015.xml'/>
<t:test href='namespace-rename-016.xml'/>
<t:test href='namespace-rename-017.xml'/>
<t:test href='namespaces-001.xml'/>
<t:test href='namespaces-002.xml'/>
<t:test href='namespaces-003.xml'/>
<t:test href='namespaces-004.xml'/>
<t:test href='namespaces-005.xml'/>
<t:test href='namespaces-006.xml'/>
<t:test href='namespaces-007.xml'/>
<t:test href='namespaces-008.xml'/>
<t:test href='namespaces-009.xml'/>
<t:test href='namespaces-010.xml'/>
<t:test href='nested-pipeline-001.xml'/>
<t:test href='option-001.xml'/>
<t:test href='option-002.xml'/>
<t:test href='option-004.xml'/>
<t:test href='output-001.xml'/>
<t:test href='output-002.xml'/>
<t:test href='pack-001.xml'/>
<t:test href='pack-002.xml'/>
<t:test href='pack-003.xml'/>
<t:test href='pack-004.xml'/>
<t:test href='pack-005.xml'/>
<t:test href='pack-006.xml'/>
<t:test href='param-001.xml'/>
<t:test href='param-002.xml'/>
<t:test href='param-003.xml'/>
<t:test href='param-004.xml'/>
<t:test href='param-005.xml'/>
<t:test href='parameters-001.xml'/>
<t:test href='parameters-002.xml'/>
<t:test href='pipe-001.xml'/>
<t:test href='pipeinfo-001.xml'/>
<t:test href='preserve-base-uri-001.xml'/>
<t:test href='preserve-base-uri-002.xml'/>
<t:test href='rename-001.xml'/>
<t:test href='rename-002.xml'/>
<t:test href='rename-003.xml'/>
<t:test href='rename-004.xml'/>
<t:test href='rename-005.xml'/>
<t:test href='rename-006.xml'/>
<t:test href='rename-007.xml'/>
<t:test href='replace-001.xml'/>
<t:test href='resolve-uri-001.xml'/>
<t:test href='resolve-uri-002.xml'/>
<t:test href='set-attributes-001.xml'/>
<t:test href='set-attributes-002.xml'/>
<t:test href='sink-001.xml'/>
<t:test href='sink-002.xml'/>
<t:test href='sink-003.xml'/>
<t:test href='split-sequence-001.xml'/>
<t:test href='split-sequence-002.xml'/>
<t:test href='split-sequence-003.xml'/>
<t:test href='split-sequence-004.xml'/>
<t:test href='split-sequence-005.xml'/>
<t:test href='split-sequence-006.xml'/>
<t:test href='split-sequence-007.xml'/>
<t:test href='step-available-001.xml'/>
<t:test href='step-available-002.xml'/>
<t:test href='step-available-003.xml'/>
<t:test href='step-available-004.xml'/>
<t:test href='step-available-005.xml'/>
<t:test href='step-available-006.xml'/>
<t:test href='store-001.xml'/>
<t:test href='string-replace-001.xml'/>
<t:test href='string-replace-002.xml'/>
<t:test href='string-replace-003.xml'/>
<t:test href='string-replace-004.xml'/>
<t:test href='string-replace-005.xml'/>
<t:test href='system-property-001.xml'/>
<t:test href='system-property-002.xml'/>
<t:test href='try-001.xml'/>
<t:test href='try-002.xml'/>
<t:test href='try-003.xml'/>
<t:test href='try-004.xml'/>
<t:test href='try-005.xml'/>
<t:test href='try-006.xml'/>
<t:test href='unescapemarkup-001.xml'/>
<t:test href='unescapemarkup-002.xml'/>
<t:test href='unescapemarkup-003.xml'/>
<t:test href='unescapemarkup-004.xml'/>
<t:test href='unescapemarkup-005.xml'/>
<t:test href='unescapemarkup-006.xml'/>
<t:test href='unescapemarkup-007.xml'/>
<t:test href='unwrap-001.xml'/>
<t:test href='unwrap-002.xml'/>
<t:test href='use-when-001.xml'/>
<t:test href='use-when-002.xml'/>
<t:test href='use-when-003.xml'/>
<t:test href='use-when-004.xml'/>
<t:test href='value-available-001.xml'/>
<t:test href='value-available-002.xml'/>
<t:test href='value-available-003.xml'/>
<t:test href='value-available-004.xml'/>
<t:test href='value-available-005.xml'/>
<t:test href='value-available-006.xml'/>
<t:test href='variable-001.xml'/>
<t:test href='variable-002.xml'/>
<t:test href='variable-003.xml'/>
<t:test href='variable-004.xml'/>
<t:test href='variable-005.xml'/>
<t:test href='variable-006.xml'/>
<t:test href='variable-007.xml'/>
<t:test href='variable-008.xml'/>
<t:test href='version-available-001.xml'/>
<t:test href='version-available-002.xml'/>
<t:test href='versioning-001.xml'/>
<t:test href='versioning-002.xml'/>
<t:test href='versioning-003.xml'/>
<t:test href='versioning-004.xml'/>
<t:test href='versioning-005.xml'/>
<t:test href='versioning-006.xml'/>
<t:test href='versioning-007.xml'/>
<t:test href='viewport-001.xml'/>
<t:test href='viewport-002.xml'/>
<t:test href='viewport-003.xml'/>
<t:test href='viewport-004.xml'/>
<t:test href='viewport-005.xml'/>
<t:test href='viewport-006.xml'/>
<t:test href='viewport-007.xml'/>
<t:test href='viewport-008.xml'/>
<t:test href='viewport-009.xml'/>
<t:test href='viewport-010.xml'/>
<t:test href='viewport-011.xml'/>
<t:test href='wrap-001.xml'/>
<t:test href='wrap-002.xml'/>
<t:test href='wrap-003.xml'/>
<t:test href='wrap-004.xml'/>
<t:test href='wrap-005.xml'/>
<t:test href='wrap-006.xml'/>
<t:test href='wrap-007.xml'/>
<t:test href='wrap-008.xml'/>
<t:test href='wrap-009.xml'/>
<t:test href='wrap-010.xml'/>
<t:test href='wrap-011.xml'/>
<t:test href='wrap-sequence-001.xml'/>
<t:test href='wrap-sequence-002.xml'/>
<t:test href='wrap-sequence-003.xml'/>
<t:test href='wrap-sequence-004.xml'/>
<t:test href='wrap-sequence-005.xml'/>
<t:test href='xinclude-001.xml'/>
<t:test href='xinclude-002.xml'/>
<t:test href='xinclude-003.xml'/>
<t:test href='xinclude-004.xml'/>
<t:test href='xinclude-005.xml'/>
<t:test href='xml-id-001.xml'/>
<t:test href='xml-id-002.xml'/>
<t:test href='xpath-version-available-001.xml'/>
<t:test href='xpath-version-available-002.xml'/>
<t:test href='xslt-001.xml'/>
<t:test href='xslt-002.xml'/>
<t:test href='xslt-003.xml'/>
<t:test href='xslt-004.xml'/>
<t:test href='xslt-005.xml'/>
<t:test href='xslt-006.xml'/>
</t:test-suite>
