<t:test-suite xmlns:t='http://xproc.org/ns/testsuite'>
<t:title>Optional tests (Revision 627)</t:title>
<t:test href='err-c0033-001.xml'/>
<t:test href='err-c0034-001.xml'/>
<t:test href='err-c0035-001.xml'/>
<t:test href='err-c0035-002.xml'/>
<t:test href='err-c0036-001.xml'/>
<t:test href='err-c0036-002.xml'/>
<t:test href='err-c0036-003.xml'/>
<t:test href='err-c0036-004.xml'/>
<t:test href='err-c0036-005.xml'/>
<t:test href='err-c0037-001.xml'/>
<t:test href='err-c0037-002.xml'/>
<t:test href='err-c0037-003.xml'/>
<t:test href='err-c0053-001.xml'/>
<t:test href='err-c0053-002.xml'/>
<t:test href='err-c0053-003.xml'/>
<t:test href='err-c0053-004.xml'/>
<t:test href='err-c0054-001.xml'/>
<t:test href='err-c0057-001.xml'/>
<t:test href='err-c0060-001.xml'/>
<t:test href='err-c0061-001.xml'/>
<t:test href='err-c0063-001.xml'/>
<t:test href='err-c0063-002.xml'/>
<t:test href='err-c0064-001.xml'/>
<t:test href='err-c0066-001.xml'/>
<t:test href='err-c0066-002.xml'/>
<t:test href='exec-001.xml'/>
<t:test href='exec-002.xml'/>
<t:test href='exec-003.xml'/>
<t:test href='exec-004.xml'/>
<t:test href='exec-005.xml'/>
<t:test href='exec-006.xml'/>
<t:test href='exec-007.xml'/>
<t:test href='exec-008.xml'/>
<t:test href='exec-009.xml'/>
<t:test href='exec-010.xml'/>
<t:test href='exec-011.xml'/>
<t:test href='exec-012.xml'/>
<t:test href='exec-013.xml'/>
<t:test href='exec-014.xml'/>
<t:test href='exec-015.xml'/>
<t:test href='exec-016.xml'/>
<t:test href='exec-017.xml'/>
<t:test href='hash-001.xml'/>
<t:test href='hash-002.xml'/>
<t:test href='hash-003.xml'/>
<t:test href='hash-004.xml'/>
<t:test href='hash-005.xml'/>
<t:test href='hash-006.xml'/>
<t:test href='in-scope-names-001.xml'/>
<t:test href='in-scope-names-002.xml'/>
<t:test href='psvi-required-001.xml'/>
<t:test href='template-001.xml'/>
<t:test href='template-002.xml'/>
<t:test href='template-003.xml'/>
<t:test href='template-004.xml'/>
<t:test href='template-005.xml'/>
<t:test href='template-006.xml'/>
<t:test href='template-007.xml'/>
<t:test href='template-008.xml'/>
<t:test href='template-009.xml'/>
<t:test href='template-010.xml'/>
<t:test href='template-011.xml'/>
<t:test href='template-012.xml'/>
<t:test href='template-013.xml'/>
<t:test href='template-014.xml'/>
<t:test href='template-015.xml'/>
<t:test href='template-016.xml'/>
<t:test href='template-017.xml'/>
<t:test href='template-018.xml'/>
<t:test href='uuid-001.xml'/>
<t:test href='validrng-001.xml'/>
<t:test href='validrng-002.xml'/>
<t:test href='validrng-003.xml'/>
<t:test href='validrng-004.xml'/>
<t:test href='validrng-005.xml'/>
<t:test href='validrng-006.xml'/>
<t:test href='validrng-008.xml'/>
<t:test href='validrng-009.xml'/>
<t:test href='validsch-001.xml'/>
<t:test href='validsch-002.xml'/>
<t:test href='validsch-003.xml'/>
<t:test href='validsch-004.xml'/>
<t:test href='validsch-005.xml'/>
<t:test href='validxsd-001.xml'/>
<t:test href='validxsd-002.xml'/>
<t:test href='validxsd-003.xml'/>
<t:test href='validxsd-004.xml'/>
<t:test href='validxsd-005.xml'/>
<t:test href='validxsd-006.xml'/>
<t:test href='validxsd-007.xml'/>
<t:test href='validxsd-008.xml'/>
<t:test href='validxsd-009.xml'/>
<t:test href='validxsd-010.xml'/>
<t:test href='validxsd-011.xml'/>
<t:test href='validxsd-012.xml'/>
<t:test href='validxsd-013.xml'/>
<t:test href='www-form-urldecode-001.xml'/>
<t:test href='www-form-urlencode-001.xml'/>
<t:test href='xinclude-001.xml'/>
<t:test href='xinclude-002.xml'/>
<t:test href='xinclude-003.xml'/>
<t:test href='xinclude-004.xml'/>
<t:test href='xinclude-005.xml'/>
<t:test href='xinclude-006.xml'/>
<t:test href='xquery-001.xml'/>
<t:test href='xquery-002.xml'/>
<t:test href='xquery-003.xml'/>
<t:test href='xquery-004.xml'/>
<t:test href='xquery-005.xml'/>
<t:test href='xquery-006.xml'/>
<t:test href='xsl-formatter-001.xml'/>
<t:test href='xslt2-001.xml'/>
<t:test href='xslt2-002.xml'/>
<t:test href='xslt2-003.xml'/>
</t:test-suite>
